[2026-06-14 04:35:43,230] ?Lion Heart Knight?????????????
[2026-06-14 04:35:43,241] (????) ???1200;????7574587/7574587

[2026-06-14 04:35:43,476] ????????[d1806f2b-c67b-4e48-8e65-e94548e56e23]->[e71ff1d3-80d1-480c-b821-c57bc6fc9b91]
[2026-06-14 04:35:43,476] ??????????????Lion Heart Knight
[2026-06-14 04:35:44,230] (????) ???1200;????7574587/7574587

[2026-06-14 04:35:44,247] >>>>>[Lion Heart Knight]?????BEGIN??(Boss Melee Attack), ??=NormalATK, ???????, ?????4
[2026-06-14 04:35:44,247] >>>>>[Lion Heart Knight]?????(????), ????[18,25]; ????[14,25]
[2026-06-14 04:35:44,248] ?????????1
[2026-06-14 04:35:44,248] >>>>???(Lion Heart Knight) -> (????) ?????100, ?????0, ?????0, ??XP???false
[2026-06-14 04:35:44,248] ?????????(BUFF?)?hit:0,crit:0,critInjure:0,dodge:0,ignoreCrit:0,ignoreCritInjure:0,critBoss:0,critInjureBoss:0
[2026-06-14 04:35:44,248] ?????????(BUFF?)?hit:60,crit:288,critInjure:640,dodge:15,ignoreCrit:0,ignoreCritInjure:0,critBoss:280,critInjureBoss:0
[2026-06-14 04:35:44,248] ?????????(BUFF?)?hit:0,crit:0,critInjure:0,dodge:0,ignoreCrit:0,ignoreCritInjure:0,critBoss:0,critInjureBoss:0
[2026-06-14 04:35:44,248] ?????????(BUFF?)?hit:60,crit:288,critInjure:640,dodge:15,ignoreCrit:0,ignoreCritInjure:0,critBoss:280,critInjureBoss:0
[2026-06-14 04:35:44,248] ?????????(BUFF?)?maxPAtk:350,maxPDef:50,maxMDef:50,ignorePDef:0,ignoreMDef:0,injureAdd:0,injureIgnore:0,injureAddBoss:0
[2026-06-14 04:35:44,248] ?????????(BUFF?)?maxPAtk:574556,maxPDef:335667,maxMDef:307900,ignorePDef:923,ignoreMDef:1836,injureAdd:0,injureIgnore:1000,injureAddBoss:200
[2026-06-14 04:35:44,248] ?????????(BUFF?)?maxPAtk:350,maxPDef:50,maxMDef:50,ignorePDef:0,ignoreMDef:0,injureAdd:0,injureIgnore:0,injureAddBoss:0
[2026-06-14 04:35:44,248] ?????????(BUFF?)?maxPAtk:574556,maxPDef:335667,maxMDef:307900,ignorePDef:923,ignoreMDef:1836,injureAdd:0,injureIgnore:1000,injureAddBoss:200
[2026-06-14 04:35:44,248] ?????1
[2026-06-14 04:35:44,248] ??????BUFF???1
[2026-06-14 04:35:44,248] (????,d1806f2b-c67b-4e48-8e65-e94548e56e23) ???1;????7574586/7574587
[2026-06-14 04:35:44,248] =========[Lion Heart Knight]?????END??(Boss Melee Attack)


[2026-06-14 04:35:44,310] ????????[bd0d352c-abdf-4576-a426-08b6080bd21e]->[e71ff1d3-80d1-480c-b821-c57bc6fc9b91],?????[1201]
[2026-06-14 04:35:44,310] ??????????[Otherworld Elf Ruila,bd0d352c-abdf-4576-a426-08b6080bd21e]->[Lion Heart Knight,e71ff1d3-80d1-480c-b821-c57bc6fc9b91],?????[1201]

[2026-06-14 04:35:44,310] >>>>>[Otherworld Elf Ruila]?????BEGIN??(Fireball), ??=Single Target ATK, uses Magic's power to form a fireball, targeting Single target,deal|C:0x34E22C&T:100%+100|T:Magic Damage., ???Lion Heart Knight, ?????2
[2026-06-14 04:35:44,310] >>>>>[Otherworld Elf Ruila]?????(Lion Heart Knight), ????[14,25]; ????[18,25]
[2026-06-14 04:35:44,310] ?????????1
[2026-06-14 04:35:44,310] >>>>???(Otherworld Elf Ruila) -> (Lion Heart Knight) ?????100, ?????100, ?????1, ??XP???false
[2026-06-14 04:35:44,310] ?????????(BUFF?)?hit:0,crit:0,critInjure:280,dodge:0,ignoreCrit:0,ignoreCritInjure:0,critBoss:280,critInjureBoss:0
[2026-06-14 04:35:44,310] ?????????(BUFF?)?hit:0,crit:0,critInjure:0,dodge:0,ignoreCrit:0,ignoreCritInjure:0,critBoss:0,critInjureBoss:0
[2026-06-14 04:35:44,310] ?????????(BUFF?)?hit:0,crit:0,critInjure:280,dodge:0,ignoreCrit:0,ignoreCritInjure:0,critBoss:280,critInjureBoss:0
[2026-06-14 04:35:44,310] ?????????(BUFF?)?hit:0,crit:0,critInjure:0,dodge:0,ignoreCrit:0,ignoreCritInjure:0,critBoss:0,critInjureBoss:0
[2026-06-14 04:35:44,310] ?????????(BUFF?)?maxPAtk:111626,maxPDef:68452,maxMDef:37760,ignorePDef:0,ignoreMDef:6887,injureAdd:0,injureIgnore:0,injureAddBoss:200
[2026-06-14 04:35:44,310] ?????????(BUFF?)?maxPAtk:350,maxPDef:50,maxMDef:50,ignorePDef:0,ignoreMDef:0,injureAdd:0,injureIgnore:0,injureAddBoss:0
[2026-06-14 04:35:44,310] ?????????(BUFF?)?maxPAtk:111626,maxPDef:68452,maxMDef:37760,ignorePDef:0,ignoreMDef:6887,injureAdd:0,injureIgnore:0,injureAddBoss:200
[2026-06-14 04:35:44,310] ?????????(BUFF?)?maxPAtk:350,maxPDef:50,maxMDef:50,ignorePDef:0,ignoreMDef:0,injureAdd:0,injureIgnore:0,injureAddBoss:0
[2026-06-14 04:35:44,310] ?????113958
[2026-06-14 04:35:44,310] ??????BUFF???113958
[2026-06-14 04:35:44,310] (Lion Heart Knight,e71ff1d3-80d1-480c-b821-c57bc6fc9b91) ???113958;????286042/400000
[2026-06-14 04:35:44,311] =========[Otherworld Elf Ruila]?????END??(Fireball)


[2026-06-14 04:35:44,311] ????????[ebc35acd-9d47-43c8-b6d6-2e231c80d600]->[e71ff1d3-80d1-480c-b821-c57bc6fc9b91],?????[1201]
[2026-06-14 04:35:44,311] ??????????[?????,ebc35acd-9d47-43c8-b6d6-2e231c80d600]->[Lion Heart Knight,e71ff1d3-80d1-480c-b821-c57bc6fc9b91],?????[1201]

[2026-06-14 04:35:44,311] >>>>>[?????]?????BEGIN??(Fireball), ??=Single Target ATK, uses Magic's power to form a fireball, targeting Single target,deal|C:0x34E22C&T:100%+100|T:Magic Damage., ???Lion Heart Knight, ?????2
[2026-06-14 04:35:44,311] >>>>>[?????]?????(Lion Heart Knight), ????[14,25]; ????[18,25]
[2026-06-14 04:35:44,311] ?????????1
[2026-06-14 04:35:44,311] >>>>???(?????) -> (Lion Heart Knight) ?????100, ?????100, ?????1, ??XP???false
[2026-06-14 04:35:44,311] ?????????(BUFF?)?hit:0,crit:0,critInjure:280,dodge:0,ignoreCrit:0,ignoreCritInjure:0,critBoss:280,critInjureBoss:0
[2026-06-14 04:35:44,311] ?????????(BUFF?)?hit:0,crit:0,critInjure:0,dodge:0,ignoreCrit:0,ignoreCritInjure:0,critBoss:0,critInjureBoss:0
[2026-06-14 04:35:44,311] ?????????(BUFF?)?hit:0,crit:0,critInjure:280,dodge:0,ignoreCrit:0,ignoreCritInjure:0,critBoss:280,critInjureBoss:0
[2026-06-14 04:35:44,311] ?????????(BUFF?)?hit:0,crit:0,critInjure:0,dodge:0,ignoreCrit:0,ignoreCritInjure:0,critBoss:0,critInjureBoss:0
[2026-06-14 04:35:44,311] ?????????(BUFF?)?maxPAtk:157818,maxPDef:88418,maxMDef:66001,ignorePDef:0,ignoreMDef:35218,injureAdd:100,injureIgnore:0,injureAddBoss:200
[2026-06-14 04:35:44,311] ?????????(BUFF?)?maxPAtk:350,maxPDef:50,maxMDef:50,ignorePDef:0,ignoreMDef:0,injureAdd:0,injureIgnore:0,injureAddBoss:0
[2026-06-14 04:35:44,311] ?????????(BUFF?)?maxPAtk:157818,maxPDef:88418,maxMDef:66001,ignorePDef:0,ignoreMDef:35218,injureAdd:100,injureIgnore:0,injureAddBoss:200
[2026-06-14 04:35:44,311] ?????????(BUFF?)?maxPAtk:350,maxPDef:50,maxMDef:50,ignorePDef:0,ignoreMDef:0,injureAdd:0,injureIgnore:0,injureAddBoss:0
[2026-06-14 04:35:44,311] ?????162652
[2026-06-14 04:35:44,311] ??????BUFF???162652
[2026-06-14 04:35:44,311] (Lion Heart Knight,e71ff1d3-80d1-480c-b821-c57bc6fc9b91) ???162652;????123390/400000
[2026-06-14 04:35:44,311] =========[?????]?????END??(Fireball)


[2026-06-14 04:35:44,421] ????????[d1806f2b-c67b-4e48-8e65-e94548e56e23]->[e71ff1d3-80d1-480c-b821-c57bc6fc9b91],?????[9]
[2026-06-14 04:35:44,421] ??????????[????,d1806f2b-c67b-4e48-8e65-e94548e56e23]->[Lion Heart Knight,e71ff1d3-80d1-480c-b821-c57bc6fc9b91],?????[9]

[2026-06-14 04:35:44,421] >>>>>[????]?????BEGIN??(Giant Rock Holy Shield), ??=Support Skill, applies Shield Reduction of|C:0x34E22C&T:20%|T: damage value, for|C:0x34E22C&T:5|T:s, upon breaking, targets surrounding enemies, dealing|C:0x34E22C&T:120%+{0}|T:Magic Damage, ???????, ?????0
[2026-06-14 04:35:44,421] [????]??BUFF?(Giant Rock Holy Shield[3201]), ????=5000, ??=2000
[2026-06-14 04:35:44,421] [????]?????1514917
[2026-06-14 04:35:44,422] =========[????]???????????(Giant Rock Holy Shield)

[2026-06-14 04:35:44,487] ????????[????],posX=15,posY=25

[2026-06-14 04:35:44,646] ????????[65b226f4-3d1c-4a60-838c-6aa6fda1c644]->[e71ff1d3-80d1-480c-b821-c57bc6fc9b91],?????[1201]
[2026-06-14 04:35:44,646] ??????????[?????,65b226f4-3d1c-4a60-838c-6aa6fda1c644]->[Lion Heart Knight,e71ff1d3-80d1-480c-b821-c57bc6fc9b91],?????[1201]

[2026-06-14 04:35:44,646] >>>>>[?????]?????BEGIN??(Fireball), ??=Single Target ATK, uses Magic's power to form a fireball, targeting Single target,deal|C:0x34E22C&T:100%+100|T:Magic Damage., ???Lion Heart Knight, ?????2
[2026-06-14 04:35:44,646] >>>>>[?????]?????(Lion Heart Knight), ????[14,25]; ????[18,25]
[2026-06-14 04:35:44,646] ?????????1
[2026-06-14 04:35:44,646] >>>>???(?????) -> (Lion Heart Knight) ?????100, ?????100, ?????1, ??XP???false
[2026-06-14 04:35:44,646] ?????????(BUFF?)?hit:0,crit:0,critInjure:280,dodge:0,ignoreCrit:0,ignoreCritInjure:0,critBoss:280,critInjureBoss:0
[2026-06-14 04:35:44,646] ?????????(BUFF?)?hit:0,crit:0,critInjure:0,dodge:0,ignoreCrit:0,ignoreCritInjure:0,critBoss:0,critInjureBoss:0
[2026-06-14 04:35:44,646] ?????????(BUFF?)?hit:0,crit:0,critInjure:280,dodge:0,ignoreCrit:0,ignoreCritInjure:0,critBoss:280,critInjureBoss:0
[2026-06-14 04:35:44,646] ?????????(BUFF?)?hit:0,crit:0,critInjure:0,dodge:0,ignoreCrit:0,ignoreCritInjure:0,critBoss:0,critInjureBoss:0
[2026-06-14 04:35:44,646] ?????????(BUFF?)?maxPAtk:111567,maxPDef:64884,maxMDef:39246,ignorePDef:0,ignoreMDef:5907,injureAdd:0,injureIgnore:0,injureAddBoss:200
[2026-06-14 04:35:44,646] ?????????(BUFF?)?maxPAtk:350,maxPDef:50,maxMDef:50,ignorePDef:0,ignoreMDef:0,injureAdd:0,injureIgnore:0,injureAddBoss:0
[2026-06-14 04:35:44,646] ?????????(BUFF?)?maxPAtk:111567,maxPDef:64884,maxMDef:39246,ignorePDef:0,ignoreMDef:5907,injureAdd:0,injureIgnore:0,injureAddBoss:200
[2026-06-14 04:35:44,646] ?????????(BUFF?)?maxPAtk:350,maxPDef:50,maxMDef:50,ignorePDef:0,ignoreMDef:0,injureAdd:0,injureIgnore:0,injureAddBoss:0
[2026-06-14 04:35:44,646] ??~~
[2026-06-14 04:35:44,646] ?????173983
[2026-06-14 04:35:44,646] ??????BUFF???173983
[2026-06-14 04:35:44,646] (Lion Heart Knight,e71ff1d3-80d1-480c-b821-c57bc6fc9b91) ???173983;????0/400000
[2026-06-14 04:35:44,647] ???(????,d1806f2b-c67b-4e48-8e65-e94548e56e23) ??????: objectId=e71ff1d3-80d1-480c-b821-c57bc6fc9b91,status=0
[2026-06-14 04:35:44,650] (Lion Heart Knight,e71ff1d3-80d1-480c-b821-c57bc6fc9b91) ?????1781382944650
[2026-06-14 04:35:44,650] =========[?????]?????END??(Fireball)

[2026-06-14 04:35:45,231] (????) ???1200;????7574587/7574587
[2026-06-14 04:35:45,647] ???(????,d1806f2b-c67b-4e48-8e65-e94548e56e23) ????? : [e71ff1d3-80d1-480c-b821-c57bc6fc9b91]
[2026-06-14 04:37:34,094] ?Lion Heart Knight?????????????
[2026-06-14 04:37:34,094] (????) ???1200;????7574587/7574587

[2026-06-14 04:37:34,229] ????????[d1806f2b-c67b-4e48-8e65-e94548e56e23]->[ca493002-04cf-458e-9e93-b7367c77c750]
[2026-06-14 04:37:34,229] ??????????????Lion Heart Knight
[2026-06-14 04:37:34,286] ????????[????],posX=15,posY=24
[2026-06-14 04:37:34,645] ????????[????],posX=16,posY=24

[2026-06-14 04:37:34,695] ????????[bd0d352c-abdf-4576-a426-08b6080bd21e]->[ca493002-04cf-458e-9e93-b7367c77c750],?????[1201]
[2026-06-14 04:37:34,695] ??????????[Otherworld Elf Ruila,bd0d352c-abdf-4576-a426-08b6080bd21e]->[Lion Heart Knight,ca493002-04cf-458e-9e93-b7367c77c750],?????[1201]

[2026-06-14 04:37:34,695] >>>>>[Otherworld Elf Ruila]?????BEGIN??(Fireball), ??=Single Target ATK, uses Magic's power to form a fireball, targeting Single target,deal|C:0x34E22C&T:100%+100|T:Magic Damage., ???Lion Heart Knight, ?????2
[2026-06-14 04:37:34,695] >>>>>[Otherworld Elf Ruila]?????(Lion Heart Knight), ????[14,25]; ????[18,25]
[2026-06-14 04:37:34,695] ?????????1
[2026-06-14 04:37:34,695] >>>>???(Otherworld Elf Ruila) -> (Lion Heart Knight) ?????100, ?????100, ?????1, ??XP???false
[2026-06-14 04:37:34,695] ?????????(BUFF?)?hit:0,crit:0,critInjure:280,dodge:0,ignoreCrit:0,ignoreCritInjure:0,critBoss:280,critInjureBoss:0
[2026-06-14 04:37:34,695] ?????????(BUFF?)?hit:0,crit:0,critInjure:0,dodge:0,ignoreCrit:0,ignoreCritInjure:0,critBoss:0,critInjureBoss:0
[2026-06-14 04:37:34,695] ?????????(BUFF?)?hit:0,crit:0,critInjure:280,dodge:0,ignoreCrit:0,ignoreCritInjure:0,critBoss:280,critInjureBoss:0
[2026-06-14 04:37:34,695] ?????????(BUFF?)?hit:0,crit:0,critInjure:0,dodge:0,ignoreCrit:0,ignoreCritInjure:0,critBoss:0,critInjureBoss:0
[2026-06-14 04:37:34,695] ?????????(BUFF?)?maxPAtk:111626,maxPDef:68452,maxMDef:37760,ignorePDef:0,ignoreMDef:6887,injureAdd:0,injureIgnore:0,injureAddBoss:200
[2026-06-14 04:37:34,695] ?????????(BUFF?)?maxPAtk:350,maxPDef:50,maxMDef:50,ignorePDef:0,ignoreMDef:0,injureAdd:0,injureIgnore:0,injureAddBoss:0
[2026-06-14 04:37:34,695] ?????????(BUFF?)?maxPAtk:111626,maxPDef:68452,maxMDef:37760,ignorePDef:0,ignoreMDef:6887,injureAdd:0,injureIgnore:0,injureAddBoss:200
[2026-06-14 04:37:34,695] ?????????(BUFF?)?maxPAtk:350,maxPDef:50,maxMDef:50,ignorePDef:0,ignoreMDef:0,injureAdd:0,injureIgnore:0,injureAddBoss:0
[2026-06-14 04:37:34,695] ?????113958
[2026-06-14 04:37:34,695] ??????BUFF???113958
[2026-06-14 04:37:34,695] (Lion Heart Knight,ca493002-04cf-458e-9e93-b7367c77c750) ???113958;????286042/400000
[2026-06-14 04:37:34,695] =========[Otherworld Elf Ruila]?????END??(Fireball)


[2026-06-14 04:37:35,020] ????????[ebc35acd-9d47-43c8-b6d6-2e231c80d600]->[ca493002-04cf-458e-9e93-b7367c77c750],?????[1201]
[2026-06-14 04:37:35,020] ??????????[?????,ebc35acd-9d47-43c8-b6d6-2e231c80d600]->[Lion Heart Knight,ca493002-04cf-458e-9e93-b7367c77c750],?????[1201]

[2026-06-14 04:37:35,020] >>>>>[?????]?????BEGIN??(Fireball), ??=Single Target ATK, uses Magic's power to form a fireball, targeting Single target,deal|C:0x34E22C&T:100%+100|T:Magic Damage., ???Lion Heart Knight, ?????2
[2026-06-14 04:37:35,020] >>>>>[?????]?????(Lion Heart Knight), ????[14,25]; ????[18,25]
[2026-06-14 04:37:35,020] ?????????1
[2026-06-14 04:37:35,020] >>>>???(?????) -> (Lion Heart Knight) ?????100, ?????100, ?????1, ??XP???false
[2026-06-14 04:37:35,020] ?????????(BUFF?)?hit:0,crit:0,critInjure:280,dodge:0,ignoreCrit:0,ignoreCritInjure:0,critBoss:280,critInjureBoss:0
[2026-06-14 04:37:35,020] ?????????(BUFF?)?hit:0,crit:0,critInjure:0,dodge:0,ignoreCrit:0,ignoreCritInjure:0,critBoss:0,critInjureBoss:0
[2026-06-14 04:37:35,020] ?????????(BUFF?)?hit:0,crit:0,critInjure:280,dodge:0,ignoreCrit:0,ignoreCritInjure:0,critBoss:280,critInjureBoss:0
[2026-06-14 04:37:35,020] ?????????(BUFF?)?hit:0,crit:0,critInjure:0,dodge:0,ignoreCrit:0,ignoreCritInjure:0,critBoss:0,critInjureBoss:0
[2026-06-14 04:37:35,020] ?????????(BUFF?)?maxPAtk:157818,maxPDef:88418,maxMDef:66001,ignorePDef:0,ignoreMDef:35218,injureAdd:100,injureIgnore:0,injureAddBoss:200
[2026-06-14 04:37:35,020] ?????????(BUFF?)?maxPAtk:350,maxPDef:50,maxMDef:50,ignorePDef:0,ignoreMDef:0,injureAdd:0,injureIgnore:0,injureAddBoss:0
[2026-06-14 04:37:35,020] ?????????(BUFF?)?maxPAtk:157818,maxPDef:88418,maxMDef:66001,ignorePDef:0,ignoreMDef:35218,injureAdd:100,injureIgnore:0,injureAddBoss:200
[2026-06-14 04:37:35,020] ?????????(BUFF?)?maxPAtk:350,maxPDef:50,maxMDef:50,ignorePDef:0,ignoreMDef:0,injureAdd:0,injureIgnore:0,injureAddBoss:0
[2026-06-14 04:37:35,020] ?????162652
[2026-06-14 04:37:35,020] ??????BUFF???162652
[2026-06-14 04:37:35,020] (Lion Heart Knight,ca493002-04cf-458e-9e93-b7367c77c750) ???162652;????123390/400000
[2026-06-14 04:37:35,020] =========[?????]?????END??(Fireball)

[2026-06-14 04:37:35,094] (????) ???1200;????7574587/7574587

[2026-06-14 04:37:35,099] >>>>>[Lion Heart Knight]?????BEGIN??(Boss Melee Attack), ??=NormalATK, ???????, ?????4
[2026-06-14 04:37:35,099] >>>>>[Lion Heart Knight]?????(????), ????[18,25]; ????[16,24]
[2026-06-14 04:37:35,099] ?????????1
[2026-06-14 04:37:35,099] >>>>???(Lion Heart Knight) -> (????) ?????100, ?????0, ?????0, ??XP???false
[2026-06-14 04:37:35,099] ?????????(BUFF?)?hit:0,crit:0,critInjure:0,dodge:0,ignoreCrit:0,ignoreCritInjure:0,critBoss:0,critInjureBoss:0
[2026-06-14 04:37:35,099] ?????????(BUFF?)?hit:60,crit:288,critInjure:640,dodge:15,ignoreCrit:0,ignoreCritInjure:0,critBoss:280,critInjureBoss:0
[2026-06-14 04:37:35,099] ?????????(BUFF?)?hit:0,crit:0,critInjure:0,dodge:0,ignoreCrit:0,ignoreCritInjure:0,critBoss:0,critInjureBoss:0
[2026-06-14 04:37:35,099] ?????????(BUFF?)?hit:60,crit:288,critInjure:640,dodge:15,ignoreCrit:0,ignoreCritInjure:0,critBoss:280,critInjureBoss:0
[2026-06-14 04:37:35,099] ?????????(BUFF?)?maxPAtk:350,maxPDef:50,maxMDef:50,ignorePDef:0,ignoreMDef:0,injureAdd:0,injureIgnore:0,injureAddBoss:0
[2026-06-14 04:37:35,099] ?????????(BUFF?)?maxPAtk:574556,maxPDef:335667,maxMDef:307900,ignorePDef:923,ignoreMDef:1836,injureAdd:0,injureIgnore:1000,injureAddBoss:200
[2026-06-14 04:37:35,099] ?????????(BUFF?)?maxPAtk:350,maxPDef:50,maxMDef:50,ignorePDef:0,ignoreMDef:0,injureAdd:0,injureIgnore:0,injureAddBoss:0
[2026-06-14 04:37:35,099] ?????????(BUFF?)?maxPAtk:574556,maxPDef:335667,maxMDef:307900,ignorePDef:923,ignoreMDef:1836,injureAdd:0,injureIgnore:1000,injureAddBoss:200
[2026-06-14 04:37:35,099] ?????1
[2026-06-14 04:37:35,099] ??????BUFF???1
[2026-06-14 04:37:35,099] (????,d1806f2b-c67b-4e48-8e65-e94548e56e23) ???1;????7574586/7574587
[2026-06-14 04:37:35,099] =========[Lion Heart Knight]?????END??(Boss Melee Attack)


[2026-06-14 04:37:35,385] ????????[65b226f4-3d1c-4a60-838c-6aa6fda1c644]->[ca493002-04cf-458e-9e93-b7367c77c750],?????[1201]
[2026-06-14 04:37:35,385] ??????????[?????,65b226f4-3d1c-4a60-838c-6aa6fda1c644]->[Lion Heart Knight,ca493002-04cf-458e-9e93-b7367c77c750],?????[1201]

[2026-06-14 04:37:35,385] >>>>>[?????]?????BEGIN??(Fireball), ??=Single Target ATK, uses Magic's power to form a fireball, targeting Single target,deal|C:0x34E22C&T:100%+100|T:Magic Damage., ???Lion Heart Knight, ?????2
[2026-06-14 04:37:35,385] >>>>>[?????]?????(Lion Heart Knight), ????[14,25]; ????[18,25]
[2026-06-14 04:37:35,385] ?????????1
[2026-06-14 04:37:35,385] >>>>???(?????) -> (Lion Heart Knight) ?????100, ?????100, ?????1, ??XP???false
[2026-06-14 04:37:35,385] ?????????(BUFF?)?hit:0,crit:0,critInjure:280,dodge:0,ignoreCrit:0,ignoreCritInjure:0,critBoss:280,critInjureBoss:0
[2026-06-14 04:37:35,385] ?????????(BUFF?)?hit:0,crit:0,critInjure:0,dodge:0,ignoreCrit:0,ignoreCritInjure:0,critBoss:0,critInjureBoss:0
[2026-06-14 04:37:35,385] ?????????(BUFF?)?hit:0,crit:0,critInjure:280,dodge:0,ignoreCrit:0,ignoreCritInjure:0,critBoss:280,critInjureBoss:0
[2026-06-14 04:37:35,385] ?????????(BUFF?)?hit:0,crit:0,critInjure:0,dodge:0,ignoreCrit:0,ignoreCritInjure:0,critBoss:0,critInjureBoss:0
[2026-06-14 04:37:35,385] ?????????(BUFF?)?maxPAtk:111567,maxPDef:64884,maxMDef:39246,ignorePDef:0,ignoreMDef:5907,injureAdd:0,injureIgnore:0,injureAddBoss:200
[2026-06-14 04:37:35,385] ?????????(BUFF?)?maxPAtk:350,maxPDef:50,maxMDef:50,ignorePDef:0,ignoreMDef:0,injureAdd:0,injureIgnore:0,injureAddBoss:0
[2026-06-14 04:37:35,385] ?????????(BUFF?)?maxPAtk:111567,maxPDef:64884,maxMDef:39246,ignorePDef:0,ignoreMDef:5907,injureAdd:0,injureIgnore:0,injureAddBoss:200
[2026-06-14 04:37:35,385] ?????????(BUFF?)?maxPAtk:350,maxPDef:50,maxMDef:50,ignorePDef:0,ignoreMDef:0,injureAdd:0,injureIgnore:0,injureAddBoss:0
[2026-06-14 04:37:35,385] ?????113898
[2026-06-14 04:37:35,385] ??????BUFF???113898
[2026-06-14 04:37:35,385] (Lion Heart Knight,ca493002-04cf-458e-9e93-b7367c77c750) ???113898;????9492/400000
[2026-06-14 04:37:35,385] [Lion Heart Knight]??BUFF?(Boss Invincible[2204]), ????=15000, ??=0
[2026-06-14 04:37:35,385] =========[?????]?????END??(Fireball)


[2026-06-14 04:37:35,616] ????????[bd0d352c-abdf-4576-a426-08b6080bd21e]->[ca493002-04cf-458e-9e93-b7367c77c750],?????[1201]
[2026-06-14 04:37:35,616] ??????????[Otherworld Elf Ruila,bd0d352c-abdf-4576-a426-08b6080bd21e]->[Lion Heart Knight,ca493002-04cf-458e-9e93-b7367c77c750],?????[1201]

[2026-06-14 04:37:35,616] >>>>>[Otherworld Elf Ruila]?????BEGIN??(Fireball), ??=Single Target ATK, uses Magic's power to form a fireball, targeting Single target,deal|C:0x34E22C&T:100%+100|T:Magic Damage., ???Lion Heart Knight, ?????2
[2026-06-14 04:37:35,616] >>>>>[Otherworld Elf Ruila]?????(Lion Heart Knight), ????[14,25]; ????[18,25]
[2026-06-14 04:37:35,616] ?????????1
[2026-06-14 04:37:35,616] >>>>???(Otherworld Elf Ruila) -> (Lion Heart Knight) ?????100, ?????100, ?????1, ??XP???false
[2026-06-14 04:37:35,616] ?????????(BUFF?)?hit:0,crit:0,critInjure:280,dodge:0,ignoreCrit:0,ignoreCritInjure:0,critBoss:280,critInjureBoss:0
[2026-06-14 04:37:35,616] ?????????(BUFF?)?hit:0,crit:0,critInjure:0,dodge:0,ignoreCrit:0,ignoreCritInjure:0,critBoss:0,critInjureBoss:0
[2026-06-14 04:37:35,616] ?????????(BUFF?)?hit:0,crit:0,critInjure:280,dodge:0,ignoreCrit:0,ignoreCritInjure:0,critBoss:280,critInjureBoss:0
[2026-06-14 04:37:35,616] ?????????(BUFF?)?hit:0,crit:0,critInjure:0,dodge:0,ignoreCrit:0,ignoreCritInjure:0,critBoss:0,critInjureBoss:0
[2026-06-14 04:37:35,616] ?????????(BUFF?)?maxPAtk:111626,maxPDef:68452,maxMDef:37760,ignorePDef:0,ignoreMDef:6887,injureAdd:0,injureIgnore:0,injureAddBoss:200
[2026-06-14 04:37:35,616] ?????????(BUFF?)?maxPAtk:350,maxPDef:50,maxMDef:50,ignorePDef:0,ignoreMDef:0,injureAdd:0,injureIgnore:0,injureAddBoss:0
[2026-06-14 04:37:35,616] [Lion Heart Knight]??BUFF?(Boss Invincible), ??=in 15s, invincible, immune to all BUFFs and damage, ?????14769
[2026-06-14 04:37:35,616] ?????????(BUFF?)?maxPAtk:111626,maxPDef:68452,maxMDef:37760,ignorePDef:0,ignoreMDef:6887,injureAdd:0,injureIgnore:0,injureAddBoss:200
[2026-06-14 04:37:35,616] ?????????(BUFF?)?maxPAtk:350,maxPDef:50,maxMDef:50,ignorePDef:0,ignoreMDef:0,injureAdd:0,injureIgnore:0,injureAddBoss:0
[2026-06-14 04:37:35,616] ??~~
[2026-06-14 04:37:35,616] =========[Otherworld Elf Ruila]?????END??(Fireball)


[2026-06-14 04:37:35,670] ????????[d1806f2b-c67b-4e48-8e65-e94548e56e23]->[ca493002-04cf-458e-9e93-b7367c77c750],?????[8]
[2026-06-14 04:37:35,670] ??????????[????,d1806f2b-c67b-4e48-8e65-e94548e56e23]->[Lion Heart Knight,ca493002-04cf-458e-9e93-b7367c77c750],?????[8]

[2026-06-14 04:37:35,670] >>>>>[????]?????BEGIN??(Wind Bead), ??=AoE ATK, targets Ranged AoE, dealing|C:0x34E22C&T:80%+{0}|T:Magic Damage, ???Lion Heart Knight, ?????2
[2026-06-14 04:37:35,670] >>>>>[????]?????(Lion Heart Knight), ????[16,24]; ????[18,25]
[2026-06-14 04:37:35,670] ?????????1
[2026-06-14 04:37:35,670] >>>>???(????) -> (Lion Heart Knight) ?????80, ?????8100, ?????1, ??XP???false
[2026-06-14 04:37:35,670] ?????????(BUFF?)?hit:60,crit:288,critInjure:640,dodge:15,ignoreCrit:0,ignoreCritInjure:0,critBoss:280,critInjureBoss:0
[2026-06-14 04:37:35,670] ?????????(BUFF?)?hit:0,crit:0,critInjure:0,dodge:0,ignoreCrit:0,ignoreCritInjure:0,critBoss:0,critInjureBoss:0
[2026-06-14 04:37:35,670] ?????????(BUFF?)?hit:60,crit:288,critInjure:640,dodge:15,ignoreCrit:0,ignoreCritInjure:0,critBoss:280,critInjureBoss:0
[2026-06-14 04:37:35,670] ?????????(BUFF?)?hit:0,crit:0,critInjure:0,dodge:0,ignoreCrit:0,ignoreCritInjure:0,critBoss:0,critInjureBoss:0
[2026-06-14 04:37:35,670] ?????????(BUFF?)?maxPAtk:574556,maxPDef:335667,maxMDef:307900,ignorePDef:923,ignoreMDef:1836,injureAdd:0,injureIgnore:1000,injureAddBoss:200
[2026-06-14 04:37:35,670] ?????????(BUFF?)?maxPAtk:350,maxPDef:50,maxMDef:50,ignorePDef:0,ignoreMDef:0,injureAdd:0,injureIgnore:0,injureAddBoss:0
[2026-06-14 04:37:35,670] [Lion Heart Knight]??BUFF?(Boss Invincible), ??=in 15s, invincible, immune to all BUFFs and damage, ?????14715
[2026-06-14 04:37:35,670] ?????????(BUFF?)?maxPAtk:574556,maxPDef:335667,maxMDef:307900,ignorePDef:923,ignoreMDef:1836,injureAdd:0,injureIgnore:1000,injureAddBoss:200
[2026-06-14 04:37:35,670] ?????????(BUFF?)?maxPAtk:350,maxPDef:50,maxMDef:50,ignorePDef:0,ignoreMDef:0,injureAdd:0,injureIgnore:0,injureAddBoss:0
[2026-06-14 04:37:35,670] ??~~
[2026-06-14 04:37:35,670] =========[????]?????END??(Wind Bead)


[2026-06-14 04:37:35,911] ????????[ebc35acd-9d47-43c8-b6d6-2e231c80d600]->[ca493002-04cf-458e-9e93-b7367c77c750],?????[1201]
[2026-06-14 04:37:35,911] ??????????[?????,ebc35acd-9d47-43c8-b6d6-2e231c80d600]->[Lion Heart Knight,ca493002-04cf-458e-9e93-b7367c77c750],?????[1201]

[2026-06-14 04:37:35,911] >>>>>[?????]?????BEGIN??(Fireball), ??=Single Target ATK, uses Magic's power to form a fireball, targeting Single target,deal|C:0x34E22C&T:100%+100|T:Magic Damage., ???Lion Heart Knight, ?????2
[2026-06-14 04:37:35,911] >>>>>[?????]?????(Lion Heart Knight), ????[14,25]; ????[18,25]
[2026-06-14 04:37:35,911] ?????????1
[2026-06-14 04:37:35,911] >>>>???(?????) -> (Lion Heart Knight) ?????100, ?????100, ?????1, ??XP???false
[2026-06-14 04:37:35,911] ?????????(BUFF?)?hit:0,crit:0,critInjure:280,dodge:0,ignoreCrit:0,ignoreCritInjure:0,critBoss:280,critInjureBoss:0
[2026-06-14 04:37:35,911] ?????????(BUFF?)?hit:0,crit:0,critInjure:0,dodge:0,ignoreCrit:0,ignoreCritInjure:0,critBoss:0,critInjureBoss:0
[2026-06-14 04:37:35,911] ?????????(BUFF?)?hit:0,crit:0,critInjure:280,dodge:0,ignoreCrit:0,ignoreCritInjure:0,critBoss:280,critInjureBoss:0
[2026-06-14 04:37:35,911] ?????????(BUFF?)?hit:0,crit:0,critInjure:0,dodge:0,ignoreCrit:0,ignoreCritInjure:0,critBoss:0,critInjureBoss:0
[2026-06-14 04:37:35,911] ?????????(BUFF?)?maxPAtk:157818,maxPDef:88418,maxMDef:66001,ignorePDef:0,ignoreMDef:35218,injureAdd:100,injureIgnore:0,injureAddBoss:200
[2026-06-14 04:37:35,911] ?????????(BUFF?)?maxPAtk:350,maxPDef:50,maxMDef:50,ignorePDef:0,ignoreMDef:0,injureAdd:0,injureIgnore:0,injureAddBoss:0
[2026-06-14 04:37:35,911] [Lion Heart Knight]??BUFF?(Boss Invincible), ??=in 15s, invincible, immune to all BUFFs and damage, ?????14474
[2026-06-14 04:37:35,911] ?????????(BUFF?)?maxPAtk:157818,maxPDef:88418,maxMDef:66001,ignorePDef:0,ignoreMDef:35218,injureAdd:100,injureIgnore:0,injureAddBoss:200
[2026-06-14 04:37:35,911] ?????????(BUFF?)?maxPAtk:350,maxPDef:50,maxMDef:50,ignorePDef:0,ignoreMDef:0,injureAdd:0,injureIgnore:0,injureAddBoss:0
[2026-06-14 04:37:35,911] ??~~
[2026-06-14 04:37:35,911] =========[?????]?????END??(Fireball)

[2026-06-14 04:37:36,094] (????) ???1200;????7574587/7574587

[2026-06-14 04:37:36,100] >>>>>[Lion Heart Knight]?????BEGIN??(Boss Melee Attack), ??=NormalATK, ???????, ?????4
[2026-06-14 04:37:36,100] >>>>>[Lion Heart Knight]?????(????), ????[18,25]; ????[16,24]
[2026-06-14 04:37:36,100] ?????????1
[2026-06-14 04:37:36,100] >>>>???(Lion Heart Knight) -> (????) ?????100, ?????0, ?????0, ??XP???false
[2026-06-14 04:37:36,100] ?????????(BUFF?)?hit:0,crit:0,critInjure:0,dodge:0,ignoreCrit:0,ignoreCritInjure:0,critBoss:0,critInjureBoss:0
[2026-06-14 04:37:36,100] ?????????(BUFF?)?hit:60,crit:288,critInjure:640,dodge:15,ignoreCrit:0,ignoreCritInjure:0,critBoss:280,critInjureBoss:0
[2026-06-14 04:37:36,100] ?????????(BUFF?)?hit:0,crit:0,critInjure:0,dodge:0,ignoreCrit:0,ignoreCritInjure:0,critBoss:0,critInjureBoss:0
[2026-06-14 04:37:36,100] ?????????(BUFF?)?hit:60,crit:288,critInjure:640,dodge:15,ignoreCrit:0,ignoreCritInjure:0,critBoss:280,critInjureBoss:0
[2026-06-14 04:37: