[2026-06-14 04:38:49,893] ?Tacoma?????????????
[2026-06-14 04:38:49,893] (????) ???1200;????7574587/7574587

[2026-06-14 04:38:50,111] ????????[d1806f2b-c67b-4e48-8e65-e94548e56e23]->[b529f2d4-d4e9-4901-804e-f2862c0a9f2d]
[2026-06-14 04:38:50,111] ??????????????Tacoma
[2026-06-14 04:38:50,170] ????????[????],posX=15,posY=24
[2026-06-14 04:38:50,430] ????????[????],posX=16,posY=24

[2026-06-14 04:38:50,491] ????????[bd0d352c-abdf-4576-a426-08b6080bd21e]->[b529f2d4-d4e9-4901-804e-f2862c0a9f2d],?????[1201]
[2026-06-14 04:38:50,491] ??????????[Otherworld Elf Ruila,bd0d352c-abdf-4576-a426-08b6080bd21e]->[Tacoma,b529f2d4-d4e9-4901-804e-f2862c0a9f2d],?????[1201]

[2026-06-14 04:38:50,491] >>>>>[Otherworld Elf Ruila]?????BEGIN??(Fireball), ??=Single Target ATK, uses Magic's power to form a fireball, targeting Single target,deal|C:0x34E22C&T:100%+100|T:Magic Damage., ???Tacoma, ?????2
[2026-06-14 04:38:50,491] >>>>>[Otherworld Elf Ruila]?????(Tacoma), ????[14,25]; ????[18,25]
[2026-06-14 04:38:50,491] ?????????1
[2026-06-14 04:38:50,491] >>>>???(Otherworld Elf Ruila) -> (Tacoma) ?????100, ?????100, ?????1, ??XP???false
[2026-06-14 04:38:50,491] ?????????(BUFF?)?hit:0,crit:0,critInjure:280,dodge:0,ignoreCrit:0,ignoreCritInjure:0,critBoss:280,critInjureBoss:0
[2026-06-14 04:38:50,491] ?????????(BUFF?)?hit:0,crit:0,critInjure:0,dodge:0,ignoreCrit:0,ignoreCritInjure:0,critBoss:0,critInjureBoss:0
[2026-06-14 04:38:50,491] ?????????(BUFF?)?hit:0,crit:0,critInjure:280,dodge:0,ignoreCrit:0,ignoreCritInjure:0,critBoss:280,critInjureBoss:0
[2026-06-14 04:38:50,491] ?????????(BUFF?)?hit:0,crit:0,critInjure:0,dodge:0,ignoreCrit:0,ignoreCritInjure:0,critBoss:0,critInjureBoss:0
[2026-06-14 04:38:50,491] ?????????(BUFF?)?maxPAtk:111626,maxPDef:68452,maxMDef:37760,ignorePDef:0,ignoreMDef:6887,injureAdd:0,injureIgnore:0,injureAddBoss:200
[2026-06-14 04:38:50,491] ?????????(BUFF?)?maxPAtk:9600,maxPDef:1550,maxMDef:1550,ignorePDef:0,ignoreMDef:0,injureAdd:0,injureIgnore:0,injureAddBoss:0
[2026-06-14 04:38:50,491] ?????????(BUFF?)?maxPAtk:111626,maxPDef:68452,maxMDef:37760,ignorePDef:0,ignoreMDef:6887,injureAdd:0,injureIgnore:0,injureAddBoss:200
[2026-06-14 04:38:50,491] ?????????(BUFF?)?maxPAtk:9600,maxPDef:1550,maxMDef:1550,ignorePDef:0,ignoreMDef:0,injureAdd:0,injureIgnore:0,injureAddBoss:0
[2026-06-14 04:38:50,491] ?????113958
[2026-06-14 04:38:50,491] ??????BUFF???113958
[2026-06-14 04:38:50,491] (Tacoma,b529f2d4-d4e9-4901-804e-f2862c0a9f2d) ???113958;????31886042/32000000
[2026-06-14 04:38:50,491] =========[Otherworld Elf Ruila]?????END??(Fireball)


[2026-06-14 04:38:50,805] ????????[ebc35acd-9d47-43c8-b6d6-2e231c80d600]->[b529f2d4-d4e9-4901-804e-f2862c0a9f2d],?????[1201]
[2026-06-14 04:38:50,805] ??????????[?????,ebc35acd-9d47-43c8-b6d6-2e231c80d600]->[Tacoma,b529f2d4-d4e9-4901-804e-f2862c0a9f2d],?????[1201]

[2026-06-14 04:38:50,805] >>>>>[?????]?????BEGIN??(Fireball), ??=Single Target ATK, uses Magic's power to form a fireball, targeting Single target,deal|C:0x34E22C&T:100%+100|T:Magic Damage., ???Tacoma, ?????2
[2026-06-14 04:38:50,805] >>>>>[?????]?????(Tacoma), ????[14,25]; ????[18,25]
[2026-06-14 04:38:50,805] ?????????1
[2026-06-14 04:38:50,805] >>>>???(?????) -> (Tacoma) ?????100, ?????100, ?????1, ??XP???false
[2026-06-14 04:38:50,805] ?????????(BUFF?)?hit:0,crit:0,critInjure:280,dodge:0,ignoreCrit:0,ignoreCritInjure:0,critBoss:280,critInjureBoss:0
[2026-06-14 04:38:50,805] ?????????(BUFF?)?hit:0,crit:0,critInjure:0,dodge:0,ignoreCrit:0,ignoreCritInjure:0,critBoss:0,critInjureBoss:0
[2026-06-14 04:38:50,805] ?????????(BUFF?)?hit:0,crit:0,critInjure:280,dodge:0,ignoreCrit:0,ignoreCritInjure:0,critBoss:280,critInjureBoss:0
[2026-06-14 04:38:50,805] ?????????(BUFF?)?hit:0,crit:0,critInjure:0,dodge:0,ignoreCrit:0,ignoreCritInjure:0,critBoss:0,critInjureBoss:0
[2026-06-14 04:38:50,805] ?????????(BUFF?)?maxPAtk:157818,maxPDef:88418,maxMDef:66001,ignorePDef:0,ignoreMDef:35218,injureAdd:100,injureIgnore:0,injureAddBoss:200
[2026-06-14 04:38:50,805] ?????????(BUFF?)?maxPAtk:9600,maxPDef:1550,maxMDef:1550,ignorePDef:0,ignoreMDef:0,injureAdd:0,injureIgnore:0,injureAddBoss:0
[2026-06-14 04:38:50,805] ?????????(BUFF?)?maxPAtk:157818,maxPDef:88418,maxMDef:66001,ignorePDef:0,ignoreMDef:35218,injureAdd:100,injureIgnore:0,injureAddBoss:200
[2026-06-14 04:38:50,805] ?????????(BUFF?)?maxPAtk:9600,maxPDef:1550,maxMDef:1550,ignorePDef:0,ignoreMDef:0,injureAdd:0,injureIgnore:0,injureAddBoss:0
[2026-06-14 04:38:50,805] ?????162652
[2026-06-14 04:38:50,805] ??????BUFF???162652
[2026-06-14 04:38:50,805] (Tacoma,b529f2d4-d4e9-4901-804e-f2862c0a9f2d) ???162652;????31723390/32000000
[2026-06-14 04:38:50,805] =========[?????]?????END??(Fireball)

[2026-06-14 04:38:50,894] (????) ???1200;????7574587/7574587

[2026-06-14 04:38:50,896] >>>>>[Tacoma]?????BEGIN??(Boss Melee Attack), ??=NormalATK, ???????, ?????4
[2026-06-14 04:38:50,896] >>>>>[Tacoma]?????(????), ????[18,25]; ????[16,24]
[2026-06-14 04:38:50,896] ?????????1
[2026-06-14 04:38:50,896] >>>>???(Tacoma) -> (????) ?????100, ?????0, ?????0, ??XP???false
[2026-06-14 04:38:50,896] ?????????(BUFF?)?hit:0,crit:0,critInjure:0,dodge:0,ignoreCrit:0,ignoreCritInjure:0,critBoss:0,critInjureBoss:0
[2026-06-14 04:38:50,896] ?????????(BUFF?)?hit:60,crit:288,critInjure:640,dodge:15,ignoreCrit:0,ignoreCritInjure:0,critBoss:280,critInjureBoss:0
[2026-06-14 04:38:50,896] ?????????(BUFF?)?hit:0,crit:0,critInjure:0,dodge:0,ignoreCrit:0,ignoreCritInjure:0,critBoss:0,critInjureBoss:0
[2026-06-14 04:38:50,896] ?????????(BUFF?)?hit:60,crit:288,critInjure:640,dodge:15,ignoreCrit:0,ignoreCritInjure:0,critBoss:280,critInjureBoss:0
[2026-06-14 04:38:50,896] ?????????(BUFF?)?maxPAtk:9600,maxPDef:1550,maxMDef:1550,ignorePDef:0,ignoreMDef:0,injureAdd:0,injureIgnore:0,injureAddBoss:0
[2026-06-14 04:38:50,896] ?????????(BUFF?)?maxPAtk:574556,maxPDef:335667,maxMDef:307900,ignorePDef:923,ignoreMDef:1836,injureAdd:0,injureIgnore:1000,injureAddBoss:200
[2026-06-14 04:38:50,896] ?????????(BUFF?)?maxPAtk:9600,maxPDef:1550,maxMDef:1550,ignorePDef:0,ignoreMDef:0,injureAdd:0,injureIgnore:0,injureAddBoss:0
[2026-06-14 04:38:50,896] ?????????(BUFF?)?maxPAtk:574556,maxPDef:335667,maxMDef:307900,ignorePDef:923,ignoreMDef:1836,injureAdd:0,injureIgnore:1000,injureAddBoss:200
[2026-06-14 04:38:50,896] ?????239
[2026-06-14 04:38:50,896] ??????BUFF???239
[2026-06-14 04:38:50,896] (????,d1806f2b-c67b-4e48-8e65-e94548e56e23) ???239;????7574348/7574587
[2026-06-14 04:38:50,896] =========[Tacoma]?????END??(Boss Melee Attack)


[2026-06-14 04:38:51,160] ????????[65b226f4-3d1c-4a60-838c-6aa6fda1c644]->[b529f2d4-d4e9-4901-804e-f2862c0a9f2d],?????[1201]
[2026-06-14 04:38:51,160] ??????????[?????,65b226f4-3d1c-4a60-838c-6aa6fda1c644]->[Tacoma,b529f2d4-d4e9-4901-804e-f2862c0a9f2d],?????[1201]

[2026-06-14 04:38:51,160] >>>>>[?????]?????BEGIN??(Fireball), ??=Single Target ATK, uses Magic's power to form a fireball, targeting Single target,deal|C:0x34E22C&T:100%+100|T:Magic Damage., ???Tacoma, ?????2
[2026-06-14 04:38:51,160] >>>>>[?????]?????(Tacoma), ????[14,25]; ????[18,25]
[2026-06-14 04:38:51,160] ?????????1
[2026-06-14 04:38:51,160] >>>>???(?????) -> (Tacoma) ?????100, ?????100, ?????1, ??XP???false
[2026-06-14 04:38:51,160] ?????????(BUFF?)?hit:0,crit:0,critInjure:280,dodge:0,ignoreCrit:0,ignoreCritInjure:0,critBoss:280,critInjureBoss:0
[2026-06-14 04:38:51,160] ?????????(BUFF?)?hit:0,crit:0,critInjure:0,dodge:0,ignoreCrit:0,ignoreCritInjure:0,critBoss:0,critInjureBoss:0
[2026-06-14 04:38:51,160] ?????????(BUFF?)?hit:0,crit:0,critInjure:280,dodge:0,ignoreCrit:0,ignoreCritInjure:0,critBoss:280,critInjureBoss:0
[2026-06-14 04:38:51,160] ?????????(BUFF?)?hit:0,crit:0,critInjure:0,dodge:0,ignoreCrit:0,ignoreCritInjure:0,critBoss:0,critInjureBoss:0
[2026-06-14 04:38:51,160] ?????????(BUFF?)?maxPAtk:111567,maxPDef:64884,maxMDef:39246,ignorePDef:0,ignoreMDef:5907,injureAdd:0,injureIgnore:0,injureAddBoss:200
[2026-06-14 04:38:51,160] ?????????(BUFF?)?maxPAtk:9600,maxPDef:1550,maxMDef:1550,ignorePDef:0,ignoreMDef:0,injureAdd:0,injureIgnore:0,injureAddBoss:0
[2026-06-14 04:38:51,160] ?????????(BUFF?)?maxPAtk:111567,maxPDef:64884,maxMDef:39246,ignorePDef:0,ignoreMDef:5907,injureAdd:0,injureIgnore:0,injureAddBoss:200
[2026-06-14 04:38:51,160] ?????????(BUFF?)?maxPAtk:9600,maxPDef:1550,maxMDef:1550,ignorePDef:0,ignoreMDef:0,injureAdd:0,injureIgnore:0,injureAddBoss:0
[2026-06-14 04:38:51,160] ?????113898
[2026-06-14 04:38:51,160] ??????BUFF???113898
[2026-06-14 04:38:51,160] (Tacoma,b529f2d4-d4e9-4901-804e-f2862c0a9f2d) ???113898;????31609492/32000000
[2026-06-14 04:38:51,160] =========[?????]?????END??(Fireball)


[2026-06-14 04:38:51,436] ????????[bd0d352c-abdf-4576-a426-08b6080bd21e]->[b529f2d4-d4e9-4901-804e-f2862c0a9f2d],?????[1201]
[2026-06-14 04:38:51,436] ??????????[Otherworld Elf Ruila,bd0d352c-abdf-4576-a426-08b6080bd21e]->[Tacoma,b529f2d4-d4e9-4901-804e-f2862c0a9f2d],?????[1201]

[2026-06-14 04:38:51,436] >>>>>[Otherworld Elf Ruila]?????BEGIN??(Fireball), ??=Single Target ATK, uses Magic's power to form a fireball, targeting Single target,deal|C:0x34E22C&T:100%+100|T:Magic Damage., ???Tacoma, ?????2
[2026-06-14 04:38:51,436] >>>>>[Otherworld Elf Ruila]?????(Tacoma), ????[14,25]; ????[18,25]
[2026-06-14 04:38:51,436] ?????????1
[2026-06-14 04:38:51,436] >>>>???(Otherworld Elf Ruila) -> (Tacoma) ?????100, ?????100, ?????1, ??XP???false
[2026-06-14 04:38:51,436] ?????????(BUFF?)?hit:0,crit:0,critInjure:280,dodge:0,ignoreCrit:0,ignoreCritInjure:0,critBoss:280,critInjureBoss:0
[2026-06-14 04:38:51,436] ?????????(BUFF?)?hit:0,crit:0,critInjure:0,dodge:0,ignoreCrit:0,ignoreCritInjure:0,critBoss:0,critInjureBoss:0
[2026-06-14 04:38:51,436] ?????????(BUFF?)?hit:0,crit:0,critInjure:280,dodge:0,ignoreCrit:0,ignoreCritInjure:0,critBoss:280,critInjureBoss:0
[2026-06-14 04:38:51,436] ?????????(BUFF?)?hit:0,crit:0,critInjure:0,dodge:0,ignoreCrit:0,ignoreCritInjure:0,critBoss:0,critInjureBoss:0
[2026-06-14 04:38:51,436] ?????????(BUFF?)?maxPAtk:111626,maxPDef:68452,maxMDef:37760,ignorePDef:0,ignoreMDef:6887,injureAdd:0,injureIgnore:0,injureAddBoss:200
[2026-06-14 04:38:51,436] ?????????(BUFF?)?maxPAtk:9600,maxPDef:1550,maxMDef:1550,ignorePDef:0,ignoreMDef:0,injureAdd:0,injureIgnore:0,injureAddBoss:0
[2026-06-14 04:38:51,436] ?????????(BUFF?)?maxPAtk:111626,maxPDef:68452,maxMDef:37760,ignorePDef:0,ignoreMDef:6887,injureAdd:0,injureIgnore:0,injureAddBoss:200
[2026-06-14 04:38:51,436] ?????????(BUFF?)?maxPAtk:9600,maxPDef:1550,maxMDef:1550,ignorePDef:0,ignoreMDef:0,injureAdd:0,injureIgnore:0,injureAddBoss:0
[2026-06-14 04:38:51,436] ?????113958
[2026-06-14 04:38:51,436] ??????BUFF???113958
[2026-06-14 04:38:51,436] (Tacoma,b529f2d4-d4e9-4901-804e-f2862c0a9f2d) ???113958;????31495534/32000000
[2026-06-14 04:38:51,436] =========[Otherworld Elf Ruila]?????END??(Fireball)


[2026-06-14 04:38:51,466] ????????[d1806f2b-c67b-4e48-8e65-e94548e56e23]->[b529f2d4-d4e9-4901-804e-f2862c0a9f2d],?????[8]
[2026-06-14 04:38:51,466] ??????????[????,d1806f2b-c67b-4e48-8e65-e94548e56e23]->[Tacoma,b529f2d4-d4e9-4901-804e-f2862c0a9f2d],?????[8]

[2026-06-14 04:38:51,466] >>>>>[????]?????BEGIN??(Wind Bead), ??=AoE ATK, targets Ranged AoE, dealing|C:0x34E22C&T:80%+{0}|T:Magic Damage, ???Tacoma, ?????2
[2026-06-14 04:38:51,466] >>>>>[????]?????(Tacoma), ????[16,24]; ????[18,25]
[2026-06-14 04:38:51,466] ?????????1
[2026-06-14 04:38:51,466] >>>>???(????) -> (Tacoma) ?????80, ?????8100, ?????1, ??XP???false
[2026-06-14 04:38:51,466] ?????????(BUFF?)?hit:60,crit:288,critInjure:640,dodge:15,ignoreCrit:0,ignoreCritInjure:0,critBoss:280,critInjureBoss:0
[2026-06-14 04:38:51,466] ?????????(BUFF?)?hit:0,crit:0,critInjure:0,dodge:0,ignoreCrit:0,ignoreCritInjure:0,critBoss:0,critInjureBoss:0
[2026-06-14 04:38:51,466] ?????????(BUFF?)?hit:60,crit:288,critInjure:640,dodge:15,ignoreCrit:0,ignoreCritInjure:0,critBoss:280,critInjureBoss:0
[2026-06-14 04:38:51,466] ?????????(BUFF?)?hit:0,crit:0,critInjure:0,dodge:0,ignoreCrit:0,ignoreCritInjure:0,critBoss:0,critInjureBoss:0
[2026-06-14 04:38:51,466] ?????????(BUFF?)?maxPAtk:574556,maxPDef:335667,maxMDef:307900,ignorePDef:923,ignoreMDef:1836,injureAdd:0,injureIgnore:1000,injureAddBoss:200
[2026-06-14 04:38:51,466] ?????????(BUFF?)?maxPAtk:9600,maxPDef:1550,maxMDef:1550,ignorePDef:0,ignoreMDef:0,injureAdd:0,injureIgnore:0,injureAddBoss:0
[2026-06-14 04:38:51,466] [????]???????(Break Strike), ??=2000, buffStr=403011, ???????
[2026-06-14 04:38:51,466] [????]??BUFF?(Break Strike[1204]), ????=0, ??=5000
[2026-06-14 04:38:51,466] [????]??BUFF?(Break Strike), ??=ignoring target's |C:0x34E22C&T:50%|T:DEF, ?????0
[2026-06-14 04:38:51,466] ?????????(BUFF?)?maxPAtk:574556,maxPDef:335667,maxMDef:307900,ignorePDef:923,ignoreMDef:1836,injureAdd:0,injureIgnore:1000,injureAddBoss:200
[2026-06-14 04:38:51,466] ?????????(BUFF?)?maxPAtk:9600,maxPDef:775,maxMDef:775,ignorePDef:0,ignoreMDef:0,injureAdd:0,injureIgnore:0,injureAddBoss:0
[2026-06-14 04:38:51,466] ?????476937
[2026-06-14 04:38:51,466] ??????BUFF???476937
[2026-06-14 04:38:51,466] (Tacoma,b529f2d4-d4e9-4901-804e-f2862c0a9f2d) ???476937;????31018597/32000000
[2026-06-14 04:38:51,466] =========[????]?????END??(Wind Bead)

[2026-06-14 04:38:51,467] [????]??BUFF?(Break Strike[1204])

[2026-06-14 04:38:51,705] ????????[ebc35acd-9d47-43c8-b6d6-2e231c80d600]->[b529f2d4-d4e9-4901-804e-f2862c0a9f2d],?????[1201]
[2026-06-14 04:38:51,705] ??????????[?????,ebc35acd-9d47-43c8-b6d6-2e231c80d600]->[Tacoma,b529f2d4-d4e9-4901-804e-f2862c0a9f2d],?????[1201]

[2026-06-14 04:38:51,705] >>>>>[?????]?????BEGIN??(Fireball), ??=Single Target ATK, uses Magic's power to form a fireball, targeting Single target,deal|C:0x34E22C&T:100%+100|T:Magic Damage., ???Tacoma, ?????2
[2026-06-14 04:38:51,705] >>>>>[?????]?????(Tacoma), ????[14,25]; ????[18,25]
[2026-06-14 04:38:51,705] ?????????1
[2026-06-14 04:38:51,705] >>>>???(?????) -> (Tacoma) ?????100, ?????100, ?????1, ??XP???false
[2026-06-14 04:38:51,705] ?????????(BUFF?)?hit:0,crit:0,critInjure:280,dodge:0,ignoreCrit:0,ignoreCritInjure:0,critBoss:280,critInjureBoss:0
[2026-06-14 04:38:51,705] ?????????(BUFF?)?hit:0,crit:0,critInjure:0,dodge:0,ignoreCrit:0,ignoreCritInjure:0,critBoss:0,critInjureBoss:0
[2026-06-14 04:38:51,705] ?????????(BUFF?)?hit:0,crit:0,critInjure:280,dodge:0,ignoreCrit:0,ignoreCritInjure:0,critBoss:280,critInjureBoss:0
[2026-06-14 04:38:51,705] ?????????(BUFF?)?hit:0,crit:0,critInjure:0,dodge:0,ignoreCrit:0,ignoreCritInjure:0,critBoss:0,critInjureBoss:0
[2026-06-14 04:38:51,705] ?????????(BUFF?)?maxPAtk:157818,maxPDef:88418,maxMDef:66001,ignorePDef:0,ignoreMDef:35218,injureAdd:100,injureIgnore:0,injureAddBoss:200
[2026-06-14 04:38:51,705] ?????????(BUFF?)?maxPAtk:9600,maxPDef:1550,maxMDef:1550,ignorePDef:0,ignoreMDef:0,injureAdd:0,injureIgnore:0,injureAddBoss:0
[2026-06-14 04:38:51,705] ?????????(BUFF?)?maxPAtk:157818,maxPDef:88418,maxMDef:66001,ignorePDef:0,ignoreMDef:35218,injureAdd:100,injureIgnore:0,injureAddBoss:200
[2026-06-14 04:38:51,705] ?????????(BUFF?)?maxPAtk:9600,maxPDef:1550,maxMDef:1550,ignorePDef:0,ignoreMDef:0,injureAdd:0,injureIgnore:0,injureAddBoss:0
[2026-06-14 04:38:51,705] ?????162652
[2026-06-14 04:38:51,705] ??????BUFF???162652
[2026-06-14 04:38:51,705] (Tacoma,b529f2d4-d4e9-4901-804e-f2862c0a9f2d) ???162652;????30855945/32000000
[2026-06-14 04:38:51,705] =========[?????]?????END??(Fireball)

[2026-06-14 04:38:51,894] (????) ???1200;????7574587/7574587

[2026-06-14 04:38:51,897] >>>>>[Tacoma]?????BEGIN??(Boss Melee Attack), ??=NormalATK, ???????, ?????4
[2026-06-14 04:38:51,897] >>>>>[Tacoma]?????(????), ????[18,25]; ????[16,24]
[2026-06-14 04:38:51,897] ?????????1
[2026-06-14 04:38:51,897] >>>>???(Tacoma) -> (????) ?????100, ?????0, ?????0, ??XP???false
[2026-06-14 04:38:51,897] ?????????(BUFF?)?hit:0,crit:0,critInjure:0,dodge:0,ignoreCrit:0,ignoreCritInjure:0,critBoss:0,critInjureBoss:0
[2026-06-14 04:38:51,897] ?????????(BUFF?)?hit:60,crit:288,critInjure:640,dodge:15,ignoreCrit:0,ignoreCritInjure:0,critBoss:280,critInjureBoss:0
[2026-06-14 04:38:51,897] ?????????(BUFF?)?hit:0,crit:0,critInjure:0,dodge:0,ignoreCrit:0,ignoreCritInjure:0,critBoss:0,critInjureBoss:0
[2026-06-14 04:38:51,897] ?????????(BUFF?)?hit:60,crit:288,critInjure:640,dodge:15,ignoreCrit:0,ignoreCritInjure:0,critBoss:280,critInjureBoss:0
[2026-06-14 04:38:51,897] ?????????(BUFF?)?maxPAtk:9600,maxPDef:1550,maxMDef:1550,ignorePDef:0,ignoreMDef:0,injureAdd:0,injureIgnore:0,injureAddBoss:0
[2026-06-14 04:38:51,897] ?????????(BUFF?)?maxPAtk:574556,maxPDef:335667,maxMDef:307900,ignorePDef:923,ignoreMDef:1836,injureAdd:0,injureIgnore:1000,injureAddBoss:200
[2026-06-14 04:38:51,897] ?????????(BUFF?)?maxPAtk:9600,maxPDef:1550,maxMDef:1550,ignorePDef:0,ignoreMDef:0,injureAdd:0,injureIgnore:0,injureAddBoss:0
[2026-06-14 04:38:51,897] ?????????(BUFF?)?maxPAtk:574556,maxPDef:335667,maxMDef:307900,ignorePDef:923,ignoreMDef:1836,injureAdd:0,injureIgnore:1000,injureAddBoss:200
[2026-06-14 04:38:51,897] ?????239
[2026-06-14 04:38:51,897] ??????BUFF???239
[2026-06-14 04:38:51,897] (????,d1806f2b-c67b-4e48-8e65-e94548e56e23) ???239;????7574348/7574587
[2026-06-14 04:38:51,897] =========[Tacoma]?????END??(Boss Melee Attack)


[2026-06-14 04:38:52,105] ????????[65b226f4-3d1c-4a60-838c-6aa6fda1c644]->[b529f2d4-d4e9-4901-804e-f2862c0a9f2d],?????[1201]
[2026-06-14 04:38:52,105] ??????????[?????,65b226f4-3d1c-4a60-838c-6aa6fda1c644]->[Tacoma,b529f2d4-d4e9-4901-804e-f2862c0a9f2d],?????[1201]

[2026-06-14 04:38:52,105] >>>>>[?????]?????BEGIN??(Fireball), ??=Single Target ATK, uses Magic's power to form a fireball, targeting Single target,deal|C:0x34E22C&T:100%+100|T:Magic Damage., ???Tacoma, ?????2
[2026-06-14 04:38:52,105] >>>>>[?????]?????(Tacoma), ????[14,25]; ????[18,25]
[2026-06-14 04:38:52,105] ?????????1
[2026-06-14 04:38:52,105] >>>>???(?????) -> (Tacoma) ?????100, ?????100, ?????1, ??XP???false
[2026-06-14 04:38:52,105] ?????????(BUFF?)?hit:0,crit:0,critInjure:280,dodge:0,ignoreCrit:0,ignoreCritInjure:0,critBoss:280,critInjureBoss:0
[2026-06-14 04:38:52,105] ?????????(BUFF?)?hit:0,crit:0,critInjure:0,dodge:0,ignoreCrit:0,ignoreCritInjure:0,critBoss:0,critInjureBoss:0
[2026-06-14 04:38:52,105] ?????????(BUFF?)?hit:0,crit:0,critInjure:280,dodge:0,ignoreCrit:0,ignoreCritInjure:0,critBoss:280,critInjureBoss:0
[2026-06-14 04:38:52,105] ?????????(BUFF?)?hit:0,crit:0,critInjure:0,dodge:0,ignoreCrit:0,ignoreCritInjure:0,critBoss:0,critInjureBoss:0
[2026-06-14 04:38:52,105] ?????????(BUFF?)?maxPAtk:111567,maxPDef:64884,maxMDef:39246,ignorePDef:0,ignoreMDef:5907,injureAdd:0,injureIgnore:0,injureAddBoss:200
[2026-06-14 04:38:52,105] ?????????(BUFF?)?maxPAtk:9600,maxPDef:1550,maxMDef:1550,ignorePDef:0,ignoreMDef:0,injureAdd:0,injureIgnore:0,injureAddBoss:0
[2026-06-14 04:38:52,105] ?????????(BUFF?)?maxPAtk:111567,maxPDef:64884,maxMDef:39246,ignorePDef:0,ignoreMDef:5907,injureAdd:0,injureIgnore:0,injureAddBoss:200
[2026-06-14 04:38:52,105] ?????????(BUFF?)?maxPAtk:9600,maxPDef:1550,maxMDef:1550,ignorePDef:0,ignoreMDef:0,injureAdd:0,injureIgnore:0,injureAddBoss:0
[2026-06-14 04:38:52,105] ?????113898
[2026-06-14 04:38:52,105] ??????BUFF???113898
[2026-06-14 04:38:52,105] (Tacoma,b529f2d4-d4e9-4901-804e-f2862c0a9f2d) ???113898;????30742047/32000000
[2026-06-14 04:38:52,105] =========[?????]?????END??(Fireball)


[2026-06-14 04:38:52,350] ????????[bd0d352c-abdf-4576-a426-08b6080bd21e]->[b529f2d4-d4e9-4901-804e-f2862c0a9f2d],?????[1201]
[2026-06-14 04:38:52,350] ??????????[Otherworld Elf Ruila,bd0d352c-abdf-4576-a426-08b6080bd21e]->[Tacoma,b529f2d4-d4e9-4901-804e-f2862c0a9f2d],?????[1201]

[2026-06-14 04:38:52,350] >>>>>[Otherworld Elf Ruila]?????BEGIN??(Fireball), ??=Single Target ATK, uses Magic's power to form a fireball, targeting Single target,deal|C:0x34E22C&T:100%+100|T:Magic Damage., ???Tacoma, ?????2
[2026-06-14 04:38:52,350] >>>>>[Otherworld Elf Ruila]?????(Tacoma), ????[14,25]; ????[18,25]
[2026-06-14 04:38:52,350] ?????????1
[2026-06-14 04:38:52,350] >>>>???(Otherworld Elf Ruila) -> (Tacoma) ?????100, ?????100, ?????1, ??XP???false
[2026-06-14 04:38:52,350] ?????????(BUFF?)?hit:0,crit:0,critInjure:280,dodge:0,ignoreCrit:0,ignoreCritInjure:0,critBoss:280,critInjureBoss:0
[2026-06-14 04:38:52,350] ?????????(BUFF?)?hit:0,crit:0,critInjure:0,dodge:0,ignoreCrit:0,ignoreCritInjure:0,critBoss:0,critInjureBoss:0
[2026-06-14 04:38:52,350] ?????????(BUFF?)?hit:0,crit:0,critInjure:280,dodge:0,ignoreCrit:0,ignoreCritInjure:0,critBoss:280,critInjureBoss:0
[2026-06-14 04:38:52,350] ?????????(BUFF?)?hit:0,crit:0,critInjure:0,dodge:0,ignoreCrit:0,ignoreCritInjure:0,critBoss:0,critInjureBoss:0
[2026-06-14 04:38:52,350] ?????????(BUFF?)?maxPAtk:111626,maxPDef:68452,maxMDef:37760,ignorePDef:0,ignoreMDef:6887,injureAdd:0,injureIgnore:0,injureAddBoss:200
[2026-06-14 04:38:52,350] ?????????(BUFF?)?maxPAtk:9600,maxPDef:1550,maxMDef:1550,ignorePDef:0,ignoreMDef:0,injureAdd:0,injureIgnore:0,injureAddBoss:0
[2026-06-14 04:38:52,350] ?????????(BUFF?)?maxPAtk:111626,maxPDef:68452,maxMDef:37760,ignorePDef:0,ignoreMDef:6887,injureAdd:0,injureIgnore:0,injureAddBoss:200
[2026-06-14 04:38:52,350] ?????????(BUFF?)?maxPAtk:9600,maxPDef:1550,maxMDef:1550,ignorePDef:0,ignoreMDef:0,injureAdd:0,injureIgnore:0,injureAddBoss:0
[2026-06-14 04:38:52,350] ?????113958
[2026-06-14 04:38:52,350] ??????BUFF???113958
[2026-06-14 04:38:52,350] (Tacoma,b529f2d4-d4e9-4901-804e-f2862c0a9f2d) ???113958;????30628089/32000000
[2026-06-14 04:38:52,350] =========[Otherworld Elf Ruila]?????END??(Fireball)


[2026-06-14 04:38:52,406] ????????[d1806f2b-c67b-4e48-8e65-e94548e56e23]->[b529f2d4-d4e9-4901-804e-f2862c0a9f2d],?????[7]
[2026-06-14 04:38:52,406] ??????????[????,d1806f2b-c67b-4e48-8e65-e94548e56e23]->[Tacoma,b529f2d4-d4e9-4901-804e-f2862c0a9f2d],?????[7]

[2026-06-14 04:38:52,406] >>>>>[????]?????BEGIN??(Thunder Blast), ??=Single Target ATK, targets Ranged Single target, dealing|C:0x34E22C&T:100%+{0}|T:Magic Damage, ???Tacoma, ?????2
[2026-06-14 04:38:52,406] >>>>>[????]?????(Tacoma), ????[16,24]; ????[18,25]
[2026-06-14 04:38:52,406] ?????????1
[2026-06-14 04:38:52,406] >>>>???(????) -> (Tacoma) ?????100, ?????8100, ?????1, ??XP???false
[2026-06-14 04:38:52,406] ?????????(BUFF?)?hit:60,crit:288,critInjure:640,dodge:15,ignoreCrit:0,ignoreCritInjure:0,critBoss:280,critInjureBoss:0
[2026-06-14 04:38:52,406] ?????????(BUFF?)?hit:0,crit:0,critInjure:0,dodge:0,ignoreCrit:0,ignoreCritInjure:0,critBoss:0,critInjureBoss:0
[2026-06-14 04:38:52,406] ?????????(BUFF?)?hit:60,crit:288,critInjure:640,dodge:15,ignoreCrit:0,ignoreCritInjure:0,critBoss:280,critInjureBoss:0
[2026-06-14 04:38:52,406] ?????????(BUFF?)?hit:0,crit:0,critInjure:0,dodge:0,ignoreCrit:0,ignoreCritInjure:0,critBoss:0,critInjureBoss:0
[2026-06-14 04:38:52,406] ?????????(BUFF?)?maxPAtk:574556,maxPDef:335667,maxMDef:307900,ignorePDef:923,ignoreMDef:1836,injureAdd:0,injureIgnore:1000,injureAddBoss:200
[2026-06-14 04:38:52,406] ?????????(BUFF?)?maxPAtk:9600,maxPDef:1550,maxMDef:1550,ignorePDef:0,ignoreMDef:0,injureAdd:0,injureIgnore:0,injureAddBoss:0
[2026-06-14 04:38:52,406] ?????????(BUFF?)?maxPAtk:574556,maxPDef:335667,maxMDef:307900,ignorePDef:923,ignoreMDef:1836,injureAdd:0,injureIgnore:1000,injureAddBoss:200
[2026-06-14 04:38:52,406] ?????????(BUFF?)?maxPAtk:9600,maxPDef:1550,maxMDef:1550,ignorePDef:0,ignoreMDef:0,injureAdd:0,injureIgnore:0,injureAddBoss:0
[2026-06-14 04:38:52,406] ?????594147
[2026-06-14 04:38:52,406] ??????BUFF???594147
[2026-06-14 04:38:52,406] (Tacoma,b529f2d4-d4e9-4901-804e-f2862c0a9f2d) ???594147;????30033942/32000000
[2026-06-14 04:38:52,406] =========[????]?????END??(Thunder Blast)


[2026-06-14 04:38:52,630] ????????[ebc35acd-9d47-43c8-b6d6-2e231c80d600]->[b529f2d4-d4e9-4901-804e-f2862c0a9f2d],?????[1201]
[2026-06-14 04:38:52,630] ??????????[?????,ebc35acd-9d47-43c8-b6d6-2e231c80d600]->[Tacoma,b529f2d4-d4e9-4901-804e-f2862c0a9f2d],?????[1201]

[2026-06-14 04:38:52,630] >>>>>[?????]?????BEGIN??(Fireball), ??=Single Target ATK, uses Magic's power to form a fireball, targeting Single target,deal|C:0x34E22C&T:100%+100|T:Magic Damage., ???Tacoma, ?????2
[2026-06-14 04:38:52,630] >>>>>[?????]?????(Tacoma), ????[14,25]; ????[18,25]
[2026-06-14 04:38:52,630] ?????????1
[2026-06-14 04:38:52,630] >>>>???(?????) -> (Tacoma) ?????100, ?????100, ?????1, ??XP???false
[2026-06-14 04:38:52,630] ?????????(BUFF?)?hit:0,crit:0,critInjure:280,dodge:0,ignoreCrit:0,ignoreCritInjure:0,critBoss:280,critInjureBoss:0
[2026-06-14 04:38:52,630] ?????????(BUFF?)?hit:0,crit:0,critInjure:0,dodge:0,ignoreCrit:0,ignoreCritInjure:0,critBoss:0,critInjureBoss:0
[2026-06-14 04:38:52,630] ?????????(BUFF?)?hit:0,crit:0,critInjure:280,dodge:0,ignoreCrit:0,ignoreCritInjure:0,critBoss:280,critInjureBoss:0
[2026-06-14 04:38:52,630] ?????????(BUFF?)?hit:0,crit:0,critInjure:0,dodge:0,ignoreCrit:0,ignoreCritInjure:0,critBoss:0,critInjureBoss:0
[2026-06-14 04:38:52,630] ?????????(BUFF?)?maxPAtk:157818,maxPDef:88418,maxMDef:66001,ignorePDef:0,ignoreMDef:35218,injureAdd:100,injureIgnore:0,injureAddBoss:200
[2026-06-14 04:38:52,630] ?????????(BUFF?)?maxPAtk:9600,maxPDef:1550,maxMDef:1550,ignorePDef:0,ignoreMDef:0,injureAdd:0,injureIgnore:0,injureAddBoss:0
[2026-06-14 04:38:52,630] ?????????(BUFF?)?maxPAtk:157818,maxPDef:88418,maxMDef:66001,ignorePDef:0,ignoreMDef:35218,injureAdd:100,injureIgnore:0,injureAddBoss:200
[2026-06-14 04:38:52,630] ?????????(BUFF?)?maxPAtk:9600,maxPDef:1550,maxMDef:1550,ignorePDef:0,ignoreMDef:0,injureAdd:0,injureIgnore:0,injureAddBoss:0
[2026-06-14 04:38:52,630] ?????162652
[2026-06-14 04:38:52,630] ??????BUFF???162652
[2026-06-14 04:38:52,630] (Tacoma,b529f2d4-d4e9-4901-804e-f2862c0a9f2d) ???162652;????29871290/32000000
[2026-06-14 04:38:52,631] =========[?????]?????END??(Fireball)

[2026-06-14 04:38:52,894] (????) ???1200;????7574587/7574587

[2026-06-14 04:38:52,898] >>>>>[Tacoma]?????BEGIN??(Boss Melee Attack), ??=NormalATK, ???????, ?????4
[2026-06-14 04:38:52,898] >>>>>[Tacoma]?????(????), ????[18,25]; ????[16,24]
[2026-06-14 04:38:52,898] ?????????1
[2026-06-14 04:38:52,898] >>>>???(Tacoma) -> (????) ?????100, ?????0, ?????0, ??XP???false
[2026-06-14 04:38:52,898] ?????????(BUFF?)?hit:0,crit:0,critInjure:0,dodge:0,ignoreCrit:0,ignoreCritInjure:0,critBoss:0,critInjureBoss:0
[2026-06-14 04:38:52,898] ?????????(BUFF?)?hit:60,crit:288,critInjure:640,dodge:15,ignoreCrit:0,ignoreCritInjure:0,critBoss:280,critInjureBoss:0
[2026-06-14 04:38:52,898] ?????????(BUFF?)?hit:0,crit:0,critInjure:0,dodge:0,ignoreCrit:0,ignoreCritInjure:0,critBoss:0,critInjureBoss:0
[2026-06-14 04:38:52,898] ?????????(BUFF?)?hit:60,crit:288,critInjure:640,dodge:15,ignoreCrit:0,ignoreCritInjure:0,critBoss:280,critInjureBoss:0
[2026-06-14 04:38:52,898] ?????????(BUFF?)?maxPAtk:9600,maxPDef:1550,maxMDef:1550,ignorePDef:0,ignoreMDef:0,injureAdd:0,injureIgnore:0,injureAddBoss:0
[2026-06-14 04:38:52,898] ?????????(BUFF?)?maxPAtk:574556,maxPDef:335667,maxMDef:307900,ignorePDef:923,ignoreMDef:1836,injureAdd:0,injureIgnore:1000,injureAddBoss:200
[2026-06-14 04:38:52,898] ?????????(BUFF?)?maxPAtk:9600,maxPDef:1550,maxMDef:1550,ignorePDef:0,ignoreMDef:0,injureAdd:0,injureIgnore:0,injureAddBoss:0
[2026-06-14 04:38:52,898] ?????????(BUFF?)?maxPAtk:574556,maxPDef:335667,maxMDef:307900,ignorePDef:923,ignoreMDef:1836,injureAdd:0,injureIgnore:1000,injureAddBoss:200
[2026-06-14 04:38:52,898] ?????239
[2026-06-14 04:38:52,898] ??????BUFF???239
[2026-06-14 04:38:52,898] (????,d1806f2b-c67b-4e48-8e65-e94548e56e23) ???239;????7574348/7574587
[2026-06-14 04:38:52,898] =========[Tacoma]?????END??(Boss Melee Attack)


[2026-06-14 04:38:53,010] ????????[65b226f4-3d1c-4a60-838c-6aa6fda1c644]->[b529f2d4-d4e9-4901-804e-f2862c0a9f2d],?????[1201]
[2026-06-14 04:38:53,010] ??????????[?????,65b226f4-3d1c-4a60-838c-6aa6fda1c644]->[Tacoma,b529f2d4-d4e9-4901-804e-f2862c0a9f2d],?????[1201]

[2026-06-14 04:38:53,010] >>>>>[?????]?????BEGIN??(Fireball), ??=Single Target ATK, uses Magic's power to form a fireball, targeting Single target,deal|C:0x34E22C&T:100%+100|T:Magic Damage., ???Tacoma, ?????2
[2026-06-14 04:38:53,010] >>>>>[?????]?????(Tacoma), ????[14,25]; ????[18,25]
[2026-06-14 04:38:53,010] ?????????1
[2026-06-14 04:38:53,010] >>>>???(?????) -> (Tacoma) ?????100, ?????100, ?????1, ??XP???false
[2026-06-14 04:38:53,010] ?????????(BUFF?)?hit:0,crit:0,critInjure:280,dodge:0,ignoreCrit:0,ignoreCritInjure:0,critBoss:280,critInjureBoss:0
[2026-06-14 04:38:53,010] ?????????(BUFF?)?hit:0,crit:0,critInjure:0,dodge:0,ignoreCrit:0,ignoreCritInjure:0,critBoss:0,critInjureBoss:0
[2026-06-14 04:38:53,010] ?????????(BUFF?)?hit:0,crit:0,critInjure:280,dodge:0,ignoreCrit:0,ignoreCritInjure:0,critBoss:280,critInjureBoss:0
[2026-06-14 04:38:53,010] ?????????(BUFF?)?hit:0,crit:0,critInjure:0,dodge:0,ignoreCrit:0,ignoreCritInjure:0,critBoss:0,critInjureBoss:0
[2026-06-14 04:38:53,010] ?????????(BUFF?)?maxPAtk:111567,maxPDef:64884,maxMDef:39246,ignorePDef:0,ignoreMDef:5907,injureAdd:0,injureIgnore:0,injureAddBoss:200
[2026-06-14 04:38:53,010] ?????????(BUFF?)?maxPAtk:9600,maxPDef:1550,maxMDef:1550,ignorePDef:0,ignoreMDef:0,injureAdd:0,injureIgnore:0,injureAddBoss:0
[2026-06-14 04:38:53,010] ?????????(BUFF?)?maxPAtk:111567,maxPDef:64884,maxMDef:39246,ignorePDef:0,ignoreMDef:5907,injureAdd:0,injureIgnore:0,injureAddBoss:200
[2026-06-14 04:38:53,010] ?????????(BUFF?)?maxPAtk:9600,maxPDef:1550,maxMDef:1550,ignorePDef:0,ignoreMDef:0,injureAdd:0,injureIgnore:0,injureAddBoss:0
[2026-06-14 04:38:53,010] ?????113898
[2026-06-14 04:38:53,010] ??????BUFF???113898
[2026-06-14 04:38:53,010] (Tacoma,b529f2d4-d4e9-4901-804e-f2862c0a9f2d) ???113898;????29757392/32000000
[2026-06-14 04:38:53,010] =========[?????]?????END??(Fireball)


[2026-06-14 04:38:53,290] ????????[d1806f2b-c67b-4e48-8e65-e94548e56e23]->[b529f2d4-d4e9-4901-804e-f2862c0a9f2d],?????[7]
[2026-06-14 04:38:53,290] ??????????[????,d1806f2b-c67b-4e48-8e65-e94548e56e23]->[Tacoma,b529f2d4-d4e9-4901-804e-f2862c0a9f2d],?????[7]

[2026-06-14 04:38:53,290] >>>>>[????]?????BEGIN??(Thunder Blast), ??=Single Target ATK, targets Ranged Single target, dealing|C:0x34E22C&T:100%+{0}|T:Magic Damage, ???Tacoma, ?????2
[2026-06-14 04:38:53,290] >>>>>[????]?????(Tacoma), ????[16,24]; ????[18,25]
[2026-06-14 04:38:53,290] ?????????1
[2026-06-14 04:38:53,290] >>>>???(????) -> (Tacoma) ?????100, ?????8100, ?????1, ??XP???false
[2026-06-14 04:38:53,290] ?????????(BUFF?)?hit:60,crit:288,critInjure:640,dodge:15,ignoreCrit:0,ignoreCritInjure:0,critBoss:280,critInjureBoss:0
[2026-06-14 04:38:53,290] ?????????(BUFF?)?hit:0,crit:0,critInjure:0,dodge:0,ignoreCrit:0,ignoreCritInjure:0,critBoss:0,critInjureBoss:0
[2026-06-14 04:38:53,290] ?????????(BUFF?)?hit:60,crit:288,critInjure:640,dodge:15,ignoreCrit:0,ignoreCritInjure:0,critBoss:280,critInjureBoss:0
[2026-06-14 04:38:53,290] ?????????(BUFF?)?hit:0,crit:0,critInjure:0,dodge:0,ignoreCrit:0,ignoreCritInjure:0,critBoss:0,critInjureBoss:0
[2026-06-14 04:38:53,290] ?????????(BUFF?)?maxPAtk:574556,maxPDef:335667,maxMDef:307900,ignorePDef:923,ignoreMDef:1836,injureAdd:0,injureIgnore:1000,injureAddBoss:200
[2026-06-14 04:38:53,290] ?????????(BUFF?)?maxPAtk:9600,maxPDef:1550,maxMDef:1550,ignorePDef:0,ignoreMDef:0,injureAdd:0,injureIgnore:0,injureAddBoss:0
[2026-06-14 04:38:53,290] ?????????(BUFF?)?maxPAtk:574556,maxPDef:335667,maxMDef:307900,ignorePDef:923,ignoreMDef:1836,injureAdd:0,injureIgnore:1000,injureAddBoss:200
[2026-06-14 04:38:53,290] ?????????(BUFF?)?maxPAtk:9600,maxPDef:1550,maxMDef:1550,ignorePDef:0,ignoreMDef:0,injureAdd:0,injureIgnore:0,injureAddBoss:0
[2026-06-14 04:38:53,290] ?????594147
[2026-06-14 04:38:53,290] ??????BUFF???594147
[2026-06-14 04:38:53,290] (Tacoma,b529f2d4-d4e9-4901-804e-f2862c0a9f2d) ???594147;????29163245/32000000
[2026-06-14 04:38:53,290] =========[????]?????END??(Thunder Blast)


[2026-06-14 04:38:53,326] ????????[bd0d352c-abdf-4576-a426-08b6080bd21e]->[b529f2d4-d4e9-4901-804e-f2862c0a9f2d],?????[1201]
[2026-06-14 04:38:53,326] ??????????[Otherworld Elf Ruila,bd0d352c-abdf-4576-a426-08b6080bd21e]->[Tacoma,b529f2d4-d4e9-4901-804e-f2862c0a9f2d],?????[1201]

[2026-06-14 04:38:53,326] >>>>>[Otherworld Elf Ruila]?????BEGIN??(Fireball), ??=Single Target ATK, uses Magic's power to form a fireball, targeting Single target,deal|C:0x34E22C&T:100%+100|T:Magic Damage., ???Tacoma, ?????2
[2026-06-14 04:38:53,326] >>>>>[Otherworld Elf Ruila]?????(Tacoma), ????[14,25]; ????[18,25]
[2026-06-14 04:38:53,326] ?????????1
[2026-06-14 04:38:53,326] >>>>???(Otherworld Elf Ruila) -> (Tacoma) ?????100, ?????100, ?????1, ??XP???false
[2026-06-14 04:38:53,326] ?????????(BUFF?)?hit:0,crit:0,critInjure:280,dodge:0,ignoreCrit:0,ignoreCritInjure:0,critBoss:280,critInjureBoss:0
[2026-06-14 04:38:53,326] ?????????(BUFF?)?hit:0,crit:0,critInjure:0,dodge:0,ignoreCrit:0,ignoreCritInjure:0,critBoss:0,critInjureBoss:0
[2026-06-14 04:38:53,326] ?????????(BUFF?)?hit:0,crit:0,critInjure:280,dodge:0,ignoreCrit:0,ignoreCritInjure:0,critBoss:280,critInjureBoss:0
[2026-06-14 04:38:53,326] ?????????(BUFF?)?hit:0,crit:0,critInjure:0,dodge:0,ignoreCrit:0,ignoreCritInjure:0,critBoss:0,critInjureBoss:0
[2026-06-14 04:38:53,326] ?????????(BUFF?)?maxPAtk:111626,maxPDef:68452,maxMDef:37760,ignorePDef:0,ignoreMDef:6887,injureAdd:0,injureIgnore:0,injureAddBoss:200
[2026-06-14 04:38:53,326] ?????????(BUFF?)?maxPAtk:9600,maxPDef:1550,maxMDef:1550,ignorePDef:0,ignoreMDef:0,injureAdd:0,injureIgnore:0,injureAddBoss:0
[2026-06-14 04:38:53,326] ?????????(BUFF?)?maxPAtk:111626,maxPDef:68452,maxMDef:37760,ignorePDef:0,ignoreMDef:6887,injureAdd:0,injureIgnore:0,injureAddBoss:200
[2026-06-14 04:38:53,326] ?????????(BUFF?)?maxPAtk:9600,maxPDef:1550,maxMDef:1550,ignorePDef:0,ignoreMDef:0,injureAdd:0,injureIgnore:0,injureAddBoss:0
[2026-06-14 04:38:53,326] ?????113958
[2026-06-14 04:38:53,326] ??????BUFF???113958
[2026-06-14 04:38:53,326] (Tacoma,b529f2d4-d4e9-4901-804e-f2862c0a9f2d) ???113958;????29049287/32000000
[2026-06-14 04:38:53,326] =========[Otherworld Elf Ruila]?????END??(Fireball)


[2026-06-14 04:38:53,545] ????????[ebc35acd-9d47-43c8-b6d6-2e231c80d600]->[b529f2d4-d4e9-4901-804e-f2862c0a9f2d],?????[1201]
[2026-06-14 04:38:53,545] ??????????[?????,ebc35acd-9d47-43c8-b6d6-2e231c80d600]->[Tacoma,b529f2d4-d4e9-4901-804e-f2862c0a9f2d],?????[1201]

[2026-06-14 04:38:53,545] >>>>>[?????]?????BEGIN??(Fireball), ??=Single Target ATK, uses Magic's power to form a fireball, targeting Single target,deal|C:0x34E22C&T:100%+100|T:Magic Damage., ???Tacoma, ?????2
[2026-06-14 04:38:53,545] >>>>>[?????]?????(Tacoma), ????[14,25]; ????[18,25]
[2026-06-14 04:38:53,545] ?????????1
[2026-06-14 04:38:53,545] >>>>???(?????) -> (Tacoma) ?????100, ?????100, ?????1, ??XP???false
[2026-06-14 04:38:53,545] ?????????(BUFF?)?hit:0,crit:0,critInjure:280,dodge:0,ignoreCrit:0,ignoreCritInjure:0,critBoss:280,critInjureBoss:0
[2026-06-14 04:38:53,545] ?????????(BUFF?)?hit:0,crit:0,critInjure:0,dodge:0,ignoreCrit:0,ignoreCritInjure:0,critBoss:0,critInjureBoss:0
[2026-06-14 04:38:53,545] ?????????(BUFF?)?hit:0,crit:0,critInjure:280,dodge:0,ignoreCrit:0,ignoreCritInjure:0,critBoss:280,critInjureBoss:0
[2026-06-14 04:38:53,545] ?????????(BUFF?)?hit:0,crit:0,critInjure:0,dodge:0,ignoreCrit:0,ignoreCritInjure:0,critBoss:0,critInjureBoss:0
[2026-06-14 04:38:53,545] ?????????(BUFF?)?maxPAtk:157818,maxPDef:88418,maxMDef:66001,ignorePDef:0,ignoreMDef:35218,injureAdd:100,injureIgnore:0,injureAddBoss:200
[2026-06-14 04:38:53,545] ?????????(BUFF?)?maxPAtk:9600,maxPDef:1550,maxMDef:1550,ignorePDef:0,ignoreMDef:0,injureAdd:0,injureIgnore:0,injureAddBoss:0
[2026-06-14 04:38:53,545] ?????????(BUFF?)?maxPAtk:157818,maxPDef:88418,maxMDef:66001,ignorePDef:0,ignoreMDef:35218,injureAdd:100,injureIgnore:0,injureAddBoss:200
[2026-06-14 04:38:53,545] ?????????(BUFF?)?maxPAtk:9600,maxPDef:1550,maxMDef:1550,ignorePDef:0,ignoreMDef:0,injureAdd:0,injureIgnore:0,injureAddBoss:0
[2026-06-14 04:38:53,545] ?????162652
[2026-06-14 04:38:53,545] ??????BUFF???162652
[2026-06-14 04:38:53,545] (Tacoma,b529f2d4-d4e9-4901-804e-f2862c0a9f2d) ???162652;????28886635/32000000
[2026-06-14 04:38:53,545] =========[?????]?????END??(Fireball)

[2026-06-14 04:38:53,895] (????) ???1200;????7574587/7574587

[2026-06-14 04:38:53,899] >>>>>[Tacoma]?????BEGIN??(Boss Melee Attack), ??=NormalATK, ???????, ?????4
[2026-06-14 04:38:53,899] >>>>>[Tacoma]?????(????), ????[18,25]; ????[16,24]
[2026-06-14 04:38:53,899] ?????????1
[2026-06-14 04:38:53,899] >>>>???(Tacoma) -> (????) ?????100, ?????0, ?????0, ??XP???false
[2026-06-14 04:38:53,899] ?????????(BUFF?)?hit:0,crit:0,critInjure:0,dodge:0,ignoreCrit:0,ignoreCritInjure:0,critBoss:0,critInjureBoss:0
[2026-06-14 04:38:53,899] ?????????(BUFF?)?hit:60,crit:288,critInjure:640,dodge:15,ignoreCrit:0,ignoreCritInjure:0,critBoss:280,critInjureBoss:0
[2026-06-14 04:38:53,899] ?????????(BUFF?)?hit:0,crit:0,critInjure:0,dodge:0,ignoreCrit:0,ignoreCritInjure:0,critBoss:0,critInjureBoss:0
[2026-06-14 04:38:53,899] ?????????(BUFF?)?hit:60,crit:288,critInjure:640,dodge:15,ignoreCrit:0,ignoreCritInjure:0,critBoss:280,critInjureBoss:0
[2026-06-14 04:38:53,899] ?????????(BUFF?)?maxPAtk:9600,maxPDef:1550,maxMDef:1550,ignorePDef:0,ignoreMDef:0,injureAdd:0,injureIgnore:0,injureAddBoss:0
[2026-06-14 04:38:53,899] ?????????(BUFF?)?maxPAtk:574556,maxPDef:335667,maxMDef:307900,ignorePDef:923,ignoreMDef:1836,injureAdd:0,injureIgnore:1000,injureAddBoss:200
[2026-06-14 04:38:53,899] ?????????(BUFF?)?maxPAtk:9600,maxPDef:1550,maxMDef:1550,ignorePDef:0,ignoreMDef:0,injureAdd:0,injureIgnore:0,injureAddBoss:0
[2026-06-14 04:38:53,899] ?????????(BUFF?)?maxPAtk:574556,maxPDef:335667,maxMDef:307900,ignorePDef:923,ignoreMDef:1836,injureAdd:0,injureIgnore:1000,injureAddBoss:200
[2026-06-14 04:38:53,899] ?????239
[2026-06-14 04:38:53,899] ??????BUFF???239
[2026-06-14 04:38:53,899] (????,d1806f2b-c67b-4e48-8e65-e94548e56e23) ???239;????7574348/7574587
[2026-06-14 04:38:53,899] =========[Tacoma]?????END??(Boss Melee Attack)


[2026-06-14 04:38:53,930] ????????[65b226f4-3d1c-4a60-838c-6aa6fda1c644]->[b529f2d4-d4e9-4901-804e-f2862c0a9f2d],?????[1201]
[2026-06-14 04:38:53,930] ??????????[?????,65b226f4-3d1c-4a60-838c-6aa6fda1c644]->[Tacoma,b529f2d4-d4e9-4901-804e-f2862c0a9f2d],?????[1201]

[2026-06-14 04:38:53,930] >>>>>[?????]?????BEGIN??(Fireball), ??=Single Target ATK, uses Magic's power to form a fireball, targeting Single target,deal|C:0x34E22C&T:100%+100|T:Magic Damage., ???Tacoma, ?????2
[2026-06-14 04:38:53,930] >>>>>[?????]?????(Tacoma), ????[14,25]; ????[18,25]
[2026-06-14 04:38:53,930] ?????????1
[2026-06-14 04:38:53,930] >>>>???(?????) -> (Tacoma) ?????100, ?????100, ?????1, ??XP???false
[2026-06-14 04:38:53,930] ?????????(BUFF?)?hit:0,crit:0,critInjure:280,dodge:0,ignoreCrit:0,ignoreCritInjure:0,critBoss:280,critInjureBoss:0
[2026-06-14 04:38:53,930] ?????????(BUFF?)?hit:0,crit:0,critInjure:0,dodge:0,ignoreCrit:0,ignoreCritInjure:0,critBoss:0,critInjureBoss:0
[2026-06-14 04:38:53,930] ?????????(BUFF?)?hit:0,crit:0,critInjure:280,dodge:0,ignoreCrit:0,ignoreCritInjure:0,critBoss:280,critInjureBoss:0
[2026-06-14 04:38:53,930] ?????????(BUFF?)?hit:0,crit:0,critInjure:0,dodge:0,ignoreCrit:0,ignoreCritInjure:0,critBoss:0,critInjureBoss:0
[2026-06-14 04:38:53,930] ?????????(BUFF?)?maxPAtk:111567,maxPDef:64884,maxMDef:39246,ignorePDef:0,ignoreMDef:5907,injureAdd:0,injureIgnore:0,injureAddBoss:200
[2026-06-14 04:38:53,930] ?????????(BUFF?)?maxPAtk:9600,maxPDef:1550,maxMDef:1550,ignorePDef:0,ignoreMDef:0,injureAdd:0,injureIgnore:0,injureAddBoss:0
[2026-06-14 04:38:53,930] ?????????(BUFF?)?maxPAtk:111567,maxPDef:64884,maxMDef:39246,ignorePDef:0,ignoreMDef:5907,injureAdd:0,injureIgnore:0,injureAddBoss:200
[2026-06-14 04:38:53,930] ?????????(BUFF?)?maxPAtk:9600,maxPDef:1550,maxMDef:1550,ignorePDef:0,ignoreMDef:0,injureAdd:0,injureIgnore:0,injureAddBoss:0
[2026-06-14 04:38:53,930] ?????113898
[2026-06-14 04:38:53,930] ??????BUFF???113898
[2026-06-14 04:38:53,930] (Tacoma,b529f2d4-d4e9-4901-804e-f2862c0a9f2d) ???113898;????28772737/32000000
[2026-06-14 04:38:53,930] =========[?????]?????END??(Fireball)


[2026-06-14 04:38:54,207] ????????[d1806f2b-c67b-4e48-8e65-e94548e56e23]->[b529f2d4-d4e9-4901-804e-f2862c0a9f2d],?????[7]
[2026-06-14 04:38:54,207] ??????????[????,d1806f2b-c67b-4e48-8e65-e94548e56e23]->[Tacoma,b529f2d4-d4e9-4901-804e-f2862c0a9f2d],?????[7]

[2026-06-14 04:38:54,207] >>>>>[????]?????BEGIN??(Thunder Blast), ??=Single Target ATK, targets Ranged Single target, dealing|C:0x34E22C&T:100%+{0}|T:Magic Damage, ???Tacoma, ?????2
[2026-06-14 04:38:54,207] >>>>>[????]?????(Tacoma), ????[16,24]; ????[18,25]
[2026-06-14 04:38:54,207] ?????????1
[2026-06-14 04:38:54,207] >>>>???(????) -> (Tacoma) ?????100, ?????8100, ?????1, ??XP???false
[2026-06-14 04:38:54,207] ?????????(BUFF?)?hit:60,crit:288,critInjure:640,dodge:15,ignoreCrit:0,ignoreCritInjure:0,critBoss:280,critInjureBoss:0
[2026-06-14 04:38:54,207] ?????????(BUFF?)?hit:0,crit:0,critInjure:0,dodge:0,ignoreCrit:0,ignoreCritInjure:0,critBoss:0,critInjureBoss:0
[2026-06-14 04:38:54,207] ?????????(BUFF?)?hit:60,crit:288,critInjure:640,dodge:15,ignoreCrit:0,ignoreCritInjure:0,critBoss:280,critInjureBoss:0
[2026-06-14 04:38:54,207] ?????????(BUFF?)?hit:0,crit:0,critInjure:0,dodge:0,ignoreCrit:0,ignoreCritInjure:0,critBoss:0,critInjureBoss:0
[2026-06-14 04:38:54,207] ?????????(BUFF?)?maxPAtk:574556,maxPDef:335667,maxMDef:307900,ignorePDef:923,ignoreMDef:1836,injureAdd:0,injureIgnore:1000,injureAddBoss:200
[2026-06-14 04:38:54,207] ?????????(BUFF?)?maxPAtk:9600,maxPDef:1550,maxMDef:1550,ignorePDef:0,ignoreMDef:0,injureAdd:0,injureIgnore:0,injureAddBoss:0
[2026-06-14 04:38:54,207] ?????????(BUFF?)?maxPAtk:574556,maxPDef:335667,maxMDef:307900,ignorePDef:923,ignoreMDef:1836,injureAdd:0,injureIgnore:1000,injureAddBoss:200
[2026-06-14 04:38:54,207] ?????????(BUFF?)?maxPAtk:9600,maxPDef:1550,maxMDef:1550,ignorePDef:0,ignoreMDef:0,injureAdd:0,injureIgnore:0,injureAddBoss:0
[2026-06-14 04:38:54,207] ?????594147
[2026-06-14 04:38:54,207] ??????BUFF???594147
[2026-06-14 04:38:54,207] (Tacoma,b529f2d4-d4e9-4901-804e-f2862c0a9f2d) ???594147;????28178590/32000000
[2026-06-14 04:38:54,207] =========[????]?????END??(Thunder Blast)


[2026-06-14 04:38:54,207] ????????[bd0d352c-abdf-4576-a426-08b6080bd21e]->[b529f2d4-d4e9-4901-804e-f2862c0a9f2d],?????[1201]
[2026-06-14 04:38:54,207] ??????????[Otherworld Elf Ruila,bd0d352c-abdf-4576-a426-08b6080bd21e]->[Tacoma,b529f2d4-d4e9-4901-804e-f2862c0a9f2d],?????[1201]

[2026-06-14 04:38:54,207] >>>>>[Otherworld Elf Ruila]?????BEGIN??(Fireball), ??=Single Target ATK, uses Magic's power to form a fireball, targeting Single target,deal|C:0x34E22C&T:100%+100|T:Magic Damage., ???Tacoma, ?????2
[2026-06-14 04:38:54,207] >>>>>[Otherworld Elf Ruila]?????(Tacoma), ????[14,25]; ????[18,25]
[2026-06-14 04:38:54,207] ?????????1
[2026-06-14 04:38:54,207] >>>>???(Otherworld Elf Ruila) -> (Tacoma) ?????100, ?????100, ?????1, ??XP???false
[2026-06-14 04:38:54,207] ?????????(BUFF?)?hit:0,crit:0,critInjure:280,dodge:0,ignoreCrit:0,ignoreCritInjure:0,critBoss:280,critInjureBoss:0
[2026-06-14 04:38:54,207] ?????????(BUFF?)?hit:0,crit:0,critInjure:0,dodge:0,ignoreCrit:0,ignoreCritInjure:0,critBoss:0,critInjureBoss:0
[2026-06-14 04:38:54,207] ?????????(BUFF?)?hit:0,crit:0,critInjure:280,dodge:0,ignoreCrit:0,ignoreCritInjure:0,critBoss:280,critInjureBoss:0
[2026-06-14 04:38:54,207] ?????????(BUFF?)?hit:0,crit:0,critInjure:0,dodge:0,ignoreCrit:0,ignoreCritInjure:0,critBoss:0,critInjureBoss:0
[2026-06-14 04:38:54,207] ?????????(BUFF?)?maxPAtk:111626,maxPDef:68452,maxMDef:37760,ignorePDef:0,ignoreMDef:6887,injureAdd:0,injureIgnore:0,injureAddBoss:200
[2026-06-14 04:38:54,207] ?????????(BUFF?)?maxPAtk:9600,maxPDef:1550,maxMDef:1550,ignorePDef:0,ignoreMDef:0,injureAdd:0,injureIgnore:0,injureAddBoss:0
[2026-06-14 04:38:54,207] ?????????(BUFF?)?maxPAtk:111626,maxPDef:68452,maxMDef:37760,ignorePDef:0,ignoreMDef:6887,injureAdd:0,injureIgnore:0,injureAddBoss:200
[2026-06-14 04:38:54,207] ?????????(BUFF?)?maxPAtk:9600,maxPDef:1550,maxMDef:1550,ignorePDef:0,ignoreMDef:0,injureAdd:0,injureIgnore:0,injureAddBoss:0
[2026-06-14 04:38:54,207] ?????113958
[2026-06-14 04:38:54,207] ??????BUFF???113958
[2026-06-14 04:38:54,207] (Tacoma,b529f2d4-d4e9-4901-804e-f2862c0a9f2d) ???113958;????28064632/32000000
[2026-06-14 04:38:54,207] =========[Otherworld Elf Ruila]?????END??(Fireball)


[2026-06-14 04:38:54,444] ????????[ebc35acd-9d47-43c8-b6d6-2e231c80d600]->[b529f2d4-d4e9-4901-804e-f2862c0a9f2d],?????[1201]
[2026-06-14 04:38:54,444] ??????????[?????,ebc35acd-9d47-43c8-b6d6-2e231c80d600]->[Tacoma,b529f2d4-d4e9-4901-804e-f2862c0a9f2d],?????[1201]

[2026-06-14 04:38:54,444] >>>>>[?????]?????BEGIN??(Fireball), ??=Single Target ATK, uses Magic's power to form a fireball, targeting Single target,deal|C:0x34E22C&T:100%+100|T:Magic Damage., ???Tacoma, ?????2
[2026-06-14 04:38:54,444] >>>>>[?????]?????(Tacoma), ????[14,25]; ????[18,25]
[2026-06-14 04:38:54,444] ?????????1
[2026-06-14 04:38:54,444] >>>>???(?????) -> (Tacoma) ?????100, ?????100, ?????1, ??XP???false
[2026-06-14 04:38:54,444] ?????????(BUFF?)?hit:0,crit:0,critInjure:280,dodge:0,ignoreCrit:0,ignoreCritInjure:0,critBoss:280,critInjureBoss:0
[2026-06-14 04:38:54,444] ?????????(BUFF?)?hit:0,crit:0,critInjure:0,dodge:0,ignoreCrit:0,ignoreCritInjure:0,critBoss:0,critInjureBoss:0
[2026-06-14 04:38:54,444] ?????????(BUFF?)?hit:0,crit:0,critInjure:280,dodge:0,ignoreCrit:0,ignoreCritInjure:0,critBoss:280,critInjureBoss:0
[2026-06-14 04:38:54,444] ?????????(BUFF?)?hit:0,crit:0,critInjure:0,dodge:0,ignoreCrit:0,ignoreCritInjure:0,critBoss:0,critInjureBoss:0
[2026-06-14 04:38:54,444] ?????????(BUFF?)?maxPAtk:157818,maxPDef:88418,maxMDef:66001,ignorePDef:0,ignoreMDef:35218,injureAdd:100,injureIgnore:0,injureAddBoss:200
[2026-06-14 04:38:54,444] ?????????(BUFF?)?maxPAtk:9600,maxPDef:1550,maxMDef:1550,ignorePDef:0,ignoreMDef:0,injureAdd:0,injureIgnore:0,injureAddBoss:0
[2026-06-14 04:38:54,444] ?????????(BUFF?)?maxPAtk:157818,maxPDef:88418,maxMDef:66001,ignorePDef:0,ignoreMDef:35218,injureAdd:100,injureIgnore:0,injureAddBoss:200
[2026-06-14 04:38:54,444] ?????????(BUFF?)?maxPAtk:9600,maxPDef:1550,maxMDef:1550,ignorePDef:0,ignoreMDef:0,injureAdd:0,injureIgnore:0,injureAddBoss:0
[2026-06-14 04:38:54,444] ?????162652
[2026-06-14 04:38:54,444] ??????BUFF???162652
[2026-06-14 04:38:54,444] (Tacoma,b529f2d4-d4e9-4901-804e-f2862c0a9f2d) ???162652;????27901980/32000000
[2026-06-14 04:38:54,444] =========[?????]?????END??(Fireball)

[2026-06-14 04:38:54,896] (????) ???1200;????7574587/7574587

[2026-06-14 04:38:54,900] >>>>>[Tacoma]?????BEGIN??(Boss Melee Attack), ??=NormalATK, ???????, ?????4
[2026-06-14 04:38:54,900] >>>>>[Tacoma]?????(????), ????[18,25]; ????[16,24]
[2026-06-14 04:38:54,900] ?????????1
[2026-06-14 04:38:54,900] >>>>???(Tacoma) -> (????) ?????100, ?????0, ?????0, ??XP???false
[2026-06-14 04:38:54,900] ?????????(BUFF?)?hit:0,crit:0,critInjure:0,dodge:0,ignoreCrit:0,ignoreCritInjure:0,critBoss:0,critInjureBoss:0
[2026-06-14 04:38:54,900] ?????????(BUFF?)?hit:60,crit:288,critInjure:640,dodge:15,ignoreCrit:0,ignoreCritInjure:0,critBoss:280,critInjureBoss:0
[2026-06-14 04:38:54,900] ?????????(BUFF?)?hit:0,crit:0,critInjure:0,dodge:0,ignoreCrit:0,ignoreCritInjure:0,critBoss:0,critInjureBoss:0
[2026-06-14 04:38:54,900] ?????????(BUFF?)?hit:60,crit:288,critInjure:640,dodge:15,ignoreCrit:0,ignoreCritInjure:0,critBoss:280,critInjureBoss:0
[2026-06-14 04:38:54,900] ?????????(BUFF?)?maxPAtk:9600,maxPDef:1550,maxMDef:1550,ignorePDef:0,ignoreMDef:0,injureAdd:0,injureIgnore:0,injureAddBoss:0
[2026-06-14 04:38:54,900] ?????????(BUFF?)?maxPAtk:574556,maxPDef:335667,maxMDef:307900,ignorePDef:923,ignoreMDef:1836,injureAdd:0,injureIgnore:1000,injureAddBoss:200
[2026-06-14 04:38:54,900] ?????????(BUFF?)?maxPAtk:9600,maxPDef:1550,maxMDef:1550,ignorePDef:0,ignoreMDef:0,injureAdd:0,injureIgnore:0,injureAddBoss:0
[2026-06-14 04:38:54,900] ?????????(BUFF?)?maxPAtk:574556,maxPDef:335667,maxMDef:307900,ignorePDef:923,ignoreMDef:1836,injureAdd:0,injureIgnore:1000,injureAddBoss:200
[2026-06-14 04:38:54,900] ?????239
[2026-06-14 04:38:54,900] ??????BUFF???239
[2026-06-14 04:38:54,900] (????,d1806f2b-c67b-4e48-8e65-e94548e56e23) ???239;????7574348/7574587
[2026-06-14 04:38:54,900] =========[Tacoma]?????END??(Boss Melee Attack)


[2026-06-14 04:38:55,086] ????????[65b226f4-3d1c-4a60-838c-6aa6fda1c644]->[b529f2d4-d4e9-4901-804e-f2862c0a9f2d],?????[1201]
[2026-06-14 04:38:55,086] ??????????[?????,65b226f4-3d1c-4a60-838c-6aa6fda1c644]->[Tacoma,b529f2d4-d4e9-4901-804e-f2862c0a9f2d],?????[1201]

[2026-06-14 04:38:55,086] >>>>>[?????]?????BEGIN??(Fireball), ??=Single Target ATK, uses Magic's power to form a fireball, targeting Single target,deal|C:0x34E22C&T:100%+100|T:Magic Damage., ???Tacoma, ?????2
[2026-06-14 04:38:55,086] >>>>>[?????]?????(Tacoma), ????[14,25]; ????[18,25]
[2026-06-14 04:38:55,086] ?????????1
[2026-06-14 04:38:55,086] >>>>???(?????) -> (Tacoma) ?????100, ?????100, ?????1, ??XP???false
[2026-06-14 04:38:55,086] ?????????(BUFF?)?hit:0,crit:0,critInjure:280,dodge:0,ignoreCrit:0,ignoreCritInjure:0,critBoss:280,critInjureBoss:0
[2026-06-14 04:38:55,086] ?????????(BUFF?)?hit:0,crit:0,critInjure:0,dodge:0,ignoreCrit:0,ignoreCritInjure:0,critBoss:0,critInjureBoss:0
[2026-06-14 04:38:55,086] ?????????(BUFF?)?hit:0,crit:0,critInjure:280,dodge:0,ignoreCrit:0,ignoreCritInjure:0,critBoss:280,critInjureBoss:0
[2026-06-14 04:38:55,086] ?????????(BUFF?)?hit:0,crit:0,critInjure:0,dodge:0,ignoreCrit:0,ignoreCritInjure:0,critBoss:0,critInjureBoss:0
[2026-06-14 04:38:55,086] ?????????(BUFF?)?maxPAtk:111567,maxPDef:64884,maxMDef:39246,ignorePDef:0,ignoreMDef:5907,injureAdd:0,injureIgnore:0,injureAddBoss:200
[2026-06-14 04:38:55,086] ?????????(BUFF?)?maxPAtk:9600,maxPDef:1550,maxMDef:1550,ignorePDef:0,ignoreMDef:0,injureAdd:0,injureIgnore:0,injureAddBoss:0
[2026-06-14 04:38:55,086] ?????????(BUFF?)?maxPAtk:111567,maxPDef:64884,maxMDef:39246,ignorePDef:0,ignoreMDef:5907,injureAdd:0,injureIgnore:0,injureAddBoss:200
[2026-06-14 04:38:55,086] ?????????(BUFF?)?maxPAtk:9600,maxPDef:1550,maxMDef:1550,ignorePDef:0,ignoreMDef:0,injureAdd:0,injureIgnore:0,injureAddBoss:0
[2026-06-14 04:38:55,086] ?????113898
[2026-06-14 04:38:55,086] ??????BUFF???113898
[2026-06-14 04:38:55,086] (Tacoma,b529f2d4-d4e9-4901-804e-f2862c0a9f2d) ???113898;????27788082/32000000
[2026-06-14 04:38:55,086] =========[?????]?????END??(Fireball)


[2026-06-14 04:38:55,124] ????????[d1806f2b-c67b-4e48-8e65-e94548e56e23]->[b529f2d4-d4e9-4901-804e-f2862c0a9f2d],?????[7]
[2026-06-14 04:38:55,124] ??????????[????,d1806f2b-c67b-4e48-8e65-e94548e56e23]->[Tacoma,b529f2d4-d4e9-4901-804e-f2862c0a9f2d],?????[7]

[2026-06-14 04:38:55,124] >>>>>[????]?????BEGIN??(Thunder Blast), ??=Single Target ATK, targets Ranged Single target, dealing|C:0x34E22C&T:100%+{0}|T:Magic Damage, ???Tacoma, ?????2
[2026-06-14 04:38:55,124] >>>>>[????]?????(Tacoma), ????[16,24]; ????[18,25]
[2026-06-14 04:38:55,124] ?????????1
[2026-06-14 04:38:55,124] >>>>???(????) -> (Tacoma) ?????100, ?????8100, ?????1, ??XP???false
[2026-06-14 04:38:55,124] ?????????(BUFF?)?hit:60,crit:288,critInjure:640,dodge:15,ignoreCrit:0,ignoreCritInjure:0,critBoss:280,critInjureBoss:0
[2026-06-14 04:38:55,124] ?????????(BUFF?)?hit:0,crit:0,critInjure:0,dodge:0,ignoreCrit:0,ignoreCritInjure:0,critBoss:0,critInjureBoss:0
[2026-06-14 04:38:55,124] ?????????(BUFF?)?hit:60,crit:288,critInjure:640,dodge:15,ignoreCrit:0,ignoreCritInjure:0,critBoss:280,critInjureBoss:0
[2026-06-14 04:38:55,124] ?????????(BUFF?)?hit:0,crit:0,critInjure:0,dodge:0,ignoreCrit:0,ignoreCritInjure:0,critBoss:0,critInjureBoss:0
[2026-06-14 04:38:55,124] ?????????(BUFF?)?maxPAtk:574556,maxPDef:335667,maxMDef:307900,ignorePDef:923,ignoreMDef:1836,injureAdd:0,injureIgnore:1000,injureAddBoss:200
[2026-06-14 04:38:55,124] ?????????(BUFF?)?maxPAtk:9600,maxPDef:1550,maxMDef:1550,ignorePDef:0,ignoreMDef:0,injureAdd:0,injureIgnore:0,injureAddBoss:0
[2026-06-14 04:38:55,124] ?????????(BUFF?)?maxPAtk:574556,maxPDef:335667,maxMDef:307900,ignorePDef:923,ignoreMDef:1836,injureAdd:0,injureIgnore:1000,injureAddBoss:200
[2026-06-14 04:38:55,124] ?????????(BUFF?)?maxPAtk:9600,maxPDef:1550,maxMDef:1550,ignorePDef:0,ignoreMDef:0,injureAdd:0,injureIgnore:0,injureAddBoss:0
[2026-06-14 04:38:55,124] ?????594147
[2026-06-14 04:38:55,124] ??????BUFF???594147
[2026-06-14 04:38:55,124] (Tacoma,b529f2d4-d4e9-4901-804e-f2862c0a9f2d) ???594147;????27193935/32000000
[2026-06-14 04:38:55,124] =========[????]?????END??(Thunder Blast)


[2026-06-14 04:38:55,134] ????????[bd0d352c-abdf-4576-a426-08b6080bd21e]->[b529f2d4-d4e9-4901-804e-f2862c0a9f2d],?????[1201]
[2026-06-14 04:38:55,134] ??????????[Otherworld Elf Ruila,bd0d352c-abdf-4576-a426-08b6080bd21e]->[Tacoma,b529f2d4-d4e9-4901-804e-f2862c0a9f2d],?????[1201]

[2026-06-14 04:38:55,134] >>>>>[Otherworld Elf Ruila]?????BEGIN??(Fireball), ??=Single Target ATK, uses Magic's power to form a fireball, targeting Single target,deal|C:0x34E22C&T:100%+100|T:Magic Damage., ???Tacoma, ?????2
[2026-06-14 04:38:55,134] >>>>>[Otherworld Elf Ruila]?????(Tacoma), ????[14,25]; ????[18,25]
[2026-06-14 04:38:55,134] ?????????1
[2026-06-14 04:38:55,134] >>>>???(Otherworld Elf Ruila) -> (Tacoma) ?????100, ?????100, ?????1, ??XP???false
[2026-06-14 04:38:55,134] ?????????(BUFF?)?hit:0,crit:0,critInjure:280,dodge:0,ignoreCrit:0,ignoreCritInjure:0,critBoss:280,critInjureBoss:0
[2026-06-14 04:38:55,134] ?????????(BUFF?)?hit:0,crit:0,critInjure:0,dodge:0,ignoreCrit:0,ignoreCritInjure:0,critBoss:0,critInjureBoss:0
[2026-06-14 04:38:55,134] ?????????(BUFF?)?hit:0,crit:0,critInjure:280,dodge:0,ignoreCrit:0,ignoreCritInjure:0,critBoss:280,critInjureBoss:0
[2026-06-14 04:38:55,134] ?????????(BUFF?)?hit:0,crit:0,critInjure:0,dodge:0,ignoreCrit:0,ignoreCritInjure:0,critBoss:0,critInjureBoss:0
[2026-06-14 04:38:55,134] ?????????(BUFF?)?maxPAtk:111626,maxPDef:68452,maxMDef:37760,ignorePDef:0,ignoreMDef:6887,injureAdd:0,injureIgnore:0,injureAddBoss:200
[2026-06-14 04:38:55,134] ?????????(BUFF?)?maxPAtk:9600,maxPDef:1550,maxMDef:1550,ignorePDef:0,ignoreMDef:0,injureAdd:0,injureIgnore:0,injureAddBoss:0
[2026-06-14 04:38:55,134] ?????????(BUFF?)?maxPAtk:111626,maxPDef:68452,maxMDef:37760,ignorePDef:0,ignoreMDef:6887,injureAdd:0,injureIgnore:0,injureAddBoss:200
[2026-06-14 04:38:55,134] ?????????(BUFF?)?maxPAtk:9600,maxPDef:1550,maxMDef:1550,ignorePDef:0,ignoreMDef:0,injureAdd:0,injureIgnore:0,injureAddBoss:0
[2026-06-14 04:38:55,134] ?????113958
[2026-06-14 04:38:55,134] ??????BUFF???113958
[2026-06-14 04:38:55,134] (Tacoma,b529f2d4-d4e9-4901-804e-f2862c0a9f2d) ???113958;????27079977/32000000
[2026-06-14 04:38:55,134] =========[Otherworld Elf Ruila]?????END??(Fireball)


[2026-06-14 04:38:55,346] ????????[ebc35acd-9d47-43c8-b6d6-2e231c80d600]->[b529f2d4-d4e9-4901-804e-f2862c0a9f2d],?????[1201]
[2026-06-14 04:38:55,346] ??????????[?????,ebc35acd-9d47-43c8-b6d6-2e231c80d600]->[Tacoma,b529f2d4-d4e9-4901-804e-f2862c0a9f2d],?????[1201]

[2026-06-14 04:38:55,346] >>>>>[?????]?????BEGIN??(Fireball), ??=Single Target ATK, uses Magic's power to form a fireball, targeting Single target,deal|C:0x34E22C&T:100%+100|T:Magic Damage., ???Tacoma, ?????2
[2026-06-14 04:38:55,346] >>>>>[?????]?????(Tacoma), ????[14,25]; ????[18,25]
[2026-06-14 04:38:55,346] ?????????1
[2026-06-14 04:38:55,346] >>>>???(?????) -> (Tacoma) ?????100, ?????100, ?????1, ??XP???false
[2026-06-14 04:38:55,346] ?????????(BUFF?)?hit:0,crit:0,critInjure:280,dodge:0,ignoreCrit:0,ignoreCritInjure:0,critBoss:280,critInjureBoss:0
[2026-06-14 04:38:55,346] ?????????(BUFF?)?hit:0,crit:0,critInjure:0,dodge:0,ignoreCrit:0,ignoreCritInjure:0,critBoss:0,critInjureBoss:0
[2026-06-14 04:38:55,346] ?????????(BUFF?)?hit:0,crit:0,critInjure:280,dodge:0,ignoreCrit:0,ignoreCritInjure:0,critBoss:280,critInjureBoss:0
[2026-06-14 04:38:55,346] ?????????(BUFF?)?hit:0,crit:0,critInjure:0,dodge:0,ignoreCrit:0,ignoreCritInjure:0,critBoss:0,critInjureBoss:0
[2026-06-14 04:38:55,346] ?????????(BUFF?)?maxPAtk:157818,maxPDef:88418,maxMDef:66001,ignorePDef:0,ignoreMDef:35218,injureAdd:100,injureIgnore:0,injureAddBoss:200
[2026-06-14 04:38:55,346] ?????????(BUFF?)?maxPAtk:9600,maxPDef:1550,maxMDef:1550,ignorePDef:0,ignoreMDef:0,injureAdd:0,injureIgnore:0,injureAddBoss:0
[2026-06-14 04:38:55,346] ?????????(BUFF?)?maxPAtk:157818,maxPDef:88418,maxMDef:66001,ignorePDef:0,ignoreMDef:35218,injureAdd:100,injureIgnore:0,injureAddBoss:200
[2026-06-14 04:38:55,346] ?????????(BUFF?)?maxPAtk:9600,maxPDef:1550,maxMDef:1550,ignorePDef:0,ignoreMDef:0,injureAdd:0,injureIgnore:0,injureAddBoss:0
[2026-06-14 04:38:55,346] ??~~
[2026-06-14 04:38:55,346] ?????248479
[2026-06-14 04:38:55,346] ??????BUFF???248479
[2026-06-14 04:38:55,346] (Tacoma,b529f2d4-d4e9-4901-804e-f2862c0a9f2d) ???248479;????26831498/32000000
[2026-06-14 04:38:55,346] =========[?????]?????END??(Fireball)


[2026-06-14 04:38:55,740] ????????[65b226f4-3d1c-4a60-838c-6aa6fda1c644]->[b529f2d4-d4e9-4901-804e-f2862c0a9f2d],?????[1201]
[2026-06-14 04:38:55,740] ??????????[?????,65b226f4-3d1c-4a60-838c-6aa6fda1c644]->[Tacoma,b529f2d4-d4e9-4901-804e-f2862c0a9f2d],?????[1201]

[2026-06-14 04:38:55,740] >>>>>[?????]?????BEGIN??(Fireball), ??=Single Target ATK, uses Magic's power to form a fireball, targeting Single target,deal|C:0x34E22C&T:100%+100|T:Magic Damage., ???Tacoma, ?????2
[2026-06-14 04:38:55,740] >>>>>[?????]?????(Tacoma), ????[14,25]; ????[18,25]
[2026-06-14 04:38:55,740] ?????????1
[2026-06-14 04:38:55,740] >>>>???(?????) -> (Tacoma) ?????100, ?????100, ?????1, ??XP???false
[2026-06-14 04:38:55,740] ?????????(BUFF?)?hit:0,crit:0,critInjure:280,dodge:0,ignoreCrit:0,ignoreCritInjure:0,critBoss:280,critInjureBoss:0
[2026-06-14 04:38:55,740] ?????????(BUFF?)?hit:0,crit:0,critInjure:0,dodge:0,ignoreCrit:0,ignoreCritInjure:0,critBoss:0,critInjureBoss:0
[2026-06-14 04:38:55,740] ?????????(BUFF?)?hit:0,crit:0,critInjure:280,dodge:0,ignoreCrit:0,ignoreCritInjure:0,critBoss:280,critInjureBoss:0
[2026-06-14 04:38:55,740] ?????????(BUFF?)?hit:0,crit:0,critInjure:0,dodge:0,ignoreCrit:0,ignoreCritInjure:0,critBoss:0,critInjureBoss:0
[2026-06-14 04:38:55,740] ?????????(BUFF?)?maxPAtk:111567,maxPDef:64884,maxMDef:39246,ignorePDef:0,ignoreMDef:5907,injureAdd:0,injureIgnore:0,injureAddBoss:200
[2026-06-14 04:38:55,740] ?????????(BUFF?)?maxPAtk:9600,maxPDef:1550,maxMDef:1550,ignorePDef:0,ignoreMDef:0,injureAdd:0,injureIgnore:0,injureAddBoss:0
[2026-06-14 04:38:55,740] ?????????(BUFF?)?maxPAtk:111567,maxPDef:64884,maxMDef:39246,ignorePDef:0,ignoreMDef:5907,injureAdd:0,injureIgnore:0,injureAddBoss:200
[2026-06-14 04:38:55,740] ?????????(BUFF?)?maxPAtk:9600,maxPDef:1550,maxMDef:1550,ignorePDef:0,ignoreMDef:0,injureAdd:0,injureIgnore:0,injureAddBoss:0
[2026-06-14 04:38:55,740] ?????113898
[2026-06-14 04:38:55,740] ??????BUFF???113898
[2026-06-14 04:38:55,740] (Tacoma,b529f2d4-d4e9-4901-804e-f2862c0a9f2d) ???113898;????26717600/32000000
[2026-06-14 04:38:55,740] =========[?????]?????END??(Fireball)

[2026-06-14 04:38:55,897] (????) ???1200;????7574587/7574587

[2026-06-14 04:38:55,901] >>>>>[Tacoma]?????BEGIN??(Boss Melee Attack), ??=NormalATK, ???????, ?????4
[2026-06-14 04:38:55,901] >>>>>[Tacoma]?????(????), ????[18,25]; ????[16,24]
[2026-06-14 04:38:55,901] ?????????1
[2026-06-14 04:38:55,901] >>>>???(Tacoma) -> (????) ?????100, ?????0, ?????0, ??XP???false
[2026-06-14 04:38:55,901] ?????????(BUFF?)?hit:0,crit:0,critInjure:0,dodge:0,ignoreCrit:0,ignoreCritInjure:0,critBoss:0,critInjureBoss:0
[2026-06-14 04:38:55,901] ?????????(BUFF?)?hit:60,crit:288,critInjure:640,dodge:15,ignoreCrit:0,ignoreCritInjure:0,critBoss:280,critInjureBoss:0
[2026-06-14 04:38:55,901] ?????????(BUFF?)?hit:0,crit:0,critInjure:0,dodge:0,ignoreCrit:0,ignoreCritInjure:0,critBoss:0,critInjureBoss:0
[2026-06-14 04:38:55,901] ?????????(BUFF?)?hit:60,crit:288,critInjure:640,dodge:15,ignoreCrit:0,ignoreCritInjure:0,critBoss:280,critInjureBoss:0
[2026-06-14 04:38:55,901] ?????????(BUFF?)?maxPAtk:9600,maxPDef:1550,maxMDef:1550,ignorePDef:0,ignoreMDef:0,injureAdd:0,injureIgnore:0,injureAddBoss:0
[2026-06-14 04:38:55,901] ?????????(BUFF?)?maxPAtk:574556,maxPDef:335667,maxMDef:307900,ignorePDef:923,ignoreMDef:1836,injureAdd:0,injureIgnore:1000,injureAddBoss:200
[2026-06-14 04:38:55,901] ?????????(BUFF?)?maxPAtk:9600,maxPDef:1550,maxMDef:1550,ignorePDef:0,ignoreMDef:0,injureAdd:0,injureIgnore:0,injureAddBoss:0
[2026-06-14 04:38:55,901] ?????????(BUFF?)?maxPAtk:574556,maxPDef:335667,maxMDef:307900,ignorePDef:923,ignoreMDef:1836,injureAdd:0,injureIgnore:1000,injureAddBoss:200
[2026-06-14 04:38:55,901] ?????239
[2026-06-14 04:38:55,901] ??????BUFF???239
[2026-06-14 04:38:55,901] (????,d1806f2b-c67b-4e48-8e65-e94548e56e23) ???239;????7574348/7574587
[2026-06-14 04:38:55,901] =========[Tacoma]?????END??(Boss Melee Attack)


[2026-06-14 04:38:56,024] ????????[d1806f2b-c67b-4e48-8e65-e94548e56e23]->[b529f2d4-d4e9-4901-804e-f2862c0a9f2d],?????[8]
[2026-06-14 04:38:56,024] ??????????[????,d1806f2b-c67b-4e48-8e65-e94548e56e23]->[Tacoma,b529f2d4-d4e9-4901-804e-f2862c0a9f2d],?????[8]

[2026-06-14 04:38:56,024] >>>>>[????]?????BEGIN??(Wind Bead), ??=AoE ATK, targets Ranged AoE, dealing|C:0x34E22C&T:80%+{0}|T:Magic Damage, ???Tacoma, ?????2
[2026-06-14 04:38:56,024] >>>>>[????]?????(Tacoma), ????[16,24]; ????[18,25]
[2026-06-14 04:38:56,024] ?????????1
[2026-06-14 04:38:56,024] >>>>???(????) -> (Tacoma) ?????80, ?????8100, ?????1, ??XP???false
[2026-06-14 04:38:56,024] ?????????(BUFF?)?hit:60,crit:288,critInjure:640,dodge:15,ignoreCrit:0,ignoreCritInjure:0,critBoss:280,critInjureBoss:0
[2026-06-14 04:38:56,024] ?????????(BUFF?)?hit:0,crit:0,critInjure:0,dodge:0,ignoreCrit:0,ignoreCritInjure:0,critBoss:0,critInjureBoss:0
[2026-06-14 04:38:56,024] ?????????(BUFF?)?hit:60,crit:288,critInjure:640,dodge:15,ignoreCrit:0,ignoreCritInjure:0,critBoss:280,critInjureBoss:0
[2026-06-14 04:38:56,024] ?????????(BUFF?)?hit:0,crit:0,critInjure:0,dodge:0,ignoreCrit:0,ignoreCritInjure:0,critBoss:0,critInjureBoss:0
[2026-06-14 04:38:56,024] ?????????(BUFF?)?maxPAtk:574556,maxPDef:335667,maxMDef:307900,ignorePDef:923,ignoreMDef:1836,injureAdd:0,injureIgnore:1000,injureAddBoss:200
[2026-06-14 04:38:56,024] ?????????(BUFF?)?maxPAtk:9600,maxPDef:1550,maxMDef:1550,ignorePDef:0,ignoreMDef:0,injureAdd:0,injureIgnore:0,injureAddBoss:0
[2026-06-14 04:38:56,024] ?????????(BUFF?)?maxPAtk:574556,maxPDef:335667,maxMDef:307900,ignorePDef:923,ignoreMDef:1836,injureAdd:0,injureIgnore:1000,injureAddBoss:200
[2026-06-14 04:38:56,024] ?????????(BUFF?)?maxPAtk:9600,maxPDef:1550,maxMDef:1550,ignorePDef:0,ignoreMDef:0,injureAdd:0,injureIgnore:0,injureAddBoss:0
[2026-06-14 04:38:56,024] ?????476937
[2026-06-14 04:38:56,024] ??????BUFF???476937
[2026-06-14 04:38:56,024] (Tacoma,b529f2d4-d4e9-4901-804e-f2862c0a9f2d) ???476937;????26240663/32000000
[2026-06-14 04:38:56,024] [????]???????(Bloodthirst), ??=2000, buffStr=401011, ???????
[2026-06-14 04:38:56,024] [????]??BUFF?(Bloodthirst[1301]), ????=0, ??=4000
[2026-06-14 04:38:56,024] [????]??BUFF?(Bloodthirst), ??=will |C:0x34E22C&T:40%|T:damage damage converted to own HP, ?????0
[2026-06-14 04:38:56,024] (????) ???190774;????7574587/7574587
[2026-06-14 04:38:56,024] =========[????]?????END??(Wind Bead)


[2026-06-14 04:38:56,024] ????????[bd0d352c-abdf-4576-a426-08b6080bd21e]->[b529f2d4-d4e9-4901-804e-f2862c0a9f2d],?????[1201]
[2026-06-14 04:38:56,024] ??????????[Otherworld Elf Ruila,bd0d352c-abdf-4576-a426-08b6080bd21e]->[Tacoma,b529f2d4-d4e9-4901-804e-f2862c0a9f2d],?????[1201]

[2026-06-14 04:38:56,024] >>>>>[Otherworld Elf Ruila]?????BEGIN??(Fireball), ??=Single Target ATK, uses Magic's power to form a fireball, targeting Single target,deal|C:0x34E22C&T:100%+100|T:Magic Damage., ???Tacoma, ?????2
[2026-06-14 04:38:56,024] >>>>>[Otherworld Elf Ruila]?????(Tacoma), ????[14,25]; ????[18,25]
[2026-06-14 04:38:56,024] ?????????1
[2026-06-14 04:38:56,024] >>>>???(Otherworld Elf Ruila) -> (Tacoma) ?????100, ?????100, ?????1, ??XP???false
[2026-06-14 04:38:56,024] ?????????(BUFF?)?hit:0,crit:0,critInjure:280,dodge:0,ignoreCrit:0,ignoreCritInjure:0,critBoss:280,critInjureBoss:0
[2026-06-14 04:38:56,024] ?????????(BUFF?)?hit:0,crit:0,critInjure:0,dodge:0,ignoreCrit:0,ignoreCritInjure:0,critBoss:0,critInjureBoss:0
[2026-06-14 04:38:56,024] ?????????(BUFF?)?hit:0,crit:0,critInjure:280,dodge:0,ignoreCrit:0,ignoreCritInjure:0,critBoss:280,critInjureBoss:0
[2026-06-14 04:38:56,024] ?????????(BUFF?)?hit:0,crit:0,critInjure:0,dodge:0,ignoreCrit:0,ignoreCritInjure:0,critBoss:0,critInjureBoss:0
[2026-06-14 04:38:56,024] ?????????(BUFF?)?maxPAtk:111626,maxPDef:68452,maxMDef:37760,ignorePDef:0,ignoreMDef:6887,injureAdd:0,injureIgnore:0,injureAddBoss:200
[2026-06-14 04:38:56,024] ?????????(BUFF?)?maxPAtk:9600,maxPDef:1550,maxMDef:1550,ignorePDef:0,ignoreMDef:0,injureAdd:0,injureIgnore:0,injureAddBoss:0
[2026-06-14 04:38:56,024] ?????????(BUFF?)?maxPAtk:111626,maxPDef:68452,maxMDef:37760,ignorePDef:0,ignoreMDef:6887,injureAdd:0,injureIgnore:0,injureAddBoss:200
[2026-06-14 04:38:56,024] ?????????(BUFF?)?maxPAtk:9600,maxPDef:1550,maxMDef:1550,ignorePDef:0,ignoreMDef:0,injureAdd:0,injureIgnore:0,injureAddBoss:0
[2026-06-14 04:38:56,024] ?????113958
[2026-06-14 04:38:56,024] ??????BUFF???113958
[2026-06-14 04:38:56,024] (Tacoma,b529f2d4-d4e9-4901-804e-f2862c0a9f2d) ???113958;????26126705/32000000
[2026-06-14 04:38:56,024] =========[Otherworld Elf Ruila]?????END??(Fireball)

[2026-06-14 04:38:56,025] [????]??BUFF?(Bloodthirst[1301])

[2026-06-14 04:38:56,304] ????????[ebc35acd-9d47-43c8-b6d6-2e231c80d600]->[b529f2d4-d4e9-4901-804e-f2862c0a9f2d],?????[1201]
[2026-06-14 04:38:56,304] ??????????[?????,ebc35acd-9d47-43c8-b6d6-2e231c80d600]->[Tacoma,b529f2d4-d4e9-4901-804e-f2862c0a9f2d],?????[1201]

[2026-06-14 04:38:56,304] >>>>>[?????]?????BEGIN??(Fireball), ??=Single Target ATK, uses Magic's power to form a fireball, targeting Single target,deal|C:0x34E22C&T:100%+100|T:Magic Damage., ???Tacoma, ?????2
[2026-06-14 04:38:56,304] >>>>>[?????]?????(Tacoma), ????[14,25]; ????[18,25]
[2026-06-14 04:38:56,304] ?????????1
[2026-06-14 04:38:56,304] >>>>???(?????) -> (Tacoma) ?????100, ?????100, ?????1, ??XP???false
[2026-06-14 04:38:56,304] ?????????(BUFF?)?hit:0,crit:0,critInjure:280,dodge:0,ignoreCrit:0,ignoreCritInjure:0,critBoss:280,critInjureBoss:0
[2026-06-14 04:38:56,304] ?????????(BUFF?)?hit:0,crit:0,critInjure:0,dodge:0,ignoreCrit:0,ignoreCritInjure:0,critBoss:0,critInjureBoss:0
[2026-06-14 04:38:56,304] ?????????(BUFF?)?hit:0,crit:0,critInjure:280,dodge:0,ignoreCrit:0,ignoreCritInjure:0,critBoss:280,critInjureBoss:0
[2026-06-14 04:38:56,304] ?????????(BUFF?)?hit:0,crit:0,critInjure:0,dodge:0,ignoreCrit:0,ignoreCritInjure:0,critBoss:0,critInjureBoss:0
[2026-06-14 04:38:56,304] ?????????(BUFF?)?maxPAtk:157818,maxPDef:88418,maxMDef:66001,ignorePDef:0,ignoreMDef:35218,injureAdd:100,injureIgnore:0,injureAddBoss:200
[2026-06-14 04:38:56,304] ?????????(BUFF?)?maxPAtk:9600,maxPDef:1550,maxMDef:1550,ignorePDef:0,ignoreMDef:0,injureAdd:0,injureIgnore:0,injureAddBoss:0
[2026-06-14 04:38:56,304] ?????????(BUFF?)?maxPAtk:157818,maxPDef:88418,maxMDef:66001,ignorePDef:0,ignoreMDef:35218,injureAdd:100,injureIgnore:0,injureAddBoss:200
[2026-06-14 04:38:56,304] ?????????(BUFF?)?maxPAtk:9600,maxPDef:1550,maxMDef:1550,ignorePDef:0,ignoreMDef:0,injureAdd:0,injureIgnore:0,injureAddBoss:0
[2026-06-14 04:38:56,304] ?????162652
[2026-06-14 04:38:56,304] ??????BUFF???162652
[2026-06-14 04:38:56,304] (Tacoma,b529f2d4-d4e9-4901-804e-f2862c0a9f2d) ???162652;????25964053/32000000
[2026-06-14 04:38:56,304] =========[?????]?????END??(Fireball)


[2026-06-14 04:38:56,665] ????????[65b226f4-3d1c-4a60-838c-6aa6fda1c644]->[b529f2d4-d4e9-4901-804e-f2862c0a9f2d],?????[1201]
[2026-06-14 04:38:56,665] ??????????[?????,65b226f4-3d1c-4a60-838c-6aa6fda1c644]->[Tacoma,b529f2d4-d4e9-4901-804e-f2862c0a9f2d],?????[1201]

[2026-06-14 04:38:56,665] >>>>>[?????]?????BEGIN??(Fireball), ??=Single Target ATK, uses Magic's power to form a fireball, targeting Single target,deal|C:0x34E22C&T:100%+100|T:Magic Damage., ???Tacoma, ?????2
[2026-06-14 04:38:56,665] >>>>>[?????]?????(Tacoma), ????[14,25]; ????[18,25]
[2026-06-14 04:38:56,665] ?????????1
[2026-06-14 04:38:56,665] >>>>???(?????) -> (Tacoma) ?????100, ?????100, ?????1, ??XP???false
[2026-06-14 04:38:56,665] ?????????(BUFF?)?hit:0,crit:0,critInjure:280,dodge:0,ignoreCrit:0,ignoreCritInjure:0,critBoss:280,critInjureBoss:0
[2026-06-14 04:38:56,665] ?????????(BUFF?)?hit:0,crit:0,critInjure:0,dodge:0,ignoreCrit:0,ignoreCritInjure:0,critBoss:0,critInjureBoss:0
[2026-06-14 04:38:56,665] ?????????(BUFF?)?hit:0,crit:0,critInjure:280,dodge:0,ignoreCrit:0,ignoreCritInjure:0,critBoss:280,critInjureBoss:0
[2026-06-14 04:38:56,665] ?????????(BUFF?)?hit:0,crit:0,critInjure:0,dodge:0,ignoreCrit:0,ignoreCritInjure:0,critBoss:0,critInjureBoss:0
[2026-06-14 04:38:56,665] ?????????(BUFF?)?maxPAtk:111567,maxPDef:64884,maxMDef:39246,ignorePDef:0,ignoreMDef:5907,injureAdd:0,injureIgnore:0,injureAddBoss:200
[2026-06-14 04:38:56,665] ?????????(BUFF?)?maxPAtk:9600,maxPDef:1550,maxMDef:1550,ignorePDef:0,ignoreMDef:0,injureAdd:0,injureIgnore:0,injureAddBoss:0
[2026-06-14 04:38:56,665] ?????????(BUFF?)?maxPAtk:111567,maxPDef:64884,maxMDef:39246,ignorePDef:0,ignoreMDef:5907,injureAdd:0,injureIgnore:0,injureAddBoss:200
[2026-06-14 04:38:56,665] ?????????(BUFF?)?maxPAtk:9600,maxPDef:1550,maxMDef:1550,ignorePDef:0,ignoreMDef:0,injureAdd:0,injureIgnore:0,injureAddBoss:0
[2026-06-14 04:38:56,665] ?????113898
[2026-06-14 04:38:56,665] ??????BUFF???113898
[2026-06-14 04:38:56,665] (Tacoma,b529f2d4-d4e9-4901-804e-f2862c0a9f2d) ???113898;????25850155/32000000
[2026-06-14 04:38:56,665] =========[?????]?????END??(Fireball)

[2026-06-14 04:38:56,897] (????) ???1200;????7574587/7574587

[2026-06-14 04:38:56,903] >>>>>[Tacoma]?????BEGIN??(Boss Melee Attack), ??=NormalATK, ???????, ?????4
[2026-06-14 04:38:56,903] >>>>>[Tacoma]?????(????), ????[18,25]; ????[16,24]
[2026-06-14 04:38:56,903] ?????????1
[2026-06-14 04:38:56,903] >>>>???(Tacoma) -> (????) ?????100, ?????0, ?????0, ??XP???false
[2026-06-14 04:38:56,903] ?????????(BUFF?)?hit:0,crit:0,critInjure:0,dodge:0,ignoreCrit:0,ignoreCritInjure:0,critBoss:0,critInjureBoss:0
[2026-06-14 04:38:56,903] ?????????(BUFF?)?hit:60,crit:288,critInjure:640,dodge:15,ignoreCrit:0,ignoreCritInjure:0,critBoss:280,critInjureBoss:0
[2026-06-14 04:38:56,903] ?????????(BUFF?)?hit:0,crit:0,critInjure:0,dodge:0,ignoreCrit:0,ignoreCritInjure:0,critBoss:0,critInjureBoss:0
[2026-06-14 04:38:56,903] ?????????(BUFF?)?hit:60,crit:288,critInjure:640,dodge:15,ignoreCrit:0,ignoreCritInjure:0,critBoss:280,critInjureBoss:0
[2026-06-14 04:38:56,903] ?????????(BUFF?)?maxPAtk:9600,maxPDef:1550,maxMDef:1550,ignorePDef:0,ignoreMDef:0,injureAdd:0,injureIgnore:0,injureAddBoss:0
[2026-06-14 04:38:56,903] ?????????(BUFF?)?maxPAtk:574556,maxPDef:335667,maxMDef:307900,ignorePDef:923,ignoreMDef:1836,injureAdd:0,injureIgnore:1000,injureAddBoss:200
[2026-06-14 04:38:56,903] ?????????(BUFF?)?maxPAtk:9600,maxPDef:1550,maxMDef:1550,ignorePDef:0,ignoreMDef:0,injureAdd:0,injureIgnore:0,injureAddBoss:0
[2026-06-14 04:38:56,903] ?????????(BUFF?)?maxPAtk:574556,maxPDef:335667,maxMDef:307900,ignorePDef:923,ignoreMDef:1836,injureAdd:0,injureIgnore:1000,injureAddBoss:200
[2026-06-14 04:38:56,903] ?????239
[2026-06-14 04:38:56,903] ??????BUFF???239
[2026-06-14 04:38:56,903] (????,d1806f2b-c67b-4e48-8e65-e94548e56e23) ???239;????7574348/7574587
[2026-06-14 04:38:56,903] =========[Tacoma]?????END??(Boss Melee Attack)


[2026-06-14 04:38:56,950] ????????[d1806f2b-c67b-4e48-8e65-e94548e56e23]->[b529f2d4-d4e9-4901-804e-f2862c0a9f2d],?????[7]
[2026-06-14 04:38:56,950] ??????????[????,d1806f2b-c67b-4e48-8e65-e94548e56e23]->[Tacoma,b529f2d4-d4e9-4901-804e-f2862c0a9f2d],?????[7]

[2026-06-14 04:38:56,950] >>>>>[????]?????BEGIN??(Thunder Blast), ??=Single Target ATK, targets Ranged Single target, dealing|C:0x34E22C&T:100%+{0}|T:Magic Damage, ???Tacoma, ?????2
[2026-06-14 04:38:56,950] >>>>>[????]?????(Tacoma), ????[16,24]; ????[18,25]
[2026-06-14 04:38:56,950] ?????????1
[2026-06-14 04:38:56,950] >>>>???(????) -> (Tacoma) ?????100, ?????8100, ?????1, ??XP???false
[2026-06-14 04:38:56,950] ?????????(BUFF?)?hit:60,crit:288,critInjure:640,dodge:15,ignoreCrit:0,ignoreCritInjure:0,critBoss:280,critInjureBoss:0
[2026-06-14 04:38:56,950] ?????????(BUFF?)?hit:0,crit:0,critInjure:0,dodge:0,ignoreCrit:0,ignoreCritInjure:0,critBoss:0,critInjureBoss:0
[2026-06-14 04:38:56,950] ?????????(BUFF?)?hit:60,crit:288,critInjure:640,dodge:15,ignoreCrit:0,ignoreCritInjure:0,critBoss:280,critInjureBoss:0
[2026-06-14 04:38:56,950] ?????????(BUFF?)?hit:0,crit:0,critInjure:0,dodge:0,ignoreCrit:0,ignoreCritInjure:0,critBoss:0,critInjureBoss:0
[2026-06-14 04:38:56,950] ?????????(BUFF?)?maxPAtk:574556,maxPDef:335667,maxMDef:307900,ignorePDef:923,ignoreMDef:1836,injureAdd:0,injureIgnore:1000,injureAddBoss:200
[2026-06-14 04:38:56,950] ?????????(BUFF?)?maxPAtk:9600,maxPDef:1550,maxMDef:1550,ignorePDef:0,ignoreMDef:0,injureAdd:0,injureIgnore:0,injureAddBoss:0
[2026-06-14 04:38:56,950] ?????????(BUFF?)?maxPAtk:574556,maxPDef:335667,maxMDef:307900,ignorePDef:923,ignoreMDef:1836,injureAdd:0,injureIgnore:1000,injureAddBoss:200
[2026-06-14 04:38:56,950] ?????????(BUFF?)?maxPAtk:9600,maxPDef:1550,maxMDef:1550,ignorePDef:0,ignoreMDef:0,injureAdd:0,injureIgnore:0,injureAddBoss:0
[2026-06-14 04:38:56,950] ?????594147
[2026-06-14 04:38:56,950] ??????BUFF???594147
[2026-06-14 04:38:56,950] (Tacoma,b529f2d4-d4e9-4901-804e-f2862c0a9f2d) ???594147;????25256008/32000000
[2026-06-14 04:38:56,950] =========[????]?????END??(Thunder Blast)


[2026-06-14 04:38:56,950] ????????[bd0d352c-abdf-4576-a426-08b6080bd21e]->[b529f2d4-d4e9-4901-804e-f2862c0a9f2d],?????[1201]
[2026-06-14 04:38:56,950] ??????????[Otherworld Elf Ruila,bd0d352c-abdf-4576-a426-08b6080bd21e]->[Tacoma,b529f2d4-d4e9-4901-804e-f2862c0a9f2d],?????[1201]

[2026-06-14 04:38:56,950] >>>>>[Otherworld Elf Ruila]?????BEGIN??(Fireball), ??=Single Target ATK, uses Magic's power to form a fireball, targeting Single target,deal|C:0x34E22C&T:100%+100|T:Magic Damage., ???Tacoma, ?????2
[2026-06-14 04:38:56,950] >>>>>[Otherworld Elf Ruila]?????(Tacoma), ????[14,25]; ????[18,25]
[2026-06-14 04:38:56,950] ?????????1
[2026-06-14 04:38:56,950] >>>>???(Otherworld Elf Ruila) -> (Tacoma) ?????100, ?????100, ?????1, ??XP???false
[2026-06-14 04:38:56,950] ?????????(BUFF?)?hit:0,crit:0,critInjure:280,dodge:0,ignoreCrit:0,ignoreCritInjure:0,critBoss:280,critInjureBoss:0
[2026-06-14 04:38:56,950] ?????????(BUFF?)?hit:0,crit:0,critInjure:0,dodge:0,ignoreCrit:0,ignoreCritInjure:0,critBoss:0,critInjureBoss:0
[2026-06-14 04:38:56,950] ?????????(BUFF?)?hit:0,crit:0,critInjure:280,dodge:0,ignoreCrit:0,ignoreCritInjure:0,critBoss:280,critInjureBoss:0
[2026-06-14 04:38:56,950] ?????????(BUFF?)?hit:0,crit:0,critInjure:0,dodge:0,ignoreCrit:0,ignoreCritInjure:0,critBoss:0,critInjureBoss:0
[2026-06-14 04:38:56,950] ?????????(BUFF?)?maxPAtk:111626,maxPDef:68452,maxMDef:37760,ignorePDef:0,ignoreMDef:6887,injureAdd:0,injureIgnore:0,injureAddBoss:200
[2026-06-14 04:38:56,950] ?????????(BUFF?)?maxPAtk:9600,maxPDef:1550,maxMDef:1550,ignorePDef:0,ignoreMDef:0,injureAdd:0,injureIgnore:0,injureAddBoss:0
[2026-06-14 04:38:56,950] ?????????(BUFF?)?maxPAtk:111626,maxPDef:68452,maxMDef:37760,ignorePDef:0,ignoreMDef:6887,injureAdd:0,injureIgnore:0,injureAddBoss:200
[2026-06-14 04:38:56,950] ?????????(BUFF?)?maxPAtk:9600,maxPDef:1550,maxMDef:1550,ignorePDef:0,ignoreMDef:0,injureAdd:0,injureIgnore:0,injureAddBoss:0
[2026-06-14 04:38:56,950] ?????113958
[2026-06-14 04:38:56,950] ??????BUFF???113958
[2026-06-14 04:38:56,950] (Tacoma,b529f2d4-d4e9-4901-804e-f2862c0a9f2d) ???113958;????25142050/32000000
[2026-06-14 04:38:56,950] =========[Otherworld Elf Ruila]?????END??(Fireball)


[2026-06-14 04:38:57,151] ????????[ebc35acd-9d47-43c8-b6d6-2e231c80d600]->[b529f2d4-d4e9-4901-804e-f2862c0a9f2d],?????[1201]
[2026-06-14 04:38:57,151] ??????????[?????,ebc35acd-9d47-43c8-b6d6-2e231c80d600]->[Tacoma,b529f2d4-d4e9-4901-804e-f2862c0a9f2d],?????[1201]

[2026-06-14 04:38:57,151] >>>>>[?????]?????BEGIN??(Fireball), ??=Single Target ATK, uses Magic's power to form a fireball, targeting Single target,deal|C:0x34E22C&T:100%+100|T:Magic Damage., ???Tacoma, ?????2
[2026-06-14 04:38:57,151] >>>>>[?????]?????(Tacoma), ????[14,25]; ????[18,25]
[2026-06-14 04:38:57,151] ?????????1
[2026-06-14 04:38:57,151] >>>>???(?????) -> (Tacoma) ?????100, ?????100, ?????1, ??XP???false
[2026-06-14 04:38:57,151] ?????????(BUFF?)?hit:0,crit:0,critInjure:280,dodge:0,ignoreCrit:0,ignoreCritInjure:0,critBoss:280,critInjureBoss:0
[2026-06-14 04:38:57,151] ?????????(BUFF?)?hit:0,crit:0,critInjure:0,dodge:0,ignoreCrit:0,ignoreCritInjure:0,critBoss:0,critInjureBoss:0
[2026-06-14 04:38:57,151] ?????????(BUFF?)?hit:0,crit:0,critInjure:280,dodge:0,ignoreCrit:0,ignoreCritInjure:0,critBoss:280,critInjureBoss:0
[2026-06-14 04:38:57,151] ?????????(BUFF?)?hit:0,crit:0,critInjure:0,dodge:0,ignoreCrit:0,ignoreCritInjure:0,critBoss:0,critInjureBoss:0
[2026-06-14 04:38:57,151] ?????????(BUFF?)?maxPAtk:157818,maxPDef:88418,maxMDef:66001,ignorePDef:0,ignoreMDef:35218,injureAdd:100,injureIgnore:0,injureAddBoss:200
[2026-06-14 04:38:57,151] ?????????(BUFF?)?maxPAtk:9600,maxPDef:1550,maxMDef:1550,ignorePDef:0,ignoreMDef:0,injureAdd:0,injureIgnore:0,injureAddBoss:0
[2026-06-14 04:38:57,151] ?????????(BUFF?)?maxPAtk:157818,maxPDef:88418,maxMDef:66001,ignorePDef:0,ignoreMDef:35218,injureAdd:100,injureIgnore:0,injureAddBoss:200
[2026-06-14 04:38:57,151] ?????????(BUFF?)?maxPAtk:9600,maxPDef:1550,maxMDef:1550,ignorePDef:0,ignoreMDef:0,injureAdd:0,injureIgnore:0,injureAddBoss:0
[2026-06-14 04:38:57,151] ?????162652
[2026-06-14 04:38:57,151] ??????BUFF???162652
[2026-06-14 04:38:57,151] (Tacoma,b529f2d4-d4e9-4901-804e-f2862c0a9f2d) ???162652;????24979398/32000000
[2026-06-14 04:38:57,151] =========[?????]?????END??(Fireball)


[2026-06-14 04:38:57,565] ????????[65b226f4-3d1c-4a60-838c-6aa6fda1c644]->[b529f2d4-d4e9-4901-804e-f2862c0a9f2d],?????[1201]
[2026-06-14 04:38:57,565] ??????????[?????,65b226f4-3d1c-4a60-838c-6aa6fda1c644]->[Tacoma,b529f2d4-d4e9-4901-804e-f2862c0a9f2d],?????[1201]

[2026-06-14 04:38:57,565] >>>>>[?????]?????BEGIN??(Fireball), ??=Single Target ATK, uses Magic's power to form a fireball, targeting Single target,deal|C:0x34E22C&T:100%+100|T:Magic Damage., ???Tacoma, ?????2
[2026-06-14 04:38:57,565] >>>>>[?????]?????(Tacoma), ????[14,25]; ????[18,25]
[2026-06-14 04:38:57,565] ?????????1
[2026-06-14 04:38:57,565] >>>>???(?????) -> (Tacoma) ?????100, ?????100, ?????1, ??XP???false
[2026-06-14 04:38:57,565] ?????????(BUFF?)?hit:0,crit:0,critInjure:280,dodge:0,ignoreCrit:0,ignoreCritInjure:0,critBoss:280,critInjureBoss:0
[2026-06-14 04:38:57,565] ?????????(BUFF?)?hit:0,crit:0,critInjure:0,dodge:0,ignoreCrit:0,ignoreCritInjure:0,critBoss:0,critInjureBoss:0
[2026-06-14 04:38:57,565] ?????????(BUFF?)?hit:0,crit:0,critInjure:280,dodge:0,ignoreCrit:0,ignoreCritInjure:0,critBoss:280,cr