???? @ MGChapterBossDataRef...OK
???? @ MGChapterDataRef...OK
MGPetContractDataRef ????????! ??????????!
???? @ MGMoyuSkillLevelDataRef...OK
???? @ MGEquipBodyAreaEnchantingDataRef...OK
???? @ MGCopyDataRef...OK
MGPetKnightDataRef ????????! ??????????!
MGUnionSkillDataRef ????????! ??????????!
???? @ MGDropLibDataRef...OK
???? @ MGEquipBodyAreaGemDataRef...OK
MGBuffDataRef ????????! ??????????!
MGWingLevelDataRef ????????! ??????????!
???? @ MGCopyBossDataRef...OK
MGDataSettingDataRef ????????! ??????????!
MGGameMailDataRef ????????! ??????????!
???? @ MGEquipBodyAreaGhostDataRef...OK
MGHeroDiLongZhiLeiDataRef ????????! ??????????!
???? @ MGMainTaskDataRef...OK
MGPetSkillLvDataRef ????????! ??????????!
???? @ MGRobotNameDataRef...OK
MGHeroPhantomPartDataRef ????????! ??????????!
MGUnionTotemDataRef ????????! ??????????!
MGPetEnhanceDataRef ????????! ??????????!
MGUnionTaskDataRef ????????! ??????????!
MGHeroShenGeDataRef ????????! ??????????!
MGPetTalentLvDataRef ????????! ??????????!
MGGodBoxDataRef ????????! ??????????!
MGPetTalentDataRef ????????! ??????????!
MGHeroMarkDataRef ????????! ??????????!
MGheroPhantomDataRef ????????! ??????????!
???? @ MGFashionDataRef...OK
MGLifeSoulDataRef ????????! ??????????!
MGItemAlarmDataRef ????????! ??????????!
???? @ MGStoreDataRef...OK
MGActivityRewardDataRef ????????! ??????????!
MGPetChangeDataRef ????????! ??????????!
MGLostTempleMonsterDataRef ????????! ??????????!
???? @ ItemRef...OK
???? @ MGLadderDataRef...OK
???? @ MGMoyuSkillDataRef...OK
MGAchieveTaskBoxDataRef ????????! ??????????!
MGWingSkillDataRef ????????! ??????????!
MGDailyTaskDataRef ????????! ??????????!
MGActivityMatchingDataRef ????????! ??????????!
???? @ MGNvShengActiveDataRef...OK
MGRewardWuJinBoxDataRef ????????! ??????????!
MGPetBeastSoulDataRef ????????! ??????????!
???? @ MGMapDataRef...OK
MGAchieveTaskDataRef ????????! ??????????!
MGTarotRef ????????! ??????????!
MGSignDataRef ????????! ??????????!
MGLifeSoulRelicDataRef ????????! ??????????!
MGActivityOpenServiceGiftDataRef ????????! ??????????!
MGPetLevelDataRef ????????! ??????????!
MGHolidaySetingDataRef ????????! ??????????!
MGFightSoulDataRef ????????! ??????????!
MGMergeSettingDataRef ????????! ??????????!
MGHeroRuniDataRef ????????! ??????????!
MGHaoHuaZhuanPanDataRef ????????! ??????????!
MGStarChartDataRef ????????! ??????????!
???? @ MGRankRewardDataRef...OK
MGPetStepDataRef ????????! ??????????!
???? @ MGFunctionOpenDataRef...OK
MGEquipSuitDataRef ????????! ??????????!
MGActivityRankDataRef ????????! ??????????!
???? @ MGRobotDataRef...OK
MGMergeRewardDataRef ????????! ??????????!
MGPortalBossDataRef ????????! ??????????!
MGHeroPhantomSkillLvDataRef ????????! ??????????!
MGActivitySettingDataRef ????????! ??????????!
MGHandbookLvDataRef ????????! ??????????!
MGPetMysteryEggDataRef ????????! ??????????!
MGPetGrowthDataRef ????????! ??????????!
MGHolidayRewardDataRef ????????! ??????????!
???? @ MGNvShengUpgradeDataRef...OK
MGMergeBuyDataRef ????????! ??????????!
MGShrineDataRef ????????! ??????????!
MGSysNoticeDataRef ????????! ??????????!
MGPetEvolveDataRef ????????! ??????????!
MGGameRechargeDataRef ????????! ??????????!
???? @ MGNvShengDataRef...OK
MGHolidayTaskDataRef ????????! ??????????!
???? @ MGCharactorXiuShenDataRef...OK
MGHolidayDaoJuZhuanPanDataRef ????????! ??????????!
MGUnionDataRef ????????! ??????????!
MGPetDataRef ????????! ??????????!
MGHolidayBuyDataRef ????????! ??????????!
MGLostTempleDataRef ????????! ??????????!
MGHandbookSuitDataRef ????????! ??????????!
MGWingEquipDataRef ????????! ??????????!
MGShopMysteryDataRef ????????! ??????????!
???? @ UnPropsItemRef...OK
MGLifeSoulLineDataRef ????????! ??????????!
???? @ MGLadderRankRewardDataRef...OK
MGVIPDataRef ????????! ??????????!
MGItemComposeDataRef ????????! ??????????!
MGGameFunctionGiftDataRef ????????! ??????????!
???? @ MGUnionManorDataRef...OK
MGWingActiveDataRef ????????! ??????????!
MGSkillRangeDataRef ????????! ??????????!
MGMinerDataRef ????????! ??????????!
MGMergeRankDataRef ????????! ??????????!
MGHeroNobilityDataRef ????????! ??????????!
MGheroPhantomActivationDataRef ????????! ??????????!
???? @ MGCharacterBornDataRef...OK
???? @ MGShengHunSuitDataRef...OK
MGLuckyTurnTableDataRef ????????! ??????????!
MGStarSuitDataRef ????????! ??????????!
MGSceneActivityDataRef ????????! ??????????!
???? @ ArenaRewardRef...OK
???? @ MGGiftBagConfig...OK
???? @ PlayerProfessionRef...OK
???? @ GameConstantRef...OK
MGVersionDataRef ????????! ??????????!
??????
