数据检验 @ MGChapterBossDataRef...OK
数据检验 @ MGChapterDataRef...OK
MGPetContractDataRef 没有执行数据检验! 没有对应的数据检查器!
数据检验 @ MGMoyuSkillLevelDataRef...OK
数据检验 @ MGEquipBodyAreaEnchantingDataRef...OK
数据检验 @ MGCopyDataRef...OK
MGPetKnightDataRef 没有执行数据检验! 没有对应的数据检查器!
MGUnionSkillDataRef 没有执行数据检验! 没有对应的数据检查器!
数据检验 @ MGDropLibDataRef...OK
数据检验 @ MGEquipBodyAreaGemDataRef...OK
MGBuffDataRef 没有执行数据检验! 没有对应的数据检查器!
MGWingLevelDataRef 没有执行数据检验! 没有对应的数据检查器!
数据检验 @ MGCopyBossDataRef...OK
MGDataSettingDataRef 没有执行数据检验! 没有对应的数据检查器!
MGGameMailDataRef 没有执行数据检验! 没有对应的数据检查器!
数据检验 @ MGEquipBodyAreaGhostDataRef...OK
MGHeroDiLongZhiLeiDataRef 没有执行数据检验! 没有对应的数据检查器!
数据检验 @ MGMainTaskDataRef...OK
MGPetSkillLvDataRef 没有执行数据检验! 没有对应的数据检查器!
数据检验 @ MGRobotNameDataRef...OK
MGHeroPhantomPartDataRef 没有执行数据检验! 没有对应的数据检查器!
MGUnionTotemDataRef 没有执行数据检验! 没有对应的数据检查器!
MGPetEnhanceDataRef 没有执行数据检验! 没有对应的数据检查器!
MGUnionTaskDataRef 没有执行数据检验! 没有对应的数据检查器!
MGHeroShenGeDataRef 没有执行数据检验! 没有对应的数据检查器!
MGPetTalentLvDataRef 没有执行数据检验! 没有对应的数据检查器!
MGGodBoxDataRef 没有执行数据检验! 没有对应的数据检查器!
MGPetTalentDataRef 没有执行数据检验! 没有对应的数据检查器!
MGHeroMarkDataRef 没有执行数据检验! 没有对应的数据检查器!
MGheroPhantomDataRef 没有执行数据检验! 没有对应的数据检查器!
数据检验 @ MGFashionDataRef...OK
MGLifeSoulDataRef 没有执行数据检验! 没有对应的数据检查器!
MGItemAlarmDataRef 没有执行数据检验! 没有对应的数据检查器!
数据检验 @ MGStoreDataRef...OK
MGActivityRewardDataRef 没有执行数据检验! 没有对应的数据检查器!
MGPetChangeDataRef 没有执行数据检验! 没有对应的数据检查器!
MGLostTempleMonsterDataRef 没有执行数据检验! 没有对应的数据检查器!
数据检验 @ ItemRef...OK
数据检验 @ MGLadderDataRef...OK
数据检验 @ MGMoyuSkillDataRef...OK
MGAchieveTaskBoxDataRef 没有执行数据检验! 没有对应的数据检查器!
MGWingSkillDataRef 没有执行数据检验! 没有对应的数据检查器!
MGDailyTaskDataRef 没有执行数据检验! 没有对应的数据检查器!
MGActivityMatchingDataRef 没有执行数据检验! 没有对应的数据检查器!
数据检验 @ MGNvShengActiveDataRef...OK
MGRewardWuJinBoxDataRef 没有执行数据检验! 没有对应的数据检查器!
MGPetBeastSoulDataRef 没有执行数据检验! 没有对应的数据检查器!
数据检验 @ MGMapDataRef...OK
MGAchieveTaskDataRef 没有执行数据检验! 没有对应的数据检查器!
MGTarotRef 没有执行数据检验! 没有对应的数据检查器!
MGSignDataRef 没有执行数据检验! 没有对应的数据检查器!
MGLifeSoulRelicDataRef 没有执行数据检验! 没有对应的数据检查器!
MGActivityOpenServiceGiftDataRef 没有执行数据检验! 没有对应的数据检查器!
MGPetLevelDataRef 没有执行数据检验! 没有对应的数据检查器!
MGHolidaySetingDataRef 没有执行数据检验! 没有对应的数据检查器!
MGFightSoulDataRef 没有执行数据检验! 没有对应的数据检查器!
MGMergeSettingDataRef 没有执行数据检验! 没有对应的数据检查器!
MGHeroRuniDataRef 没有执行数据检验! 没有对应的数据检查器!
MGHaoHuaZhuanPanDataRef 没有执行数据检验! 没有对应的数据检查器!
MGStarChartDataRef 没有执行数据检验! 没有对应的数据检查器!
数据检验 @ MGRankRewardDataRef...OK
MGPetStepDataRef 没有执行数据检验! 没有对应的数据检查器!
数据检验 @ MGFunctionOpenDataRef...OK
MGEquipSuitDataRef 没有执行数据检验! 没有对应的数据检查器!
MGActivityRankDataRef 没有执行数据检验! 没有对应的数据检查器!
数据检验 @ MGRobotDataRef...OK
MGMergeRewardDataRef 没有执行数据检验! 没有对应的数据检查器!
MGPortalBossDataRef 没有执行数据检验! 没有对应的数据检查器!
MGHeroPhantomSkillLvDataRef 没有执行数据检验! 没有对应的数据检查器!
MGActivitySettingDataRef 没有执行数据检验! 没有对应的数据检查器!
MGHandbookLvDataRef 没有执行数据检验! 没有对应的数据检查器!
MGPetMysteryEggDataRef 没有执行数据检验! 没有对应的数据检查器!
MGPetGrowthDataRef 没有执行数据检验! 没有对应的数据检查器!
MGHolidayRewardDataRef 没有执行数据检验! 没有对应的数据检查器!
数据检验 @ MGNvShengUpgradeDataRef...OK
MGMergeBuyDataRef 没有执行数据检验! 没有对应的数据检查器!
MGShrineDataRef 没有执行数据检验! 没有对应的数据检查器!
MGSysNoticeDataRef 没有执行数据检验! 没有对应的数据检查器!
MGPetEvolveDataRef 没有执行数据检验! 没有对应的数据检查器!
MGGameRechargeDataRef 没有执行数据检验! 没有对应的数据检查器!
数据检验 @ MGNvShengDataRef...OK
MGHolidayTaskDataRef 没有执行数据检验! 没有对应的数据检查器!
数据检验 @ MGCharactorXiuShenDataRef...OK
MGHolidayDaoJuZhuanPanDataRef 没有执行数据检验! 没有对应的数据检查器!
MGUnionDataRef 没有执行数据检验! 没有对应的数据检查器!
MGPetDataRef 没有执行数据检验! 没有对应的数据检查器!
MGHolidayBuyDataRef 没有执行数据检验! 没有对应的数据检查器!
MGLostTempleDataRef 没有执行数据检验! 没有对应的数据检查器!
MGHandbookSuitDataRef 没有执行数据检验! 没有对应的数据检查器!
MGWingEquipDataRef 没有执行数据检验! 没有对应的数据检查器!
MGShopMysteryDataRef 没有执行数据检验! 没有对应的数据检查器!
数据检验 @ UnPropsItemRef...OK
MGLifeSoulLineDataRef 没有执行数据检验! 没有对应的数据检查器!
数据检验 @ MGLadderRankRewardDataRef...OK
MGVIPDataRef 没有执行数据检验! 没有对应的数据检查器!
MGItemComposeDataRef 没有执行数据检验! 没有对应的数据检查器!
MGGameFunctionGiftDataRef 没有执行数据检验! 没有对应的数据检查器!
数据检验 @ MGUnionManorDataRef...OK
MGWingActiveDataRef 没有执行数据检验! 没有对应的数据检查器!
MGSkillRangeDataRef 没有执行数据检验! 没有对应的数据检查器!
MGMinerDataRef 没有执行数据检验! 没有对应的数据检查器!
MGMergeRankDataRef 没有执行数据检验! 没有对应的数据检查器!
MGHeroNobilityDataRef 没有执行数据检验! 没有对应的数据检查器!
MGheroPhantomActivationDataRef 没有执行数据检验! 没有对应的数据检查器!
数据检验 @ MGCharacterBornDataRef...OK
数据检验 @ MGShengHunSuitDataRef...OK
MGLuckyTurnTableDataRef 没有执行数据检验! 没有对应的数据检查器!
MGStarSuitDataRef 没有执行数据检验! 没有对应的数据检查器!
MGSceneActivityDataRef 没有执行数据检验! 没有对应的数据检查器!
数据检验 @ ArenaRewardRef...OK
数据检验 @ MGGiftBagConfig...OK
数据检验 @ PlayerProfessionRef...OK
数据检验 @ GameConstantRef...OK
MGVersionDataRef 没有执行数据检验! 没有对应的数据检查器!
完成数据校验
