26-06-14 01:50:10,855 INFO  sophia.foundation.core.ContextResolver - Foundation Task Service Running......
26-06-14 01:50:14,256 INFO  sophia.game.plugIns.data.DataPlugIn - DataService was running.
26-06-14 01:50:14,257 INFO  sophia.game.plugIns.taskManager.TaskManagerPlugIn - TaskService was running.
26-06-14 01:55:53,492 INFO  sophia.foundation.core.ContextResolver - Foundation Task Service Running......
26-06-14 01:55:57,911 INFO  sophia.game.plugIns.data.DataPlugIn - DataService was running.
26-06-14 01:55:57,911 INFO  sophia.game.plugIns.taskManager.TaskManagerPlugIn - TaskService was running.
26-06-14 02:06:28,513 INFO  sophia.foundation.core.ContextResolver - Foundation Task Service Running......
26-06-14 02:06:32,593 INFO  sophia.game.plugIns.data.DataPlugIn - DataService was running.
26-06-14 02:06:32,593 INFO  sophia.game.plugIns.taskManager.TaskManagerPlugIn - TaskService was running.
26-06-14 02:15:27,777 INFO  sophia.foundation.core.ContextResolver - Foundation Task Service Running......
26-06-14 02:15:31,228 INFO  sophia.game.plugIns.data.DataPlugIn - DataService was running.
26-06-14 02:15:31,228 INFO  sophia.game.plugIns.taskManager.TaskManagerPlugIn - TaskService was running.
26-06-14 02:16:16,336 INFO  sophia.foundation.core.ContextResolver - Foundation Task Service Running......
26-06-14 02:16:20,229 INFO  sophia.game.plugIns.data.DataPlugIn - DataService was running.
26-06-14 02:16:20,229 INFO  sophia.game.plugIns.taskManager.TaskManagerPlugIn - TaskService was running.
26-06-14 02:22:52,850 INFO  sophia.foundation.communication.core.impl.SocketConnectionListener - 2 opened
26-06-14 02:24:16,282 INFO  sophia.foundation.communication.practice.simulatorPattern.SimulatorCommunicationServiceImpl - exceptionThrown, sun.nio.ch.SocketDispatcher.read0(Native Method)
sun.nio.ch.SocketDispatcher.read(SocketDispatcher.java:43)
sun.nio.ch.IOUtil.readIntoNativeBuffer(IOUtil.java:223)
sun.nio.ch.IOUtil.read(IOUtil.java:197)
sun.nio.ch.SocketChannelImpl.read(SocketChannelImpl.java:380)
org.apache.mina.transport.socket.nio.NioProcessor.read(NioProcessor.java:273)
org.apache.mina.transport.socket.nio.NioProcessor.read(NioProcessor.java:44)
org.apache.mina.core.polling.AbstractPollingIoProcessor.read(AbstractPollingIoProcessor.java:690)
org.apache.mina.core.polling.AbstractPollingIoProcessor.process(AbstractPollingIoProcessor.java:664)
org.apache.mina.core.polling.AbstractPollingIoProcessor.process(AbstractPollingIoProcessor.java:653)
org.apache.mina.core.polling.AbstractPollingIoProcessor.access$600(AbstractPollingIoProcessor.java:67)
org.apache.mina.core.polling.AbstractPollingIoProcessor$Processor.run(AbstractPollingIoProcessor.java:1124)
org.apache.mina.util.NamePreservingRunnable.run(NamePreservingRunnable.java:64)
java.util.concurrent.ThreadPoolExecutor.runWorker(ThreadPoolExecutor.java:1142)
java.util.concurrent.ThreadPoolExecutor$Worker.run(ThreadPoolExecutor.java:617)
java.lang.Thread.run(Thread.java:745)

26-06-14 02:24:16,282 ERROR sophia.game.plugIns.communication.CommunicationServicePlugIn - 2, admingame, exceptionThrown
26-06-14 02:24:16,284 ERROR sophia.game.plugIns.communication.CommunicationServicePlugIn - sun.nio.ch.SocketDispatcher.read0(Native Method)
sun.nio.ch.SocketDispatcher.read(SocketDispatcher.java:43)
sun.nio.ch.IOUtil.readIntoNativeBuffer(IOUtil.java:223)
sun.nio.ch.IOUtil.read(IOUtil.java:197)
sun.nio.ch.SocketChannelImpl.read(SocketChannelImpl.java:380)
org.apache.mina.transport.socket.nio.NioProcessor.read(NioProcessor.java:273)
org.apache.mina.transport.socket.nio.NioProcessor.read(NioProcessor.java:44)
org.apache.mina.core.polling.AbstractPollingIoProcessor.read(AbstractPollingIoProcessor.java:690)
org.apache.mina.core.polling.AbstractPollingIoProcessor.process(AbstractPollingIoProcessor.java:664)
org.apache.mina.core.polling.AbstractPollingIoProcessor.process(AbstractPollingIoProcessor.java:653)
org.apache.mina.core.polling.AbstractPollingIoProcessor.access$600(AbstractPollingIoProcessor.java:67)
org.apache.mina.core.polling.AbstractPollingIoProcessor$Processor.run(AbstractPollingIoProcessor.java:1124)
org.apache.mina.util.NamePreservingRunnable.run(NamePreservingRunnable.java:64)
java.util.concurrent.ThreadPoolExecutor.runWorker(ThreadPoolExecutor.java:1142)
java.util.concurrent.ThreadPoolExecutor$Worker.run(ThreadPoolExecutor.java:617)
java.lang.Thread.run(Thread.java:745)

26-06-14 02:24:16,284 INFO  sophia.foundation.communication.core.impl.SocketConnectionListener - 2 closed
26-06-14 02:59:19,289 INFO  sophia.foundation.core.ContextResolver - Foundation Task Service Running......
26-06-14 02:59:23,326 INFO  sophia.game.plugIns.data.DataPlugIn - DataService was running.
26-06-14 02:59:23,326 INFO  sophia.game.plugIns.taskManager.TaskManagerPlugIn - TaskService was running.
26-06-14 03:37:47,057 INFO  sophia.foundation.core.ContextResolver - Foundation Task Service Running......
26-06-14 03:37:50,860 INFO  sophia.game.plugIns.data.DataPlugIn - DataService was running.
26-06-14 03:37:50,860 INFO  sophia.game.plugIns.taskManager.TaskManagerPlugIn - TaskService was running.
26-06-14 04:05:49,409 INFO  sophia.foundation.core.ContextResolver - Foundation Task Service Running......
26-06-14 04:05:53,119 INFO  sophia.game.plugIns.data.DataPlugIn - DataService was running.
26-06-14 04:05:53,119 INFO  sophia.game.plugIns.taskManager.TaskManagerPlugIn - TaskService was running.
26-06-14 04:24:18,260 INFO  sophia.foundation.core.ContextResolver - Foundation Task Service Running......
26-06-14 04:24:22,384 INFO  sophia.game.plugIns.data.DataPlugIn - DataService was running.
26-06-14 04:24:22,385 INFO  sophia.game.plugIns.taskManager.TaskManagerPlugIn - TaskService was running.
26-06-14 04:41:15,148 INFO  sophia.foundation.communication.core.impl.SocketConnectionListener - 2 opened
26-06-14 04:41:57,881 INFO  sophia.foundation.communication.practice.simulatorPattern.SimulatorCommunicationServiceImpl - exceptionThrown, sun.nio.ch.SocketDispatcher.read0(Native Method)
sun.nio.ch.SocketDispatcher.read(SocketDispatcher.java:43)
sun.nio.ch.IOUtil.readIntoNativeBuffer(IOUtil.java:223)
sun.nio.ch.IOUtil.read(IOUtil.java:197)
sun.nio.ch.SocketChannelImpl.read(SocketChannelImpl.java:380)
org.apache.mina.transport.socket.nio.NioProcessor.read(NioProcessor.java:273)
org.apache.mina.transport.socket.nio.NioProcessor.read(NioProcessor.java:44)
org.apache.mina.core.polling.AbstractPollingIoProcessor.read(AbstractPollingIoProcessor.java:690)
org.apache.mina.core.polling.AbstractPollingIoProcessor.process(AbstractPollingIoProcessor.java:664)
org.apache.mina.core.polling.AbstractPollingIoProcessor.process(AbstractPollingIoProcessor.java:653)
org.apache.mina.core.polling.AbstractPollingIoProcessor.access$600(AbstractPollingIoProcessor.java:67)
org.apache.mina.core.polling.AbstractPollingIoProcessor$Processor.run(AbstractPollingIoProcessor.java:1124)
org.apache.mina.util.NamePreservingRunnable.run(NamePreservingRunnable.java:64)
java.util.concurrent.ThreadPoolExecutor.runWorker(ThreadPoolExecutor.java:1142)
java.util.concurrent.ThreadPoolExecutor$Worker.run(ThreadPoolExecutor.java:617)
java.lang.Thread.run(Thread.java:745)

26-06-14 04:41:57,881 ERROR sophia.game.plugIns.communication.CommunicationServicePlugIn - 2, admingame, exceptionThrown
26-06-14 04:41:57,883 ERROR sophia.game.plugIns.communication.CommunicationServicePlugIn - sun.nio.ch.SocketDispatcher.read0(Native Method)
sun.nio.ch.SocketDispatcher.read(SocketDispatcher.java:43)
sun.nio.ch.IOUtil.readIntoNativeBuffer(IOUtil.java:223)
sun.nio.ch.IOUtil.read(IOUtil.java:197)
sun.nio.ch.SocketChannelImpl.read(SocketChannelImpl.java:380)
org.apache.mina.transport.socket.nio.NioProcessor.read(NioProcessor.java:273)
org.apache.mina.transport.socket.nio.NioProcessor.read(NioProcessor.java:44)
org.apache.mina.core.polling.AbstractPollingIoProcessor.read(AbstractPollingIoProcessor.java:690)
org.apache.mina.core.polling.AbstractPollingIoProcessor.process(AbstractPollingIoProcessor.java:664)
org.apache.mina.core.polling.AbstractPollingIoProcessor.process(AbstractPollingIoProcessor.java:653)
org.apache.mina.core.polling.AbstractPollingIoProcessor.access$600(AbstractPollingIoProcessor.java:67)
org.apache.mina.core.polling.AbstractPollingIoProcessor$Processor.run(AbstractPollingIoProcessor.java:1124)
org.apache.mina.util.NamePreservingRunnable.run(NamePreservingRunnable.java:64)
java.util.concurrent.ThreadPoolExecutor.runWorker(ThreadPoolExecutor.java:1142)
java.util.concurrent.ThreadPoolExecutor$Worker.run(ThreadPoolExecutor.java:617)
java.lang.Thread.run(Thread.java:745)

26-06-14 04:41:57,883 INFO  sophia.foundation.communication.core.impl.SocketConnectionListener - 2 closed
26-06-14 06:03:03,744 INFO  sophia.foundation.core.ContextResolver - Foundation Task Service Running......
26-06-14 06:03:08,149 INFO  sophia.game.plugIns.data.DataPlugIn - DataService was running.
26-06-14 06:03:08,149 INFO  sophia.game.plugIns.taskManager.TaskManagerPlugIn - TaskService was running.
