[2023-09-19 14:15:44,595] 【裁决骑士莎菲】锁定目标变更为：syymw.com
[2023-09-19 14:15:44,598] (吉祥噜噜) 回血：15000;剩余血：267740/267740

[2023-09-19 14:15:44,602] >>>>>[裁决骑士莎菲]施放技能【BEGIN】：(BOSS远程攻击), 描述=普通攻击, 目标：syymw.com, 技能距离：6
[2023-09-19 14:15:44,602] >>>>>[裁决骑士莎菲]技能目标：(syymw.com), 自己坐标[11,17]; 目标坐标[9,19]
[2023-09-19 14:15:44,602] 本次技能目标个数：1
[2023-09-19 14:15:44,602] >>>>攻击：(裁决骑士莎菲) -> (syymw.com) 伤害系数：100, 固定伤害：0, 攻击类型：1, 是否XP技能：false
[2023-09-19 14:15:44,603] 攻方算命中相关属性(BUFF前)：hit:0,crit:0,critInjure:0,dodge:0,ignoreCrit:0,ignoreCritInjure:0,critBoss:0,critInjureBoss:0
[2023-09-19 14:15:44,603] 守方算命中相关属性(BUFF前)：hit:0,crit:0,critInjure:60,dodge:0,ignoreCrit:0,ignoreCritInjure:0,critBoss:60,critInjureBoss:0
[2023-09-19 14:15:44,603] 攻方算命中相关属性(BUFF后)：hit:0,crit:0,critInjure:0,dodge:0,ignoreCrit:0,ignoreCritInjure:0,critBoss:0,critInjureBoss:0
[2023-09-19 14:15:44,603] 守方算命中相关属性(BUFF后)：hit:0,crit:0,critInjure:60,dodge:0,ignoreCrit:0,ignoreCritInjure:0,critBoss:60,critInjureBoss:0
[2023-09-19 14:15:44,604] 攻方算伤害相关属性(BUFF前)：maxPAtk:2700,maxPDef:540,maxMDef:540,ignorePDef:0,ignoreMDef:0,injureAdd:0,injureIgnore:0,injureAddBoss:0
[2023-09-19 14:15:44,604] 守方算伤害相关属性(BUFF前)：maxPAtk:18397,maxPDef:8205,maxMDef:8286,ignorePDef:700,ignoreMDef:700,injureAdd:0,injureIgnore:0,injureAddBoss:100
[2023-09-19 14:15:44,604] 攻方算伤害相关属性(BUFF后)：maxPAtk:2700,maxPDef:540,maxMDef:540,ignorePDef:0,ignoreMDef:0,injureAdd:0,injureIgnore:0,injureAddBoss:0
[2023-09-19 14:15:44,604] 守方算伤害相关属性(BUFF后)：maxPAtk:18397,maxPDef:8205,maxMDef:8286,ignorePDef:700,ignoreMDef:700,injureAdd:0,injureIgnore:0,injureAddBoss:100
[2023-09-19 14:15:44,604] 最终伤害：663
[2023-09-19 14:15:44,604] 最终伤害算上BUFF加成：663
[2023-09-19 14:15:44,604] (syymw.com,61d54739-c5d2-4391-b496-dbb532b85962) 扣血：663;剩余血：185513/186176
[2023-09-19 14:15:44,605] =========[裁决骑士莎菲]施放技能【END】：(BOSS远程攻击)


[2023-09-19 14:15:45,003] 客户端通知开始：[1e85198e-1140-4378-b194-48d194e27668]->[c2a516c1-9c17-467e-97c4-1d144064458a],使用技能：[1001]
[2023-09-19 14:15:45,003] 客户端通知技能成功：[吉祥噜噜,1e85198e-1140-4378-b194-48d194e27668]->[裁决骑士莎菲,c2a516c1-9c17-467e-97c4-1d144064458a],使用技能：[1001]

[2023-09-19 14:15:45,003] >>>>>[吉祥噜噜]施放技能【BEGIN】：(斩击), 描述=单体攻击，对近战单体目标造成|C:0x34E22C&T:100%+100|T:物理伤害。, 目标：裁决骑士莎菲, 技能距离：1
[2023-09-19 14:15:45,003] >>>>>[吉祥噜噜]技能目标：(裁决骑士莎菲), 自己坐标[9,19]; 目标坐标[11,17]
[2023-09-19 14:15:45,003] 本次技能目标个数：1
[2023-09-19 14:15:45,003] >>>>攻击：(吉祥噜噜) -> (裁决骑士莎菲) 伤害系数：100, 固定伤害：100, 攻击类型：0, 是否XP技能：false
[2023-09-19 14:15:45,003] 攻方算命中相关属性(BUFF前)：hit:0,crit:0,critInjure:60,dodge:0,ignoreCrit:0,ignoreCritInjure:0,critBoss:60,critInjureBoss:0
[2023-09-19 14:15:45,003] 守方算命中相关属性(BUFF前)：hit:0,crit:0,critInjure:0,dodge:0,ignoreCrit:0,ignoreCritInjure:0,critBoss:0,critInjureBoss:0
[2023-09-19 14:15:45,003] 攻方算命中相关属性(BUFF后)：hit:0,crit:0,critInjure:60,dodge:0,ignoreCrit:0,ignoreCritInjure:0,critBoss:60,critInjureBoss:0
[2023-09-19 14:15:45,004] 守方算命中相关属性(BUFF后)：hit:0,crit:0,critInjure:0,dodge:0,ignoreCrit:0,ignoreCritInjure:0,critBoss:0,critInjureBoss:0
[2023-09-19 14:15:45,004] 攻方算伤害相关属性(BUFF前)：maxPAtk:20334,maxPDef:11782,maxMDef:9118,ignorePDef:7804,ignoreMDef:700,injureAdd:0,injureIgnore:0,injureAddBoss:100
[2023-09-19 14:15:45,004] 守方算伤害相关属性(BUFF前)：maxPAtk:2700,maxPDef:540,maxMDef:540,ignorePDef:0,ignoreMDef:0,injureAdd:0,injureIgnore:0,injureAddBoss:0
[2023-09-19 14:15:45,004] 攻方算伤害相关属性(BUFF后)：maxPAtk:20334,maxPDef:11782,maxMDef:9118,ignorePDef:7804,ignoreMDef:700,injureAdd:0,injureIgnore:0,injureAddBoss:100
[2023-09-19 14:15:45,004] 守方算伤害相关属性(BUFF后)：maxPAtk:2700,maxPDef:540,maxMDef:540,ignorePDef:0,ignoreMDef:0,injureAdd:0,injureIgnore:0,injureAddBoss:0
[2023-09-19 14:15:45,004] 最终伤害：20637
[2023-09-19 14:15:45,004] 最终伤害算上BUFF加成：20637
[2023-09-19 14:15:45,004] (裁决骑士莎菲,c2a516c1-9c17-467e-97c4-1d144064458a) 扣血：20637;剩余血：249363/270000
[2023-09-19 14:15:45,004] =========[吉祥噜噜]施放技能【END】：(斩击)


[2023-09-19 14:15:45,004] 客户端通知开始：[9a8f7d1c-dbc1-4d0b-b8b2-0bd740651559]->[c2a516c1-9c17-467e-97c4-1d144064458a],使用技能：[1201]
[2023-09-19 14:15:45,004] 客户端通知技能成功：[法师攻防型,9a8f7d1c-dbc1-4d0b-b8b2-0bd740651559]->[裁决骑士莎菲,c2a516c1-9c17-467e-97c4-1d144064458a],使用技能：[1201]

[2023-09-19 14:15:45,005] >>>>>[法师攻防型]施放技能【BEGIN】：(火球术), 描述=单体攻击利用魔法的力量形成火焰球，对单体目标造成|C:0x34E22C&T:100%+100|T:魔法伤害。, 目标：裁决骑士莎菲, 技能距离：2
[2023-09-19 14:15:45,005] >>>>>[法师攻防型]技能目标：(裁决骑士莎菲), 自己坐标[9,19]; 目标坐标[11,17]
[2023-09-19 14:15:45,005] 本次技能目标个数：1
[2023-09-19 14:15:45,005] >>>>攻击：(法师攻防型) -> (裁决骑士莎菲) 伤害系数：100, 固定伤害：100, 攻击类型：1, 是否XP技能：false
[2023-09-19 14:15:45,005] 攻方算命中相关属性(BUFF前)：hit:0,crit:0,critInjure:60,dodge:0,ignoreCrit:0,ignoreCritInjure:0,critBoss:60,critInjureBoss:0
[2023-09-19 14:15:45,005] 守方算命中相关属性(BUFF前)：hit:0,crit:0,critInjure:0,dodge:0,ignoreCrit:0,ignoreCritInjure:0,critBoss:0,critInjureBoss:0
[2023-09-19 14:15:45,005] 攻方算命中相关属性(BUFF后)：hit:0,crit:0,critInjure:60,dodge:0,ignoreCrit:0,ignoreCritInjure:0,critBoss:60,critInjureBoss:0
[2023-09-19 14:15:45,005] 守方算命中相关属性(BUFF后)：hit:0,crit:0,critInjure:0,dodge:0,ignoreCrit:0,ignoreCritInjure:0,critBoss:0,critInjureBoss:0
[2023-09-19 14:15:45,005] 攻方算伤害相关属性(BUFF前)：maxPAtk:13134,maxPDef:5682,maxMDef:8519,ignorePDef:700,ignoreMDef:4139,injureAdd:0,injureIgnore:0,injureAddBoss:100
[2023-09-19 14:15:45,005] 守方算伤害相关属性(BUFF前)：maxPAtk:2700,maxPDef:540,maxMDef:540,ignorePDef:0,ignoreMDef:0,injureAdd:0,injureIgnore:0,injureAddBoss:0
[2023-09-19 14:15:45,005] 攻方算伤害相关属性(BUFF后)：maxPAtk:13134,maxPDef:5682,maxMDef:8519,ignorePDef:700,ignoreMDef:4139,injureAdd:0,injureIgnore:0,injureAddBoss:100
[2023-09-19 14:15:45,005] 守方算伤害相关属性(BUFF后)：maxPAtk:2700,maxPDef:540,maxMDef:540,ignorePDef:0,ignoreMDef:0,injureAdd:0,injureIgnore:0,injureAddBoss:0
[2023-09-19 14:15:45,005] 暴击~~
[2023-09-19 14:15:45,005] 最终伤害：20076
[2023-09-19 14:15:45,006] 最终伤害算上BUFF加成：20076
[2023-09-19 14:15:45,006] (裁决骑士莎菲,c2a516c1-9c17-467e-97c4-1d144064458a) 扣血：20076;剩余血：229287/270000
[2023-09-19 14:15:45,006] =========[法师攻防型]施放技能【END】：(火球术)


[2023-09-19 14:15:45,007] 客户端通知开始：[c58bec36-35b3-4bd4-946e-c257b0228f5f]->[c2a516c1-9c17-467e-97c4-1d144064458a],使用技能：[1201]
[2023-09-19 14:15:45,007] 客户端通知技能成功：[异界精灵瑞拉,c58bec36-35b3-4bd4-946e-c257b0228f5f]->[裁决骑士莎菲,c2a516c1-9c17-467e-97c4-1d144064458a],使用技能：[1201]

[2023-09-19 14:15:45,007] >>>>>[异界精灵瑞拉]施放技能【BEGIN】：(火球术), 描述=单体攻击利用魔法的力量形成火焰球，对单体目标造成|C:0x34E22C&T:100%+100|T:魔法伤害。, 目标：裁决骑士莎菲, 技能距离：2
[2023-09-19 14:15:45,007] >>>>>[异界精灵瑞拉]技能目标：(裁决骑士莎菲), 自己坐标[9,19]; 目标坐标[11,17]
[2023-09-19 14:15:45,007] 本次技能目标个数：1
[2023-09-19 14:15:45,007] >>>>攻击：(异界精灵瑞拉) -> (裁决骑士莎菲) 伤害系数：100, 固定伤害：100, 攻击类型：1, 是否XP技能：false
[2023-09-19 14:15:45,007] 攻方算命中相关属性(BUFF前)：hit:0,crit:0,critInjure:60,dodge:0,ignoreCrit:0,ignoreCritInjure:0,critBoss:60,critInjureBoss:0
[2023-09-19 14:15:45,007] 守方算命中相关属性(BUFF前)：hit:0,crit:0,critInjure:0,dodge:0,ignoreCrit:0,ignoreCritInjure:0,critBoss:0,critInjureBoss:0
[2023-09-19 14:15:45,007] 攻方算命中相关属性(BUFF后)：hit:0,crit:0,critInjure:60,dodge:0,ignoreCrit:0,ignoreCritInjure:0,critBoss:60,critInjureBoss:0
[2023-09-19 14:15:45,007] 守方算命中相关属性(BUFF后)：hit:0,crit:0,critInjure:0,dodge:0,ignoreCrit:0,ignoreCritInjure:0,critBoss:0,critInjureBoss:0
[2023-09-19 14:15:45,007] 攻方算伤害相关属性(BUFF前)：maxPAtk:13788,maxPDef:7192,maxMDef:7192,ignorePDef:700,ignoreMDef:4531,injureAdd:0,injureIgnore:0,injureAddBoss:100
[2023-09-19 14:15:45,008] 守方算伤害相关属性(BUFF前)：maxPAtk:2700,maxPDef:540,maxMDef:540,ignorePDef:0,ignoreMDef:0,injureAdd:0,injureIgnore:0,injureAddBoss:0
[2023-09-19 14:15:45,008] 攻方算伤害相关属性(BUFF后)：maxPAtk:13788,maxPDef:7192,maxMDef:7192,ignorePDef:700,ignoreMDef:4531,injureAdd:0,injureIgnore:0,injureAddBoss:100
[2023-09-19 14:15:45,008] 守方算伤害相关属性(BUFF后)：maxPAtk:2700,maxPDef:540,maxMDef:540,ignorePDef:0,ignoreMDef:0,injureAdd:0,injureIgnore:0,injureAddBoss:0
[2023-09-19 14:15:45,008] 最终伤害：14025
[2023-09-19 14:15:45,008] 最终伤害算上BUFF加成：14025
[2023-09-19 14:15:45,008] (裁决骑士莎菲,c2a516c1-9c17-467e-97c4-1d144064458a) 扣血：14025;剩余血：215262/270000
[2023-09-19 14:15:45,008] =========[异界精灵瑞拉]施放技能【END】：(火球术)


[2023-09-19 14:15:45,421] 客户端通知开始：[61d54739-c5d2-4391-b496-dbb532b85962]->[c2a516c1-9c17-467e-97c4-1d144064458a],使用技能：[12]
[2023-09-19 14:15:45,421] 客户端通知技能成功：[syymw.com,61d54739-c5d2-4391-b496-dbb532b85962]->[裁决骑士莎菲,c2a516c1-9c17-467e-97c4-1d144064458a],使用技能：[12]

[2023-09-19 14:15:45,421] >>>>>[syymw.com]施放技能【BEGIN】：(元素紊乱), 描述=群体攻击，对周围目标造成|C:0x34E22C&T:100%+{0}|T:魔法伤害，将伤害的|C:0x34E22C&T:20%|T:转化为己方生命, 目标：裁决骑士莎菲, 技能距离：2
[2023-09-19 14:15:45,421] >>>>>[syymw.com]技能目标：(裁决骑士莎菲), 自己坐标[9,19]; 目标坐标[11,17]
[2023-09-19 14:15:45,422] 本次技能目标个数：1
[2023-09-19 14:15:45,422] >>>>攻击：(syymw.com) -> (裁决骑士莎菲) 伤害系数：120, 固定伤害：2000, 攻击类型：1, 是否XP技能：false
[2023-09-19 14:15:45,422] 攻方算命中相关属性(BUFF前)：hit:0,crit:0,critInjure:60,dodge:0,ignoreCrit:0,ignoreCritInjure:0,critBoss:60,critInjureBoss:0
[2023-09-19 14:15:45,422] 守方算命中相关属性(BUFF前)：hit:0,crit:0,critInjure:0,dodge:0,ignoreCrit:0,ignoreCritInjure:0,critBoss:0,critInjureBoss:0
[2023-09-19 14:15:45,422] 攻方算命中相关属性(BUFF后)：hit:0,crit:0,critInjure:60,dodge:0,ignoreCrit:0,ignoreCritInjure:0,critBoss:60,critInjureBoss:0
[2023-09-19 14:15:45,422] 守方算命中相关属性(BUFF后)：hit:0,crit:0,critInjure:0,dodge:0,ignoreCrit:0,ignoreCritInjure:0,critBoss:0,critInjureBoss:0
[2023-09-19 14:15:45,422] 攻方算伤害相关属性(BUFF前)：maxPAtk:18397,maxPDef:8205,maxMDef:8286,ignorePDef:700,ignoreMDef:700,injureAdd:0,injureIgnore:0,injureAddBoss:100
[2023-09-19 14:15:45,422] 守方算伤害相关属性(BUFF前)：maxPAtk:2700,maxPDef:540,maxMDef:540,ignorePDef:0,ignoreMDef:0,injureAdd:0,injureIgnore:0,injureAddBoss:0
[2023-09-19 14:15:45,422] 攻方算伤害相关属性(BUFF后)：maxPAtk:18397,maxPDef:8205,maxMDef:8286,ignorePDef:700,ignoreMDef:700,injureAdd:0,injureIgnore:0,injureAddBoss:100
[2023-09-19 14:15:45,422] 守方算伤害相关属性(BUFF后)：maxPAtk:2700,maxPDef:540,maxMDef:540,ignorePDef:0,ignoreMDef:0,injureAdd:0,injureIgnore:0,injureAddBoss:0
[2023-09-19 14:15:45,422] 最终伤害：24296
[2023-09-19 14:15:45,422] 最终伤害算上BUFF加成：24296
[2023-09-19 14:15:45,422] (裁决骑士莎菲,c2a516c1-9c17-467e-97c4-1d144064458a) 扣血：24296;剩余血：190966/270000
[2023-09-19 14:15:45,422] =========[syymw.com]施放技能【END】：(元素紊乱)

[2023-09-19 14:15:45,594] (吉祥噜噜) 回血：15000;剩余血：267740/267740

[2023-09-19 14:15:45,602] >>>>>[裁决骑士莎菲]施放技能【BEGIN】：(BOSS远程攻击), 描述=普通攻击, 目标：syymw.com, 技能距离：6
[2023-09-19 14:15:45,602] >>>>>[裁决骑士莎菲]技能目标：(syymw.com), 自己坐标[11,17]; 目标坐标[9,19]
[2023-09-19 14:15:45,602] 本次技能目标个数：1
[2023-09-19 14:15:45,602] >>>>攻击：(裁决骑士莎菲) -> (syymw.com) 伤害系数：100, 固定伤害：0, 攻击类型：1, 是否XP技能：false
[2023-09-19 14:15:45,602] 攻方算命中相关属性(BUFF前)：hit:0,crit:0,critInjure:0,dodge:0,ignoreCrit:0,ignoreCritInjure:0,critBoss:0,critInjureBoss:0
[2023-09-19 14:15:45,602] 守方算命中相关属性(BUFF前)：hit:0,crit:0,critInjure:60,dodge:0,ignoreCrit:0,ignoreCritInjure:0,critBoss:60,critInjureBoss:0
[2023-09-19 14:15:45,602] 攻方算命中相关属性(BUFF后)：hit:0,crit:0,critInjure:0,dodge:0,ignoreCrit:0,ignoreCritInjure:0,critBoss:0,critInjureBoss:0
[2023-09-19 14:15:45,602] 守方算命中相关属性(BUFF后)：hit:0,crit:0,critInjure:60,dodge:0,ignoreCrit:0,ignoreCritInjure:0,critBoss:60,critInjureBoss:0
[2023-09-19 14:15:45,602] 攻方算伤害相关属性(BUFF前)：maxPAtk:2700,maxPDef:540,maxMDef:540,ignorePDef:0,ignoreMDef:0,injureAdd:0,injureIgnore:0,injureAddBoss:0
[2023-09-19 14:15:45,602] 守方算伤害相关属性(BUFF前)：maxPAtk:18397,maxPDef:8205,maxMDef:8286,ignorePDef:700,ignoreMDef:700,injureAdd:0,injureIgnore:0,injureAddBoss:100
[2023-09-19 14:15:45,602] 攻方算伤害相关属性(BUFF后)：maxPAtk:2700,maxPDef:540,maxMDef:540,ignorePDef:0,ignoreMDef:0,injureAdd:0,injureIgnore:0,injureAddBoss:0
[2023-09-19 14:15:45,602] 守方算伤害相关属性(BUFF后)：maxPAtk:18397,maxPDef:8205,maxMDef:8286,ignorePDef:700,ignoreMDef:700,injureAdd:0,injureIgnore:0,injureAddBoss:100
[2023-09-19 14:15:45,602] 最终伤害：663
[2023-09-19 14:15:45,602] 最终伤害算上BUFF加成：663
[2023-09-19 14:15:45,602] (syymw.com,61d54739-c5d2-4391-b496-dbb532b85962) 扣血：663;剩余血：184850/186176
[2023-09-19 14:15:45,602] =========[裁决骑士莎菲]施放技能【END】：(BOSS远程攻击)


[2023-09-19 14:15:45,919] 客户端通知开始：[9a8f7d1c-dbc1-4d0b-b8b2-0bd740651559]->[c2a516c1-9c17-467e-97c4-1d144064458a],使用技能：[1201]
[2023-09-19 14:15:45,919] 客户端通知技能成功：[法师攻防型,9a8f7d1c-dbc1-4d0b-b8b2-0bd740651559]->[裁决骑士莎菲,c2a516c1-9c17-467e-97c4-1d144064458a],使用技能：[1201]

[2023-09-19 14:15:45,919] >>>>>[法师攻防型]施放技能【BEGIN】：(火球术), 描述=单体攻击利用魔法的力量形成火焰球，对单体目标造成|C:0x34E22C&T:100%+100|T:魔法伤害。, 目标：裁决骑士莎菲, 技能距离：2
[2023-09-19 14:15:45,919] >>>>>[法师攻防型]技能目标：(裁决骑士莎菲), 自己坐标[9,19]; 目标坐标[11,17]
[2023-09-19 14:15:45,919] 本次技能目标个数：1
[2023-09-19 14:15:45,919] >>>>攻击：(法师攻防型) -> (裁决骑士莎菲) 伤害系数：100, 固定伤害：100, 攻击类型：1, 是否XP技能：false
[2023-09-19 14:15:45,919] 攻方算命中相关属性(BUFF前)：hit:0,crit:0,critInjure:60,dodge:0,ignoreCrit:0,ignoreCritInjure:0,critBoss:60,critInjureBoss:0
[2023-09-19 14:15:45,919] 守方算命中相关属性(BUFF前)：hit:0,crit:0,critInjure:0,dodge:0,ignoreCrit:0,ignoreCritInjure:0,critBoss:0,critInjureBoss:0
[2023-09-19 14:15:45,919] 攻方算命中相关属性(BUFF后)：hit:0,crit:0,critInjure:60,dodge:0,ignoreCrit:0,ignoreCritInjure:0,critBoss:60,critInjureBoss:0
[2023-09-19 14:15:45,919] 守方算命中相关属性(BUFF后)：hit:0,crit:0,critInjure:0,dodge:0,ignoreCrit:0,ignoreCritInjure:0,critBoss:0,critInjureBoss:0
[2023-09-19 14:15:45,920] 攻方算伤害相关属性(BUFF前)：maxPAtk:13134,maxPDef:5682,maxMDef:8519,ignorePDef:700,ignoreMDef:4139,injureAdd:0,injureIgnore:0,injureAddBoss:100
[2023-09-19 14:15:45,920] 守方算伤害相关属性(BUFF前)：maxPAtk:2700,maxPDef:540,maxMDef:540,ignorePDef:0,ignoreMDef:0,injureAdd:0,injureIgnore:0,injureAddBoss:0
[2023-09-19 14:15:45,920] 攻方算伤害相关属性(BUFF后)：maxPAtk:13134,maxPDef:5682,maxMDef:8519,ignorePDef:700,ignoreMDef:4139,injureAdd:0,injureIgnore:0,injureAddBoss:100
[2023-09-19 14:15:45,920] 守方算伤害相关属性(BUFF后)：maxPAtk:2700,maxPDef:540,maxMDef:540,ignorePDef:0,ignoreMDef:0,injureAdd:0,injureIgnore:0,injureAddBoss:0
[2023-09-19 14:15:45,920] 最终伤害：13365
[2023-09-19 14:15:45,920] 最终伤害算上BUFF加成：13365
[2023-09-19 14:15:45,920] (裁决骑士莎菲,c2a516c1-9c17-467e-97c4-1d144064458a) 扣血：13365;剩余血：177601/270000
[2023-09-19 14:15:45,920] =========[法师攻防型]施放技能【END】：(火球术)


[2023-09-19 14:15:45,920] 客户端通知开始：[1e85198e-1140-4378-b194-48d194e27668]->[c2a516c1-9c17-467e-97c4-1d144064458a],使用技能：[1001]
[2023-09-19 14:15:45,920] 客户端通知技能成功：[吉祥噜噜,1e85198e-1140-4378-b194-48d194e27668]->[裁决骑士莎菲,c2a516c1-9c17-467e-97c4-1d144064458a],使用技能：[1001]

[2023-09-19 14:15:45,920] >>>>>[吉祥噜噜]施放技能【BEGIN】：(斩击), 描述=单体攻击，对近战单体目标造成|C:0x34E22C&T:100%+100|T:物理伤害。, 目标：裁决骑士莎菲, 技能距离：1
[2023-09-19 14:15:45,920] >>>>>[吉祥噜噜]技能目标：(裁决骑士莎菲), 自己坐标[9,19]; 目标坐标[11,17]
[2023-09-19 14:15:45,922] 本次技能目标个数：1
[2023-09-19 14:15:45,922] >>>>攻击：(吉祥噜噜) -> (裁决骑士莎菲) 伤害系数：100, 固定伤害：100, 攻击类型：0, 是否XP技能：false
[2023-09-19 14:15:45,922] 攻方算命中相关属性(BUFF前)：hit:0,crit:0,critInjure:60,dodge:0,ignoreCrit:0,ignoreCritInjure:0,critBoss:60,critInjureBoss:0
[2023-09-19 14:15:45,922] 守方算命中相关属性(BUFF前)：hit:0,crit:0,critInjure:0,dodge:0,ignoreCrit:0,ignoreCritInjure:0,critBoss:0,critInjureBoss:0
[2023-09-19 14:15:45,922] 攻方算命中相关属性(BUFF后)：hit:0,crit:0,critInjure:60,dodge:0,ignoreCrit:0,ignoreCritInjure:0,critBoss:60,critInjureBoss:0
[2023-09-19 14:15:45,922] 守方算命中相关属性(BUFF后)：hit:0,crit:0,critInjure:0,dodge:0,ignoreCrit:0,ignoreCritInjure:0,critBoss:0,critInjureBoss:0
[2023-09-19 14:15:45,922] 攻方算伤害相关属性(BUFF前)：maxPAtk:20334,maxPDef:11782,maxMDef:9118,ignorePDef:7804,ignoreMDef:700,injureAdd:0,injureIgnore:0,injureAddBoss:100
[2023-09-19 14:15:45,922] 守方算伤害相关属性(BUFF前)：maxPAtk:2700,maxPDef:540,maxMDef:540,ignorePDef:0,ignoreMDef:0,injureAdd:0,injureIgnore:0,injureAddBoss:0
[2023-09-19 14:15:45,922] 攻方算伤害相关属性(BUFF后)：maxPAtk:20334,maxPDef:11782,maxMDef:9118,ignorePDef:7804,ignoreMDef:700,injureAdd:0,injureIgnore:0,injureAddBoss:100
[2023-09-19 14:15:45,922] 守方算伤害相关属性(BUFF后)：maxPAtk:2700,maxPDef:540,maxMDef:540,ignorePDef:0,ignoreMDef:0,injureAdd:0,injureIgnore:0,injureAddBoss:0
[2023-09-19 14:15:45,922] 最终伤害：20637
[2023-09-19 14:15:45,922] 最终伤害算上BUFF加成：20637
[2023-09-19 14:15:45,922] (裁决骑士莎菲,c2a516c1-9c17-467e-97c4-1d144064458a) 扣血：20637;剩余血：156964/270000
[2023-09-19 14:15:45,922] =========[吉祥噜噜]施放技能【END】：(斩击)


[2023-09-19 14:15:45,922] 客户端通知开始：[c58bec36-35b3-4bd4-946e-c257b0228f5f]->[c2a516c1-9c17-467e-97c4-1d144064458a],使用技能：[1201]
[2023-09-19 14:15:45,922] 客户端通知技能成功：[异界精灵瑞拉,c58bec36-35b3-4bd4-946e-c257b0228f5f]->[裁决骑士莎菲,c2a516c1-9c17-467e-97c4-1d144064458a],使用技能：[1201]

[2023-09-19 14:15:45,922] >>>>>[异界精灵瑞拉]施放技能【BEGIN】：(火球术), 描述=单体攻击利用魔法的力量形成火焰球，对单体目标造成|C:0x34E22C&T:100%+100|T:魔法伤害。, 目标：裁决骑士莎菲, 技能距离：2
[2023-09-19 14:15:45,922] >>>>>[异界精灵瑞拉]技能目标：(裁决骑士莎菲), 自己坐标[9,19]; 目标坐标[11,17]
[2023-09-19 14:15:45,922] 本次技能目标个数：1
[2023-09-19 14:15:45,922] >>>>攻击：(异界精灵瑞拉) -> (裁决骑士莎菲) 伤害系数：100, 固定伤害：100, 攻击类型：1, 是否XP技能：false
[2023-09-19 14:15:45,922] 攻方算命中相关属性(BUFF前)：hit:0,crit:0,critInjure:60,dodge:0,ignoreCrit:0,ignoreCritInjure:0,critBoss:60,critInjureBoss:0
[2023-09-19 14:15:45,922] 守方算命中相关属性(BUFF前)：hit:0,crit:0,critInjure:0,dodge:0,ignoreCrit:0,ignoreCritInjure:0,critBoss:0,critInjureBoss:0
[2023-09-19 14:15:45,922] 攻方算命中相关属性(BUFF后)：hit:0,crit:0,critInjure:60,dodge:0,ignoreCrit:0,ignoreCritInjure:0,critBoss:60,critInjureBoss:0
[2023-09-19 14:15:45,922] 守方算命中相关属性(BUFF后)：hit:0,crit:0,critInjure:0,dodge:0,ignoreCrit:0,ignoreCritInjure:0,critBoss:0,critInjureBoss:0
[2023-09-19 14:15:45,922] 攻方算伤害相关属性(BUFF前)：maxPAtk:13788,maxPDef:7192,maxMDef:7192,ignorePDef:700,ignoreMDef:4531,injureAdd:0,injureIgnore:0,injureAddBoss:100
[2023-09-19 14:15:45,922] 守方算伤害相关属性(BUFF前)：maxPAtk:2700,maxPDef:540,maxMDef:540,ignorePDef:0,ignoreMDef:0,injureAdd:0,injureIgnore:0,injureAddBoss:0
[2023-09-19 14:15:45,922] 攻方算伤害相关属性(BUFF后)：maxPAtk:13788,maxPDef:7192,maxMDef:7192,ignorePDef:700,ignoreMDef:4531,injureAdd:0,injureIgnore:0,injureAddBoss:100
[2023-09-19 14:15:45,922] 守方算伤害相关属性(BUFF后)：maxPAtk:2700,maxPDef:540,maxMDef:540,ignorePDef:0,ignoreMDef:0,injureAdd:0,injureIgnore:0,injureAddBoss:0
[2023-09-19 14:15:45,922] 最终伤害：14025
[2023-09-19 14:15:45,922] 最终伤害算上BUFF加成：14025
[2023-09-19 14:15:45,922] (裁决骑士莎菲,c2a516c1-9c17-467e-97c4-1d144064458a) 扣血：14025;剩余血：142939/270000
[2023-09-19 14:15:45,923] =========[异界精灵瑞拉]施放技能【END】：(火球术)


[2023-09-19 14:15:46,336] 客户端通知开始：[61d54739-c5d2-4391-b496-dbb532b85962]->[c2a516c1-9c17-467e-97c4-1d144064458a],使用技能：[11]
[2023-09-19 14:15:46,336] 客户端通知技能成功：[syymw.com,61d54739-c5d2-4391-b496-dbb532b85962]->[裁决骑士莎菲,c2a516c1-9c17-467e-97c4-1d144064458a],使用技能：[11]

[2023-09-19 14:15:46,336] >>>>>[syymw.com]施放技能【BEGIN】：(虚弱诅咒), 描述=群体攻击，驱动魔法元素如星云一般攻向远程群体单位，造成|C:0x34E22C&T:90%+{0}|T:的魔法伤害。, 目标：裁决骑士莎菲, 技能距离：2
[2023-09-19 14:15:46,336] >>>>>[syymw.com]技能目标：(裁决骑士莎菲), 自己坐标[9,19]; 目标坐标[11,17]
[2023-09-19 14:15:46,336] 本次技能目标个数：1
[2023-09-19 14:15:46,336] >>>>攻击：(syymw.com) -> (裁决骑士莎菲) 伤害系数：90, 固定伤害：6000, 攻击类型：1, 是否XP技能：false
[2023-09-19 14:15:46,336] 攻方算命中相关属性(BUFF前)：hit:0,crit:0,critInjure:60,dodge:0,ignoreCrit:0,ignoreCritInjure:0,critBoss:60,critInjureBoss:0
[2023-09-19 14:15:46,336] 守方算命中相关属性(BUFF前)：hit:0,crit:0,critInjure:0,dodge:0,ignoreCrit:0,ignoreCritInjure:0,critBoss:0,critInjureBoss:0
[2023-09-19 14:15:46,336] 攻方算命中相关属性(BUFF后)：hit:0,crit:0,critInjure:60,dodge:0,ignoreCrit:0,ignoreCritInjure:0,critBoss:60,critInjureBoss:0
[2023-09-19 14:15:46,336] 守方算命中相关属性(BUFF后)：hit:0,crit:0,critInjure:0,dodge:0,ignoreCrit:0,ignoreCritInjure:0,critBoss:0,critInjureBoss:0
[2023-09-19 14:15:46,336] 攻方算伤害相关属性(BUFF前)：maxPAtk:18397,maxPDef:8205,maxMDef:8286,ignorePDef:700,ignoreMDef:700,injureAdd:0,injureIgnore:0,injureAddBoss:100
[2023-09-19 14:15:46,336] 守方算伤害相关属性(BUFF前)：maxPAtk:2700,maxPDef:540,maxMDef:540,ignorePDef:0,ignoreMDef:0,injureAdd:0,injureIgnore:0,injureAddBoss:0
[2023-09-19 14:15:46,336] 攻方算伤害相关属性(BUFF后)：maxPAtk:18397,maxPDef:8205,maxMDef:8286,ignorePDef:700,ignoreMDef:700,injureAdd:0,injureIgnore:0,injureAddBoss:100
[2023-09-19 14:15:46,336] 守方算伤害相关属性(BUFF后)：maxPAtk:2700,maxPDef:540,maxMDef:540,ignorePDef:0,ignoreMDef:0,injureAdd:0,injureIgnore:0,injureAddBoss:0
[2023-09-19 14:15:46,336] 最终伤害：22722
[2023-09-19 14:15:46,336] 最终伤害算上BUFF加成：22722
[2023-09-19 14:15:46,336] (裁决骑士莎菲,c2a516c1-9c17-467e-97c4-1d144064458a) 扣血：22722;剩余血：120217/270000
[2023-09-19 14:15:46,336] =========[syymw.com]施放技能【END】：(虚弱诅咒)

[2023-09-19 14:15:46,594] (吉祥噜噜) 回血：15000;剩余血：267740/267740

[2023-09-19 14:15:46,603] >>>>>[裁决骑士莎菲]施放技能【BEGIN】：(BOSS远程攻击), 描述=普通攻击, 目标：syymw.com, 技能距离：6
[2023-09-19 14:15:46,603] >>>>>[裁决骑士莎菲]技能目标：(syymw.com), 自己坐标[11,17]; 目标坐标[9,19]
[2023-09-19 14:15:46,603] 本次技能目标个数：1
[2023-09-19 14:15:46,603] >>>>攻击：(裁决骑士莎菲) -> (syymw.com) 伤害系数：100, 固定伤害：0, 攻击类型：1, 是否XP技能：false
[2023-09-19 14:15:46,603] 攻方算命中相关属性(BUFF前)：hit:0,crit:0,critInjure:0,dodge:0,ignoreCrit:0,ignoreCritInjure:0,critBoss:0,critInjureBoss:0
[2023-09-19 14:15:46,603] 守方算命中相关属性(BUFF前)：hit:0,crit:0,critInjure:60,dodge:0,ignoreCrit:0,ignoreCritInjure:0,critBoss:60,critInjureBoss:0
[2023-09-19 14:15:46,603] 攻方算命中相关属性(BUFF后)：hit:0,crit:0,critInjure:0,dodge:0,ignoreCrit:0,ignoreCritInjure:0,critBoss:0,critInjureBoss:0
[2023-09-19 14:15:46,603] 守方算命中相关属性(BUFF后)：hit:0,crit:0,critInjure:60,dodge:0,ignoreCrit:0,ignoreCritInjure:0,critBoss:60,critInjureBoss:0
[2023-09-19 14:15:46,603] 攻方算伤害相关属性(BUFF前)：maxPAtk:2700,maxPDef:540,maxMDef:540,ignorePDef:0,ignoreMDef:0,injureAdd:0,injureIgnore:0,injureAddBoss:0
[2023-09-19 14:15:46,603] 守方算伤害相关属性(BUFF前)：maxPAtk:18397,maxPDef:8205,maxMDef:8286,ignorePDef:700,ignoreMDef:700,injureAdd:0,injureIgnore:0,injureAddBoss:100
[2023-09-19 14:15:46,603] 攻方算伤害相关属性(BUFF后)：maxPAtk:2700,maxPDef:540,maxMDef:540,ignorePDef:0,ignoreMDef:0,injureAdd:0,injureIgnore:0,injureAddBoss:0
[2023-09-19 14:15:46,603] 守方算伤害相关属性(BUFF后)：maxPAtk:18397,maxPDef:8205,maxMDef:8286,ignorePDef:700,ignoreMDef:700,injureAdd:0,injureIgnore:0,injureAddBoss:100
[2023-09-19 14:15:46,603] 最终伤害：663
[2023-09-19 14:15:46,603] 最终伤害算上BUFF加成：663
[2023-09-19 14:15:46,603] (syymw.com,61d54739-c5d2-4391-b496-dbb532b85962) 扣血：663;剩余血：184187/186176
[2023-09-19 14:15:46,604] =========[裁决骑士莎菲]施放技能【END】：(BOSS远程攻击)


[2023-09-19 14:15:46,869] 客户端通知开始：[9a8f7d1c-dbc1-4d0b-b8b2-0bd740651559]->[c2a516c1-9c17-467e-97c4-1d144064458a],使用技能：[1201]
[2023-09-19 14:15:46,869] 客户端通知技能成功：[法师攻防型,9a8f7d1c-dbc1-4d0b-b8b2-0bd740651559]->[裁决骑士莎菲,c2a516c1-9c17-467e-97c4-1d144064458a],使用技能：[1201]

[2023-09-19 14:15:46,869] >>>>>[法师攻防型]施放技能【BEGIN】：(火球术), 描述=单体攻击利用魔法的力量形成火焰球，对单体目标造成|C:0x34E22C&T:100%+100|T:魔法伤害。, 目标：裁决骑士莎菲, 技能距离：2
[2023-09-19 14:15:46,869] >>>>>[法师攻防型]技能目标：(裁决骑士莎菲), 自己坐标[9,19]; 目标坐标[11,17]
[2023-09-19 14:15:46,869] 本次技能目标个数：1
[2023-09-19 14:15:46,869] >>>>攻击：(法师攻防型) -> (裁决骑士莎菲) 伤害系数：100, 固定伤害：100, 攻击类型：1, 是否XP技能：false
[2023-09-19 14:15:46,869] 攻方算命中相关属性(BUFF前)：hit:0,crit:0,critInjure:60,dodge:0,ignoreCrit:0,ignoreCritInjure:0,critBoss:60,critInjureBoss:0
[2023-09-19 14:15:46,869] 守方算命中相关属性(BUFF前)：hit:0,crit:0,critInjure:0,dodge:0,ignoreCrit:0,ignoreCritInjure:0,critBoss:0,critInjureBoss:0
[2023-09-19 14:15:46,869] 攻方算命中相关属性(BUFF后)：hit:0,crit:0,critInjure:60,dodge:0,ignoreCrit:0,ignoreCritInjure:0,critBoss:60,critInjureBoss:0
[2023-09-19 14:15:46,869] 守方算命中相关属性(BUFF后)：hit:0,crit:0,critInjure:0,dodge:0,ignoreCrit:0,ignoreCritInjure:0,critBoss:0,critInjureBoss:0
[2023-09-19 14:15:46,869] 攻方算伤害相关属性(BUFF前)：maxPAtk:13134,maxPDef:5682,maxMDef:8519,ignorePDef:700,ignoreMDef:4139,injureAdd:0,injureIgnore:0,injureAddBoss:100
[2023-09-19 14:15:46,869] 守方算伤害相关属性(BUFF前)：maxPAtk:2700,maxPDef:540,maxMDef:540,ignorePDef:0,ignoreMDef:0,injureAdd:0,injureIgnore:0,injureAddBoss:0
[2023-09-19 14:15:46,869] 攻方算伤害相关属性(BUFF后)：maxPAtk:13134,maxPDef:5682,maxMDef:8519,ignorePDef:700,ignoreMDef:4139,injureAdd:0,injureIgnore:0,injureAddBoss:100
[2023-09-19 14:15:46,869] 守方算伤害相关属性(BUFF后)：maxPAtk:2700,maxPDef:540,maxMDef:540,ignorePDef:0,ignoreMDef:0,injureAdd:0,injureIgnore:0,injureAddBoss:0
[2023-09-19 14:15:46,869] 最终伤害：13365
[2023-09-19 14:15:46,869] 最终伤害算上BUFF加成：13365
[2023-09-19 14:15:46,869] (裁决骑士莎菲,c2a516c1-9c17-467e-97c4-1d144064458a) 扣血：13365;剩余血：106852/270000
[2023-09-19 14:15:46,870] =========[法师攻防型]施放技能【END】：(火球术)


[2023-09-19 14:15:46,870] 客户端通知开始：[1e85198e-1140-4378-b194-48d194e27668]->[c2a516c1-9c17-467e-97c4-1d144064458a],使用技能：[1001]
[2023-09-19 14:15:46,870] 客户端通知技能成功：[吉祥噜噜,1e85198e-1140-4378-b194-48d194e27668]->[裁决骑士莎菲,c2a516c1-9c17-467e-97c4-1d144064458a],使用技能：[1001]

[2023-09-19 14:15:46,870] >>>>>[吉祥噜噜]施放技能【BEGIN】：(斩击), 描述=单体攻击，对近战单体目标造成|C:0x34E22C&T:100%+100|T:物理伤害。, 目标：裁决骑士莎菲, 技能距离：1
[2023-09-19 14:15:46,870] >>>>>[吉祥噜噜]技能目标：(裁决骑士莎菲), 自己坐标[9,19]; 目标坐标[11,17]
[2023-09-19 14:15:46,870] 本次技能目标个数：1
[2023-09-19 14:15:46,870] >>>>攻击：(吉祥噜噜) -> (裁决骑士莎菲) 伤害系数：100, 固定伤害：100, 攻击类型：0, 是否XP技能：false
[2023-09-19 14:15:46,871] 攻方算命中相关属性(BUFF前)：hit:0,crit:0,critInjure:60,dodge:0,ignoreCrit:0,ignoreCritInjure:0,critBoss:60,critInjureBoss:0
[2023-09-19 14:15:46,871] 守方算命中相关属性(BUFF前)：hit:0,crit:0,critInjure:0,dodge:0,ignoreCrit:0,ignoreCritInjure:0,critBoss:0,critInjureBoss:0
[2023-09-19 14:15:46,871] 攻方算命中相关属性(BUFF后)：hit:0,crit:0,critInjure:60,dodge:0,ignoreCrit:0,ignoreCritInjure:0,critBoss:60,critInjureBoss:0
[2023-09-19 14:15:46,871] 守方算命中相关属性(BUFF后)：hit:0,crit:0,critInjure:0,dodge:0,ignoreCrit:0,ignoreCritInjure:0,critBoss:0,critInjureBoss:0
[2023-09-19 14:15:46,871] 攻方算伤害相关属性(BUFF前)：maxPAtk:20334,maxPDef:11782,maxMDef:9118,ignorePDef:7804,ignoreMDef:700,injureAdd:0,injureIgnore:0,injureAddBoss:100
[2023-09-19 14:15:46,871] 守方算伤害相关属性(BUFF前)：maxPAtk:2700,maxPDef:540,maxMDef:540,ignorePDef:0,ignoreMDef:0,injureAdd:0,injureIgnore:0,injureAddBoss:0
[2023-09-19 14:15:46,871] 攻方算伤害相关属性(BUFF后)：maxPAtk:20334,maxPDef:11782,maxMDef:9118,ignorePDef:7804,ignoreMDef:700,injureAdd:0,injureIgnore:0,injureAddBoss:100
[2023-09-19 14:15:46,871] 守方算伤害相关属性(BUFF后)：maxPAtk:2700,maxPDef:540,maxMDef:540,ignorePDef:0,ignoreMDef:0,injureAdd:0,injureIgnore:0,injureAddBoss:0
[2023-09-19 14:15:46,871] 最终伤害：20637
[2023-09-19 14:15:46,871] 最终伤害算上BUFF加成：20637
[2023-09-19 14:15:46,871] (裁决骑士莎菲,c2a516c1-9c17-467e-97c4-1d144064458a) 扣血：20637;剩余血：86215/270000
[2023-09-19 14:15:46,871] =========[吉祥噜噜]施放技能【END】：(斩击)


[2023-09-19 14:15:46,871] 客户端通知开始：[c58bec36-35b3-4bd4-946e-c257b0228f5f]->[c2a516c1-9c17-467e-97c4-1d144064458a],使用技能：[1201]
[2023-09-19 14:15:46,871] 客户端通知技能成功：[异界精灵瑞拉,c58bec36-35b3-4bd4-946e-c257b0228f5f]->[裁决骑士莎菲,c2a516c1-9c17-467e-97c4-1d144064458a],使用技能：[1201]

[2023-09-19 14:15:46,872] >>>>>[异界精灵瑞拉]施放技能【BEGIN】：(火球术), 描述=单体攻击利用魔法的力量形成火焰球，对单体目标造成|C:0x34E22C&T:100%+100|T:魔法伤害。, 目标：裁决骑士莎菲, 技能距离：2
[2023-09-19 14:15:46,872] >>>>>[异界精灵瑞拉]技能目标：(裁决骑士莎菲), 自己坐标[9,19]; 目标坐标[11,17]
[2023-09-19 14:15:46,872] 本次技能目标个数：1
[2023-09-19 14:15:46,872] >>>>攻击：(异界精灵瑞拉) -> (裁决骑士莎菲) 伤害系数：100, 固定伤害：100, 攻击类型：1, 是否XP技能：false
[2023-09-19 14:15:46,872] 攻方算命中相关属性(BUFF前)：hit:0,crit:0,critInjure:60,dodge:0,ignoreCrit:0,ignoreCritInjure:0,critBoss:60,critInjureBoss:0
[2023-09-19 14:15:46,873] 守方算命中相关属性(BUFF前)：hit:0,crit:0,critInjure:0,dodge:0,ignoreCrit:0,ignoreCritInjure:0,critBoss:0,critInjureBoss:0
[2023-09-19 14:15:46,873] 攻方算命中相关属性(BUFF后)：hit:0,crit:0,critInjure:60,dodge:0,ignoreCrit:0,ignoreCritInjure:0,critBoss:60,critInjureBoss:0
[2023-09-19 14:15:46,873] 守方算命中相关属性(BUFF后)：hit:0,crit:0,critInjure:0,dodge:0,ignoreCrit:0,ignoreCritInjure:0,critBoss:0,critInjureBoss:0
[2023-09-19 14:15:46,873] 攻方算伤害相关属性(BUFF前)：maxPAtk:13788,maxPDef:7192,maxMDef:7192,ignorePDef:700,ignoreMDef:4531,injureAdd:0,injureIgnore:0,injureAddBoss:100
[2023-09-19 14:15:46,873] 守方算伤害相关属性(BUFF前)：maxPAtk:2700,maxPDef:540,maxMDef:540,ignorePDef:0,ignoreMDef:0,injureAdd:0,injureIgnore:0,injureAddBoss:0
[2023-09-19 14:15:46,873] 攻方算伤害相关属性(BUFF后)：maxPAtk:13788,maxPDef:7192,maxMDef:7192,ignorePDef:700,ignoreMDef:4531,injureAdd:0,injureIgnore:0,injureAddBoss:100
[2023-09-19 14:15:46,873] 守方算伤害相关属性(BUFF后)：maxPAtk:2700,maxPDef:540,maxMDef:540,ignorePDef:0,ignoreMDef:0,injureAdd:0,injureIgnore:0,injureAddBoss:0
[2023-09-19 14:15:46,873] 最终伤害：14025
[2023-09-19 14:15:46,873] 最终伤害算上BUFF加成：14025
[2023-09-19 14:15:46,873] (裁决骑士莎菲,c2a516c1-9c17-467e-97c4-1d144064458a) 扣血：14025;剩余血：72190/270000
[2023-09-19 14:15:46,873] =========[异界精灵瑞拉]施放技能【END】：(火球术)


[2023-09-19 14:15:47,158] 客户端通知开始：[61d54739-c5d2-4391-b496-dbb532b85962]->[c2a516c1-9c17-467e-97c4-1d144064458a],使用技能：[10]
[2023-09-19 14:15:47,158] 客户端通知技能成功：[syymw.com,61d54739-c5d2-4391-b496-dbb532b85962]->[裁决骑士莎菲,c2a516c1-9c17-467e-97c4-1d144064458a],使用技能：[10]

[2023-09-19 14:15:47,158] >>>>>[syymw.com]施放技能【BEGIN】：(断空破), 描述=单体攻击，积攒的能力瞬间向远程单体造成|C:0x34E22C&T:100%+{0}|T:的魔法伤害，给予敌人沉重的一击。, 目标：裁决骑士莎菲, 技能距离：2
[2023-09-19 14:15:47,158] >>>>>[syymw.com]技能目标：(裁决骑士莎菲), 自己坐标[9,19]; 目标坐标[11,17]
[2023-09-19 14:15:47,158] 本次技能目标个数：1
[2023-09-19 14:15:47,158] >>>>攻击：(syymw.com) -> (裁决骑士莎菲) 伤害系数：100, 固定伤害：4000, 攻击类型：1, 是否XP技能：false
[2023-09-19 14:15:47,158] 攻方算命中相关属性(BUFF前)：hit:0,crit:0,critInjure:60,dodge:0,ignoreCrit:0,ignoreCritInjure:0,critBoss:60,critInjureBoss:0
[2023-09-19 14:15:47,158] 守方算命中相关属性(BUFF前)：hit:0,crit:0,critInjure:0,dodge:0,ignoreCrit:0,ignoreCritInjure:0,critBoss:0,critInjureBoss:0
[2023-09-19 14:15:47,158] 攻方算命中相关属性(BUFF后)：hit:0,crit:0,critInjure:60,dodge:0,ignoreCrit:0,ignoreCritInjure:0,critBoss:60,critInjureBoss:0
[2023-09-19 14:15:47,158] 守方算命中相关属性(BUFF后)：hit:0,crit:0,critInjure:0,dodge:0,ignoreCrit:0,ignoreCritInjure:0,critBoss:0,critInjureBoss:0
[2023-09-19 14:15:47,158] 攻方算伤害相关属性(BUFF前)：maxPAtk:18397,maxPDef:8205,maxMDef:8286,ignorePDef:700,ignoreMDef:700,injureAdd:0,injureIgnore:0,injureAddBoss:100
[2023-09-19 14:15:47,158] 守方算伤害相关属性(BUFF前)：maxPAtk:2700,maxPDef:540,maxMDef:540,ignorePDef:0,ignoreMDef:0,injureAdd:0,injureIgnore:0,injureAddBoss:0
[2023-09-19 14:15:47,158] 攻方算伤害相关属性(BUFF后)：maxPAtk:18397,maxPDef:8205,maxMDef:8286,ignorePDef:700,ignoreMDef:700,injureAdd:0,injureIgnore:0,injureAddBoss:100
[2023-09-19 14:15:47,158] 守方算伤害相关属性(BUFF后)：maxPAtk:2700,maxPDef:540,maxMDef:540,ignorePDef:0,ignoreMDef:0,injureAdd:0,injureIgnore:0,injureAddBoss:0
[2023-09-19 14:15:47,158] 最终伤害：22580
[2023-09-19 14:15:47,158] 最终伤害算上BUFF加成：22580
[2023-09-19 14:15:47,158] (裁决骑士莎菲,c2a516c1-9c17-467e-97c4-1d144064458a) 扣血：22580;剩余血：49610/270000
[2023-09-19 14:15:47,159] =========[syymw.com]施放技能【END】：(断空破)

[2023-09-19 14:15:47,594] (吉祥噜噜) 回血：15000;剩余血：267740/267740

[2023-09-19 14:15:47,605] >>>>>[裁决骑士莎菲]施放技能【BEGIN】：(BOSS远程攻击), 描述=普通攻击, 目标：syymw.com, 技能距离：6
[2023-09-19 14:15:47,605] >>>>>[裁决骑士莎菲]技能目标：(syymw.com), 自己坐标[11,17]; 目标坐标[9,19]
[2023-09-19 14:15:47,605] 本次技能目标个数：1
[2023-09-19 14:15:47,605] >>>>攻击：(裁决骑士莎菲) -> (syymw.com) 伤害系数：100, 固定伤害：0, 攻击类型：1, 是否XP技能：false
[2023-09-19 14:15:47,605] 攻方算命中相关属性(BUFF前)：hit:0,crit:0,critInjure:0,dodge:0,ignoreCrit:0,ignoreCritInjure:0,critBoss:0,critInjureBoss:0
[2023-09-19 14:15:47,605] 守方算命中相关属性(BUFF前)：hit:0,crit:0,critInjure:60,dodge:0,ignoreCrit:0,ignoreCritInjure:0,critBoss:60,critInjureBoss:0
[2023-09-19 14:15:47,605] 攻方算命中相关属性(BUFF后)：hit:0,crit:0,critInjure:0,dodge:0,ignoreCrit:0,ignoreCritInjure:0,critBoss:0,critInjureBoss:0
[2023-09-19 14:15:47,605] 守方算命中相关属性(BUFF后)：hit:0,crit:0,critInjure:60,dodge:0,ignoreCrit:0,ignoreCritInjure:0,critBoss:60,critInjureBoss:0
[2023-09-19 14:15:47,605] 攻方算伤害相关属性(BUFF前)：maxPAtk:2700,maxPDef:540,maxMDef:540,ignorePDef:0,ignoreMDef:0,injureAdd:0,injureIgnore:0,injureAddBoss:0
[2023-09-19 14:15:47,605] 守方算伤害相关属性(BUFF前)：maxPAtk:18397,maxPDef:8205,maxMDef:8286,ignorePDef:700,ignoreMDef:700,injureAdd:0,injureIgnore:0,injureAddBoss:100
[2023-09-19 14:15:47,605] 攻方算伤害相关属性(BUFF后)：maxPAtk:2700,maxPDef:540,maxMDef:540,ignorePDef:0,ignoreMDef:0,injureAdd:0,injureIgnore:0,injureAddBoss:0
[2023-09-19 14:15:47,605] 守方算伤害相关属性(BUFF后)：maxPAtk:18397,maxPDef:8205,maxMDef:8286,ignorePDef:700,ignoreMDef:700,injureAdd:0,injureIgnore:0,injureAddBoss:100
[2023-09-19 14:15:47,605] 最终伤害：663
[2023-09-19 14:15:47,605] 最终伤害算上BUFF加成：663
[2023-09-19 14:15:47,605] (syymw.com,61d54739-c5d2-4391-b496-dbb532b85962) 扣血：663;剩余血：183524/186176
[2023-09-19 14:15:47,605] =========[裁决骑士莎菲]施放技能【END】：(BOSS远程攻击)


[2023-09-19 14:15:47,768] 客户端通知开始：[9a8f7d1c-dbc1-4d0b-b8b2-0bd740651559]->[c2a516c1-9c17-467e-97c4-1d144064458a],使用技能：[1201]
[2023-09-19 14:15:47,768] 客户端通知技能成功：[法师攻防型,9a8f7d1c-dbc1-4d0b-b8b2-0bd740651559]->[裁决骑士莎菲,c2a516c1-9c17-467e-97c4-1d144064458a],使用技能：[1201]

[2023-09-19 14:15:47,768] >>>>>[法师攻防型]施放技能【BEGIN】：(火球术), 描述=单体攻击利用魔法的力量形成火焰球，对单体目标造成|C:0x34E22C&T:100%+100|T:魔法伤害。, 目标：裁决骑士莎菲, 技能距离：2
[2023-09-19 14:15:47,768] >>>>>[法师攻防型]技能目标：(裁决骑士莎菲), 自己坐标[9,19]; 目标坐标[11,17]
[2023-09-19 14:15:47,768] 本次技能目标个数：1
[2023-09-19 14:15:47,768] >>>>攻击：(法师攻防型) -> (裁决骑士莎菲) 伤害系数：100, 固定伤害：100, 攻击类型：1, 是否XP技能：false
[2023-09-19 14:15:47,768] 攻方算命中相关属性(BUFF前)：hit:0,crit:0,critInjure:60,dodge:0,ignoreCrit:0,ignoreCritInjure:0,critBoss:60,critInjureBoss:0
[2023-09-19 14:15:47,768] 守方算命中相关属性(BUFF前)：hit:0,crit:0,critInjure:0,dodge:0,ignoreCrit:0,ignoreCritInjure:0,critBoss:0,critInjureBoss:0
[2023-09-19 14:15:47,768] 攻方算命中相关属性(BUFF后)：hit:0,crit:0,critInjure:60,dodge:0,ignoreCrit:0,ignoreCritInjure:0,critBoss:60,critInjureBoss:0
[2023-09-19 14:15:47,768] 守方算命中相关属性(BUFF后)：hit:0,crit:0,critInjure:0,dodge:0,ignoreCrit:0,ignoreCritInjure:0,critBoss:0,critInjureBoss:0
[2023-09-19 14:15:47,768] 攻方算伤害相关属性(BUFF前)：maxPAtk:13134,maxPDef:5682,maxMDef:8519,ignorePDef:700,ignoreMDef:4139,injureAdd:0,injureIgnore:0,injureAddBoss:100
[2023-09-19 14:15:47,768] 守方算伤害相关属性(BUFF前)：maxPAtk:2700,maxPDef:540,maxMDef:540,ignorePDef:0,ignoreMDef:0,injureAdd:0,injureIgnore:0,injureAddBoss:0
[2023-09-19 14:15:47,768] 攻方算伤害相关属性(BUFF后)：maxPAtk:13134,maxPDef:5682,maxMDef:8519,ignorePDef:700,ignoreMDef:4139,injureAdd:0,injureIgnore:0,injureAddBoss:100
[2023-09-19 14:15:47,768] 守方算伤害相关属性(BUFF后)：maxPAtk:2700,maxPDef:540,maxMDef:540,ignorePDef:0,ignoreMDef:0,injureAdd:0,injureIgnore:0,injureAddBoss:0
[2023-09-19 14:15:47,768] 最终伤害：13365
[2023-09-19 14:15:47,768] 最终伤害算上BUFF加成：13365
[2023-09-19 14:15:47,768] (裁决骑士莎菲,c2a516c1-9c17-467e-97c4-1d144064458a) 扣血：13365;剩余血：36245/270000
[2023-09-19 14:15:47,768] =========[法师攻防型]施放技能【END】：(火球术)


[2023-09-19 14:15:47,771] 客户端通知开始：[1e85198e-1140-4378-b194-48d194e27668]->[c2a516c1-9c17-467e-97c4-1d144064458a],使用技能：[1001]
[2023-09-19 14:15:47,771] 客户端通知技能成功：[吉祥噜噜,1e85198e-1140-4378-b194-48d194e27668]->[裁决骑士莎菲,c2a516c1-9c17-467e-97c4-1d144064458a],使用技能：[1001]

[2023-09-19 14:15:47,771] >>>>>[吉祥噜噜]施放技能【BEGIN】：(斩击), 描述=单体攻击，对近战单体目标造成|C:0x34E22C&T:100%+100|T:物理伤害。, 目标：裁决骑士莎菲, 技能距离：1
[2023-09-19 14:15:47,771] >>>>>[吉祥噜噜]技能目标：(裁决骑士莎菲), 自己坐标[9,19]; 目标坐标[11,17]
[2023-09-19 14:15:47,771] 本次技能目标个数：1
[2023-09-19 14:15:47,771] >>>>攻击：(吉祥噜噜) -> (裁决骑士莎菲) 伤害系数：100, 固定伤害：100, 攻击类型：0, 是否XP技能：false
[2023-09-19 14:15:47,771] 攻方算命中相关属性(BUFF前)：hit:0,crit:0,critInjure:60,dodge:0,ignoreCrit:0,ignoreCritInjure:0,critBoss:60,critInjureBoss:0
[2023-09-19 14:15:47,771] 守方算命中相关属性(BUFF前)：hit:0,crit:0,critInjure:0,dodge:0,ignoreCrit:0,ignoreCritInjure:0,critBoss:0,critInjureBoss:0
[2023-09-19 14:15:47,771] 攻方算命中相关属性(BUFF后)：hit:0,crit:0,critInjure:60,dodge:0,ignoreCrit:0,ignoreCritInjure:0,critBoss:60,critInjureBoss:0
[2023-09-19 14:15:47,771] 守方算命中相关属性(BUFF后)：hit:0,crit:0,critInjure:0,dodge:0,ignoreCrit:0,ignoreCritInjure:0,critBoss:0,critInjureBoss:0
[2023-09-19 14:15:47,771] 攻方算伤害相关属性(BUFF前)：maxPAtk:20334,maxPDef:11782,maxMDef:9118,ignorePDef:7804,ignoreMDef:700,injureAdd:0,injureIgnore:0,injureAddBoss:100
[2023-09-19 14:15:47,771] 守方算伤害相关属性(BUFF前)：maxPAtk:2700,maxPDef:540,maxMDef:540,ignorePDef:0,ignoreMDef:0,injureAdd:0,injureIgnore:0,injureAddBoss:0
[2023-09-19 14:15:47,771] 攻方算伤害相关属性(BUFF后)：maxPAtk:20334,maxPDef:11782,maxMDef:9118,ignorePDef:7804,ignoreMDef:700,injureAdd:0,injureIgnore:0,injureAddBoss:100
[2023-09-19 14:15:47,771] 守方算伤害相关属性(BUFF后)：maxPAtk:2700,maxPDef:540,maxMDef:540,ignorePDef:0,ignoreMDef:0,injureAdd:0,injureIgnore:0,injureAddBoss:0
[2023-09-19 14:15:47,771] 最终伤害：20637
[2023-09-19 14:15:47,771] 最终伤害算上BUFF加成：20637
[2023-09-19 14:15:47,771] (裁决骑士莎菲,c2a516c1-9c17-467e-97c4-1d144064458a) 扣血：20637;剩余血：15608/270000
[2023-09-19 14:15:47,771] =========[吉祥噜噜]施放技能【END】：(斩击)


[2023-09-19 14:15:47,772] 客户端通知开始：[c58bec36-35b3-4bd4-946e-c257b0228f5f]->[c2a516c1-9c17-467e-97c4-1d144064458a],使用技能：[1201]
[2023-09-19 14:15:47,772] 客户端通知技能成功：[异界精灵瑞拉,c58bec36-35b3-4bd4-946e-c257b0228f5f]->[裁决骑士莎菲,c2a516c1-9c17-467e-97c4-1d144064458a],使用技能：[1201]

[2023-09-19 14:15:47,772] >>>>>[异界精灵瑞拉]施放技能【BEGIN】：(火球术), 描述=单体攻击利用魔法的力量形成火焰球，对单体目标造成|C:0x34E22C&T:100%+100|T:魔法伤害。, 目标：裁决骑士莎菲, 技能距离：2
[2023-09-19 14:15:47,772] >>>>>[异界精灵瑞拉]技能目标：(裁决骑士莎菲), 自己坐标[9,19]; 目标坐标[11,17]
[2023-09-19 14:15:47,772] 本次技能目标个数：1
[2023-09-19 14:15:47,772] >>>>攻击：(异界精灵瑞拉) -> (裁决骑士莎菲) 伤害系数：100, 固定伤害：100, 攻击类型：1, 是否XP技能：false
[2023-09-19 14:15:47,772] 攻方算命中相关属性(BUFF前)：hit:0,crit:0,critInjure:60,dodge:0,ignoreCrit:0,ignoreCritInjure:0,critBoss:60,critInjureBoss:0
[2023-09-19 14:15:47,772] 守方算命中相关属性(BUFF前)：hit:0,crit:0,critInjure:0,dodge:0,ignoreCrit:0,ignoreCritInjure:0,critBoss:0,critInjureBoss:0
[2023-09-19 14:15:47,772] 攻方算命中相关属性(BUFF后)：hit:0,crit:0,critInjure:60,dodge:0,ignoreCrit:0,ignoreCritInjure:0,critBoss:60,critInjureBoss:0
[2023-09-19 14:15:47,772] 守方算命中相关属性(BUFF后)：hit:0,crit:0,critInjure:0,dodge:0,ignoreCrit:0,ignoreCritInjure:0,critBoss:0,critInjureBoss:0
[2023-09-19 14:15:47,772] 攻方算伤害相关属性(BUFF前)：maxPAtk:13788,maxPDef:7192,maxMDef:7192,ignorePDef:700,ignoreMDef:4531,injureAdd:0,injureIgnore:0,injureAddBoss:100
[2023-09-19 14:15:47,772] 守方算伤害相关属性(BUFF前)：maxPAtk:2700,maxPDef:540,maxMDef:540,ignorePDef:0,ignoreMDef:0,injureAdd:0,injureIgnore:0,injureAddBoss:0
[2023-09-19 14:15:47,772] 攻方算伤害相关属性(BUFF后)：maxPAtk:13788,maxPDef:7192,maxMDef:7192,ignorePDef:700,ignoreMDef:4531,injureAdd:0,injureIgnore:0,injureAddBoss:100
[2023-09-19 14:15:47,772] 守方算伤害相关属性(BUFF后)：maxPAtk:2700,maxPDef:540,maxMDef:540,ignorePDef:0,ignoreMDef:0,injureAdd:0,injureIgnore:0,injureAddBoss:0
[2023-09-19 14:15:47,772] 最终伤害：14025
[2023-09-19 14:15:47,772] 最终伤害算上BUFF加成：14025
[2023-09-19 14:15:47,772] (裁决骑士莎菲,c2a516c1-9c17-467e-97c4-1d144064458a) 扣血：14025;剩余血：1583/270000
[2023-09-19 14:15:47,772] =========[异界精灵瑞拉]施放技能【END】：(火球术)


[2023-09-19 14:15:48,053] 客户端通知开始：[61d54739-c5d2-4391-b496-dbb532b85962]->[c2a516c1-9c17-467e-97c4-1d144064458a],使用技能：[10]
[2023-09-19 14:15:48,053] 客户端通知技能成功：[syymw.com,61d54739-c5d2-4391-b496-dbb532b85962]->[裁决骑士莎菲,c2a516c1-9c17-467e-97c4-1d144064458a],使用技能：[10]

[2023-09-19 14:15:48,053] >>>>>[syymw.com]施放技能【BEGIN】：(断空破), 描述=单体攻击，积攒的能力瞬间向远程单体造成|C:0x34E22C&T:100%+{0}|T:的魔法伤害，给予敌人沉重的一击。, 目标：裁决骑士莎菲, 技能距离：2
[2023-09-19 14:15:48,053] >>>>>[syymw.com]技能目标：(裁决骑士莎菲), 自己坐标[9,19]; 目标坐标[11,17]
[2023-09-19 14:15:48,053] 本次技能目标个数：1
[2023-09-19 14:15:48,053] >>>>攻击：(syymw.com) -> (裁决骑士莎菲) 伤害系数：100, 固定伤害：4000, 攻击类型：1, 是否XP技能：false
[2023-09-19 14:15:48,053] 攻方算命中相关属性(BUFF前)：hit:0,crit:0,critInjure:60,dodge:0,ignoreCrit:0,ignoreCritInjure:0,critBoss:60,critInjureBoss:0
[2023-09-19 14:15:48,053] 守方算命中相关属性(BUFF前)：hit:0,crit:0,critInjure:0,dodge:0,ignoreCrit:0,ignoreCritInjure:0,critBoss:0,critInjureBoss:0
[2023-09-19 14:15:48,053] 攻方算命中相关属性(BUFF后)：hit:0,crit:0,critInjure:60,dodge:0,ignoreCrit:0,ignoreCritInjure:0,critBoss:60,critInjureBoss:0
[2023-09-19 14:15:48,053] 守方算命中相关属性(BUFF后)：hit:0,crit:0,critInjure:0,dodge:0,ignoreCrit:0,ignoreCritInjure:0,critBoss:0,critInjureBoss:0
[2023-09-19 14:15:48,053] 攻方算伤害相关属性(BUFF前)：maxPAtk:18397,maxPDef:8205,maxMDef:8286,ignorePDef:700,ignoreMDef:700,injureAdd:0,injureIgnore:0,injureAddBoss:100
[2023-09-19 14:15:48,053] 守方算伤害相关属性(BUFF前)：maxPAtk:2700,maxPDef:540,maxMDef:540,ignorePDef:0,ignoreMDef:0,injureAdd:0,injureIgnore:0,injureAddBoss:0
[2023-09-19 14:15:48,053] 攻方算伤害相关属性(BUFF后)：maxPAtk:18397,maxPDef:8205,maxMDef:8286,ignorePDef:700,ignoreMDef:700,injureAdd:0,injureIgnore:0,injureAddBoss:100
[2023-09-19 14:15:48,053] 守方算伤害相关属性(BUFF后)：maxPAtk:2700,maxPDef:540,maxMDef:540,ignorePDef:0,ignoreMDef:0,injureAdd:0,injureIgnore:0,injureAddBoss:0
[2023-09-19 14:15:48,053] 最终伤害：22580
[2023-09-19 14:15:48,053] 最终伤害算上BUFF加成：22580
[2023-09-19 14:15:48,053] (裁决骑士莎菲,c2a516c1-9c17-467e-97c4-1d144064458a) 扣血：22580;剩余血：0/270000
[2023-09-19 14:15:48,054] 通知：(syymw.com,61d54739-c5d2-4391-b496-dbb532b85962) 对象状态变化: objectId=c2a516c1-9c17-467e-97c4-1d144064458a,status=0
[2023-09-19 14:15:48,066] (裁决骑士莎菲,c2a516c1-9c17-467e-97c4-1d144064458a) 死亡时间：1695104148066
[2023-09-19 14:15:48,066] =========[syymw.com]施放技能【END】：(断空破)

