200310 14:18:54 [Note] Plugin 'FEDERATED' is disabled.
200310 14:18:54 InnoDB: The InnoDB memory heap is disabled
200310 14:18:54 InnoDB: Mutexes and rw_locks use Windows interlocked functions
200310 14:18:54 InnoDB: Compressed tables use zlib 1.2.3
200310 14:18:54 InnoDB: Initializing buffer pool, size = 47.0M
200310 14:18:54 InnoDB: Completed initialization of buffer pool
200310 14:18:55 InnoDB: highest supported file format is Barracuda.
InnoDB: The log sequence number in ibdata files does not match
InnoDB: the log sequence number in the ib_logfiles!
200310 14:18:55  InnoDB: Database was not shut down normally!
InnoDB: Starting crash recovery.
InnoDB: Reading tablespace information from the .ibd files...
InnoDB: Restoring possible half-written data pages from the doublewrite
InnoDB: buffer...
200310 14:18:56  InnoDB: Waiting for the background threads to start
200310 14:18:57 InnoDB: 5.5.53 started; log sequence number 38933181
200310 14:18:57 [Note] Server hostname (bind-address): '0.0.0.0'; port: 3306
200310 14:18:57 [Note]   - '0.0.0.0' resolves to '0.0.0.0';
200310 14:18:57 [Note] Server socket created on IP: '0.0.0.0'.
200310 14:18:57 [Note] Event Scheduler: Loaded 0 events
200310 14:18:57 [Note] D:\MYH5\phpStudy\PHPTutorial\MySQL\bin\mysqld.exe: ready for connections.
Version: '5.5.53'  socket: ''  port: 3306  MySQL Community Server (GPL)
200310 14:42:11 [Note] Plugin 'FEDERATED' is disabled.
200310 14:42:11 InnoDB: The InnoDB memory heap is disabled
200310 14:42:11 InnoDB: Mutexes and rw_locks use Windows interlocked functions
200310 14:42:11 InnoDB: Compressed tables use zlib 1.2.3
200310 14:42:11 InnoDB: Initializing buffer pool, size = 47.0M
200310 14:42:11 InnoDB: Completed initialization of buffer pool
200310 14:42:11 InnoDB: highest supported file format is Barracuda.
InnoDB: The log sequence number in ibdata files does not match
InnoDB: the log sequence number in the ib_logfiles!
200310 14:42:11  InnoDB: Database was not shut down normally!
InnoDB: Starting crash recovery.
InnoDB: Reading tablespace information from the .ibd files...
InnoDB: Restoring possible half-written data pages from the doublewrite
InnoDB: buffer...
200310 14:42:12  InnoDB: Waiting for the background threads to start
200310 14:42:13 InnoDB: 5.5.53 started; log sequence number 39231102
200310 14:42:13 [Note] Server hostname (bind-address): '0.0.0.0'; port: 3306
200310 14:42:13 [Note]   - '0.0.0.0' resolves to '0.0.0.0';
200310 14:42:13 [Note] Server socket created on IP: '0.0.0.0'.
200310 14:42:13 [Note] Event Scheduler: Loaded 0 events
200310 14:42:13 [Note] D:\MYH5\phpStudy\PHPTutorial\MySQL\bin\mysqld.exe: ready for connections.
Version: '5.5.53'  socket: ''  port: 3306  MySQL Community Server (GPL)
200310 16:06:31 [Note] Plugin 'FEDERATED' is disabled.
200310 16:06:31 InnoDB: The InnoDB memory heap is disabled
200310 16:06:31 InnoDB: Mutexes and rw_locks use Windows interlocked functions
200310 16:06:31 InnoDB: Compressed tables use zlib 1.2.3
200310 16:06:31 InnoDB: Initializing buffer pool, size = 47.0M
200310 16:06:31 InnoDB: Completed initialization of buffer pool
200310 16:06:31 InnoDB: highest supported file format is Barracuda.
InnoDB: The log sequence number in ibdata files does not match
InnoDB: the log sequence number in the ib_logfiles!
200310 16:06:31  InnoDB: Database was not shut down normally!
InnoDB: Starting crash recovery.
InnoDB: Reading tablespace information from the .ibd files...
InnoDB: Restoring possible half-written data pages from the doublewrite
InnoDB: buffer...
200310 16:06:31  InnoDB: Waiting for the background threads to start
200310 16:06:32 InnoDB: 5.5.53 started; log sequence number 39231112
200310 16:06:32 [Note] Server hostname (bind-address): '0.0.0.0'; port: 3306
200310 16:06:32 [Note]   - '0.0.0.0' resolves to '0.0.0.0';
200310 16:06:32 [Note] Server socket created on IP: '0.0.0.0'.
200310 16:06:32 [Note] Event Scheduler: Loaded 0 events
200310 16:06:32 [Note] D:\MYH5\phpStudy\PHPTutorial\MySQL\bin\mysqld.exe: ready for connections.
Version: '5.5.53'  socket: ''  port: 3306  MySQL Community Server (GPL)
200310 16:07:32 [Note] Plugin 'FEDERATED' is disabled.
200310 16:07:32 InnoDB: The InnoDB memory heap is disabled
200310 16:07:32 InnoDB: Mutexes and rw_locks use Windows interlocked functions
200310 16:07:32 InnoDB: Compressed tables use zlib 1.2.3
200310 16:07:32 InnoDB: Initializing buffer pool, size = 47.0M
200310 16:07:32 InnoDB: Completed initialization of buffer pool
200310 16:07:32 InnoDB: highest supported file format is Barracuda.
InnoDB: The log sequence number in ibdata files does not match
InnoDB: the log sequence number in the ib_logfiles!
200310 16:07:32  InnoDB: Database was not shut down normally!
InnoDB: Starting crash recovery.
InnoDB: Reading tablespace information from the .ibd files...
InnoDB: Restoring possible half-written data pages from the doublewrite
InnoDB: buffer...
200310 16:07:32  InnoDB: Waiting for the background threads to start
200310 16:07:33 InnoDB: 5.5.53 started; log sequence number 39231112
200310 16:07:33 [Note] Server hostname (bind-address): '0.0.0.0'; port: 3306
200310 16:07:33 [Note]   - '0.0.0.0' resolves to '0.0.0.0';
200310 16:07:33 [Note] Server socket created on IP: '0.0.0.0'.
200310 16:07:33 [Note] D:\MYH5\phpStudy\PHPTutorial\MySQL\bin\mysqld.exe: ready for connections.
Version: '5.5.53'  socket: ''  port: 3306  MySQL Community Server (GPL)
200310 16:07:37 [Note] Plugin 'FEDERATED' is disabled.
200310 16:07:37 InnoDB: The InnoDB memory heap is disabled
200310 16:07:37 InnoDB: Mutexes and rw_locks use Windows interlocked functions
200310 16:07:37 InnoDB: Compressed tables use zlib 1.2.3
200310 16:07:37 InnoDB: Initializing buffer pool, size = 47.0M
200310 16:07:37 InnoDB: Completed initialization of buffer pool
200310 16:07:37 InnoDB: highest supported file format is Barracuda.
InnoDB: The log sequence number in ibdata files does not match
InnoDB: the log sequence number in the ib_logfiles!
200310 16:07:37  InnoDB: Database was not shut down normally!
InnoDB: Starting crash recovery.
InnoDB: Reading tablespace information from the .ibd files...
InnoDB: Restoring possible half-written data pages from the doublewrite
InnoDB: buffer...
200310 16:07:37  InnoDB: Waiting for the background threads to start
200310 16:07:38 InnoDB: 5.5.53 started; log sequence number 39231112
200310 16:07:38 [Note] Server hostname (bind-address): '0.0.0.0'; port: 3306
200310 16:07:38 [Note]   - '0.0.0.0' resolves to '0.0.0.0';
200310 16:07:38 [Note] Server socket created on IP: '0.0.0.0'.
200310 16:07:38 [Note] Event Scheduler: Loaded 0 events
200310 16:07:38 [Note] D:\MYH5\phpStudy\PHPTutorial\MySQL\bin\mysqld.exe: ready for connections.
Version: '5.5.53'  socket: ''  port: 3306  MySQL Community Server (GPL)
200310 16:57:01 [Note] Plugin 'FEDERATED' is disabled.
200310 16:57:01 InnoDB: The InnoDB memory heap is disabled
200310 16:57:01 InnoDB: Mutexes and rw_locks use Windows interlocked functions
200310 16:57:01 InnoDB: Compressed tables use zlib 1.2.3
200310 16:57:01 InnoDB: Initializing buffer pool, size = 47.0M
200310 16:57:01 InnoDB: Completed initialization of buffer pool
200310 16:57:01 InnoDB: highest supported file format is Barracuda.
InnoDB: The log sequence number in ibdata files does not match
InnoDB: the log sequence number in the ib_logfiles!
200310 16:57:01  InnoDB: Database was not shut down normally!
InnoDB: Starting crash recovery.
InnoDB: Reading tablespace information from the .ibd files...
InnoDB: Restoring possible half-written data pages from the doublewrite
InnoDB: buffer...
200310 16:57:02  InnoDB: Waiting for the background threads to start
200310 16:57:03 InnoDB: 5.5.53 started; log sequence number 39421277
200310 16:57:03 [Note] Server hostname (bind-address): '0.0.0.0'; port: 3306
200310 16:57:03 [Note]   - '0.0.0.0' resolves to '0.0.0.0';
200310 16:57:03 [Note] Server socket created on IP: '0.0.0.0'.
200310 16:57:03 [Note] Event Scheduler: Loaded 0 events
200310 16:57:03 [Note] D:\MYH5\phpStudy\PHPTutorial\MySQL\bin\mysqld.exe: ready for connections.
Version: '5.5.53'  socket: ''  port: 3306  MySQL Community Server (GPL)
