200316  3:18:52 [Note] Plugin 'FEDERATED' is disabled.
200316  3:18:52 InnoDB: The InnoDB memory heap is disabled
200316  3:18:52 InnoDB: Mutexes and rw_locks use Windows interlocked functions
200316  3:18:52 InnoDB: Compressed tables use zlib 1.2.3
200316  3:18:52 InnoDB: Initializing buffer pool, size = 47.0M
200316  3:18:52 InnoDB: Completed initialization of buffer pool
200316  3:18:52 InnoDB: highest supported file format is Barracuda.
InnoDB: The log sequence number in ibdata files does not match
InnoDB: the log sequence number in the ib_logfiles!
200316  3:18:52  InnoDB: Database was not shut down normally!
InnoDB: Starting crash recovery.
InnoDB: Reading tablespace information from the .ibd files...
InnoDB: Restoring possible half-written data pages from the doublewrite
InnoDB: buffer...
200316  3:18:54  InnoDB: Waiting for the background threads to start
200316  3:18:55 InnoDB: 5.5.53 started; log sequence number 39421277
200316  3:18:55 [Note] Server hostname (bind-address): '0.0.0.0'; port: 3306
200316  3:18:55 [Note]   - '0.0.0.0' resolves to '0.0.0.0';
200316  3:18:55 [Note] Server socket created on IP: '0.0.0.0'.
200316  3:18:56 [Note] Event Scheduler: Loaded 0 events
200316  3:18:56 [Note] D:\MYH5\phpStudy\PHPTutorial\MySQL\bin\mysqld.exe: ready for connections.
Version: '5.5.53'  socket: ''  port: 3306  MySQL Community Server (GPL)
200316  3:25:58 [Note] Plugin 'FEDERATED' is disabled.
200316  3:25:58 InnoDB: The InnoDB memory heap is disabled
200316  3:25:58 InnoDB: Mutexes and rw_locks use Windows interlocked functions
200316  3:25:58 InnoDB: Compressed tables use zlib 1.2.3
200316  3:25:58 InnoDB: Initializing buffer pool, size = 47.0M
200316  3:25:58 InnoDB: Completed initialization of buffer pool
200316  3:25:58 InnoDB: highest supported file format is Barracuda.
InnoDB: Log scan progressed past the checkpoint lsn 39555895
200316  3:25:58  InnoDB: Database was not shut down normally!
InnoDB: Starting crash recovery.
InnoDB: Reading tablespace information from the .ibd files...
InnoDB: Restoring possible half-written data pages from the doublewrite
InnoDB: buffer...
InnoDB: Doing recovery: scanned up to log sequence number 39709305
200316  3:25:58  InnoDB: Starting an apply batch of log records to the database...
InnoDB: Progress in percents: 0 1 2 3 4 5 6 7 8 9 10 11 12 13 14 15 16 17 18 19 20 21 22 23 24 25 26 27 28 29 30 31 32 33 34 35 36 37 38 39 40 41 42 43 44 45 46 47 48 49 50 51 52 53 54 55 56 57 58 59 60 61 62 63 64 65 66 67 68 69 70 71 72 73 74 75 76 77 78 79 80 81 82 83 84 85 86 87 88 89 90 91 92 93 94 95 96 97 98 99 
InnoDB: Apply batch completed
200316  3:25:59  InnoDB: Waiting for the background threads to start
200316  3:26:00 InnoDB: 5.5.53 started; log sequence number 39709305
200316  3:26:00 [Note] Server hostname (bind-address): '0.0.0.0'; port: 3306
200316  3:26:00 [Note]   - '0.0.0.0' resolves to '0.0.0.0';
200316  3:26:00 [Note] Server socket created on IP: '0.0.0.0'.
200316  3:26:00 [Note] Event Scheduler: Loaded 0 events
200316  3:26:00 [Note] D:\MYH5\phpStudy\PHPTutorial\MySQL\bin\mysqld.exe: ready for connections.
Version: '5.5.53'  socket: ''  port: 3306  MySQL Community Server (GPL)
200316  3:28:18 [Note] Plugin 'FEDERATED' is disabled.
200316  3:28:18 InnoDB: The InnoDB memory heap is disabled
200316  3:28:18 InnoDB: Mutexes and rw_locks use Windows interlocked functions
200316  3:28:18 InnoDB: Compressed tables use zlib 1.2.3
200316  3:28:18 InnoDB: Initializing buffer pool, size = 47.0M
200316  3:28:19 InnoDB: Completed initialization of buffer pool
200316  3:28:19 InnoDB: highest supported file format is Barracuda.
InnoDB: The log sequence number in ibdata files does not match
InnoDB: the log sequence number in the ib_logfiles!
200316  3:28:19  InnoDB: Database was not shut down normally!
InnoDB: Starting crash recovery.
InnoDB: Reading tablespace information from the .ibd files...
InnoDB: Restoring possible half-written data pages from the doublewrite
InnoDB: buffer...
200316  3:28:20  InnoDB: Waiting for the background threads to start
200316  3:28:21 InnoDB: 5.5.53 started; log sequence number 39709661
200316  3:28:21 [Note] Server hostname (bind-address): '0.0.0.0'; port: 3306
200316  3:28:21 [Note]   - '0.0.0.0' resolves to '0.0.0.0';
200316  3:28:21 [Note] Server socket created on IP: '0.0.0.0'.
200316  3:28:21 [Note] Event Scheduler: Loaded 0 events
200316  3:28:21 [Note] D:\MYH5\phpStudy\PHPTutorial\MySQL\bin\mysqld.exe: ready for connections.
Version: '5.5.53'  socket: ''  port: 3306  MySQL Community Server (GPL)
200316  3:30:36 [Note] Plugin 'FEDERATED' is disabled.
200316  3:30:36 InnoDB: The InnoDB memory heap is disabled
200316  3:30:36 InnoDB: Mutexes and rw_locks use Windows interlocked functions
200316  3:30:36 InnoDB: Compressed tables use zlib 1.2.3
200316  3:30:36 InnoDB: Initializing buffer pool, size = 47.0M
200316  3:30:36 InnoDB: Completed initialization of buffer pool
200316  3:30:36 InnoDB: highest supported file format is Barracuda.
InnoDB: The log sequence number in ibdata files does not match
InnoDB: the log sequence number in the ib_logfiles!
200316  3:30:36  InnoDB: Database was not shut down normally!
InnoDB: Starting crash recovery.
InnoDB: Reading tablespace information from the .ibd files...
InnoDB: Restoring possible half-written data pages from the doublewrite
InnoDB: buffer...
200316  3:30:37  InnoDB: Waiting for the background threads to start
200316  3:30:38 InnoDB: 5.5.53 started; log sequence number 39709661
200316  3:30:38 [Note] Server hostname (bind-address): '0.0.0.0'; port: 3306
200316  3:30:38 [Note]   - '0.0.0.0' resolves to '0.0.0.0';
200316  3:30:38 [Note] Server socket created on IP: '0.0.0.0'.
200316  3:30:38 [Note] Event Scheduler: Loaded 0 events
200316  3:30:38 [Note] D:\MYH5\phpStudy\PHPTutorial\MySQL\bin\mysqld.exe: ready for connections.
Version: '5.5.53'  socket: ''  port: 3306  MySQL Community Server (GPL)
200316  3:30:47 [Note] Plugin 'FEDERATED' is disabled.
200316  3:30:47 InnoDB: The InnoDB memory heap is disabled
200316  3:30:47 InnoDB: Mutexes and rw_locks use Windows interlocked functions
200316  3:30:47 InnoDB: Compressed tables use zlib 1.2.3
200316  3:30:47 InnoDB: Initializing buffer pool, size = 47.0M
200316  3:30:47 InnoDB: Completed initialization of buffer pool
200316  3:30:47 InnoDB: highest supported file format is Barracuda.
InnoDB: The log sequence number in ibdata files does not match
InnoDB: the log sequence number in the ib_logfiles!
200316  3:30:47  InnoDB: Database was not shut down normally!
InnoDB: Starting crash recovery.
InnoDB: Reading tablespace information from the .ibd files...
InnoDB: Restoring possible half-written data pages from the doublewrite
InnoDB: buffer...
200316  3:30:48 [Note] Plugin 'FEDERATED' is disabled.
200316  3:30:48 InnoDB: The InnoDB memory heap is disabled
200316  3:30:48 InnoDB: Mutexes and rw_locks use Windows interlocked functions
200316  3:30:48 InnoDB: Compressed tables use zlib 1.2.3
200316  3:30:48 InnoDB: Initializing buffer pool, size = 47.0M
200316  3:30:48 InnoDB: Completed initialization of buffer pool
200316  3:30:48 InnoDB: highest supported file format is Barracuda.
InnoDB: The log sequence number in ibdata files does not match
InnoDB: the log sequence number in the ib_logfiles!
200316  3:30:48  InnoDB: Database was not shut down normally!
InnoDB: Starting crash recovery.
InnoDB: Reading tablespace information from the .ibd files...
InnoDB: Restoring possible half-written data pages from the doublewrite
InnoDB: buffer...
200316  3:30:49  InnoDB: Waiting for the background threads to start
200316  3:30:50 InnoDB: 5.5.53 started; log sequence number 39709661
200316  3:30:50 [Note] Server hostname (bind-address): '0.0.0.0'; port: 3306
200316  3:30:50 [Note]   - '0.0.0.0' resolves to '0.0.0.0';
200316  3:30:50 [Note] Server socket created on IP: '0.0.0.0'.
200316  3:30:50 [Note] Event Scheduler: Loaded 0 events
200316  3:30:50 [Note] D:\MYH5\phpStudy\PHPTutorial\MySQL\bin\mysqld.exe: ready for connections.
Version: '5.5.53'  socket: ''  port: 3306  MySQL Community Server (GPL)
200316  3:32:10 [Note] Plugin 'FEDERATED' is disabled.
200316  3:32:10 InnoDB: The InnoDB memory heap is disabled
200316  3:32:10 InnoDB: Mutexes and rw_locks use Windows interlocked functions
200316  3:32:10 InnoDB: Compressed tables use zlib 1.2.3
200316  3:32:10 InnoDB: Initializing buffer pool, size = 47.0M
200316  3:32:10 InnoDB: Completed initialization of buffer pool
200316  3:32:10 InnoDB: highest supported file format is Barracuda.
InnoDB: The log sequence number in ibdata files does not match
InnoDB: the log sequence number in the ib_logfiles!
200316  3:32:10  InnoDB: Database was not shut down normally!
InnoDB: Starting crash recovery.
InnoDB: Reading tablespace information from the .ibd files...
InnoDB: Restoring possible half-written data pages from the doublewrite
InnoDB: buffer...
200316  3:32:10 [Note] Plugin 'FEDERATED' is disabled.
200316  3:32:10 InnoDB: The InnoDB memory heap is disabled
200316  3:32:10 InnoDB: Mutexes and rw_locks use Windows interlocked functions
200316  3:32:10 InnoDB: Compressed tables use zlib 1.2.3
200316  3:32:10 InnoDB: Initializing buffer pool, size = 47.0M
200316  3:32:10 InnoDB: Completed initialization of buffer pool
200316  3:32:10  InnoDB: Operating system error number 32 in a file operation.
InnoDB: The error means that another program is using InnoDB's files.
InnoDB: This might be a backup or antivirus software or another instance
InnoDB: of MySQL. Please close it to get rid of this error.
200316  3:32:11  InnoDB: Waiting for the background threads to start
200316  3:32:12 InnoDB: 5.5.53 started; log sequence number 39709661
200316  3:32:12 [Note] Server hostname (bind-address): '0.0.0.0'; port: 3306
200316  3:32:12 [Note]   - '0.0.0.0' resolves to '0.0.0.0';
200316  3:32:12 [Note] Server socket created on IP: '0.0.0.0'.
200316  3:32:12 [Note] Event Scheduler: Loaded 0 events
200316  3:32:12 [Note] D:\MYH5\phpStudy\PHPTutorial\MySQL\bin\mysqld.exe: ready for connections.
Version: '5.5.53'  socket: ''  port: 3306  MySQL Community Server (GPL)
200316  3:32:20 [Note] Plugin 'FEDERATED' is disabled.
200316  3:32:20 InnoDB: The InnoDB memory heap is disabled
200316  3:32:20 InnoDB: Mutexes and rw_locks use Windows interlocked functions
200316  3:32:20 InnoDB: Compressed tables use zlib 1.2.3
200316  3:32:20 InnoDB: Initializing buffer pool, size = 47.0M
200316  3:32:20 InnoDB: Completed initialization of buffer pool
200316  3:32:20 InnoDB: highest supported file format is Barracuda.
InnoDB: The log sequence number in ibdata files does not match
InnoDB: the log sequence number in the ib_logfiles!
200316  3:32:20  InnoDB: Database was not shut down normally!
InnoDB: Starting crash recovery.
InnoDB: Reading tablespace information from the .ibd files...
InnoDB: Restoring possible half-written data pages from the doublewrite
InnoDB: buffer...
200316  3:32:21  InnoDB: Waiting for the background threads to start
200316  3:32:22 InnoDB: 5.5.53 started; log sequence number 39709661
200316  3:32:22 [Note] Server hostname (bind-address): '0.0.0.0'; port: 3306
200316  3:32:22 [Note]   - '0.0.0.0' resolves to '0.0.0.0';
200316  3:32:22 [Note] Server socket created on IP: '0.0.0.0'.
200316  3:32:22 [Note] Event Scheduler: Loaded 0 events
200316  3:32:22 [Note] D:\MYH5\phpStudy\PHPTutorial\MySQL\bin\mysqld.exe: ready for connections.
Version: '5.5.53'  socket: ''  port: 3306  MySQL Community Server (GPL)
200316  3:33:02 [Note] Plugin 'FEDERATED' is disabled.
200316  3:33:02 InnoDB: The InnoDB memory heap is disabled
200316  3:33:02 InnoDB: Mutexes and rw_locks use Windows interlocked functions
200316  3:33:02 InnoDB: Compressed tables use zlib 1.2.3
200316  3:33:02 InnoDB: Initializing buffer pool, size = 47.0M
200316  3:33:02 InnoDB: Completed initialization of buffer pool
200316  3:33:02 InnoDB: highest supported file format is Barracuda.
200316  3:33:02 [Note] Plugin 'FEDERATED' is disabled.
200316  3:33:02 InnoDB: The InnoDB memory heap is disabled
200316  3:33:02 InnoDB: Mutexes and rw_locks use Windows interlocked functions
200316  3:33:02 InnoDB: Compressed tables use zlib 1.2.3
200316  3:33:02 InnoDB: Initializing buffer pool, size = 47.0M
200316  3:33:02 InnoDB: Completed initialization of buffer pool
200316  3:33:02  InnoDB: Operating system error number 32 in a file operation.
InnoDB: The error means that another program is using InnoDB's files.
InnoDB: This might be a backup or antivirus software or another instance
InnoDB: of MySQL. Please close it to get rid of this error.
InnoDB: The log sequence number in ibdata files does not match
InnoDB: the log sequence number in the ib_logfiles!
200316  3:33:02  InnoDB: Database was not shut down normally!
InnoDB: Starting crash recovery.
InnoDB: Reading tablespace information from the .ibd files...
InnoDB: Restoring possible half-written data pages from the doublewrite
InnoDB: buffer...
200316  3:33:05  InnoDB: Waiting for the background threads to start
200316  3:33:06 InnoDB: 5.5.53 started; log sequence number 39709661
200316  3:33:06 [Note] Server hostname (bind-address): '0.0.0.0'; port: 3306
200316  3:33:06 [Note]   - '0.0.0.0' resolves to '0.0.0.0';
200316  3:33:06 [Note] Server socket created on IP: '0.0.0.0'.
200316  3:33:06 [Note] Event Scheduler: Loaded 0 events
200316  3:33:06 [Note] D:\MYH5\phpStudy\PHPTutorial\MySQL\bin\mysqld.exe: ready for connections.
Version: '5.5.53'  socket: ''  port: 3306  MySQL Community Server (GPL)
200316  3:33:14 [Note] Plugin 'FEDERATED' is disabled.
200316  3:33:14 InnoDB: The InnoDB memory heap is disabled
200316  3:33:14 InnoDB: Mutexes and rw_locks use Windows interlocked functions
200316  3:33:14 InnoDB: Compressed tables use zlib 1.2.3
200316  3:33:14 InnoDB: Initializing buffer pool, size = 47.0M
200316  3:33:14 InnoDB: Completed initialization of buffer pool
200316  3:33:14 InnoDB: highest supported file format is Barracuda.
InnoDB: The log sequence number in ibdata files does not match
InnoDB: the log sequence number in the ib_logfiles!
200316  3:33:14  InnoDB: Database was not shut down normally!
InnoDB: Starting crash recovery.
InnoDB: Reading tablespace information from the .ibd files...
InnoDB: Restoring possible half-written data pages from the doublewrite
InnoDB: buffer...
200316  3:33:15  InnoDB: Waiting for the background threads to start
200316  3:33:16 InnoDB: 5.5.53 started; log sequence number 39709661
200316  3:33:16 [Note] Server hostname (bind-address): '0.0.0.0'; port: 3306
200316  3:33:16 [Note]   - '0.0.0.0' resolves to '0.0.0.0';
200316  3:33:16 [Note] Server socket created on IP: '0.0.0.0'.
200316  3:33:16 [Note] Event Scheduler: Loaded 0 events
200316  3:33:16 [Note] D:\MYH5\phpStudy\PHPTutorial\MySQL\bin\mysqld.exe: ready for connections.
Version: '5.5.53'  socket: ''  port: 3306  MySQL Community Server (GPL)
200316  3:37:06 [Note] Plugin 'FEDERATED' is disabled.
200316  3:37:06 InnoDB: The InnoDB memory heap is disabled
200316  3:37:06 InnoDB: Mutexes and rw_locks use Windows interlocked functions
200316  3:37:06 InnoDB: Compressed tables use zlib 1.2.3
200316  3:37:06 InnoDB: Initializing buffer pool, size = 47.0M
200316  3:37:06 InnoDB: Completed initialization of buffer pool
200316  3:37:06 InnoDB: highest supported file format is Barracuda.
InnoDB: The log sequence number in ibdata files does not match
InnoDB: the log sequence number in the ib_logfiles!
200316  3:37:06  InnoDB: Database was not shut down normally!
InnoDB: Starting crash recovery.
InnoDB: Reading tablespace information from the .ibd files...
InnoDB: Restoring possible half-written data pages from the doublewrite
InnoDB: buffer...
200316  3:37:07  InnoDB: Waiting for the background threads to start
200316  3:37:08 InnoDB: 5.5.53 started; log sequence number 39709661
200316  3:37:08 [Note] Server hostname (bind-address): '0.0.0.0'; port: 3306
200316  3:37:08 [Note]   - '0.0.0.0' resolves to '0.0.0.0';
200316  3:37:08 [Note] Server socket created on IP: '0.0.0.0'.
200316  3:37:08 [Note] Event Scheduler: Loaded 0 events
200316  3:37:08 [Note] D:\MYH5\phpStudy\PHPTutorial\MySQL\bin\mysqld.exe: ready for connections.
Version: '5.5.53'  socket: ''  port: 3306  MySQL Community Server (GPL)
200316  4:03:09 [Note] Plugin 'FEDERATED' is disabled.
200316  4:03:09 InnoDB: The InnoDB memory heap is disabled
200316  4:03:09 InnoDB: Mutexes and rw_locks use Windows interlocked functions
200316  4:03:09 InnoDB: Compressed tables use zlib 1.2.3
200316  4:03:09 InnoDB: Initializing buffer pool, size = 47.0M
200316  4:03:09 InnoDB: Completed initialization of buffer pool
200316  4:03:09 InnoDB: highest supported file format is Barracuda.
InnoDB: Log scan progressed past the checkpoint lsn 39943701
200316  4:03:09  InnoDB: Database was not shut down normally!
InnoDB: Starting crash recovery.
InnoDB: Reading tablespace information from the .ibd files...
InnoDB: Restoring possible half-written data pages from the doublewrite
InnoDB: buffer...
InnoDB: Doing recovery: scanned up to log sequence number 39951344
200316  4:03:10  InnoDB: Starting an apply batch of log records to the database...
InnoDB: Progress in percents: 38 39 40 41 42 43 44 45 46 47 48 49 50 51 52 53 54 55 56 57 58 59 60 61 62 63 64 65 66 67 68 69 70 71 72 73 74 75 76 77 78 79 80 81 82 83 84 85 86 87 88 89 90 91 92 93 94 95 96 97 98 99 
InnoDB: Apply batch completed
200316  4:03:11  InnoDB: Waiting for the background threads to start
200316  4:03:12 InnoDB: 5.5.53 started; log sequence number 39951344
200316  4:03:12 [Note] Server hostname (bind-address): '0.0.0.0'; port: 3306
200316  4:03:12 [Note]   - '0.0.0.0' resolves to '0.0.0.0';
200316  4:03:12 [Note] Server socket created on IP: '0.0.0.0'.
200316  4:03:12 [Note] Event Scheduler: Loaded 0 events
200316  4:03:12 [Note] D:\MYH5\phpStudy\PHPTutorial\MySQL\bin\mysqld.exe: ready for connections.
Version: '5.5.53'  socket: ''  port: 3306  MySQL Community Server (GPL)
