190830 20:00:55 [Note] Plugin 'FEDERATED' is disabled.
190830 20:00:55 InnoDB: The InnoDB memory heap is disabled
190830 20:00:55 InnoDB: Mutexes and rw_locks use Windows interlocked functions
190830 20:00:55 InnoDB: Compressed tables use zlib 1.2.3
190830 20:00:55 InnoDB: Initializing buffer pool, size = 47.0M
190830 20:00:55 InnoDB: Completed initialization of buffer pool
190830 20:00:55 InnoDB: highest supported file format is Barracuda.
InnoDB: Log scan progressed past the checkpoint lsn 18080818
190830 20:00:55  InnoDB: Database was not shut down normally!
InnoDB: Starting crash recovery.
InnoDB: Reading tablespace information from the .ibd files...
InnoDB: Restoring possible half-written data pages from the doublewrite
InnoDB: buffer...
InnoDB: Doing recovery: scanned up to log sequence number 18082395
190830 20:00:57  InnoDB: Starting an apply batch of log records to the database...
InnoDB: Progress in percents: 46 47 48 49 50 51 52 53 54 55 56 57 58 59 60 61 62 63 64 65 66 67 68 69 70 71 72 73 74 75 76 77 78 79 80 81 82 83 84 85 86 87 88 89 90 91 92 93 94 95 96 97 98 99 
InnoDB: Apply batch completed
190830 20:00:58  InnoDB: Waiting for the background threads to start
190830 20:00:59 InnoDB: 5.5.53 started; log sequence number 18082395
190830 20:00:59 [Note] Server hostname (bind-address): '0.0.0.0'; port: 3306
190830 20:00:59 [Note]   - '0.0.0.0' resolves to '0.0.0.0';
190830 20:00:59 [Note] Server socket created on IP: '0.0.0.0'.
190830 20:00:59 [Note] Event Scheduler: Loaded 0 events
190830 20:00:59 [Note] D:\MYH5\phpStudy\PHPTutorial\MySQL\bin\mysqld.exe: ready for connections.
Version: '5.5.53'  socket: ''  port: 3306  MySQL Community Server (GPL)
190830 22:54:37 [Note] Plugin 'FEDERATED' is disabled.
190830 22:54:38 InnoDB: The InnoDB memory heap is disabled
190830 22:54:38 InnoDB: Mutexes and rw_locks use Windows interlocked functions
190830 22:54:38 InnoDB: Compressed tables use zlib 1.2.3
190830 22:54:38 InnoDB: Initializing buffer pool, size = 47.0M
190830 22:54:38 InnoDB: Completed initialization of buffer pool
190830 22:54:38 InnoDB: highest supported file format is Barracuda.
InnoDB: The log sequence number in ibdata files does not match
InnoDB: the log sequence number in the ib_logfiles!
190830 22:54:39  InnoDB: Database was not shut down normally!
InnoDB: Starting crash recovery.
InnoDB: Reading tablespace information from the .ibd files...
InnoDB: Restoring possible half-written data pages from the doublewrite
InnoDB: buffer...
190830 22:54:46  InnoDB: Waiting for the background threads to start
190830 22:54:47 InnoDB: 5.5.53 started; log sequence number 20344359
190830 22:54:48 [Note] Server hostname (bind-address): '0.0.0.0'; port: 3306
190830 22:54:48 [Note]   - '0.0.0.0' resolves to '0.0.0.0';
190830 22:54:48 [Note] Server socket created on IP: '0.0.0.0'.
190830 22:54:48 [Note] Event Scheduler: Loaded 0 events
190830 22:54:48 [Note] D:\MYH5\phpStudy\PHPTutorial\MySQL\bin\mysqld.exe: ready for connections.
Version: '5.5.53'  socket: ''  port: 3306  MySQL Community Server (GPL)
