[2026-06-14 02:50:32,926] ?Beast King General?????????????
[2026-06-14 02:50:32,936] [????]??BUFF?(Giant Rock Holy Shield[3201])
[2026-06-14 02:50:32,936] [????]??BUFF?(Starlight Power[2202])
[2026-06-14 02:50:32,936] [????]??BUFF?(Bloodthirst[1301])
[2026-06-14 02:50:32,936] (????) ???1200;????6949926/6949926

[2026-06-14 02:50:33,731] ????????[bd0d352c-abdf-4576-a426-08b6080bd21e]->[bfabb7f2-8c3b-46b3-95c7-700d0efb652c],?????[1201]
[2026-06-14 02:50:33,731] ??????????[Otherworld Elf Ruila,bd0d352c-abdf-4576-a426-08b6080bd21e]->[Beast King General,bfabb7f2-8c3b-46b3-95c7-700d0efb652c],?????[1201]

[2026-06-14 02:50:33,731] >>>>>[Otherworld Elf Ruila]?????BEGIN??(Fireball), ??=Single Target ATK, uses Magic's power to form a fireball, targeting Single target,deal|C:0x34E22C&T:100%+100|T:Magic Damage., ???Beast King General, ?????2
[2026-06-14 02:50:33,731] >>>>>[Otherworld Elf Ruila]?????(Beast King General), ????[7,13]; ????[12,13]
[2026-06-14 02:50:33,731] ?????????1
[2026-06-14 02:50:33,731] >>>>???(Otherworld Elf Ruila) -> (Beast King General) ?????100, ?????100, ?????1, ??XP???false
[2026-06-14 02:50:33,731] ?????????(BUFF?)?hit:0,crit:0,critInjure:250,dodge:0,ignoreCrit:0,ignoreCritInjure:0,critBoss:250,critInjureBoss:0
[2026-06-14 02:50:33,731] ?????????(BUFF?)?hit:0,crit:0,critInjure:0,dodge:0,ignoreCrit:0,ignoreCritInjure:0,critBoss:0,critInjureBoss:0
[2026-06-14 02:50:33,731] ?????????(BUFF?)?hit:0,crit:0,critInjure:250,dodge:0,ignoreCrit:0,ignoreCritInjure:0,critBoss:250,critInjureBoss:0
[2026-06-14 02:50:33,731] ?????????(BUFF?)?hit:0,crit:0,critInjure:0,dodge:0,ignoreCrit:0,ignoreCritInjure:0,critBoss:0,critInjureBoss:0
[2026-06-14 02:50:33,731] ?????????(BUFF?)?maxPAtk:109807,maxPDef:68309,maxMDef:37615,ignorePDef:0,ignoreMDef:6887,injureAdd:0,injureIgnore:0,injureAddBoss:100
[2026-06-14 02:50:33,731] ?????????(BUFF?)?maxPAtk:15625,maxPDef:2890,maxMDef:2890,ignorePDef:0,ignoreMDef:0,injureAdd:0,injureIgnore:0,injureAddBoss:0
[2026-06-14 02:50:33,731] ?????????(BUFF?)?maxPAtk:109807,maxPDef:68309,maxMDef:37615,ignorePDef:0,ignoreMDef:6887,injureAdd:0,injureIgnore:0,injureAddBoss:100
[2026-06-14 02:50:33,731] ?????????(BUFF?)?maxPAtk:15625,maxPDef:2890,maxMDef:2890,ignorePDef:0,ignoreMDef:0,injureAdd:0,injureIgnore:0,injureAddBoss:0
[2026-06-14 02:50:33,731] ?????111005
[2026-06-14 02:50:33,731] ??????BUFF???111005
[2026-06-14 02:50:33,731] (Beast King General,bfabb7f2-8c3b-46b3-95c7-700d0efb652c) ???111005;????1333995/1445000
[2026-06-14 02:50:33,731] =========[Otherworld Elf Ruila]?????END??(Fireball)


[2026-06-14 02:50:33,775] ????????[d1806f2b-c67b-4e48-8e65-e94548e56e23]->[bfabb7f2-8c3b-46b3-95c7-700d0efb652c],?????[9]
[2026-06-14 02:50:33,775] ??????????[????,d1806f2b-c67b-4e48-8e65-e94548e56e23]->[Beast King General,bfabb7f2-8c3b-46b3-95c7-700d0efb652c],?????[9]

[2026-06-14 02:50:33,775] >>>>>[????]?????BEGIN??(Giant Rock Holy Shield), ??=Support Skill, applies Shield Reduction of|C:0x34E22C&T:20%|T: damage value, for|C:0x34E22C&T:5|T:s, upon breaking, targets surrounding enemies, dealing|C:0x34E22C&T:120%+{0}|T:Magic Damage, ???????, ?????0
[2026-06-14 02:50:33,775] [????]??BUFF?(Giant Rock Holy Shield[3201]), ????=5000, ??=2000
[2026-06-14 02:50:33,775] [????]?????1389985
[2026-06-14 02:50:33,775] =========[????]???????????(Giant Rock Holy Shield)

[2026-06-14 02:50:33,878] ????????[????],posX=8,posY=13
[2026-06-14 02:50:33,926] (????) ???1200;????6949926/6949926

[2026-06-14 02:50:34,009] ????????[ebc35acd-9d47-43c8-b6d6-2e231c80d600]->[bfabb7f2-8c3b-46b3-95c7-700d0efb652c],?????[1201]
[2026-06-14 02:50:34,009] ??????????[?????,ebc35acd-9d47-43c8-b6d6-2e231c80d600]->[Beast King General,bfabb7f2-8c3b-46b3-95c7-700d0efb652c],?????[1201]

[2026-06-14 02:50:34,009] >>>>>[?????]?????BEGIN??(Fireball), ??=Single Target ATK, uses Magic's power to form a fireball, targeting Single target,deal|C:0x34E22C&T:100%+100|T:Magic Damage., ???Beast King General, ?????2
[2026-06-14 02:50:34,009] >>>>>[?????]?????(Beast King General), ????[7,13]; ????[12,13]
[2026-06-14 02:50:34,009] ?????????1
[2026-06-14 02:50:34,009] >>>>???(?????) -> (Beast King General) ?????100, ?????100, ?????1, ??XP???false
[2026-06-14 02:50:34,009] ?????????(BUFF?)?hit:0,crit:0,critInjure:250,dodge:0,ignoreCrit:0,ignoreCritInjure:0,critBoss:250,critInjureBoss:0
[2026-06-14 02:50:34,009] ?????????(BUFF?)?hit:0,crit:0,critInjure:0,dodge:0,ignoreCrit:0,ignoreCritInjure:0,critBoss:0,critInjureBoss:0
[2026-06-14 02:50:34,009] ?????????(BUFF?)?hit:0,crit:0,critInjure:250,dodge:0,ignoreCrit:0,ignoreCritInjure:0,critBoss:250,critInjureBoss:0
[2026-06-14 02:50:34,009] ?????????(BUFF?)?hit:0,crit:0,critInjure:0,dodge:0,ignoreCrit:0,ignoreCritInjure:0,critBoss:0,critInjureBoss:0
[2026-06-14 02:50:34,009] ?????????(BUFF?)?maxPAtk:155998,maxPDef:88275,maxMDef:65856,ignorePDef:0,ignoreMDef:35218,injureAdd:100,injureIgnore:0,injureAddBoss:100
[2026-06-14 02:50:34,009] ?????????(BUFF?)?maxPAtk:15625,maxPDef:2890,maxMDef:2890,ignorePDef:0,ignoreMDef:0,injureAdd:0,injureIgnore:0,injureAddBoss:0
[2026-06-14 02:50:34,009] ?????????(BUFF?)?maxPAtk:155998,maxPDef:88275,maxMDef:65856,ignorePDef:0,ignoreMDef:35218,injureAdd:100,injureIgnore:0,injureAddBoss:100
[2026-06-14 02:50:34,009] ?????????(BUFF?)?maxPAtk:15625,maxPDef:2890,maxMDef:2890,ignorePDef:0,ignoreMDef:0,injureAdd:0,injureIgnore:0,injureAddBoss:0
[2026-06-14 02:50:34,009] ?????159217
[2026-06-14 02:50:34,009] ??????BUFF???159217
[2026-06-14 02:50:34,009] (Beast King General,bfabb7f2-8c3b-46b3-95c7-700d0efb652c) ???159217;????1174778/1445000
[2026-06-14 02:50:34,009] =========[?????]?????END??(Fireball)

[2026-06-14 02:50:34,210] ????????[????],posX=9,posY=12

[2026-06-14 02:50:34,428] ????????[65b226f4-3d1c-4a60-838c-6aa6fda1c644]->[bfabb7f2-8c3b-46b3-95c7-700d0efb652c],?????[1201]
[2026-06-14 02:50:34,428] ??????????[?????,65b226f4-3d1c-4a60-838c-6aa6fda1c644]->[Beast King General,bfabb7f2-8c3b-46b3-95c7-700d0efb652c],?????[1201]

[2026-06-14 02:50:34,428] >>>>>[?????]?????BEGIN??(Fireball), ??=Single Target ATK, uses Magic's power to form a fireball, targeting Single target,deal|C:0x34E22C&T:100%+100|T:Magic Damage., ???Beast King General, ?????2
[2026-06-14 02:50:34,428] >>>>>[?????]?????(Beast King General), ????[7,13]; ????[12,13]
[2026-06-14 02:50:34,428] ?????????1
[2026-06-14 02:50:34,428] >>>>???(?????) -> (Beast King General) ?????100, ?????100, ?????1, ??XP???false
[2026-06-14 02:50:34,428] ?????????(BUFF?)?hit:0,crit:0,critInjure:250,dodge:0,ignoreCrit:0,ignoreCritInjure:0,critBoss:250,critInjureBoss:0
[2026-06-14 02:50:34,428] ?????????(BUFF?)?hit:0,crit:0,critInjure:0,dodge:0,ignoreCrit:0,ignoreCritInjure:0,critBoss:0,critInjureBoss:0
[2026-06-14 02:50:34,428] ?????????(BUFF?)?hit:0,crit:0,critInjure:250,dodge:0,ignoreCrit:0,ignoreCritInjure:0,critBoss:250,critInjureBoss:0
[2026-06-14 02:50:34,428] ?????????(BUFF?)?hit:0,crit:0,critInjure:0,dodge:0,ignoreCrit:0,ignoreCritInjure:0,critBoss:0,critInjureBoss:0
[2026-06-14 02:50:34,428] ?????????(BUFF?)?maxPAtk:109532,maxPDef:64692,maxMDef:38977,ignorePDef:0,ignoreMDef:5809,injureAdd:0,injureIgnore:0,injureAddBoss:100
[2026-06-14 02:50:34,428] ?????????(BUFF?)?maxPAtk:15625,maxPDef:2890,maxMDef:2890,ignorePDef:0,ignoreMDef:0,injureAdd:0,injureIgnore:0,injureAddBoss:0
[2026-06-14 02:50:34,428] ?????????(BUFF?)?maxPAtk:109532,maxPDef:64692,maxMDef:38977,ignorePDef:0,ignoreMDef:5809,injureAdd:0,injureIgnore:0,injureAddBoss:100
[2026-06-14 02:50:34,428] ?????????(BUFF?)?maxPAtk:15625,maxPDef:2890,maxMDef:2890,ignorePDef:0,ignoreMDef:0,injureAdd:0,injureIgnore:0,injureAddBoss:0
[2026-06-14 02:50:34,428] ?????110727
[2026-06-14 02:50:34,428] ??????BUFF???110727
[2026-06-14 02:50:34,428] (Beast King General,bfabb7f2-8c3b-46b3-95c7-700d0efb652c) ???110727;????1064051/1445000
[2026-06-14 02:50:34,428] =========[?????]?????END??(Fireball)

[2026-06-14 02:50:34,544] ????????[????],posX=10,posY=12

[2026-06-14 02:50:34,644] ????????[bd0d352c-abdf-4576-a426-08b6080bd21e]->[bfabb7f2-8c3b-46b3-95c7-700d0efb652c],?????[1201]
[2026-06-14 02:50:34,644] ??????????[Otherworld Elf Ruila,bd0d352c-abdf-4576-a426-08b6080bd21e]->[Beast King General,bfabb7f2-8c3b-46b3-95c7-700d0efb652c],?????[1201]

[2026-06-14 02:50:34,644] >>>>>[Otherworld Elf Ruila]?????BEGIN??(Fireball), ??=Single Target ATK, uses Magic's power to form a fireball, targeting Single target,deal|C:0x34E22C&T:100%+100|T:Magic Damage., ???Beast King General, ?????2
[2026-06-14 02:50:34,644] >>>>>[Otherworld Elf Ruila]?????(Beast King General), ????[7,13]; ????[12,13]
[2026-06-14 02:50:34,644] ?????????1
[2026-06-14 02:50:34,644] >>>>???(Otherworld Elf Ruila) -> (Beast King General) ?????100, ?????100, ?????1, ??XP???false
[2026-06-14 02:50:34,644] ?????????(BUFF?)?hit:0,crit:0,critInjure:250,dodge:0,ignoreCrit:0,ignoreCritInjure:0,critBoss:250,critInjureBoss:0
[2026-06-14 02:50:34,644] ?????????(BUFF?)?hit:0,crit:0,critInjure:0,dodge:0,ignoreCrit:0,ignoreCritInjure:0,critBoss:0,critInjureBoss:0
[2026-06-14 02:50:34,644] ?????????(BUFF?)?hit:0,crit:0,critInjure:250,dodge:0,ignoreCrit:0,ignoreCritInjure:0,critBoss:250,critInjureBoss:0
[2026-06-14 02:50:34,644] ?????????(BUFF?)?hit:0,crit:0,critInjure:0,dodge:0,ignoreCrit:0,ignoreCritInjure:0,critBoss:0,critInjureBoss:0
[2026-06-14 02:50:34,644] ?????????(BUFF?)?maxPAtk:109807,maxPDef:68309,maxMDef:37615,ignorePDef:0,ignoreMDef:6887,injureAdd:0,injureIgnore:0,injureAddBoss:100
[2026-06-14 02:50:34,644] ?????????(BUFF?)?maxPAtk:15625,maxPDef:2890,maxMDef:2890,ignorePDef:0,ignoreMDef:0,injureAdd:0,injureIgnore:0,injureAddBoss:0
[2026-06-14 02:50:34,644] ?????????(BUFF?)?maxPAtk:109807,maxPDef:68309,maxMDef:37615,ignorePDef:0,ignoreMDef:6887,injureAdd:0,injureIgnore:0,injureAddBoss:100
[2026-06-14 02:50:34,644] ?????????(BUFF?)?maxPAtk:15625,maxPDef:2890,maxMDef:2890,ignorePDef:0,ignoreMDef:0,injureAdd:0,injureIgnore:0,injureAddBoss:0
[2026-06-14 02:50:34,644] ?????111005
[2026-06-14 02:50:34,644] ??????BUFF???111005
[2026-06-14 02:50:34,644] (Beast King General,bfabb7f2-8c3b-46b3-95c7-700d0efb652c) ???111005;????953046/1445000
[2026-06-14 02:50:34,644] =========[Otherworld Elf Ruila]?????END??(Fireball)


[2026-06-14 02:50:34,879] >>>>>[Beast King General]?????BEGIN??(Boss Melee Attack), ??=NormalATK, ???????, ?????4
[2026-06-14 02:50:34,879] >>>>>[Beast King General]?????(????), ????[12,13]; ????[10,12]
[2026-06-14 02:50:34,879] ?????????1
[2026-06-14 02:50:34,879] >>>>???(Beast King General) -> (????) ?????100, ?????0, ?????0, ??XP???false
[2026-06-14 02:50:34,879] ?????????(BUFF?)?hit:0,crit:0,critInjure:0,dodge:0,ignoreCrit:0,ignoreCritInjure:0,critBoss:0,critInjureBoss:0
[2026-06-14 02:50:34,879] ?????????(BUFF?)?hit:60,crit:288,critInjure:610,dodge:15,ignoreCrit:0,ignoreCritInjure:0,critBoss:250,critInjureBoss:0
[2026-06-14 02:50:34,879] ?????????(BUFF?)?hit:0,crit:0,critInjure:0,dodge:0,ignoreCrit:0,ignoreCritInjure:0,critBoss:0,critInjureBoss:0
[2026-06-14 02:50:34,879] ?????????(BUFF?)?hit:60,crit:288,critInjure:610,dodge:15,ignoreCrit:0,ignoreCritInjure:0,critBoss:250,critInjureBoss:0
[2026-06-14 02:50:34,879] ?????????(BUFF?)?maxPAtk:15625,maxPDef:2890,maxMDef:2890,ignorePDef:0,ignoreMDef:0,injureAdd:0,injureIgnore:0,injureAddBoss:0
[2026-06-14 02:50:34,879] ?????????(BUFF?)?maxPAtk:537036,maxPDef:320573,maxMDef:292686,ignorePDef:923,ignoreMDef:1836,injureAdd:0,injureIgnore:1000,injureAddBoss:100
[2026-06-14 02:50:34,879] ?????????(BUFF?)?maxPAtk:15625,maxPDef:2890,maxMDef:2890,ignorePDef:0,ignoreMDef:0,injureAdd:0,injureIgnore:0,injureAddBoss:0
[2026-06-14 02:50:34,879] ?????????(BUFF?)?maxPAtk:537036,maxPDef:320573,maxMDef:292686,ignorePDef:923,ignoreMDef:1836,injureAdd:0,injureIgnore:1000,injureAddBoss:100
[2026-06-14 02:50:34,879] ?????653
[2026-06-14 02:50:34,879] ??????BUFF???653
[2026-06-14 02:50:34,879] [????]??BUFF?(Giant Rock Holy Shield), ??=Absorb Max HP|C:0x34E22C&T:20%|T:damage, ?????3896
[2026-06-14 02:50:34,879] [????]?????653, ?????1389332
[2026-06-14 02:50:34,879] (????,d1806f2b-c67b-4e48-8e65-e94548e56e23) ???0;????6949926/6949926
[2026-06-14 02:50:34,879] =========[Beast King General]?????END??(Boss Melee Attack)


[2026-06-14 02:50:34,917] ????????[ebc35acd-9d47-43c8-b6d6-2e231c80d600]->[bfabb7f2-8c3b-46b3-95c7-700d0efb652c],?????[1201]
[2026-06-14 02:50:34,917] ??????????[?????,ebc35acd-9d47-43c8-b6d6-2e231c80d600]->[Beast King General,bfabb7f2-8c3b-46b3-95c7-700d0efb652c],?????[1201]

[2026-06-14 02:50:34,917] >>>>>[?????]?????BEGIN??(Fireball), ??=Single Target ATK, uses Magic's power to form a fireball, targeting Single target,deal|C:0x34E22C&T:100%+100|T:Magic Damage., ???Beast King General, ?????2
[2026-06-14 02:50:34,917] >>>>>[?????]?????(Beast King General), ????[7,13]; ????[12,13]
[2026-06-14 02:50:34,917] ?????????1
[2026-06-14 02:50:34,917] >>>>???(?????) -> (Beast King General) ?????100, ?????100, ?????1, ??XP???false
[2026-06-14 02:50:34,917] ?????????(BUFF?)?hit:0,crit:0,critInjure:250,dodge:0,ignoreCrit:0,ignoreCritInjure:0,critBoss:250,critInjureBoss:0
[2026-06-14 02:50:34,917] ?????????(BUFF?)?hit:0,crit:0,critInjure:0,dodge:0,ignoreCrit:0,ignoreCritInjure:0,critBoss:0,critInjureBoss:0
[2026-06-14 02:50:34,917] ?????????(BUFF?)?hit:0,crit:0,critInjure:250,dodge:0,ignoreCrit:0,ignoreCritInjure:0,critBoss:250,critInjureBoss:0
[2026-06-14 02:50:34,917] ?????????(BUFF?)?hit:0,crit:0,critInjure:0,dodge:0,ignoreCrit:0,ignoreCritInjure:0,critBoss:0,critInjureBoss:0
[2026-06-14 02:50:34,917] ?????????(BUFF?)?maxPAtk:155998,maxPDef:88275,maxMDef:65856,ignorePDef:0,ignoreMDef:35218,injureAdd:100,injureIgnore:0,injureAddBoss:100
[2026-06-14 02:50:34,917] ?????????(BUFF?)?maxPAtk:15625,maxPDef:2890,maxMDef:2890,ignorePDef:0,ignoreMDef:0,injureAdd:0,injureIgnore:0,injureAddBoss:0
[2026-06-14 02:50:34,917] ?????????(BUFF?)?maxPAtk:155998,maxPDef:88275,maxMDef:65856,ignorePDef:0,ignoreMDef:35218,injureAdd:100,injureIgnore:0,injureAddBoss:100
[2026-06-14 02:50:34,917] ?????????(BUFF?)?maxPAtk:15625,maxPDef:2890,maxMDef:2890,ignorePDef:0,ignoreMDef:0,injureAdd:0,injureIgnore:0,injureAddBoss:0
[2026-06-14 02:50:34,917] ?????159217
[2026-06-14 02:50:34,917] ??????BUFF???159217
[2026-06-14 02:50:34,917] (Beast King General,bfabb7f2-8c3b-46b3-95c7-700d0efb652c) ???159217;????793829/1445000
[2026-06-14 02:50:34,917] =========[?????]?????END??(Fireball)

[2026-06-14 02:50:34,927] (????) ???1200;????6949926/6949926

[2026-06-14 02:50:35,315] ????????[65b226f4-3d1c-4a60-838c-6aa6fda1c644]->[bfabb7f2-8c3b-46b3-95c7-700d0efb652c],?????[1201]
[2026-06-14 02:50:35,315] ??????????[?????,65b226f4-3d1c-4a60-838c-6aa6fda1c644]->[Beast King General,bfabb7f2-8c3b-46b3-95c7-700d0efb652c],?????[1201]

[2026-06-14 02:50:35,315] >>>>>[?????]?????BEGIN??(Fireball), ??=Single Target ATK, uses Magic's power to form a fireball, targeting Single target,deal|C:0x34E22C&T:100%+100|T:Magic Damage., ???Beast King General, ?????2
[2026-06-14 02:50:35,315] >>>>>[?????]?????(Beast King General), ????[7,13]; ????[12,13]
[2026-06-14 02:50:35,315] ?????????1
[2026-06-14 02:50:35,315] >>>>???(?????) -> (Beast King General) ?????100, ?????100, ?????1, ??XP???false
[2026-06-14 02:50:35,315] ?????????(BUFF?)?hit:0,crit:0,critInjure:250,dodge:0,ignoreCrit:0,ignoreCritInjure:0,critBoss:250,critInjureBoss:0
[2026-06-14 02:50:35,315] ?????????(BUFF?)?hit:0,crit:0,critInjure:0,dodge:0,ignoreCrit:0,ignoreCritInjure:0,critBoss:0,critInjureBoss:0
[2026-06-14 02:50:35,315] ?????????(BUFF?)?hit:0,crit:0,critInjure:250,dodge:0,ignoreCrit:0,ignoreCritInjure:0,critBoss:250,critInjureBoss:0
[2026-06-14 02:50:35,315] ?????????(BUFF?)?hit:0,crit:0,critInjure:0,dodge:0,ignoreCrit:0,ignoreCritInjure:0,critBoss:0,critInjureBoss:0
[2026-06-14 02:50:35,315] ?????????(BUFF?)?maxPAtk:109532,maxPDef:64692,maxMDef:38977,ignorePDef:0,ignoreMDef:5809,injureAdd:0,injureIgnore:0,injureAddBoss:100
[2026-06-14 02:50:35,315] ?????????(BUFF?)?maxPAtk:15625,maxPDef:2890,maxMDef:2890,ignorePDef:0,ignoreMDef:0,injureAdd:0,injureIgnore:0,injureAddBoss:0
[2026-06-14 02:50:35,315] ?????????(BUFF?)?maxPAtk:109532,maxPDef:64692,maxMDef:38977,ignorePDef:0,ignoreMDef:5809,injureAdd:0,injureIgnore:0,injureAddBoss:100
[2026-06-14 02:50:35,315] ?????????(BUFF?)?maxPAtk:15625,maxPDef:2890,maxMDef:2890,ignorePDef:0,ignoreMDef:0,injureAdd:0,injureIgnore:0,injureAddBoss:0
[2026-06-14 02:50:35,315] ?????110727
[2026-06-14 02:50:35,315] ??????BUFF???110727
[2026-06-14 02:50:35,315] (Beast King General,bfabb7f2-8c3b-46b3-95c7-700d0efb652c) ???110727;????683102/1445000
[2026-06-14 02:50:35,315] =========[?????]?????END??(Fireball)


[2026-06-14 02:50:35,563] ????????[d1806f2b-c67b-4e48-8e65-e94548e56e23]->[bfabb7f2-8c3b-46b3-95c7-700d0efb652c],?????[8]
[2026-06-14 02:50:35,563] ??????????[????,d1806f2b-c67b-4e48-8e65-e94548e56e23]->[Beast King General,bfabb7f2-8c3b-46b3-95c7-700d0efb652c],?????[8]

[2026-06-14 02:50:35,563] >>>>>[????]?????BEGIN??(Wind Bead), ??=AoE ATK, targets Ranged AoE, dealing|C:0x34E22C&T:80%+{0}|T:Magic Damage, ???Beast King General, ?????2
[2026-06-14 02:50:35,563] >>>>>[????]?????(Beast King General), ????[10,12]; ????[12,13]
[2026-06-14 02:50:35,563] ?????????1
[2026-06-14 02:50:35,563] >>>>???(????) -> (Beast King General) ?????80, ?????8100, ?????1, ??XP???false
[2026-06-14 02:50:35,563] ?????????(BUFF?)?hit:60,crit:288,critInjure:610,dodge:15,ignoreCrit:0,ignoreCritInjure:0,critBoss:250,critInjureBoss:0
[2026-06-14 02:50:35,563] ?????????(BUFF?)?hit:0,crit:0,critInjure:0,dodge:0,ignoreCrit:0,ignoreCritInjure:0,critBoss:0,critInjureBoss:0
[2026-06-14 02:50:35,563] ?????????(BUFF?)?hit:60,crit:288,critInjure:610,dodge:15,ignoreCrit:0,ignoreCritInjure:0,critBoss:250,critInjureBoss:0
[2026-06-14 02:50:35,563] ?????????(BUFF?)?hit:0,crit:0,critInjure:0,dodge:0,ignoreCrit:0,ignoreCritInjure:0,critBoss:0,critInjureBoss:0
[2026-06-14 02:50:35,563] ?????????(BUFF?)?maxPAtk:537036,maxPDef:320573,maxMDef:292686,ignorePDef:923,ignoreMDef:1836,injureAdd:0,injureIgnore:1000,injureAddBoss:100
[2026-06-14 02:50:35,563] ?????????(BUFF?)?maxPAtk:15625,maxPDef:2890,maxMDef:2890,ignorePDef:0,ignoreMDef:0,injureAdd:0,injureIgnore:0,injureAddBoss:0
[2026-06-14 02:50:35,563] ?????????(BUFF?)?maxPAtk:537036,maxPDef:320573,maxMDef:292686,ignorePDef:923,ignoreMDef:1836,injureAdd:0,injureIgnore:1000,injureAddBoss:100
[2026-06-14 02:50:35,563] ?????????(BUFF?)?maxPAtk:15625,maxPDef:2890,maxMDef:2890,ignorePDef:0,ignoreMDef:0,injureAdd:0,injureIgnore:0,injureAddBoss:0
[2026-06-14 02:50:35,563] ?????441174
[2026-06-14 02:50:35,563] ??????BUFF???441174
[2026-06-14 02:50:35,563] (Beast King General,bfabb7f2-8c3b-46b3-95c7-700d0efb652c) ???441174;????241928/1445000
[2026-06-14 02:50:35,563] [????]???????(Bloodthirst), ??=2000, buffStr=401011, ???????
[2026-06-14 02:50:35,563] [????]??BUFF?(Bloodthirst[1301]), ????=0, ??=4000
[2026-06-14 02:50:35,563] [????]??BUFF?(Bloodthirst), ??=will |C:0x34E22C&T:40%|T:damage damage converted to own HP, ?????0
[2026-06-14 02:50:35,563] (????) ???176469;????6949926/6949926
[2026-06-14 02:50:35,563] =========[????]?????END??(Wind Bead)


[2026-06-14 02:50:35,563] ????????[bd0d352c-abdf-4576-a426-08b6080bd21e]->[bfabb7f2-8c3b-46b3-95c7-700d0efb652c],?????[1201]
[2026-06-14 02:50:35,563] ??????????[Otherworld Elf Ruila,bd0d352c-abdf-4576-a426-08b6080bd21e]->[Beast King General,bfabb7f2-8c3b-46b3-95c7-700d0efb652c],?????[1201]

[2026-06-14 02:50:35,563] >>>>>[Otherworld Elf Ruila]?????BEGIN??(Fireball), ??=Single Target ATK, uses Magic's power to form a fireball, targeting Single target,deal|C:0x34E22C&T:100%+100|T:Magic Damage., ???Beast King General, ?????2
[2026-06-14 02:50:35,563] >>>>>[Otherworld Elf Ruila]?????(Beast King General), ????[7,13]; ????[12,13]
[2026-06-14 02:50:35,563] ?????????1
[2026-06-14 02:50:35,563] >>>>???(Otherworld Elf Ruila) -> (Beast King General) ?????100, ?????100, ?????1, ??XP???false
[2026-06-14 02:50:35,563] ?????????(BUFF?)?hit:0,crit:0,critInjure:250,dodge:0,ignoreCrit:0,ignoreCritInjure:0,critBoss:250,critInjureBoss:0
[2026-06-14 02:50:35,563] ?????????(BUFF?)?hit:0,crit:0,critInjure:0,dodge:0,ignoreCrit:0,ignoreCritInjure:0,critBoss:0,critInjureBoss:0
[2026-06-14 02:50:35,563] ?????????(BUFF?)?hit:0,crit:0,critInjure:250,dodge:0,ignoreCrit:0,ignoreCritInjure:0,critBoss:250,critInjureBoss:0
[2026-06-14 02:50:35,563] ?????????(BUFF?)?hit:0,crit:0,critInjure:0,dodge:0,ignoreCrit:0,ignoreCritInjure:0,critBoss:0,critInjureBoss:0
[2026-06-14 02:50:35,563] ?????????(BUFF?)?maxPAtk:109807,maxPDef:68309,maxMDef:37615,ignorePDef:0,ignoreMDef:6887,injureAdd:0,injureIgnore:0,injureAddBoss:100
[2026-06-14 02:50:35,563] ?????????(BUFF?)?maxPAtk:15625,maxPDef:2890,maxMDef:2890,ignorePDef:0,ignoreMDef:0,injureAdd:0,injureIgnore:0,injureAddBoss:0
[2026-06-14 02:50:35,563] ?????????(BUFF?)?maxPAtk:109807,maxPDef:68309,maxMDef:37615,ignorePDef:0,ignoreMDef:6887,injureAdd:0,injureIgnore:0,injureAddBoss:100
[2026-06-14 02:50:35,563] ?????????(BUFF?)?maxPAtk:15625,maxPDef:2890,maxMDef:2890,ignorePDef:0,ignoreMDef:0,injureAdd:0,injureIgnore:0,injureAddBoss:0
[2026-06-14 02:50:35,563] ?????111005
[2026-06-14 02:50:35,563] ??????BUFF???111005
[2026-06-14 02:50:35,563] (Beast King General,bfabb7f2-8c3b-46b3-95c7-700d0efb652c) ???111005;????130923/1445000
[2026-06-14 02:50:35,563] =========[Otherworld Elf Ruila]?????END??(Fireball)

[2026-06-14 02:50:35,564] [????]??BUFF?(Bloodthirst[1301])

[2026-06-14 02:50:35,844] ????????[ebc35acd-9d47-43c8-b6d6-2e231c80d600]->[bfabb7f2-8c3b-46b3-95c7-700d0efb652c],?????[1201]
[2026-06-14 02:50:35,844] ??????????[?????,ebc35acd-9d47-43c8-b6d6-2e231c80d600]->[Beast King General,bfabb7f2-8c3b-46b3-95c7-700d0efb652c],?????[1201]

[2026-06-14 02:50:35,844] >>>>>[?????]?????BEGIN??(Fireball), ??=Single Target ATK, uses Magic's power to form a fireball, targeting Single target,deal|C:0x34E22C&T:100%+100|T:Magic Damage., ???Beast King General, ?????2
[2026-06-14 02:50:35,844] >>>>>[?????]?????(Beast King General), ????[7,13]; ????[12,13]
[2026-06-14 02:50:35,844] ?????????1
[2026-06-14 02:50:35,844] >>>>???(?????) -> (Beast King General) ?????100, ?????100, ?????1, ??XP???false
[2026-06-14 02:50:35,844] ?????????(BUFF?)?hit:0,crit:0,critInjure:250,dodge:0,ignoreCrit:0,ignoreCritInjure:0,critBoss:250,critInjureBoss:0
[2026-06-14 02:50:35,844] ?????????(BUFF?)?hit:0,crit:0,critInjure:0,dodge:0,ignoreCrit:0,ignoreCritInjure:0,critBoss:0,critInjureBoss:0
[2026-06-14 02:50:35,844] ?????????(BUFF?)?hit:0,crit:0,critInjure:250,dodge:0,ignoreCrit:0,ignoreCritInjure:0,critBoss:250,critInjureBoss:0
[2026-06-14 02:50:35,844] ?????????(BUFF?)?hit:0,crit:0,critInjure:0,dodge:0,ignoreCrit:0,ignoreCritInjure:0,critBoss:0,critInjureBoss:0
[2026-06-14 02:50:35,844] ?????????(BUFF?)?maxPAtk:155998,maxPDef:88275,maxMDef:65856,ignorePDef:0,ignoreMDef:35218,injureAdd:100,injureIgnore:0,injureAddBoss:100
[2026-06-14 02:50:35,844] ?????????(BUFF?)?maxPAtk:15625,maxPDef:2890,maxMDef:2890,ignorePDef:0,ignoreMDef:0,injureAdd:0,injureIgnore:0,injureAddBoss:0
[2026-06-14 02:50:35,844] ?????????(BUFF?)?maxPAtk:155998,maxPDef:88275,maxMDef:65856,ignorePDef:0,ignoreMDef:35218,injureAdd:100,injureIgnore:0,injureAddBoss:100
[2026-06-14 02:50:35,844] ?????????(BUFF?)?maxPAtk:15625,maxPDef:2890,maxMDef:2890,ignorePDef:0,ignoreMDef:0,injureAdd:0,injureIgnore:0,injureAddBoss:0
[2026-06-14 02:50:35,844] ?????159217
[2026-06-14 02:50:35,844] ??????BUFF???159217
[2026-06-14 02:50:35,844] (Beast King General,bfabb7f2-8c3b-46b3-95c7-700d0efb652c) ???159217;????0/1445000
[2026-06-14 02:50:35,844] ???(????,d1806f2b-c67b-4e48-8e65-e94548e56e23) ??????: objectId=bfabb7f2-8c3b-46b3-95c7-700d0efb652c,status=0
[2026-06-14 02:50:35,845] (Beast King General,bfabb7f2-8c3b-46b3-95c7-700d0efb652c) ?????1781376635845
[2026-06-14 02:50:35,845] =========[?????]?????END??(Fireball)

[2026-06-14 02:50:36,248] ?canControlObject??????????name=[????]
[2026-06-14 02:50:36,532] ?canControlObject??????????name=[????]
