[2026-06-14 02:29:42,265] ?Spider Empress Ada?????????????
[2026-06-14 02:29:42,265] [????]??BUFF?(Giant Rock Holy Shield[3201])
[2026-06-14 02:29:42,265] (????) ???1200;????6949926/6949926
[2026-06-14 02:29:42,304] ????????[????],posX=8,posY=12
[2026-06-14 02:29:42,709] ????????[????],posX=9,posY=12
[2026-06-14 02:29:43,071] ????????[????],posX=10,posY=12

[2026-06-14 02:29:43,071] ????????[ebc35acd-9d47-43c8-b6d6-2e231c80d600]->[178ed9f2-8e91-4294-bc50-ea9d14184d19],?????[1201]
[2026-06-14 02:29:43,071] ??????????[?????,ebc35acd-9d47-43c8-b6d6-2e231c80d600]->[Spider Empress Ada,178ed9f2-8e91-4294-bc50-ea9d14184d19],?????[1201]

[2026-06-14 02:29:43,071] >>>>>[?????]?????BEGIN??(Fireball), ??=Single Target ATK, uses Magic's power to form a fireball, targeting Single target,deal|C:0x34E22C&T:100%+100|T:Magic Damage., ???Spider Empress Ada, ?????2
[2026-06-14 02:29:43,071] >>>>>[?????]?????(Spider Empress Ada), ????[7,13]; ????[12,13]
[2026-06-14 02:29:43,071] ?????????1
[2026-06-14 02:29:43,071] >>>>???(?????) -> (Spider Empress Ada) ?????100, ?????100, ?????1, ??XP???false
[2026-06-14 02:29:43,071] ?????????(BUFF?)?hit:0,crit:0,critInjure:250,dodge:0,ignoreCrit:0,ignoreCritInjure:0,critBoss:250,critInjureBoss:0
[2026-06-14 02:29:43,071] ?????????(BUFF?)?hit:0,crit:0,critInjure:0,dodge:0,ignoreCrit:0,ignoreCritInjure:0,critBoss:0,critInjureBoss:0
[2026-06-14 02:29:43,071] ?????????(BUFF?)?hit:0,crit:0,critInjure:250,dodge:0,ignoreCrit:0,ignoreCritInjure:0,critBoss:250,critInjureBoss:0
[2026-06-14 02:29:43,071] ?????????(BUFF?)?hit:0,crit:0,critInjure:0,dodge:0,ignoreCrit:0,ignoreCritInjure:0,critBoss:0,critInjureBoss:0
[2026-06-14 02:29:43,071] ?????????(BUFF?)?maxPAtk:155688,maxPDef:88198,maxMDef:65660,ignorePDef:0,ignoreMDef:35063,injureAdd:100,injureIgnore:0,injureAddBoss:100
[2026-06-14 02:29:43,071] ?????????(BUFF?)?maxPAtk:7109,maxPDef:1348,maxMDef:1348,ignorePDef:0,ignoreMDef:0,injureAdd:0,injureIgnore:0,injureAddBoss:0
[2026-06-14 02:29:43,071] ?????????(BUFF?)?maxPAtk:155688,maxPDef:88198,maxMDef:65660,ignorePDef:0,ignoreMDef:35063,injureAdd:100,injureIgnore:0,injureAddBoss:100
[2026-06-14 02:29:43,071] ?????????(BUFF?)?maxPAtk:7109,maxPDef:1348,maxMDef:1348,ignorePDef:0,ignoreMDef:0,injureAdd:0,injureIgnore:0,injureAddBoss:0
[2026-06-14 02:29:43,071] ?????158901
[2026-06-14 02:29:43,071] ??????BUFF???158901
[2026-06-14 02:29:43,071] (Spider Empress Ada,178ed9f2-8e91-4294-bc50-ea9d14184d19) ???158901;????515099/674000
[2026-06-14 02:29:43,071] =========[?????]?????END??(Fireball)

[2026-06-14 02:29:43,265] (????) ???1200;????6949926/6949926

[2026-06-14 02:29:43,305] >>>>>[Spider Empress Ada]?????BEGIN??(Boss Melee Attack), ??=NormalATK, ???????, ?????4
[2026-06-14 02:29:43,305] >>>>>[Spider Empress Ada]?????(????), ????[12,13]; ????[10,12]
[2026-06-14 02:29:43,305] ?????????1
[2026-06-14 02:29:43,305] >>>>???(Spider Empress Ada) -> (????) ?????100, ?????0, ?????0, ??XP???false
[2026-06-14 02:29:43,305] ?????????(BUFF?)?hit:0,crit:0,critInjure:0,dodge:0,ignoreCrit:0,ignoreCritInjure:0,critBoss:0,critInjureBoss:0
[2026-06-14 02:29:43,305] ?????????(BUFF?)?hit:60,crit:288,critInjure:610,dodge:15,ignoreCrit:0,ignoreCritInjure:0,critBoss:250,critInjureBoss:0
[2026-06-14 02:29:43,305] ?????????(BUFF?)?hit:0,crit:0,critInjure:0,dodge:0,ignoreCrit:0,ignoreCritInjure:0,critBoss:0,critInjureBoss:0
[2026-06-14 02:29:43,305] ?????????(BUFF?)?hit:60,crit:288,critInjure:610,dodge:15,ignoreCrit:0,ignoreCritInjure:0,critBoss:250,critInjureBoss:0
[2026-06-14 02:29:43,305] ?????????(BUFF?)?maxPAtk:7109,maxPDef:1348,maxMDef:1348,ignorePDef:0,ignoreMDef:0,injureAdd:0,injureIgnore:0,injureAddBoss:0
[2026-06-14 02:29:43,305] ?????????(BUFF?)?maxPAtk:537036,maxPDef:320573,maxMDef:292686,ignorePDef:923,ignoreMDef:1836,injureAdd:0,injureIgnore:1000,injureAddBoss:100
[2026-06-14 02:29:43,305] [????]???????(Feather Shield), ??=1000, buffStr=601011, ???????
[2026-06-14 02:29:43,305] [????]??BUFF?(Feather Shield[9006]), ????=0, ??=10000
[2026-06-14 02:29:43,305] [????]???????(Wing Strike), ??=1000, buffStr=602011, ???????
[2026-06-14 02:29:43,305] [????]??BUFF?(Wing Strike[2302]), ????=0, ??=10000
[2026-06-14 02:29:43,305] [????]??BUFF?(Feather Shield), ??=increasescharacterfixed|C:0x34E22C&T:10000|T: ptsHP, ?????0
[2026-06-14 02:29:43,305] ?????????(BUFF?)?maxPAtk:7109,maxPDef:1348,maxMDef:1348,ignorePDef:0,ignoreMDef:0,injureAdd:0,injureIgnore:0,injureAddBoss:0
[2026-06-14 02:29:43,305] ?????????(BUFF?)?maxPAtk:537036,maxPDef:320573,maxMDef:292686,ignorePDef:923,ignoreMDef:1836,injureAdd:0,injureIgnore:1000,injureAddBoss:100
[2026-06-14 02:29:43,305] ?????138
[2026-06-14 02:29:43,305] ??????BUFF???138
[2026-06-14 02:29:43,305] [????]??BUFF?(Feather Shield), ??=increasescharacterfixed|C:0x34E22C&T:10000|T: ptsHP, ?????0
[2026-06-14 02:29:43,305] (????,d1806f2b-c67b-4e48-8e65-e94548e56e23) ???138;????6949788/6949926
[2026-06-14 02:29:43,305] [????]??BUFF?(Feather Shield), ??=increasescharacterfixed|C:0x34E22C&T:10000|T: ptsHP, ?????0
[2026-06-14 02:29:43,305] [????]??BUFF?(Wing Strike), ??=deal|C:0x34E22C&T:10000|T: ptscounterattack damage, ?????0
[2026-06-14 02:29:43,305] [????]??BUFF?(Feather Shield), ??=increasescharacterfixed|C:0x34E22C&T:10000|T: ptsHP, ?????0
[2026-06-14 02:29:43,305] (????) ???10000;????6949926/6949926
[2026-06-14 02:29:43,305] (Spider Empress Ada,178ed9f2-8e91-4294-bc50-ea9d14184d19) ???10000;????505099/674000
[2026-06-14 02:29:43,305] =========[Spider Empress Ada]?????END??(Boss Melee Attack)

[2026-06-14 02:29:43,307] [????]??BUFF?(Feather Shield[9006])
[2026-06-14 02:29:43,307] [????]??BUFF?(Wing Strike[2302])

[2026-06-14 02:29:43,405] ????????[65b226f4-3d1c-4a60-838c-6aa6fda1c644]->[178ed9f2-8e91-4294-bc50-ea9d14184d19],?????[1201]
[2026-06-14 02:29:43,405] ??????????[?????,65b226f4-3d1c-4a60-838c-6aa6fda1c644]->[Spider Empress Ada,178ed9f2-8e91-4294-bc50-ea9d14184d19],?????[1201]

[2026-06-14 02:29:43,405] >>>>>[?????]?????BEGIN??(Fireball), ??=Single Target ATK, uses Magic's power to form a fireball, targeting Single target,deal|C:0x34E22C&T:100%+100|T:Magic Damage., ???Spider Empress Ada, ?????2
[2026-06-14 02:29:43,405] >>>>>[?????]?????(Spider Empress Ada), ????[7,13]; ????[12,13]
[2026-06-14 02:29:43,405] ?????????1
[2026-06-14 02:29:43,405] >>>>???(?????) -> (Spider Empress Ada) ?????100, ?????100, ?????1, ??XP???false
[2026-06-14 02:29:43,405] ?????????(BUFF?)?hit:0,crit:0,critInjure:250,dodge:0,ignoreCrit:0,ignoreCritInjure:0,critBoss:250,critInjureBoss:0
[2026-06-14 02:29:43,405] ?????????(BUFF?)?hit:0,crit:0,critInjure:0,dodge:0,ignoreCrit:0,ignoreCritInjure:0,critBoss:0,critInjureBoss:0
[2026-06-14 02:29:43,405] ?????????(BUFF?)?hit:0,crit:0,critInjure:250,dodge:0,ignoreCrit:0,ignoreCritInjure:0,critBoss:250,critInjureBoss:0
[2026-06-14 02:29:43,405] ?????????(BUFF?)?hit:0,crit:0,critInjure:0,dodge:0,ignoreCrit:0,ignoreCritInjure:0,critBoss:0,critInjureBoss:0
[2026-06-14 02:29:43,405] ?????????(BUFF?)?maxPAtk:109532,maxPDef:64692,maxMDef:38977,ignorePDef:0,ignoreMDef:5809,injureAdd:0,injureIgnore:0,injureAddBoss:100
[2026-06-14 02:29:43,405] ?????????(BUFF?)?maxPAtk:7109,maxPDef:1348,maxMDef:1348,ignorePDef:0,ignoreMDef:0,injureAdd:0,injureIgnore:0,injureAddBoss:0
[2026-06-14 02:29:43,405] ?????????(BUFF?)?maxPAtk:109532,maxPDef:64692,maxMDef:38977,ignorePDef:0,ignoreMDef:5809,injureAdd:0,injureIgnore:0,injureAddBoss:100
[2026-06-14 02:29:43,405] ?????????(BUFF?)?maxPAtk:7109,maxPDef:1348,maxMDef:1348,ignorePDef:0,ignoreMDef:0,injureAdd:0,injureIgnore:0,injureAddBoss:0
[2026-06-14 02:29:43,405] ?????110727
[2026-06-14 02:29:43,405] ??????BUFF???110727
[2026-06-14 02:29:43,405] (Spider Empress Ada,178ed9f2-8e91-4294-bc50-ea9d14184d19) ???110727;????394372/674000
[2026-06-14 02:29:43,405] =========[?????]?????END??(Fireball)


[2026-06-14 02:29:43,439] ????????[bd0d352c-abdf-4576-a426-08b6080bd21e]->[178ed9f2-8e91-4294-bc50-ea9d14184d19],?????[1201]
[2026-06-14 02:29:43,439] ??????????[Otherworld Elf Ruila,bd0d352c-abdf-4576-a426-08b6080bd21e]->[Spider Empress Ada,178ed9f2-8e91-4294-bc50-ea9d14184d19],?????[1201]

[2026-06-14 02:29:43,439] >>>>>[Otherworld Elf Ruila]?????BEGIN??(Fireball), ??=Single Target ATK, uses Magic's power to form a fireball, targeting Single target,deal|C:0x34E22C&T:100%+100|T:Magic Damage., ???Spider Empress Ada, ?????2
[2026-06-14 02:29:43,439] >>>>>[Otherworld Elf Ruila]?????(Spider Empress Ada), ????[7,13]; ????[12,13]
[2026-06-14 02:29:43,439] ?????????1
[2026-06-14 02:29:43,439] >>>>???(Otherworld Elf Ruila) -> (Spider Empress Ada) ?????100, ?????100, ?????1, ??XP???false
[2026-06-14 02:29:43,439] ?????????(BUFF?)?hit:0,crit:0,critInjure:250,dodge:0,ignoreCrit:0,ignoreCritInjure:0,critBoss:250,critInjureBoss:0
[2026-06-14 02:29:43,439] ?????????(BUFF?)?hit:0,crit:0,critInjure:0,dodge:0,ignoreCrit:0,ignoreCritInjure:0,critBoss:0,critInjureBoss:0
[2026-06-14 02:29:43,439] ?????????(BUFF?)?hit:0,crit:0,critInjure:250,dodge:0,ignoreCrit:0,ignoreCritInjure:0,critBoss:250,critInjureBoss:0
[2026-06-14 02:29:43,439] ?????????(BUFF?)?hit:0,crit:0,critInjure:0,dodge:0,ignoreCrit:0,ignoreCritInjure:0,critBoss:0,critInjureBoss:0
[2026-06-14 02:29:43,439] ?????????(BUFF?)?maxPAtk:109807,maxPDef:68309,maxMDef:37615,ignorePDef:0,ignoreMDef:6887,injureAdd:0,injureIgnore:0,injureAddBoss:100
[2026-06-14 02:29:43,439] ?????????(BUFF?)?maxPAtk:7109,maxPDef:1348,maxMDef:1348,ignorePDef:0,ignoreMDef:0,injureAdd:0,injureIgnore:0,injureAddBoss:0
[2026-06-14 02:29:43,439] ?????????(BUFF?)?maxPAtk:109807,maxPDef:68309,maxMDef:37615,ignorePDef:0,ignoreMDef:6887,injureAdd:0,injureIgnore:0,injureAddBoss:100
[2026-06-14 02:29:43,439] ?????????(BUFF?)?maxPAtk:7109,maxPDef:1348,maxMDef:1348,ignorePDef:0,ignoreMDef:0,injureAdd:0,injureIgnore:0,injureAddBoss:0
[2026-06-14 02:29:43,439] ?????111005
[2026-06-14 02:29:43,439] ??????BUFF???111005
[2026-06-14 02:29:43,439] (Spider Empress Ada,178ed9f2-8e91-4294-bc50-ea9d14184d19) ???111005;????283367/674000
[2026-06-14 02:29:43,439] =========[Otherworld Elf Ruila]?????END??(Fireball)


[2026-06-14 02:29:43,938] ????????[ebc35acd-9d47-43c8-b6d6-2e231c80d600]->[178ed9f2-8e91-4294-bc50-ea9d14184d19],?????[1201]
[2026-06-14 02:29:43,938] ??????????[?????,ebc35acd-9d47-43c8-b6d6-2e231c80d600]->[Spider Empress Ada,178ed9f2-8e91-4294-bc50-ea9d14184d19],?????[1201]

[2026-06-14 02:29:43,938] >>>>>[?????]?????BEGIN??(Fireball), ??=Single Target ATK, uses Magic's power to form a fireball, targeting Single target,deal|C:0x34E22C&T:100%+100|T:Magic Damage., ???Spider Empress Ada, ?????2
[2026-06-14 02:29:43,938] >>>>>[?????]?????(Spider Empress Ada), ????[7,13]; ????[12,13]
[2026-06-14 02:29:43,938] ?????????1
[2026-06-14 02:29:43,938] >>>>???(?????) -> (Spider Empress Ada) ?????100, ?????100, ?????1, ??XP???false
[2026-06-14 02:29:43,938] ?????????(BUFF?)?hit:0,crit:0,critInjure:250,dodge:0,ignoreCrit:0,ignoreCritInjure:0,critBoss:250,critInjureBoss:0
[2026-06-14 02:29:43,938] ?????????(BUFF?)?hit:0,crit:0,critInjure:0,dodge:0,ignoreCrit:0,ignoreCritInjure:0,critBoss:0,critInjureBoss:0
[2026-06-14 02:29:43,938] ?????????(BUFF?)?hit:0,crit:0,critInjure:250,dodge:0,ignoreCrit:0,ignoreCritInjure:0,critBoss:250,critInjureBoss:0
[2026-06-14 02:29:43,938] ?????????(BUFF?)?hit:0,crit:0,critInjure:0,dodge:0,ignoreCrit:0,ignoreCritInjure:0,critBoss:0,critInjureBoss:0
[2026-06-14 02:29:43,938] ?????????(BUFF?)?maxPAtk:155688,maxPDef:88198,maxMDef:65660,ignorePDef:0,ignoreMDef:35063,injureAdd:100,injureIgnore:0,injureAddBoss:100
[2026-06-14 02:29:43,938] ?????????(BUFF?)?maxPAtk:7109,maxPDef:1348,maxMDef:1348,ignorePDef:0,ignoreMDef:0,injureAdd:0,injureIgnore:0,injureAddBoss:0
[2026-06-14 02:29:43,938] ?????????(BUFF?)?maxPAtk:155688,maxPDef:88198,maxMDef:65660,ignorePDef:0,ignoreMDef:35063,injureAdd:100,injureIgnore:0,injureAddBoss:100
[2026-06-14 02:29:43,938] ?????????(BUFF?)?maxPAtk:7109,maxPDef:1348,maxMDef:1348,ignorePDef:0,ignoreMDef:0,injureAdd:0,injureIgnore:0,injureAddBoss:0
[2026-06-14 02:29:43,938] ?????158901
[2026-06-14 02:29:43,938] ??????BUFF???158901
[2026-06-14 02:29:43,938] (Spider Empress Ada,178ed9f2-8e91-4294-bc50-ea9d14184d19) ???158901;????124466/674000
[2026-06-14 02:29:43,938] =========[?????]?????END??(Fireball)


[2026-06-14 02:29:44,205] ????????[d1806f2b-c67b-4e48-8e65-e94548e56e23]->[178ed9f2-8e91-4294-bc50-ea9d14184d19],?????[9]
[2026-06-14 02:29:44,205] ??????????[????,d1806f2b-c67b-4e48-8e65-e94548e56e23]->[Spider Empress Ada,178ed9f2-8e91-4294-bc50-ea9d14184d19],?????[9]

[2026-06-14 02:29:44,205] >>>>>[????]?????BEGIN??(Giant Rock Holy Shield), ??=Support Skill, applies Shield Reduction of|C:0x34E22C&T:20%|T: damage value, for|C:0x34E22C&T:5|T:s, upon breaking, targets surrounding enemies, dealing|C:0x34E22C&T:120%+{0}|T:Magic Damage, ???????, ?????0
[2026-06-14 02:29:44,205] [????]??BUFF?(Giant Rock Holy Shield[3201]), ????=5000, ??=2000
[2026-06-14 02:29:44,205] [????]?????1389985
[2026-06-14 02:29:44,205] =========[????]???????????(Giant Rock Holy Shield)

[2026-06-14 02:29:44,266] (????) ???1200;????6949926/6949926

[2026-06-14 02:29:44,304] ????????[65b226f4-3d1c-4a60-838c-6aa6fda1c644]->[178ed9f2-8e91-4294-bc50-ea9d14184d19],?????[1201]
[2026-06-14 02:29:44,304] ??????????[?????,65b226f4-3d1c-4a60-838c-6aa6fda1c644]->[Spider Empress Ada,178ed9f2-8e91-4294-bc50-ea9d14184d19],?????[1201]

[2026-06-14 02:29:44,304] >>>>>[?????]?????BEGIN??(Fireball), ??=Single Target ATK, uses Magic's power to form a fireball, targeting Single target,deal|C:0x34E22C&T:100%+100|T:Magic Damage., ???Spider Empress Ada, ?????2
[2026-06-14 02:29:44,304] >>>>>[?????]?????(Spider Empress Ada), ????[7,13]; ????[12,13]
[2026-06-14 02:29:44,304] ?????????1
[2026-06-14 02:29:44,304] >>>>???(?????) -> (Spider Empress Ada) ?????100, ?????100, ?????1, ??XP???false
[2026-06-14 02:29:44,304] ?????????(BUFF?)?hit:0,crit:0,critInjure:250,dodge:0,ignoreCrit:0,ignoreCritInjure:0,critBoss:250,critInjureBoss:0
[2026-06-14 02:29:44,304] ?????????(BUFF?)?hit:0,crit:0,critInjure:0,dodge:0,ignoreCrit:0,ignoreCritInjure:0,critBoss:0,critInjureBoss:0
[2026-06-14 02:29:44,304] ?????????(BUFF?)?hit:0,crit:0,critInjure:250,dodge:0,ignoreCrit:0,ignoreCritInjure:0,critBoss:250,critInjureBoss:0
[2026-06-14 02:29:44,304] ?????????(BUFF?)?hit:0,crit:0,critInjure:0,dodge:0,ignoreCrit:0,ignoreCritInjure:0,critBoss:0,critInjureBoss:0
[2026-06-14 02:29:44,304] ?????????(BUFF?)?maxPAtk:109532,maxPDef:64692,maxMDef:38977,ignorePDef:0,ignoreMDef:5809,injureAdd:0,injureIgnore:0,injureAddBoss:100
[2026-06-14 02:29:44,304] ?????????(BUFF?)?maxPAtk:7109,maxPDef:1348,maxMDef:1348,ignorePDef:0,ignoreMDef:0,injureAdd:0,injureIgnore:0,injureAddBoss:0
[2026-06-14 02:29:44,304] ?????????(BUFF?)?maxPAtk:109532,maxPDef:64692,maxMDef:38977,ignorePDef:0,ignoreMDef:5809,injureAdd:0,injureIgnore:0,injureAddBoss:100
[2026-06-14 02:29:44,304] ?????????(BUFF?)?maxPAtk:7109,maxPDef:1348,maxMDef:1348,ignorePDef:0,ignoreMDef:0,injureAdd:0,injureIgnore:0,injureAddBoss:0
[2026-06-14 02:29:44,304] ?????110727
[2026-06-14 02:29:44,304] ??????BUFF???110727
[2026-06-14 02:29:44,304] (Spider Empress Ada,178ed9f2-8e91-4294-bc50-ea9d14184d19) ???110727;????13739/674000
[2026-06-14 02:29:44,304] =========[?????]?????END??(Fireball)


[2026-06-14 02:29:44,306] >>>>>[Spider Empress Ada]?????BEGIN??(Boss Melee Attack), ??=NormalATK, ???????, ?????4
[2026-06-14 02:29:44,306] >>>>>[Spider Empress Ada]?????(????), ????[12,13]; ????[10,12]
[2026-06-14 02:29:44,306] ?????????1
[2026-06-14 02:29:44,306] >>>>???(Spider Empress Ada) -> (????) ?????100, ?????0, ?????0, ??XP???false
[2026-06-14 02:29:44,306] ?????????(BUFF?)?hit:0,crit:0,critInjure:0,dodge:0,ignoreCrit:0,ignoreCritInjure:0,critBoss:0,critInjureBoss:0
[2026-06-14 02:29:44,306] ?????????(BUFF?)?hit:60,crit:288,critInjure:610,dodge:15,ignoreCrit:0,ignoreCritInjure:0,critBoss:250,critInjureBoss:0
[2026-06-14 02:29:44,306] ?????????(BUFF?)?hit:0,crit:0,critInjure:0,dodge:0,ignoreCrit:0,ignoreCritInjure:0,critBoss:0,critInjureBoss:0
[2026-06-14 02:29:44,306] ?????????(BUFF?)?hit:60,crit:288,critInjure:610,dodge:15,ignoreCrit:0,ignoreCritInjure:0,critBoss:250,critInjureBoss:0
[2026-06-14 02:29:44,306] ?????????(BUFF?)?maxPAtk:7109,maxPDef:1348,maxMDef:1348,ignorePDef:0,ignoreMDef:0,injureAdd:0,injureIgnore:0,injureAddBoss:0
[2026-06-14 02:29:44,306] ?????????(BUFF?)?maxPAtk:537036,maxPDef:320573,maxMDef:292686,ignorePDef:923,ignoreMDef:1836,injureAdd:0,injureIgnore:1000,injureAddBoss:100
[2026-06-14 02:29:44,306] ?????????(BUFF?)?maxPAtk:7109,maxPDef:1348,maxMDef:1348,ignorePDef:0,ignoreMDef:0,injureAdd:0,injureIgnore:0,injureAddBoss:0
[2026-06-14 02:29:44,306] ?????????(BUFF?)?maxPAtk:537036,maxPDef:320573,maxMDef:292686,ignorePDef:923,ignoreMDef:1836,injureAdd:0,injureIgnore:1000,injureAddBoss:100
[2026-06-14 02:29:44,306] ?????138
[2026-06-14 02:29:44,306] ??????BUFF???138
[2026-06-14 02:29:44,306] [????]??BUFF?(Giant Rock Holy Shield), ??=Absorb Max HP|C:0x34E22C&T:20%|T:damage, ?????4899
[2026-06-14 02:29:44,306] [????]?????138, ?????1389847
[2026-06-14 02:29:44,306] (????,d1806f2b-c67b-4e48-8e65-e94548e56e23) ???0;????6949926/6949926
[2026-06-14 02:29:44,306] =========[Spider Empress Ada]?????END??(Boss Melee Attack)


[2026-06-14 02:29:44,341] ????????[bd0d352c-abdf-4576-a426-08b6080bd21e]->[178ed9f2-8e91-4294-bc50-ea9d14184d19],?????[1201]
[2026-06-14 02:29:44,341] ??????????[Otherworld Elf Ruila,bd0d352c-abdf-4576-a426-08b6080bd21e]->[Spider Empress Ada,178ed9f2-8e91-4294-bc50-ea9d14184d19],?????[1201]

[2026-06-14 02:29:44,341] >>>>>[Otherworld Elf Ruila]?????BEGIN??(Fireball), ??=Single Target ATK, uses Magic's power to form a fireball, targeting Single target,deal|C:0x34E22C&T:100%+100|T:Magic Damage., ???Spider Empress Ada, ?????2
[2026-06-14 02:29:44,341] >>>>>[Otherworld Elf Ruila]?????(Spider Empress Ada), ????[7,13]; ????[12,13]
[2026-06-14 02:29:44,341] ?????????1
[2026-06-14 02:29:44,341] >>>>???(Otherworld Elf Ruila) -> (Spider Empress Ada) ?????100, ?????100, ?????1, ??XP???false
[2026-06-14 02:29:44,341] ?????????(BUFF?)?hit:0,crit:0,critInjure:250,dodge:0,ignoreCrit:0,ignoreCritInjure:0,critBoss:250,critInjureBoss:0
[2026-06-14 02:29:44,341] ?????????(BUFF?)?hit:0,crit:0,critInjure:0,dodge:0,ignoreCrit:0,ignoreCritInjure:0,critBoss:0,critInjureBoss:0
[2026-06-14 02:29:44,341] ?????????(BUFF?)?hit:0,crit:0,critInjure:250,dodge:0,ignoreCrit:0,ignoreCritInjure:0,critBoss:250,critInjureBoss:0
[2026-06-14 02:29:44,341] ?????????(BUFF?)?hit:0,crit:0,critInjure:0,dodge:0,ignoreCrit:0,ignoreCritInjure:0,critBoss:0,critInjureBoss:0
[2026-06-14 02:29:44,341] ?????????(BUFF?)?maxPAtk:109807,maxPDef:68309,maxMDef:37615,ignorePDef:0,ignoreMDef:6887,injureAdd:0,injureIgnore:0,injureAddBoss:100
[2026-06-14 02:29:44,341] ?????????(BUFF?)?maxPAtk:7109,maxPDef:1348,maxMDef:1348,ignorePDef:0,ignoreMDef:0,injureAdd:0,injureIgnore:0,injureAddBoss:0
[2026-06-14 02:29:44,341] ?????????(BUFF?)?maxPAtk:109807,maxPDef:68309,maxMDef:37615,ignorePDef:0,ignoreMDef:6887,injureAdd:0,injureIgnore:0,injureAddBoss:100
[2026-06-14 02:29:44,341] ?????????(BUFF?)?maxPAtk:7109,maxPDef:1348,maxMDef:1348,ignorePDef:0,ignoreMDef:0,injureAdd:0,injureIgnore:0,injureAddBoss:0
[2026-06-14 02:29:44,341] ?????111005
[2026-06-14 02:29:44,341] ??????BUFF???111005
[2026-06-14 02:29:44,341] (Spider Empress Ada,178ed9f2-8e91-4294-bc50-ea9d14184d19) ???111005;????0/674000
[2026-06-14 02:29:44,342] ???(????,d1806f2b-c67b-4e48-8e65-e94548e56e23) ??????: objectId=178ed9f2-8e91-4294-bc50-ea9d14184d19,status=0
[2026-06-14 02:29:44,344] (Spider Empress Ada,178ed9f2-8e91-4294-bc50-ea9d14184d19) ?????1781375384344
[2026-06-14 02:29:44,344] =========[Otherworld Elf Ruila]?????END??(Fireball)

[2026-06-14 02:29:45,005] ?canControlObject??????????name=[????]
