[2026-06-14 02:34:51,992] ?Wolf Soul?????????????
[2026-06-14 02:34:51,992] [????]??BUFF?(Giant Rock Holy Shield[3201])
[2026-06-14 02:34:51,992] (????) ???1200;????6949926/6949926

[2026-06-14 02:34:52,853] ????????[d1806f2b-c67b-4e48-8e65-e94548e56e23]->[c28c4b8e-b1f0-4047-a65d-57cfb96634aa],?????[9]
[2026-06-14 02:34:52,853] ??????????[????,d1806f2b-c67b-4e48-8e65-e94548e56e23]->[Wolf Soul,c28c4b8e-b1f0-4047-a65d-57cfb96634aa],?????[9]

[2026-06-14 02:34:52,853] >>>>>[????]?????BEGIN??(Giant Rock Holy Shield), ??=Support Skill, applies Shield Reduction of|C:0x34E22C&T:20%|T: damage value, for|C:0x34E22C&T:5|T:s, upon breaking, targets surrounding enemies, dealing|C:0x34E22C&T:120%+{0}|T:Magic Damage, ???????, ?????0
[2026-06-14 02:34:52,853] [????]??BUFF?(Giant Rock Holy Shield[3201]), ????=5000, ??=2000
[2026-06-14 02:34:52,853] [????]?????1389985
[2026-06-14 02:34:52,853] =========[????]???????????(Giant Rock Holy Shield)

[2026-06-14 02:34:52,957] ????????[????],posX=10,posY=15
[2026-06-14 02:34:52,993] (????) ???1200;????6949926/6949926

[2026-06-14 02:34:53,202] ????????[ebc35acd-9d47-43c8-b6d6-2e231c80d600]->[c28c4b8e-b1f0-4047-a65d-57cfb96634aa],?????[1201]
[2026-06-14 02:34:53,202] ??????????[?????,ebc35acd-9d47-43c8-b6d6-2e231c80d600]->[Wolf Soul,c28c4b8e-b1f0-4047-a65d-57cfb96634aa],?????[1201]

[2026-06-14 02:34:53,202] >>>>>[?????]?????BEGIN??(Fireball), ??=Single Target ATK, uses Magic's power to form a fireball, targeting Single target,deal|C:0x34E22C&T:100%+100|T:Magic Damage., ???Wolf Soul, ?????2
[2026-06-14 02:34:53,202] >>>>>[?????]?????(Wolf Soul), ????[9,15]; ????[14,15]
[2026-06-14 02:34:53,202] ?????????1
[2026-06-14 02:34:53,202] >>>>???(?????) -> (Wolf Soul) ?????100, ?????100, ?????1, ??XP???false
[2026-06-14 02:34:53,202] ?????????(BUFF?)?hit:0,crit:0,critInjure:250,dodge:0,ignoreCrit:0,ignoreCritInjure:0,critBoss:250,critInjureBoss:0
[2026-06-14 02:34:53,202] ?????????(BUFF?)?hit:0,crit:0,critInjure:0,dodge:0,ignoreCrit:0,ignoreCritInjure:0,critBoss:0,critInjureBoss:0
[2026-06-14 02:34:53,202] ?????????(BUFF?)?hit:0,crit:0,critInjure:250,dodge:0,ignoreCrit:0,ignoreCritInjure:0,critBoss:250,critInjureBoss:0
[2026-06-14 02:34:53,202] ?????????(BUFF?)?hit:0,crit:0,critInjure:0,dodge:0,ignoreCrit:0,ignoreCritInjure:0,critBoss:0,critInjureBoss:0
[2026-06-14 02:34:53,202] ?????????(BUFF?)?maxPAtk:155688,maxPDef:88198,maxMDef:65660,ignorePDef:0,ignoreMDef:35063,injureAdd:100,injureIgnore:0,injureAddBoss:100
[2026-06-14 02:34:53,202] ?????????(BUFF?)?maxPAtk:7709,maxPDef:1502,maxMDef:1502,ignorePDef:0,ignoreMDef:0,injureAdd:0,injureIgnore:0,injureAddBoss:0
[2026-06-14 02:34:53,202] ?????????(BUFF?)?maxPAtk:155688,maxPDef:88198,maxMDef:65660,ignorePDef:0,ignoreMDef:35063,injureAdd:100,injureIgnore:0,injureAddBoss:100
[2026-06-14 02:34:53,202] ?????????(BUFF?)?maxPAtk:7709,maxPDef:1502,maxMDef:1502,ignorePDef:0,ignoreMDef:0,injureAdd:0,injureIgnore:0,injureAddBoss:0
[2026-06-14 02:34:53,202] ?????158901
[2026-06-14 02:34:53,202] ??????BUFF???158901
[2026-06-14 02:34:53,202] (Wolf Soul,c28c4b8e-b1f0-4047-a65d-57cfb96634aa) ???158901;????592099/751000
[2026-06-14 02:34:53,202] =========[?????]?????END??(Fireball)

[2026-06-14 02:34:53,274] ????????[????],posX=11,posY=15

[2026-06-14 02:34:53,451] ????????[bd0d352c-abdf-4576-a426-08b6080bd21e]->[c28c4b8e-b1f0-4047-a65d-57cfb96634aa],?????[1201]
[2026-06-14 02:34:53,451] ??????????[Otherworld Elf Ruila,bd0d352c-abdf-4576-a426-08b6080bd21e]->[Wolf Soul,c28c4b8e-b1f0-4047-a65d-57cfb96634aa],?????[1201]

[2026-06-14 02:34:53,451] >>>>>[Otherworld Elf Ruila]?????BEGIN??(Fireball), ??=Single Target ATK, uses Magic's power to form a fireball, targeting Single target,deal|C:0x34E22C&T:100%+100|T:Magic Damage., ???Wolf Soul, ?????2
[2026-06-14 02:34:53,451] >>>>>[Otherworld Elf Ruila]?????(Wolf Soul), ????[9,15]; ????[14,15]
[2026-06-14 02:34:53,451] ?????????1
[2026-06-14 02:34:53,451] >>>>???(Otherworld Elf Ruila) -> (Wolf Soul) ?????100, ?????100, ?????1, ??XP???false
[2026-06-14 02:34:53,451] ?????????(BUFF?)?hit:0,crit:0,critInjure:250,dodge:0,ignoreCrit:0,ignoreCritInjure:0,critBoss:250,critInjureBoss:0
[2026-06-14 02:34:53,451] ?????????(BUFF?)?hit:0,crit:0,critInjure:0,dodge:0,ignoreCrit:0,ignoreCritInjure:0,critBoss:0,critInjureBoss:0
[2026-06-14 02:34:53,451] ?????????(BUFF?)?hit:0,crit:0,critInjure:250,dodge:0,ignoreCrit:0,ignoreCritInjure:0,critBoss:250,critInjureBoss:0
[2026-06-14 02:34:53,451] ?????????(BUFF?)?hit:0,crit:0,critInjure:0,dodge:0,ignoreCrit:0,ignoreCritInjure:0,critBoss:0,critInjureBoss:0
[2026-06-14 02:34:53,451] ?????????(BUFF?)?maxPAtk:109807,maxPDef:68309,maxMDef:37615,ignorePDef:0,ignoreMDef:6887,injureAdd:0,injureIgnore:0,injureAddBoss:100
[2026-06-14 02:34:53,451] ?????????(BUFF?)?maxPAtk:7709,maxPDef:1502,maxMDef:1502,ignorePDef:0,ignoreMDef:0,injureAdd:0,injureIgnore:0,injureAddBoss:0
[2026-06-14 02:34:53,451] ?????????(BUFF?)?maxPAtk:109807,maxPDef:68309,maxMDef:37615,ignorePDef:0,ignoreMDef:6887,injureAdd:0,injureIgnore:0,injureAddBoss:100
[2026-06-14 02:34:53,451] ?????????(BUFF?)?maxPAtk:7709,maxPDef:1502,maxMDef:1502,ignorePDef:0,ignoreMDef:0,injureAdd:0,injureIgnore:0,injureAddBoss:0
[2026-06-14 02:34:53,451] ?????111005
[2026-06-14 02:34:53,451] ??????BUFF???111005
[2026-06-14 02:34:53,451] (Wolf Soul,c28c4b8e-b1f0-4047-a65d-57cfb96634aa) ???111005;????481094/751000
[2026-06-14 02:34:53,451] =========[Otherworld Elf Ruila]?????END??(Fireball)


[2026-06-14 02:34:53,485] ????????[65b226f4-3d1c-4a60-838c-6aa6fda1c644]->[c28c4b8e-b1f0-4047-a65d-57cfb96634aa],?????[1201]
[2026-06-14 02:34:53,485] ??????????[?????,65b226f4-3d1c-4a60-838c-6aa6fda1c644]->[Wolf Soul,c28c4b8e-b1f0-4047-a65d-57cfb96634aa],?????[1201]

[2026-06-14 02:34:53,485] >>>>>[?????]?????BEGIN??(Fireball), ??=Single Target ATK, uses Magic's power to form a fireball, targeting Single target,deal|C:0x34E22C&T:100%+100|T:Magic Damage., ???Wolf Soul, ?????2
[2026-06-14 02:34:53,485] >>>>>[?????]?????(Wolf Soul), ????[9,15]; ????[14,15]
[2026-06-14 02:34:53,485] ?????????1
[2026-06-14 02:34:53,485] >>>>???(?????) -> (Wolf Soul) ?????100, ?????100, ?????1, ??XP???false
[2026-06-14 02:34:53,485] ?????????(BUFF?)?hit:0,crit:0,critInjure:250,dodge:0,ignoreCrit:0,ignoreCritInjure:0,critBoss:250,critInjureBoss:0
[2026-06-14 02:34:53,485] ?????????(BUFF?)?hit:0,crit:0,critInjure:0,dodge:0,ignoreCrit:0,ignoreCritInjure:0,critBoss:0,critInjureBoss:0
[2026-06-14 02:34:53,485] ?????????(BUFF?)?hit:0,crit:0,critInjure:250,dodge:0,ignoreCrit:0,ignoreCritInjure:0,critBoss:250,critInjureBoss:0
[2026-06-14 02:34:53,485] ?????????(BUFF?)?hit:0,crit:0,critInjure:0,dodge:0,ignoreCrit:0,ignoreCritInjure:0,critBoss:0,critInjureBoss:0
[2026-06-14 02:34:53,485] ?????????(BUFF?)?maxPAtk:109532,maxPDef:64692,maxMDef:38977,ignorePDef:0,ignoreMDef:5809,injureAdd:0,injureIgnore:0,injureAddBoss:100
[2026-06-14 02:34:53,485] ?????????(BUFF?)?maxPAtk:7709,maxPDef:1502,maxMDef:1502,ignorePDef:0,ignoreMDef:0,injureAdd:0,injureIgnore:0,injureAddBoss:0
[2026-06-14 02:34:53,485] ?????????(BUFF?)?maxPAtk:109532,maxPDef:64692,maxMDef:38977,ignorePDef:0,ignoreMDef:5809,injureAdd:0,injureIgnore:0,injureAddBoss:100
[2026-06-14 02:34:53,485] ?????????(BUFF?)?maxPAtk:7709,maxPDef:1502,maxMDef:1502,ignorePDef:0,ignoreMDef:0,injureAdd:0,injureIgnore:0,injureAddBoss:0
[2026-06-14 02:34:53,485] ?????110727
[2026-06-14 02:34:53,485] ??????BUFF???110727
[2026-06-14 02:34:53,485] (Wolf Soul,c28c4b8e-b1f0-4047-a65d-57cfb96634aa) ???110727;????370367/751000
[2026-06-14 02:34:53,485] =========[?????]?????END??(Fireball)

[2026-06-14 02:34:53,591] ????????[????],posX=12,posY=14
[2026-06-14 02:34:53,993] (????) ???1200;????6949926/6949926

[2026-06-14 02:34:54,001] >>>>>[Wolf Soul]?????BEGIN??(Boss Melee Attack), ??=NormalATK, ???????, ?????4
[2026-06-14 02:34:54,001] >>>>>[Wolf Soul]?????(????), ????[14,15]; ????[12,14]
[2026-06-14 02:34:54,001] ?????????1
[2026-06-14 02:34:54,001] >>>>???(Wolf Soul) -> (????) ?????100, ?????0, ?????0, ??XP???false
[2026-06-14 02:34:54,001] ?????????(BUFF?)?hit:0,crit:0,critInjure:0,dodge:0,ignoreCrit:0,ignoreCritInjure:0,critBoss:0,critInjureBoss:0
[2026-06-14 02:34:54,001] ?????????(BUFF?)?hit:60,crit:288,critInjure:610,dodge:15,ignoreCrit:0,ignoreCritInjure:0,critBoss:250,critInjureBoss:0
[2026-06-14 02:34:54,001] ?????????(BUFF?)?hit:0,crit:0,critInjure:0,dodge:0,ignoreCrit:0,ignoreCritInjure:0,critBoss:0,critInjureBoss:0
[2026-06-14 02:34:54,001] ?????????(BUFF?)?hit:60,crit:288,critInjure:610,dodge:15,ignoreCrit:0,ignoreCritInjure:0,critBoss:250,critInjureBoss:0
[2026-06-14 02:34:54,001] ?????????(BUFF?)?maxPAtk:7709,maxPDef:1502,maxMDef:1502,ignorePDef:0,ignoreMDef:0,injureAdd:0,injureIgnore:0,injureAddBoss:0
[2026-06-14 02:34:54,001] ?????????(BUFF?)?maxPAtk:537036,maxPDef:320573,maxMDef:292686,ignorePDef:923,ignoreMDef:1836,injureAdd:0,injureIgnore:1000,injureAddBoss:100
[2026-06-14 02:34:54,001] ?????????(BUFF?)?maxPAtk:7709,maxPDef:1502,maxMDef:1502,ignorePDef:0,ignoreMDef:0,injureAdd:0,injureIgnore:0,injureAddBoss:0
[2026-06-14 02:34:54,001] ?????????(BUFF?)?maxPAtk:537036,maxPDef:320573,maxMDef:292686,ignorePDef:923,ignoreMDef:1836,injureAdd:0,injureIgnore:1000,injureAddBoss:100
[2026-06-14 02:34:54,001] ?????162
[2026-06-14 02:34:54,001] ??????BUFF???162
[2026-06-14 02:34:54,001] [????]??BUFF?(Giant Rock Holy Shield), ??=Absorb Max HP|C:0x34E22C&T:20%|T:damage, ?????3852
[2026-06-14 02:34:54,001] [????]?????162, ?????1389823
[2026-06-14 02:34:54,001] (????,d1806f2b-c67b-4e48-8e65-e94548e56e23) ???0;????6949926/6949926
[2026-06-14 02:34:54,001] =========[Wolf Soul]?????END??(Boss Melee Attack)


[2026-06-14 02:34:54,117] ????????[ebc35acd-9d47-43c8-b6d6-2e231c80d600]->[c28c4b8e-b1f0-4047-a65d-57cfb96634aa],?????[1201]
[2026-06-14 02:34:54,117] ??????????[?????,ebc35acd-9d47-43c8-b6d6-2e231c80d600]->[Wolf Soul,c28c4b8e-b1f0-4047-a65d-57cfb96634aa],?????[1201]

[2026-06-14 02:34:54,117] >>>>>[?????]?????BEGIN??(Fireball), ??=Single Target ATK, uses Magic's power to form a fireball, targeting Single target,deal|C:0x34E22C&T:100%+100|T:Magic Damage., ???Wolf Soul, ?????2
[2026-06-14 02:34:54,117] >>>>>[?????]?????(Wolf Soul), ????[9,15]; ????[14,15]
[2026-06-14 02:34:54,117] ?????????1
[2026-06-14 02:34:54,117] >>>>???(?????) -> (Wolf Soul) ?????100, ?????100, ?????1, ??XP???false
[2026-06-14 02:34:54,117] ?????????(BUFF?)?hit:0,crit:0,critInjure:250,dodge:0,ignoreCrit:0,ignoreCritInjure:0,critBoss:250,critInjureBoss:0
[2026-06-14 02:34:54,117] ?????????(BUFF?)?hit:0,crit:0,critInjure:0,dodge:0,ignoreCrit:0,ignoreCritInjure:0,critBoss:0,critInjureBoss:0
[2026-06-14 02:34:54,117] ?????????(BUFF?)?hit:0,crit:0,critInjure:250,dodge:0,ignoreCrit:0,ignoreCritInjure:0,critBoss:250,critInjureBoss:0
[2026-06-14 02:34:54,117] ?????????(BUFF?)?hit:0,crit:0,critInjure:0,dodge:0,ignoreCrit:0,ignoreCritInjure:0,critBoss:0,critInjureBoss:0
[2026-06-14 02:34:54,117] ?????????(BUFF?)?maxPAtk:155688,maxPDef:88198,maxMDef:65660,ignorePDef:0,ignoreMDef:35063,injureAdd:100,injureIgnore:0,injureAddBoss:100
[2026-06-14 02:34:54,117] ?????????(BUFF?)?maxPAtk:7709,maxPDef:1502,maxMDef:1502,ignorePDef:0,ignoreMDef:0,injureAdd:0,injureIgnore:0,injureAddBoss:0
[2026-06-14 02:34:54,117] ?????????(BUFF?)?maxPAtk:155688,maxPDef:88198,maxMDef:65660,ignorePDef:0,ignoreMDef:35063,injureAdd:100,injureIgnore:0,injureAddBoss:100
[2026-06-14 02:34:54,117] ?????????(BUFF?)?maxPAtk:7709,maxPDef:1502,maxMDef:1502,ignorePDef:0,ignoreMDef:0,injureAdd:0,injureIgnore:0,injureAddBoss:0
[2026-06-14 02:34:54,117] ?????158901
[2026-06-14 02:34:54,117] ??????BUFF???158901
[2026-06-14 02:34:54,117] (Wolf Soul,c28c4b8e-b1f0-4047-a65d-57cfb96634aa) ???158901;????211466/751000
[2026-06-14 02:34:54,117] =========[?????]?????END??(Fireball)


[2026-06-14 02:34:54,361] ????????[bd0d352c-abdf-4576-a426-08b6080bd21e]->[c28c4b8e-b1f0-4047-a65d-57cfb96634aa],?????[1201]
[2026-06-14 02:34:54,361] ??????????[Otherworld Elf Ruila,bd0d352c-abdf-4576-a426-08b6080bd21e]->[Wolf Soul,c28c4b8e-b1f0-4047-a65d-57cfb96634aa],?????[1201]

[2026-06-14 02:34:54,361] >>>>>[Otherworld Elf Ruila]?????BEGIN??(Fireball), ??=Single Target ATK, uses Magic's power to form a fireball, targeting Single target,deal|C:0x34E22C&T:100%+100|T:Magic Damage., ???Wolf Soul, ?????2
[2026-06-14 02:34:54,361] >>>>>[Otherworld Elf Ruila]?????(Wolf Soul), ????[9,15]; ????[14,15]
[2026-06-14 02:34:54,361] ?????????1
[2026-06-14 02:34:54,361] >>>>???(Otherworld Elf Ruila) -> (Wolf Soul) ?????100, ?????100, ?????1, ??XP???false
[2026-06-14 02:34:54,361] ?????????(BUFF?)?hit:0,crit:0,critInjure:250,dodge:0,ignoreCrit:0,ignoreCritInjure:0,critBoss:250,critInjureBoss:0
[2026-06-14 02:34:54,361] ?????????(BUFF?)?hit:0,crit:0,critInjure:0,dodge:0,ignoreCrit:0,ignoreCritInjure:0,critBoss:0,critInjureBoss:0
[2026-06-14 02:34:54,361] ?????????(BUFF?)?hit:0,crit:0,critInjure:250,dodge:0,ignoreCrit:0,ignoreCritInjure:0,critBoss:250,critInjureBoss:0
[2026-06-14 02:34:54,361] ?????????(BUFF?)?hit:0,crit:0,critInjure:0,dodge:0,ignoreCrit:0,ignoreCritInjure:0,critBoss:0,critInjureBoss:0
[2026-06-14 02:34:54,361] ?????????(BUFF?)?maxPAtk:109807,maxPDef:68309,maxMDef:37615,ignorePDef:0,ignoreMDef:6887,injureAdd:0,injureIgnore:0,injureAddBoss:100
[2026-06-14 02:34:54,361] ?????????(BUFF?)?maxPAtk:7709,maxPDef:1502,maxMDef:1502,ignorePDef:0,ignoreMDef:0,injureAdd:0,injureIgnore:0,injureAddBoss:0
[2026-06-14 02:34:54,361] ?????????(BUFF?)?maxPAtk:109807,maxPDef:68309,maxMDef:37615,ignorePDef:0,ignoreMDef:6887,injureAdd:0,injureIgnore:0,injureAddBoss:100
[2026-06-14 02:34:54,361] ?????????(BUFF?)?maxPAtk:7709,maxPDef:1502,maxMDef:1502,ignorePDef:0,ignoreMDef:0,injureAdd:0,injureIgnore:0,injureAddBoss:0
[2026-06-14 02:34:54,361] ?????111005
[2026-06-14 02:34:54,361] ??????BUFF???111005
[2026-06-14 02:34:54,361] (Wolf Soul,c28c4b8e-b1f0-4047-a65d-57cfb96634aa) ???111005;????100461/751000
[2026-06-14 02:34:54,361] =========[Otherworld Elf Ruila]?????END??(Fireball)


[2026-06-14 02:34:54,395] ????????[65b226f4-3d1c-4a60-838c-6aa6fda1c644]->[c28c4b8e-b1f0-4047-a65d-57cfb96634aa],?????[1201]
[2026-06-14 02:34:54,395] ??????????[?????,65b226f4-3d1c-4a60-838c-6aa6fda1c644]->[Wolf Soul,c28c4b8e-b1f0-4047-a65d-57cfb96634aa],?????[1201]

[2026-06-14 02:34:54,395] >>>>>[?????]?????BEGIN??(Fireball), ??=Single Target ATK, uses Magic's power to form a fireball, targeting Single target,deal|C:0x34E22C&T:100%+100|T:Magic Damage., ???Wolf Soul, ?????2
[2026-06-14 02:34:54,395] >>>>>[?????]?????(Wolf Soul), ????[9,15]; ????[14,15]
[2026-06-14 02:34:54,395] ?????????1
[2026-06-14 02:34:54,395] >>>>???(?????) -> (Wolf Soul) ?????100, ?????100, ?????1, ??XP???false
[2026-06-14 02:34:54,395] ?????????(BUFF?)?hit:0,crit:0,critInjure:250,dodge:0,ignoreCrit:0,ignoreCritInjure:0,critBoss:250,critInjureBoss:0
[2026-06-14 02:34:54,395] ?????????(BUFF?)?hit:0,crit:0,critInjure:0,dodge:0,ignoreCrit:0,ignoreCritInjure:0,critBoss:0,critInjureBoss:0
[2026-06-14 02:34:54,395] ?????????(BUFF?)?hit:0,crit:0,critInjure:250,dodge:0,ignoreCrit:0,ignoreCritInjure:0,critBoss:250,critInjureBoss:0
[2026-06-14 02:34:54,395] ?????????(BUFF?)?hit:0,crit:0,critInjure:0,dodge:0,ignoreCrit:0,ignoreCritInjure:0,critBoss:0,critInjureBoss:0
[2026-06-14 02:34:54,395] ?????????(BUFF?)?maxPAtk:109532,maxPDef:64692,maxMDef:38977,ignorePDef:0,ignoreMDef:5809,injureAdd:0,injureIgnore:0,injureAddBoss:100
[2026-06-14 02:34:54,395] ?????????(BUFF?)?maxPAtk:7709,maxPDef:1502,maxMDef:1502,ignorePDef:0,ignoreMDef:0,injureAdd:0,injureIgnore:0,injureAddBoss:0
[2026-06-14 02:34:54,395] ?????????(BUFF?)?maxPAtk:109532,maxPDef:64692,maxMDef:38977,ignorePDef:0,ignoreMDef:5809,injureAdd:0,injureIgnore:0,injureAddBoss:100
[2026-06-14 02:34:54,395] ?????????(BUFF?)?maxPAtk:7709,maxPDef:1502,maxMDef:1502,ignorePDef:0,ignoreMDef:0,injureAdd:0,injureIgnore:0,injureAddBoss:0
[2026-06-14 02:34:54,395] ?????110727
[2026-06-14 02:34:54,395] ??????BUFF???110727
[2026-06-14 02:34:54,395] (Wolf Soul,c28c4b8e-b1f0-4047-a65d-57cfb96634aa) ???110727;????0/751000
[2026-06-14 02:34:54,395] ???(????,d1806f2b-c67b-4e48-8e65-e94548e56e23) ??????: objectId=c28c4b8e-b1f0-4047-a65d-57cfb96634aa,status=0
[2026-06-14 02:34:54,397] (Wolf Soul,c28c4b8e-b1f0-4047-a65d-57cfb96634aa) ?????1781375694397
[2026-06-14 02:34:54,397] =========[?????]?????END??(Fireball)

[2026-06-14 02:34:54,642] ?canControlObject??????????name=[????]
