[2026-06-14 02:31:47,467] ?Shadow PriestÀDecker?????????????
[2026-06-14 02:31:47,467] [????]??BUFF?(Giant Rock Holy Shield[3201])
[2026-06-14 02:31:47,467] (????) ???1200;????6949926/6949926

[2026-06-14 02:31:47,471] >>>>>[Shadow PriestÀDecker]?????BEGIN??(Boss Ranged Attack), ??=NormalATK, ???????, ?????6
[2026-06-14 02:31:47,471] >>>>>[Shadow PriestÀDecker]?????(????), ????[17,11]; ????[11,11]
[2026-06-14 02:31:47,471] ?????????1
[2026-06-14 02:31:47,471] >>>>???(Shadow PriestÀDecker) -> (????) ?????100, ?????0, ?????1, ??XP???false
[2026-06-14 02:31:47,471] ?????????(BUFF?)?hit:0,crit:0,critInjure:0,dodge:0,ignoreCrit:0,ignoreCritInjure:0,critBoss:0,critInjureBoss:0
[2026-06-14 02:31:47,471] ?????????(BUFF?)?hit:60,crit:288,critInjure:610,dodge:15,ignoreCrit:0,ignoreCritInjure:0,critBoss:250,critInjureBoss:0
[2026-06-14 02:31:47,471] ?????????(BUFF?)?hit:0,crit:0,critInjure:0,dodge:0,ignoreCrit:0,ignoreCritInjure:0,critBoss:0,critInjureBoss:0
[2026-06-14 02:31:47,471] ?????????(BUFF?)?hit:60,crit:288,critInjure:610,dodge:15,ignoreCrit:0,ignoreCritInjure:0,critBoss:250,critInjureBoss:0
[2026-06-14 02:31:47,471] ?????????(BUFF?)?maxPAtk:7382,maxPDef:1418,maxMDef:1418,ignorePDef:0,ignoreMDef:0,injureAdd:0,injureIgnore:0,injureAddBoss:0
[2026-06-14 02:31:47,471] ?????????(BUFF?)?maxPAtk:537036,maxPDef:320573,maxMDef:292686,ignorePDef:923,ignoreMDef:1836,injureAdd:0,injureIgnore:1000,injureAddBoss:100
[2026-06-14 02:31:47,471] [????]???????(Feather Shield), ??=1000, buffStr=601011, ???????
[2026-06-14 02:31:47,471] [????]??BUFF?(Feather Shield[9006]), ????=0, ??=10000
[2026-06-14 02:31:47,471] [????]???????(Phantom), ??=500, buffStr=603011, ???????
[2026-06-14 02:31:47,471] [????]??BUFF?(Phantom[2101]), ????=3000, ??=4000
[2026-06-14 02:31:47,471] [????]??BUFF?(Feather Shield), ??=increasescharacterfixed|C:0x34E22C&T:10000|T: ptsHP, ?????0
[2026-06-14 02:31:47,471] ?????????(BUFF?)?maxPAtk:7382,maxPDef:1418,maxMDef:1418,ignorePDef:0,ignoreMDef:0,injureAdd:0,injureIgnore:0,injureAddBoss:0
[2026-06-14 02:31:47,471] ?????????(BUFF?)?maxPAtk:537036,maxPDef:320573,maxMDef:292686,ignorePDef:923,ignoreMDef:1836,injureAdd:0,injureIgnore:1000,injureAddBoss:100
[2026-06-14 02:31:47,471] ?????162
[2026-06-14 02:31:47,471] ??????BUFF???162
[2026-06-14 02:31:47,471] [????]??BUFF?(Feather Shield), ??=increasescharacterfixed|C:0x34E22C&T:10000|T: ptsHP, ?????0
[2026-06-14 02:31:47,471] (????,d1806f2b-c67b-4e48-8e65-e94548e56e23) ???162;????6949764/6949926
[2026-06-14 02:31:47,471] [????]??BUFF?(Feather Shield), ??=increasescharacterfixed|C:0x34E22C&T:10000|T: ptsHP, ?????0
[2026-06-14 02:31:47,471] [????]??BUFF?(Feather Shield), ??=increasescharacterfixed|C:0x34E22C&T:10000|T: ptsHP, ?????0
[2026-06-14 02:31:47,471] (????) ???10000;????6949926/6949926
[2026-06-14 02:31:47,471] =========[Shadow PriestÀDecker]?????END??(Boss Ranged Attack)

[2026-06-14 02:31:47,472] [????]??BUFF?(Feather Shield[9006])

[2026-06-14 02:31:48,325] ????????[d1806f2b-c67b-4e48-8e65-e94548e56e23]->[a454032c-8b4a-460f-b152-d4c01d53acad],?????[9]
[2026-06-14 02:31:48,325] ??????????[????,d1806f2b-c67b-4e48-8e65-e94548e56e23]->[Shadow PriestÀDecker,a454032c-8b4a-460f-b152-d4c01d53acad],?????[9]

[2026-06-14 02:31:48,325] >>>>>[????]?????BEGIN??(Giant Rock Holy Shield), ??=Support Skill, applies Shield Reduction of|C:0x34E22C&T:20%|T: damage value, for|C:0x34E22C&T:5|T:s, upon breaking, targets surrounding enemies, dealing|C:0x34E22C&T:120%+{0}|T:Magic Damage, ???????, ?????0
[2026-06-14 02:31:48,325] [????]??BUFF?(Giant Rock Holy Shield[3201]), ????=5000, ??=2000
[2026-06-14 02:31:48,325] [????]?????1389985
[2026-06-14 02:31:48,325] =========[????]???????????(Giant Rock Holy Shield)

[2026-06-14 02:31:48,430] ????????[????],posX=12,posY=11
[2026-06-14 02:31:48,468] (????) ???1200;????6949926/6949926

[2026-06-14 02:31:48,472] >>>>>[Shadow PriestÀDecker]?????BEGIN??(Boss Ranged Attack), ??=NormalATK, ???????, ?????6
[2026-06-14 02:31:48,472] >>>>>[Shadow PriestÀDecker]?????(????), ????[17,11]; ????[12,11]
[2026-06-14 02:31:48,472] ?????????1
[2026-06-14 02:31:48,472] >>>>???(Shadow PriestÀDecker) -> (????) ?????100, ?????0, ?????1, ??XP???false
[2026-06-14 02:31:48,472] ?????????(BUFF?)?hit:0,crit:0,critInjure:0,dodge:0,ignoreCrit:0,ignoreCritInjure:0,critBoss:0,critInjureBoss:0
[2026-06-14 02:31:48,472] ?????????(BUFF?)?hit:60,crit:288,critInjure:610,dodge:15,ignoreCrit:0,ignoreCritInjure:0,critBoss:250,critInjureBoss:0
[2026-06-14 02:31:48,472] [????]??BUFF?(Phantom), ??=increasesselfDodge Rateimproves |C:0x34E22C&T:40%|T:, for|C:0x34E22C&T:3|T:s, ?????1999
[2026-06-14 02:31:48,472] ?????????(BUFF?)?hit:0,crit:0,critInjure:0,dodge:0,ignoreCrit:0,ignoreCritInjure:0,critBoss:0,critInjureBoss:0
[2026-06-14 02:31:48,472] ?????????(BUFF?)?hit:60,crit:288,critInjure:610,dodge:4015,ignoreCrit:0,ignoreCritInjure:0,critBoss:250,critInjureBoss:0
[2026-06-14 02:31:48,472] ?????????(BUFF?)?maxPAtk:7382,maxPDef:1418,maxMDef:1418,ignorePDef:0,ignoreMDef:0,injureAdd:0,injureIgnore:0,injureAddBoss:0
[2026-06-14 02:31:48,472] ?????????(BUFF?)?maxPAtk:537036,maxPDef:320573,maxMDef:292686,ignorePDef:923,ignoreMDef:1836,injureAdd:0,injureIgnore:1000,injureAddBoss:100
[2026-06-14 02:31:48,472] ?????????(BUFF?)?maxPAtk:7382,maxPDef:1418,maxMDef:1418,ignorePDef:0,ignoreMDef:0,injureAdd:0,injureIgnore:0,injureAddBoss:0
[2026-06-14 02:31:48,472] ?????????(BUFF?)?maxPAtk:537036,maxPDef:320573,maxMDef:292686,ignorePDef:923,ignoreMDef:1836,injureAdd:0,injureIgnore:1000,injureAddBoss:100
[2026-06-14 02:31:48,472] ?????162
[2026-06-14 02:31:48,472] ??????BUFF???162
[2026-06-14 02:31:48,472] [????]??BUFF?(Giant Rock Holy Shield), ??=Absorb Max HP|C:0x34E22C&T:20%|T:damage, ?????4853
[2026-06-14 02:31:48,472] [????]?????162, ?????1389823
[2026-06-14 02:31:48,472] (????,d1806f2b-c67b-4e48-8e65-e94548e56e23) ???0;????6949926/6949926
[2026-06-14 02:31:48,472] =========[Shadow PriestÀDecker]?????END??(Boss Ranged Attack)


[2026-06-14 02:31:48,605] ????????[ebc35acd-9d47-43c8-b6d6-2e231c80d600]->[a454032c-8b4a-460f-b152-d4c01d53acad],?????[1201]
[2026-06-14 02:31:48,605] ??????????[?????,ebc35acd-9d47-43c8-b6d6-2e231c80d600]->[Shadow PriestÀDecker,a454032c-8b4a-460f-b152-d4c01d53acad],?????[1201]

[2026-06-14 02:31:48,605] >>>>>[?????]?????BEGIN??(Fireball), ??=Single Target ATK, uses Magic's power to form a fireball, targeting Single target,deal|C:0x34E22C&T:100%+100|T:Magic Damage., ???Shadow PriestÀDecker, ?????2
[2026-06-14 02:31:48,605] >>>>>[?????]?????(Shadow PriestÀDecker), ????[11,11]; ????[17,11]
[2026-06-14 02:31:48,605] ?????????1
[2026-06-14 02:31:48,605] >>>>???(?????) -> (Shadow PriestÀDecker) ?????100, ?????100, ?????1, ??XP???false
[2026-06-14 02:31:48,605] ?????????(BUFF?)?hit:0,crit:0,critInjure:250,dodge:0,ignoreCrit:0,ignoreCritInjure:0,critBoss:250,critInjureBoss:0
[2026-06-14 02:31:48,605] ?????????(BUFF?)?hit:0,crit:0,critInjure:0,dodge:0,ignoreCrit:0,ignoreCritInjure:0,critBoss:0,critInjureBoss:0
[2026-06-14 02:31:48,605] ?????????(BUFF?)?hit:0,crit:0,critInjure:250,dodge:0,ignoreCrit:0,ignoreCritInjure:0,critBoss:250,critInjureBoss:0
[2026-06-14 02:31:48,605] ?????????(BUFF?)?hit:0,crit:0,critInjure:0,dodge:0,ignoreCrit:0,ignoreCritInjure:0,critBoss:0,critInjureBoss:0
[2026-06-14 02:31:48,605] ?????????(BUFF?)?maxPAtk:155688,maxPDef:88198,maxMDef:65660,ignorePDef:0,ignoreMDef:35063,injureAdd:100,injureIgnore:0,injureAddBoss:100
[2026-06-14 02:31:48,605] ?????????(BUFF?)?maxPAtk:7382,maxPDef:1418,maxMDef:1418,ignorePDef:0,ignoreMDef:0,injureAdd:0,injureIgnore:0,injureAddBoss:0
[2026-06-14 02:31:48,605] ?????????(BUFF?)?maxPAtk:155688,maxPDef:88198,maxMDef:65660,ignorePDef:0,ignoreMDef:35063,injureAdd:100,injureIgnore:0,injureAddBoss:100
[2026-06-14 02:31:48,605] ?????????(BUFF?)?maxPAtk:7382,maxPDef:1418,maxMDef:1418,ignorePDef:0,ignoreMDef:0,injureAdd:0,injureIgnore:0,injureAddBoss:0
[2026-06-14 02:31:48,605] ?????158901
[2026-06-14 02:31:48,605] ??????BUFF???158901
[2026-06-14 02:31:48,605] (Shadow PriestÀDecker,a454032c-8b4a-460f-b152-d4c01d53acad) ???158901;????550099/709000
[2026-06-14 02:31:48,605] =========[?????]?????END??(Fireball)

[2026-06-14 02:31:48,744] ????????[????],posX=13,posY=11

[2026-06-14 02:31:48,954] ????????[65b226f4-3d1c-4a60-838c-6aa6fda1c644]->[a454032c-8b4a-460f-b152-d4c01d53acad],?????[1201]
[2026-06-14 02:31:48,954] ??????????[?????,65b226f4-3d1c-4a60-838c-6aa6fda1c644]->[Shadow PriestÀDecker,a454032c-8b4a-460f-b152-d4c01d53acad],?????[1201]

[2026-06-14 02:31:48,954] >>>>>[?????]?????BEGIN??(Fireball), ??=Single Target ATK, uses Magic's power to form a fireball, targeting Single target,deal|C:0x34E22C&T:100%+100|T:Magic Damage., ???Shadow PriestÀDecker, ?????2
[2026-06-14 02:31:48,954] >>>>>[?????]?????(Shadow PriestÀDecker), ????[11,11]; ????[17,11]
[2026-06-14 02:31:48,954] ?????????1
[2026-06-14 02:31:48,954] >>>>???(?????) -> (Shadow PriestÀDecker) ?????100, ?????100, ?????1, ??XP???false
[2026-06-14 02:31:48,954] ?????????(BUFF?)?hit:0,crit:0,critInjure:250,dodge:0,ignoreCrit:0,ignoreCritInjure:0,critBoss:250,critInjureBoss:0
[2026-06-14 02:31:48,954] ?????????(BUFF?)?hit:0,crit:0,critInjure:0,dodge:0,ignoreCrit:0,ignoreCritInjure:0,critBoss:0,critInjureBoss:0
[2026-06-14 02:31:48,954] ?????????(BUFF?)?hit:0,crit:0,critInjure:250,dodge:0,ignoreCrit:0,ignoreCritInjure:0,critBoss:250,critInjureBoss:0
[2026-06-14 02:31:48,954] ?????????(BUFF?)?hit:0,crit:0,critInjure:0,dodge:0,ignoreCrit:0,ignoreCritInjure:0,critBoss:0,critInjureBoss:0
[2026-06-14 02:31:48,954] ?????????(BUFF?)?maxPAtk:109532,maxPDef:64692,maxMDef:38977,ignorePDef:0,ignoreMDef:5809,injureAdd:0,injureIgnore:0,injureAddBoss:100
[2026-06-14 02:31:48,954] ?????????(BUFF?)?maxPAtk:7382,maxPDef:1418,maxMDef:1418,ignorePDef:0,ignoreMDef:0,injureAdd:0,injureIgnore:0,injureAddBoss:0
[2026-06-14 02:31:48,954] ?????????(BUFF?)?maxPAtk:109532,maxPDef:64692,maxMDef:38977,ignorePDef:0,ignoreMDef:5809,injureAdd:0,injureIgnore:0,injureAddBoss:100
[2026-06-14 02:31:48,954] ?????????(BUFF?)?maxPAtk:7382,maxPDef:1418,maxMDef:1418,ignorePDef:0,ignoreMDef:0,injureAdd:0,injureIgnore:0,injureAddBoss:0
[2026-06-14 02:31:48,954] ?????110727
[2026-06-14 02:31:48,954] ??????BUFF???110727
[2026-06-14 02:31:48,954] (Shadow PriestÀDecker,a454032c-8b4a-460f-b152-d4c01d53acad) ???110727;????439372/709000
[2026-06-14 02:31:48,954] =========[?????]?????END??(Fireball)


[2026-06-14 02:31:48,987] ????????[bd0d352c-abdf-4576-a426-08b6080bd21e]->[a454032c-8b4a-460f-b152-d4c01d53acad],?????[1201]
[2026-06-14 02:31:48,987] ??????????[Otherworld Elf Ruila,bd0d352c-abdf-4576-a426-08b6080bd21e]->[Shadow PriestÀDecker,a454032c-8b4a-460f-b152-d4c01d53acad],?????[1201]

[2026-06-14 02:31:48,987] >>>>>[Otherworld Elf Ruila]?????BEGIN??(Fireball), ??=Single Target ATK, uses Magic's power to form a fireball, targeting Single target,deal|C:0x34E22C&T:100%+100|T:Magic Damage., ???Shadow PriestÀDecker, ?????2
[2026-06-14 02:31:48,987] >>>>>[Otherworld Elf Ruila]?????(Shadow PriestÀDecker), ????[11,11]; ????[17,11]
[2026-06-14 02:31:48,987] ?????????1
[2026-06-14 02:31:48,987] >>>>???(Otherworld Elf Ruila) -> (Shadow PriestÀDecker) ?????100, ?????100, ?????1, ??XP???false
[2026-06-14 02:31:48,987] ?????????(BUFF?)?hit:0,crit:0,critInjure:250,dodge:0,ignoreCrit:0,ignoreCritInjure:0,critBoss:250,critInjureBoss:0
[2026-06-14 02:31:48,987] ?????????(BUFF?)?hit:0,crit:0,critInjure:0,dodge:0,ignoreCrit:0,ignoreCritInjure:0,critBoss:0,critInjureBoss:0
[2026-06-14 02:31:48,987] ?????????(BUFF?)?hit:0,crit:0,critInjure:250,dodge:0,ignoreCrit:0,ignoreCritInjure:0,critBoss:250,critInjureBoss:0
[2026-06-14 02:31:48,987] ?????????(BUFF?)?hit:0,crit:0,critInjure:0,dodge:0,ignoreCrit:0,ignoreCritInjure:0,critBoss:0,critInjureBoss:0
[2026-06-14 02:31:48,987] ?????????(BUFF?)?maxPAtk:109807,maxPDef:68309,maxMDef:37615,ignorePDef:0,ignoreMDef:6887,injureAdd:0,injureIgnore:0,injureAddBoss:100
[2026-06-14 02:31:48,987] ?????????(BUFF?)?maxPAtk:7382,maxPDef:1418,maxMDef:1418,ignorePDef:0,ignoreMDef:0,injureAdd:0,injureIgnore:0,injureAddBoss:0
[2026-06-14 02:31:48,987] ?????????(BUFF?)?maxPAtk:109807,maxPDef:68309,maxMDef:37615,ignorePDef:0,ignoreMDef:6887,injureAdd:0,injureIgnore:0,injureAddBoss:100
[2026-06-14 02:31:48,987] ?????????(BUFF?)?maxPAtk:7382,maxPDef:1418,maxMDef:1418,ignorePDef:0,ignoreMDef:0,injureAdd:0,injureIgnore:0,injureAddBoss:0
[2026-06-14 02:31:48,987] ?????111005
[2026-06-14 02:31:48,987] ??????BUFF???111005
[2026-06-14 02:31:48,987] (Shadow PriestÀDecker,a454032c-8b4a-460f-b152-d4c01d53acad) ???111005;????328367/709000
[2026-06-14 02:31:48,987] =========[Otherworld Elf Ruila]?????END??(Fireball)

[2026-06-14 02:31:49,094] ????????[????],posX=14,posY=10
[2026-06-14 02:31:49,446] ????????[????],posX=15,posY=10
[2026-06-14 02:31:49,468] (????) ???1200;????6949926/6949926

[2026-06-14 02:31:49,473] >>>>>[Shadow PriestÀDecker]?????BEGIN??(Boss Ranged Attack), ??=NormalATK, ???????, ?????6
[2026-06-14 02:31:49,473] >>>>>[Shadow PriestÀDecker]?????(????), ????[17,11]; ????[15,10]
[2026-06-14 02:31:49,473] ?????????1
[2026-06-14 02:31:49,473] >>>>???(Shadow PriestÀDecker) -> (????) ?????100, ?????0, ?????1, ??XP???false
[2026-06-14 02:31:49,473] ?????????(BUFF?)?hit:0,crit:0,critInjure:0,dodge:0,ignoreCrit:0,ignoreCritInjure:0,critBoss:0,critInjureBoss:0
[2026-06-14 02:31:49,473] ?????????(BUFF?)?hit:60,crit:288,critInjure:610,dodge:15,ignoreCrit:0,ignoreCritInjure:0,critBoss:250,critInjureBoss:0
[2026-06-14 02:31:49,473] [????]??BUFF?(Phantom), ??=increasesselfDodge Rateimproves |C:0x34E22C&T:40%|T:, for|C:0x34E22C&T:3|T:s, ?????998
[2026-06-14 02:31:49,473] ?????????(BUFF?)?hit:0,crit:0,critInjure:0,dodge:0,ignoreCrit:0,ignoreCritInjure:0,critBoss:0,critInjureBoss:0
[2026-06-14 02:31:49,473] ?????????(BUFF?)?hit:60,crit:288,critInjure:610,dodge:4015,ignoreCrit:0,ignoreCritInjure:0,critBoss:250,critInjureBoss:0
[2026-06-14 02:31:49,473] ??~~
[2026-06-14 02:31:49,473] =========[Shadow PriestÀDecker]?????END??(Boss Ranged Attack)


[2026-06-14 02:31:49,516] ????????[ebc35acd-9d47-43c8-b6d6-2e231c80d600]->[a454032c-8b4a-460f-b152-d4c01d53acad],?????[1201]
[2026-06-14 02:31:49,516] ??????????[?????,ebc35acd-9d47-43c8-b6d6-2e231c80d600]->[Shadow PriestÀDecker,a454032c-8b4a-460f-b152-d4c01d53acad],?????[1201]

[2026-06-14 02:31:49,516] >>>>>[?????]?????BEGIN??(Fireball), ??=Single Target ATK, uses Magic's power to form a fireball, targeting Single target,deal|C:0x34E22C&T:100%+100|T:Magic Damage., ???Shadow PriestÀDecker, ?????2
[2026-06-14 02:31:49,516] >>>>>[?????]?????(Shadow PriestÀDecker), ????[11,11]; ????[17,11]
[2026-06-14 02:31:49,516] ?????????1
[2026-06-14 02:31:49,516] >>>>???(?????) -> (Shadow PriestÀDecker) ?????100, ?????100, ?????1, ??XP???false
[2026-06-14 02:31:49,516] ?????????(BUFF?)?hit:0,crit:0,critInjure:250,dodge:0,ignoreCrit:0,ignoreCritInjure:0,critBoss:250,critInjureBoss:0
[2026-06-14 02:31:49,516] ?????????(BUFF?)?hit:0,crit:0,critInjure:0,dodge:0,ignoreCrit:0,ignoreCritInjure:0,critBoss:0,critInjureBoss:0
[2026-06-14 02:31:49,516] ?????????(BUFF?)?hit:0,crit:0,critInjure:250,dodge:0,ignoreCrit:0,ignoreCritInjure:0,critBoss:250,critInjureBoss:0
[2026-06-14 02:31:49,516] ?????????(BUFF?)?hit:0,crit:0,critInjure:0,dodge:0,ignoreCrit:0,ignoreCritInjure:0,critBoss:0,critInjureBoss:0
[2026-06-14 02:31:49,516] ?????????(BUFF?)?maxPAtk:155688,maxPDef:88198,maxMDef:65660,ignorePDef:0,ignoreMDef:35063,injureAdd:100,injureIgnore:0,injureAddBoss:100
[2026-06-14 02:31:49,516] ?????????(BUFF?)?maxPAtk:7382,maxPDef:1418,maxMDef:1418,ignorePDef:0,ignoreMDef:0,injureAdd:0,injureIgnore:0,injureAddBoss:0
[2026-06-14 02:31:49,516] ?????????(BUFF?)?maxPAtk:155688,maxPDef:88198,maxMDef:65660,ignorePDef:0,ignoreMDef:35063,injureAdd:100,injureIgnore:0,injureAddBoss:100
[2026-06-14 02:31:49,516] ?????????(BUFF?)?maxPAtk:7382,maxPDef:1418,maxMDef:1418,ignorePDef:0,ignoreMDef:0,injureAdd:0,injureIgnore:0,injureAddBoss:0
[2026-06-14 02:31:49,516] ?????158901
[2026-06-14 02:31:49,516] ??????BUFF???158901
[2026-06-14 02:31:49,516] (Shadow PriestÀDecker,a454032c-8b4a-460f-b152-d4c01d53acad) ???158901;????169466/709000
[2026-06-14 02:31:49,516] =========[?????]?????END??(Fireball)


[2026-06-14 02:31:49,869] ????????[65b226f4-3d1c-4a60-838c-6aa6fda1c644]->[a454032c-8b4a-460f-b152-d4c01d53acad],?????[1201]
[2026-06-14 02:31:49,869] ??????????[?????,65b226f4-3d1c-4a60-838c-6aa6fda1c644]->[Shadow PriestÀDecker,a454032c-8b4a-460f-b152-d4c01d53acad],?????[1201]

[2026-06-14 02:31:49,869] >>>>>[?????]?????BEGIN??(Fireball), ??=Single Target ATK, uses Magic's power to form a fireball, targeting Single target,deal|C:0x34E22C&T:100%+100|T:Magic Damage., ???Shadow PriestÀDecker, ?????2
[2026-06-14 02:31:49,869] >>>>>[?????]?????(Shadow PriestÀDecker), ????[11,11]; ????[17,11]
[2026-06-14 02:31:49,869] ?????????1
[2026-06-14 02:31:49,869] >>>>???(?????) -> (Shadow PriestÀDecker) ?????100, ?????100, ?????1, ??XP???false
[2026-06-14 02:31:49,869] ?????????(BUFF?)?hit:0,crit:0,critInjure:250,dodge:0,ignoreCrit:0,ignoreCritInjure:0,critBoss:250,critInjureBoss:0
[2026-06-14 02:31:49,869] ?????????(BUFF?)?hit:0,crit:0,critInjure:0,dodge:0,ignoreCrit:0,ignoreCritInjure:0,critBoss:0,critInjureBoss:0
[2026-06-14 02:31:49,869] ?????????(BUFF?)?hit:0,crit:0,critInjure:250,dodge:0,ignoreCrit:0,ignoreCritInjure:0,critBoss:250,critInjureBoss:0
[2026-06-14 02:31:49,869] ?????????(BUFF?)?hit:0,crit:0,critInjure:0,dodge:0,ignoreCrit:0,ignoreCritInjure:0,critBoss:0,critInjureBoss:0
[2026-06-14 02:31:49,869] ?????????(BUFF?)?maxPAtk:109532,maxPDef:64692,maxMDef:38977,ignorePDef:0,ignoreMDef:5809,injureAdd:0,injureIgnore:0,injureAddBoss:100
[2026-06-14 02:31:49,869] ?????????(BUFF?)?maxPAtk:7382,maxPDef:1418,maxMDef:1418,ignorePDef:0,ignoreMDef:0,injureAdd:0,injureIgnore:0,injureAddBoss:0
[2026-06-14 02:31:49,869] ?????????(BUFF?)?maxPAtk:109532,maxPDef:64692,maxMDef:38977,ignorePDef:0,ignoreMDef:5809,injureAdd:0,injureIgnore:0,injureAddBoss:100
[2026-06-14 02:31:49,869] ?????????(BUFF?)?maxPAtk:7382,maxPDef:1418,maxMDef:1418,ignorePDef:0,ignoreMDef:0,injureAdd:0,injureIgnore:0,injureAddBoss:0
[2026-06-14 02:31:49,869] ?????110727
[2026-06-14 02:31:49,869] ??????BUFF???110727
[2026-06-14 02:31:49,869] (Shadow PriestÀDecker,a454032c-8b4a-460f-b152-d4c01d53acad) ???110727;????58739/709000
[2026-06-14 02:31:49,869] =========[?????]?????END??(Fireball)


[2026-06-14 02:31:49,904] ????????[bd0d352c-abdf-4576-a426-08b6080bd21e]->[a454032c-8b4a-460f-b152-d4c01d53acad],?????[1201]
[2026-06-14 02:31:49,904] ??????????[Otherworld Elf Ruila,bd0d352c-abdf-4576-a426-08b6080bd21e]->[Shadow PriestÀDecker,a454032c-8b4a-460f-b152-d4c01d53acad],?????[1201]

[2026-06-14 02:31:49,904] >>>>>[Otherworld Elf Ruila]?????BEGIN??(Fireball), ??=Single Target ATK, uses Magic's power to form a fireball, targeting Single target,deal|C:0x34E22C&T:100%+100|T:Magic Damage., ???Shadow PriestÀDecker, ?????2
[2026-06-14 02:31:49,904] >>>>>[Otherworld Elf Ruila]?????(Shadow PriestÀDecker), ????[11,11]; ????[17,11]
[2026-06-14 02:31:49,904] ?????????1
[2026-06-14 02:31:49,904] >>>>???(Otherworld Elf Ruila) -> (Shadow PriestÀDecker) ?????100, ?????100, ?????1, ??XP???false
[2026-06-14 02:31:49,904] ?????????(BUFF?)?hit:0,crit:0,critInjure:250,dodge:0,ignoreCrit:0,ignoreCritInjure:0,critBoss:250,critInjureBoss:0
[2026-06-14 02:31:49,904] ?????????(BUFF?)?hit:0,crit:0,critInjure:0,dodge:0,ignoreCrit:0,ignoreCritInjure:0,critBoss:0,critInjureBoss:0
[2026-06-14 02:31:49,904] ?????????(BUFF?)?hit:0,crit:0,critInjure:250,dodge:0,ignoreCrit:0,ignoreCritInjure:0,critBoss:250,critInjureBoss:0
[2026-06-14 02:31:49,904] ?????????(BUFF?)?hit:0,crit:0,critInjure:0,dodge:0,ignoreCrit:0,ignoreCritInjure:0,critBoss:0,critInjureBoss:0
[2026-06-14 02:31:49,904] ?????????(BUFF?)?maxPAtk:109807,maxPDef:68309,maxMDef:37615,ignorePDef:0,ignoreMDef:6887,injureAdd:0,injureIgnore:0,injureAddBoss:100
[2026-06-14 02:31:49,904] ?????????(BUFF?)?maxPAtk:7382,maxPDef:1418,maxMDef:1418,ignorePDef:0,ignoreMDef:0,injureAdd:0,injureIgnore:0,injureAddBoss:0
[2026-06-14 02:31:49,904] ?????????(BUFF?)?maxPAtk:109807,maxPDef:68309,maxMDef:37615,ignorePDef:0,ignoreMDef:6887,injureAdd:0,injureIgnore:0,injureAddBoss:100
[2026-06-14 02:31:49,904] ?????????(BUFF?)?maxPAtk:7382,maxPDef:1418,maxMDef:1418,ignorePDef:0,ignoreMDef:0,injureAdd:0,injureIgnore:0,injureAddBoss:0
[2026-06-14 02:31:49,904] ?????111005
[2026-06-14 02:31:49,904] ??????BUFF???111005
[2026-06-14 02:31:49,904] (Shadow PriestÀDecker,a454032c-8b4a-460f-b152-d4c01d53acad) ???111005;????0/709000
[2026-06-14 02:31:49,904] ???(????,d1806f2b-c67b-4e48-8e65-e94548e56e23) ??????: objectId=a454032c-8b4a-460f-b152-d4c01d53acad,status=0
[2026-06-14 02:31:49,906] (Shadow PriestÀDecker,a454032c-8b4a-460f-b152-d4c01d53acad) ?????1781375509906
[2026-06-14 02:31:49,906] =========[Otherworld Elf Ruila]?????END??(Fireball)

[2026-06-14 02:31:50,463] ?canControlObject??????????name=[????]
