[2026-06-14 02:35:54,609] ?Flame Demon Commander?????????????
[2026-06-14 02:35:54,609] [????]??BUFF?(Giant Rock Holy Shield[3201])
[2026-06-14 02:35:54,609] (????) ???1200;????6949926/6949926
[2026-06-14 02:35:54,657] ????????[????],posX=10,posY=14
[2026-06-14 02:35:55,609] (????) ???1200;????6949926/6949926

[2026-06-14 02:35:55,749] ????????[ebc35acd-9d47-43c8-b6d6-2e231c80d600]->[108fb202-91ec-4a1b-b131-8de27a4d0083],?????[1201]
[2026-06-14 02:35:55,749] ??????????[?????,ebc35acd-9d47-43c8-b6d6-2e231c80d600]->[Flame Demon Commander,108fb202-91ec-4a1b-b131-8de27a4d0083],?????[1201]

[2026-06-14 02:35:55,749] >>>>>[?????]?????BEGIN??(Fireball), ??=Single Target ATK, uses Magic's power to form a fireball, targeting Single target,deal|C:0x34E22C&T:100%+100|T:Magic Damage., ???Flame Demon Commander, ?????2
[2026-06-14 02:35:55,749] >>>>>[?????]?????(Flame Demon Commander), ????[9,15]; ????[14,15]
[2026-06-14 02:35:55,749] ?????????1
[2026-06-14 02:35:55,749] >>>>???(?????) -> (Flame Demon Commander) ?????100, ?????100, ?????1, ??XP???false
[2026-06-14 02:35:55,749] ?????????(BUFF?)?hit:0,crit:0,critInjure:250,dodge:0,ignoreCrit:0,ignoreCritInjure:0,critBoss:250,critInjureBoss:0
[2026-06-14 02:35:55,749] ?????????(BUFF?)?hit:0,crit:0,critInjure:0,dodge:0,ignoreCrit:0,ignoreCritInjure:0,critBoss:0,critInjureBoss:0
[2026-06-14 02:35:55,749] ?????????(BUFF?)?hit:0,crit:0,critInjure:250,dodge:0,ignoreCrit:0,ignoreCritInjure:0,critBoss:250,critInjureBoss:0
[2026-06-14 02:35:55,749] ?????????(BUFF?)?hit:0,crit:0,critInjure:0,dodge:0,ignoreCrit:0,ignoreCritInjure:0,critBoss:0,critInjureBoss:0
[2026-06-14 02:35:55,749] ?????????(BUFF?)?maxPAtk:155688,maxPDef:88198,maxMDef:65660,ignorePDef:0,ignoreMDef:35063,injureAdd:100,injureIgnore:0,injureAddBoss:100
[2026-06-14 02:35:55,749] ?????????(BUFF?)?maxPAtk:7818,maxPDef:1530,maxMDef:1530,ignorePDef:0,ignoreMDef:0,injureAdd:0,injureIgnore:0,injureAddBoss:0
[2026-06-14 02:35:55,749] ?????????(BUFF?)?maxPAtk:155688,maxPDef:88198,maxMDef:65660,ignorePDef:0,ignoreMDef:35063,injureAdd:100,injureIgnore:0,injureAddBoss:100
[2026-06-14 02:35:55,749] ?????????(BUFF?)?maxPAtk:7818,maxPDef:1530,maxMDef:1530,ignorePDef:0,ignoreMDef:0,injureAdd:0,injureIgnore:0,injureAddBoss:0
[2026-06-14 02:35:55,749] ?????158901
[2026-06-14 02:35:55,749] ??????BUFF???158901
[2026-06-14 02:35:55,749] (Flame Demon Commander,108fb202-91ec-4a1b-b131-8de27a4d0083) ???158901;????606099/765000
[2026-06-14 02:35:55,749] =========[?????]?????END??(Fireball)


[2026-06-14 02:35:55,857] ????????[d1806f2b-c67b-4e48-8e65-e94548e56e23]->[108fb202-91ec-4a1b-b131-8de27a4d0083],?????[9]
[2026-06-14 02:35:55,857] ??????????[????,d1806f2b-c67b-4e48-8e65-e94548e56e23]->[Flame Demon Commander,108fb202-91ec-4a1b-b131-8de27a4d0083],?????[9]

[2026-06-14 02:35:55,857] >>>>>[????]?????BEGIN??(Giant Rock Holy Shield), ??=Support Skill, applies Shield Reduction of|C:0x34E22C&T:20%|T: damage value, for|C:0x34E22C&T:5|T:s, upon breaking, targets surrounding enemies, dealing|C:0x34E22C&T:120%+{0}|T:Magic Damage, ???????, ?????0
[2026-06-14 02:35:55,857] [????]??BUFF?(Giant Rock Holy Shield[3201]), ????=5000, ??=2000
[2026-06-14 02:35:55,857] [????]?????1389985
[2026-06-14 02:35:55,857] =========[????]???????????(Giant Rock Holy Shield)

[2026-06-14 02:35:55,960] ????????[????],posX=11,posY=14

[2026-06-14 02:35:56,031] ????????[bd0d352c-abdf-4576-a426-08b6080bd21e]->[108fb202-91ec-4a1b-b131-8de27a4d0083],?????[1201]
[2026-06-14 02:35:56,031] ??????????[Otherworld Elf Ruila,bd0d352c-abdf-4576-a426-08b6080bd21e]->[Flame Demon Commander,108fb202-91ec-4a1b-b131-8de27a4d0083],?????[1201]

[2026-06-14 02:35:56,031] >>>>>[Otherworld Elf Ruila]?????BEGIN??(Fireball), ??=Single Target ATK, uses Magic's power to form a fireball, targeting Single target,deal|C:0x34E22C&T:100%+100|T:Magic Damage., ???Flame Demon Commander, ?????2
[2026-06-14 02:35:56,031] >>>>>[Otherworld Elf Ruila]?????(Flame Demon Commander), ????[9,15]; ????[14,15]
[2026-06-14 02:35:56,031] ?????????1
[2026-06-14 02:35:56,031] >>>>???(Otherworld Elf Ruila) -> (Flame Demon Commander) ?????100, ?????100, ?????1, ??XP???false
[2026-06-14 02:35:56,031] ?????????(BUFF?)?hit:0,crit:0,critInjure:250,dodge:0,ignoreCrit:0,ignoreCritInjure:0,critBoss:250,critInjureBoss:0
[2026-06-14 02:35:56,031] ?????????(BUFF?)?hit:0,crit:0,critInjure:0,dodge:0,ignoreCrit:0,ignoreCritInjure:0,critBoss:0,critInjureBoss:0
[2026-06-14 02:35:56,031] ?????????(BUFF?)?hit:0,crit:0,critInjure:250,dodge:0,ignoreCrit:0,ignoreCritInjure:0,critBoss:250,critInjureBoss:0
[2026-06-14 02:35:56,031] ?????????(BUFF?)?hit:0,crit:0,critInjure:0,dodge:0,ignoreCrit:0,ignoreCritInjure:0,critBoss:0,critInjureBoss:0
[2026-06-14 02:35:56,031] ?????????(BUFF?)?maxPAtk:109807,maxPDef:68309,maxMDef:37615,ignorePDef:0,ignoreMDef:6887,injureAdd:0,injureIgnore:0,injureAddBoss:100
[2026-06-14 02:35:56,031] ?????????(BUFF?)?maxPAtk:7818,maxPDef:1530,maxMDef:1530,ignorePDef:0,ignoreMDef:0,injureAdd:0,injureIgnore:0,injureAddBoss:0
[2026-06-14 02:35:56,031] ?????????(BUFF?)?maxPAtk:109807,maxPDef:68309,maxMDef:37615,ignorePDef:0,ignoreMDef:6887,injureAdd:0,injureIgnore:0,injureAddBoss:100
[2026-06-14 02:35:56,031] ?????????(BUFF?)?maxPAtk:7818,maxPDef:1530,maxMDef:1530,ignorePDef:0,ignoreMDef:0,injureAdd:0,injureIgnore:0,injureAddBoss:0
[2026-06-14 02:35:56,031] ?????111005
[2026-06-14 02:35:56,031] ??????BUFF???111005
[2026-06-14 02:35:56,031] (Flame Demon Commander,108fb202-91ec-4a1b-b131-8de27a4d0083) ???111005;????495094/765000
[2026-06-14 02:35:56,031] =========[Otherworld Elf Ruila]?????END??(Fireball)


[2026-06-14 02:35:56,171] ????????[65b226f4-3d1c-4a60-838c-6aa6fda1c644]->[108fb202-91ec-4a1b-b131-8de27a4d0083],?????[1201]
[2026-06-14 02:35:56,171] ??????????[?????,65b226f4-3d1c-4a60-838c-6aa6fda1c644]->[Flame Demon Commander,108fb202-91ec-4a1b-b131-8de27a4d0083],?????[1201]

[2026-06-14 02:35:56,171] >>>>>[?????]?????BEGIN??(Fireball), ??=Single Target ATK, uses Magic's power to form a fireball, targeting Single target,deal|C:0x34E22C&T:100%+100|T:Magic Damage., ???Flame Demon Commander, ?????2
[2026-06-14 02:35:56,171] >>>>>[?????]?????(Flame Demon Commander), ????[9,15]; ????[14,15]
[2026-06-14 02:35:56,171] ?????????1
[2026-06-14 02:35:56,171] >>>>???(?????) -> (Flame Demon Commander) ?????100, ?????100, ?????1, ??XP???false
[2026-06-14 02:35:56,171] ?????????(BUFF?)?hit:0,crit:0,critInjure:250,dodge:0,ignoreCrit:0,ignoreCritInjure:0,critBoss:250,critInjureBoss:0
[2026-06-14 02:35:56,171] ?????????(BUFF?)?hit:0,crit:0,critInjure:0,dodge:0,ignoreCrit:0,ignoreCritInjure:0,critBoss:0,critInjureBoss:0
[2026-06-14 02:35:56,171] ?????????(BUFF?)?hit:0,crit:0,critInjure:250,dodge:0,ignoreCrit:0,ignoreCritInjure:0,critBoss:250,critInjureBoss:0
[2026-06-14 02:35:56,171] ?????????(BUFF?)?hit:0,crit:0,critInjure:0,dodge:0,ignoreCrit:0,ignoreCritInjure:0,critBoss:0,critInjureBoss:0
[2026-06-14 02:35:56,171] ?????????(BUFF?)?maxPAtk:109532,maxPDef:64692,maxMDef:38977,ignorePDef:0,ignoreMDef:5809,injureAdd:0,injureIgnore:0,injureAddBoss:100
[2026-06-14 02:35:56,171] ?????????(BUFF?)?maxPAtk:7818,maxPDef:1530,maxMDef:1530,ignorePDef:0,ignoreMDef:0,injureAdd:0,injureIgnore:0,injureAddBoss:0
[2026-06-14 02:35:56,171] ?????????(BUFF?)?maxPAtk:109532,maxPDef:64692,maxMDef:38977,ignorePDef:0,ignoreMDef:5809,injureAdd:0,injureIgnore:0,injureAddBoss:100
[2026-06-14 02:35:56,171] ?????????(BUFF?)?maxPAtk:7818,maxPDef:1530,maxMDef:1530,ignorePDef:0,ignoreMDef:0,injureAdd:0,injureIgnore:0,injureAddBoss:0
[2026-06-14 02:35:56,171] ?????110727
[2026-06-14 02:35:56,171] ??????BUFF???110727
[2026-06-14 02:35:56,171] (Flame Demon Commander,108fb202-91ec-4a1b-b131-8de27a4d0083) ???110727;????384367/765000
[2026-06-14 02:35:56,171] =========[?????]?????END??(Fireball)

[2026-06-14 02:35:56,276] ????????[????],posX=12,posY=13
[2026-06-14 02:35:56,609] (????) ???1200;????6949926/6949926

[2026-06-14 02:35:56,617] >>>>>[Flame Demon Commander]?????BEGIN??(Boss Melee Attack), ??=NormalATK, ???????, ?????4
[2026-06-14 02:35:56,617] >>>>>[Flame Demon Commander]?????(????), ????[14,15]; ????[12,13]
[2026-06-14 02:35:56,617] ?????????1
[2026-06-14 02:35:56,617] >>>>???(Flame Demon Commander) -> (????) ?????100, ?????0, ?????0, ??XP???false
[2026-06-14 02:35:56,617] ?????????(BUFF?)?hit:0,crit:0,critInjure:0,dodge:0,ignoreCrit:0,ignoreCritInjure:0,critBoss:0,critInjureBoss:0
[2026-06-14 02:35:56,617] ?????????(BUFF?)?hit:60,crit:288,critInjure:610,dodge:15,ignoreCrit:0,ignoreCritInjure:0,critBoss:250,critInjureBoss:0
[2026-06-14 02:35:56,617] ?????????(BUFF?)?hit:0,crit:0,critInjure:0,dodge:0,ignoreCrit:0,ignoreCritInjure:0,critBoss:0,critInjureBoss:0
[2026-06-14 02:35:56,617] ?????????(BUFF?)?hit:60,crit:288,critInjure:610,dodge:15,ignoreCrit:0,ignoreCritInjure:0,critBoss:250,critInjureBoss:0
[2026-06-14 02:35:56,617] ?????????(BUFF?)?maxPAtk:7818,maxPDef:1530,maxMDef:1530,ignorePDef:0,ignoreMDef:0,injureAdd:0,injureIgnore:0,injureAddBoss:0
[2026-06-14 02:35:56,617] ?????????(BUFF?)?maxPAtk:537036,maxPDef:320573,maxMDef:292686,ignorePDef:923,ignoreMDef:1836,injureAdd:0,injureIgnore:1000,injureAddBoss:100
[2026-06-14 02:35:56,617] [????]???????(Starlight Power), ??=500, buffStr=605011, ???????
[2026-06-14 02:35:56,617] [????]??BUFF?(Starlight Power[2202]), ????=3000, ??=1000
[2026-06-14 02:35:56,617] [????]??BUFF?(Starlight Power), ??=self Damage Reduction increases by|C:0x34E22C&T:10%|T:, for|C:0x34E22C&T:3|T:s, ?????3000
[2026-06-14 02:35:56,617] ?????????(BUFF?)?maxPAtk:7818,maxPDef:1530,maxMDef:1530,ignorePDef:0,ignoreMDef:0,injureAdd:0,injureIgnore:0,injureAddBoss:0
[2026-06-14 02:35:56,617] ?????????(BUFF?)?maxPAtk:537036,maxPDef:320573,maxMDef:292686,ignorePDef:923,ignoreMDef:1836,injureAdd:0,injureIgnore:2000,injureAddBoss:100
[2026-06-14 02:35:56,617] ?????148
[2026-06-14 02:35:56,617] ??????BUFF???148
[2026-06-14 02:35:56,617] [????]??BUFF?(Giant Rock Holy Shield), ??=Absorb Max HP|C:0x34E22C&T:20%|T:damage, ?????4240
[2026-06-14 02:35:56,617] [????]?????148, ?????1389837
[2026-06-14 02:35:56,617] (????,d1806f2b-c67b-4e48-8e65-e94548e56e23) ???0;????6949926/6949926
[2026-06-14 02:35:56,618] =========[Flame Demon Commander]?????END??(Boss Melee Attack)


[2026-06-14 02:35:56,662] ????????[ebc35acd-9d47-43c8-b6d6-2e231c80d600]->[108fb202-91ec-4a1b-b131-8de27a4d0083],?????[1201]
[2026-06-14 02:35:56,662] ??????????[?????,ebc35acd-9d47-43c8-b6d6-2e231c80d600]->[Flame Demon Commander,108fb202-91ec-4a1b-b131-8de27a4d0083],?????[1201]

[2026-06-14 02:35:56,662] >>>>>[?????]?????BEGIN??(Fireball), ??=Single Target ATK, uses Magic's power to form a fireball, targeting Single target,deal|C:0x34E22C&T:100%+100|T:Magic Damage., ???Flame Demon Commander, ?????2
[2026-06-14 02:35:56,662] >>>>>[?????]?????(Flame Demon Commander), ????[9,15]; ????[14,15]
[2026-06-14 02:35:56,662] ?????????1
[2026-06-14 02:35:56,662] >>>>???(?????) -> (Flame Demon Commander) ?????100, ?????100, ?????1, ??XP???false
[2026-06-14 02:35:56,662] ?????????(BUFF?)?hit:0,crit:0,critInjure:250,dodge:0,ignoreCrit:0,ignoreCritInjure:0,critBoss:250,critInjureBoss:0
[2026-06-14 02:35:56,662] ?????????(BUFF?)?hit:0,crit:0,critInjure:0,dodge:0,ignoreCrit:0,ignoreCritInjure:0,critBoss:0,critInjureBoss:0
[2026-06-14 02:35:56,662] ?????????(BUFF?)?hit:0,crit:0,critInjure:250,dodge:0,ignoreCrit:0,ignoreCritInjure:0,critBoss:250,critInjureBoss:0
[2026-06-14 02:35:56,662] ?????????(BUFF?)?hit:0,crit:0,critInjure:0,dodge:0,ignoreCrit:0,ignoreCritInjure:0,critBoss:0,critInjureBoss:0
[2026-06-14 02:35:56,662] ?????????(BUFF?)?maxPAtk:155688,maxPDef:88198,maxMDef:65660,ignorePDef:0,ignoreMDef:35063,injureAdd:100,injureIgnore:0,injureAddBoss:100
[2026-06-14 02:35:56,662] ?????????(BUFF?)?maxPAtk:7818,maxPDef:1530,maxMDef:1530,ignorePDef:0,ignoreMDef:0,injureAdd:0,injureIgnore:0,injureAddBoss:0
[2026-06-14 02:35:56,662] ?????????(BUFF?)?maxPAtk:155688,maxPDef:88198,maxMDef:65660,ignorePDef:0,ignoreMDef:35063,injureAdd:100,injureIgnore:0,injureAddBoss:100
[2026-06-14 02:35:56,662] ?????????(BUFF?)?maxPAtk:7818,maxPDef:1530,maxMDef:1530,ignorePDef:0,ignoreMDef:0,injureAdd:0,injureIgnore:0,injureAddBoss:0
[2026-06-14 02:35:56,662] ?????158901
[2026-06-14 02:35:56,662] ??????BUFF???158901
[2026-06-14 02:35:56,662] (Flame Demon Commander,108fb202-91ec-4a1b-b131-8de27a4d0083) ???158901;????225466/765000
[2026-06-14 02:35:56,662] =========[?????]?????END??(Fireball)


[2026-06-14 02:35:56,944] ????????[bd0d352c-abdf-4576-a426-08b6080bd21e]->[108fb202-91ec-4a1b-b131-8de27a4d0083],?????[1201]
[2026-06-14 02:35:56,944] ??????????[Otherworld Elf Ruila,bd0d352c-abdf-4576-a426-08b6080bd21e]->[Flame Demon Commander,108fb202-91ec-4a1b-b131-8de27a4d0083],?????[1201]

[2026-06-14 02:35:56,944] >>>>>[Otherworld Elf Ruila]?????BEGIN??(Fireball), ??=Single Target ATK, uses Magic's power to form a fireball, targeting Single target,deal|C:0x34E22C&T:100%+100|T:Magic Damage., ???Flame Demon Commander, ?????2
[2026-06-14 02:35:56,944] >>>>>[Otherworld Elf Ruila]?????(Flame Demon Commander), ????[9,15]; ????[14,15]
[2026-06-14 02:35:56,944] ?????????1
[2026-06-14 02:35:56,944] >>>>???(Otherworld Elf Ruila) -> (Flame Demon Commander) ?????100, ?????100, ?????1, ??XP???false
[2026-06-14 02:35:56,944] ?????????(BUFF?)?hit:0,crit:0,critInjure:250,dodge:0,ignoreCrit:0,ignoreCritInjure:0,critBoss:250,critInjureBoss:0
[2026-06-14 02:35:56,944] ?????????(BUFF?)?hit:0,crit:0,critInjure:0,dodge:0,ignoreCrit:0,ignoreCritInjure:0,critBoss:0,critInjureBoss:0
[2026-06-14 02:35:56,944] ?????????(BUFF?)?hit:0,crit:0,critInjure:250,dodge:0,ignoreCrit:0,ignoreCritInjure:0,critBoss:250,critInjureBoss:0
[2026-06-14 02:35:56,944] ?????????(BUFF?)?hit:0,crit:0,critInjure:0,dodge:0,ignoreCrit:0,ignoreCritInjure:0,critBoss:0,critInjureBoss:0
[2026-06-14 02:35:56,944] ?????????(BUFF?)?maxPAtk:109807,maxPDef:68309,maxMDef:37615,ignorePDef:0,ignoreMDef:6887,injureAdd:0,injureIgnore:0,injureAddBoss:100
[2026-06-14 02:35:56,944] ?????????(BUFF?)?maxPAtk:7818,maxPDef:1530,maxMDef:1530,ignorePDef:0,ignoreMDef:0,injureAdd:0,injureIgnore:0,injureAddBoss:0
[2026-06-14 02:35:56,944] ?????????(BUFF?)?maxPAtk:109807,maxPDef:68309,maxMDef:37615,ignorePDef:0,ignoreMDef:6887,injureAdd:0,injureIgnore:0,injureAddBoss:100
[2026-06-14 02:35:56,944] ?????????(BUFF?)?maxPAtk:7818,maxPDef:1530,maxMDef:1530,ignorePDef:0,ignoreMDef:0,injureAdd:0,injureIgnore:0,injureAddBoss:0
[2026-06-14 02:35:56,944] ?????111005
[2026-06-14 02:35:56,944] ??????BUFF???111005
[2026-06-14 02:35:56,944] (Flame Demon Commander,108fb202-91ec-4a1b-b131-8de27a4d0083) ???111005;????114461/765000
[2026-06-14 02:35:56,944] =========[Otherworld Elf Ruila]?????END??(Fireball)


[2026-06-14 02:35:57,085] ????????[65b226f4-3d1c-4a60-838c-6aa6fda1c644]->[108fb202-91ec-4a1b-b131-8de27a4d0083],?????[1201]
[2026-06-14 02:35:57,085] ??????????[?????,65b226f4-3d1c-4a60-838c-6aa6fda1c644]->[Flame Demon Commander,108fb202-91ec-4a1b-b131-8de27a4d0083],?????[1201]

[2026-06-14 02:35:57,085] >>>>>[?????]?????BEGIN??(Fireball), ??=Single Target ATK, uses Magic's power to form a fireball, targeting Single target,deal|C:0x34E22C&T:100%+100|T:Magic Damage., ???Flame Demon Commander, ?????2
[2026-06-14 02:35:57,085] >>>>>[?????]?????(Flame Demon Commander), ????[9,15]; ????[14,15]
[2026-06-14 02:35:57,085] ?????????1
[2026-06-14 02:35:57,085] >>>>???(?????) -> (Flame Demon Commander) ?????100, ?????100, ?????1, ??XP???false
[2026-06-14 02:35:57,085] ?????????(BUFF?)?hit:0,crit:0,critInjure:250,dodge:0,ignoreCrit:0,ignoreCritInjure:0,critBoss:250,critInjureBoss:0
[2026-06-14 02:35:57,085] ?????????(BUFF?)?hit:0,crit:0,critInjure:0,dodge:0,ignoreCrit:0,ignoreCritInjure:0,critBoss:0,critInjureBoss:0
[2026-06-14 02:35:57,085] ?????????(BUFF?)?hit:0,crit:0,critInjure:250,dodge:0,ignoreCrit:0,ignoreCritInjure:0,critBoss:250,critInjureBoss:0
[2026-06-14 02:35:57,085] ?????????(BUFF?)?hit:0,crit:0,critInjure:0,dodge:0,ignoreCrit:0,ignoreCritInjure:0,critBoss:0,critInjureBoss:0
[2026-06-14 02:35:57,085] ?????????(BUFF?)?maxPAtk:109532,maxPDef:64692,maxMDef:38977,ignorePDef:0,ignoreMDef:5809,injureAdd:0,injureIgnore:0,injureAddBoss:100
[2026-06-14 02:35:57,085] ?????????(BUFF?)?maxPAtk:7818,maxPDef:1530,maxMDef:1530,ignorePDef:0,ignoreMDef:0,injureAdd:0,injureIgnore:0,injureAddBoss:0
[2026-06-14 02:35:57,085] ?????????(BUFF?)?maxPAtk:109532,maxPDef:64692,maxMDef:38977,ignorePDef:0,ignoreMDef:5809,injureAdd:0,injureIgnore:0,injureAddBoss:100
[2026-06-14 02:35:57,085] ?????????(BUFF?)?maxPAtk:7818,maxPDef:1530,maxMDef:1530,ignorePDef:0,ignoreMDef:0,injureAdd:0,injureIgnore:0,injureAddBoss:0
[2026-06-14 02:35:57,085] ??~~
[2026-06-14 02:35:57,085] ?????168806
[2026-06-14 02:35:57,085] ??????BUFF???168806
[2026-06-14 02:35:57,085] (Flame Demon Commander,108fb202-91ec-4a1b-b131-8de27a4d0083) ???168806;????0/765000
[2026-06-14 02:35:57,085] ???(????,d1806f2b-c67b-4e48-8e65-e94548e56e23) ??????: objectId=108fb202-91ec-4a1b-b131-8de27a4d0083,status=0
[2026-06-14 02:35:57,087] (Flame Demon Commander,108fb202-91ec-4a1b-b131-8de27a4d0083) ?????1781375757087
[2026-06-14 02:35:57,087] =========[?????]?????END??(Fireball)

[2026-06-14 02:35:57,333] ?canControlObject??????????name=[????]
