[2026-06-14 02:44:15,892] ?Spider Queen?????????????
[2026-06-14 02:44:15,892] [????]??BUFF?(Giant Rock Holy Shield[3201])
[2026-06-14 02:44:15,892] (????) ???1200;????6949926/6949926
[2026-06-14 02:44:15,939] ????????[????],posX=11,posY=14

[2026-06-14 02:44:16,360] ????????[ebc35acd-9d47-43c8-b6d6-2e231c80d600]->[dca07eec-86eb-4ebe-9269-f151e2e10de3],?????[1201]
[2026-06-14 02:44:16,360] ??????????[?????,ebc35acd-9d47-43c8-b6d6-2e231c80d600]->[Spider Queen,dca07eec-86eb-4ebe-9269-f151e2e10de3],?????[1201]

[2026-06-14 02:44:16,360] >>>>>[?????]?????BEGIN??(Fireball), ??=Single Target ATK, uses Magic's power to form a fireball, targeting Single target,deal|C:0x34E22C&T:100%+100|T:Magic Damage., ???Spider Queen, ?????2
[2026-06-14 02:44:16,360] >>>>>[?????]?????(Spider Queen), ????[10,15]; ????[14,15]
[2026-06-14 02:44:16,360] ?????????1
[2026-06-14 02:44:16,360] >>>>???(?????) -> (Spider Queen) ?????100, ?????100, ?????1, ??XP???false
[2026-06-14 02:44:16,360] ?????????(BUFF?)?hit:0,crit:0,critInjure:250,dodge:0,ignoreCrit:0,ignoreCritInjure:0,critBoss:250,critInjureBoss:0
[2026-06-14 02:44:16,360] ?????????(BUFF?)?hit:0,crit:0,critInjure:0,dodge:0,ignoreCrit:0,ignoreCritInjure:0,critBoss:0,critInjureBoss:0
[2026-06-14 02:44:16,360] ?????????(BUFF?)?hit:0,crit:0,critInjure:250,dodge:0,ignoreCrit:0,ignoreCritInjure:0,critBoss:250,critInjureBoss:0
[2026-06-14 02:44:16,360] ?????????(BUFF?)?hit:0,crit:0,critInjure:0,dodge:0,ignoreCrit:0,ignoreCritInjure:0,critBoss:0,critInjureBoss:0
[2026-06-14 02:44:16,360] ?????????(BUFF?)?maxPAtk:155998,maxPDef:88275,maxMDef:65856,ignorePDef:0,ignoreMDef:35218,injureAdd:100,injureIgnore:0,injureAddBoss:100
[2026-06-14 02:44:16,360] ?????????(BUFF?)?maxPAtk:8691,maxPDef:1754,maxMDef:1754,ignorePDef:0,ignoreMDef:0,injureAdd:0,injureIgnore:0,injureAddBoss:0
[2026-06-14 02:44:16,360] ?????????(BUFF?)?maxPAtk:155998,maxPDef:88275,maxMDef:65856,ignorePDef:0,ignoreMDef:35218,injureAdd:100,injureIgnore:0,injureAddBoss:100
[2026-06-14 02:44:16,360] ?????????(BUFF?)?maxPAtk:8691,maxPDef:1754,maxMDef:1754,ignorePDef:0,ignoreMDef:0,injureAdd:0,injureIgnore:0,injureAddBoss:0
[2026-06-14 02:44:16,360] ?????159217
[2026-06-14 02:44:16,360] ??????BUFF???159217
[2026-06-14 02:44:16,360] (Spider Queen,dca07eec-86eb-4ebe-9269-f151e2e10de3) ???159217;????717783/877000
[2026-06-14 02:44:16,360] =========[?????]?????END??(Fireball)


[2026-06-14 02:44:16,679] ????????[bd0d352c-abdf-4576-a426-08b6080bd21e]->[dca07eec-86eb-4ebe-9269-f151e2e10de3],?????[1201]
[2026-06-14 02:44:16,679] ??????????[Otherworld Elf Ruila,bd0d352c-abdf-4576-a426-08b6080bd21e]->[Spider Queen,dca07eec-86eb-4ebe-9269-f151e2e10de3],?????[1201]

[2026-06-14 02:44:16,679] >>>>>[Otherworld Elf Ruila]?????BEGIN??(Fireball), ??=Single Target ATK, uses Magic's power to form a fireball, targeting Single target,deal|C:0x34E22C&T:100%+100|T:Magic Damage., ???Spider Queen, ?????2
[2026-06-14 02:44:16,679] >>>>>[Otherworld Elf Ruila]?????(Spider Queen), ????[10,15]; ????[14,15]
[2026-06-14 02:44:16,679] ?????????1
[2026-06-14 02:44:16,679] >>>>???(Otherworld Elf Ruila) -> (Spider Queen) ?????100, ?????100, ?????1, ??XP???false
[2026-06-14 02:44:16,679] ?????????(BUFF?)?hit:0,crit:0,critInjure:250,dodge:0,ignoreCrit:0,ignoreCritInjure:0,critBoss:250,critInjureBoss:0
[2026-06-14 02:44:16,679] ?????????(BUFF?)?hit:0,crit:0,critInjure:0,dodge:0,ignoreCrit:0,ignoreCritInjure:0,critBoss:0,critInjureBoss:0
[2026-06-14 02:44:16,679] ?????????(BUFF?)?hit:0,crit:0,critInjure:250,dodge:0,ignoreCrit:0,ignoreCritInjure:0,critBoss:250,critInjureBoss:0
[2026-06-14 02:44:16,679] ?????????(BUFF?)?hit:0,crit:0,critInjure:0,dodge:0,ignoreCrit:0,ignoreCritInjure:0,critBoss:0,critInjureBoss:0
[2026-06-14 02:44:16,679] ?????????(BUFF?)?maxPAtk:109807,maxPDef:68309,maxMDef:37615,ignorePDef:0,ignoreMDef:6887,injureAdd:0,injureIgnore:0,injureAddBoss:100
[2026-06-14 02:44:16,679] ?????????(BUFF?)?maxPAtk:8691,maxPDef:1754,maxMDef:1754,ignorePDef:0,ignoreMDef:0,injureAdd:0,injureIgnore:0,injureAddBoss:0
[2026-06-14 02:44:16,679] ?????????(BUFF?)?maxPAtk:109807,maxPDef:68309,maxMDef:37615,ignorePDef:0,ignoreMDef:6887,injureAdd:0,injureIgnore:0,injureAddBoss:100
[2026-06-14 02:44:16,679] ?????????(BUFF?)?maxPAtk:8691,maxPDef:1754,maxMDef:1754,ignorePDef:0,ignoreMDef:0,injureAdd:0,injureIgnore:0,injureAddBoss:0
[2026-06-14 02:44:16,679] ?????111005
[2026-06-14 02:44:16,679] ??????BUFF???111005
[2026-06-14 02:44:16,679] (Spider Queen,dca07eec-86eb-4ebe-9269-f151e2e10de3) ???111005;????606778/877000
[2026-06-14 02:44:16,679] =========[Otherworld Elf Ruila]?????END??(Fireball)


[2026-06-14 02:44:16,751] ????????[65b226f4-3d1c-4a60-838c-6aa6fda1c644]->[dca07eec-86eb-4ebe-9269-f151e2e10de3],?????[1201]
[2026-06-14 02:44:16,751] ??????????[?????,65b226f4-3d1c-4a60-838c-6aa6fda1c644]->[Spider Queen,dca07eec-86eb-4ebe-9269-f151e2e10de3],?????[1201]

[2026-06-14 02:44:16,751] >>>>>[?????]?????BEGIN??(Fireball), ??=Single Target ATK, uses Magic's power to form a fireball, targeting Single target,deal|C:0x34E22C&T:100%+100|T:Magic Damage., ???Spider Queen, ?????2
[2026-06-14 02:44:16,751] >>>>>[?????]?????(Spider Queen), ????[10,15]; ????[14,15]
[2026-06-14 02:44:16,751] ?????????1
[2026-06-14 02:44:16,751] >>>>???(?????) -> (Spider Queen) ?????100, ?????100, ?????1, ??XP???false
[2026-06-14 02:44:16,751] ?????????(BUFF?)?hit:0,crit:0,critInjure:250,dodge:0,ignoreCrit:0,ignoreCritInjure:0,critBoss:250,critInjureBoss:0
[2026-06-14 02:44:16,751] ?????????(BUFF?)?hit:0,crit:0,critInjure:0,dodge:0,ignoreCrit:0,ignoreCritInjure:0,critBoss:0,critInjureBoss:0
[2026-06-14 02:44:16,751] ?????????(BUFF?)?hit:0,crit:0,critInjure:250,dodge:0,ignoreCrit:0,ignoreCritInjure:0,critBoss:250,critInjureBoss:0
[2026-06-14 02:44:16,751] ?????????(BUFF?)?hit:0,crit:0,critInjure:0,dodge:0,ignoreCrit:0,ignoreCritInjure:0,critBoss:0,critInjureBoss:0
[2026-06-14 02:44:16,751] ?????????(BUFF?)?maxPAtk:109532,maxPDef:64692,maxMDef:38977,ignorePDef:0,ignoreMDef:5809,injureAdd:0,injureIgnore:0,injureAddBoss:100
[2026-06-14 02:44:16,751] ?????????(BUFF?)?maxPAtk:8691,maxPDef:1754,maxMDef:1754,ignorePDef:0,ignoreMDef:0,injureAdd:0,injureIgnore:0,injureAddBoss:0
[2026-06-14 02:44:16,751] ?????????(BUFF?)?maxPAtk:109532,maxPDef:64692,maxMDef:38977,ignorePDef:0,ignoreMDef:5809,injureAdd:0,injureIgnore:0,injureAddBoss:100
[2026-06-14 02:44:16,751] ?????????(BUFF?)?maxPAtk:8691,maxPDef:1754,maxMDef:1754,ignorePDef:0,ignoreMDef:0,injureAdd:0,injureIgnore:0,injureAddBoss:0
[2026-06-14 02:44:16,751] ?????110727
[2026-06-14 02:44:16,751] ??????BUFF???110727
[2026-06-14 02:44:16,751] (Spider Queen,dca07eec-86eb-4ebe-9269-f151e2e10de3) ???110727;????496051/877000
[2026-06-14 02:44:16,751] =========[?????]?????END??(Fireball)

[2026-06-14 02:44:16,892] (????) ???1200;????6949926/6949926

[2026-06-14 02:44:16,897] >>>>>[Spider Queen]?????BEGIN??(Boss Melee Attack), ??=NormalATK, ???????, ?????4
[2026-06-14 02:44:16,897] >>>>>[Spider Queen]?????(????), ????[14,15]; ????[11,14]
[2026-06-14 02:44:16,897] ?????????1
[2026-06-14 02:44:16,897] >>>>???(Spider Queen) -> (????) ?????100, ?????0, ?????0, ??XP???false
[2026-06-14 02:44:16,897] ?????????(BUFF?)?hit:0,crit:0,critInjure:0,dodge:0,ignoreCrit:0,ignoreCritInjure:0,critBoss:0,critInjureBoss:0
[2026-06-14 02:44:16,897] ?????????(BUFF?)?hit:60,crit:288,critInjure:610,dodge:15,ignoreCrit:0,ignoreCritInjure:0,critBoss:250,critInjureBoss:0
[2026-06-14 02:44:16,897] ?????????(BUFF?)?hit:0,crit:0,critInjure:0,dodge:0,ignoreCrit:0,ignoreCritInjure:0,critBoss:0,critInjureBoss:0
[2026-06-14 02:44:16,897] ?????????(BUFF?)?hit:60,crit:288,critInjure:610,dodge:15,ignoreCrit:0,ignoreCritInjure:0,critBoss:250,critInjureBoss:0
[2026-06-14 02:44:16,897] ?????????(BUFF?)?maxPAtk:8691,maxPDef:1754,maxMDef:1754,ignorePDef:0,ignoreMDef:0,injureAdd:0,injureIgnore:0,injureAddBoss:0
[2026-06-14 02:44:16,897] ?????????(BUFF?)?maxPAtk:537036,maxPDef:320573,maxMDef:292686,ignorePDef:923,ignoreMDef:1836,injureAdd:0,injureIgnore:1000,injureAddBoss:100
[2026-06-14 02:44:16,897] ?????????(BUFF?)?maxPAtk:8691,maxPDef:1754,maxMDef:1754,ignorePDef:0,ignoreMDef:0,injureAdd:0,injureIgnore:0,injureAddBoss:0
[2026-06-14 02:44:16,897] ?????????(BUFF?)?maxPAtk:537036,maxPDef:320573,maxMDef:292686,ignorePDef:923,ignoreMDef:1836,injureAdd:0,injureIgnore:1000,injureAddBoss:100
[2026-06-14 02:44:16,897] ?????206
[2026-06-14 02:44:16,897] ??????BUFF???206
[2026-06-14 02:44:16,897] (????,d1806f2b-c67b-4e48-8e65-e94548e56e23) ???206;????6949720/6949926
[2026-06-14 02:44:16,897] =========[Spider Queen]?????END??(Boss Melee Attack)


[2026-06-14 02:44:17,101] ????????[d1806f2b-c67b-4e48-8e65-e94548e56e23]->[dca07eec-86eb-4ebe-9269-f151e2e10de3],?????[9]
[2026-06-14 02:44:17,101] ??????????[????,d1806f2b-c67b-4e48-8e65-e94548e56e23]->[Spider Queen,dca07eec-86eb-4ebe-9269-f151e2e10de3],?????[9]

[2026-06-14 02:44:17,101] >>>>>[????]?????BEGIN??(Giant Rock Holy Shield), ??=Support Skill, applies Shield Reduction of|C:0x34E22C&T:20%|T: damage value, for|C:0x34E22C&T:5|T:s, upon breaking, targets surrounding enemies, dealing|C:0x34E22C&T:120%+{0}|T:Magic Damage, ???????, ?????0
[2026-06-14 02:44:17,101] [????]??BUFF?(Giant Rock Holy Shield[3201]), ????=5000, ??=2000
[2026-06-14 02:44:17,101] [????]?????1389985
[2026-06-14 02:44:17,101] =========[????]???????????(Giant Rock Holy Shield)

[2026-06-14 02:44:17,206] ????????[????],posX=12,posY=14

[2026-06-14 02:44:17,278] ????????[ebc35acd-9d47-43c8-b6d6-2e231c80d600]->[dca07eec-86eb-4ebe-9269-f151e2e10de3],?????[1201]
[2026-06-14 02:44:17,278] ??????????[?????,ebc35acd-9d47-43c8-b6d6-2e231c80d600]->[Spider Queen,dca07eec-86eb-4ebe-9269-f151e2e10de3],?????[1201]

[2026-06-14 02:44:17,278] >>>>>[?????]?????BEGIN??(Fireball), ??=Single Target ATK, uses Magic's power to form a fireball, targeting Single target,deal|C:0x34E22C&T:100%+100|T:Magic Damage., ???Spider Queen, ?????2
[2026-06-14 02:44:17,278] >>>>>[?????]?????(Spider Queen), ????[10,15]; ????[14,15]
[2026-06-14 02:44:17,278] ?????????1
[2026-06-14 02:44:17,278] >>>>???(?????) -> (Spider Queen) ?????100, ?????100, ?????1, ??XP???false
[2026-06-14 02:44:17,278] ?????????(BUFF?)?hit:0,crit:0,critInjure:250,dodge:0,ignoreCrit:0,ignoreCritInjure:0,critBoss:250,critInjureBoss:0
[2026-06-14 02:44:17,278] ?????????(BUFF?)?hit:0,crit:0,critInjure:0,dodge:0,ignoreCrit:0,ignoreCritInjure:0,critBoss:0,critInjureBoss:0
[2026-06-14 02:44:17,278] ?????????(BUFF?)?hit:0,crit:0,critInjure:250,dodge:0,ignoreCrit:0,ignoreCritInjure:0,critBoss:250,critInjureBoss:0
[2026-06-14 02:44:17,278] ?????????(BUFF?)?hit:0,crit:0,critInjure:0,dodge:0,ignoreCrit:0,ignoreCritInjure:0,critBoss:0,critInjureBoss:0
[2026-06-14 02:44:17,278] ?????????(BUFF?)?maxPAtk:155998,maxPDef:88275,maxMDef:65856,ignorePDef:0,ignoreMDef:35218,injureAdd:100,injureIgnore:0,injureAddBoss:100
[2026-06-14 02:44:17,278] ?????????(BUFF?)?maxPAtk:8691,maxPDef:1754,maxMDef:1754,ignorePDef:0,ignoreMDef:0,injureAdd:0,injureIgnore:0,injureAddBoss:0
[2026-06-14 02:44:17,278] ?????????(BUFF?)?maxPAtk:155998,maxPDef:88275,maxMDef:65856,ignorePDef:0,ignoreMDef:35218,injureAdd:100,injureIgnore:0,injureAddBoss:100
[2026-06-14 02:44:17,278] ?????????(BUFF?)?maxPAtk:8691,maxPDef:1754,maxMDef:1754,ignorePDef:0,ignoreMDef:0,injureAdd:0,injureIgnore:0,injureAddBoss:0
[2026-06-14 02:44:17,278] ?????159217
[2026-06-14 02:44:17,278] ??????BUFF???159217
[2026-06-14 02:44:17,278] (Spider Queen,dca07eec-86eb-4ebe-9269-f151e2e10de3) ???159217;????336834/877000
[2026-06-14 02:44:17,278] =========[?????]?????END??(Fireball)


[2026-06-14 02:44:17,593] ????????[bd0d352c-abdf-4576-a426-08b6080bd21e]->[dca07eec-86eb-4ebe-9269-f151e2e10de3],?????[1201]
[2026-06-14 02:44:17,593] ??????????[Otherworld Elf Ruila,bd0d352c-abdf-4576-a426-08b6080bd21e]->[Spider Queen,dca07eec-86eb-4ebe-9269-f151e2e10de3],?????[1201]

[2026-06-14 02:44:17,593] >>>>>[Otherworld Elf Ruila]?????BEGIN??(Fireball), ??=Single Target ATK, uses Magic's power to form a fireball, targeting Single target,deal|C:0x34E22C&T:100%+100|T:Magic Damage., ???Spider Queen, ?????2
[2026-06-14 02:44:17,593] >>>>>[Otherworld Elf Ruila]?????(Spider Queen), ????[10,15]; ????[14,15]
[2026-06-14 02:44:17,593] ?????????1
[2026-06-14 02:44:17,593] >>>>???(Otherworld Elf Ruila) -> (Spider Queen) ?????100, ?????100, ?????1, ??XP???false
[2026-06-14 02:44:17,593] ?????????(BUFF?)?hit:0,crit:0,critInjure:250,dodge:0,ignoreCrit:0,ignoreCritInjure:0,critBoss:250,critInjureBoss:0
[2026-06-14 02:44:17,593] ?????????(BUFF?)?hit:0,crit:0,critInjure:0,dodge:0,ignoreCrit:0,ignoreCritInjure:0,critBoss:0,critInjureBoss:0
[2026-06-14 02:44:17,593] ?????????(BUFF?)?hit:0,crit:0,critInjure:250,dodge:0,ignoreCrit:0,ignoreCritInjure:0,critBoss:250,critInjureBoss:0
[2026-06-14 02:44:17,593] ?????????(BUFF?)?hit:0,crit:0,critInjure:0,dodge:0,ignoreCrit:0,ignoreCritInjure:0,critBoss:0,critInjureBoss:0
[2026-06-14 02:44:17,593] ?????????(BUFF?)?maxPAtk:109807,maxPDef:68309,maxMDef:37615,ignorePDef:0,ignoreMDef:6887,injureAdd:0,injureIgnore:0,injureAddBoss:100
[2026-06-14 02:44:17,593] ?????????(BUFF?)?maxPAtk:8691,maxPDef:1754,maxMDef:1754,ignorePDef:0,ignoreMDef:0,injureAdd:0,injureIgnore:0,injureAddBoss:0
[2026-06-14 02:44:17,593] ?????????(BUFF?)?maxPAtk:109807,maxPDef:68309,maxMDef:37615,ignorePDef:0,ignoreMDef:6887,injureAdd:0,injureIgnore:0,injureAddBoss:100
[2026-06-14 02:44:17,593] ?????????(BUFF?)?maxPAtk:8691,maxPDef:1754,maxMDef:1754,ignorePDef:0,ignoreMDef:0,injureAdd:0,injureIgnore:0,injureAddBoss:0
[2026-06-14 02:44:17,593] ?????111005
[2026-06-14 02:44:17,593] ??????BUFF???111005
[2026-06-14 02:44:17,593] (Spider Queen,dca07eec-86eb-4ebe-9269-f151e2e10de3) ???111005;????225829/877000
[2026-06-14 02:44:17,593] =========[Otherworld Elf Ruila]?????END??(Fireball)


[2026-06-14 02:44:17,662] ????????[65b226f4-3d1c-4a60-838c-6aa6fda1c644]->[dca07eec-86eb-4ebe-9269-f151e2e10de3],?????[1201]
[2026-06-14 02:44:17,662] ??????????[?????,65b226f4-3d1c-4a60-838c-6aa6fda1c644]->[Spider Queen,dca07eec-86eb-4ebe-9269-f151e2e10de3],?????[1201]

[2026-06-14 02:44:17,662] >>>>>[?????]?????BEGIN??(Fireball), ??=Single Target ATK, uses Magic's power to form a fireball, targeting Single target,deal|C:0x34E22C&T:100%+100|T:Magic Damage., ???Spider Queen, ?????2
[2026-06-14 02:44:17,662] >>>>>[?????]?????(Spider Queen), ????[10,15]; ????[14,15]
[2026-06-14 02:44:17,662] ?????????1
[2026-06-14 02:44:17,662] >>>>???(?????) -> (Spider Queen) ?????100, ?????100, ?????1, ??XP???false
[2026-06-14 02:44:17,662] ?????????(BUFF?)?hit:0,crit:0,critInjure:250,dodge:0,ignoreCrit:0,ignoreCritInjure:0,critBoss:250,critInjureBoss:0
[2026-06-14 02:44:17,662] ?????????(BUFF?)?hit:0,crit:0,critInjure:0,dodge:0,ignoreCrit:0,ignoreCritInjure:0,critBoss:0,critInjureBoss:0
[2026-06-14 02:44:17,662] ?????????(BUFF?)?hit:0,crit:0,critInjure:250,dodge:0,ignoreCrit:0,ignoreCritInjure:0,critBoss:250,critInjureBoss:0
[2026-06-14 02:44:17,662] ?????????(BUFF?)?hit:0,crit:0,critInjure:0,dodge:0,ignoreCrit:0,ignoreCritInjure:0,critBoss:0,critInjureBoss:0
[2026-06-14 02:44:17,662] ?????????(BUFF?)?maxPAtk:109532,maxPDef:64692,maxMDef:38977,ignorePDef:0,ignoreMDef:5809,injureAdd:0,injureIgnore:0,injureAddBoss:100
[2026-06-14 02:44:17,662] ?????????(BUFF?)?maxPAtk:8691,maxPDef:1754,maxMDef:1754,ignorePDef:0,ignoreMDef:0,injureAdd:0,injureIgnore:0,injureAddBoss:0
[2026-06-14 02:44:17,662] ?????????(BUFF?)?maxPAtk:109532,maxPDef:64692,maxMDef:38977,ignorePDef:0,ignoreMDef:5809,injureAdd:0,injureIgnore:0,injureAddBoss:100
[2026-06-14 02:44:17,662] ?????????(BUFF?)?maxPAtk:8691,maxPDef:1754,maxMDef:1754,ignorePDef:0,ignoreMDef:0,injureAdd:0,injureIgnore:0,injureAddBoss:0
[2026-06-14 02:44:17,662] ?????110727
[2026-06-14 02:44:17,662] ??????BUFF???110727
[2026-06-14 02:44:17,662] (Spider Queen,dca07eec-86eb-4ebe-9269-f151e2e10de3) ???110727;????115102/877000
[2026-06-14 02:44:17,662] =========[?????]?????END??(Fireball)

[2026-06-14 02:44:17,893] (????) ???1200;????6949926/6949926

[2026-06-14 02:44:17,899] >>>>>[Spider Queen]?????BEGIN??(Boss Melee Attack), ??=NormalATK, ???????, ?????4
[2026-06-14 02:44:17,899] >>>>>[Spider Queen]?????(????), ????[14,15]; ????[12,14]
[2026-06-14 02:44:17,899] ?????????1
[2026-06-14 02:44:17,899] >>>>???(Spider Queen) -> (????) ?????100, ?????0, ?????0, ??XP???false
[2026-06-14 02:44:17,899] ?????????(BUFF?)?hit:0,crit:0,critInjure:0,dodge:0,ignoreCrit:0,ignoreCritInjure:0,critBoss:0,critInjureBoss:0
[2026-06-14 02:44:17,899] ?????????(BUFF?)?hit:60,crit:288,critInjure:610,dodge:15,ignoreCrit:0,ignoreCritInjure:0,critBoss:250,critInjureBoss:0
[2026-06-14 02:44:17,899] ?????????(BUFF?)?hit:0,crit:0,critInjure:0,dodge:0,ignoreCrit:0,ignoreCritInjure:0,critBoss:0,critInjureBoss:0
[2026-06-14 02:44:17,899] ?????????(BUFF?)?hit:60,crit:288,critInjure:610,dodge:15,ignoreCrit:0,ignoreCritInjure:0,critBoss:250,critInjureBoss:0
[2026-06-14 02:44:17,899] ?????????(BUFF?)?maxPAtk:8691,maxPDef:1754,maxMDef:1754,ignorePDef:0,ignoreMDef:0,injureAdd:0,injureIgnore:0,injureAddBoss:0
[2026-06-14 02:44:17,899] ?????????(BUFF?)?maxPAtk:537036,maxPDef:320573,maxMDef:292686,ignorePDef:923,ignoreMDef:1836,injureAdd:0,injureIgnore:1000,injureAddBoss:100
[2026-06-14 02:44:17,899] ?????????(BUFF?)?maxPAtk:8691,maxPDef:1754,maxMDef:1754,ignorePDef:0,ignoreMDef:0,injureAdd:0,injureIgnore:0,injureAddBoss:0
[2026-06-14 02:44:17,899] ?????????(BUFF?)?maxPAtk:537036,maxPDef:320573,maxMDef:292686,ignorePDef:923,ignoreMDef:1836,injureAdd:0,injureIgnore:1000,injureAddBoss:100
[2026-06-14 02:44:17,899] ?????206
[2026-06-14 02:44:17,899] ??????BUFF???206
[2026-06-14 02:44:17,899] [????]??BUFF?(Giant Rock Holy Shield), ??=Absorb Max HP|C:0x34E22C&T:20%|T:damage, ?????4202
[2026-06-14 02:44:17,899] [????]?????206, ?????1389779
[2026-06-14 02:44:17,899] (????,d1806f2b-c67b-4e48-8e65-e94548e56e23) ???0;????6949926/6949926
[2026-06-14 02:44:17,899] =========[Spider Queen]?????END??(Boss Melee Attack)


[2026-06-14 02:44:18,191] ????????[ebc35acd-9d47-43c8-b6d6-2e231c80d600]->[dca07eec-86eb-4ebe-9269-f151e2e10de3],?????[1201]
[2026-06-14 02:44:18,191] ??????????[?????,ebc35acd-9d47-43c8-b6d6-2e231c80d600]->[Spider Queen,dca07eec-86eb-4ebe-9269-f151e2e10de3],?????[1201]

[2026-06-14 02:44:18,191] >>>>>[?????]?????BEGIN??(Fireball), ??=Single Target ATK, uses Magic's power to form a fireball, targeting Single target,deal|C:0x34E22C&T:100%+100|T:Magic Damage., ???Spider Queen, ?????2
[2026-06-14 02:44:18,191] >>>>>[?????]?????(Spider Queen), ????[10,15]; ????[14,15]
[2026-06-14 02:44:18,191] ?????????1
[2026-06-14 02:44:18,191] >>>>???(?????) -> (Spider Queen) ?????100, ?????100, ?????1, ??XP???false
[2026-06-14 02:44:18,191] ?????????(BUFF?)?hit:0,crit:0,critInjure:250,dodge:0,ignoreCrit:0,ignoreCritInjure:0,critBoss:250,critInjureBoss:0
[2026-06-14 02:44:18,191] ?????????(BUFF?)?hit:0,crit:0,critInjure:0,dodge:0,ignoreCrit:0,ignoreCritInjure:0,critBoss:0,critInjureBoss:0
[2026-06-14 02:44:18,191] ?????????(BUFF?)?hit:0,crit:0,critInjure:250,dodge:0,ignoreCrit:0,ignoreCritInjure:0,critBoss:250,critInjureBoss:0
[2026-06-14 02:44:18,191] ?????????(BUFF?)?hit:0,crit:0,critInjure:0,dodge:0,ignoreCrit:0,ignoreCritInjure:0,critBoss:0,critInjureBoss:0
[2026-06-14 02:44:18,191] ?????????(BUFF?)?maxPAtk:155998,maxPDef:88275,maxMDef:65856,ignorePDef:0,ignoreMDef:35218,injureAdd:100,injureIgnore:0,injureAddBoss:100
[2026-06-14 02:44:18,191] ?????????(BUFF?)?maxPAtk:8691,maxPDef:1754,maxMDef:1754,ignorePDef:0,ignoreMDef:0,injureAdd:0,injureIgnore:0,injureAddBoss:0
[2026-06-14 02:44:18,191] ?????????(BUFF?)?maxPAtk:155998,maxPDef:88275,maxMDef:65856,ignorePDef:0,ignoreMDef:35218,injureAdd:100,injureIgnore:0,injureAddBoss:100
[2026-06-14 02:44:18,191] ?????????(BUFF?)?maxPAtk:8691,maxPDef:1754,maxMDef:1754,ignorePDef:0,ignoreMDef:0,injureAdd:0,injureIgnore:0,injureAddBoss:0
[2026-06-14 02:44:18,191] ?????159217
[2026-06-14 02:44:18,191] ??????BUFF???159217
[2026-06-14 02:44:18,191] (Spider Queen,dca07eec-86eb-4ebe-9269-f151e2e10de3) ???159217;????0/877000
[2026-06-14 02:44:18,191] ???(????,d1806f2b-c67b-4e48-8e65-e94548e56e23) ??????: objectId=dca07eec-86eb-4ebe-9269-f151e2e10de3,status=0
[2026-06-14 02:44:18,193] (Spider Queen,dca07eec-86eb-4ebe-9269-f151e2e10de3) ?????1781376258193
[2026-06-14 02:44:18,193] =========[?????]?????END??(Fireball)

[2026-06-14 02:44:18,262] ?canControlObject??????????name=[????]
