[2026-06-14 02:42:43,357] ?Wailing Banshee?????????????
[2026-06-14 02:42:43,357] [????]??BUFF?(Giant Rock Holy Shield[3201])
[2026-06-14 02:42:43,357] [????]??BUFF?(Break Strike[1204])
[2026-06-14 02:42:43,357] (????) ???1200;????6949926/6949926

[2026-06-14 02:42:43,361] >>>>>[Wailing Banshee]?????BEGIN??(Boss Ranged Attack), ??=NormalATK, ???????, ?????6
[2026-06-14 02:42:43,361] >>>>>[Wailing Banshee]?????(????), ????[16,12]; ????[10,12]
[2026-06-14 02:42:43,361] ?????????1
[2026-06-14 02:42:43,361] >>>>???(Wailing Banshee) -> (????) ?????100, ?????0, ?????1, ??XP???false
[2026-06-14 02:42:43,361] ?????????(BUFF?)?hit:0,crit:0,critInjure:0,dodge:0,ignoreCrit:0,ignoreCritInjure:0,critBoss:0,critInjureBoss:0
[2026-06-14 02:42:43,361] ?????????(BUFF?)?hit:60,crit:288,critInjure:610,dodge:15,ignoreCrit:0,ignoreCritInjure:0,critBoss:250,critInjureBoss:0
[2026-06-14 02:42:43,361] ?????????(BUFF?)?hit:0,crit:0,critInjure:0,dodge:0,ignoreCrit:0,ignoreCritInjure:0,critBoss:0,critInjureBoss:0
[2026-06-14 02:42:43,361] ?????????(BUFF?)?hit:60,crit:288,critInjure:610,dodge:15,ignoreCrit:0,ignoreCritInjure:0,critBoss:250,critInjureBoss:0
[2026-06-14 02:42:43,361] ?????????(BUFF?)?maxPAtk:8527,maxPDef:1712,maxMDef:1712,ignorePDef:0,ignoreMDef:0,injureAdd:0,injureIgnore:0,injureAddBoss:0
[2026-06-14 02:42:43,361] ?????????(BUFF?)?maxPAtk:537036,maxPDef:320573,maxMDef:292686,ignorePDef:923,ignoreMDef:1836,injureAdd:0,injureIgnore:1000,injureAddBoss:100
[2026-06-14 02:42:43,361] ?????????(BUFF?)?maxPAtk:8527,maxPDef:1712,maxMDef:1712,ignorePDef:0,ignoreMDef:0,injureAdd:0,injureIgnore:0,injureAddBoss:0
[2026-06-14 02:42:43,361] ?????????(BUFF?)?maxPAtk:537036,maxPDef:320573,maxMDef:292686,ignorePDef:923,ignoreMDef:1836,injureAdd:0,injureIgnore:1000,injureAddBoss:100
[2026-06-14 02:42:43,361] ?????216
[2026-06-14 02:42:43,361] ??????BUFF???216
[2026-06-14 02:42:43,361] (????,d1806f2b-c67b-4e48-8e65-e94548e56e23) ???216;????6949710/6949926
[2026-06-14 02:42:43,361] =========[Wailing Banshee]?????END??(Boss Ranged Attack)


[2026-06-14 02:42:44,203] ????????[d1806f2b-c67b-4e48-8e65-e94548e56e23]->[bb89a40a-7c46-4bae-89ca-f98151904e69],?????[9]
[2026-06-14 02:42:44,203] ??????????[????,d1806f2b-c67b-4e48-8e65-e94548e56e23]->[Wailing Banshee,bb89a40a-7c46-4bae-89ca-f98151904e69],?????[9]

[2026-06-14 02:42:44,203] >>>>>[????]?????BEGIN??(Giant Rock Holy Shield), ??=Support Skill, applies Shield Reduction of|C:0x34E22C&T:20%|T: damage value, for|C:0x34E22C&T:5|T:s, upon breaking, targets surrounding enemies, dealing|C:0x34E22C&T:120%+{0}|T:Magic Damage, ???????, ?????0
[2026-06-14 02:42:44,203] [????]??BUFF?(Giant Rock Holy Shield[3201]), ????=5000, ??=2000
[2026-06-14 02:42:44,203] [????]?????1389985
[2026-06-14 02:42:44,203] =========[????]???????????(Giant Rock Holy Shield)

[2026-06-14 02:42:44,310] ????????[????],posX=11,posY=12
[2026-06-14 02:42:44,357] (????) ???1200;????6949926/6949926

[2026-06-14 02:42:44,363] >>>>>[Wailing Banshee]?????BEGIN??(Boss Ranged Attack), ??=NormalATK, ???????, ?????6
[2026-06-14 02:42:44,363] >>>>>[Wailing Banshee]?????(????), ????[16,12]; ????[11,12]
[2026-06-14 02:42:44,363] ?????????1
[2026-06-14 02:42:44,363] >>>>???(Wailing Banshee) -> (????) ?????100, ?????0, ?????1, ??XP???false
[2026-06-14 02:42:44,363] ?????????(BUFF?)?hit:0,crit:0,critInjure:0,dodge:0,ignoreCrit:0,ignoreCritInjure:0,critBoss:0,critInjureBoss:0
[2026-06-14 02:42:44,363] ?????????(BUFF?)?hit:60,crit:288,critInjure:610,dodge:15,ignoreCrit:0,ignoreCritInjure:0,critBoss:250,critInjureBoss:0
[2026-06-14 02:42:44,363] ?????????(BUFF?)?hit:0,crit:0,critInjure:0,dodge:0,ignoreCrit:0,ignoreCritInjure:0,critBoss:0,critInjureBoss:0
[2026-06-14 02:42:44,363] ?????????(BUFF?)?hit:60,crit:288,critInjure:610,dodge:15,ignoreCrit:0,ignoreCritInjure:0,critBoss:250,critInjureBoss:0
[2026-06-14 02:42:44,363] ?????????(BUFF?)?maxPAtk:8527,maxPDef:1712,maxMDef:1712,ignorePDef:0,ignoreMDef:0,injureAdd:0,injureIgnore:0,injureAddBoss:0
[2026-06-14 02:42:44,363] ?????????(BUFF?)?maxPAtk:537036,maxPDef:320573,maxMDef:292686,ignorePDef:923,ignoreMDef:1836,injureAdd:0,injureIgnore:1000,injureAddBoss:100
[2026-06-14 02:42:44,363] [????]???????(Phantom), ??=500, buffStr=603011, ???????
[2026-06-14 02:42:44,363] [????]??BUFF?(Phantom[2101]), ????=3000, ??=4000
[2026-06-14 02:42:44,363] ?????????(BUFF?)?maxPAtk:8527,maxPDef:1712,maxMDef:1712,ignorePDef:0,ignoreMDef:0,injureAdd:0,injureIgnore:0,injureAddBoss:0
[2026-06-14 02:42:44,363] ?????????(BUFF?)?maxPAtk:537036,maxPDef:320573,maxMDef:292686,ignorePDef:923,ignoreMDef:1836,injureAdd:0,injureIgnore:1000,injureAddBoss:100
[2026-06-14 02:42:44,363] ?????216
[2026-06-14 02:42:44,363] ??????BUFF???216
[2026-06-14 02:42:44,364] [????]??BUFF?(Giant Rock Holy Shield), ??=Absorb Max HP|C:0x34E22C&T:20%|T:damage, ?????4840
[2026-06-14 02:42:44,364] [????]?????216, ?????1389769
[2026-06-14 02:42:44,364] (????,d1806f2b-c67b-4e48-8e65-e94548e56e23) ???0;????6949926/6949926
[2026-06-14 02:42:44,364] =========[Wailing Banshee]?????END??(Boss Ranged Attack)


[2026-06-14 02:42:44,485] ????????[ebc35acd-9d47-43c8-b6d6-2e231c80d600]->[bb89a40a-7c46-4bae-89ca-f98151904e69],?????[1201]
[2026-06-14 02:42:44,485] ??????????[?????,ebc35acd-9d47-43c8-b6d6-2e231c80d600]->[Wailing Banshee,bb89a40a-7c46-4bae-89ca-f98151904e69],?????[1201]

[2026-06-14 02:42:44,485] >>>>>[?????]?????BEGIN??(Fireball), ??=Single Target ATK, uses Magic's power to form a fireball, targeting Single target,deal|C:0x34E22C&T:100%+100|T:Magic Damage., ???Wailing Banshee, ?????2
[2026-06-14 02:42:44,485] >>>>>[?????]?????(Wailing Banshee), ????[10,12]; ????[16,12]
[2026-06-14 02:42:44,485] ?????????1
[2026-06-14 02:42:44,485] >>>>???(?????) -> (Wailing Banshee) ?????100, ?????100, ?????1, ??XP???false
[2026-06-14 02:42:44,485] ?????????(BUFF?)?hit:0,crit:0,critInjure:250,dodge:0,ignoreCrit:0,ignoreCritInjure:0,critBoss:250,critInjureBoss:0
[2026-06-14 02:42:44,485] ?????????(BUFF?)?hit:0,crit:0,critInjure:0,dodge:0,ignoreCrit:0,ignoreCritInjure:0,critBoss:0,critInjureBoss:0
[2026-06-14 02:42:44,485] ?????????(BUFF?)?hit:0,crit:0,critInjure:250,dodge:0,ignoreCrit:0,ignoreCritInjure:0,critBoss:250,critInjureBoss:0
[2026-06-14 02:42:44,485] ?????????(BUFF?)?hit:0,crit:0,critInjure:0,dodge:0,ignoreCrit:0,ignoreCritInjure:0,critBoss:0,critInjureBoss:0
[2026-06-14 02:42:44,485] ?????????(BUFF?)?maxPAtk:155998,maxPDef:88275,maxMDef:65856,ignorePDef:0,ignoreMDef:35218,injureAdd:100,injureIgnore:0,injureAddBoss:100
[2026-06-14 02:42:44,485] ?????????(BUFF?)?maxPAtk:8527,maxPDef:1712,maxMDef:1712,ignorePDef:0,ignoreMDef:0,injureAdd:0,injureIgnore:0,injureAddBoss:0
[2026-06-14 02:42:44,485] ?????????(BUFF?)?maxPAtk:155998,maxPDef:88275,maxMDef:65856,ignorePDef:0,ignoreMDef:35218,injureAdd:100,injureIgnore:0,injureAddBoss:100
[2026-06-14 02:42:44,485] ?????????(BUFF?)?maxPAtk:8527,maxPDef:1712,maxMDef:1712,ignorePDef:0,ignoreMDef:0,injureAdd:0,injureIgnore:0,injureAddBoss:0
[2026-06-14 02:42:44,485] ?????159217
[2026-06-14 02:42:44,485] ??????BUFF???159217
[2026-06-14 02:42:44,485] (Wailing Banshee,bb89a40a-7c46-4bae-89ca-f98151904e69) ???159217;????696783/856000
[2026-06-14 02:42:44,485] =========[?????]?????END??(Fireball)

[2026-06-14 02:42:44,624] ????????[????],posX=12,posY=12

[2026-06-14 02:42:44,763] ????????[bd0d352c-abdf-4576-a426-08b6080bd21e]->[bb89a40a-7c46-4bae-89ca-f98151904e69],?????[1201]
[2026-06-14 02:42:44,763] ??????????[Otherworld Elf Ruila,bd0d352c-abdf-4576-a426-08b6080bd21e]->[Wailing Banshee,bb89a40a-7c46-4bae-89ca-f98151904e69],?????[1201]

[2026-06-14 02:42:44,763] >>>>>[Otherworld Elf Ruila]?????BEGIN??(Fireball), ??=Single Target ATK, uses Magic's power to form a fireball, targeting Single target,deal|C:0x34E22C&T:100%+100|T:Magic Damage., ???Wailing Banshee, ?????2
[2026-06-14 02:42:44,763] >>>>>[Otherworld Elf Ruila]?????(Wailing Banshee), ????[10,12]; ????[16,12]
[2026-06-14 02:42:44,763] ?????????1
[2026-06-14 02:42:44,763] >>>>???(Otherworld Elf Ruila) -> (Wailing Banshee) ?????100, ?????100, ?????1, ??XP???false
[2026-06-14 02:42:44,763] ?????????(BUFF?)?hit:0,crit:0,critInjure:250,dodge:0,ignoreCrit:0,ignoreCritInjure:0,critBoss:250,critInjureBoss:0
[2026-06-14 02:42:44,763] ?????????(BUFF?)?hit:0,crit:0,critInjure:0,dodge:0,ignoreCrit:0,ignoreCritInjure:0,critBoss:0,critInjureBoss:0
[2026-06-14 02:42:44,763] ?????????(BUFF?)?hit:0,crit:0,critInjure:250,dodge:0,ignoreCrit:0,ignoreCritInjure:0,critBoss:250,critInjureBoss:0
[2026-06-14 02:42:44,763] ?????????(BUFF?)?hit:0,crit:0,critInjure:0,dodge:0,ignoreCrit:0,ignoreCritInjure:0,critBoss:0,critInjureBoss:0
[2026-06-14 02:42:44,763] ?????????(BUFF?)?maxPAtk:109807,maxPDef:68309,maxMDef:37615,ignorePDef:0,ignoreMDef:6887,injureAdd:0,injureIgnore:0,injureAddBoss:100
[2026-06-14 02:42:44,763] ?????????(BUFF?)?maxPAtk:8527,maxPDef:1712,maxMDef:1712,ignorePDef:0,ignoreMDef:0,injureAdd:0,injureIgnore:0,injureAddBoss:0
[2026-06-14 02:42:44,763] ?????????(BUFF?)?maxPAtk:109807,maxPDef:68309,maxMDef:37615,ignorePDef:0,ignoreMDef:6887,injureAdd:0,injureIgnore:0,injureAddBoss:100
[2026-06-14 02:42:44,763] ?????????(BUFF?)?maxPAtk:8527,maxPDef:1712,maxMDef:1712,ignorePDef:0,ignoreMDef:0,injureAdd:0,injureIgnore:0,injureAddBoss:0
[2026-06-14 02:42:44,763] ?????111005
[2026-06-14 02:42:44,763] ??????BUFF???111005
[2026-06-14 02:42:44,763] (Wailing Banshee,bb89a40a-7c46-4bae-89ca-f98151904e69) ???111005;????585778/856000
[2026-06-14 02:42:44,763] =========[Otherworld Elf Ruila]?????END??(Fireball)


[2026-06-14 02:42:44,834] ????????[65b226f4-3d1c-4a60-838c-6aa6fda1c644]->[bb89a40a-7c46-4bae-89ca-f98151904e69],?????[1201]
[2026-06-14 02:42:44,834] ??????????[?????,65b226f4-3d1c-4a60-838c-6aa6fda1c644]->[Wailing Banshee,bb89a40a-7c46-4bae-89ca-f98151904e69],?????[1201]

[2026-06-14 02:42:44,834] >>>>>[?????]?????BEGIN??(Fireball), ??=Single Target ATK, uses Magic's power to form a fireball, targeting Single target,deal|C:0x34E22C&T:100%+100|T:Magic Damage., ???Wailing Banshee, ?????2
[2026-06-14 02:42:44,834] >>>>>[?????]?????(Wailing Banshee), ????[10,12]; ????[16,12]
[2026-06-14 02:42:44,834] ?????????1
[2026-06-14 02:42:44,834] >>>>???(?????) -> (Wailing Banshee) ?????100, ?????100, ?????1, ??XP???false
[2026-06-14 02:42:44,834] ?????????(BUFF?)?hit:0,crit:0,critInjure:250,dodge:0,ignoreCrit:0,ignoreCritInjure:0,critBoss:250,critInjureBoss:0
[2026-06-14 02:42:44,834] ?????????(BUFF?)?hit:0,crit:0,critInjure:0,dodge:0,ignoreCrit:0,ignoreCritInjure:0,critBoss:0,critInjureBoss:0
[2026-06-14 02:42:44,834] ?????????(BUFF?)?hit:0,crit:0,critInjure:250,dodge:0,ignoreCrit:0,ignoreCritInjure:0,critBoss:250,critInjureBoss:0
[2026-06-14 02:42:44,834] ?????????(BUFF?)?hit:0,crit:0,critInjure:0,dodge:0,ignoreCrit:0,ignoreCritInjure:0,critBoss:0,critInjureBoss:0
[2026-06-14 02:42:44,834] ?????????(BUFF?)?maxPAtk:109532,maxPDef:64692,maxMDef:38977,ignorePDef:0,ignoreMDef:5809,injureAdd:0,injureIgnore:0,injureAddBoss:100
[2026-06-14 02:42:44,834] ?????????(BUFF?)?maxPAtk:8527,maxPDef:1712,maxMDef:1712,ignorePDef:0,ignoreMDef:0,injureAdd:0,injureIgnore:0,injureAddBoss:0
[2026-06-14 02:42:44,834] ?????????(BUFF?)?maxPAtk:109532,maxPDef:64692,maxMDef:38977,ignorePDef:0,ignoreMDef:5809,injureAdd:0,injureIgnore:0,injureAddBoss:100
[2026-06-14 02:42:44,834] ?????????(BUFF?)?maxPAtk:8527,maxPDef:1712,maxMDef:1712,ignorePDef:0,ignoreMDef:0,injureAdd:0,injureIgnore:0,injureAddBoss:0
[2026-06-14 02:42:44,834] ?????110727
[2026-06-14 02:42:44,834] ??????BUFF???110727
[2026-06-14 02:42:44,834] (Wailing Banshee,bb89a40a-7c46-4bae-89ca-f98151904e69) ???110727;????475051/856000
[2026-06-14 02:42:44,834] =========[?????]?????END??(Fireball)

[2026-06-14 02:42:44,942] ????????[????],posX=13,posY=11
[2026-06-14 02:42:45,292] ????????[????],posX=14,posY=11
[2026-06-14 02:42:45,357] (????) ???1200;????6949926/6949926

[2026-06-14 02:42:45,365] >>>>>[Wailing Banshee]?????BEGIN??(Boss Ranged Attack), ??=NormalATK, ???????, ?????6
[2026-06-14 02:42:45,365] >>>>>[Wailing Banshee]?????(????), ????[16,12]; ????[14,11]
[2026-06-14 02:42:45,365] ?????????1
[2026-06-14 02:42:45,365] >>>>???(Wailing Banshee) -> (????) ?????100, ?????0, ?????1, ??XP???false
[2026-06-14 02:42:45,365] ?????????(BUFF?)?hit:0,crit:0,critInjure:0,dodge:0,ignoreCrit:0,ignoreCritInjure:0,critBoss:0,critInjureBoss:0
[2026-06-14 02:42:45,365] ?????????(BUFF?)?hit:60,crit:288,critInjure:610,dodge:15,ignoreCrit:0,ignoreCritInjure:0,critBoss:250,critInjureBoss:0
[2026-06-14 02:42:45,365] [????]??BUFF?(Phantom), ??=increasesselfDodge Rateimproves |C:0x34E22C&T:40%|T:, for|C:0x34E22C&T:3|T:s, ?????1998
[2026-06-14 02:42:45,365] ?????????(BUFF?)?hit:0,crit:0,critInjure:0,dodge:0,ignoreCrit:0,ignoreCritInjure:0,critBoss:0,critInjureBoss:0
[2026-06-14 02:42:45,365] ?????????(BUFF?)?hit:60,crit:288,critInjure:610,dodge:4015,ignoreCrit:0,ignoreCritInjure:0,critBoss:250,critInjureBoss:0
[2026-06-14 02:42:45,365] ?????????(BUFF?)?maxPAtk:8527,maxPDef:1712,maxMDef:1712,ignorePDef:0,ignoreMDef:0,injureAdd:0,injureIgnore:0,injureAddBoss:0
[2026-06-14 02:42:45,365] ?????????(BUFF?)?maxPAtk:537036,maxPDef:320573,maxMDef:292686,ignorePDef:923,ignoreMDef:1836,injureAdd:0,injureIgnore:1000,injureAddBoss:100
[2026-06-14 02:42:45,365] ?????????(BUFF?)?maxPAtk:8527,maxPDef:1712,maxMDef:1712,ignorePDef:0,ignoreMDef:0,injureAdd:0,injureIgnore:0,injureAddBoss:0
[2026-06-14 02:42:45,365] ?????????(BUFF?)?maxPAtk:537036,maxPDef:320573,maxMDef:292686,ignorePDef:923,ignoreMDef:1836,injureAdd:0,injureIgnore:1000,injureAddBoss:100
[2026-06-14 02:42:45,365] ?????216
[2026-06-14 02:42:45,365] ??????BUFF???216
[2026-06-14 02:42:45,365] [????]??BUFF?(Giant Rock Holy Shield), ??=Absorb Max HP|C:0x34E22C&T:20%|T:damage, ?????3838
[2026-06-14 02:42:45,365] [????]?????216, ?????1389553
[2026-06-14 02:42:45,365] (????,d1806f2b-c67b-4e48-8e65-e94548e56e23) ???0;????6949926/6949926
[2026-06-14 02:42:45,365] =========[Wailing Banshee]?????END??(Boss Ranged Attack)


[2026-06-14 02:42:45,396] ????????[ebc35acd-9d47-43c8-b6d6-2e231c80d600]->[bb89a40a-7c46-4bae-89ca-f98151904e69],?????[1201]
[2026-06-14 02:42:45,396] ??????????[?????,ebc35acd-9d47-43c8-b6d6-2e231c80d600]->[Wailing Banshee,bb89a40a-7c46-4bae-89ca-f98151904e69],?????[1201]

[2026-06-14 02:42:45,396] >>>>>[?????]?????BEGIN??(Fireball), ??=Single Target ATK, uses Magic's power to form a fireball, targeting Single target,deal|C:0x34E22C&T:100%+100|T:Magic Damage., ???Wailing Banshee, ?????2
[2026-06-14 02:42:45,396] >>>>>[?????]?????(Wailing Banshee), ????[10,12]; ????[16,12]
[2026-06-14 02:42:45,396] ?????????1
[2026-06-14 02:42:45,396] >>>>???(?????) -> (Wailing Banshee) ?????100, ?????100, ?????1, ??XP???false
[2026-06-14 02:42:45,396] ?????????(BUFF?)?hit:0,crit:0,critInjure:250,dodge:0,ignoreCrit:0,ignoreCritInjure:0,critBoss:250,critInjureBoss:0
[2026-06-14 02:42:45,396] ?????????(BUFF?)?hit:0,crit:0,critInjure:0,dodge:0,ignoreCrit:0,ignoreCritInjure:0,critBoss:0,critInjureBoss:0
[2026-06-14 02:42:45,396] ?????????(BUFF?)?hit:0,crit:0,critInjure:250,dodge:0,ignoreCrit:0,ignoreCritInjure:0,critBoss:250,critInjureBoss:0
[2026-06-14 02:42:45,396] ?????????(BUFF?)?hit:0,crit:0,critInjure:0,dodge:0,ignoreCrit:0,ignoreCritInjure:0,critBoss:0,critInjureBoss:0
[2026-06-14 02:42:45,396] ?????????(BUFF?)?maxPAtk:155998,maxPDef:88275,maxMDef:65856,ignorePDef:0,ignoreMDef:35218,injureAdd:100,injureIgnore:0,injureAddBoss:100
[2026-06-14 02:42:45,396] ?????????(BUFF?)?maxPAtk:8527,maxPDef:1712,maxMDef:1712,ignorePDef:0,ignoreMDef:0,injureAdd:0,injureIgnore:0,injureAddBoss:0
[2026-06-14 02:42:45,396] ?????????(BUFF?)?maxPAtk:155998,maxPDef:88275,maxMDef:65856,ignorePDef:0,ignoreMDef:35218,injureAdd:100,injureIgnore:0,injureAddBoss:100
[2026-06-14 02:42:45,396] ?????????(BUFF?)?maxPAtk:8527,maxPDef:1712,maxMDef:1712,ignorePDef:0,ignoreMDef:0,injureAdd:0,injureIgnore:0,injureAddBoss:0
[2026-06-14 02:42:45,396] ?????159217
[2026-06-14 02:42:45,396] ??????BUFF???159217
[2026-06-14 02:42:45,396] (Wailing Banshee,bb89a40a-7c46-4bae-89ca-f98151904e69) ???159217;????315834/856000
[2026-06-14 02:42:45,396] =========[?????]?????END??(Fireball)


[2026-06-14 02:42:45,681] ????????[bd0d352c-abdf-4576-a426-08b6080bd21e]->[bb89a40a-7c46-4bae-89ca-f98151904e69],?????[1201]
[2026-06-14 02:42:45,681] ??????????[Otherworld Elf Ruila,bd0d352c-abdf-4576-a426-08b6080bd21e]->[Wailing Banshee,bb89a40a-7c46-4bae-89ca-f98151904e69],?????[1201]

[2026-06-14 02:42:45,681] >>>>>[Otherworld Elf Ruila]?????BEGIN??(Fireball), ??=Single Target ATK, uses Magic's power to form a fireball, targeting Single target,deal|C:0x34E22C&T:100%+100|T:Magic Damage., ???Wailing Banshee, ?????2
[2026-06-14 02:42:45,681] >>>>>[Otherworld Elf Ruila]?????(Wailing Banshee), ????[10,12]; ????[16,12]
[2026-06-14 02:42:45,681] ?????????1
[2026-06-14 02:42:45,681] >>>>???(Otherworld Elf Ruila) -> (Wailing Banshee) ?????100, ?????100, ?????1, ??XP???false
[2026-06-14 02:42:45,681] ?????????(BUFF?)?hit:0,crit:0,critInjure:250,dodge:0,ignoreCrit:0,ignoreCritInjure:0,critBoss:250,critInjureBoss:0
[2026-06-14 02:42:45,681] ?????????(BUFF?)?hit:0,crit:0,critInjure:0,dodge:0,ignoreCrit:0,ignoreCritInjure:0,critBoss:0,critInjureBoss:0
[2026-06-14 02:42:45,681] ?????????(BUFF?)?hit:0,crit:0,critInjure:250,dodge:0,ignoreCrit:0,ignoreCritInjure:0,critBoss:250,critInjureBoss:0
[2026-06-14 02:42:45,681] ?????????(BUFF?)?hit:0,crit:0,critInjure:0,dodge:0,ignoreCrit:0,ignoreCritInjure:0,critBoss:0,critInjureBoss:0
[2026-06-14 02:42:45,681] ?????????(BUFF?)?maxPAtk:109807,maxPDef:68309,maxMDef:37615,ignorePDef:0,ignoreMDef:6887,injureAdd:0,injureIgnore:0,injureAddBoss:100
[2026-06-14 02:42:45,681] ?????????(BUFF?)?maxPAtk:8527,maxPDef:1712,maxMDef:1712,ignorePDef:0,ignoreMDef:0,injureAdd:0,injureIgnore:0,injureAddBoss:0
[2026-06-14 02:42:45,681] ?????????(BUFF?)?maxPAtk:109807,maxPDef:68309,maxMDef:37615,ignorePDef:0,ignoreMDef:6887,injureAdd:0,injureIgnore:0,injureAddBoss:100
[2026-06-14 02:42:45,681] ?????????(BUFF?)?maxPAtk:8527,maxPDef:1712,maxMDef:1712,ignorePDef:0,ignoreMDef:0,injureAdd:0,injureIgnore:0,injureAddBoss:0
[2026-06-14 02:42:45,681] ?????111005
[2026-06-14 02:42:45,681] ??????BUFF???111005
[2026-06-14 02:42:45,681] (Wailing Banshee,bb89a40a-7c46-4bae-89ca-f98151904e69) ???111005;????204829/856000
[2026-06-14 02:42:45,681] =========[Otherworld Elf Ruila]?????END??(Fireball)


[2026-06-14 02:42:45,751] ????????[65b226f4-3d1c-4a60-838c-6aa6fda1c644]->[bb89a40a-7c46-4bae-89ca-f98151904e69],?????[1201]
[2026-06-14 02:42:45,751] ??????????[?????,65b226f4-3d1c-4a60-838c-6aa6fda1c644]->[Wailing Banshee,bb89a40a-7c46-4bae-89ca-f98151904e69],?????[1201]

[2026-06-14 02:42:45,751] >>>>>[?????]?????BEGIN??(Fireball), ??=Single Target ATK, uses Magic's power to form a fireball, targeting Single target,deal|C:0x34E22C&T:100%+100|T:Magic Damage., ???Wailing Banshee, ?????2
[2026-06-14 02:42:45,751] >>>>>[?????]?????(Wailing Banshee), ????[10,12]; ????[16,12]
[2026-06-14 02:42:45,751] ?????????1
[2026-06-14 02:42:45,751] >>>>???(?????) -> (Wailing Banshee) ?????100, ?????100, ?????1, ??XP???false
[2026-06-14 02:42:45,751] ?????????(BUFF?)?hit:0,crit:0,critInjure:250,dodge:0,ignoreCrit:0,ignoreCritInjure:0,critBoss:250,critInjureBoss:0
[2026-06-14 02:42:45,751] ?????????(BUFF?)?hit:0,crit:0,critInjure:0,dodge:0,ignoreCrit:0,ignoreCritInjure:0,critBoss:0,critInjureBoss:0
[2026-06-14 02:42:45,751] ?????????(BUFF?)?hit:0,crit:0,critInjure:250,dodge:0,ignoreCrit:0,ignoreCritInjure:0,critBoss:250,critInjureBoss:0
[2026-06-14 02:42:45,751] ?????????(BUFF?)?hit:0,crit:0,critInjure:0,dodge:0,ignoreCrit:0,ignoreCritInjure:0,critBoss:0,critInjureBoss:0
[2026-06-14 02:42:45,751] ?????????(BUFF?)?maxPAtk:109532,maxPDef:64692,maxMDef:38977,ignorePDef:0,ignoreMDef:5809,injureAdd:0,injureIgnore:0,injureAddBoss:100
[2026-06-14 02:42:45,751] ?????????(BUFF?)?maxPAtk:8527,maxPDef:1712,maxMDef:1712,ignorePDef:0,ignoreMDef:0,injureAdd:0,injureIgnore:0,injureAddBoss:0
[2026-06-14 02:42:45,751] ?????????(BUFF?)?maxPAtk:109532,maxPDef:64692,maxMDef:38977,ignorePDef:0,ignoreMDef:5809,injureAdd:0,injureIgnore:0,injureAddBoss:100
[2026-06-14 02:42:45,751] ?????????(BUFF?)?maxPAtk:8527,maxPDef:1712,maxMDef:1712,ignorePDef:0,ignoreMDef:0,injureAdd:0,injureIgnore:0,injureAddBoss:0
[2026-06-14 02:42:45,751] ??~~
[2026-06-14 02:42:45,751] ?????168806
[2026-06-14 02:42:45,751] ??????BUFF???168806
[2026-06-14 02:42:45,751] (Wailing Banshee,bb89a40a-7c46-4bae-89ca-f98151904e69) ???168806;????36023/856000
[2026-06-14 02:42:45,751] =========[?????]?????END??(Fireball)


[2026-06-14 02:42:46,315] ????????[d1806f2b-c67b-4e48-8e65-e94548e56e23]->[bb89a40a-7c46-4bae-89ca-f98151904e69],?????[7]
[2026-06-14 02:42:46,315] ??????????[????,d1806f2b-c67b-4e48-8e65-e94548e56e23]->[Wailing Banshee,bb89a40a-7c46-4bae-89ca-f98151904e69],?????[7]

[2026-06-14 02:42:46,315] >>>>>[????]?????BEGIN??(Thunder Blast), ??=Single Target ATK, targets Ranged Single target, dealing|C:0x34E22C&T:100%+{0}|T:Magic Damage, ???Wailing Banshee, ?????2
[2026-06-14 02:42:46,315] >>>>>[????]?????(Wailing Banshee), ????[14,11]; ????[16,12]
[2026-06-14 02:42:46,315] ?????????1
[2026-06-14 02:42:46,315] >>>>???(????) -> (Wailing Banshee) ?????100, ?????8100, ?????1, ??XP???false
[2026-06-14 02:42:46,315] ?????????(BUFF?)?hit:60,crit:288,critInjure:610,dodge:15,ignoreCrit:0,ignoreCritInjure:0,critBoss:250,critInjureBoss:0
[2026-06-14 02:42:46,315] ?????????(BUFF?)?hit:0,crit:0,critInjure:0,dodge:0,ignoreCrit:0,ignoreCritInjure:0,critBoss:0,critInjureBoss:0
[2026-06-14 02:42:46,315] ?????????(BUFF?)?hit:60,crit:288,critInjure:610,dodge:15,ignoreCrit:0,ignoreCritInjure:0,critBoss:250,critInjureBoss:0
[2026-06-14 02:42:46,315] ?????????(BUFF?)?hit:0,crit:0,critInjure:0,dodge:0,ignoreCrit:0,ignoreCritInjure:0,critBoss:0,critInjureBoss:0
[2026-06-14 02:42:46,315] ?????????(BUFF?)?maxPAtk:537036,maxPDef:320573,maxMDef:292686,ignorePDef:923,ignoreMDef:1836,injureAdd:0,injureIgnore:1000,injureAddBoss:100
[2026-06-14 02:42:46,315] ?????????(BUFF?)?maxPAtk:8527,maxPDef:1712,maxMDef:1712,ignorePDef:0,ignoreMDef:0,injureAdd:0,injureIgnore:0,injureAddBoss:0
[2026-06-14 02:42:46,315] ?????????(BUFF?)?maxPAtk:537036,maxPDef:320573,maxMDef:292686,ignorePDef:923,ignoreMDef:1836,injureAdd:0,injureIgnore:1000,injureAddBoss:100
[2026-06-14 02:42:46,315] ?????????(BUFF?)?maxPAtk:8527,maxPDef:1712,maxMDef:1712,ignorePDef:0,ignoreMDef:0,injureAdd:0,injureIgnore:0,injureAddBoss:0
[2026-06-14 02:42:46,315] ??~~
[2026-06-14 02:42:46,315] ?????854796
[2026-06-14 02:42:46,315] ??????BUFF???854796
[2026-06-14 02:42:46,315] (Wailing Banshee,bb89a40a-7c46-4bae-89ca-f98151904e69) ???854796;????0/856000
[2026-06-14 02:42:46,315] ???(????,d1806f2b-c67b-4e48-8e65-e94548e56e23) ??????: objectId=bb89a40a-7c46-4bae-89ca-f98151904e69,status=0
[2026-06-14 02:42:46,317] (Wailing Banshee,bb89a40a-7c46-4bae-89ca-f98151904e69) ?????1781376166317
[2026-06-14 02:42:46,317] =========[????]?????END??(Thunder Blast)

[2026-06-14 02:42:46,317] ?canControlObject??????????name=[????]
