[2026-06-14 02:28:22,624] ?Nightmare Lamassu?????????????
[2026-06-14 02:28:22,624] [????]??BUFF?(Giant Rock Holy Shield[3201])
[2026-06-14 02:28:22,625] (????) ???1200;????6949926/6949926

[2026-06-14 02:28:23,407] ????????[ebc35acd-9d47-43c8-b6d6-2e231c80d600]->[b9cb5508-4ffd-4770-82df-a8bef63b23eb],?????[1201]
[2026-06-14 02:28:23,407] ??????????[?????,ebc35acd-9d47-43c8-b6d6-2e231c80d600]->[Nightmare Lamassu,b9cb5508-4ffd-4770-82df-a8bef63b23eb],?????[1201]

[2026-06-14 02:28:23,407] >>>>>[?????]?????BEGIN??(Fireball), ??=Single Target ATK, uses Magic's power to form a fireball, targeting Single target,deal|C:0x34E22C&T:100%+100|T:Magic Damage., ???Nightmare Lamassu, ?????2
[2026-06-14 02:28:23,407] >>>>>[?????]?????(Nightmare Lamassu), ????[9,13]; ????[14,14]
[2026-06-14 02:28:23,407] ?????????1
[2026-06-14 02:28:23,407] >>>>???(?????) -> (Nightmare Lamassu) ?????100, ?????100, ?????1, ??XP???false
[2026-06-14 02:28:23,407] ?????????(BUFF?)?hit:0,crit:0,critInjure:250,dodge:0,ignoreCrit:0,ignoreCritInjure:0,critBoss:250,critInjureBoss:0
[2026-06-14 02:28:23,407] ?????????(BUFF?)?hit:0,crit:0,critInjure:0,dodge:0,ignoreCrit:0,ignoreCritInjure:0,critBoss:0,critInjureBoss:0
[2026-06-14 02:28:23,407] ?????????(BUFF?)?hit:0,crit:0,critInjure:250,dodge:0,ignoreCrit:0,ignoreCritInjure:0,critBoss:250,critInjureBoss:0
[2026-06-14 02:28:23,407] ?????????(BUFF?)?hit:0,crit:0,critInjure:0,dodge:0,ignoreCrit:0,ignoreCritInjure:0,critBoss:0,critInjureBoss:0
[2026-06-14 02:28:23,407] ?????????(BUFF?)?maxPAtk:155688,maxPDef:88198,maxMDef:65660,ignorePDef:0,ignoreMDef:35063,injureAdd:100,injureIgnore:0,injureAddBoss:100
[2026-06-14 02:28:23,407] ?????????(BUFF?)?maxPAtk:6929,maxPDef:1308,maxMDef:1308,ignorePDef:0,ignoreMDef:0,injureAdd:0,injureIgnore:0,injureAddBoss:0
[2026-06-14 02:28:23,407] ?????????(BUFF?)?maxPAtk:155688,maxPDef:88198,maxMDef:65660,ignorePDef:0,ignoreMDef:35063,injureAdd:100,injureIgnore:0,injureAddBoss:100
[2026-06-14 02:28:23,407] ?????????(BUFF?)?maxPAtk:6929,maxPDef:1308,maxMDef:1308,ignorePDef:0,ignoreMDef:0,injureAdd:0,injureIgnore:0,injureAddBoss:0
[2026-06-14 02:28:23,407] ?????158901
[2026-06-14 02:28:23,407] ??????BUFF???158901
[2026-06-14 02:28:23,407] (Nightmare Lamassu,b9cb5508-4ffd-4770-82df-a8bef63b23eb) ???158901;????495099/654000
[2026-06-14 02:28:23,407] =========[?????]?????END??(Fireball)


[2026-06-14 02:28:23,473] ????????[d1806f2b-c67b-4e48-8e65-e94548e56e23]->[b9cb5508-4ffd-4770-82df-a8bef63b23eb],?????[9]
[2026-06-14 02:28:23,473] ??????????[????,d1806f2b-c67b-4e48-8e65-e94548e56e23]->[Nightmare Lamassu,b9cb5508-4ffd-4770-82df-a8bef63b23eb],?????[9]

[2026-06-14 02:28:23,473] >>>>>[????]?????BEGIN??(Giant Rock Holy Shield), ??=Support Skill, applies Shield Reduction of|C:0x34E22C&T:20%|T: damage value, for|C:0x34E22C&T:5|T:s, upon breaking, targets surrounding enemies, dealing|C:0x34E22C&T:120%+{0}|T:Magic Damage, ???????, ?????0
[2026-06-14 02:28:23,473] [????]??BUFF?(Giant Rock Holy Shield[3201]), ????=5000, ??=2000
[2026-06-14 02:28:23,473] [????]?????1389985
[2026-06-14 02:28:23,473] =========[????]???????????(Giant Rock Holy Shield)

[2026-06-14 02:28:23,573] ????????[????],posX=10,posY=13
[2026-06-14 02:28:23,624] (????) ???1200;????6949926/6949926

[2026-06-14 02:28:23,740] ????????[bd0d352c-abdf-4576-a426-08b6080bd21e]->[b9cb5508-4ffd-4770-82df-a8bef63b23eb],?????[1201]
[2026-06-14 02:28:23,740] ??????????[Otherworld Elf Ruila,bd0d352c-abdf-4576-a426-08b6080bd21e]->[Nightmare Lamassu,b9cb5508-4ffd-4770-82df-a8bef63b23eb],?????[1201]

[2026-06-14 02:28:23,740] >>>>>[Otherworld Elf Ruila]?????BEGIN??(Fireball), ??=Single Target ATK, uses Magic's power to form a fireball, targeting Single target,deal|C:0x34E22C&T:100%+100|T:Magic Damage., ???Nightmare Lamassu, ?????2
[2026-06-14 02:28:23,740] >>>>>[Otherworld Elf Ruila]?????(Nightmare Lamassu), ????[9,13]; ????[14,14]
[2026-06-14 02:28:23,740] ?????????1
[2026-06-14 02:28:23,740] >>>>???(Otherworld Elf Ruila) -> (Nightmare Lamassu) ?????100, ?????100, ?????1, ??XP???false
[2026-06-14 02:28:23,740] ?????????(BUFF?)?hit:0,crit:0,critInjure:250,dodge:0,ignoreCrit:0,ignoreCritInjure:0,critBoss:250,critInjureBoss:0
[2026-06-14 02:28:23,740] ?????????(BUFF?)?hit:0,crit:0,critInjure:0,dodge:0,ignoreCrit:0,ignoreCritInjure:0,critBoss:0,critInjureBoss:0
[2026-06-14 02:28:23,740] ?????????(BUFF?)?hit:0,crit:0,critInjure:250,dodge:0,ignoreCrit:0,ignoreCritInjure:0,critBoss:250,critInjureBoss:0
[2026-06-14 02:28:23,740] ?????????(BUFF?)?hit:0,crit:0,critInjure:0,dodge:0,ignoreCrit:0,ignoreCritInjure:0,critBoss:0,critInjureBoss:0
[2026-06-14 02:28:23,740] ?????????(BUFF?)?maxPAtk:109807,maxPDef:68309,maxMDef:37615,ignorePDef:0,ignoreMDef:6887,injureAdd:0,injureIgnore:0,injureAddBoss:100
[2026-06-14 02:28:23,740] ?????????(BUFF?)?maxPAtk:6929,maxPDef:1308,maxMDef:1308,ignorePDef:0,ignoreMDef:0,injureAdd:0,injureIgnore:0,injureAddBoss:0
[2026-06-14 02:28:23,740] ?????????(BUFF?)?maxPAtk:109807,maxPDef:68309,maxMDef:37615,ignorePDef:0,ignoreMDef:6887,injureAdd:0,injureIgnore:0,injureAddBoss:100
[2026-06-14 02:28:23,740] ?????????(BUFF?)?maxPAtk:6929,maxPDef:1308,maxMDef:1308,ignorePDef:0,ignoreMDef:0,injureAdd:0,injureIgnore:0,injureAddBoss:0
[2026-06-14 02:28:23,740] ?????111005
[2026-06-14 02:28:23,740] ??????BUFF???111005
[2026-06-14 02:28:23,740] (Nightmare Lamassu,b9cb5508-4ffd-4770-82df-a8bef63b23eb) ???111005;????384094/654000
[2026-06-14 02:28:23,740] =========[Otherworld Elf Ruila]?????END??(Fireball)


[2026-06-14 02:28:23,773] ????????[65b226f4-3d1c-4a60-838c-6aa6fda1c644]->[b9cb5508-4ffd-4770-82df-a8bef63b23eb],?????[1201]
[2026-06-14 02:28:23,773] ??????????[?????,65b226f4-3d1c-4a60-838c-6aa6fda1c644]->[Nightmare Lamassu,b9cb5508-4ffd-4770-82df-a8bef63b23eb],?????[1201]

[2026-06-14 02:28:23,773] >>>>>[?????]?????BEGIN??(Fireball), ??=Single Target ATK, uses Magic's power to form a fireball, targeting Single target,deal|C:0x34E22C&T:100%+100|T:Magic Damage., ???Nightmare Lamassu, ?????2
[2026-06-14 02:28:23,773] >>>>>[?????]?????(Nightmare Lamassu), ????[9,13]; ????[14,14]
[2026-06-14 02:28:23,773] ?????????1
[2026-06-14 02:28:23,773] >>>>???(?????) -> (Nightmare Lamassu) ?????100, ?????100, ?????1, ??XP???false
[2026-06-14 02:28:23,773] ?????????(BUFF?)?hit:0,crit:0,critInjure:250,dodge:0,ignoreCrit:0,ignoreCritInjure:0,critBoss:250,critInjureBoss:0
[2026-06-14 02:28:23,773] ?????????(BUFF?)?hit:0,crit:0,critInjure:0,dodge:0,ignoreCrit:0,ignoreCritInjure:0,critBoss:0,critInjureBoss:0
[2026-06-14 02:28:23,773] ?????????(BUFF?)?hit:0,crit:0,critInjure:250,dodge:0,ignoreCrit:0,ignoreCritInjure:0,critBoss:250,critInjureBoss:0
[2026-06-14 02:28:23,773] ?????????(BUFF?)?hit:0,crit:0,critInjure:0,dodge:0,ignoreCrit:0,ignoreCritInjure:0,critBoss:0,critInjureBoss:0
[2026-06-14 02:28:23,773] ?????????(BUFF?)?maxPAtk:109532,maxPDef:64692,maxMDef:38977,ignorePDef:0,ignoreMDef:5809,injureAdd:0,injureIgnore:0,injureAddBoss:100
[2026-06-14 02:28:23,773] ?????????(BUFF?)?maxPAtk:6929,maxPDef:1308,maxMDef:1308,ignorePDef:0,ignoreMDef:0,injureAdd:0,injureIgnore:0,injureAddBoss:0
[2026-06-14 02:28:23,773] ?????????(BUFF?)?maxPAtk:109532,maxPDef:64692,maxMDef:38977,ignorePDef:0,ignoreMDef:5809,injureAdd:0,injureIgnore:0,injureAddBoss:100
[2026-06-14 02:28:23,773] ?????????(BUFF?)?maxPAtk:6929,maxPDef:1308,maxMDef:1308,ignorePDef:0,ignoreMDef:0,injureAdd:0,injureIgnore:0,injureAddBoss:0
[2026-06-14 02:28:23,773] ?????110727
[2026-06-14 02:28:23,773] ??????BUFF???110727
[2026-06-14 02:28:23,773] (Nightmare Lamassu,b9cb5508-4ffd-4770-82df-a8bef63b23eb) ???110727;????273367/654000
[2026-06-14 02:28:23,773] =========[?????]?????END??(Fireball)

[2026-06-14 02:28:23,897] ????????[????],posX=11,posY=12
[2026-06-14 02:28:24,258] ????????[????],posX=12,posY=13

[2026-06-14 02:28:24,324] ????????[ebc35acd-9d47-43c8-b6d6-2e231c80d600]->[b9cb5508-4ffd-4770-82df-a8bef63b23eb],?????[1201]
[2026-06-14 02:28:24,324] ??????????[?????,ebc35acd-9d47-43c8-b6d6-2e231c80d600]->[Nightmare Lamassu,b9cb5508-4ffd-4770-82df-a8bef63b23eb],?????[1201]

[2026-06-14 02:28:24,324] >>>>>[?????]?????BEGIN??(Fireball), ??=Single Target ATK, uses Magic's power to form a fireball, targeting Single target,deal|C:0x34E22C&T:100%+100|T:Magic Damage., ???Nightmare Lamassu, ?????2
[2026-06-14 02:28:24,324] >>>>>[?????]?????(Nightmare Lamassu), ????[9,13]; ????[14,14]
[2026-06-14 02:28:24,325] ?????????1
[2026-06-14 02:28:24,325] >>>>???(?????) -> (Nightmare Lamassu) ?????100, ?????100, ?????1, ??XP???false
[2026-06-14 02:28:24,325] ?????????(BUFF?)?hit:0,crit:0,critInjure:250,dodge:0,ignoreCrit:0,ignoreCritInjure:0,critBoss:250,critInjureBoss:0
[2026-06-14 02:28:24,325] ?????????(BUFF?)?hit:0,crit:0,critInjure:0,dodge:0,ignoreCrit:0,ignoreCritInjure:0,critBoss:0,critInjureBoss:0
[2026-06-14 02:28:24,325] ?????????(BUFF?)?hit:0,crit:0,critInjure:250,dodge:0,ignoreCrit:0,ignoreCritInjure:0,critBoss:250,critInjureBoss:0
[2026-06-14 02:28:24,325] ?????????(BUFF?)?hit:0,crit:0,critInjure:0,dodge:0,ignoreCrit:0,ignoreCritInjure:0,critBoss:0,critInjureBoss:0
[2026-06-14 02:28:24,325] ?????????(BUFF?)?maxPAtk:155688,maxPDef:88198,maxMDef:65660,ignorePDef:0,ignoreMDef:35063,injureAdd:100,injureIgnore:0,injureAddBoss:100
[2026-06-14 02:28:24,325] ?????????(BUFF?)?maxPAtk:6929,maxPDef:1308,maxMDef:1308,ignorePDef:0,ignoreMDef:0,injureAdd:0,injureIgnore:0,injureAddBoss:0
[2026-06-14 02:28:24,325] ?????????(BUFF?)?maxPAtk:155688,maxPDef:88198,maxMDef:65660,ignorePDef:0,ignoreMDef:35063,injureAdd:100,injureIgnore:0,injureAddBoss:100
[2026-06-14 02:28:24,325] ?????????(BUFF?)?maxPAtk:6929,maxPDef:1308,maxMDef:1308,ignorePDef:0,ignoreMDef:0,injureAdd:0,injureIgnore:0,injureAddBoss:0
[2026-06-14 02:28:24,325] ?????158901
[2026-06-14 02:28:24,325] ??????BUFF???158901
[2026-06-14 02:28:24,325] (Nightmare Lamassu,b9cb5508-4ffd-4770-82df-a8bef63b23eb) ???158901;????114466/654000
[2026-06-14 02:28:24,325] =========[?????]?????END??(Fireball)


[2026-06-14 02:28:24,575] >>>>>[Nightmare Lamassu]?????BEGIN??(Boss Melee Attack), ??=NormalATK, ???????, ?????4
[2026-06-14 02:28:24,575] >>>>>[Nightmare Lamassu]?????(????), ????[14,14]; ????[12,13]
[2026-06-14 02:28:24,575] ?????????1
[2026-06-14 02:28:24,575] >>>>???(Nightmare Lamassu) -> (????) ?????100, ?????0, ?????0, ??XP???false
[2026-06-14 02:28:24,576] ?????????(BUFF?)?hit:0,crit:0,critInjure:0,dodge:0,ignoreCrit:0,ignoreCritInjure:0,critBoss:0,critInjureBoss:0
[2026-06-14 02:28:24,576] ?????????(BUFF?)?hit:60,crit:288,critInjure:610,dodge:15,ignoreCrit:0,ignoreCritInjure:0,critBoss:250,critInjureBoss:0
[2026-06-14 02:28:24,576] ?????????(BUFF?)?hit:0,crit:0,critInjure:0,dodge:0,ignoreCrit:0,ignoreCritInjure:0,critBoss:0,critInjureBoss:0
[2026-06-14 02:28:24,576] ?????????(BUFF?)?hit:60,crit:288,critInjure:610,dodge:15,ignoreCrit:0,ignoreCritInjure:0,critBoss:250,critInjureBoss:0
[2026-06-14 02:28:24,576] ?????????(BUFF?)?maxPAtk:6929,maxPDef:1308,maxMDef:1308,ignorePDef:0,ignoreMDef:0,injureAdd:0,injureIgnore:0,injureAddBoss:0
[2026-06-14 02:28:24,576] ?????????(BUFF?)?maxPAtk:537036,maxPDef:320573,maxMDef:292686,ignorePDef:923,ignoreMDef:1836,injureAdd:0,injureIgnore:1000,injureAddBoss:100
[2026-06-14 02:28:24,576] [????]???????(Wing Strike), ??=1000, buffStr=602011, ???????
[2026-06-14 02:28:24,576] [????]??BUFF?(Wing Strike[2302]), ????=0, ??=10000
[2026-06-14 02:28:24,576] ?????????(BUFF?)?maxPAtk:6929,maxPDef:1308,maxMDef:1308,ignorePDef:0,ignoreMDef:0,injureAdd:0,injureIgnore:0,injureAddBoss:0
[2026-06-14 02:28:24,576] ?????????(BUFF?)?maxPAtk:537036,maxPDef:320573,maxMDef:292686,ignorePDef:923,ignoreMDef:1836,injureAdd:0,injureIgnore:1000,injureAddBoss:100
[2026-06-14 02:28:24,576] ?????131
[2026-06-14 02:28:24,576] ??????BUFF???131
[2026-06-14 02:28:24,576] [????]??BUFF?(Giant Rock Holy Shield), ??=Absorb Max HP|C:0x34E22C&T:20%|T:damage, ?????3897
[2026-06-14 02:28:24,577] [????]?????131, ?????1389854
[2026-06-14 02:28:24,577] (????,d1806f2b-c67b-4e48-8e65-e94548e56e23) ???0;????6949926/6949926
[2026-06-14 02:28:24,577] [????]??BUFF?(Wing Strike[2302])
[2026-06-14 02:28:24,577] [????]??BUFF?(Wing Strike), ??=deal|C:0x34E22C&T:10000|T: ptscounterattack damage, ?????-1
[2026-06-14 02:28:24,577] (Nightmare Lamassu,b9cb5508-4ffd-4770-82df-a8bef63b23eb) ???10000;????104466/654000
[2026-06-14 02:28:24,577] =========[Nightmare Lamassu]?????END??(Boss Melee Attack)

[2026-06-14 02:28:24,628] (????) ???1200;????6949926/6949926

[2026-06-14 02:28:24,673] ????????[bd0d352c-abdf-4576-a426-08b6080bd21e]->[b9cb5508-4ffd-4770-82df-a8bef63b23eb],?????[1201]
[2026-06-14 02:28:24,673] ??????????[Otherworld Elf Ruila,bd0d352c-abdf-4576-a426-08b6080bd21e]->[Nightmare Lamassu,b9cb5508-4ffd-4770-82df-a8bef63b23eb],?????[1201]

[2026-06-14 02:28:24,673] >>>>>[Otherworld Elf Ruila]?????BEGIN??(Fireball), ??=Single Target ATK, uses Magic's power to form a fireball, targeting Single target,deal|C:0x34E22C&T:100%+100|T:Magic Damage., ???Nightmare Lamassu, ?????2
[2026-06-14 02:28:24,673] >>>>>[Otherworld Elf Ruila]?????(Nightmare Lamassu), ????[9,13]; ????[14,14]
[2026-06-14 02:28:24,673] ?????????1
[2026-06-14 02:28:24,673] >>>>???(Otherworld Elf Ruila) -> (Nightmare Lamassu) ?????100, ?????100, ?????1, ??XP???false
[2026-06-14 02:28:24,673] ?????????(BUFF?)?hit:0,crit:0,critInjure:250,dodge:0,ignoreCrit:0,ignoreCritInjure:0,critBoss:250,critInjureBoss:0
[2026-06-14 02:28:24,673] ?????????(BUFF?)?hit:0,crit:0,critInjure:0,dodge:0,ignoreCrit:0,ignoreCritInjure:0,critBoss:0,critInjureBoss:0
[2026-06-14 02:28:24,673] ?????????(BUFF?)?hit:0,crit:0,critInjure:250,dodge:0,ignoreCrit:0,ignoreCritInjure:0,critBoss:250,critInjureBoss:0
[2026-06-14 02:28:24,673] ?????????(BUFF?)?hit:0,crit:0,critInjure:0,dodge:0,ignoreCrit:0,ignoreCritInjure:0,critBoss:0,critInjureBoss:0
[2026-06-14 02:28:24,673] ?????????(BUFF?)?maxPAtk:109807,maxPDef:68309,maxMDef:37615,ignorePDef:0,ignoreMDef:6887,injureAdd:0,injureIgnore:0,injureAddBoss:100
[2026-06-14 02:28:24,673] ?????????(BUFF?)?maxPAtk:6929,maxPDef:1308,maxMDef:1308,ignorePDef:0,ignoreMDef:0,injureAdd:0,injureIgnore:0,injureAddBoss:0
[2026-06-14 02:28:24,673] ?????????(BUFF?)?maxPAtk:109807,maxPDef:68309,maxMDef:37615,ignorePDef:0,ignoreMDef:6887,injureAdd:0,injureIgnore:0,injureAddBoss:100
[2026-06-14 02:28:24,673] ?????????(BUFF?)?maxPAtk:6929,maxPDef:1308,maxMDef:1308,ignorePDef:0,ignoreMDef:0,injureAdd:0,injureIgnore:0,injureAddBoss:0
[2026-06-14 02:28:24,673] ?????111005
[2026-06-14 02:28:24,673] ??????BUFF???111005
[2026-06-14 02:28:24,673] (Nightmare Lamassu,b9cb5508-4ffd-4770-82df-a8bef63b23eb) ???111005;????0/654000
[2026-06-14 02:28:24,673] ???(????,d1806f2b-c67b-4e48-8e65-e94548e56e23) ??????: objectId=b9cb5508-4ffd-4770-82df-a8bef63b23eb,status=0
[2026-06-14 02:28:24,675] (Nightmare Lamassu,b9cb5508-4ffd-4770-82df-a8bef63b23eb) ?????1781375304675
[2026-06-14 02:28:24,675] =========[Otherworld Elf Ruila]?????END??(Fireball)

[2026-06-14 02:28:24,708] ?canControlObject??????????name=[????]
[2026-06-14 02:28:25,307] ?canControlObject??????????name=[????]
