[2026-06-14 02:37:00,951] ?Spider?????????????
[2026-06-14 02:37:00,951] [????]??BUFF?(Giant Rock Holy Shield[3201])
[2026-06-14 02:37:00,951] [????]??BUFF?(Chase Strike[9008])
[2026-06-14 02:37:00,951] (????) ???1200;????6949926/6949926

[2026-06-14 02:37:01,809] ????????[d1806f2b-c67b-4e48-8e65-e94548e56e23]->[ba531fc2-955d-4fa2-a146-bf9c7938650e],?????[9]
[2026-06-14 02:37:01,809] ??????????[????,d1806f2b-c67b-4e48-8e65-e94548e56e23]->[Spider,ba531fc2-955d-4fa2-a146-bf9c7938650e],?????[9]

[2026-06-14 02:37:01,809] >>>>>[????]?????BEGIN??(Giant Rock Holy Shield), ??=Support Skill, applies Shield Reduction of|C:0x34E22C&T:20%|T: damage value, for|C:0x34E22C&T:5|T:s, upon breaking, targets surrounding enemies, dealing|C:0x34E22C&T:120%+{0}|T:Magic Damage, ???????, ?????0
[2026-06-14 02:37:01,809] [????]??BUFF?(Giant Rock Holy Shield[3201]), ????=5000, ??=2000
[2026-06-14 02:37:01,809] [????]?????1389985
[2026-06-14 02:37:01,809] =========[????]???????????(Giant Rock Holy Shield)

[2026-06-14 02:37:01,914] ????????[????],posX=18,posY=27
[2026-06-14 02:37:01,952] (????) ???1200;????6949926/6949926

[2026-06-14 02:37:02,055] ????????[bd0d352c-abdf-4576-a426-08b6080bd21e]->[ba531fc2-955d-4fa2-a146-bf9c7938650e],?????[1201]
[2026-06-14 02:37:02,055] ??????????[Otherworld Elf Ruila,bd0d352c-abdf-4576-a426-08b6080bd21e]->[Spider,ba531fc2-955d-4fa2-a146-bf9c7938650e],?????[1201]

[2026-06-14 02:37:02,055] >>>>>[Otherworld Elf Ruila]?????BEGIN??(Fireball), ??=Single Target ATK, uses Magic's power to form a fireball, targeting Single target,deal|C:0x34E22C&T:100%+100|T:Magic Damage., ???Spider, ?????2
[2026-06-14 02:37:02,055] >>>>>[Otherworld Elf Ruila]?????(Spider), ????[17,27]; ????[22,27]
[2026-06-14 02:37:02,055] ?????????1
[2026-06-14 02:37:02,055] >>>>???(Otherworld Elf Ruila) -> (Spider) ?????100, ?????100, ?????1, ??XP???false
[2026-06-14 02:37:02,055] ?????????(BUFF?)?hit:0,crit:0,critInjure:250,dodge:0,ignoreCrit:0,ignoreCritInjure:0,critBoss:250,critInjureBoss:0
[2026-06-14 02:37:02,055] ?????????(BUFF?)?hit:0,crit:0,critInjure:0,dodge:0,ignoreCrit:0,ignoreCritInjure:0,critBoss:0,critInjureBoss:0
[2026-06-14 02:37:02,055] ?????????(BUFF?)?hit:0,crit:0,critInjure:250,dodge:0,ignoreCrit:0,ignoreCritInjure:0,critBoss:250,critInjureBoss:0
[2026-06-14 02:37:02,055] ?????????(BUFF?)?hit:0,crit:0,critInjure:0,dodge:0,ignoreCrit:0,ignoreCritInjure:0,critBoss:0,critInjureBoss:0
[2026-06-14 02:37:02,055] ?????????(BUFF?)?maxPAtk:109807,maxPDef:68309,maxMDef:37615,ignorePDef:0,ignoreMDef:6887,injureAdd:0,injureIgnore:0,injureAddBoss:100
[2026-06-14 02:37:02,055] ?????????(BUFF?)?maxPAtk:7927,maxPDef:1558,maxMDef:1558,ignorePDef:0,ignoreMDef:0,injureAdd:0,injureIgnore:0,injureAddBoss:0
[2026-06-14 02:37:02,055] ?????????(BUFF?)?maxPAtk:109807,maxPDef:68309,maxMDef:37615,ignorePDef:0,ignoreMDef:6887,injureAdd:0,injureIgnore:0,injureAddBoss:100
[2026-06-14 02:37:02,055] ?????????(BUFF?)?maxPAtk:7927,maxPDef:1558,maxMDef:1558,ignorePDef:0,ignoreMDef:0,injureAdd:0,injureIgnore:0,injureAddBoss:0
[2026-06-14 02:37:02,055] ?????111005
[2026-06-14 02:37:02,055] ??????BUFF???111005
[2026-06-14 02:37:02,055] (Spider,ba531fc2-955d-4fa2-a146-bf9c7938650e) ???111005;????667995/779000
[2026-06-14 02:37:02,055] =========[Otherworld Elf Ruila]?????END??(Fireball)


[2026-06-14 02:37:02,089] ????????[ebc35acd-9d47-43c8-b6d6-2e231c80d600]->[ba531fc2-955d-4fa2-a146-bf9c7938650e],?????[1201]
[2026-06-14 02:37:02,089] ??????????[?????,ebc35acd-9d47-43c8-b6d6-2e231c80d600]->[Spider,ba531fc2-955d-4fa2-a146-bf9c7938650e],?????[1201]

[2026-06-14 02:37:02,089] >>>>>[?????]?????BEGIN??(Fireball), ??=Single Target ATK, uses Magic's power to form a fireball, targeting Single target,deal|C:0x34E22C&T:100%+100|T:Magic Damage., ???Spider, ?????2
[2026-06-14 02:37:02,089] >>>>>[?????]?????(Spider), ????[17,27]; ????[22,27]
[2026-06-14 02:37:02,089] ?????????1
[2026-06-14 02:37:02,089] >>>>???(?????) -> (Spider) ?????100, ?????100, ?????1, ??XP???false
[2026-06-14 02:37:02,089] ?????????(BUFF?)?hit:0,crit:0,critInjure:250,dodge:0,ignoreCrit:0,ignoreCritInjure:0,critBoss:250,critInjureBoss:0
[2026-06-14 02:37:02,089] ?????????(BUFF?)?hit:0,crit:0,critInjure:0,dodge:0,ignoreCrit:0,ignoreCritInjure:0,critBoss:0,critInjureBoss:0
[2026-06-14 02:37:02,089] ?????????(BUFF?)?hit:0,crit:0,critInjure:250,dodge:0,ignoreCrit:0,ignoreCritInjure:0,critBoss:250,critInjureBoss:0
[2026-06-14 02:37:02,089] ?????????(BUFF?)?hit:0,crit:0,critInjure:0,dodge:0,ignoreCrit:0,ignoreCritInjure:0,critBoss:0,critInjureBoss:0
[2026-06-14 02:37:02,089] ?????????(BUFF?)?maxPAtk:155688,maxPDef:88198,maxMDef:65660,ignorePDef:0,ignoreMDef:35063,injureAdd:100,injureIgnore:0,injureAddBoss:100
[2026-06-14 02:37:02,089] ?????????(BUFF?)?maxPAtk:7927,maxPDef:1558,maxMDef:1558,ignorePDef:0,ignoreMDef:0,injureAdd:0,injureIgnore:0,injureAddBoss:0
[2026-06-14 02:37:02,089] ?????????(BUFF?)?maxPAtk:155688,maxPDef:88198,maxMDef:65660,ignorePDef:0,ignoreMDef:35063,injureAdd:100,injureIgnore:0,injureAddBoss:100
[2026-06-14 02:37:02,089] ?????????(BUFF?)?maxPAtk:7927,maxPDef:1558,maxMDef:1558,ignorePDef:0,ignoreMDef:0,injureAdd:0,injureIgnore:0,injureAddBoss:0
[2026-06-14 02:37:02,089] ?????158901
[2026-06-14 02:37:02,089] ??????BUFF???158901
[2026-06-14 02:37:02,089] (Spider,ba531fc2-955d-4fa2-a146-bf9c7938650e) ???158901;????509094/779000
[2026-06-14 02:37:02,089] =========[?????]?????END??(Fireball)


[2026-06-14 02:37:02,125] ????????[65b226f4-3d1c-4a60-838c-6aa6fda1c644]->[ba531fc2-955d-4fa2-a146-bf9c7938650e],?????[1201]
[2026-06-14 02:37:02,125] ??????????[?????,65b226f4-3d1c-4a60-838c-6aa6fda1c644]->[Spider,ba531fc2-955d-4fa2-a146-bf9c7938650e],?????[1201]

[2026-06-14 02:37:02,125] >>>>>[?????]?????BEGIN??(Fireball), ??=Single Target ATK, uses Magic's power to form a fireball, targeting Single target,deal|C:0x34E22C&T:100%+100|T:Magic Damage., ???Spider, ?????2
[2026-06-14 02:37:02,125] >>>>>[?????]?????(Spider), ????[17,27]; ????[22,27]
[2026-06-14 02:37:02,125] ?????????1
[2026-06-14 02:37:02,125] >>>>???(?????) -> (Spider) ?????100, ?????100, ?????1, ??XP???false
[2026-06-14 02:37:02,125] ?????????(BUFF?)?hit:0,crit:0,critInjure:250,dodge:0,ignoreCrit:0,ignoreCritInjure:0,critBoss:250,critInjureBoss:0
[2026-06-14 02:37:02,125] ?????????(BUFF?)?hit:0,crit:0,critInjure:0,dodge:0,ignoreCrit:0,ignoreCritInjure:0,critBoss:0,critInjureBoss:0
[2026-06-14 02:37:02,125] ?????????(BUFF?)?hit:0,crit:0,critInjure:250,dodge:0,ignoreCrit:0,ignoreCritInjure:0,critBoss:250,critInjureBoss:0
[2026-06-14 02:37:02,125] ?????????(BUFF?)?hit:0,crit:0,critInjure:0,dodge:0,ignoreCrit:0,ignoreCritInjure:0,critBoss:0,critInjureBoss:0
[2026-06-14 02:37:02,125] ?????????(BUFF?)?maxPAtk:109532,maxPDef:64692,maxMDef:38977,ignorePDef:0,ignoreMDef:5809,injureAdd:0,injureIgnore:0,injureAddBoss:100
[2026-06-14 02:37:02,125] ?????????(BUFF?)?maxPAtk:7927,maxPDef:1558,maxMDef:1558,ignorePDef:0,ignoreMDef:0,injureAdd:0,injureIgnore:0,injureAddBoss:0
[2026-06-14 02:37:02,125] ?????????(BUFF?)?maxPAtk:109532,maxPDef:64692,maxMDef:38977,ignorePDef:0,ignoreMDef:5809,injureAdd:0,injureIgnore:0,injureAddBoss:100
[2026-06-14 02:37:02,125] ?????????(BUFF?)?maxPAtk:7927,maxPDef:1558,maxMDef:1558,ignorePDef:0,ignoreMDef:0,injureAdd:0,injureIgnore:0,injureAddBoss:0
[2026-06-14 02:37:02,125] ?????110727
[2026-06-14 02:37:02,125] ??????BUFF???110727
[2026-06-14 02:37:02,125] (Spider,ba531fc2-955d-4fa2-a146-bf9c7938650e) ???110727;????398367/779000
[2026-06-14 02:37:02,125] =========[?????]?????END??(Fireball)

[2026-06-14 02:37:02,233] ????????[????],posX=19,posY=27
[2026-06-14 02:37:02,551] ????????[????],posX=20,posY=26

[2026-06-14 02:37:02,915] >>>>>[Spider]?????BEGIN??(Boss Melee Attack), ??=NormalATK, ???????, ?????4
[2026-06-14 02:37:02,915] >>>>>[Spider]?????(????), ????[22,27]; ????[20,26]
[2026-06-14 02:37:02,915] ?????????1
[2026-06-14 02:37:02,915] >>>>???(Spider) -> (????) ?????100, ?????0, ?????0, ??XP???false
[2026-06-14 02:37:02,915] ?????????(BUFF?)?hit:0,crit:0,critInjure:0,dodge:0,ignoreCrit:0,ignoreCritInjure:0,critBoss:0,critInjureBoss:0
[2026-06-14 02:37:02,915] ?????????(BUFF?)?hit:60,crit:288,critInjure:610,dodge:15,ignoreCrit:0,ignoreCritInjure:0,critBoss:250,critInjureBoss:0
[2026-06-14 02:37:02,915] ?????????(BUFF?)?hit:0,crit:0,critInjure:0,dodge:0,ignoreCrit:0,ignoreCritInjure:0,critBoss:0,critInjureBoss:0
[2026-06-14 02:37:02,915] ?????????(BUFF?)?hit:60,crit:288,critInjure:610,dodge:15,ignoreCrit:0,ignoreCritInjure:0,critBoss:250,critInjureBoss:0
[2026-06-14 02:37:02,915] ?????????(BUFF?)?maxPAtk:7927,maxPDef:1558,maxMDef:1558,ignorePDef:0,ignoreMDef:0,injureAdd:0,injureIgnore:0,injureAddBoss:0
[2026-06-14 02:37:02,915] ?????????(BUFF?)?maxPAtk:537036,maxPDef:320573,maxMDef:292686,ignorePDef:923,ignoreMDef:1836,injureAdd:0,injureIgnore:1000,injureAddBoss:100
[2026-06-14 02:37:02,915] ?????????(BUFF?)?maxPAtk:7927,maxPDef:1558,maxMDef:1558,ignorePDef:0,ignoreMDef:0,injureAdd:0,injureIgnore:0,injureAddBoss:0
[2026-06-14 02:37:02,915] ?????????(BUFF?)?maxPAtk:537036,maxPDef:320573,maxMDef:292686,ignorePDef:923,ignoreMDef:1836,injureAdd:0,injureIgnore:1000,injureAddBoss:100
[2026-06-14 02:37:02,915] ?????171
[2026-06-14 02:37:02,915] ??????BUFF???171
[2026-06-14 02:37:02,915] [????]??BUFF?(Giant Rock Holy Shield), ??=Absorb Max HP|C:0x34E22C&T:20%|T:damage, ?????3894
[2026-06-14 02:37:02,915] [????]?????171, ?????1389814
[2026-06-14 02:37:02,915] (????,d1806f2b-c67b-4e48-8e65-e94548e56e23) ???0;????6949926/6949926
[2026-06-14 02:37:02,915] =========[Spider]?????END??(Boss Melee Attack)

[2026-06-14 02:37:02,952] (????) ???1200;????6949926/6949926

[2026-06-14 02:37:02,973] ????????[bd0d352c-abdf-4576-a426-08b6080bd21e]->[ba531fc2-955d-4fa2-a146-bf9c7938650e],?????[1201]
[2026-06-14 02:37:02,973] ??????????[Otherworld Elf Ruila,bd0d352c-abdf-4576-a426-08b6080bd21e]->[Spider,ba531fc2-955d-4fa2-a146-bf9c7938650e],?????[1201]

[2026-06-14 02:37:02,973] >>>>>[Otherworld Elf Ruila]?????BEGIN??(Fireball), ??=Single Target ATK, uses Magic's power to form a fireball, targeting Single target,deal|C:0x34E22C&T:100%+100|T:Magic Damage., ???Spider, ?????2
[2026-06-14 02:37:02,973] >>>>>[Otherworld Elf Ruila]?????(Spider), ????[17,27]; ????[22,27]
[2026-06-14 02:37:02,973] ?????????1
[2026-06-14 02:37:02,973] >>>>???(Otherworld Elf Ruila) -> (Spider) ?????100, ?????100, ?????1, ??XP???false
[2026-06-14 02:37:02,973] ?????????(BUFF?)?hit:0,crit:0,critInjure:250,dodge:0,ignoreCrit:0,ignoreCritInjure:0,critBoss:250,critInjureBoss:0
[2026-06-14 02:37:02,973] ?????????(BUFF?)?hit:0,crit:0,critInjure:0,dodge:0,ignoreCrit:0,ignoreCritInjure:0,critBoss:0,critInjureBoss:0
[2026-06-14 02:37:02,973] ?????????(BUFF?)?hit:0,crit:0,critInjure:250,dodge:0,ignoreCrit:0,ignoreCritInjure:0,critBoss:250,critInjureBoss:0
[2026-06-14 02:37:02,973] ?????????(BUFF?)?hit:0,crit:0,critInjure:0,dodge:0,ignoreCrit:0,ignoreCritInjure:0,critBoss:0,critInjureBoss:0
[2026-06-14 02:37:02,973] ?????????(BUFF?)?maxPAtk:109807,maxPDef:68309,maxMDef:37615,ignorePDef:0,ignoreMDef:6887,injureAdd:0,injureIgnore:0,injureAddBoss:100
[2026-06-14 02:37:02,973] ?????????(BUFF?)?maxPAtk:7927,maxPDef:1558,maxMDef:1558,ignorePDef:0,ignoreMDef:0,injureAdd:0,injureIgnore:0,injureAddBoss:0
[2026-06-14 02:37:02,973] ?????????(BUFF?)?maxPAtk:109807,maxPDef:68309,maxMDef:37615,ignorePDef:0,ignoreMDef:6887,injureAdd:0,injureIgnore:0,injureAddBoss:100
[2026-06-14 02:37:02,973] ?????????(BUFF?)?maxPAtk:7927,maxPDef:1558,maxMDef:1558,ignorePDef:0,ignoreMDef:0,injureAdd:0,injureIgnore:0,injureAddBoss:0
[2026-06-14 02:37:02,973] ?????111005
[2026-06-14 02:37:02,973] ??????BUFF???111005
[2026-06-14 02:37:02,973] (Spider,ba531fc2-955d-4fa2-a146-bf9c7938650e) ???111005;????287362/779000
[2026-06-14 02:37:02,973] =========[Otherworld Elf Ruila]?????END??(Fireball)


[2026-06-14 02:37:03,009] ????????[ebc35acd-9d47-43c8-b6d6-2e231c80d600]->[ba531fc2-955d-4fa2-a146-bf9c7938650e],?????[1201]
[2026-06-14 02:37:03,009] ??????????[?????,ebc35acd-9d47-43c8-b6d6-2e231c80d600]->[Spider,ba531fc2-955d-4fa2-a146-bf9c7938650e],?????[1201]

[2026-06-14 02:37:03,009] >>>>>[?????]?????BEGIN??(Fireball), ??=Single Target ATK, uses Magic's power to form a fireball, targeting Single target,deal|C:0x34E22C&T:100%+100|T:Magic Damage., ???Spider, ?????2
[2026-06-14 02:37:03,009] >>>>>[?????]?????(Spider), ????[17,27]; ????[22,27]
[2026-06-14 02:37:03,009] ?????????1
[2026-06-14 02:37:03,009] >>>>???(?????) -> (Spider) ?????100, ?????100, ?????1, ??XP???false
[2026-06-14 02:37:03,009] ?????????(BUFF?)?hit:0,crit:0,critInjure:250,dodge:0,ignoreCrit:0,ignoreCritInjure:0,critBoss:250,critInjureBoss:0
[2026-06-14 02:37:03,009] ?????????(BUFF?)?hit:0,crit:0,critInjure:0,dodge:0,ignoreCrit:0,ignoreCritInjure:0,critBoss:0,critInjureBoss:0
[2026-06-14 02:37:03,009] ?????????(BUFF?)?hit:0,crit:0,critInjure:250,dodge:0,ignoreCrit:0,ignoreCritInjure:0,critBoss:250,critInjureBoss:0
[2026-06-14 02:37:03,009] ?????????(BUFF?)?hit:0,crit:0,critInjure:0,dodge:0,ignoreCrit:0,ignoreCritInjure:0,critBoss:0,critInjureBoss:0
[2026-06-14 02:37:03,009] ?????????(BUFF?)?maxPAtk:155688,maxPDef:88198,maxMDef:65660,ignorePDef:0,ignoreMDef:35063,injureAdd:100,injureIgnore:0,injureAddBoss:100
[2026-06-14 02:37:03,009] ?????????(BUFF?)?maxPAtk:7927,maxPDef:1558,maxMDef:1558,ignorePDef:0,ignoreMDef:0,injureAdd:0,injureIgnore:0,injureAddBoss:0
[2026-06-14 02:37:03,009] ?????????(BUFF?)?maxPAtk:155688,maxPDef:88198,maxMDef:65660,ignorePDef:0,ignoreMDef:35063,injureAdd:100,injureIgnore:0,injureAddBoss:100
[2026-06-14 02:37:03,009] ?????????(BUFF?)?maxPAtk:7927,maxPDef:1558,maxMDef:1558,ignorePDef:0,ignoreMDef:0,injureAdd:0,injureIgnore:0,injureAddBoss:0
[2026-06-14 02:37:03,009] ?????158901
[2026-06-14 02:37:03,009] ??????BUFF???158901
[2026-06-14 02:37:03,009] (Spider,ba531fc2-955d-4fa2-a146-bf9c7938650e) ???158901;????128461/779000
[2026-06-14 02:37:03,009] =========[?????]?????END??(Fireball)


[2026-06-14 02:37:03,044] ????????[65b226f4-3d1c-4a60-838c-6aa6fda1c644]->[ba531fc2-955d-4fa2-a146-bf9c7938650e],?????[1201]
[2026-06-14 02:37:03,044] ??????????[?????,65b226f4-3d1c-4a60-838c-6aa6fda1c644]->[Spider,ba531fc2-955d-4fa2-a146-bf9c7938650e],?????[1201]

[2026-06-14 02:37:03,044] >>>>>[?????]?????BEGIN??(Fireball), ??=Single Target ATK, uses Magic's power to form a fireball, targeting Single target,deal|C:0x34E22C&T:100%+100|T:Magic Damage., ???Spider, ?????2
[2026-06-14 02:37:03,044] >>>>>[?????]?????(Spider), ????[17,27]; ????[22,27]
[2026-06-14 02:37:03,044] ?????????1
[2026-06-14 02:37:03,044] >>>>???(?????) -> (Spider) ?????100, ?????100, ?????1, ??XP???false
[2026-06-14 02:37:03,044] ?????????(BUFF?)?hit:0,crit:0,critInjure:250,dodge:0,ignoreCrit:0,ignoreCritInjure:0,critBoss:250,critInjureBoss:0
[2026-06-14 02:37:03,044] ?????????(BUFF?)?hit:0,crit:0,critInjure:0,dodge:0,ignoreCrit:0,ignoreCritInjure:0,critBoss:0,critInjureBoss:0
[2026-06-14 02:37:03,044] ?????????(BUFF?)?hit:0,crit:0,critInjure:250,dodge:0,ignoreCrit:0,ignoreCritInjure:0,critBoss:250,critInjureBoss:0
[2026-06-14 02:37:03,044] ?????????(BUFF?)?hit:0,crit:0,critInjure:0,dodge:0,ignoreCrit:0,ignoreCritInjure:0,critBoss:0,critInjureBoss:0
[2026-06-14 02:37:03,044] ?????????(BUFF?)?maxPAtk:109532,maxPDef:64692,maxMDef:38977,ignorePDef:0,ignoreMDef:5809,injureAdd:0,injureIgnore:0,injureAddBoss:100
[2026-06-14 02:37:03,044] ?????????(BUFF?)?maxPAtk:7927,maxPDef:1558,maxMDef:1558,ignorePDef:0,ignoreMDef:0,injureAdd:0,injureIgnore:0,injureAddBoss:0
[2026-06-14 02:37:03,044] ?????????(BUFF?)?maxPAtk:109532,maxPDef:64692,maxMDef:38977,ignorePDef:0,ignoreMDef:5809,injureAdd:0,injureIgnore:0,injureAddBoss:100
[2026-06-14 02:37:03,044] ?????????(BUFF?)?maxPAtk:7927,maxPDef:1558,maxMDef:1558,ignorePDef:0,ignoreMDef:0,injureAdd:0,injureIgnore:0,injureAddBoss:0
[2026-06-14 02:37:03,044] ?????110727
[2026-06-14 02:37:03,044] ??????BUFF???110727
[2026-06-14 02:37:03,044] (Spider,ba531fc2-955d-4fa2-a146-bf9c7938650e) ???110727;????17734/779000
[2026-06-14 02:37:03,044] =========[?????]?????END??(Fireball)


[2026-06-14 02:37:03,610] ????????[d1806f2b-c67b-4e48-8e65-e94548e56e23]->[ba531fc2-955d-4fa2-a146-bf9c7938650e],?????[8]
[2026-06-14 02:37:03,610] ??????????[????,d1806f2b-c67b-4e48-8e65-e94548e56e23]->[Spider,ba531fc2-955d-4fa2-a146-bf9c7938650e],?????[8]

[2026-06-14 02:37:03,610] >>>>>[????]?????BEGIN??(Wind Bead), ??=AoE ATK, targets Ranged AoE, dealing|C:0x34E22C&T:80%+{0}|T:Magic Damage, ???Spider, ?????2
[2026-06-14 02:37:03,610] >>>>>[????]?????(Spider), ????[20,26]; ????[22,27]
[2026-06-14 02:37:03,610] ?????????1
[2026-06-14 02:37:03,610] >>>>???(????) -> (Spider) ?????80, ?????8100, ?????1, ??XP???false
[2026-06-14 02:37:03,610] ?????????(BUFF?)?hit:60,crit:288,critInjure:610,dodge:15,ignoreCrit:0,ignoreCritInjure:0,critBoss:250,critInjureBoss:0
[2026-06-14 02:37:03,610] ?????????(BUFF?)?hit:0,crit:0,critInjure:0,dodge:0,ignoreCrit:0,ignoreCritInjure:0,critBoss:0,critInjureBoss:0
[2026-06-14 02:37:03,610] ?????????(BUFF?)?hit:60,crit:288,critInjure:610,dodge:15,ignoreCrit:0,ignoreCritInjure:0,critBoss:250,critInjureBoss:0
[2026-06-14 02:37:03,610] ?????????(BUFF?)?hit:0,crit:0,critInjure:0,dodge:0,ignoreCrit:0,ignoreCritInjure:0,critBoss:0,critInjureBoss:0
[2026-06-14 02:37:03,610] ?????????(BUFF?)?maxPAtk:537036,maxPDef:320573,maxMDef:292686,ignorePDef:923,ignoreMDef:1836,injureAdd:0,injureIgnore:1000,injureAddBoss:100
[2026-06-14 02:37:03,610] ?????????(BUFF?)?maxPAtk:7927,maxPDef:1558,maxMDef:1558,ignorePDef:0,ignoreMDef:0,injureAdd:0,injureIgnore:0,injureAddBoss:0
[2026-06-14 02:37:03,610] ?????????(BUFF?)?maxPAtk:537036,maxPDef:320573,maxMDef:292686,ignorePDef:923,ignoreMDef:1836,injureAdd:0,injureIgnore:1000,injureAddBoss:100
[2026-06-14 02:37:03,610] ?????????(BUFF?)?maxPAtk:7927,maxPDef:1558,maxMDef:1558,ignorePDef:0,ignoreMDef:0,injureAdd:0,injureIgnore:0,injureAddBoss:0
[2026-06-14 02:37:03,610] ??~~
[2026-06-14 02:37:03,610] ?????685456
[2026-06-14 02:37:03,610] ??????BUFF???685456
[2026-06-14 02:37:03,610] (Spider,ba531fc2-955d-4fa2-a146-bf9c7938650e) ???685456;????0/779000
[2026-06-14 02:37:03,610] ???(????,d1806f2b-c67b-4e48-8e65-e94548e56e23) ??????: objectId=ba531fc2-955d-4fa2-a146-bf9c7938650e,status=0
[2026-06-14 02:37:03,612] (Spider,ba531fc2-955d-4fa2-a146-bf9c7938650e) ?????1781375823612
[2026-06-14 02:37:03,612] =========[????]?????END??(Wind Bead)

