[2026-06-14 02:41:02,434] ?Beast King General?????????????
[2026-06-14 02:41:02,434] [????]??BUFF?(Giant Rock Holy Shield[3201])
[2026-06-14 02:41:02,434] (????) ???1200;????6949926/6949926
[2026-06-14 02:41:02,552] ????????[????],posX=11,posY=9
[2026-06-14 02:41:02,903] ????????[????],posX=12,posY=9

[2026-06-14 02:41:03,425] ????????[ebc35acd-9d47-43c8-b6d6-2e231c80d600]->[5d325b37-873e-44a8-ab2e-26458ec0e052],?????[1201]
[2026-06-14 02:41:03,425] ??????????[?????,ebc35acd-9d47-43c8-b6d6-2e231c80d600]->[Beast King General,5d325b37-873e-44a8-ab2e-26458ec0e052],?????[1201]

[2026-06-14 02:41:03,425] >>>>>[?????]?????BEGIN??(Fireball), ??=Single Target ATK, uses Magic's power to form a fireball, targeting Single target,deal|C:0x34E22C&T:100%+100|T:Magic Damage., ???Beast King General, ?????2
[2026-06-14 02:41:03,425] >>>>>[?????]?????(Beast King General), ????[10,10]; ????[14,10]
[2026-06-14 02:41:03,425] ?????????1
[2026-06-14 02:41:03,425] >>>>???(?????) -> (Beast King General) ?????100, ?????100, ?????1, ??XP???false
[2026-06-14 02:41:03,425] ?????????(BUFF?)?hit:0,crit:0,critInjure:250,dodge:0,ignoreCrit:0,ignoreCritInjure:0,critBoss:250,critInjureBoss:0
[2026-06-14 02:41:03,425] ?????????(BUFF?)?hit:0,crit:0,critInjure:0,dodge:0,ignoreCrit:0,ignoreCritInjure:0,critBoss:0,critInjureBoss:0
[2026-06-14 02:41:03,425] ?????????(BUFF?)?hit:0,crit:0,critInjure:250,dodge:0,ignoreCrit:0,ignoreCritInjure:0,critBoss:250,critInjureBoss:0
[2026-06-14 02:41:03,425] ?????????(BUFF?)?hit:0,crit:0,critInjure:0,dodge:0,ignoreCrit:0,ignoreCritInjure:0,critBoss:0,critInjureBoss:0
[2026-06-14 02:41:03,425] ?????????(BUFF?)?maxPAtk:155998,maxPDef:88275,maxMDef:65856,ignorePDef:0,ignoreMDef:35218,injureAdd:100,injureIgnore:0,injureAddBoss:100
[2026-06-14 02:41:03,425] ?????????(BUFF?)?maxPAtk:8364,maxPDef:1670,maxMDef:1670,ignorePDef:0,ignoreMDef:0,injureAdd:0,injureIgnore:0,injureAddBoss:0
[2026-06-14 02:41:03,425] ?????????(BUFF?)?maxPAtk:155998,maxPDef:88275,maxMDef:65856,ignorePDef:0,ignoreMDef:35218,injureAdd:100,injureIgnore:0,injureAddBoss:100
[2026-06-14 02:41:03,425] ?????????(BUFF?)?maxPAtk:8364,maxPDef:1670,maxMDef:1670,ignorePDef:0,ignoreMDef:0,injureAdd:0,injureIgnore:0,injureAddBoss:0
[2026-06-14 02:41:03,425] ?????159217
[2026-06-14 02:41:03,425] ??????BUFF???159217
[2026-06-14 02:41:03,425] (Beast King General,5d325b37-873e-44a8-ab2e-26458ec0e052) ???159217;????675783/835000
[2026-06-14 02:41:03,425] =========[?????]?????END??(Fireball)

[2026-06-14 02:41:03,434] (????) ???1200;????6949926/6949926

[2026-06-14 02:41:03,437] >>>>>[Beast King General]?????BEGIN??(Boss Melee Attack), ??=NormalATK, ???????, ?????4
[2026-06-14 02:41:03,437] >>>>>[Beast King General]?????(????), ????[14,10]; ????[12,9]
[2026-06-14 02:41:03,437] ?????????1
[2026-06-14 02:41:03,437] >>>>???(Beast King General) -> (????) ?????100, ?????0, ?????0, ??XP???false
[2026-06-14 02:41:03,437] ?????????(BUFF?)?hit:0,crit:0,critInjure:0,dodge:0,ignoreCrit:0,ignoreCritInjure:0,critBoss:0,critInjureBoss:0
[2026-06-14 02:41:03,437] ?????????(BUFF?)?hit:60,crit:288,critInjure:610,dodge:15,ignoreCrit:0,ignoreCritInjure:0,critBoss:250,critInjureBoss:0
[2026-06-14 02:41:03,437] ?????????(BUFF?)?hit:0,crit:0,critInjure:0,dodge:0,ignoreCrit:0,ignoreCritInjure:0,critBoss:0,critInjureBoss:0
[2026-06-14 02:41:03,437] ?????????(BUFF?)?hit:60,crit:288,critInjure:610,dodge:15,ignoreCrit:0,ignoreCritInjure:0,critBoss:250,critInjureBoss:0
[2026-06-14 02:41:03,437] ?????????(BUFF?)?maxPAtk:8364,maxPDef:1670,maxMDef:1670,ignorePDef:0,ignoreMDef:0,injureAdd:0,injureIgnore:0,injureAddBoss:0
[2026-06-14 02:41:03,437] ?????????(BUFF?)?maxPAtk:537036,maxPDef:320573,maxMDef:292686,ignorePDef:923,ignoreMDef:1836,injureAdd:0,injureIgnore:1000,injureAddBoss:100
[2026-06-14 02:41:03,437] ?????????(BUFF?)?maxPAtk:8364,maxPDef:1670,maxMDef:1670,ignorePDef:0,ignoreMDef:0,injureAdd:0,injureIgnore:0,injureAddBoss:0
[2026-06-14 02:41:03,437] ?????????(BUFF?)?maxPAtk:537036,maxPDef:320573,maxMDef:292686,ignorePDef:923,ignoreMDef:1836,injureAdd:0,injureIgnore:1000,injureAddBoss:100
[2026-06-14 02:41:03,437] ?????190
[2026-06-14 02:41:03,437] ??????BUFF???190
[2026-06-14 02:41:03,437] (????,d1806f2b-c67b-4e48-8e65-e94548e56e23) ???190;????6949736/6949926
[2026-06-14 02:41:03,437] =========[Beast King General]?????END??(Boss Melee Attack)


[2026-06-14 02:41:03,745] ????????[65b226f4-3d1c-4a60-838c-6aa6fda1c644]->[5d325b37-873e-44a8-ab2e-26458ec0e052],?????[1201]
[2026-06-14 02:41:03,745] ??????????[?????,65b226f4-3d1c-4a60-838c-6aa6fda1c644]->[Beast King General,5d325b37-873e-44a8-ab2e-26458ec0e052],?????[1201]

[2026-06-14 02:41:03,745] >>>>>[?????]?????BEGIN??(Fireball), ??=Single Target ATK, uses Magic's power to form a fireball, targeting Single target,deal|C:0x34E22C&T:100%+100|T:Magic Damage., ???Beast King General, ?????2
[2026-06-14 02:41:03,745] >>>>>[?????]?????(Beast King General), ????[10,10]; ????[14,10]
[2026-06-14 02:41:03,745] ?????????1
[2026-06-14 02:41:03,745] >>>>???(?????) -> (Beast King General) ?????100, ?????100, ?????1, ??XP???false
[2026-06-14 02:41:03,745] ?????????(BUFF?)?hit:0,crit:0,critInjure:250,dodge:0,ignoreCrit:0,ignoreCritInjure:0,critBoss:250,critInjureBoss:0
[2026-06-14 02:41:03,745] ?????????(BUFF?)?hit:0,crit:0,critInjure:0,dodge:0,ignoreCrit:0,ignoreCritInjure:0,critBoss:0,critInjureBoss:0
[2026-06-14 02:41:03,745] ?????????(BUFF?)?hit:0,crit:0,critInjure:250,dodge:0,ignoreCrit:0,ignoreCritInjure:0,critBoss:250,critInjureBoss:0
[2026-06-14 02:41:03,745] ?????????(BUFF?)?hit:0,crit:0,critInjure:0,dodge:0,ignoreCrit:0,ignoreCritInjure:0,critBoss:0,critInjureBoss:0
[2026-06-14 02:41:03,745] ?????????(BUFF?)?maxPAtk:109532,maxPDef:64692,maxMDef:38977,ignorePDef:0,ignoreMDef:5809,injureAdd:0,injureIgnore:0,injureAddBoss:100
[2026-06-14 02:41:03,745] ?????????(BUFF?)?maxPAtk:8364,maxPDef:1670,maxMDef:1670,ignorePDef:0,ignoreMDef:0,injureAdd:0,injureIgnore:0,injureAddBoss:0
[2026-06-14 02:41:03,745] ?????????(BUFF?)?maxPAtk:109532,maxPDef:64692,maxMDef:38977,ignorePDef:0,ignoreMDef:5809,injureAdd:0,injureIgnore:0,injureAddBoss:100
[2026-06-14 02:41:03,745] ?????????(BUFF?)?maxPAtk:8364,maxPDef:1670,maxMDef:1670,ignorePDef:0,ignoreMDef:0,injureAdd:0,injureIgnore:0,injureAddBoss:0
[2026-06-14 02:41:03,745] ?????110727
[2026-06-14 02:41:03,745] ??????BUFF???110727
[2026-06-14 02:41:03,745] (Beast King General,5d325b37-873e-44a8-ab2e-26458ec0e052) ???110727;????565056/835000
[2026-06-14 02:41:03,746] =========[?????]?????END??(Fireball)


[2026-06-14 02:41:03,851] ????????[bd0d352c-abdf-4576-a426-08b6080bd21e]->[5d325b37-873e-44a8-ab2e-26458ec0e052],?????[1201]
[2026-06-14 02:41:03,851] ??????????[Otherworld Elf Ruila,bd0d352c-abdf-4576-a426-08b6080bd21e]->[Beast King General,5d325b37-873e-44a8-ab2e-26458ec0e052],?????[1201]

[2026-06-14 02:41:03,851] >>>>>[Otherworld Elf Ruila]?????BEGIN??(Fireball), ??=Single Target ATK, uses Magic's power to form a fireball, targeting Single target,deal|C:0x34E22C&T:100%+100|T:Magic Damage., ???Beast King General, ?????2
[2026-06-14 02:41:03,851] >>>>>[Otherworld Elf Ruila]?????(Beast King General), ????[10,10]; ????[14,10]
[2026-06-14 02:41:03,851] ?????????1
[2026-06-14 02:41:03,851] >>>>???(Otherworld Elf Ruila) -> (Beast King General) ?????100, ?????100, ?????1, ??XP???false
[2026-06-14 02:41:03,851] ?????????(BUFF?)?hit:0,crit:0,critInjure:250,dodge:0,ignoreCrit:0,ignoreCritInjure:0,critBoss:250,critInjureBoss:0
[2026-06-14 02:41:03,851] ?????????(BUFF?)?hit:0,crit:0,critInjure:0,dodge:0,ignoreCrit:0,ignoreCritInjure:0,critBoss:0,critInjureBoss:0
[2026-06-14 02:41:03,851] ?????????(BUFF?)?hit:0,crit:0,critInjure:250,dodge:0,ignoreCrit:0,ignoreCritInjure:0,critBoss:250,critInjureBoss:0
[2026-06-14 02:41:03,851] ?????????(BUFF?)?hit:0,crit:0,critInjure:0,dodge:0,ignoreCrit:0,ignoreCritInjure:0,critBoss:0,critInjureBoss:0
[2026-06-14 02:41:03,851] ?????????(BUFF?)?maxPAtk:109807,maxPDef:68309,maxMDef:37615,ignorePDef:0,ignoreMDef:6887,injureAdd:0,injureIgnore:0,injureAddBoss:100
[2026-06-14 02:41:03,851] ?????????(BUFF?)?maxPAtk:8364,maxPDef:1670,maxMDef:1670,ignorePDef:0,ignoreMDef:0,injureAdd:0,injureIgnore:0,injureAddBoss:0
[2026-06-14 02:41:03,851] ?????????(BUFF?)?maxPAtk:109807,maxPDef:68309,maxMDef:37615,ignorePDef:0,ignoreMDef:6887,injureAdd:0,injureIgnore:0,injureAddBoss:100
[2026-06-14 02:41:03,851] ?????????(BUFF?)?maxPAtk:8364,maxPDef:1670,maxMDef:1670,ignorePDef:0,ignoreMDef:0,injureAdd:0,injureIgnore:0,injureAddBoss:0
[2026-06-14 02:41:03,851] ?????111005
[2026-06-14 02:41:03,851] ??????BUFF???111005
[2026-06-14 02:41:03,851] (Beast King General,5d325b37-873e-44a8-ab2e-26458ec0e052) ???111005;????454051/835000
[2026-06-14 02:41:03,851] =========[Otherworld Elf Ruila]?????END??(Fireball)


[2026-06-14 02:41:04,026] ????????[d1806f2b-c67b-4e48-8e65-e94548e56e23]->[5d325b37-873e-44a8-ab2e-26458ec0e052],?????[9]
[2026-06-14 02:41:04,026] ??????????[????,d1806f2b-c67b-4e48-8e65-e94548e56e23]->[Beast King General,5d325b37-873e-44a8-ab2e-26458ec0e052],?????[9]

[2026-06-14 02:41:04,026] >>>>>[????]?????BEGIN??(Giant Rock Holy Shield), ??=Support Skill, applies Shield Reduction of|C:0x34E22C&T:20%|T: damage value, for|C:0x34E22C&T:5|T:s, upon breaking, targets surrounding enemies, dealing|C:0x34E22C&T:120%+{0}|T:Magic Damage, ???????, ?????0
[2026-06-14 02:41:04,026] [????]??BUFF?(Giant Rock Holy Shield[3201]), ????=5000, ??=2000
[2026-06-14 02:41:04,026] [????]?????1389985
[2026-06-14 02:41:04,026] =========[????]???????????(Giant Rock Holy Shield)


[2026-06-14 02:41:04,342] ????????[ebc35acd-9d47-43c8-b6d6-2e231c80d600]->[5d325b37-873e-44a8-ab2e-26458ec0e052],?????[1201]
[2026-06-14 02:41:04,342] ??????????[?????,ebc35acd-9d47-43c8-b6d6-2e231c80d600]->[Beast King General,5d325b37-873e-44a8-ab2e-26458ec0e052],?????[1201]

[2026-06-14 02:41:04,342] >>>>>[?????]?????BEGIN??(Fireball), ??=Single Target ATK, uses Magic's power to form a fireball, targeting Single target,deal|C:0x34E22C&T:100%+100|T:Magic Damage., ???Beast King General, ?????2
[2026-06-14 02:41:04,342] >>>>>[?????]?????(Beast King General), ????[10,10]; ????[14,10]
[2026-06-14 02:41:04,342] ?????????1
[2026-06-14 02:41:04,342] >>>>???(?????) -> (Beast King General) ?????100, ?????100, ?????1, ??XP???false
[2026-06-14 02:41:04,342] ?????????(BUFF?)?hit:0,crit:0,critInjure:250,dodge:0,ignoreCrit:0,ignoreCritInjure:0,critBoss:250,critInjureBoss:0
[2026-06-14 02:41:04,342] ?????????(BUFF?)?hit:0,crit:0,critInjure:0,dodge:0,ignoreCrit:0,ignoreCritInjure:0,critBoss:0,critInjureBoss:0
[2026-06-14 02:41:04,342] ?????????(BUFF?)?hit:0,crit:0,critInjure:250,dodge:0,ignoreCrit:0,ignoreCritInjure:0,critBoss:250,critInjureBoss:0
[2026-06-14 02:41:04,342] ?????????(BUFF?)?hit:0,crit:0,critInjure:0,dodge:0,ignoreCrit:0,ignoreCritInjure:0,critBoss:0,critInjureBoss:0
[2026-06-14 02:41:04,342] ?????????(BUFF?)?maxPAtk:155998,maxPDef:88275,maxMDef:65856,ignorePDef:0,ignoreMDef:35218,injureAdd:100,injureIgnore:0,injureAddBoss:100
[2026-06-14 02:41:04,342] ?????????(BUFF?)?maxPAtk:8364,maxPDef:1670,maxMDef:1670,ignorePDef:0,ignoreMDef:0,injureAdd:0,injureIgnore:0,injureAddBoss:0
[2026-06-14 02:41:04,342] ?????????(BUFF?)?maxPAtk:155998,maxPDef:88275,maxMDef:65856,ignorePDef:0,ignoreMDef:35218,injureAdd:100,injureIgnore:0,injureAddBoss:100
[2026-06-14 02:41:04,342] ?????????(BUFF?)?maxPAtk:8364,maxPDef:1670,maxMDef:1670,ignorePDef:0,ignoreMDef:0,injureAdd:0,injureIgnore:0,injureAddBoss:0
[2026-06-14 02:41:04,342] ?????159217
[2026-06-14 02:41:04,342] ??????BUFF???159217
[2026-06-14 02:41:04,342] (Beast King General,5d325b37-873e-44a8-ab2e-26458ec0e052) ???159217;????294834/835000
[2026-06-14 02:41:04,342] =========[?????]?????END??(Fireball)

[2026-06-14 02:41:04,435] (????) ???1200;????6949926/6949926

[2026-06-14 02:41:04,439] >>>>>[Beast King General]?????BEGIN??(Boss Melee Attack), ??=NormalATK, ???????, ?????4
[2026-06-14 02:41:04,439] >>>>>[Beast King General]?????(????), ????[14,10]; ????[12,9]
[2026-06-14 02:41:04,439] ?????????1
[2026-06-14 02:41:04,439] >>>>???(Beast King General) -> (????) ?????100, ?????0, ?????0, ??XP???false
[2026-06-14 02:41:04,439] ?????????(BUFF?)?hit:0,crit:0,critInjure:0,dodge:0,ignoreCrit:0,ignoreCritInjure:0,critBoss:0,critInjureBoss:0
[2026-06-14 02:41:04,439] ?????????(BUFF?)?hit:60,crit:288,critInjure:610,dodge:15,ignoreCrit:0,ignoreCritInjure:0,critBoss:250,critInjureBoss:0
[2026-06-14 02:41:04,439] ?????????(BUFF?)?hit:0,crit:0,critInjure:0,dodge:0,ignoreCrit:0,ignoreCritInjure:0,critBoss:0,critInjureBoss:0
[2026-06-14 02:41:04,439] ?????????(BUFF?)?hit:60,crit:288,critInjure:610,dodge:15,ignoreCrit:0,ignoreCritInjure:0,critBoss:250,critInjureBoss:0
[2026-06-14 02:41:04,439] ?????????(BUFF?)?maxPAtk:8364,maxPDef:1670,maxMDef:1670,ignorePDef:0,ignoreMDef:0,injureAdd:0,injureIgnore:0,injureAddBoss:0
[2026-06-14 02:41:04,439] ?????????(BUFF?)?maxPAtk:537036,maxPDef:320573,maxMDef:292686,ignorePDef:923,ignoreMDef:1836,injureAdd:0,injureIgnore:1000,injureAddBoss:100
[2026-06-14 02:41:04,439] ?????????(BUFF?)?maxPAtk:8364,maxPDef:1670,maxMDef:1670,ignorePDef:0,ignoreMDef:0,injureAdd:0,injureIgnore:0,injureAddBoss:0
[2026-06-14 02:41:04,439] ?????????(BUFF?)?maxPAtk:537036,maxPDef:320573,maxMDef:292686,ignorePDef:923,ignoreMDef:1836,injureAdd:0,injureIgnore:1000,injureAddBoss:100
[2026-06-14 02:41:04,439] ?????190
[2026-06-14 02:41:04,439] ??????BUFF???190
[2026-06-14 02:41:04,439] [????]??BUFF?(Giant Rock Holy Shield), ??=Absorb Max HP|C:0x34E22C&T:20%|T:damage, ?????4587
[2026-06-14 02:41:04,439] [????]?????190, ?????1389795
[2026-06-14 02:41:04,439] (????,d1806f2b-c67b-4e48-8e65-e94548e56e23) ???0;????6949926/6949926
[2026-06-14 02:41:04,439] =========[Beast King General]?????END??(Boss Melee Attack)


[2026-06-14 02:41:04,660] ????????[65b226f4-3d1c-4a60-838c-6aa6fda1c644]->[5d325b37-873e-44a8-ab2e-26458ec0e052],?????[1201]
[2026-06-14 02:41:04,660] ??????????[?????,65b226f4-3d1c-4a60-838c-6aa6fda1c644]->[Beast King General,5d325b37-873e-44a8-ab2e-26458ec0e052],?????[1201]

[2026-06-14 02:41:04,660] >>>>>[?????]?????BEGIN??(Fireball), ??=Single Target ATK, uses Magic's power to form a fireball, targeting Single target,deal|C:0x34E22C&T:100%+100|T:Magic Damage., ???Beast King General, ?????2
[2026-06-14 02:41:04,660] >>>>>[?????]?????(Beast King General), ????[10,10]; ????[14,10]
[2026-06-14 02:41:04,660] ?????????1
[2026-06-14 02:41:04,660] >>>>???(?????) -> (Beast King General) ?????100, ?????100, ?????1, ??XP???false
[2026-06-14 02:41:04,660] ?????????(BUFF?)?hit:0,crit:0,critInjure:250,dodge:0,ignoreCrit:0,ignoreCritInjure:0,critBoss:250,critInjureBoss:0
[2026-06-14 02:41:04,660] ?????????(BUFF?)?hit:0,crit:0,critInjure:0,dodge:0,ignoreCrit:0,ignoreCritInjure:0,critBoss:0,critInjureBoss:0
[2026-06-14 02:41:04,660] ?????????(BUFF?)?hit:0,crit:0,critInjure:250,dodge:0,ignoreCrit:0,ignoreCritInjure:0,critBoss:250,critInjureBoss:0
[2026-06-14 02:41:04,660] ?????????(BUFF?)?hit:0,crit:0,critInjure:0,dodge:0,ignoreCrit:0,ignoreCritInjure:0,critBoss:0,critInjureBoss:0
[2026-06-14 02:41:04,660] ?????????(BUFF?)?maxPAtk:109532,maxPDef:64692,maxMDef:38977,ignorePDef:0,ignoreMDef:5809,injureAdd:0,injureIgnore:0,injureAddBoss:100
[2026-06-14 02:41:04,660] ?????????(BUFF?)?maxPAtk:8364,maxPDef:1670,maxMDef:1670,ignorePDef:0,ignoreMDef:0,injureAdd:0,injureIgnore:0,injureAddBoss:0
[2026-06-14 02:41:04,660] ?????????(BUFF?)?maxPAtk:109532,maxPDef:64692,maxMDef:38977,ignorePDef:0,ignoreMDef:5809,injureAdd:0,injureIgnore:0,injureAddBoss:100
[2026-06-14 02:41:04,660] ?????????(BUFF?)?maxPAtk:8364,maxPDef:1670,maxMDef:1670,ignorePDef:0,ignoreMDef:0,injureAdd:0,injureIgnore:0,injureAddBoss:0
[2026-06-14 02:41:04,660] ?????110727
[2026-06-14 02:41:04,660] ??????BUFF???110727
[2026-06-14 02:41:04,660] (Beast King General,5d325b37-873e-44a8-ab2e-26458ec0e052) ???110727;????184107/835000
[2026-06-14 02:41:04,660] =========[?????]?????END??(Fireball)


[2026-06-14 02:41:04,766] ????????[bd0d352c-abdf-4576-a426-08b6080bd21e]->[5d325b37-873e-44a8-ab2e-26458ec0e052],?????[1201]
[2026-06-14 02:41:04,766] ??????????[Otherworld Elf Ruila,bd0d352c-abdf-4576-a426-08b6080bd21e]->[Beast King General,5d325b37-873e-44a8-ab2e-26458ec0e052],?????[1201]

[2026-06-14 02:41:04,766] >>>>>[Otherworld Elf Ruila]?????BEGIN??(Fireball), ??=Single Target ATK, uses Magic's power to form a fireball, targeting Single target,deal|C:0x34E22C&T:100%+100|T:Magic Damage., ???Beast King General, ?????2
[2026-06-14 02:41:04,766] >>>>>[Otherworld Elf Ruila]?????(Beast King General), ????[10,10]; ????[14,10]
[2026-06-14 02:41:04,766] ?????????1
[2026-06-14 02:41:04,766] >>>>???(Otherworld Elf Ruila) -> (Beast King General) ?????100, ?????100, ?????1, ??XP???false
[2026-06-14 02:41:04,766] ?????????(BUFF?)?hit:0,crit:0,critInjure:250,dodge:0,ignoreCrit:0,ignoreCritInjure:0,critBoss:250,critInjureBoss:0
[2026-06-14 02:41:04,766] ?????????(BUFF?)?hit:0,crit:0,critInjure:0,dodge:0,ignoreCrit:0,ignoreCritInjure:0,critBoss:0,critInjureBoss:0
[2026-06-14 02:41:04,766] ?????????(BUFF?)?hit:0,crit:0,critInjure:250,dodge:0,ignoreCrit:0,ignoreCritInjure:0,critBoss:250,critInjureBoss:0
[2026-06-14 02:41:04,766] ?????????(BUFF?)?hit:0,crit:0,critInjure:0,dodge:0,ignoreCrit:0,ignoreCritInjure:0,critBoss:0,critInjureBoss:0
[2026-06-14 02:41:04,766] ?????????(BUFF?)?maxPAtk:109807,maxPDef:68309,maxMDef:37615,ignorePDef:0,ignoreMDef:6887,injureAdd:0,injureIgnore:0,injureAddBoss:100
[2026-06-14 02:41:04,766] ?????????(BUFF?)?maxPAtk:8364,maxPDef:1670,maxMDef:1670,ignorePDef:0,ignoreMDef:0,injureAdd:0,injureIgnore:0,injureAddBoss:0
[2026-06-14 02:41:04,766] ?????????(BUFF?)?maxPAtk:109807,maxPDef:68309,maxMDef:37615,ignorePDef:0,ignoreMDef:6887,injureAdd:0,injureIgnore:0,injureAddBoss:100
[2026-06-14 02:41:04,766] ?????????(BUFF?)?maxPAtk:8364,maxPDef:1670,maxMDef:1670,ignorePDef:0,ignoreMDef:0,injureAdd:0,injureIgnore:0,injureAddBoss:0
[2026-06-14 02:41:04,766] ?????111005
[2026-06-14 02:41:04,766] ??????BUFF???111005
[2026-06-14 02:41:04,766] (Beast King General,5d325b37-873e-44a8-ab2e-26458ec0e052) ???111005;????73102/835000
[2026-06-14 02:41:04,766] =========[Otherworld Elf Ruila]?????END??(Fireball)


[2026-06-14 02:41:04,838] ????????[d1806f2b-c67b-4e48-8e65-e94548e56e23]->[5d325b37-873e-44a8-ab2e-26458ec0e052],?????[7]
[2026-06-14 02:41:04,838] ??????????[????,d1806f2b-c67b-4e48-8e65-e94548e56e23]->[Beast King General,5d325b37-873e-44a8-ab2e-26458ec0e052],?????[7]

[2026-06-14 02:41:04,838] >>>>>[????]?????BEGIN??(Thunder Blast), ??=Single Target ATK, targets Ranged Single target, dealing|C:0x34E22C&T:100%+{0}|T:Magic Damage, ???Beast King General, ?????2
[2026-06-14 02:41:04,838] >>>>>[????]?????(Beast King General), ????[12,9]; ????[14,10]
[2026-06-14 02:41:04,838] ?????????1
[2026-06-14 02:41:04,838] >>>>???(????) -> (Beast King General) ?????100, ?????8100, ?????1, ??XP???false
[2026-06-14 02:41:04,838] ?????????(BUFF?)?hit:60,crit:288,critInjure:610,dodge:15,ignoreCrit:0,ignoreCritInjure:0,critBoss:250,critInjureBoss:0
[2026-06-14 02:41:04,838] ?????????(BUFF?)?hit:0,crit:0,critInjure:0,dodge:0,ignoreCrit:0,ignoreCritInjure:0,critBoss:0,critInjureBoss:0
[2026-06-14 02:41:04,838] ?????????(BUFF?)?hit:60,crit:288,critInjure:610,dodge:15,ignoreCrit:0,ignoreCritInjure:0,critBoss:250,critInjureBoss:0
[2026-06-14 02:41:04,838] ?????????(BUFF?)?hit:0,crit:0,critInjure:0,dodge:0,ignoreCrit:0,ignoreCritInjure:0,critBoss:0,critInjureBoss:0
[2026-06-14 02:41:04,838] ?????????(BUFF?)?maxPAtk:537036,maxPDef:320573,maxMDef:292686,ignorePDef:923,ignoreMDef:1836,injureAdd:0,injureIgnore:1000,injureAddBoss:100
[2026-06-14 02:41:04,838] ?????????(BUFF?)?maxPAtk:8364,maxPDef:1670,maxMDef:1670,ignorePDef:0,ignoreMDef:0,injureAdd:0,injureIgnore:0,injureAddBoss:0
[2026-06-14 02:41:04,838] ?????????(BUFF?)?maxPAtk:537036,maxPDef:320573,maxMDef:292686,ignorePDef:923,ignoreMDef:1836,injureAdd:0,injureIgnore:1000,injureAddBoss:100
[2026-06-14 02:41:04,838] ?????????(BUFF?)?maxPAtk:8364,maxPDef:1670,maxMDef:1670,ignorePDef:0,ignoreMDef:0,injureAdd:0,injureIgnore:0,injureAddBoss:0
[2026-06-14 02:41:04,838] ?????550506
[2026-06-14 02:41:04,838] ??????BUFF???550506
[2026-06-14 02:41:04,838] (Beast King General,5d325b37-873e-44a8-ab2e-26458ec0e052) ???550506;????0/835000
[2026-06-14 02:41:04,838] ???(????,d1806f2b-c67b-4e48-8e65-e94548e56e23) ??????: objectId=5d325b37-873e-44a8-ab2e-26458ec0e052,status=0
[2026-06-14 02:41:04,841] (Beast King General,5d325b37-873e-44a8-ab2e-26458ec0e052) ?????1781376064841
[2026-06-14 02:41:04,841] =========[????]?????END??(Thunder Blast)

