[2026-06-14 02:44:44,739] ?Ice Rock Dominator?????????????
[2026-06-14 02:44:44,739] [????]??BUFF?(Giant Rock Holy Shield[3201])
[2026-06-14 02:44:44,741] (????) ???1200;????6949926/6949926

[2026-06-14 02:44:45,527] ????????[ebc35acd-9d47-43c8-b6d6-2e231c80d600]->[fa8cb1db-69dd-47ee-89a0-68944db8bef3],?????[1201]
[2026-06-14 02:44:45,527] ??????????[?????,ebc35acd-9d47-43c8-b6d6-2e231c80d600]->[Ice Rock Dominator,fa8cb1db-69dd-47ee-89a0-68944db8bef3],?????[1201]

[2026-06-14 02:44:45,527] >>>>>[?????]?????BEGIN??(Fireball), ??=Single Target ATK, uses Magic's power to form a fireball, targeting Single target,deal|C:0x34E22C&T:100%+100|T:Magic Damage., ???Ice Rock Dominator, ?????2
[2026-06-14 02:44:45,527] >>>>>[?????]?????(Ice Rock Dominator), ????[10,15]; ????[14,15]
[2026-06-14 02:44:45,527] ?????????1
[2026-06-14 02:44:45,527] >>>>???(?????) -> (Ice Rock Dominator) ?????100, ?????100, ?????1, ??XP???false
[2026-06-14 02:44:45,527] ?????????(BUFF?)?hit:0,crit:0,critInjure:250,dodge:0,ignoreCrit:0,ignoreCritInjure:0,critBoss:250,critInjureBoss:0
[2026-06-14 02:44:45,527] ?????????(BUFF?)?hit:0,crit:0,critInjure:0,dodge:0,ignoreCrit:0,ignoreCritInjure:0,critBoss:0,critInjureBoss:0
[2026-06-14 02:44:45,527] ?????????(BUFF?)?hit:0,crit:0,critInjure:250,dodge:0,ignoreCrit:0,ignoreCritInjure:0,critBoss:250,critInjureBoss:0
[2026-06-14 02:44:45,527] ?????????(BUFF?)?hit:0,crit:0,critInjure:0,dodge:0,ignoreCrit:0,ignoreCritInjure:0,critBoss:0,critInjureBoss:0
[2026-06-14 02:44:45,527] ?????????(BUFF?)?maxPAtk:155998,maxPDef:88275,maxMDef:65856,ignorePDef:0,ignoreMDef:35218,injureAdd:100,injureIgnore:0,injureAddBoss:100
[2026-06-14 02:44:45,527] ?????????(BUFF?)?maxPAtk:8746,maxPDef:1768,maxMDef:1768,ignorePDef:0,ignoreMDef:0,injureAdd:0,injureIgnore:0,injureAddBoss:0
[2026-06-14 02:44:45,527] ?????????(BUFF?)?maxPAtk:155998,maxPDef:88275,maxMDef:65856,ignorePDef:0,ignoreMDef:35218,injureAdd:100,injureIgnore:0,injureAddBoss:100
[2026-06-14 02:44:45,527] ?????????(BUFF?)?maxPAtk:8746,maxPDef:1768,maxMDef:1768,ignorePDef:0,ignoreMDef:0,injureAdd:0,injureIgnore:0,injureAddBoss:0
[2026-06-14 02:44:45,527] ?????159217
[2026-06-14 02:44:45,527] ??????BUFF???159217
[2026-06-14 02:44:45,527] (Ice Rock Dominator,fa8cb1db-69dd-47ee-89a0-68944db8bef3) ???159217;????724783/884000
[2026-06-14 02:44:45,527] =========[?????]?????END??(Fireball)


[2026-06-14 02:44:45,527] ????????[bd0d352c-abdf-4576-a426-08b6080bd21e]->[fa8cb1db-69dd-47ee-89a0-68944db8bef3],?????[1201]
[2026-06-14 02:44:45,527] ??????????[Otherworld Elf Ruila,bd0d352c-abdf-4576-a426-08b6080bd21e]->[Ice Rock Dominator,fa8cb1db-69dd-47ee-89a0-68944db8bef3],?????[1201]

[2026-06-14 02:44:45,527] >>>>>[Otherworld Elf Ruila]?????BEGIN??(Fireball), ??=Single Target ATK, uses Magic's power to form a fireball, targeting Single target,deal|C:0x34E22C&T:100%+100|T:Magic Damage., ???Ice Rock Dominator, ?????2
[2026-06-14 02:44:45,527] >>>>>[Otherworld Elf Ruila]?????(Ice Rock Dominator), ????[10,15]; ????[14,15]
[2026-06-14 02:44:45,527] ?????????1
[2026-06-14 02:44:45,527] >>>>???(Otherworld Elf Ruila) -> (Ice Rock Dominator) ?????100, ?????100, ?????1, ??XP???false
[2026-06-14 02:44:45,527] ?????????(BUFF?)?hit:0,crit:0,critInjure:250,dodge:0,ignoreCrit:0,ignoreCritInjure:0,critBoss:250,critInjureBoss:0
[2026-06-14 02:44:45,527] ?????????(BUFF?)?hit:0,crit:0,critInjure:0,dodge:0,ignoreCrit:0,ignoreCritInjure:0,critBoss:0,critInjureBoss:0
[2026-06-14 02:44:45,527] ?????????(BUFF?)?hit:0,crit:0,critInjure:250,dodge:0,ignoreCrit:0,ignoreCritInjure:0,critBoss:250,critInjureBoss:0
[2026-06-14 02:44:45,527] ?????????(BUFF?)?hit:0,crit:0,critInjure:0,dodge:0,ignoreCrit:0,ignoreCritInjure:0,critBoss:0,critInjureBoss:0
[2026-06-14 02:44:45,527] ?????????(BUFF?)?maxPAtk:109807,maxPDef:68309,maxMDef:37615,ignorePDef:0,ignoreMDef:6887,injureAdd:0,injureIgnore:0,injureAddBoss:100
[2026-06-14 02:44:45,527] ?????????(BUFF?)?maxPAtk:8746,maxPDef:1768,maxMDef:1768,ignorePDef:0,ignoreMDef:0,injureAdd:0,injureIgnore:0,injureAddBoss:0
[2026-06-14 02:44:45,527] ?????????(BUFF?)?maxPAtk:109807,maxPDef:68309,maxMDef:37615,ignorePDef:0,ignoreMDef:6887,injureAdd:0,injureIgnore:0,injureAddBoss:100
[2026-06-14 02:44:45,527] ?????????(BUFF?)?maxPAtk:8746,maxPDef:1768,maxMDef:1768,ignorePDef:0,ignoreMDef:0,injureAdd:0,injureIgnore:0,injureAddBoss:0
[2026-06-14 02:44:45,527] ?????111005
[2026-06-14 02:44:45,527] ??????BUFF???111005
[2026-06-14 02:44:45,527] (Ice Rock Dominator,fa8cb1db-69dd-47ee-89a0-68944db8bef3) ???111005;????613778/884000
[2026-06-14 02:44:45,527] =========[Otherworld Elf Ruila]?????END??(Fireball)


[2026-06-14 02:44:45,564] ????????[65b226f4-3d1c-4a60-838c-6aa6fda1c644]->[fa8cb1db-69dd-47ee-89a0-68944db8bef3],?????[1201]
[2026-06-14 02:44:45,564] ??????????[?????,65b226f4-3d1c-4a60-838c-6aa6fda1c644]->[Ice Rock Dominator,fa8cb1db-69dd-47ee-89a0-68944db8bef3],?????[1201]

[2026-06-14 02:44:45,564] >>>>>[?????]?????BEGIN??(Fireball), ??=Single Target ATK, uses Magic's power to form a fireball, targeting Single target,deal|C:0x34E22C&T:100%+100|T:Magic Damage., ???Ice Rock Dominator, ?????2
[2026-06-14 02:44:45,564] >>>>>[?????]?????(Ice Rock Dominator), ????[10,15]; ????[14,15]
[2026-06-14 02:44:45,564] ?????????1
[2026-06-14 02:44:45,564] >>>>???(?????) -> (Ice Rock Dominator) ?????100, ?????100, ?????1, ??XP???false
[2026-06-14 02:44:45,564] ?????????(BUFF?)?hit:0,crit:0,critInjure:250,dodge:0,ignoreCrit:0,ignoreCritInjure:0,critBoss:250,critInjureBoss:0
[2026-06-14 02:44:45,564] ?????????(BUFF?)?hit:0,crit:0,critInjure:0,dodge:0,ignoreCrit:0,ignoreCritInjure:0,critBoss:0,critInjureBoss:0
[2026-06-14 02:44:45,564] ?????????(BUFF?)?hit:0,crit:0,critInjure:250,dodge:0,ignoreCrit:0,ignoreCritInjure:0,critBoss:250,critInjureBoss:0
[2026-06-14 02:44:45,564] ?????????(BUFF?)?hit:0,crit:0,critInjure:0,dodge:0,ignoreCrit:0,ignoreCritInjure:0,critBoss:0,critInjureBoss:0
[2026-06-14 02:44:45,564] ?????????(BUFF?)?maxPAtk:109532,maxPDef:64692,maxMDef:38977,ignorePDef:0,ignoreMDef:5809,injureAdd:0,injureIgnore:0,injureAddBoss:100
[2026-06-14 02:44:45,564] ?????????(BUFF?)?maxPAtk:8746,maxPDef:1768,maxMDef:1768,ignorePDef:0,ignoreMDef:0,injureAdd:0,injureIgnore:0,injureAddBoss:0
[2026-06-14 02:44:45,564] ?????????(BUFF?)?maxPAtk:109532,maxPDef:64692,maxMDef:38977,ignorePDef:0,ignoreMDef:5809,injureAdd:0,injureIgnore:0,injureAddBoss:100
[2026-06-14 02:44:45,564] ?????????(BUFF?)?maxPAtk:8746,maxPDef:1768,maxMDef:1768,ignorePDef:0,ignoreMDef:0,injureAdd:0,injureIgnore:0,injureAddBoss:0
[2026-06-14 02:44:45,564] ?????110727
[2026-06-14 02:44:45,564] ??????BUFF???110727
[2026-06-14 02:44:45,564] (Ice Rock Dominator,fa8cb1db-69dd-47ee-89a0-68944db8bef3) ???110727;????503051/884000
[2026-06-14 02:44:45,564] =========[?????]?????END??(Fireball)


[2026-06-14 02:44:45,598] ????????[d1806f2b-c67b-4e48-8e65-e94548e56e23]->[fa8cb1db-69dd-47ee-89a0-68944db8bef3],?????[9]
[2026-06-14 02:44:45,598] ??????????[????,d1806f2b-c67b-4e48-8e65-e94548e56e23]->[Ice Rock Dominator,fa8cb1db-69dd-47ee-89a0-68944db8bef3],?????[9]

[2026-06-14 02:44:45,598] >>>>>[????]?????BEGIN??(Giant Rock Holy Shield), ??=Support Skill, applies Shield Reduction of|C:0x34E22C&T:20%|T: damage value, for|C:0x34E22C&T:5|T:s, upon breaking, targets surrounding enemies, dealing|C:0x34E22C&T:120%+{0}|T:Magic Damage, ???????, ?????0
[2026-06-14 02:44:45,598] [????]??BUFF?(Giant Rock Holy Shield[3201]), ????=5000, ??=2000
[2026-06-14 02:44:45,598] [????]?????1389985
[2026-06-14 02:44:45,598] =========[????]???????????(Giant Rock Holy Shield)

[2026-06-14 02:44:45,703] ????????[????],posX=11,posY=15
[2026-06-14 02:44:45,739] (????) ???1200;????6949926/6949926

[2026-06-14 02:44:45,745] >>>>>[Ice Rock Dominator]?????BEGIN??(Boss Melee Attack), ??=NormalATK, ???????, ?????4
[2026-06-14 02:44:45,745] >>>>>[Ice Rock Dominator]?????(????), ????[14,15]; ????[11,15]
[2026-06-14 02:44:45,745] ?????????1
[2026-06-14 02:44:45,745] >>>>???(Ice Rock Dominator) -> (????) ?????100, ?????0, ?????0, ??XP???false
[2026-06-14 02:44:45,745] ?????????(BUFF?)?hit:0,crit:0,critInjure:0,dodge:0,ignoreCrit:0,ignoreCritInjure:0,critBoss:0,critInjureBoss:0
[2026-06-14 02:44:45,745] ?????????(BUFF?)?hit:60,crit:288,critInjure:610,dodge:15,ignoreCrit:0,ignoreCritInjure:0,critBoss:250,critInjureBoss:0
[2026-06-14 02:44:45,745] ?????????(BUFF?)?hit:0,crit:0,critInjure:0,dodge:0,ignoreCrit:0,ignoreCritInjure:0,critBoss:0,critInjureBoss:0
[2026-06-14 02:44:45,745] ?????????(BUFF?)?hit:60,crit:288,critInjure:610,dodge:15,ignoreCrit:0,ignoreCritInjure:0,critBoss:250,critInjureBoss:0
[2026-06-14 02:44:45,745] ?????????(BUFF?)?maxPAtk:8746,maxPDef:1768,maxMDef:1768,ignorePDef:0,ignoreMDef:0,injureAdd:0,injureIgnore:0,injureAddBoss:0
[2026-06-14 02:44:45,745] ?????????(BUFF?)?maxPAtk:537036,maxPDef:320573,maxMDef:292686,ignorePDef:923,ignoreMDef:1836,injureAdd:0,injureIgnore:1000,injureAddBoss:100
[2026-06-14 02:44:45,745] [????]???????(Feather Shield), ??=1000, buffStr=601011, ???????
[2026-06-14 02:44:45,745] [????]??BUFF?(Feather Shield[9006]), ????=0, ??=10000
[2026-06-14 02:44:45,745] [????]??BUFF?(Feather Shield), ??=increasescharacterfixed|C:0x34E22C&T:10000|T: ptsHP, ?????0
[2026-06-14 02:44:45,745] ?????????(BUFF?)?maxPAtk:8746,maxPDef:1768,maxMDef:1768,ignorePDef:0,ignoreMDef:0,injureAdd:0,injureIgnore:0,injureAddBoss:0
[2026-06-14 02:44:45,745] ?????????(BUFF?)?maxPAtk:537036,maxPDef:320573,maxMDef:292686,ignorePDef:923,ignoreMDef:1836,injureAdd:0,injureIgnore:1000,injureAddBoss:100
[2026-06-14 02:44:45,745] ?????208
[2026-06-14 02:44:45,745] ??????BUFF???208
[2026-06-14 02:44:45,745] [????]??BUFF?(Giant Rock Holy Shield), ??=Absorb Max HP|C:0x34E22C&T:20%|T:damage, ?????4853
[2026-06-14 02:44:45,745] [????]??BUFF?(Feather Shield), ??=increasescharacterfixed|C:0x34E22C&T:10000|T: ptsHP, ?????0
[2026-06-14 02:44:45,746] [????]?????208, ?????1389777
[2026-06-14 02:44:45,746] (????,d1806f2b-c67b-4e48-8e65-e94548e56e23) ???0;????6949926/6949926
[2026-06-14 02:44:45,746] [????]??BUFF?(Feather Shield[9006])
[2026-06-14 02:44:45,746] =========[Ice Rock Dominator]?????END??(Boss Melee Attack)

[2026-06-14 02:44:46,020] ????????[????],posX=12,posY=14

[2026-06-14 02:44:46,443] ????????[ebc35acd-9d47-43c8-b6d6-2e231c80d600]->[fa8cb1db-69dd-47ee-89a0-68944db8bef3],?????[1201]
[2026-06-14 02:44:46,443] ??????????[?????,ebc35acd-9d47-43c8-b6d6-2e231c80d600]->[Ice Rock Dominator,fa8cb1db-69dd-47ee-89a0-68944db8bef3],?????[1201]

[2026-06-14 02:44:46,443] >>>>>[?????]?????BEGIN??(Fireball), ??=Single Target ATK, uses Magic's power to form a fireball, targeting Single target,deal|C:0x34E22C&T:100%+100|T:Magic Damage., ???Ice Rock Dominator, ?????2
[2026-06-14 02:44:46,443] >>>>>[?????]?????(Ice Rock Dominator), ????[10,15]; ????[14,15]
[2026-06-14 02:44:46,443] ?????????1
[2026-06-14 02:44:46,443] >>>>???(?????) -> (Ice Rock Dominator) ?????100, ?????100, ?????1, ??XP???false
[2026-06-14 02:44:46,443] ?????????(BUFF?)?hit:0,crit:0,critInjure:250,dodge:0,ignoreCrit:0,ignoreCritInjure:0,critBoss:250,critInjureBoss:0
[2026-06-14 02:44:46,443] ?????????(BUFF?)?hit:0,crit:0,critInjure:0,dodge:0,ignoreCrit:0,ignoreCritInjure:0,critBoss:0,critInjureBoss:0
[2026-06-14 02:44:46,443] ?????????(BUFF?)?hit:0,crit:0,critInjure:250,dodge:0,ignoreCrit:0,ignoreCritInjure:0,critBoss:250,critInjureBoss:0
[2026-06-14 02:44:46,443] ?????????(BUFF?)?hit:0,crit:0,critInjure:0,dodge:0,ignoreCrit:0,ignoreCritInjure:0,critBoss:0,critInjureBoss:0
[2026-06-14 02:44:46,443] ?????????(BUFF?)?maxPAtk:155998,maxPDef:88275,maxMDef:65856,ignorePDef:0,ignoreMDef:35218,injureAdd:100,injureIgnore:0,injureAddBoss:100
[2026-06-14 02:44:46,443] ?????????(BUFF?)?maxPAtk:8746,maxPDef:1768,maxMDef:1768,ignorePDef:0,ignoreMDef:0,injureAdd:0,injureIgnore:0,injureAddBoss:0
[2026-06-14 02:44:46,443] ?????????(BUFF?)?maxPAtk:155998,maxPDef:88275,maxMDef:65856,ignorePDef:0,ignoreMDef:35218,injureAdd:100,injureIgnore:0,injureAddBoss:100
[2026-06-14 02:44:46,443] ?????????(BUFF?)?maxPAtk:8746,maxPDef:1768,maxMDef:1768,ignorePDef:0,ignoreMDef:0,injureAdd:0,injureIgnore:0,injureAddBoss:0
[2026-06-14 02:44:46,443] ?????159217
[2026-06-14 02:44:46,443] ??????BUFF???159217
[2026-06-14 02:44:46,443] (Ice Rock Dominator,fa8cb1db-69dd-47ee-89a0-68944db8bef3) ???159217;????343834/884000
[2026-06-14 02:44:46,443] =========[?????]?????END??(Fireball)


[2026-06-14 02:44:46,443] ????????[bd0d352c-abdf-4576-a426-08b6080bd21e]->[fa8cb1db-69dd-47ee-89a0-68944db8bef3],?????[1201]
[2026-06-14 02:44:46,443] ??????????[Otherworld Elf Ruila,bd0d352c-abdf-4576-a426-08b6080bd21e]->[Ice Rock Dominator,fa8cb1db-69dd-47ee-89a0-68944db8bef3],?????[1201]

[2026-06-14 02:44:46,443] >>>>>[Otherworld Elf Ruila]?????BEGIN??(Fireball), ??=Single Target ATK, uses Magic's power to form a fireball, targeting Single target,deal|C:0x34E22C&T:100%+100|T:Magic Damage., ???Ice Rock Dominator, ?????2
[2026-06-14 02:44:46,443] >>>>>[Otherworld Elf Ruila]?????(Ice Rock Dominator), ????[10,15]; ????[14,15]
[2026-06-14 02:44:46,443] ?????????1
[2026-06-14 02:44:46,443] >>>>???(Otherworld Elf Ruila) -> (Ice Rock Dominator) ?????100, ?????100, ?????1, ??XP???false
[2026-06-14 02:44:46,443] ?????????(BUFF?)?hit:0,crit:0,critInjure:250,dodge:0,ignoreCrit:0,ignoreCritInjure:0,critBoss:250,critInjureBoss:0
[2026-06-14 02:44:46,443] ?????????(BUFF?)?hit:0,crit:0,critInjure:0,dodge:0,ignoreCrit:0,ignoreCritInjure:0,critBoss:0,critInjureBoss:0
[2026-06-14 02:44:46,443] ?????????(BUFF?)?hit:0,crit:0,critInjure:250,dodge:0,ignoreCrit:0,ignoreCritInjure:0,critBoss:250,critInjureBoss:0
[2026-06-14 02:44:46,443] ?????????(BUFF?)?hit:0,crit:0,critInjure:0,dodge:0,ignoreCrit:0,ignoreCritInjure:0,critBoss:0,critInjureBoss:0
[2026-06-14 02:44:46,443] ?????????(BUFF?)?maxPAtk:109807,maxPDef:68309,maxMDef:37615,ignorePDef:0,ignoreMDef:6887,injureAdd:0,injureIgnore:0,injureAddBoss:100
[2026-06-14 02:44:46,443] ?????????(BUFF?)?maxPAtk:8746,maxPDef:1768,maxMDef:1768,ignorePDef:0,ignoreMDef:0,injureAdd:0,injureIgnore:0,injureAddBoss:0
[2026-06-14 02:44:46,443] ?????????(BUFF?)?maxPAtk:109807,maxPDef:68309,maxMDef:37615,ignorePDef:0,ignoreMDef:6887,injureAdd:0,injureIgnore:0,injureAddBoss:100
[2026-06-14 02:44:46,443] ?????????(BUFF?)?maxPAtk:8746,maxPDef:1768,maxMDef:1768,ignorePDef:0,ignoreMDef:0,injureAdd:0,injureIgnore:0,injureAddBoss:0
[2026-06-14 02:44:46,443] ?????111005
[2026-06-14 02:44:46,443] ??????BUFF???111005
[2026-06-14 02:44:46,443] (Ice Rock Dominator,fa8cb1db-69dd-47ee-89a0-68944db8bef3) ???111005;????232829/884000
[2026-06-14 02:44:46,443] =========[Otherworld Elf Ruila]?????END??(Fireball)


[2026-06-14 02:44:46,477] ????????[65b226f4-3d1c-4a60-838c-6aa6fda1c644]->[fa8cb1db-69dd-47ee-89a0-68944db8bef3],?????[1201]
[2026-06-14 02:44:46,477] ??????????[?????,65b226f4-3d1c-4a60-838c-6aa6fda1c644]->[Ice Rock Dominator,fa8cb1db-69dd-47ee-89a0-68944db8bef3],?????[1201]

[2026-06-14 02:44:46,477] >>>>>[?????]?????BEGIN??(Fireball), ??=Single Target ATK, uses Magic's power to form a fireball, targeting Single target,deal|C:0x34E22C&T:100%+100|T:Magic Damage., ???Ice Rock Dominator, ?????2
[2026-06-14 02:44:46,477] >>>>>[?????]?????(Ice Rock Dominator), ????[10,15]; ????[14,15]
[2026-06-14 02:44:46,477] ?????????1
[2026-06-14 02:44:46,477] >>>>???(?????) -> (Ice Rock Dominator) ?????100, ?????100, ?????1, ??XP???false
[2026-06-14 02:44:46,477] ?????????(BUFF?)?hit:0,crit:0,critInjure:250,dodge:0,ignoreCrit:0,ignoreCritInjure:0,critBoss:250,critInjureBoss:0
[2026-06-14 02:44:46,477] ?????????(BUFF?)?hit:0,crit:0,critInjure:0,dodge:0,ignoreCrit:0,ignoreCritInjure:0,critBoss:0,critInjureBoss:0
[2026-06-14 02:44:46,477] ?????????(BUFF?)?hit:0,crit:0,critInjure:250,dodge:0,ignoreCrit:0,ignoreCritInjure:0,critBoss:250,critInjureBoss:0
[2026-06-14 02:44:46,477] ?????????(BUFF?)?hit:0,crit:0,critInjure:0,dodge:0,ignoreCrit:0,ignoreCritInjure:0,critBoss:0,critInjureBoss:0
[2026-06-14 02:44:46,477] ?????????(BUFF?)?maxPAtk:109532,maxPDef:64692,maxMDef:38977,ignorePDef:0,ignoreMDef:5809,injureAdd:0,injureIgnore:0,injureAddBoss:100
[2026-06-14 02:44:46,477] ?????????(BUFF?)?maxPAtk:8746,maxPDef:1768,maxMDef:1768,ignorePDef:0,ignoreMDef:0,injureAdd:0,injureIgnore:0,injureAddBoss:0
[2026-06-14 02:44:46,477] ?????????(BUFF?)?maxPAtk:109532,maxPDef:64692,maxMDef:38977,ignorePDef:0,ignoreMDef:5809,injureAdd:0,injureIgnore:0,injureAddBoss:100
[2026-06-14 02:44:46,477] ?????????(BUFF?)?maxPAtk:8746,maxPDef:1768,maxMDef:1768,ignorePDef:0,ignoreMDef:0,injureAdd:0,injureIgnore:0,injureAddBoss:0
[2026-06-14 02:44:46,477] ?????110727
[2026-06-14 02:44:46,477] ??????BUFF???110727
[2026-06-14 02:44:46,477] (Ice Rock Dominator,fa8cb1db-69dd-47ee-89a0-68944db8bef3) ???110727;????122102/884000
[2026-06-14 02:44:46,477] =========[?????]?????END??(Fireball)

[2026-06-14 02:44:46,740] (????) ???1200;????6949926/6949926

[2026-06-14 02:44:46,746] >>>>>[Ice Rock Dominator]?????BEGIN??(Boss Melee Attack), ??=NormalATK, ???????, ?????4
[2026-06-14 02:44:46,746] >>>>>[Ice Rock Dominator]?????(????), ????[14,15]; ????[12,14]
[2026-06-14 02:44:46,746] ?????????1
[2026-06-14 02:44:46,746] >>>>???(Ice Rock Dominator) -> (????) ?????100, ?????0, ?????0, ??XP???false
[2026-06-14 02:44:46,746] ?????????(BUFF?)?hit:0,crit:0,critInjure:0,dodge:0,ignoreCrit:0,ignoreCritInjure:0,critBoss:0,critInjureBoss:0
[2026-06-14 02:44:46,746] ?????????(BUFF?)?hit:60,crit:288,critInjure:610,dodge:15,ignoreCrit:0,ignoreCritInjure:0,critBoss:250,critInjureBoss:0
[2026-06-14 02:44:46,746] ?????????(BUFF?)?hit:0,crit:0,critInjure:0,dodge:0,ignoreCrit:0,ignoreCritInjure:0,critBoss:0,critInjureBoss:0
[2026-06-14 02:44:46,746] ?????????(BUFF?)?hit:60,crit:288,critInjure:610,dodge:15,ignoreCrit:0,ignoreCritInjure:0,critBoss:250,critInjureBoss:0
[2026-06-14 02:44:46,746] ?????????(BUFF?)?maxPAtk:8746,maxPDef:1768,maxMDef:1768,ignorePDef:0,ignoreMDef:0,injureAdd:0,injureIgnore:0,injureAddBoss:0
[2026-06-14 02:44:46,746] ?????????(BUFF?)?maxPAtk:537036,maxPDef:320573,maxMDef:292686,ignorePDef:923,ignoreMDef:1836,injureAdd:0,injureIgnore:1000,injureAddBoss:100
[2026-06-14 02:44:46,746] ?????????(BUFF?)?maxPAtk:8746,maxPDef:1768,maxMDef:1768,ignorePDef:0,ignoreMDef:0,injureAdd:0,injureIgnore:0,injureAddBoss:0
[2026-06-14 02:44:46,746] ?????????(BUFF?)?maxPAtk:537036,maxPDef:320573,maxMDef:292686,ignorePDef:923,ignoreMDef:1836,injureAdd:0,injureIgnore:1000,injureAddBoss:100
[2026-06-14 02:44:46,746] ?????208
[2026-06-14 02:44:46,746] ??????BUFF???208
[2026-06-14 02:44:46,746] [????]??BUFF?(Giant Rock Holy Shield), ??=Absorb Max HP|C:0x34E22C&T:20%|T:damage, ?????3852
[2026-06-14 02:44:46,746] [????]?????208, ?????1389569
[2026-06-14 02:44:46,746] (????,d1806f2b-c67b-4e48-8e65-e94548e56e23) ???0;????6949926/6949926
[2026-06-14 02:44:46,746] =========[Ice Rock Dominator]?????END??(Boss Melee Attack)


[2026-06-14 02:44:47,079] ????????[d1806f2b-c67b-4e48-8e65-e94548e56e23]->[fa8cb1db-69dd-47ee-89a0-68944db8bef3],?????[8]
[2026-06-14 02:44:47,079] ??????????[????,d1806f2b-c67b-4e48-8e65-e94548e56e23]->[Ice Rock Dominator,fa8cb1db-69dd-47ee-89a0-68944db8bef3],?????[8]

[2026-06-14 02:44:47,079] >>>>>[????]?????BEGIN??(Wind Bead), ??=AoE ATK, targets Ranged AoE, dealing|C:0x34E22C&T:80%+{0}|T:Magic Damage, ???Ice Rock Dominator, ?????2
[2026-06-14 02:44:47,079] >>>>>[????]?????(Ice Rock Dominator), ????[12,14]; ????[14,15]
[2026-06-14 02:44:47,079] ?????????1
[2026-06-14 02:44:47,079] >>>>???(????) -> (Ice Rock Dominator) ?????80, ?????8100, ?????1, ??XP???false
[2026-06-14 02:44:47,079] ?????????(BUFF?)?hit:60,crit:288,critInjure:610,dodge:15,ignoreCrit:0,ignoreCritInjure:0,critBoss:250,critInjureBoss:0
[2026-06-14 02:44:47,079] ?????????(BUFF?)?hit:0,crit:0,critInjure:0,dodge:0,ignoreCrit:0,ignoreCritInjure:0,critBoss:0,critInjureBoss:0
[2026-06-14 02:44:47,079] ?????????(BUFF?)?hit:60,crit:288,critInjure:610,dodge:15,ignoreCrit:0,ignoreCritInjure:0,critBoss:250,critInjureBoss:0
[2026-06-14 02:44:47,079] ?????????(BUFF?)?hit:0,crit:0,critInjure:0,dodge:0,ignoreCrit:0,ignoreCritInjure:0,critBoss:0,critInjureBoss:0
[2026-06-14 02:44:47,079] ?????????(BUFF?)?maxPAtk:537036,maxPDef:320573,maxMDef:292686,ignorePDef:923,ignoreMDef:1836,injureAdd:0,injureIgnore:1000,injureAddBoss:100
[2026-06-14 02:44:47,079] ?????????(BUFF?)?maxPAtk:8746,maxPDef:1768,maxMDef:1768,ignorePDef:0,ignoreMDef:0,injureAdd:0,injureIgnore:0,injureAddBoss:0
[2026-06-14 02:44:47,079] ?????????(BUFF?)?maxPAtk:537036,maxPDef:320573,maxMDef:292686,ignorePDef:923,ignoreMDef:1836,injureAdd:0,injureIgnore:1000,injureAddBoss:100
[2026-06-14 02:44:47,079] ?????????(BUFF?)?maxPAtk:8746,maxPDef:1768,maxMDef:1768,ignorePDef:0,ignoreMDef:0,injureAdd:0,injureIgnore:0,injureAddBoss:0
[2026-06-14 02:44:47,079] ?????442024
[2026-06-14 02:44:47,079] ??????BUFF???442024
[2026-06-14 02:44:47,079] (Ice Rock Dominator,fa8cb1db-69dd-47ee-89a0-68944db8bef3) ???442024;????0/884000
[2026-06-14 02:44:47,079] ???(????,d1806f2b-c67b-4e48-8e65-e94548e56e23) ??????: objectId=fa8cb1db-69dd-47ee-89a0-68944db8bef3,status=0
[2026-06-14 02:44:47,080] (Ice Rock Dominator,fa8cb1db-69dd-47ee-89a0-68944db8bef3) ?????1781376287080
[2026-06-14 02:44:47,080] [????]???????(Bloodthirst), ??=2000, buffStr=401011, ???????
[2026-06-14 02:44:47,081] [????]??BUFF?(Bloodthirst[1301]), ????=0, ??=4000
[2026-06-14 02:44:47,081] [????]??BUFF?(Bloodthirst), ??=will |C:0x34E22C&T:40%|T:damage damage converted to own HP, ?????0
[2026-06-14 02:44:47,081] (????) ???176809;????6949926/6949926
[2026-06-14 02:44:47,081] =========[????]?????END??(Wind Bead)

