[2026-06-14 02:32:41,665] ?Tifeng?????????????
[2026-06-14 02:32:41,665] [????]??BUFF?(Giant Rock Holy Shield[3201])
[2026-06-14 02:32:41,665] (????) ???1200;????6949926/6949926

[2026-06-14 02:32:42,438] ????????[ebc35acd-9d47-43c8-b6d6-2e231c80d600]->[c2a08f48-ef70-4506-b629-3bd6891df4e5],?????[1201]
[2026-06-14 02:32:42,438] ??????????[?????,ebc35acd-9d47-43c8-b6d6-2e231c80d600]->[Tifeng,c2a08f48-ef70-4506-b629-3bd6891df4e5],?????[1201]

[2026-06-14 02:32:42,438] >>>>>[?????]?????BEGIN??(Fireball), ??=Single Target ATK, uses Magic's power to form a fireball, targeting Single target,deal|C:0x34E22C&T:100%+100|T:Magic Damage., ???Tifeng, ?????2
[2026-06-14 02:32:42,438] >>>>>[?????]?????(Tifeng), ????[11,11]; ????[16,11]
[2026-06-14 02:32:42,438] ?????????1
[2026-06-14 02:32:42,438] >>>>???(?????) -> (Tifeng) ?????100, ?????100, ?????1, ??XP???false
[2026-06-14 02:32:42,438] ?????????(BUFF?)?hit:0,crit:0,critInjure:250,dodge:0,ignoreCrit:0,ignoreCritInjure:0,critBoss:250,critInjureBoss:0
[2026-06-14 02:32:42,438] ?????????(BUFF?)?hit:0,crit:0,critInjure:0,dodge:0,ignoreCrit:0,ignoreCritInjure:0,critBoss:0,critInjureBoss:0
[2026-06-14 02:32:42,438] ?????????(BUFF?)?hit:0,crit:0,critInjure:250,dodge:0,ignoreCrit:0,ignoreCritInjure:0,critBoss:250,critInjureBoss:0
[2026-06-14 02:32:42,438] ?????????(BUFF?)?hit:0,crit:0,critInjure:0,dodge:0,ignoreCrit:0,ignoreCritInjure:0,critBoss:0,critInjureBoss:0
[2026-06-14 02:32:42,438] ?????????(BUFF?)?maxPAtk:155688,maxPDef:88198,maxMDef:65660,ignorePDef:0,ignoreMDef:35063,injureAdd:100,injureIgnore:0,injureAddBoss:100
[2026-06-14 02:32:42,438] ?????????(BUFF?)?maxPAtk:7491,maxPDef:1446,maxMDef:1446,ignorePDef:0,ignoreMDef:0,injureAdd:0,injureIgnore:0,injureAddBoss:0
[2026-06-14 02:32:42,438] ?????????(BUFF?)?maxPAtk:155688,maxPDef:88198,maxMDef:65660,ignorePDef:0,ignoreMDef:35063,injureAdd:100,injureIgnore:0,injureAddBoss:100
[2026-06-14 02:32:42,438] ?????????(BUFF?)?maxPAtk:7491,maxPDef:1446,maxMDef:1446,ignorePDef:0,ignoreMDef:0,injureAdd:0,injureIgnore:0,injureAddBoss:0
[2026-06-14 02:32:42,438] ?????158901
[2026-06-14 02:32:42,438] ??????BUFF???158901
[2026-06-14 02:32:42,438] (Tifeng,c2a08f48-ef70-4506-b629-3bd6891df4e5) ???158901;????564099/723000
[2026-06-14 02:32:42,438] =========[?????]?????END??(Fireball)


[2026-06-14 02:32:42,508] ????????[d1806f2b-c67b-4e48-8e65-e94548e56e23]->[c2a08f48-ef70-4506-b629-3bd6891df4e5],?????[9]
[2026-06-14 02:32:42,508] ??????????[????,d1806f2b-c67b-4e48-8e65-e94548e56e23]->[Tifeng,c2a08f48-ef70-4506-b629-3bd6891df4e5],?????[9]

[2026-06-14 02:32:42,508] >>>>>[????]?????BEGIN??(Giant Rock Holy Shield), ??=Support Skill, applies Shield Reduction of|C:0x34E22C&T:20%|T: damage value, for|C:0x34E22C&T:5|T:s, upon breaking, targets surrounding enemies, dealing|C:0x34E22C&T:120%+{0}|T:Magic Damage, ???????, ?????0
[2026-06-14 02:32:42,508] [????]??BUFF?(Giant Rock Holy Shield[3201]), ????=5000, ??=2000
[2026-06-14 02:32:42,508] [????]?????1389985
[2026-06-14 02:32:42,508] =========[????]???????????(Giant Rock Holy Shield)

[2026-06-14 02:32:42,615] ????????[????],posX=12,posY=11
[2026-06-14 02:32:42,666] (????) ???1200;????6949926/6949926

[2026-06-14 02:32:42,754] ????????[bd0d352c-abdf-4576-a426-08b6080bd21e]->[c2a08f48-ef70-4506-b629-3bd6891df4e5],?????[1201]
[2026-06-14 02:32:42,754] ??????????[Otherworld Elf Ruila,bd0d352c-abdf-4576-a426-08b6080bd21e]->[Tifeng,c2a08f48-ef70-4506-b629-3bd6891df4e5],?????[1201]

[2026-06-14 02:32:42,754] >>>>>[Otherworld Elf Ruila]?????BEGIN??(Fireball), ??=Single Target ATK, uses Magic's power to form a fireball, targeting Single target,deal|C:0x34E22C&T:100%+100|T:Magic Damage., ???Tifeng, ?????2
[2026-06-14 02:32:42,754] >>>>>[Otherworld Elf Ruila]?????(Tifeng), ????[11,11]; ????[16,11]
[2026-06-14 02:32:42,754] ?????????1
[2026-06-14 02:32:42,754] >>>>???(Otherworld Elf Ruila) -> (Tifeng) ?????100, ?????100, ?????1, ??XP???false
[2026-06-14 02:32:42,754] ?????????(BUFF?)?hit:0,crit:0,critInjure:250,dodge:0,ignoreCrit:0,ignoreCritInjure:0,critBoss:250,critInjureBoss:0
[2026-06-14 02:32:42,754] ?????????(BUFF?)?hit:0,crit:0,critInjure:0,dodge:0,ignoreCrit:0,ignoreCritInjure:0,critBoss:0,critInjureBoss:0
[2026-06-14 02:32:42,754] ?????????(BUFF?)?hit:0,crit:0,critInjure:250,dodge:0,ignoreCrit:0,ignoreCritInjure:0,critBoss:250,critInjureBoss:0
[2026-06-14 02:32:42,754] ?????????(BUFF?)?hit:0,crit:0,critInjure:0,dodge:0,ignoreCrit:0,ignoreCritInjure:0,critBoss:0,critInjureBoss:0
[2026-06-14 02:32:42,754] ?????????(BUFF?)?maxPAtk:109807,maxPDef:68309,maxMDef:37615,ignorePDef:0,ignoreMDef:6887,injureAdd:0,injureIgnore:0,injureAddBoss:100
[2026-06-14 02:32:42,754] ?????????(BUFF?)?maxPAtk:7491,maxPDef:1446,maxMDef:1446,ignorePDef:0,ignoreMDef:0,injureAdd:0,injureIgnore:0,injureAddBoss:0
[2026-06-14 02:32:42,754] ?????????(BUFF?)?maxPAtk:109807,maxPDef:68309,maxMDef:37615,ignorePDef:0,ignoreMDef:6887,injureAdd:0,injureIgnore:0,injureAddBoss:100
[2026-06-14 02:32:42,754] ?????????(BUFF?)?maxPAtk:7491,maxPDef:1446,maxMDef:1446,ignorePDef:0,ignoreMDef:0,injureAdd:0,injureIgnore:0,injureAddBoss:0
[2026-06-14 02:32:42,754] ?????111005
[2026-06-14 02:32:42,754] ??????BUFF???111005
[2026-06-14 02:32:42,754] (Tifeng,c2a08f48-ef70-4506-b629-3bd6891df4e5) ???111005;????453094/723000
[2026-06-14 02:32:42,754] =========[Otherworld Elf Ruila]?????END??(Fireball)


[2026-06-14 02:32:42,791] ????????[65b226f4-3d1c-4a60-838c-6aa6fda1c644]->[c2a08f48-ef70-4506-b629-3bd6891df4e5],?????[1201]
[2026-06-14 02:32:42,791] ??????????[?????,65b226f4-3d1c-4a60-838c-6aa6fda1c644]->[Tifeng,c2a08f48-ef70-4506-b629-3bd6891df4e5],?????[1201]

[2026-06-14 02:32:42,791] >>>>>[?????]?????BEGIN??(Fireball), ??=Single Target ATK, uses Magic's power to form a fireball, targeting Single target,deal|C:0x34E22C&T:100%+100|T:Magic Damage., ???Tifeng, ?????2
[2026-06-14 02:32:42,791] >>>>>[?????]?????(Tifeng), ????[11,11]; ????[16,11]
[2026-06-14 02:32:42,791] ?????????1
[2026-06-14 02:32:42,791] >>>>???(?????) -> (Tifeng) ?????100, ?????100, ?????1, ??XP???false
[2026-06-14 02:32:42,791] ?????????(BUFF?)?hit:0,crit:0,critInjure:250,dodge:0,ignoreCrit:0,ignoreCritInjure:0,critBoss:250,critInjureBoss:0
[2026-06-14 02:32:42,791] ?????????(BUFF?)?hit:0,crit:0,critInjure:0,dodge:0,ignoreCrit:0,ignoreCritInjure:0,critBoss:0,critInjureBoss:0
[2026-06-14 02:32:42,791] ?????????(BUFF?)?hit:0,crit:0,critInjure:250,dodge:0,ignoreCrit:0,ignoreCritInjure:0,critBoss:250,critInjureBoss:0
[2026-06-14 02:32:42,791] ?????????(BUFF?)?hit:0,crit:0,critInjure:0,dodge:0,ignoreCrit:0,ignoreCritInjure:0,critBoss:0,critInjureBoss:0
[2026-06-14 02:32:42,791] ?????????(BUFF?)?maxPAtk:109532,maxPDef:64692,maxMDef:38977,ignorePDef:0,ignoreMDef:5809,injureAdd:0,injureIgnore:0,injureAddBoss:100
[2026-06-14 02:32:42,791] ?????????(BUFF?)?maxPAtk:7491,maxPDef:1446,maxMDef:1446,ignorePDef:0,ignoreMDef:0,injureAdd:0,injureIgnore:0,injureAddBoss:0
[2026-06-14 02:32:42,791] ?????????(BUFF?)?maxPAtk:109532,maxPDef:64692,maxMDef:38977,ignorePDef:0,ignoreMDef:5809,injureAdd:0,injureIgnore:0,injureAddBoss:100
[2026-06-14 02:32:42,791] ?????????(BUFF?)?maxPAtk:7491,maxPDef:1446,maxMDef:1446,ignorePDef:0,ignoreMDef:0,injureAdd:0,injureIgnore:0,injureAddBoss:0
[2026-06-14 02:32:42,791] ?????110727
[2026-06-14 02:32:42,791] ??????BUFF???110727
[2026-06-14 02:32:42,791] (Tifeng,c2a08f48-ef70-4506-b629-3bd6891df4e5) ???110727;????342367/723000
[2026-06-14 02:32:42,791] =========[?????]?????END??(Fireball)

[2026-06-14 02:32:42,930] ????????[????],posX=13,posY=10
[2026-06-14 02:32:43,283] ????????[????],posX=14,posY=10

[2026-06-14 02:32:43,353] ????????[ebc35acd-9d47-43c8-b6d6-2e231c80d600]->[c2a08f48-ef70-4506-b629-3bd6891df4e5],?????[1201]
[2026-06-14 02:32:43,353] ??????????[?????,ebc35acd-9d47-43c8-b6d6-2e231c80d600]->[Tifeng,c2a08f48-ef70-4506-b629-3bd6891df4e5],?????[1201]

[2026-06-14 02:32:43,353] >>>>>[?????]?????BEGIN??(Fireball), ??=Single Target ATK, uses Magic's power to form a fireball, targeting Single target,deal|C:0x34E22C&T:100%+100|T:Magic Damage., ???Tifeng, ?????2
[2026-06-14 02:32:43,353] >>>>>[?????]?????(Tifeng), ????[11,11]; ????[16,11]
[2026-06-14 02:32:43,353] ?????????1
[2026-06-14 02:32:43,353] >>>>???(?????) -> (Tifeng) ?????100, ?????100, ?????1, ??XP???false
[2026-06-14 02:32:43,353] ?????????(BUFF?)?hit:0,crit:0,critInjure:250,dodge:0,ignoreCrit:0,ignoreCritInjure:0,critBoss:250,critInjureBoss:0
[2026-06-14 02:32:43,353] ?????????(BUFF?)?hit:0,crit:0,critInjure:0,dodge:0,ignoreCrit:0,ignoreCritInjure:0,critBoss:0,critInjureBoss:0
[2026-06-14 02:32:43,353] ?????????(BUFF?)?hit:0,crit:0,critInjure:250,dodge:0,ignoreCrit:0,ignoreCritInjure:0,critBoss:250,critInjureBoss:0
[2026-06-14 02:32:43,353] ?????????(BUFF?)?hit:0,crit:0,critInjure:0,dodge:0,ignoreCrit:0,ignoreCritInjure:0,critBoss:0,critInjureBoss:0
[2026-06-14 02:32:43,353] ?????????(BUFF?)?maxPAtk:155688,maxPDef:88198,maxMDef:65660,ignorePDef:0,ignoreMDef:35063,injureAdd:100,injureIgnore:0,injureAddBoss:100
[2026-06-14 02:32:43,353] ?????????(BUFF?)?maxPAtk:7491,maxPDef:1446,maxMDef:1446,ignorePDef:0,ignoreMDef:0,injureAdd:0,injureIgnore:0,injureAddBoss:0
[2026-06-14 02:32:43,353] ?????????(BUFF?)?maxPAtk:155688,maxPDef:88198,maxMDef:65660,ignorePDef:0,ignoreMDef:35063,injureAdd:100,injureIgnore:0,injureAddBoss:100
[2026-06-14 02:32:43,353] ?????????(BUFF?)?maxPAtk:7491,maxPDef:1446,maxMDef:1446,ignorePDef:0,ignoreMDef:0,injureAdd:0,injureIgnore:0,injureAddBoss:0
[2026-06-14 02:32:43,353] ?????158901
[2026-06-14 02:32:43,353] ??????BUFF???158901
[2026-06-14 02:32:43,353] (Tifeng,c2a08f48-ef70-4506-b629-3bd6891df4e5) ???158901;????183466/723000
[2026-06-14 02:32:43,353] =========[?????]?????END??(Fireball)


[2026-06-14 02:32:43,616] >>>>>[Tifeng]?????BEGIN??(Boss Melee Attack), ??=NormalATK, ???????, ?????4
[2026-06-14 02:32:43,616] >>>>>[Tifeng]?????(????), ????[16,11]; ????[14,10]
[2026-06-14 02:32:43,616] ?????????1
[2026-06-14 02:32:43,616] >>>>???(Tifeng) -> (????) ?????100, ?????0, ?????0, ??XP???false
[2026-06-14 02:32:43,616] ?????????(BUFF?)?hit:0,crit:0,critInjure:0,dodge:0,ignoreCrit:0,ignoreCritInjure:0,critBoss:0,critInjureBoss:0
[2026-06-14 02:32:43,616] ?????????(BUFF?)?hit:60,crit:288,critInjure:610,dodge:15,ignoreCrit:0,ignoreCritInjure:0,critBoss:250,critInjureBoss:0
[2026-06-14 02:32:43,616] ?????????(BUFF?)?hit:0,crit:0,critInjure:0,dodge:0,ignoreCrit:0,ignoreCritInjure:0,critBoss:0,critInjureBoss:0
[2026-06-14 02:32:43,616] ?????????(BUFF?)?hit:60,crit:288,critInjure:610,dodge:15,ignoreCrit:0,ignoreCritInjure:0,critBoss:250,critInjureBoss:0
[2026-06-14 02:32:43,616] ?????????(BUFF?)?maxPAtk:7491,maxPDef:1446,maxMDef:1446,ignorePDef:0,ignoreMDef:0,injureAdd:0,injureIgnore:0,injureAddBoss:0
[2026-06-14 02:32:43,616] ?????????(BUFF?)?maxPAtk:537036,maxPDef:320573,maxMDef:292686,ignorePDef:923,ignoreMDef:1836,injureAdd:0,injureIgnore:1000,injureAddBoss:100
[2026-06-14 02:32:43,616] ?????????(BUFF?)?maxPAtk:7491,maxPDef:1446,maxMDef:1446,ignorePDef:0,ignoreMDef:0,injureAdd:0,injureIgnore:0,injureAddBoss:0
[2026-06-14 02:32:43,616] ?????????(BUFF?)?maxPAtk:537036,maxPDef:320573,maxMDef:292686,ignorePDef:923,ignoreMDef:1836,injureAdd:0,injureIgnore:1000,injureAddBoss:100
[2026-06-14 02:32:43,616] ?????153
[2026-06-14 02:32:43,616] ??????BUFF???153
[2026-06-14 02:32:43,616] [????]??BUFF?(Giant Rock Holy Shield), ??=Absorb Max HP|C:0x34E22C&T:20%|T:damage, ?????3892
[2026-06-14 02:32:43,616] [????]?????153, ?????1389832
[2026-06-14 02:32:43,616] (????,d1806f2b-c67b-4e48-8e65-e94548e56e23) ???0;????6949926/6949926
[2026-06-14 02:32:43,616] =========[Tifeng]?????END??(Boss Melee Attack)

[2026-06-14 02:32:43,666] (????) ???1200;????6949926/6949926

[2026-06-14 02:32:43,670] ????????[bd0d352c-abdf-4576-a426-08b6080bd21e]->[c2a08f48-ef70-4506-b629-3bd6891df4e5],?????[1201]
[2026-06-14 02:32:43,670] ??????????[Otherworld Elf Ruila,bd0d352c-abdf-4576-a426-08b6080bd21e]->[Tifeng,c2a08f48-ef70-4506-b629-3bd6891df4e5],?????[1201]

[2026-06-14 02:32:43,670] >>>>>[Otherworld Elf Ruila]?????BEGIN??(Fireball), ??=Single Target ATK, uses Magic's power to form a fireball, targeting Single target,deal|C:0x34E22C&T:100%+100|T:Magic Damage., ???Tifeng, ?????2
[2026-06-14 02:32:43,670] >>>>>[Otherworld Elf Ruila]?????(Tifeng), ????[11,11]; ????[16,11]
[2026-06-14 02:32:43,670] ?????????1
[2026-06-14 02:32:43,670] >>>>???(Otherworld Elf Ruila) -> (Tifeng) ?????100, ?????100, ?????1, ??XP???false
[2026-06-14 02:32:43,670] ?????????(BUFF?)?hit:0,crit:0,critInjure:250,dodge:0,ignoreCrit:0,ignoreCritInjure:0,critBoss:250,critInjureBoss:0
[2026-06-14 02:32:43,670] ?????????(BUFF?)?hit:0,crit:0,critInjure:0,dodge:0,ignoreCrit:0,ignoreCritInjure:0,critBoss:0,critInjureBoss:0
[2026-06-14 02:32:43,670] ?????????(BUFF?)?hit:0,crit:0,critInjure:250,dodge:0,ignoreCrit:0,ignoreCritInjure:0,critBoss:250,critInjureBoss:0
[2026-06-14 02:32:43,670] ?????????(BUFF?)?hit:0,crit:0,critInjure:0,dodge:0,ignoreCrit:0,ignoreCritInjure:0,critBoss:0,critInjureBoss:0
[2026-06-14 02:32:43,670] ?????????(BUFF?)?maxPAtk:109807,maxPDef:68309,maxMDef:37615,ignorePDef:0,ignoreMDef:6887,injureAdd:0,injureIgnore:0,injureAddBoss:100
[2026-06-14 02:32:43,670] ?????????(BUFF?)?maxPAtk:7491,maxPDef:1446,maxMDef:1446,ignorePDef:0,ignoreMDef:0,injureAdd:0,injureIgnore:0,injureAddBoss:0
[2026-06-14 02:32:43,670] ?????????(BUFF?)?maxPAtk:109807,maxPDef:68309,maxMDef:37615,ignorePDef:0,ignoreMDef:6887,injureAdd:0,injureIgnore:0,injureAddBoss:100
[2026-06-14 02:32:43,670] ?????????(BUFF?)?maxPAtk:7491,maxPDef:1446,maxMDef:1446,ignorePDef:0,ignoreMDef:0,injureAdd:0,injureIgnore:0,injureAddBoss:0
[2026-06-14 02:32:43,670] ??~~
[2026-06-14 02:32:43,670] ?????169229
[2026-06-14 02:32:43,670] ??????BUFF???169229
[2026-06-14 02:32:43,670] (Tifeng,c2a08f48-ef70-4506-b629-3bd6891df4e5) ???169229;????14237/723000
[2026-06-14 02:32:43,670] =========[Otherworld Elf Ruila]?????END??(Fireball)


[2026-06-14 02:32:43,705] ????????[65b226f4-3d1c-4a60-838c-6aa6fda1c644]->[c2a08f48-ef70-4506-b629-3bd6891df4e5],?????[1201]
[2026-06-14 02:32:43,705] ??????????[?????,65b226f4-3d1c-4a60-838c-6aa6fda1c644]->[Tifeng,c2a08f48-ef70-4506-b629-3bd6891df4e5],?????[1201]

[2026-06-14 02:32:43,705] >>>>>[?????]?????BEGIN??(Fireball), ??=Single Target ATK, uses Magic's power to form a fireball, targeting Single target,deal|C:0x34E22C&T:100%+100|T:Magic Damage., ???Tifeng, ?????2
[2026-06-14 02:32:43,705] >>>>>[?????]?????(Tifeng), ????[11,11]; ????[16,11]
[2026-06-14 02:32:43,705] ?????????1
[2026-06-14 02:32:43,705] >>>>???(?????) -> (Tifeng) ?????100, ?????100, ?????1, ??XP???false
[2026-06-14 02:32:43,705] ?????????(BUFF?)?hit:0,crit:0,critInjure:250,dodge:0,ignoreCrit:0,ignoreCritInjure:0,critBoss:250,critInjureBoss:0
[2026-06-14 02:32:43,705] ?????????(BUFF?)?hit:0,crit:0,critInjure:0,dodge:0,ignoreCrit:0,ignoreCritInjure:0,critBoss:0,critInjureBoss:0
[2026-06-14 02:32:43,705] ?????????(BUFF?)?hit:0,crit:0,critInjure:250,dodge:0,ignoreCrit:0,ignoreCritInjure:0,critBoss:250,critInjureBoss:0
[2026-06-14 02:32:43,705] ?????????(BUFF?)?hit:0,crit:0,critInjure:0,dodge:0,ignoreCrit:0,ignoreCritInjure:0,critBoss:0,critInjureBoss:0
[2026-06-14 02:32:43,705] ?????????(BUFF?)?maxPAtk:109532,maxPDef:64692,maxMDef:38977,ignorePDef:0,ignoreMDef:5809,injureAdd:0,injureIgnore:0,injureAddBoss:100
[2026-06-14 02:32:43,705] ?????????(BUFF?)?maxPAtk:7491,maxPDef:1446,maxMDef:1446,ignorePDef:0,ignoreMDef:0,injureAdd:0,injureIgnore:0,injureAddBoss:0
[2026-06-14 02:32:43,705] ?????????(BUFF?)?maxPAtk:109532,maxPDef:64692,maxMDef:38977,ignorePDef:0,ignoreMDef:5809,injureAdd:0,injureIgnore:0,injureAddBoss:100
[2026-06-14 02:32:43,705] ?????????(BUFF?)?maxPAtk:7491,maxPDef:1446,maxMDef:1446,ignorePDef:0,ignoreMDef:0,injureAdd:0,injureIgnore:0,injureAddBoss:0
[2026-06-14 02:32:43,705] ?????110727
[2026-06-14 02:32:43,705] ??????BUFF???110727
[2026-06-14 02:32:43,705] (Tifeng,c2a08f48-ef70-4506-b629-3bd6891df4e5) ???110727;????0/723000
[2026-06-14 02:32:43,705] ???(????,d1806f2b-c67b-4e48-8e65-e94548e56e23) ??????: objectId=c2a08f48-ef70-4506-b629-3bd6891df4e5,status=0
[2026-06-14 02:32:43,707] (Tifeng,c2a08f48-ef70-4506-b629-3bd6891df4e5) ?????1781375563707
[2026-06-14 02:32:43,707] =========[?????]?????END??(Fireball)

[2026-06-14 02:32:44,307] ?canControlObject??????????name=[????]
