[2026-06-14 02:43:47,078] ?Knight Wraith?????????????
[2026-06-14 02:43:47,078] [????]??BUFF?(Giant Rock Holy Shield[3201])
[2026-06-14 02:43:47,078] (????) ???1200;????6949926/6949926

[2026-06-14 02:43:47,887] ????????[ebc35acd-9d47-43c8-b6d6-2e231c80d600]->[ea7ca251-1924-4894-9d2a-8e6433ab9118],?????[1201]
[2026-06-14 02:43:47,887] ??????????[?????,ebc35acd-9d47-43c8-b6d6-2e231c80d600]->[Knight Wraith,ea7ca251-1924-4894-9d2a-8e6433ab9118],?????[1201]

[2026-06-14 02:43:47,887] >>>>>[?????]?????BEGIN??(Fireball), ??=Single Target ATK, uses Magic's power to form a fireball, targeting Single target,deal|C:0x34E22C&T:100%+100|T:Magic Damage., ???Knight Wraith, ?????2
[2026-06-14 02:43:47,887] >>>>>[?????]?????(Knight Wraith), ????[10,12]; ????[15,12]
[2026-06-14 02:43:47,887] ?????????1
[2026-06-14 02:43:47,887] >>>>???(?????) -> (Knight Wraith) ?????100, ?????100, ?????1, ??XP???false
[2026-06-14 02:43:47,887] ?????????(BUFF?)?hit:0,crit:0,critInjure:250,dodge:0,ignoreCrit:0,ignoreCritInjure:0,critBoss:250,critInjureBoss:0
[2026-06-14 02:43:47,887] ?????????(BUFF?)?hit:0,crit:0,critInjure:0,dodge:0,ignoreCrit:0,ignoreCritInjure:0,critBoss:0,critInjureBoss:0
[2026-06-14 02:43:47,887] ?????????(BUFF?)?hit:0,crit:0,critInjure:250,dodge:0,ignoreCrit:0,ignoreCritInjure:0,critBoss:250,critInjureBoss:0
[2026-06-14 02:43:47,887] ?????????(BUFF?)?hit:0,crit:0,critInjure:0,dodge:0,ignoreCrit:0,ignoreCritInjure:0,critBoss:0,critInjureBoss:0
[2026-06-14 02:43:47,887] ?????????(BUFF?)?maxPAtk:155998,maxPDef:88275,maxMDef:65856,ignorePDef:0,ignoreMDef:35218,injureAdd:100,injureIgnore:0,injureAddBoss:100
[2026-06-14 02:43:47,887] ?????????(BUFF?)?maxPAtk:8637,maxPDef:1740,maxMDef:1740,ignorePDef:0,ignoreMDef:0,injureAdd:0,injureIgnore:0,injureAddBoss:0
[2026-06-14 02:43:47,887] ?????????(BUFF?)?maxPAtk:155998,maxPDef:88275,maxMDef:65856,ignorePDef:0,ignoreMDef:35218,injureAdd:100,injureIgnore:0,injureAddBoss:100
[2026-06-14 02:43:47,887] ?????????(BUFF?)?maxPAtk:8637,maxPDef:1740,maxMDef:1740,ignorePDef:0,ignoreMDef:0,injureAdd:0,injureIgnore:0,injureAddBoss:0
[2026-06-14 02:43:47,887] ?????159217
[2026-06-14 02:43:47,887] ??????BUFF???159217
[2026-06-14 02:43:47,887] (Knight Wraith,ea7ca251-1924-4894-9d2a-8e6433ab9118) ???159217;????710783/870000
[2026-06-14 02:43:47,887] =========[?????]?????END??(Fireball)


[2026-06-14 02:43:47,922] ????????[d1806f2b-c67b-4e48-8e65-e94548e56e23]->[ea7ca251-1924-4894-9d2a-8e6433ab9118],?????[9]
[2026-06-14 02:43:47,922] ??????????[????,d1806f2b-c67b-4e48-8e65-e94548e56e23]->[Knight Wraith,ea7ca251-1924-4894-9d2a-8e6433ab9118],?????[9]

[2026-06-14 02:43:47,922] >>>>>[????]?????BEGIN??(Giant Rock Holy Shield), ??=Support Skill, applies Shield Reduction of|C:0x34E22C&T:20%|T: damage value, for|C:0x34E22C&T:5|T:s, upon breaking, targets surrounding enemies, dealing|C:0x34E22C&T:120%+{0}|T:Magic Damage, ???????, ?????0
[2026-06-14 02:43:47,922] [????]??BUFF?(Giant Rock Holy Shield[3201]), ????=5000, ??=2000
[2026-06-14 02:43:47,922] [????]?????1389985
[2026-06-14 02:43:47,922] =========[????]???????????(Giant Rock Holy Shield)

[2026-06-14 02:43:48,027] ????????[????],posX=11,posY=12
[2026-06-14 02:43:48,078] (????) ???1200;????6949926/6949926

[2026-06-14 02:43:48,200] ????????[bd0d352c-abdf-4576-a426-08b6080bd21e]->[ea7ca251-1924-4894-9d2a-8e6433ab9118],?????[1201]
[2026-06-14 02:43:48,200] ??????????[Otherworld Elf Ruila,bd0d352c-abdf-4576-a426-08b6080bd21e]->[Knight Wraith,ea7ca251-1924-4894-9d2a-8e6433ab9118],?????[1201]

[2026-06-14 02:43:48,200] >>>>>[Otherworld Elf Ruila]?????BEGIN??(Fireball), ??=Single Target ATK, uses Magic's power to form a fireball, targeting Single target,deal|C:0x34E22C&T:100%+100|T:Magic Damage., ???Knight Wraith, ?????2
[2026-06-14 02:43:48,200] >>>>>[Otherworld Elf Ruila]?????(Knight Wraith), ????[10,12]; ????[15,12]
[2026-06-14 02:43:48,200] ?????????1
[2026-06-14 02:43:48,200] >>>>???(Otherworld Elf Ruila) -> (Knight Wraith) ?????100, ?????100, ?????1, ??XP???false
[2026-06-14 02:43:48,200] ?????????(BUFF?)?hit:0,crit:0,critInjure:250,dodge:0,ignoreCrit:0,ignoreCritInjure:0,critBoss:250,critInjureBoss:0
[2026-06-14 02:43:48,200] ?????????(BUFF?)?hit:0,crit:0,critInjure:0,dodge:0,ignoreCrit:0,ignoreCritInjure:0,critBoss:0,critInjureBoss:0
[2026-06-14 02:43:48,200] ?????????(BUFF?)?hit:0,crit:0,critInjure:250,dodge:0,ignoreCrit:0,ignoreCritInjure:0,critBoss:250,critInjureBoss:0
[2026-06-14 02:43:48,200] ?????????(BUFF?)?hit:0,crit:0,critInjure:0,dodge:0,ignoreCrit:0,ignoreCritInjure:0,critBoss:0,critInjureBoss:0
[2026-06-14 02:43:48,200] ?????????(BUFF?)?maxPAtk:109807,maxPDef:68309,maxMDef:37615,ignorePDef:0,ignoreMDef:6887,injureAdd:0,injureIgnore:0,injureAddBoss:100
[2026-06-14 02:43:48,200] ?????????(BUFF?)?maxPAtk:8637,maxPDef:1740,maxMDef:1740,ignorePDef:0,ignoreMDef:0,injureAdd:0,injureIgnore:0,injureAddBoss:0
[2026-06-14 02:43:48,200] ?????????(BUFF?)?maxPAtk:109807,maxPDef:68309,maxMDef:37615,ignorePDef:0,ignoreMDef:6887,injureAdd:0,injureIgnore:0,injureAddBoss:100
[2026-06-14 02:43:48,200] ?????????(BUFF?)?maxPAtk:8637,maxPDef:1740,maxMDef:1740,ignorePDef:0,ignoreMDef:0,injureAdd:0,injureIgnore:0,injureAddBoss:0
[2026-06-14 02:43:48,200] ??~~
[2026-06-14 02:43:48,200] ?????169229
[2026-06-14 02:43:48,200] ??????BUFF???169229
[2026-06-14 02:43:48,200] (Knight Wraith,ea7ca251-1924-4894-9d2a-8e6433ab9118) ???169229;????541554/870000
[2026-06-14 02:43:48,200] =========[Otherworld Elf Ruila]?????END??(Fireball)


[2026-06-14 02:43:48,236] ????????[65b226f4-3d1c-4a60-838c-6aa6fda1c644]->[ea7ca251-1924-4894-9d2a-8e6433ab9118],?????[1201]
[2026-06-14 02:43:48,236] ??????????[?????,65b226f4-3d1c-4a60-838c-6aa6fda1c644]->[Knight Wraith,ea7ca251-1924-4894-9d2a-8e6433ab9118],?????[1201]

[2026-06-14 02:43:48,236] >>>>>[?????]?????BEGIN??(Fireball), ??=Single Target ATK, uses Magic's power to form a fireball, targeting Single target,deal|C:0x34E22C&T:100%+100|T:Magic Damage., ???Knight Wraith, ?????2
[2026-06-14 02:43:48,236] >>>>>[?????]?????(Knight Wraith), ????[10,12]; ????[15,12]
[2026-06-14 02:43:48,236] ?????????1
[2026-06-14 02:43:48,236] >>>>???(?????) -> (Knight Wraith) ?????100, ?????100, ?????1, ??XP???false
[2026-06-14 02:43:48,236] ?????????(BUFF?)?hit:0,crit:0,critInjure:250,dodge:0,ignoreCrit:0,ignoreCritInjure:0,critBoss:250,critInjureBoss:0
[2026-06-14 02:43:48,236] ?????????(BUFF?)?hit:0,crit:0,critInjure:0,dodge:0,ignoreCrit:0,ignoreCritInjure:0,critBoss:0,critInjureBoss:0
[2026-06-14 02:43:48,236] ?????????(BUFF?)?hit:0,crit:0,critInjure:250,dodge:0,ignoreCrit:0,ignoreCritInjure:0,critBoss:250,critInjureBoss:0
[2026-06-14 02:43:48,236] ?????????(BUFF?)?hit:0,crit:0,critInjure:0,dodge:0,ignoreCrit:0,ignoreCritInjure:0,critBoss:0,critInjureBoss:0
[2026-06-14 02:43:48,236] ?????????(BUFF?)?maxPAtk:109532,maxPDef:64692,maxMDef:38977,ignorePDef:0,ignoreMDef:5809,injureAdd:0,injureIgnore:0,injureAddBoss:100
[2026-06-14 02:43:48,236] ?????????(BUFF?)?maxPAtk:8637,maxPDef:1740,maxMDef:1740,ignorePDef:0,ignoreMDef:0,injureAdd:0,injureIgnore:0,injureAddBoss:0
[2026-06-14 02:43:48,236] ?????????(BUFF?)?maxPAtk:109532,maxPDef:64692,maxMDef:38977,ignorePDef:0,ignoreMDef:5809,injureAdd:0,injureIgnore:0,injureAddBoss:100
[2026-06-14 02:43:48,236] ?????????(BUFF?)?maxPAtk:8637,maxPDef:1740,maxMDef:1740,ignorePDef:0,ignoreMDef:0,injureAdd:0,injureIgnore:0,injureAddBoss:0
[2026-06-14 02:43:48,236] ?????110727
[2026-06-14 02:43:48,236] ??????BUFF???110727
[2026-06-14 02:43:48,236] (Knight Wraith,ea7ca251-1924-4894-9d2a-8e6433ab9118) ???110727;????430827/870000
[2026-06-14 02:43:48,236] =========[?????]?????END??(Fireball)

[2026-06-14 02:43:48,343] ????????[????],posX=12,posY=11
[2026-06-14 02:43:48,726] ????????[????],posX=13,posY=11

[2026-06-14 02:43:48,795] ????????[ebc35acd-9d47-43c8-b6d6-2e231c80d600]->[ea7ca251-1924-4894-9d2a-8e6433ab9118],?????[1201]
[2026-06-14 02:43:48,795] ??????????[?????,ebc35acd-9d47-43c8-b6d6-2e231c80d600]->[Knight Wraith,ea7ca251-1924-4894-9d2a-8e6433ab9118],?????[1201]

[2026-06-14 02:43:48,795] >>>>>[?????]?????BEGIN??(Fireball), ??=Single Target ATK, uses Magic's power to form a fireball, targeting Single target,deal|C:0x34E22C&T:100%+100|T:Magic Damage., ???Knight Wraith, ?????2
[2026-06-14 02:43:48,795] >>>>>[?????]?????(Knight Wraith), ????[10,12]; ????[15,12]
[2026-06-14 02:43:48,795] ?????????1
[2026-06-14 02:43:48,795] >>>>???(?????) -> (Knight Wraith) ?????100, ?????100, ?????1, ??XP???false
[2026-06-14 02:43:48,795] ?????????(BUFF?)?hit:0,crit:0,critInjure:250,dodge:0,ignoreCrit:0,ignoreCritInjure:0,critBoss:250,critInjureBoss:0
[2026-06-14 02:43:48,795] ?????????(BUFF?)?hit:0,crit:0,critInjure:0,dodge:0,ignoreCrit:0,ignoreCritInjure:0,critBoss:0,critInjureBoss:0
[2026-06-14 02:43:48,795] ?????????(BUFF?)?hit:0,crit:0,critInjure:250,dodge:0,ignoreCrit:0,ignoreCritInjure:0,critBoss:250,critInjureBoss:0
[2026-06-14 02:43:48,795] ?????????(BUFF?)?hit:0,crit:0,critInjure:0,dodge:0,ignoreCrit:0,ignoreCritInjure:0,critBoss:0,critInjureBoss:0
[2026-06-14 02:43:48,795] ?????????(BUFF?)?maxPAtk:155998,maxPDef:88275,maxMDef:65856,ignorePDef:0,ignoreMDef:35218,injureAdd:100,injureIgnore:0,injureAddBoss:100
[2026-06-14 02:43:48,795] ?????????(BUFF?)?maxPAtk:8637,maxPDef:1740,maxMDef:1740,ignorePDef:0,ignoreMDef:0,injureAdd:0,injureIgnore:0,injureAddBoss:0
[2026-06-14 02:43:48,795] ?????????(BUFF?)?maxPAtk:155998,maxPDef:88275,maxMDef:65856,ignorePDef:0,ignoreMDef:35218,injureAdd:100,injureIgnore:0,injureAddBoss:100
[2026-06-14 02:43:48,795] ?????????(BUFF?)?maxPAtk:8637,maxPDef:1740,maxMDef:1740,ignorePDef:0,ignoreMDef:0,injureAdd:0,injureIgnore:0,injureAddBoss:0
[2026-06-14 02:43:48,795] ?????159217
[2026-06-14 02:43:48,795] ??????BUFF???159217
[2026-06-14 02:43:48,795] (Knight Wraith,ea7ca251-1924-4894-9d2a-8e6433ab9118) ???159217;????271610/870000
[2026-06-14 02:43:48,796] =========[?????]?????END??(Fireball)


[2026-06-14 02:43:49,028] >>>>>[Knight Wraith]?????BEGIN??(Boss Melee Attack), ??=NormalATK, ???????, ?????4
[2026-06-14 02:43:49,028] >>>>>[Knight Wraith]?????(????), ????[15,12]; ????[13,11]
[2026-06-14 02:43:49,028] ?????????1
[2026-06-14 02:43:49,028] >>>>???(Knight Wraith) -> (????) ?????100, ?????0, ?????0, ??XP???false
[2026-06-14 02:43:49,028] ?????????(BUFF?)?hit:0,crit:0,critInjure:0,dodge:0,ignoreCrit:0,ignoreCritInjure:0,critBoss:0,critInjureBoss:0
[2026-06-14 02:43:49,028] ?????????(BUFF?)?hit:60,crit:288,critInjure:610,dodge:15,ignoreCrit:0,ignoreCritInjure:0,critBoss:250,critInjureBoss:0
[2026-06-14 02:43:49,028] ?????????(BUFF?)?hit:0,crit:0,critInjure:0,dodge:0,ignoreCrit:0,ignoreCritInjure:0,critBoss:0,critInjureBoss:0
[2026-06-14 02:43:49,028] ?????????(BUFF?)?hit:60,crit:288,critInjure:610,dodge:15,ignoreCrit:0,ignoreCritInjure:0,critBoss:250,critInjureBoss:0
[2026-06-14 02:43:49,028] ?????????(BUFF?)?maxPAtk:8637,maxPDef:1740,maxMDef:1740,ignorePDef:0,ignoreMDef:0,injureAdd:0,injureIgnore:0,injureAddBoss:0
[2026-06-14 02:43:49,028] ?????????(BUFF?)?maxPAtk:537036,maxPDef:320573,maxMDef:292686,ignorePDef:923,ignoreMDef:1836,injureAdd:0,injureIgnore:1000,injureAddBoss:100
[2026-06-14 02:43:49,028] ?????????(BUFF?)?maxPAtk:8637,maxPDef:1740,maxMDef:1740,ignorePDef:0,ignoreMDef:0,injureAdd:0,injureIgnore:0,injureAddBoss:0
[2026-06-14 02:43:49,028] ?????????(BUFF?)?maxPAtk:537036,maxPDef:320573,maxMDef:292686,ignorePDef:923,ignoreMDef:1836,injureAdd:0,injureIgnore:1000,injureAddBoss:100
[2026-06-14 02:43:49,028] ?????203
[2026-06-14 02:43:49,028] ??????BUFF???203
[2026-06-14 02:43:49,028] [????]??BUFF?(Giant Rock Holy Shield), ??=Absorb Max HP|C:0x34E22C&T:20%|T:damage, ?????3894
[2026-06-14 02:43:49,028] [????]?????203, ?????1389782
[2026-06-14 02:43:49,028] (????,d1806f2b-c67b-4e48-8e65-e94548e56e23) ???0;????6949926/6949926
[2026-06-14 02:43:49,028] =========[Knight Wraith]?????END??(Boss Melee Attack)

[2026-06-14 02:43:49,079] (????) ???1200;????6949926/6949926

[2026-06-14 02:43:49,111] ????????[bd0d352c-abdf-4576-a426-08b6080bd21e]->[ea7ca251-1924-4894-9d2a-8e6433ab9118],?????[1201]
[2026-06-14 02:43:49,111] ??????????[Otherworld Elf Ruila,bd0d352c-abdf-4576-a426-08b6080bd21e]->[Knight Wraith,ea7ca251-1924-4894-9d2a-8e6433ab9118],?????[1201]

[2026-06-14 02:43:49,111] >>>>>[Otherworld Elf Ruila]?????BEGIN??(Fireball), ??=Single Target ATK, uses Magic's power to form a fireball, targeting Single target,deal|C:0x34E22C&T:100%+100|T:Magic Damage., ???Knight Wraith, ?????2
[2026-06-14 02:43:49,111] >>>>>[Otherworld Elf Ruila]?????(Knight Wraith), ????[10,12]; ????[15,12]
[2026-06-14 02:43:49,111] ?????????1
[2026-06-14 02:43:49,111] >>>>???(Otherworld Elf Ruila) -> (Knight Wraith) ?????100, ?????100, ?????1, ??XP???false
[2026-06-14 02:43:49,111] ?????????(BUFF?)?hit:0,crit:0,critInjure:250,dodge:0,ignoreCrit:0,ignoreCritInjure:0,critBoss:250,critInjureBoss:0
[2026-06-14 02:43:49,111] ?????????(BUFF?)?hit:0,crit:0,critInjure:0,dodge:0,ignoreCrit:0,ignoreCritInjure:0,critBoss:0,critInjureBoss:0
[2026-06-14 02:43:49,111] ?????????(BUFF?)?hit:0,crit:0,critInjure:250,dodge:0,ignoreCrit:0,ignoreCritInjure:0,critBoss:250,critInjureBoss:0
[2026-06-14 02:43:49,111] ?????????(BUFF?)?hit:0,crit:0,critInjure:0,dodge:0,ignoreCrit:0,ignoreCritInjure:0,critBoss:0,critInjureBoss:0
[2026-06-14 02:43:49,111] ?????????(BUFF?)?maxPAtk:109807,maxPDef:68309,maxMDef:37615,ignorePDef:0,ignoreMDef:6887,injureAdd:0,injureIgnore:0,injureAddBoss:100
[2026-06-14 02:43:49,111] ?????????(BUFF?)?maxPAtk:8637,maxPDef:1740,maxMDef:1740,ignorePDef:0,ignoreMDef:0,injureAdd:0,injureIgnore:0,injureAddBoss:0
[2026-06-14 02:43:49,111] ?????????(BUFF?)?maxPAtk:109807,maxPDef:68309,maxMDef:37615,ignorePDef:0,ignoreMDef:6887,injureAdd:0,injureIgnore:0,injureAddBoss:100
[2026-06-14 02:43:49,111] ?????????(BUFF?)?maxPAtk:8637,maxPDef:1740,maxMDef:1740,ignorePDef:0,ignoreMDef:0,injureAdd:0,injureIgnore:0,injureAddBoss:0
[2026-06-14 02:43:49,111] ?????111005
[2026-06-14 02:43:49,111] ??????BUFF???111005
[2026-06-14 02:43:49,111] (Knight Wraith,ea7ca251-1924-4894-9d2a-8e6433ab9118) ???111005;????160605/870000
[2026-06-14 02:43:49,111] =========[Otherworld Elf Ruila]?????END??(Fireball)


[2026-06-14 02:43:49,148] ????????[65b226f4-3d1c-4a60-838c-6aa6fda1c644]->[ea7ca251-1924-4894-9d2a-8e6433ab9118],?????[1201]
[2026-06-14 02:43:49,148] ??????????[?????,65b226f4-3d1c-4a60-838c-6aa6fda1c644]->[Knight Wraith,ea7ca251-1924-4894-9d2a-8e6433ab9118],?????[1201]

[2026-06-14 02:43:49,148] >>>>>[?????]?????BEGIN??(Fireball), ??=Single Target ATK, uses Magic's power to form a fireball, targeting Single target,deal|C:0x34E22C&T:100%+100|T:Magic Damage., ???Knight Wraith, ?????2
[2026-06-14 02:43:49,148] >>>>>[?????]?????(Knight Wraith), ????[10,12]; ????[15,12]
[2026-06-14 02:43:49,148] ?????????1
[2026-06-14 02:43:49,148] >>>>???(?????) -> (Knight Wraith) ?????100, ?????100, ?????1, ??XP???false
[2026-06-14 02:43:49,148] ?????????(BUFF?)?hit:0,crit:0,critInjure:250,dodge:0,ignoreCrit:0,ignoreCritInjure:0,critBoss:250,critInjureBoss:0
[2026-06-14 02:43:49,148] ?????????(BUFF?)?hit:0,crit:0,critInjure:0,dodge:0,ignoreCrit:0,ignoreCritInjure:0,critBoss:0,critInjureBoss:0
[2026-06-14 02:43:49,148] ?????????(BUFF?)?hit:0,crit:0,critInjure:250,dodge:0,ignoreCrit:0,ignoreCritInjure:0,critBoss:250,critInjureBoss:0
[2026-06-14 02:43:49,148] ?????????(BUFF?)?hit:0,crit:0,critInjure:0,dodge:0,ignoreCrit:0,ignoreCritInjure:0,critBoss:0,critInjureBoss:0
[2026-06-14 02:43:49,148] ?????????(BUFF?)?maxPAtk:109532,maxPDef:64692,maxMDef:38977,ignorePDef:0,ignoreMDef:5809,injureAdd:0,injureIgnore:0,injureAddBoss:100
[2026-06-14 02:43:49,148] ?????????(BUFF?)?maxPAtk:8637,maxPDef:1740,maxMDef:1740,ignorePDef:0,ignoreMDef:0,injureAdd:0,injureIgnore:0,injureAddBoss:0
[2026-06-14 02:43:49,148] ?????????(BUFF?)?maxPAtk:109532,maxPDef:64692,maxMDef:38977,ignorePDef:0,ignoreMDef:5809,injureAdd:0,injureIgnore:0,injureAddBoss:100
[2026-06-14 02:43:49,148] ?????????(BUFF?)?maxPAtk:8637,maxPDef:1740,maxMDef:1740,ignorePDef:0,ignoreMDef:0,injureAdd:0,injureIgnore:0,injureAddBoss:0
[2026-06-14 02:43:49,148] ?????110727
[2026-06-14 02:43:49,148] ??????BUFF???110727
[2026-06-14 02:43:49,148] (Knight Wraith,ea7ca251-1924-4894-9d2a-8e6433ab9118) ???110727;????49878/870000
[2026-06-14 02:43:49,148] =========[?????]?????END??(Fireball)


[2026-06-14 02:43:49,713] ????????[ebc35acd-9d47-43c8-b6d6-2e231c80d600]->[ea7ca251-1924-4894-9d2a-8e6433ab9118],?????[1201]
[2026-06-14 02:43:49,713] ??????????[?????,ebc35acd-9d47-43c8-b6d6-2e231c80d600]->[Knight Wraith,ea7ca251-1924-4894-9d2a-8e6433ab9118],?????[1201]

[2026-06-14 02:43:49,713] >>>>>[?????]?????BEGIN??(Fireball), ??=Single Target ATK, uses Magic's power to form a fireball, targeting Single target,deal|C:0x34E22C&T:100%+100|T:Magic Damage., ???Knight Wraith, ?????2
[2026-06-14 02:43:49,713] >>>>>[?????]?????(Knight Wraith), ????[10,12]; ????[15,12]
[2026-06-14 02:43:49,713] ?????????1
[2026-06-14 02:43:49,713] >>>>???(?????) -> (Knight Wraith) ?????100, ?????100, ?????1, ??XP???false
[2026-06-14 02:43:49,713] ?????????(BUFF?)?hit:0,crit:0,critInjure:250,dodge:0,ignoreCrit:0,ignoreCritInjure:0,critBoss:250,critInjureBoss:0
[2026-06-14 02:43:49,713] ?????????(BUFF?)?hit:0,crit:0,critInjure:0,dodge:0,ignoreCrit:0,ignoreCritInjure:0,critBoss:0,critInjureBoss:0
[2026-06-14 02:43:49,713] ?????????(BUFF?)?hit:0,crit:0,critInjure:250,dodge:0,ignoreCrit:0,ignoreCritInjure:0,critBoss:250,critInjureBoss:0
[2026-06-14 02:43:49,713] ?????????(BUFF?)?hit:0,crit:0,critInjure:0,dodge:0,ignoreCrit:0,ignoreCritInjure:0,critBoss:0,critInjureBoss:0
[2026-06-14 02:43:49,713] ?????????(BUFF?)?maxPAtk:155998,maxPDef:88275,maxMDef:65856,ignorePDef:0,ignoreMDef:35218,injureAdd:100,injureIgnore:0,injureAddBoss:100
[2026-06-14 02:43:49,713] ?????????(BUFF?)?maxPAtk:8637,maxPDef:1740,maxMDef:1740,ignorePDef:0,ignoreMDef:0,injureAdd:0,injureIgnore:0,injureAddBoss:0
[2026-06-14 02:43:49,713] ?????????(BUFF?)?maxPAtk:155998,maxPDef:88275,maxMDef:65856,ignorePDef:0,ignoreMDef:35218,injureAdd:100,injureIgnore:0,injureAddBoss:100
[2026-06-14 02:43:49,713] ?????????(BUFF?)?maxPAtk:8637,maxPDef:1740,maxMDef:1740,ignorePDef:0,ignoreMDef:0,injureAdd:0,injureIgnore:0,injureAddBoss:0
[2026-06-14 02:43:49,713] ?????159217
[2026-06-14 02:43:49,713] ??????BUFF???159217
[2026-06-14 02:43:49,713] (Knight Wraith,ea7ca251-1924-4894-9d2a-8e6433ab9118) ???159217;????0/870000
[2026-06-14 02:43:49,713] ???(????,d1806f2b-c67b-4e48-8e65-e94548e56e23) ??????: objectId=ea7ca251-1924-4894-9d2a-8e6433ab9118,status=0
[2026-06-14 02:43:49,714] (Knight Wraith,ea7ca251-1924-4894-9d2a-8e6433ab9118) ?????1781376229714
[2026-06-14 02:43:49,714] =========[?????]?????END??(Fireball)

[2026-06-14 02:43:49,783] ?canControlObject??????????name=[????]
