[2026-06-14 02:47:18,113] ?Spider?????????????
[2026-06-14 02:47:18,113] [????]??BUFF?(Giant Rock Holy Shield[3201])
[2026-06-14 02:47:18,113] (????) ???1200;????6949926/6949926

[2026-06-14 02:47:18,972] ????????[d1806f2b-c67b-4e48-8e65-e94548e56e23]->[661650bf-3a0a-472c-89bd-916d028fc5a5],?????[9]
[2026-06-14 02:47:18,972] ??????????[????,d1806f2b-c67b-4e48-8e65-e94548e56e23]->[Spider,661650bf-3a0a-472c-89bd-916d028fc5a5],?????[9]

[2026-06-14 02:47:18,972] >>>>>[????]?????BEGIN??(Giant Rock Holy Shield), ??=Support Skill, applies Shield Reduction of|C:0x34E22C&T:20%|T: damage value, for|C:0x34E22C&T:5|T:s, upon breaking, targets surrounding enemies, dealing|C:0x34E22C&T:120%+{0}|T:Magic Damage, ???????, ?????0
[2026-06-14 02:47:18,972] [????]??BUFF?(Giant Rock Holy Shield[3201]), ????=5000, ??=2000
[2026-06-14 02:47:18,972] [????]?????1389985
[2026-06-14 02:47:18,972] =========[????]???????????(Giant Rock Holy Shield)

[2026-06-14 02:47:19,078] ????????[????],posX=8,posY=14
[2026-06-14 02:47:19,114] (????) ???1200;????6949926/6949926

[2026-06-14 02:47:19,254] ????????[ebc35acd-9d47-43c8-b6d6-2e231c80d600]->[661650bf-3a0a-472c-89bd-916d028fc5a5],?????[1201]
[2026-06-14 02:47:19,254] ??????????[?????,ebc35acd-9d47-43c8-b6d6-2e231c80d600]->[Spider,661650bf-3a0a-472c-89bd-916d028fc5a5],?????[1201]

[2026-06-14 02:47:19,254] >>>>>[?????]?????BEGIN??(Fireball), ??=Single Target ATK, uses Magic's power to form a fireball, targeting Single target,deal|C:0x34E22C&T:100%+100|T:Magic Damage., ???Spider, ?????2
[2026-06-14 02:47:19,254] >>>>>[?????]?????(Spider), ????[9,14]; ????[4,14]
[2026-06-14 02:47:19,254] ?????????1
[2026-06-14 02:47:19,254] >>>>???(?????) -> (Spider) ?????100, ?????100, ?????1, ??XP???false
[2026-06-14 02:47:19,254] ?????????(BUFF?)?hit:0,crit:0,critInjure:250,dodge:0,ignoreCrit:0,ignoreCritInjure:0,critBoss:250,critInjureBoss:0
[2026-06-14 02:47:19,254] ?????????(BUFF?)?hit:0,crit:0,critInjure:0,dodge:0,ignoreCrit:0,ignoreCritInjure:0,critBoss:0,critInjureBoss:0
[2026-06-14 02:47:19,254] ?????????(BUFF?)?hit:0,crit:0,critInjure:250,dodge:0,ignoreCrit:0,ignoreCritInjure:0,critBoss:250,critInjureBoss:0
[2026-06-14 02:47:19,254] ?????????(BUFF?)?hit:0,crit:0,critInjure:0,dodge:0,ignoreCrit:0,ignoreCritInjure:0,critBoss:0,critInjureBoss:0
[2026-06-14 02:47:19,254] ?????????(BUFF?)?maxPAtk:155998,maxPDef:88275,maxMDef:65856,ignorePDef:0,ignoreMDef:35218,injureAdd:100,injureIgnore:0,injureAddBoss:100
[2026-06-14 02:47:19,254] ?????????(BUFF?)?maxPAtk:9018,maxPDef:1838,maxMDef:1838,ignorePDef:0,ignoreMDef:0,injureAdd:0,injureIgnore:0,injureAddBoss:0
[2026-06-14 02:47:19,254] ?????????(BUFF?)?maxPAtk:155998,maxPDef:88275,maxMDef:65856,ignorePDef:0,ignoreMDef:35218,injureAdd:100,injureIgnore:0,injureAddBoss:100
[2026-06-14 02:47:19,254] ?????????(BUFF?)?maxPAtk:9018,maxPDef:1838,maxMDef:1838,ignorePDef:0,ignoreMDef:0,injureAdd:0,injureIgnore:0,injureAddBoss:0
[2026-06-14 02:47:19,254] ??~~
[2026-06-14 02:47:19,254] ?????242753
[2026-06-14 02:47:19,254] ??????BUFF???242753
[2026-06-14 02:47:19,254] (Spider,661650bf-3a0a-472c-89bd-916d028fc5a5) ???242753;????676247/919000
[2026-06-14 02:47:19,254] =========[?????]?????END??(Fireball)


[2026-06-14 02:47:19,254] ????????[bd0d352c-abdf-4576-a426-08b6080bd21e]->[661650bf-3a0a-472c-89bd-916d028fc5a5],?????[1201]
[2026-06-14 02:47:19,254] ??????????[Otherworld Elf Ruila,bd0d352c-abdf-4576-a426-08b6080bd21e]->[Spider,661650bf-3a0a-472c-89bd-916d028fc5a5],?????[1201]

[2026-06-14 02:47:19,254] >>>>>[Otherworld Elf Ruila]?????BEGIN??(Fireball), ??=Single Target ATK, uses Magic's power to form a fireball, targeting Single target,deal|C:0x34E22C&T:100%+100|T:Magic Damage., ???Spider, ?????2
[2026-06-14 02:47:19,254] >>>>>[Otherworld Elf Ruila]?????(Spider), ????[9,14]; ????[4,14]
[2026-06-14 02:47:19,254] ?????????1
[2026-06-14 02:47:19,254] >>>>???(Otherworld Elf Ruila) -> (Spider) ?????100, ?????100, ?????1, ??XP???false
[2026-06-14 02:47:19,254] ?????????(BUFF?)?hit:0,crit:0,critInjure:250,dodge:0,ignoreCrit:0,ignoreCritInjure:0,critBoss:250,critInjureBoss:0
[2026-06-14 02:47:19,254] ?????????(BUFF?)?hit:0,crit:0,critInjure:0,dodge:0,ignoreCrit:0,ignoreCritInjure:0,critBoss:0,critInjureBoss:0
[2026-06-14 02:47:19,254] ?????????(BUFF?)?hit:0,crit:0,critInjure:250,dodge:0,ignoreCrit:0,ignoreCritInjure:0,critBoss:250,critInjureBoss:0
[2026-06-14 02:47:19,254] ?????????(BUFF?)?hit:0,crit:0,critInjure:0,dodge:0,ignoreCrit:0,ignoreCritInjure:0,critBoss:0,critInjureBoss:0
[2026-06-14 02:47:19,254] ?????????(BUFF?)?maxPAtk:109807,maxPDef:68309,maxMDef:37615,ignorePDef:0,ignoreMDef:6887,injureAdd:0,injureIgnore:0,injureAddBoss:100
[2026-06-14 02:47:19,254] ?????????(BUFF?)?maxPAtk:9018,maxPDef:1838,maxMDef:1838,ignorePDef:0,ignoreMDef:0,injureAdd:0,injureIgnore:0,injureAddBoss:0
[2026-06-14 02:47:19,254] ?????????(BUFF?)?maxPAtk:109807,maxPDef:68309,maxMDef:37615,ignorePDef:0,ignoreMDef:6887,injureAdd:0,injureIgnore:0,injureAddBoss:100
[2026-06-14 02:47:19,254] ?????????(BUFF?)?maxPAtk:9018,maxPDef:1838,maxMDef:1838,ignorePDef:0,ignoreMDef:0,injureAdd:0,injureIgnore:0,injureAddBoss:0
[2026-06-14 02:47:19,254] ?????111005
[2026-06-14 02:47:19,254] ??????BUFF???111005
[2026-06-14 02:47:19,254] (Spider,661650bf-3a0a-472c-89bd-916d028fc5a5) ???111005;????565242/919000
[2026-06-14 02:47:19,254] =========[Otherworld Elf Ruila]?????END??(Fireball)


[2026-06-14 02:47:19,290] ????????[65b226f4-3d1c-4a60-838c-6aa6fda1c644]->[661650bf-3a0a-472c-89bd-916d028fc5a5],?????[1201]
[2026-06-14 02:47:19,290] ??????????[?????,65b226f4-3d1c-4a60-838c-6aa6fda1c644]->[Spider,661650bf-3a0a-472c-89bd-916d028fc5a5],?????[1201]

[2026-06-14 02:47:19,290] >>>>>[?????]?????BEGIN??(Fireball), ??=Single Target ATK, uses Magic's power to form a fireball, targeting Single target,deal|C:0x34E22C&T:100%+100|T:Magic Damage., ???Spider, ?????2
[2026-06-14 02:47:19,290] >>>>>[?????]?????(Spider), ????[9,14]; ????[4,14]
[2026-06-14 02:47:19,290] ?????????1
[2026-06-14 02:47:19,290] >>>>???(?????) -> (Spider) ?????100, ?????100, ?????1, ??XP???false
[2026-06-14 02:47:19,290] ?????????(BUFF?)?hit:0,crit:0,critInjure:250,dodge:0,ignoreCrit:0,ignoreCritInjure:0,critBoss:250,critInjureBoss:0
[2026-06-14 02:47:19,290] ?????????(BUFF?)?hit:0,crit:0,critInjure:0,dodge:0,ignoreCrit:0,ignoreCritInjure:0,critBoss:0,critInjureBoss:0
[2026-06-14 02:47:19,290] ?????????(BUFF?)?hit:0,crit:0,critInjure:250,dodge:0,ignoreCrit:0,ignoreCritInjure:0,critBoss:250,critInjureBoss:0
[2026-06-14 02:47:19,290] ?????????(BUFF?)?hit:0,crit:0,critInjure:0,dodge:0,ignoreCrit:0,ignoreCritInjure:0,critBoss:0,critInjureBoss:0
[2026-06-14 02:47:19,290] ?????????(BUFF?)?maxPAtk:109532,maxPDef:64692,maxMDef:38977,ignorePDef:0,ignoreMDef:5809,injureAdd:0,injureIgnore:0,injureAddBoss:100
[2026-06-14 02:47:19,290] ?????????(BUFF?)?maxPAtk:9018,maxPDef:1838,maxMDef:1838,ignorePDef:0,ignoreMDef:0,injureAdd:0,injureIgnore:0,injureAddBoss:0
[2026-06-14 02:47:19,290] ?????????(BUFF?)?maxPAtk:109532,maxPDef:64692,maxMDef:38977,ignorePDef:0,ignoreMDef:5809,injureAdd:0,injureIgnore:0,injureAddBoss:100
[2026-06-14 02:47:19,290] ?????????(BUFF?)?maxPAtk:9018,maxPDef:1838,maxMDef:1838,ignorePDef:0,ignoreMDef:0,injureAdd:0,injureIgnore:0,injureAddBoss:0
[2026-06-14 02:47:19,290] ?????110727
[2026-06-14 02:47:19,290] ??????BUFF???110727
[2026-06-14 02:47:19,290] (Spider,661650bf-3a0a-472c-89bd-916d028fc5a5) ???110727;????454515/919000
[2026-06-14 02:47:19,290] =========[?????]?????END??(Fireball)

[2026-06-14 02:47:19,394] ????????[????],posX=7,posY=14
[2026-06-14 02:47:19,742] ????????[????],posX=6,posY=15

[2026-06-14 02:47:20,080] >>>>>[Spider]?????BEGIN??(Boss Melee Attack), ??=NormalATK, ???????, ?????4
[2026-06-14 02:47:20,080] >>>>>[Spider]?????(????), ????[4,14]; ????[6,15]
[2026-06-14 02:47:20,080] ?????????1
[2026-06-14 02:47:20,080] >>>>???(Spider) -> (????) ?????100, ?????0, ?????0, ??XP???false
[2026-06-14 02:47:20,080] ?????????(BUFF?)?hit:0,crit:0,critInjure:0,dodge:0,ignoreCrit:0,ignoreCritInjure:0,critBoss:0,critInjureBoss:0
[2026-06-14 02:47:20,080] ?????????(BUFF?)?hit:60,crit:288,critInjure:610,dodge:15,ignoreCrit:0,ignoreCritInjure:0,critBoss:250,critInjureBoss:0
[2026-06-14 02:47:20,080] ?????????(BUFF?)?hit:0,crit:0,critInjure:0,dodge:0,ignoreCrit:0,ignoreCritInjure:0,critBoss:0,critInjureBoss:0
[2026-06-14 02:47:20,080] ?????????(BUFF?)?hit:60,crit:288,critInjure:610,dodge:15,ignoreCrit:0,ignoreCritInjure:0,critBoss:250,critInjureBoss:0
[2026-06-14 02:47:20,080] ?????????(BUFF?)?maxPAtk:9018,maxPDef:1838,maxMDef:1838,ignorePDef:0,ignoreMDef:0,injureAdd:0,injureIgnore:0,injureAddBoss:0
[2026-06-14 02:47:20,080] ?????????(BUFF?)?maxPAtk:537036,maxPDef:320573,maxMDef:292686,ignorePDef:923,ignoreMDef:1836,injureAdd:0,injureIgnore:1000,injureAddBoss:100
[2026-06-14 02:47:20,080] [????]???????(Wing Strike), ??=1000, buffStr=602011, ???????
[2026-06-14 02:47:20,080] [????]??BUFF?(Wing Strike[2302]), ????=0, ??=10000
[2026-06-14 02:47:20,080] ?????????(BUFF?)?maxPAtk:9018,maxPDef:1838,maxMDef:1838,ignorePDef:0,ignoreMDef:0,injureAdd:0,injureIgnore:0,injureAddBoss:0
[2026-06-14 02:47:20,080] ?????????(BUFF?)?maxPAtk:537036,maxPDef:320573,maxMDef:292686,ignorePDef:923,ignoreMDef:1836,injureAdd:0,injureIgnore:1000,injureAddBoss:100
[2026-06-14 02:47:20,080] ?????221
[2026-06-14 02:47:20,080] ??????BUFF???221
[2026-06-14 02:47:20,080] [????]??BUFF?(Giant Rock Holy Shield), ??=Absorb Max HP|C:0x34E22C&T:20%|T:damage, ?????3892
[2026-06-14 02:47:20,080] [????]?????221, ?????1389764
[2026-06-14 02:47:20,080] (????,d1806f2b-c67b-4e48-8e65-e94548e56e23) ???0;????6949926/6949926
[2026-06-14 02:47:20,080] [????]??BUFF?(Wing Strike), ??=deal|C:0x34E22C&T:10000|T: ptscounterattack damage, ?????0
[2026-06-14 02:47:20,080] (Spider,661650bf-3a0a-472c-89bd-916d028fc5a5) ???10000;????444515/919000
[2026-06-14 02:47:20,080] =========[Spider]?????END??(Boss Melee Attack)

[2026-06-14 02:47:20,082] [????]??BUFF?(Wing Strike[2302])
[2026-06-14 02:47:20,115] (????) ???1200;????6949926/6949926

[2026-06-14 02:47:20,164] ????????[ebc35acd-9d47-43c8-b6d6-2e231c80d600]->[661650bf-3a0a-472c-89bd-916d028fc5a5],?????[1201]
[2026-06-14 02:47:20,164] ??????????[?????,ebc35acd-9d47-43c8-b6d6-2e231c80d600]->[Spider,661650bf-3a0a-472c-89bd-916d028fc5a5],?????[1201]

[2026-06-14 02:47:20,164] >>>>>[?????]?????BEGIN??(Fireball), ??=Single Target ATK, uses Magic's power to form a fireball, targeting Single target,deal|C:0x34E22C&T:100%+100|T:Magic Damage., ???Spider, ?????2
[2026-06-14 02:47:20,164] >>>>>[?????]?????(Spider), ????[9,14]; ????[4,14]
[2026-06-14 02:47:20,164] ?????????1
[2026-06-14 02:47:20,164] >>>>???(?????) -> (Spider) ?????100, ?????100, ?????1, ??XP???false
[2026-06-14 02:47:20,164] ?????????(BUFF?)?hit:0,crit:0,critInjure:250,dodge:0,ignoreCrit:0,ignoreCritInjure:0,critBoss:250,critInjureBoss:0
[2026-06-14 02:47:20,164] ?????????(BUFF?)?hit:0,crit:0,critInjure:0,dodge:0,ignoreCrit:0,ignoreCritInjure:0,critBoss:0,critInjureBoss:0
[2026-06-14 02:47:20,164] ?????????(BUFF?)?hit:0,crit:0,critInjure:250,dodge:0,ignoreCrit:0,ignoreCritInjure:0,critBoss:250,critInjureBoss:0
[2026-06-14 02:47:20,164] ?????????(BUFF?)?hit:0,crit:0,critInjure:0,dodge:0,ignoreCrit:0,ignoreCritInjure:0,critBoss:0,critInjureBoss:0
[2026-06-14 02:47:20,164] ?????????(BUFF?)?maxPAtk:155998,maxPDef:88275,maxMDef:65856,ignorePDef:0,ignoreMDef:35218,injureAdd:100,injureIgnore:0,injureAddBoss:100
[2026-06-14 02:47:20,164] ?????????(BUFF?)?maxPAtk:9018,maxPDef:1838,maxMDef:1838,ignorePDef:0,ignoreMDef:0,injureAdd:0,injureIgnore:0,injureAddBoss:0
[2026-06-14 02:47:20,164] ?????????(BUFF?)?maxPAtk:155998,maxPDef:88275,maxMDef:65856,ignorePDef:0,ignoreMDef:35218,injureAdd:100,injureIgnore:0,injureAddBoss:100
[2026-06-14 02:47:20,164] ?????????(BUFF?)?maxPAtk:9018,maxPDef:1838,maxMDef:1838,ignorePDef:0,ignoreMDef:0,injureAdd:0,injureIgnore:0,injureAddBoss:0
[2026-06-14 02:47:20,164] ?????159217
[2026-06-14 02:47:20,164] ??????BUFF???159217
[2026-06-14 02:47:20,164] (Spider,661650bf-3a0a-472c-89bd-916d028fc5a5) ???159217;????285298/919000
[2026-06-14 02:47:20,164] =========[?????]?????END??(Fireball)


[2026-06-14 02:47:20,164] ????????[bd0d352c-abdf-4576-a426-08b6080bd21e]->[661650bf-3a0a-472c-89bd-916d028fc5a5],?????[1201]
[2026-06-14 02:47:20,164] ??????????[Otherworld Elf Ruila,bd0d352c-abdf-4576-a426-08b6080bd21e]->[Spider,661650bf-3a0a-472c-89bd-916d028fc5a5],?????[1201]

[2026-06-14 02:47:20,164] >>>>>[Otherworld Elf Ruila]?????BEGIN??(Fireball), ??=Single Target ATK, uses Magic's power to form a fireball, targeting Single target,deal|C:0x34E22C&T:100%+100|T:Magic Damage., ???Spider, ?????2
[2026-06-14 02:47:20,164] >>>>>[Otherworld Elf Ruila]?????(Spider), ????[9,14]; ????[4,14]
[2026-06-14 02:47:20,164] ?????????1
[2026-06-14 02:47:20,164] >>>>???(Otherworld Elf Ruila) -> (Spider) ?????100, ?????100, ?????1, ??XP???false
[2026-06-14 02:47:20,164] ?????????(BUFF?)?hit:0,crit:0,critInjure:250,dodge:0,ignoreCrit:0,ignoreCritInjure:0,critBoss:250,critInjureBoss:0
[2026-06-14 02:47:20,164] ?????????(BUFF?)?hit:0,crit:0,critInjure:0,dodge:0,ignoreCrit:0,ignoreCritInjure:0,critBoss:0,critInjureBoss:0
[2026-06-14 02:47:20,164] ?????????(BUFF?)?hit:0,crit:0,critInjure:250,dodge:0,ignoreCrit:0,ignoreCritInjure:0,critBoss:250,critInjureBoss:0
[2026-06-14 02:47:20,164] ?????????(BUFF?)?hit:0,crit:0,critInjure:0,dodge:0,ignoreCrit:0,ignoreCritInjure:0,critBoss:0,critInjureBoss:0
[2026-06-14 02:47:20,164] ?????????(BUFF?)?maxPAtk:109807,maxPDef:68309,maxMDef:37615,ignorePDef:0,ignoreMDef:6887,injureAdd:0,injureIgnore:0,injureAddBoss:100
[2026-06-14 02:47:20,164] ?????????(BUFF?)?maxPAtk:9018,maxPDef:1838,maxMDef:1838,ignorePDef:0,ignoreMDef:0,injureAdd:0,injureIgnore:0,injureAddBoss:0
[2026-06-14 02:47:20,164] ?????????(BUFF?)?maxPAtk:109807,maxPDef:68309,maxMDef:37615,ignorePDef:0,ignoreMDef:6887,injureAdd:0,injureIgnore:0,injureAddBoss:100
[2026-06-14 02:47:20,164] ?????????(BUFF?)?maxPAtk:9018,maxPDef:1838,maxMDef:1838,ignorePDef:0,ignoreMDef:0,injureAdd:0,injureIgnore:0,injureAddBoss:0
[2026-06-14 02:47:20,164] ?????111005
[2026-06-14 02:47:20,164] ??????BUFF???111005
[2026-06-14 02:47:20,164] (Spider,661650bf-3a0a-472c-89bd-916d028fc5a5) ???111005;????174293/919000
[2026-06-14 02:47:20,164] =========[Otherworld Elf Ruila]?????END??(Fireball)


[2026-06-14 02:47:20,200] ????????[65b226f4-3d1c-4a60-838c-6aa6fda1c644]->[661650bf-3a0a-472c-89bd-916d028fc5a5],?????[1201]
[2026-06-14 02:47:20,200] ??????????[?????,65b226f4-3d1c-4a60-838c-6aa6fda1c644]->[Spider,661650bf-3a0a-472c-89bd-916d028fc5a5],?????[1201]

[2026-06-14 02:47:20,200] >>>>>[?????]?????BEGIN??(Fireball), ??=Single Target ATK, uses Magic's power to form a fireball, targeting Single target,deal|C:0x34E22C&T:100%+100|T:Magic Damage., ???Spider, ?????2
[2026-06-14 02:47:20,200] >>>>>[?????]?????(Spider), ????[9,14]; ????[4,14]
[2026-06-14 02:47:20,200] ?????????1
[2026-06-14 02:47:20,200] >>>>???(?????) -> (Spider) ?????100, ?????100, ?????1, ??XP???false
[2026-06-14 02:47:20,200] ?????????(BUFF?)?hit:0,crit:0,critInjure:250,dodge:0,ignoreCrit:0,ignoreCritInjure:0,critBoss:250,critInjureBoss:0
[2026-06-14 02:47:20,200] ?????????(BUFF?)?hit:0,crit:0,critInjure:0,dodge:0,ignoreCrit:0,ignoreCritInjure:0,critBoss:0,critInjureBoss:0
[2026-06-14 02:47:20,200] ?????????(BUFF?)?hit:0,crit:0,critInjure:250,dodge:0,ignoreCrit:0,ignoreCritInjure:0,critBoss:250,critInjureBoss:0
[2026-06-14 02:47:20,200] ?????????(BUFF?)?hit:0,crit:0,critInjure:0,dodge:0,ignoreCrit:0,ignoreCritInjure:0,critBoss:0,critInjureBoss:0
[2026-06-14 02:47:20,200] ?????????(BUFF?)?maxPAtk:109532,maxPDef:64692,maxMDef:38977,ignorePDef:0,ignoreMDef:5809,injureAdd:0,injureIgnore:0,injureAddBoss:100
[2026-06-14 02:47:20,200] ?????????(BUFF?)?maxPAtk:9018,maxPDef:1838,maxMDef:1838,ignorePDef:0,ignoreMDef:0,injureAdd:0,injureIgnore:0,injureAddBoss:0
[2026-06-14 02:47:20,200] ?????????(BUFF?)?maxPAtk:109532,maxPDef:64692,maxMDef:38977,ignorePDef:0,ignoreMDef:5809,injureAdd:0,injureIgnore:0,injureAddBoss:100
[2026-06-14 02:47:20,200] ?????????(BUFF?)?maxPAtk:9018,maxPDef:1838,maxMDef:1838,ignorePDef:0,ignoreMDef:0,injureAdd:0,injureIgnore:0,injureAddBoss:0
[2026-06-14 02:47:20,200] ?????110727
[2026-06-14 02:47:20,200] ??????BUFF???110727
[2026-06-14 02:47:20,200] (Spider,661650bf-3a0a-472c-89bd-916d028fc5a5) ???110727;????63566/919000
[2026-06-14 02:47:20,200] =========[?????]?????END??(Fireball)


[2026-06-14 02:47:20,799] ????????[d1806f2b-c67b-4e48-8e65-e94548e56e23]->[661650bf-3a0a-472c-89bd-916d028fc5a5],?????[8]
[2026-06-14 02:47:20,799] ??????????[????,d1806f2b-c67b-4e48-8e65-e94548e56e23]->[Spider,661650bf-3a0a-472c-89bd-916d028fc5a5],?????[8]

[2026-06-14 02:47:20,799] >>>>>[????]?????BEGIN??(Wind Bead), ??=AoE ATK, targets Ranged AoE, dealing|C:0x34E22C&T:80%+{0}|T:Magic Damage, ???Spider, ?????2
[2026-06-14 02:47:20,799] >>>>>[????]?????(Spider), ????[6,15]; ????[4,14]
[2026-06-14 02:47:20,799] ?????????1
[2026-06-14 02:47:20,799] >>>>???(????) -> (Spider) ?????80, ?????8100, ?????1, ??XP???false
[2026-06-14 02:47:20,799] ?????????(BUFF?)?hit:60,crit:288,critInjure:610,dodge:15,ignoreCrit:0,ignoreCritInjure:0,critBoss:250,critInjureBoss:0
[2026-06-14 02:47:20,799] ?????????(BUFF?)?hit:0,crit:0,critInjure:0,dodge:0,ignoreCrit:0,ignoreCritInjure:0,critBoss:0,critInjureBoss:0
[2026-06-14 02:47:20,799] ?????????(BUFF?)?hit:60,crit:288,critInjure:610,dodge:15,ignoreCrit:0,ignoreCritInjure:0,critBoss:250,critInjureBoss:0
[2026-06-14 02:47:20,799] ?????????(BUFF?)?hit:0,crit:0,critInjure:0,dodge:0,ignoreCrit:0,ignoreCritInjure:0,critBoss:0,critInjureBoss:0
[2026-06-14 02:47:20,799] ?????????(BUFF?)?maxPAtk:537036,maxPDef:320573,maxMDef:292686,ignorePDef:923,ignoreMDef:1836,injureAdd:0,injureIgnore:1000,injureAddBoss:100
[2026-06-14 02:47:20,799] ?????????(BUFF?)?maxPAtk:9018,maxPDef:1838,maxMDef:1838,ignorePDef:0,ignoreMDef:0,injureAdd:0,injureIgnore:0,injureAddBoss:0
[2026-06-14 02:47:20,799] ?????????(BUFF?)?maxPAtk:537036,maxPDef:320573,maxMDef:292686,ignorePDef:923,ignoreMDef:1836,injureAdd:0,injureIgnore:1000,injureAddBoss:100
[2026-06-14 02:47:20,799] ?????????(BUFF?)?maxPAtk:9018,maxPDef:1838,maxMDef:1838,ignorePDef:0,ignoreMDef:0,injureAdd:0,injureIgnore:0,injureAddBoss:0
[2026-06-14 02:47:20,799] ?????442023
[2026-06-14 02:47:20,799] ??????BUFF???442023
[2026-06-14 02:47:20,799] (Spider,661650bf-3a0a-472c-89bd-916d028fc5a5) ???442023;????0/919000
[2026-06-14 02:47:20,799] ???(????,d1806f2b-c67b-4e48-8e65-e94548e56e23) ??????: objectId=661650bf-3a0a-472c-89bd-916d028fc5a5,status=0
[2026-06-14 02:47:20,800] (Spider,661650bf-3a0a-472c-89bd-916d028fc5a5) ?????1781376440800
[2026-06-14 02:47:20,801] =========[????]?????END??(Wind Bead)

