[2026-06-14 02:31:20,649] ?Dwarf King?????????????
[2026-06-14 02:31:20,650] [????]??BUFF?(Chase Strike[9008])
[2026-06-14 02:31:20,650] (????) ???1200;????6949926/6949926

[2026-06-14 02:31:21,501] ????????[d1806f2b-c67b-4e48-8e65-e94548e56e23]->[a6f42794-a47f-4c37-b08c-23b19315c7b7],?????[9]
[2026-06-14 02:31:21,501] ??????????[????,d1806f2b-c67b-4e48-8e65-e94548e56e23]->[Dwarf King,a6f42794-a47f-4c37-b08c-23b19315c7b7],?????[9]

[2026-06-14 02:31:21,501] >>>>>[????]?????BEGIN??(Giant Rock Holy Shield), ??=Support Skill, applies Shield Reduction of|C:0x34E22C&T:20%|T: damage value, for|C:0x34E22C&T:5|T:s, upon breaking, targets surrounding enemies, dealing|C:0x34E22C&T:120%+{0}|T:Magic Damage, ???????, ?????0
[2026-06-14 02:31:21,501] [????]??BUFF?(Giant Rock Holy Shield[3201]), ????=5000, ??=2000
[2026-06-14 02:31:21,501] [????]?????1389985
[2026-06-14 02:31:21,501] =========[????]???????????(Giant Rock Holy Shield)


[2026-06-14 02:31:21,535] ????????[ebc35acd-9d47-43c8-b6d6-2e231c80d600]->[a6f42794-a47f-4c37-b08c-23b19315c7b7],?????[1201]
[2026-06-14 02:31:21,535] ??????????[?????,ebc35acd-9d47-43c8-b6d6-2e231c80d600]->[Dwarf King,a6f42794-a47f-4c37-b08c-23b19315c7b7],?????[1201]

[2026-06-14 02:31:21,535] >>>>>[?????]?????BEGIN??(Fireball), ??=Single Target ATK, uses Magic's power to form a fireball, targeting Single target,deal|C:0x34E22C&T:100%+100|T:Magic Damage., ???Dwarf King, ?????2
[2026-06-14 02:31:21,535] >>>>>[?????]?????(Dwarf King), ????[11,11]; ????[16,11]
[2026-06-14 02:31:21,535] ?????????1
[2026-06-14 02:31:21,535] >>>>???(?????) -> (Dwarf King) ?????100, ?????100, ?????1, ??XP???false
[2026-06-14 02:31:21,535] ?????????(BUFF?)?hit:0,crit:0,critInjure:250,dodge:0,ignoreCrit:0,ignoreCritInjure:0,critBoss:250,critInjureBoss:0
[2026-06-14 02:31:21,535] ?????????(BUFF?)?hit:0,crit:0,critInjure:0,dodge:0,ignoreCrit:0,ignoreCritInjure:0,critBoss:0,critInjureBoss:0
[2026-06-14 02:31:21,535] ?????????(BUFF?)?hit:0,crit:0,critInjure:250,dodge:0,ignoreCrit:0,ignoreCritInjure:0,critBoss:250,critInjureBoss:0
[2026-06-14 02:31:21,535] ?????????(BUFF?)?hit:0,crit:0,critInjure:0,dodge:0,ignoreCrit:0,ignoreCritInjure:0,critBoss:0,critInjureBoss:0
[2026-06-14 02:31:21,535] ?????????(BUFF?)?maxPAtk:155688,maxPDef:88198,maxMDef:65660,ignorePDef:0,ignoreMDef:35063,injureAdd:100,injureIgnore:0,injureAddBoss:100
[2026-06-14 02:31:21,535] ?????????(BUFF?)?maxPAtk:7327,maxPDef:1404,maxMDef:1404,ignorePDef:0,ignoreMDef:0,injureAdd:0,injureIgnore:0,injureAddBoss:0
[2026-06-14 02:31:21,535] ?????????(BUFF?)?maxPAtk:155688,maxPDef:88198,maxMDef:65660,ignorePDef:0,ignoreMDef:35063,injureAdd:100,injureIgnore:0,injureAddBoss:100
[2026-06-14 02:31:21,535] ?????????(BUFF?)?maxPAtk:7327,maxPDef:1404,maxMDef:1404,ignorePDef:0,ignoreMDef:0,injureAdd:0,injureIgnore:0,injureAddBoss:0
[2026-06-14 02:31:21,535] ?????158901
[2026-06-14 02:31:21,535] ??????BUFF???158901
[2026-06-14 02:31:21,535] (Dwarf King,a6f42794-a47f-4c37-b08c-23b19315c7b7) ???158901;????543099/702000
[2026-06-14 02:31:21,535] =========[?????]?????END??(Fireball)

[2026-06-14 02:31:21,602] ????????[????],posX=12,posY=11
[2026-06-14 02:31:21,650] (????) ???1200;????6949926/6949926

[2026-06-14 02:31:21,767] ????????[bd0d352c-abdf-4576-a426-08b6080bd21e]->[a6f42794-a47f-4c37-b08c-23b19315c7b7],?????[1201]
[2026-06-14 02:31:21,767] ??????????[Otherworld Elf Ruila,bd0d352c-abdf-4576-a426-08b6080bd21e]->[Dwarf King,a6f42794-a47f-4c37-b08c-23b19315c7b7],?????[1201]

[2026-06-14 02:31:21,767] >>>>>[Otherworld Elf Ruila]?????BEGIN??(Fireball), ??=Single Target ATK, uses Magic's power to form a fireball, targeting Single target,deal|C:0x34E22C&T:100%+100|T:Magic Damage., ???Dwarf King, ?????2
[2026-06-14 02:31:21,767] >>>>>[Otherworld Elf Ruila]?????(Dwarf King), ????[11,11]; ????[16,11]
[2026-06-14 02:31:21,767] ?????????1
[2026-06-14 02:31:21,767] >>>>???(Otherworld Elf Ruila) -> (Dwarf King) ?????100, ?????100, ?????1, ??XP???false
[2026-06-14 02:31:21,767] ?????????(BUFF?)?hit:0,crit:0,critInjure:250,dodge:0,ignoreCrit:0,ignoreCritInjure:0,critBoss:250,critInjureBoss:0
[2026-06-14 02:31:21,767] ?????????(BUFF?)?hit:0,crit:0,critInjure:0,dodge:0,ignoreCrit:0,ignoreCritInjure:0,critBoss:0,critInjureBoss:0
[2026-06-14 02:31:21,767] ?????????(BUFF?)?hit:0,crit:0,critInjure:250,dodge:0,ignoreCrit:0,ignoreCritInjure:0,critBoss:250,critInjureBoss:0
[2026-06-14 02:31:21,767] ?????????(BUFF?)?hit:0,crit:0,critInjure:0,dodge:0,ignoreCrit:0,ignoreCritInjure:0,critBoss:0,critInjureBoss:0
[2026-06-14 02:31:21,767] ?????????(BUFF?)?maxPAtk:109807,maxPDef:68309,maxMDef:37615,ignorePDef:0,ignoreMDef:6887,injureAdd:0,injureIgnore:0,injureAddBoss:100
[2026-06-14 02:31:21,767] ?????????(BUFF?)?maxPAtk:7327,maxPDef:1404,maxMDef:1404,ignorePDef:0,ignoreMDef:0,injureAdd:0,injureIgnore:0,injureAddBoss:0
[2026-06-14 02:31:21,767] ?????????(BUFF?)?maxPAtk:109807,maxPDef:68309,maxMDef:37615,ignorePDef:0,ignoreMDef:6887,injureAdd:0,injureIgnore:0,injureAddBoss:100
[2026-06-14 02:31:21,767] ?????????(BUFF?)?maxPAtk:7327,maxPDef:1404,maxMDef:1404,ignorePDef:0,ignoreMDef:0,injureAdd:0,injureIgnore:0,injureAddBoss:0
[2026-06-14 02:31:21,767] ?????111005
[2026-06-14 02:31:21,767] ??????BUFF???111005
[2026-06-14 02:31:21,767] (Dwarf King,a6f42794-a47f-4c37-b08c-23b19315c7b7) ???111005;????432094/702000
[2026-06-14 02:31:21,767] =========[Otherworld Elf Ruila]?????END??(Fireball)


[2026-06-14 02:31:21,801] ????????[65b226f4-3d1c-4a60-838c-6aa6fda1c644]->[a6f42794-a47f-4c37-b08c-23b19315c7b7],?????[1201]
[2026-06-14 02:31:21,801] ??????????[?????,65b226f4-3d1c-4a60-838c-6aa6fda1c644]->[Dwarf King,a6f42794-a47f-4c37-b08c-23b19315c7b7],?????[1201]

[2026-06-14 02:31:21,801] >>>>>[?????]?????BEGIN??(Fireball), ??=Single Target ATK, uses Magic's power to form a fireball, targeting Single target,deal|C:0x34E22C&T:100%+100|T:Magic Damage., ???Dwarf King, ?????2
[2026-06-14 02:31:21,801] >>>>>[?????]?????(Dwarf King), ????[11,11]; ????[16,11]
[2026-06-14 02:31:21,801] ?????????1
[2026-06-14 02:31:21,801] >>>>???(?????) -> (Dwarf King) ?????100, ?????100, ?????1, ??XP???false
[2026-06-14 02:31:21,801] ?????????(BUFF?)?hit:0,crit:0,critInjure:250,dodge:0,ignoreCrit:0,ignoreCritInjure:0,critBoss:250,critInjureBoss:0
[2026-06-14 02:31:21,801] ?????????(BUFF?)?hit:0,crit:0,critInjure:0,dodge:0,ignoreCrit:0,ignoreCritInjure:0,critBoss:0,critInjureBoss:0
[2026-06-14 02:31:21,801] ?????????(BUFF?)?hit:0,crit:0,critInjure:250,dodge:0,ignoreCrit:0,ignoreCritInjure:0,critBoss:250,critInjureBoss:0
[2026-06-14 02:31:21,801] ?????????(BUFF?)?hit:0,crit:0,critInjure:0,dodge:0,ignoreCrit:0,ignoreCritInjure:0,critBoss:0,critInjureBoss:0
[2026-06-14 02:31:21,801] ?????????(BUFF?)?maxPAtk:109532,maxPDef:64692,maxMDef:38977,ignorePDef:0,ignoreMDef:5809,injureAdd:0,injureIgnore:0,injureAddBoss:100
[2026-06-14 02:31:21,801] ?????????(BUFF?)?maxPAtk:7327,maxPDef:1404,maxMDef:1404,ignorePDef:0,ignoreMDef:0,injureAdd:0,injureIgnore:0,injureAddBoss:0
[2026-06-14 02:31:21,801] ?????????(BUFF?)?maxPAtk:109532,maxPDef:64692,maxMDef:38977,ignorePDef:0,ignoreMDef:5809,injureAdd:0,injureIgnore:0,injureAddBoss:100
[2026-06-14 02:31:21,801] ?????????(BUFF?)?maxPAtk:7327,maxPDef:1404,maxMDef:1404,ignorePDef:0,ignoreMDef:0,injureAdd:0,injureIgnore:0,injureAddBoss:0
[2026-06-14 02:31:21,801] ?????110727
[2026-06-14 02:31:21,801] ??????BUFF???110727
[2026-06-14 02:31:21,801] (Dwarf King,a6f42794-a47f-4c37-b08c-23b19315c7b7) ???110727;????321367/702000
[2026-06-14 02:31:21,801] =========[?????]?????END??(Fireball)

[2026-06-14 02:31:21,935] ????????[????],posX=13,posY=10
[2026-06-14 02:31:22,302] ????????[????],posX=14,posY=10

[2026-06-14 02:31:22,436] ????????[ebc35acd-9d47-43c8-b6d6-2e231c80d600]->[a6f42794-a47f-4c37-b08c-23b19315c7b7],?????[1201]
[2026-06-14 02:31:22,436] ??????????[?????,ebc35acd-9d47-43c8-b6d6-2e231c80d600]->[Dwarf King,a6f42794-a47f-4c37-b08c-23b19315c7b7],?????[1201]

[2026-06-14 02:31:22,436] >>>>>[?????]?????BEGIN??(Fireball), ??=Single Target ATK, uses Magic's power to form a fireball, targeting Single target,deal|C:0x34E22C&T:100%+100|T:Magic Damage., ???Dwarf King, ?????2
[2026-06-14 02:31:22,436] >>>>>[?????]?????(Dwarf King), ????[11,11]; ????[16,11]
[2026-06-14 02:31:22,436] ?????????1
[2026-06-14 02:31:22,436] >>>>???(?????) -> (Dwarf King) ?????100, ?????100, ?????1, ??XP???false
[2026-06-14 02:31:22,436] ?????????(BUFF?)?hit:0,crit:0,critInjure:250,dodge:0,ignoreCrit:0,ignoreCritInjure:0,critBoss:250,critInjureBoss:0
[2026-06-14 02:31:22,436] ?????????(BUFF?)?hit:0,crit:0,critInjure:0,dodge:0,ignoreCrit:0,ignoreCritInjure:0,critBoss:0,critInjureBoss:0
[2026-06-14 02:31:22,436] ?????????(BUFF?)?hit:0,crit:0,critInjure:250,dodge:0,ignoreCrit:0,ignoreCritInjure:0,critBoss:250,critInjureBoss:0
[2026-06-14 02:31:22,436] ?????????(BUFF?)?hit:0,crit:0,critInjure:0,dodge:0,ignoreCrit:0,ignoreCritInjure:0,critBoss:0,critInjureBoss:0
[2026-06-14 02:31:22,436] ?????????(BUFF?)?maxPAtk:155688,maxPDef:88198,maxMDef:65660,ignorePDef:0,ignoreMDef:35063,injureAdd:100,injureIgnore:0,injureAddBoss:100
[2026-06-14 02:31:22,436] ?????????(BUFF?)?maxPAtk:7327,maxPDef:1404,maxMDef:1404,ignorePDef:0,ignoreMDef:0,injureAdd:0,injureIgnore:0,injureAddBoss:0
[2026-06-14 02:31:22,436] ?????????(BUFF?)?maxPAtk:155688,maxPDef:88198,maxMDef:65660,ignorePDef:0,ignoreMDef:35063,injureAdd:100,injureIgnore:0,injureAddBoss:100
[2026-06-14 02:31:22,436] ?????????(BUFF?)?maxPAtk:7327,maxPDef:1404,maxMDef:1404,ignorePDef:0,ignoreMDef:0,injureAdd:0,injureIgnore:0,injureAddBoss:0
[2026-06-14 02:31:22,436] ?????158901
[2026-06-14 02:31:22,436] ??????BUFF???158901
[2026-06-14 02:31:22,436] (Dwarf King,a6f42794-a47f-4c37-b08c-23b19315c7b7) ???158901;????162466/702000
[2026-06-14 02:31:22,436] =========[?????]?????END??(Fireball)


[2026-06-14 02:31:22,603] >>>>>[Dwarf King]?????BEGIN??(Boss Melee Attack), ??=NormalATK, ???????, ?????4
[2026-06-14 02:31:22,603] >>>>>[Dwarf King]?????(????), ????[16,11]; ????[14,10]
[2026-06-14 02:31:22,603] ?????????1
[2026-06-14 02:31:22,603] >>>>???(Dwarf King) -> (????) ?????100, ?????0, ?????0, ??XP???false
[2026-06-14 02:31:22,603] ?????????(BUFF?)?hit:0,crit:0,critInjure:0,dodge:0,ignoreCrit:0,ignoreCritInjure:0,critBoss:0,critInjureBoss:0
[2026-06-14 02:31:22,603] ?????????(BUFF?)?hit:60,crit:288,critInjure:610,dodge:15,ignoreCrit:0,ignoreCritInjure:0,critBoss:250,critInjureBoss:0
[2026-06-14 02:31:22,603] ?????????(BUFF?)?hit:0,crit:0,critInjure:0,dodge:0,ignoreCrit:0,ignoreCritInjure:0,critBoss:0,critInjureBoss:0
[2026-06-14 02:31:22,603] ?????????(BUFF?)?hit:60,crit:288,critInjure:610,dodge:15,ignoreCrit:0,ignoreCritInjure:0,critBoss:250,critInjureBoss:0
[2026-06-14 02:31:22,603] ?????????(BUFF?)?maxPAtk:7327,maxPDef:1404,maxMDef:1404,ignorePDef:0,ignoreMDef:0,injureAdd:0,injureIgnore:0,injureAddBoss:0
[2026-06-14 02:31:22,603] ?????????(BUFF?)?maxPAtk:537036,maxPDef:320573,maxMDef:292686,ignorePDef:923,ignoreMDef:1836,injureAdd:0,injureIgnore:1000,injureAddBoss:100
[2026-06-14 02:31:22,603] ?????????(BUFF?)?maxPAtk:7327,maxPDef:1404,maxMDef:1404,ignorePDef:0,ignoreMDef:0,injureAdd:0,injureIgnore:0,injureAddBoss:0
[2026-06-14 02:31:22,603] ?????????(BUFF?)?maxPAtk:537036,maxPDef:320573,maxMDef:292686,ignorePDef:923,ignoreMDef:1836,injureAdd:0,injureIgnore:1000,injureAddBoss:100
[2026-06-14 02:31:22,603] ?????146
[2026-06-14 02:31:22,603] ??????BUFF???146
[2026-06-14 02:31:22,603] [????]??BUFF?(Giant Rock Holy Shield), ??=Absorb Max HP|C:0x34E22C&T:20%|T:damage, ?????3898
[2026-06-14 02:31:22,603] [????]?????146, ?????1389839
[2026-06-14 02:31:22,603] (????,d1806f2b-c67b-4e48-8e65-e94548e56e23) ???0;????6949926/6949926
[2026-06-14 02:31:22,603] =========[Dwarf King]?????END??(Boss Melee Attack)

[2026-06-14 02:31:22,651] (????) ???1200;????6949926/6949926

[2026-06-14 02:31:22,670] ????????[bd0d352c-abdf-4576-a426-08b6080bd21e]->[a6f42794-a47f-4c37-b08c-23b19315c7b7],?????[1201]
[2026-06-14 02:31:22,670] ??????????[Otherworld Elf Ruila,bd0d352c-abdf-4576-a426-08b6080bd21e]->[Dwarf King,a6f42794-a47f-4c37-b08c-23b19315c7b7],?????[1201]

[2026-06-14 02:31:22,670] >>>>>[Otherworld Elf Ruila]?????BEGIN??(Fireball), ??=Single Target ATK, uses Magic's power to form a fireball, targeting Single target,deal|C:0x34E22C&T:100%+100|T:Magic Damage., ???Dwarf King, ?????2
[2026-06-14 02:31:22,670] >>>>>[Otherworld Elf Ruila]?????(Dwarf King), ????[11,11]; ????[16,11]
[2026-06-14 02:31:22,670] ?????????1
[2026-06-14 02:31:22,670] >>>>???(Otherworld Elf Ruila) -> (Dwarf King) ?????100, ?????100, ?????1, ??XP???false
[2026-06-14 02:31:22,670] ?????????(BUFF?)?hit:0,crit:0,critInjure:250,dodge:0,ignoreCrit:0,ignoreCritInjure:0,critBoss:250,critInjureBoss:0
[2026-06-14 02:31:22,670] ?????????(BUFF?)?hit:0,crit:0,critInjure:0,dodge:0,ignoreCrit:0,ignoreCritInjure:0,critBoss:0,critInjureBoss:0
[2026-06-14 02:31:22,670] ?????????(BUFF?)?hit:0,crit:0,critInjure:250,dodge:0,ignoreCrit:0,ignoreCritInjure:0,critBoss:250,critInjureBoss:0
[2026-06-14 02:31:22,670] ?????????(BUFF?)?hit:0,crit:0,critInjure:0,dodge:0,ignoreCrit:0,ignoreCritInjure:0,critBoss:0,critInjureBoss:0
[2026-06-14 02:31:22,670] ?????????(BUFF?)?maxPAtk:109807,maxPDef:68309,maxMDef:37615,ignorePDef:0,ignoreMDef:6887,injureAdd:0,injureIgnore:0,injureAddBoss:100
[2026-06-14 02:31:22,670] ?????????(BUFF?)?maxPAtk:7327,maxPDef:1404,maxMDef:1404,ignorePDef:0,ignoreMDef:0,injureAdd:0,injureIgnore:0,injureAddBoss:0
[2026-06-14 02:31:22,670] ?????????(BUFF?)?maxPAtk:109807,maxPDef:68309,maxMDef:37615,ignorePDef:0,ignoreMDef:6887,injureAdd:0,injureIgnore:0,injureAddBoss:100
[2026-06-14 02:31:22,670] ?????????(BUFF?)?maxPAtk:7327,maxPDef:1404,maxMDef:1404,ignorePDef:0,ignoreMDef:0,injureAdd:0,injureIgnore:0,injureAddBoss:0
[2026-06-14 02:31:22,670] ?????111005
[2026-06-14 02:31:22,670] ??????BUFF???111005
[2026-06-14 02:31:22,670] (Dwarf King,a6f42794-a47f-4c37-b08c-23b19315c7b7) ???111005;????51461/702000
[2026-06-14 02:31:22,670] =========[Otherworld Elf Ruila]?????END??(Fireball)


[2026-06-14 02:31:22,701] ????????[65b226f4-3d1c-4a60-838c-6aa6fda1c644]->[a6f42794-a47f-4c37-b08c-23b19315c7b7],?????[1201]
[2026-06-14 02:31:22,701] ??????????[?????,65b226f4-3d1c-4a60-838c-6aa6fda1c644]->[Dwarf King,a6f42794-a47f-4c37-b08c-23b19315c7b7],?????[1201]

[2026-06-14 02:31:22,701] >>>>>[?????]?????BEGIN??(Fireball), ??=Single Target ATK, uses Magic's power to form a fireball, targeting Single target,deal|C:0x34E22C&T:100%+100|T:Magic Damage., ???Dwarf King, ?????2
[2026-06-14 02:31:22,701] >>>>>[?????]?????(Dwarf King), ????[11,11]; ????[16,11]
[2026-06-14 02:31:22,701] ?????????1
[2026-06-14 02:31:22,701] >>>>???(?????) -> (Dwarf King) ?????100, ?????100, ?????1, ??XP???false
[2026-06-14 02:31:22,701] ?????????(BUFF?)?hit:0,crit:0,critInjure:250,dodge:0,ignoreCrit:0,ignoreCritInjure:0,critBoss:250,critInjureBoss:0
[2026-06-14 02:31:22,701] ?????????(BUFF?)?hit:0,crit:0,critInjure:0,dodge:0,ignoreCrit:0,ignoreCritInjure:0,critBoss:0,critInjureBoss:0
[2026-06-14 02:31:22,701] ?????????(BUFF?)?hit:0,crit:0,critInjure:250,dodge:0,ignoreCrit:0,ignoreCritInjure:0,critBoss:250,critInjureBoss:0
[2026-06-14 02:31:22,701] ?????????(BUFF?)?hit:0,crit:0,critInjure:0,dodge:0,ignoreCrit:0,ignoreCritInjure:0,critBoss:0,critInjureBoss:0
[2026-06-14 02:31:22,701] ?????????(BUFF?)?maxPAtk:109532,maxPDef:64692,maxMDef:38977,ignorePDef:0,ignoreMDef:5809,injureAdd:0,injureIgnore:0,injureAddBoss:100
[2026-06-14 02:31:22,701] ?????????(BUFF?)?maxPAtk:7327,maxPDef:1404,maxMDef:1404,ignorePDef:0,ignoreMDef:0,injureAdd:0,injureIgnore:0,injureAddBoss:0
[2026-06-14 02:31:22,701] ?????????(BUFF?)?maxPAtk:109532,maxPDef:64692,maxMDef:38977,ignorePDef:0,ignoreMDef:5809,injureAdd:0,injureIgnore:0,injureAddBoss:100
[2026-06-14 02:31:22,701] ?????????(BUFF?)?maxPAtk:7327,maxPDef:1404,maxMDef:1404,ignorePDef:0,ignoreMDef:0,injureAdd:0,injureIgnore:0,injureAddBoss:0
[2026-06-14 02:31:22,701] ?????110727
[2026-06-14 02:31:22,701] ??????BUFF???110727
[2026-06-14 02:31:22,701] (Dwarf King,a6f42794-a47f-4c37-b08c-23b19315c7b7) ???110727;????0/702000
[2026-06-14 02:31:22,701] ???(????,d1806f2b-c67b-4e48-8e65-e94548e56e23) ??????: objectId=a6f42794-a47f-4c37-b08c-23b19315c7b7,status=0
[2026-06-14 02:31:22,703] (Dwarf King,a6f42794-a47f-4c37-b08c-23b19315c7b7) ?????1781375482703
[2026-06-14 02:31:22,703] =========[?????]?????END??(Fireball)

[2026-06-14 02:31:23,367] ?canControlObject??????????name=[????]
