[2026-06-14 02:47:46,896] ?Demon Guardian Beast?????????????
[2026-06-14 02:47:46,896] [????]??BUFF?(Giant Rock Holy Shield[3201])
[2026-06-14 02:47:46,896] (????) ???1200;????6949926/6949926

[2026-06-14 02:47:47,720] ????????[ebc35acd-9d47-43c8-b6d6-2e231c80d600]->[d22ab6c8-dda1-462a-aace-1858d3b74f34],?????[1201]
[2026-06-14 02:47:47,720] ??????????[?????,ebc35acd-9d47-43c8-b6d6-2e231c80d600]->[Demon Guardian Beast,d22ab6c8-dda1-462a-aace-1858d3b74f34],?????[1201]

[2026-06-14 02:47:47,720] >>>>>[?????]?????BEGIN??(Fireball), ??=Single Target ATK, uses Magic's power to form a fireball, targeting Single target,deal|C:0x34E22C&T:100%+100|T:Magic Damage., ???Demon Guardian Beast, ?????2
[2026-06-14 02:47:47,720] >>>>>[?????]?????(Demon Guardian Beast), ????[9,14]; ????[4,14]
[2026-06-14 02:47:47,720] ?????????1
[2026-06-14 02:47:47,720] >>>>???(?????) -> (Demon Guardian Beast) ?????100, ?????100, ?????1, ??XP???false
[2026-06-14 02:47:47,720] ?????????(BUFF?)?hit:0,crit:0,critInjure:250,dodge:0,ignoreCrit:0,ignoreCritInjure:0,critBoss:250,critInjureBoss:0
[2026-06-14 02:47:47,720] ?????????(BUFF?)?hit:0,crit:0,critInjure:0,dodge:0,ignoreCrit:0,ignoreCritInjure:0,critBoss:0,critInjureBoss:0
[2026-06-14 02:47:47,720] ?????????(BUFF?)?hit:0,crit:0,critInjure:250,dodge:0,ignoreCrit:0,ignoreCritInjure:0,critBoss:250,critInjureBoss:0
[2026-06-14 02:47:47,720] ?????????(BUFF?)?hit:0,crit:0,critInjure:0,dodge:0,ignoreCrit:0,ignoreCritInjure:0,critBoss:0,critInjureBoss:0
[2026-06-14 02:47:47,720] ?????????(BUFF?)?maxPAtk:155998,maxPDef:88275,maxMDef:65856,ignorePDef:0,ignoreMDef:35218,injureAdd:100,injureIgnore:0,injureAddBoss:100
[2026-06-14 02:47:47,720] ?????????(BUFF?)?maxPAtk:9073,maxPDef:1852,maxMDef:1852,ignorePDef:0,ignoreMDef:0,injureAdd:0,injureIgnore:0,injureAddBoss:0
[2026-06-14 02:47:47,720] ?????????(BUFF?)?maxPAtk:155998,maxPDef:88275,maxMDef:65856,ignorePDef:0,ignoreMDef:35218,injureAdd:100,injureIgnore:0,injureAddBoss:100
[2026-06-14 02:47:47,720] ?????????(BUFF?)?maxPAtk:9073,maxPDef:1852,maxMDef:1852,ignorePDef:0,ignoreMDef:0,injureAdd:0,injureIgnore:0,injureAddBoss:0
[2026-06-14 02:47:47,720] ?????159217
[2026-06-14 02:47:47,720] ??????BUFF???159217
[2026-06-14 02:47:47,720] (Demon Guardian Beast,d22ab6c8-dda1-462a-aace-1858d3b74f34) ???159217;????766783/926000
[2026-06-14 02:47:47,720] =========[?????]?????END??(Fireball)


[2026-06-14 02:47:47,757] ????????[d1806f2b-c67b-4e48-8e65-e94548e56e23]->[d22ab6c8-dda1-462a-aace-1858d3b74f34],?????[9]
[2026-06-14 02:47:47,757] ??????????[????,d1806f2b-c67b-4e48-8e65-e94548e56e23]->[Demon Guardian Beast,d22ab6c8-dda1-462a-aace-1858d3b74f34],?????[9]

[2026-06-14 02:47:47,757] >>>>>[????]?????BEGIN??(Giant Rock Holy Shield), ??=Support Skill, applies Shield Reduction of|C:0x34E22C&T:20%|T: damage value, for|C:0x34E22C&T:5|T:s, upon breaking, targets surrounding enemies, dealing|C:0x34E22C&T:120%+{0}|T:Magic Damage, ???????, ?????0
[2026-06-14 02:47:47,757] [????]??BUFF?(Giant Rock Holy Shield[3201]), ????=5000, ??=2000
[2026-06-14 02:47:47,757] [????]?????1389985
[2026-06-14 02:47:47,757] =========[????]???????????(Giant Rock Holy Shield)

[2026-06-14 02:47:47,862] ????????[????],posX=8,posY=14
[2026-06-14 02:47:47,897] (????) ???1200;????6949926/6949926

[2026-06-14 02:47:48,071] ????????[65b226f4-3d1c-4a60-838c-6aa6fda1c644]->[d22ab6c8-dda1-462a-aace-1858d3b74f34],?????[1201]
[2026-06-14 02:47:48,071] ??????????[?????,65b226f4-3d1c-4a60-838c-6aa6fda1c644]->[Demon Guardian Beast,d22ab6c8-dda1-462a-aace-1858d3b74f34],?????[1201]

[2026-06-14 02:47:48,071] >>>>>[?????]?????BEGIN??(Fireball), ??=Single Target ATK, uses Magic's power to form a fireball, targeting Single target,deal|C:0x34E22C&T:100%+100|T:Magic Damage., ???Demon Guardian Beast, ?????2
[2026-06-14 02:47:48,071] >>>>>[?????]?????(Demon Guardian Beast), ????[9,14]; ????[4,14]
[2026-06-14 02:47:48,071] ?????????1
[2026-06-14 02:47:48,071] >>>>???(?????) -> (Demon Guardian Beast) ?????100, ?????100, ?????1, ??XP???false
[2026-06-14 02:47:48,071] ?????????(BUFF?)?hit:0,crit:0,critInjure:250,dodge:0,ignoreCrit:0,ignoreCritInjure:0,critBoss:250,critInjureBoss:0
[2026-06-14 02:47:48,071] ?????????(BUFF?)?hit:0,crit:0,critInjure:0,dodge:0,ignoreCrit:0,ignoreCritInjure:0,critBoss:0,critInjureBoss:0
[2026-06-14 02:47:48,071] ?????????(BUFF?)?hit:0,crit:0,critInjure:250,dodge:0,ignoreCrit:0,ignoreCritInjure:0,critBoss:250,critInjureBoss:0
[2026-06-14 02:47:48,071] ?????????(BUFF?)?hit:0,crit:0,critInjure:0,dodge:0,ignoreCrit:0,ignoreCritInjure:0,critBoss:0,critInjureBoss:0
[2026-06-14 02:47:48,071] ?????????(BUFF?)?maxPAtk:109532,maxPDef:64692,maxMDef:38977,ignorePDef:0,ignoreMDef:5809,injureAdd:0,injureIgnore:0,injureAddBoss:100
[2026-06-14 02:47:48,071] ?????????(BUFF?)?maxPAtk:9073,maxPDef:1852,maxMDef:1852,ignorePDef:0,ignoreMDef:0,injureAdd:0,injureIgnore:0,injureAddBoss:0
[2026-06-14 02:47:48,071] ?????????(BUFF?)?maxPAtk:109532,maxPDef:64692,maxMDef:38977,ignorePDef:0,ignoreMDef:5809,injureAdd:0,injureIgnore:0,injureAddBoss:100
[2026-06-14 02:47:48,071] ?????????(BUFF?)?maxPAtk:9073,maxPDef:1852,maxMDef:1852,ignorePDef:0,ignoreMDef:0,injureAdd:0,injureIgnore:0,injureAddBoss:0
[2026-06-14 02:47:48,071] ?????110727
[2026-06-14 02:47:48,071] ??????BUFF???110727
[2026-06-14 02:47:48,071] (Demon Guardian Beast,d22ab6c8-dda1-462a-aace-1858d3b74f34) ???110727;????656056/926000
[2026-06-14 02:47:48,071] =========[?????]?????END??(Fireball)


[2026-06-14 02:47:48,071] ????????[bd0d352c-abdf-4576-a426-08b6080bd21e]->[d22ab6c8-dda1-462a-aace-1858d3b74f34],?????[1201]
[2026-06-14 02:47:48,071] ??????????[Otherworld Elf Ruila,bd0d352c-abdf-4576-a426-08b6080bd21e]->[Demon Guardian Beast,d22ab6c8-dda1-462a-aace-1858d3b74f34],?????[1201]

[2026-06-14 02:47:48,071] >>>>>[Otherworld Elf Ruila]?????BEGIN??(Fireball), ??=Single Target ATK, uses Magic's power to form a fireball, targeting Single target,deal|C:0x34E22C&T:100%+100|T:Magic Damage., ???Demon Guardian Beast, ?????2
[2026-06-14 02:47:48,071] >>>>>[Otherworld Elf Ruila]?????(Demon Guardian Beast), ????[9,14]; ????[4,14]
[2026-06-14 02:47:48,071] ?????????1
[2026-06-14 02:47:48,071] >>>>???(Otherworld Elf Ruila) -> (Demon Guardian Beast) ?????100, ?????100, ?????1, ??XP???false
[2026-06-14 02:47:48,071] ?????????(BUFF?)?hit:0,crit:0,critInjure:250,dodge:0,ignoreCrit:0,ignoreCritInjure:0,critBoss:250,critInjureBoss:0
[2026-06-14 02:47:48,071] ?????????(BUFF?)?hit:0,crit:0,critInjure:0,dodge:0,ignoreCrit:0,ignoreCritInjure:0,critBoss:0,critInjureBoss:0
[2026-06-14 02:47:48,071] ?????????(BUFF?)?hit:0,crit:0,critInjure:250,dodge:0,ignoreCrit:0,ignoreCritInjure:0,critBoss:250,critInjureBoss:0
[2026-06-14 02:47:48,071] ?????????(BUFF?)?hit:0,crit:0,critInjure:0,dodge:0,ignoreCrit:0,ignoreCritInjure:0,critBoss:0,critInjureBoss:0
[2026-06-14 02:47:48,071] ?????????(BUFF?)?maxPAtk:109807,maxPDef:68309,maxMDef:37615,ignorePDef:0,ignoreMDef:6887,injureAdd:0,injureIgnore:0,injureAddBoss:100
[2026-06-14 02:47:48,071] ?????????(BUFF?)?maxPAtk:9073,maxPDef:1852,maxMDef:1852,ignorePDef:0,ignoreMDef:0,injureAdd:0,injureIgnore:0,injureAddBoss:0
[2026-06-14 02:47:48,071] ?????????(BUFF?)?maxPAtk:109807,maxPDef:68309,maxMDef:37615,ignorePDef:0,ignoreMDef:6887,injureAdd:0,injureIgnore:0,injureAddBoss:100
[2026-06-14 02:47:48,071] ?????????(BUFF?)?maxPAtk:9073,maxPDef:1852,maxMDef:1852,ignorePDef:0,ignoreMDef:0,injureAdd:0,injureIgnore:0,injureAddBoss:0
[2026-06-14 02:47:48,071] ?????111005
[2026-06-14 02:47:48,071] ??????BUFF???111005
[2026-06-14 02:47:48,071] (Demon Guardian Beast,d22ab6c8-dda1-462a-aace-1858d3b74f34) ???111005;????545051/926000
[2026-06-14 02:47:48,071] =========[Otherworld Elf Ruila]?????END??(Fireball)

[2026-06-14 02:47:48,179] ????????[????],posX=7,posY=15
[2026-06-14 02:47:48,531] ????????[????],posX=6,posY=15

[2026-06-14 02:47:48,637] ????????[ebc35acd-9d47-43c8-b6d6-2e231c80d600]->[d22ab6c8-dda1-462a-aace-1858d3b74f34],?????[1201]
[2026-06-14 02:47:48,637] ??????????[?????,ebc35acd-9d47-43c8-b6d6-2e231c80d600]->[Demon Guardian Beast,d22ab6c8-dda1-462a-aace-1858d3b74f34],?????[1201]

[2026-06-14 02:47:48,637] >>>>>[?????]?????BEGIN??(Fireball), ??=Single Target ATK, uses Magic's power to form a fireball, targeting Single target,deal|C:0x34E22C&T:100%+100|T:Magic Damage., ???Demon Guardian Beast, ?????2
[2026-06-14 02:47:48,637] >>>>>[?????]?????(Demon Guardian Beast), ????[9,14]; ????[4,14]
[2026-06-14 02:47:48,637] ?????????1
[2026-06-14 02:47:48,637] >>>>???(?????) -> (Demon Guardian Beast) ?????100, ?????100, ?????1, ??XP???false
[2026-06-14 02:47:48,637] ?????????(BUFF?)?hit:0,crit:0,critInjure:250,dodge:0,ignoreCrit:0,ignoreCritInjure:0,critBoss:250,critInjureBoss:0
[2026-06-14 02:47:48,637] ?????????(BUFF?)?hit:0,crit:0,critInjure:0,dodge:0,ignoreCrit:0,ignoreCritInjure:0,critBoss:0,critInjureBoss:0
[2026-06-14 02:47:48,637] ?????????(BUFF?)?hit:0,crit:0,critInjure:250,dodge:0,ignoreCrit:0,ignoreCritInjure:0,critBoss:250,critInjureBoss:0
[2026-06-14 02:47:48,637] ?????????(BUFF?)?hit:0,crit:0,critInjure:0,dodge:0,ignoreCrit:0,ignoreCritInjure:0,critBoss:0,critInjureBoss:0
[2026-06-14 02:47:48,637] ?????????(BUFF?)?maxPAtk:155998,maxPDef:88275,maxMDef:65856,ignorePDef:0,ignoreMDef:35218,injureAdd:100,injureIgnore:0,injureAddBoss:100
[2026-06-14 02:47:48,637] ?????????(BUFF?)?maxPAtk:9073,maxPDef:1852,maxMDef:1852,ignorePDef:0,ignoreMDef:0,injureAdd:0,injureIgnore:0,injureAddBoss:0
[2026-06-14 02:47:48,637] ?????????(BUFF?)?maxPAtk:155998,maxPDef:88275,maxMDef:65856,ignorePDef:0,ignoreMDef:35218,injureAdd:100,injureIgnore:0,injureAddBoss:100
[2026-06-14 02:47:48,637] ?????????(BUFF?)?maxPAtk:9073,maxPDef:1852,maxMDef:1852,ignorePDef:0,ignoreMDef:0,injureAdd:0,injureIgnore:0,injureAddBoss:0
[2026-06-14 02:47:48,637] ?????159217
[2026-06-14 02:47:48,637] ??????BUFF???159217
[2026-06-14 02:47:48,637] (Demon Guardian Beast,d22ab6c8-dda1-462a-aace-1858d3b74f34) ???159217;????385834/926000
[2026-06-14 02:47:48,637] =========[?????]?????END??(Fireball)


[2026-06-14 02:47:48,864] >>>>>[Demon Guardian Beast]?????BEGIN??(Boss Melee Attack), ??=NormalATK, ???????, ?????4
[2026-06-14 02:47:48,864] >>>>>[Demon Guardian Beast]?????(????), ????[4,14]; ????[6,15]
[2026-06-14 02:47:48,864] ?????????1
[2026-06-14 02:47:48,864] >>>>???(Demon Guardian Beast) -> (????) ?????100, ?????0, ?????0, ??XP???false
[2026-06-14 02:47:48,864] ?????????(BUFF?)?hit:0,crit:0,critInjure:0,dodge:0,ignoreCrit:0,ignoreCritInjure:0,critBoss:0,critInjureBoss:0
[2026-06-14 02:47:48,864] ?????????(BUFF?)?hit:60,crit:288,critInjure:610,dodge:15,ignoreCrit:0,ignoreCritInjure:0,critBoss:250,critInjureBoss:0
[2026-06-14 02:47:48,864] ?????????(BUFF?)?hit:0,crit:0,critInjure:0,dodge:0,ignoreCrit:0,ignoreCritInjure:0,critBoss:0,critInjureBoss:0
[2026-06-14 02:47:48,864] ?????????(BUFF?)?hit:60,crit:288,critInjure:610,dodge:15,ignoreCrit:0,ignoreCritInjure:0,critBoss:250,critInjureBoss:0
[2026-06-14 02:47:48,864] ?????????(BUFF?)?maxPAtk:9073,maxPDef:1852,maxMDef:1852,ignorePDef:0,ignoreMDef:0,injureAdd:0,injureIgnore:0,injureAddBoss:0
[2026-06-14 02:47:48,864] ?????????(BUFF?)?maxPAtk:537036,maxPDef:320573,maxMDef:292686,ignorePDef:923,ignoreMDef:1836,injureAdd:0,injureIgnore:1000,injureAddBoss:100
[2026-06-14 02:47:48,864] ?????????(BUFF?)?maxPAtk:9073,maxPDef:1852,maxMDef:1852,ignorePDef:0,ignoreMDef:0,injureAdd:0,injureIgnore:0,injureAddBoss:0
[2026-06-14 02:47:48,864] ?????????(BUFF?)?maxPAtk:537036,maxPDef:320573,maxMDef:292686,ignorePDef:923,ignoreMDef:1836,injureAdd:0,injureIgnore:1000,injureAddBoss:100
[2026-06-14 02:47:48,864] ?????224
[2026-06-14 02:47:48,864] ??????BUFF???224
[2026-06-14 02:47:48,864] [????]??BUFF?(Giant Rock Holy Shield), ??=Absorb Max HP|C:0x34E22C&T:20%|T:damage, ?????3893
[2026-06-14 02:47:48,864] [????]?????224, ?????1389761
[2026-06-14 02:47:48,864] (????,d1806f2b-c67b-4e48-8e65-e94548e56e23) ???0;????6949926/6949926
[2026-06-14 02:47:48,864] =========[Demon Guardian Beast]?????END??(Boss Melee Attack)

[2026-06-14 02:47:48,898] (????) ???1200;????6949926/6949926

[2026-06-14 02:47:48,990] ????????[65b226f4-3d1c-4a60-838c-6aa6fda1c644]->[d22ab6c8-dda1-462a-aace-1858d3b74f34],?????[1201]
[2026-06-14 02:47:48,990] ??????????[?????,65b226f4-3d1c-4a60-838c-6aa6fda1c644]->[Demon Guardian Beast,d22ab6c8-dda1-462a-aace-1858d3b74f34],?????[1201]

[2026-06-14 02:47:48,990] >>>>>[?????]?????BEGIN??(Fireball), ??=Single Target ATK, uses Magic's power to form a fireball, targeting Single target,deal|C:0x34E22C&T:100%+100|T:Magic Damage., ???Demon Guardian Beast, ?????2
[2026-06-14 02:47:48,990] >>>>>[?????]?????(Demon Guardian Beast), ????[9,14]; ????[4,14]
[2026-06-14 02:47:48,990] ?????????1
[2026-06-14 02:47:48,990] >>>>???(?????) -> (Demon Guardian Beast) ?????100, ?????100, ?????1, ??XP???false
[2026-06-14 02:47:48,990] ?????????(BUFF?)?hit:0,crit:0,critInjure:250,dodge:0,ignoreCrit:0,ignoreCritInjure:0,critBoss:250,critInjureBoss:0
[2026-06-14 02:47:48,990] ?????????(BUFF?)?hit:0,crit:0,critInjure:0,dodge:0,ignoreCrit:0,ignoreCritInjure:0,critBoss:0,critInjureBoss:0
[2026-06-14 02:47:48,990] ?????????(BUFF?)?hit:0,crit:0,critInjure:250,dodge:0,ignoreCrit:0,ignoreCritInjure:0,critBoss:250,critInjureBoss:0
[2026-06-14 02:47:48,990] ?????????(BUFF?)?hit:0,crit:0,critInjure:0,dodge:0,ignoreCrit:0,ignoreCritInjure:0,critBoss:0,critInjureBoss:0
[2026-06-14 02:47:48,990] ?????????(BUFF?)?maxPAtk:109532,maxPDef:64692,maxMDef:38977,ignorePDef:0,ignoreMDef:5809,injureAdd:0,injureIgnore:0,injureAddBoss:100
[2026-06-14 02:47:48,990] ?????????(BUFF?)?maxPAtk:9073,maxPDef:1852,maxMDef:1852,ignorePDef:0,ignoreMDef:0,injureAdd:0,injureIgnore:0,injureAddBoss:0
[2026-06-14 02:47:48,990] ?????????(BUFF?)?maxPAtk:109532,maxPDef:64692,maxMDef:38977,ignorePDef:0,ignoreMDef:5809,injureAdd:0,injureIgnore:0,injureAddBoss:100
[2026-06-14 02:47:48,990] ?????????(BUFF?)?maxPAtk:9073,maxPDef:1852,maxMDef:1852,ignorePDef:0,ignoreMDef:0,injureAdd:0,injureIgnore:0,injureAddBoss:0
[2026-06-14 02:47:48,990] ?????110727
[2026-06-14 02:47:48,990] ??????BUFF???110727
[2026-06-14 02:47:48,990] (Demon Guardian Beast,d22ab6c8-dda1-462a-aace-1858d3b74f34) ???110727;????275107/926000
[2026-06-14 02:47:48,990] =========[?????]?????END??(Fireball)


[2026-06-14 02:47:48,990] ????????[bd0d352c-abdf-4576-a426-08b6080bd21e]->[d22ab6c8-dda1-462a-aace-1858d3b74f34],?????[1201]
[2026-06-14 02:47:48,990] ??????????[Otherworld Elf Ruila,bd0d352c-abdf-4576-a426-08b6080bd21e]->[Demon Guardian Beast,d22ab6c8-dda1-462a-aace-1858d3b74f34],?????[1201]

[2026-06-14 02:47:48,990] >>>>>[Otherworld Elf Ruila]?????BEGIN??(Fireball), ??=Single Target ATK, uses Magic's power to form a fireball, targeting Single target,deal|C:0x34E22C&T:100%+100|T:Magic Damage., ???Demon Guardian Beast, ?????2
[2026-06-14 02:47:48,990] >>>>>[Otherworld Elf Ruila]?????(Demon Guardian Beast), ????[9,14]; ????[4,14]
[2026-06-14 02:47:48,990] ?????????1
[2026-06-14 02:47:48,990] >>>>???(Otherworld Elf Ruila) -> (Demon Guardian Beast) ?????100, ?????100, ?????1, ??XP???false
[2026-06-14 02:47:48,990] ?????????(BUFF?)?hit:0,crit:0,critInjure:250,dodge:0,ignoreCrit:0,ignoreCritInjure:0,critBoss:250,critInjureBoss:0
[2026-06-14 02:47:48,990] ?????????(BUFF?)?hit:0,crit:0,critInjure:0,dodge:0,ignoreCrit:0,ignoreCritInjure:0,critBoss:0,critInjureBoss:0
[2026-06-14 02:47:48,990] ?????????(BUFF?)?hit:0,crit:0,critInjure:250,dodge:0,ignoreCrit:0,ignoreCritInjure:0,critBoss:250,critInjureBoss:0
[2026-06-14 02:47:48,990] ?????????(BUFF?)?hit:0,crit:0,critInjure:0,dodge:0,ignoreCrit:0,ignoreCritInjure:0,critBoss:0,critInjureBoss:0
[2026-06-14 02:47:48,990] ?????????(BUFF?)?maxPAtk:109807,maxPDef:68309,maxMDef:37615,ignorePDef:0,ignoreMDef:6887,injureAdd:0,injureIgnore:0,injureAddBoss:100
[2026-06-14 02:47:48,990] ?????????(BUFF?)?maxPAtk:9073,maxPDef:1852,maxMDef:1852,ignorePDef:0,ignoreMDef:0,injureAdd:0,injureIgnore:0,injureAddBoss:0
[2026-06-14 02:47:48,990] ?????????(BUFF?)?maxPAtk:109807,maxPDef:68309,maxMDef:37615,ignorePDef:0,ignoreMDef:6887,injureAdd:0,injureIgnore:0,injureAddBoss:100
[2026-06-14 02:47:48,990] ?????????(BUFF?)?maxPAtk:9073,maxPDef:1852,maxMDef:1852,ignorePDef:0,ignoreMDef:0,injureAdd:0,injureIgnore:0,injureAddBoss:0
[2026-06-14 02:47:48,990] ?????111005
[2026-06-14 02:47:48,990] ??????BUFF???111005
[2026-06-14 02:47:48,990] (Demon Guardian Beast,d22ab6c8-dda1-462a-aace-1858d3b74f34) ???111005;????164102/926000
[2026-06-14 02:47:48,990] =========[Otherworld Elf Ruila]?????END??(Fireball)


[2026-06-14 02:47:49,554] ????????[ebc35acd-9d47-43c8-b6d6-2e231c80d600]->[d22ab6c8-dda1-462a-aace-1858d3b74f34],?????[1201]
[2026-06-14 02:47:49,554] ??????????[?????,ebc35acd-9d47-43c8-b6d6-2e231c80d600]->[Demon Guardian Beast,d22ab6c8-dda1-462a-aace-1858d3b74f34],?????[1201]

[2026-06-14 02:47:49,554] >>>>>[?????]?????BEGIN??(Fireball), ??=Single Target ATK, uses Magic's power to form a fireball, targeting Single target,deal|C:0x34E22C&T:100%+100|T:Magic Damage., ???Demon Guardian Beast, ?????2
[2026-06-14 02:47:49,554] >>>>>[?????]?????(Demon Guardian Beast), ????[9,14]; ????[4,14]
[2026-06-14 02:47:49,554] ?????????1
[2026-06-14 02:47:49,554] >>>>???(?????) -> (Demon Guardian Beast) ?????100, ?????100, ?????1, ??XP???false
[2026-06-14 02:47:49,554] ?????????(BUFF?)?hit:0,crit:0,critInjure:250,dodge:0,ignoreCrit:0,ignoreCritInjure:0,critBoss:250,critInjureBoss:0
[2026-06-14 02:47:49,554] ?????????(BUFF?)?hit:0,crit:0,critInjure:0,dodge:0,ignoreCrit:0,ignoreCritInjure:0,critBoss:0,critInjureBoss:0
[2026-06-14 02:47:49,554] ?????????(BUFF?)?hit:0,crit:0,critInjure:250,dodge:0,ignoreCrit:0,ignoreCritInjure:0,critBoss:250,critInjureBoss:0
[2026-06-14 02:47:49,554] ?????????(BUFF?)?hit:0,crit:0,critInjure:0,dodge:0,ignoreCrit:0,ignoreCritInjure:0,critBoss:0,critInjureBoss:0
[2026-06-14 02:47:49,554] ?????????(BUFF?)?maxPAtk:155998,maxPDef:88275,maxMDef:65856,ignorePDef:0,ignoreMDef:35218,injureAdd:100,injureIgnore:0,injureAddBoss:100
[2026-06-14 02:47:49,554] ?????????(BUFF?)?maxPAtk:9073,maxPDef:1852,maxMDef:1852,ignorePDef:0,ignoreMDef:0,injureAdd:0,injureIgnore:0,injureAddBoss:0
[2026-06-14 02:47:49,554] ?????????(BUFF?)?maxPAtk:155998,maxPDef:88275,maxMDef:65856,ignorePDef:0,ignoreMDef:35218,injureAdd:100,injureIgnore:0,injureAddBoss:100
[2026-06-14 02:47:49,554] ?????????(BUFF?)?maxPAtk:9073,maxPDef:1852,maxMDef:1852,ignorePDef:0,ignoreMDef:0,injureAdd:0,injureIgnore:0,injureAddBoss:0
[2026-06-14 02:47:49,554] ?????159217
[2026-06-14 02:47:49,554] ??????BUFF???159217
[2026-06-14 02:47:49,554] (Demon Guardian Beast,d22ab6c8-dda1-462a-aace-1858d3b74f34) ???159217;????4885/926000
[2026-06-14 02:47:49,554] =========[?????]?????END??(Fireball)


[2026-06-14 02:47:49,554] ????????[d1806f2b-c67b-4e48-8e65-e94548e56e23]->[d22ab6c8-dda1-462a-aace-1858d3b74f34],?????[8]
[2026-06-14 02:47:49,554] ??????????[????,d1806f2b-c67b-4e48-8e65-e94548e56e23]->[Demon Guardian Beast,d22ab6c8-dda1-462a-aace-1858d3b74f34],?????[8]

[2026-06-14 02:47:49,554] >>>>>[????]?????BEGIN??(Wind Bead), ??=AoE ATK, targets Ranged AoE, dealing|C:0x34E22C&T:80%+{0}|T:Magic Damage, ???Demon Guardian Beast, ?????2
[2026-06-14 02:47:49,554] >>>>>[????]?????(Demon Guardian Beast), ????[6,15]; ????[4,14]
[2026-06-14 02:47:49,554] ?????????1
[2026-06-14 02:47:49,554] >>>>???(????) -> (Demon Guardian Beast) ?????80, ?????8100, ?????1, ??XP???false
[2026-06-14 02:47:49,554] ?????????(BUFF?)?hit:60,crit:288,critInjure:610,dodge:15,ignoreCrit:0,ignoreCritInjure:0,critBoss:250,critInjureBoss:0
[2026-06-14 02:47:49,554] ?????????(BUFF?)?hit:0,crit:0,critInjure:0,dodge:0,ignoreCrit:0,ignoreCritInjure:0,critBoss:0,critInjureBoss:0
[2026-06-14 02:47:49,554] ?????????(BUFF?)?hit:60,crit:288,critInjure:610,dodge:15,ignoreCrit:0,ignoreCritInjure:0,critBoss:250,critInjureBoss:0
[2026-06-14 02:47:49,554] ?????????(BUFF?)?hit:0,crit:0,critInjure:0,dodge:0,ignoreCrit:0,ignoreCritInjure:0,critBoss:0,critInjureBoss:0
[2026-06-14 02:47:49,554] ?????????(BUFF?)?maxPAtk:537036,maxPDef:320573,maxMDef:292686,ignorePDef:923,ignoreMDef:1836,injureAdd:0,injureIgnore:1000,injureAddBoss:100
[2026-06-14 02:47:49,554] ?????????(BUFF?)?maxPAtk:9073,maxPDef:1852,maxMDef:1852,ignorePDef:0,ignoreMDef:0,injureAdd:0,injureIgnore:0,injureAddBoss:0
[2026-06-14 02:47:49,554] ?????????(BUFF?)?maxPAtk:537036,maxPDef:320573,maxMDef:292686,ignorePDef:923,ignoreMDef:1836,injureAdd:0,injureIgnore:1000,injureAddBoss:100
[2026-06-14 02:47:49,554] ?????????(BUFF?)?maxPAtk:9073,maxPDef:1852,maxMDef:1852,ignorePDef:0,ignoreMDef:0,injureAdd:0,injureIgnore:0,injureAddBoss:0
[2026-06-14 02:47:49,554] ?????442012
[2026-06-14 02:47:49,554] ??????BUFF???442012
[2026-06-14 02:47:49,554] (Demon Guardian Beast,d22ab6c8-dda1-462a-aace-1858d3b74f34) ???442012;????0/926000
[2026-06-14 02:47:49,554] ???(????,d1806f2b-c67b-4e48-8e65-e94548e56e23) ??????: objectId=d22ab6c8-dda1-462a-aace-1858d3b74f34,status=0
[2026-06-14 02:47:49,555] (Demon Guardian Beast,d22ab6c8-dda1-462a-aace-1858d3b74f34) ?????1781376469555
[2026-06-14 02:47:49,555] =========[????]?????END??(Wind Bead)

