[2026-06-14 02:39:42,115] ?Spider Empress Ada?????????????
[2026-06-14 02:39:42,115] [????]??BUFF?(Giant Rock Holy Shield[3201])
[2026-06-14 02:39:42,115] (????) ???1200;????6949926/6949926

[2026-06-14 02:39:42,904] ????????[bd0d352c-abdf-4576-a426-08b6080bd21e]->[67096310-c1b3-4bec-9e89-ceffefed40e5],?????[1201]
[2026-06-14 02:39:42,904] ??????????[Otherworld Elf Ruila,bd0d352c-abdf-4576-a426-08b6080bd21e]->[Spider Empress Ada,67096310-c1b3-4bec-9e89-ceffefed40e5],?????[1201]

[2026-06-14 02:39:42,904] >>>>>[Otherworld Elf Ruila]?????BEGIN??(Fireball), ??=Single Target ATK, uses Magic's power to form a fireball, targeting Single target,deal|C:0x34E22C&T:100%+100|T:Magic Damage., ???Spider Empress Ada, ?????2
[2026-06-14 02:39:42,904] >>>>>[Otherworld Elf Ruila]?????(Spider Empress Ada), ????[10,10]; ????[14,10]
[2026-06-14 02:39:42,904] ?????????1
[2026-06-14 02:39:42,904] >>>>???(Otherworld Elf Ruila) -> (Spider Empress Ada) ?????100, ?????100, ?????1, ??XP???false
[2026-06-14 02:39:42,904] ?????????(BUFF?)?hit:0,crit:0,critInjure:250,dodge:0,ignoreCrit:0,ignoreCritInjure:0,critBoss:250,critInjureBoss:0
[2026-06-14 02:39:42,904] ?????????(BUFF?)?hit:0,crit:0,critInjure:0,dodge:0,ignoreCrit:0,ignoreCritInjure:0,critBoss:0,critInjureBoss:0
[2026-06-14 02:39:42,904] ?????????(BUFF?)?hit:0,crit:0,critInjure:250,dodge:0,ignoreCrit:0,ignoreCritInjure:0,critBoss:250,critInjureBoss:0
[2026-06-14 02:39:42,904] ?????????(BUFF?)?hit:0,crit:0,critInjure:0,dodge:0,ignoreCrit:0,ignoreCritInjure:0,critBoss:0,critInjureBoss:0
[2026-06-14 02:39:42,904] ?????????(BUFF?)?maxPAtk:109807,maxPDef:68309,maxMDef:37615,ignorePDef:0,ignoreMDef:6887,injureAdd:0,injureIgnore:0,injureAddBoss:100
[2026-06-14 02:39:42,904] ?????????(BUFF?)?maxPAtk:8200,maxPDef:1628,maxMDef:1628,ignorePDef:0,ignoreMDef:0,injureAdd:0,injureIgnore:0,injureAddBoss:0
[2026-06-14 02:39:42,904] ?????????(BUFF?)?maxPAtk:109807,maxPDef:68309,maxMDef:37615,ignorePDef:0,ignoreMDef:6887,injureAdd:0,injureIgnore:0,injureAddBoss:100
[2026-06-14 02:39:42,904] ?????????(BUFF?)?maxPAtk:8200,maxPDef:1628,maxMDef:1628,ignorePDef:0,ignoreMDef:0,injureAdd:0,injureIgnore:0,injureAddBoss:0
[2026-06-14 02:39:42,904] ?????111005
[2026-06-14 02:39:42,904] ??????BUFF???111005
[2026-06-14 02:39:42,904] (Spider Empress Ada,67096310-c1b3-4bec-9e89-ceffefed40e5) ???111005;????702995/814000
[2026-06-14 02:39:42,904] =========[Otherworld Elf Ruila]?????END??(Fireball)


[2026-06-14 02:39:42,940] ????????[65b226f4-3d1c-4a60-838c-6aa6fda1c644]->[67096310-c1b3-4bec-9e89-ceffefed40e5],?????[1201]
[2026-06-14 02:39:42,940] ??????????[?????,65b226f4-3d1c-4a60-838c-6aa6fda1c644]->[Spider Empress Ada,67096310-c1b3-4bec-9e89-ceffefed40e5],?????[1201]

[2026-06-14 02:39:42,940] >>>>>[?????]?????BEGIN??(Fireball), ??=Single Target ATK, uses Magic's power to form a fireball, targeting Single target,deal|C:0x34E22C&T:100%+100|T:Magic Damage., ???Spider Empress Ada, ?????2
[2026-06-14 02:39:42,940] >>>>>[?????]?????(Spider Empress Ada), ????[10,10]; ????[14,10]
[2026-06-14 02:39:42,940] ?????????1
[2026-06-14 02:39:42,940] >>>>???(?????) -> (Spider Empress Ada) ?????100, ?????100, ?????1, ??XP???false
[2026-06-14 02:39:42,940] ?????????(BUFF?)?hit:0,crit:0,critInjure:250,dodge:0,ignoreCrit:0,ignoreCritInjure:0,critBoss:250,critInjureBoss:0
[2026-06-14 02:39:42,940] ?????????(BUFF?)?hit:0,crit:0,critInjure:0,dodge:0,ignoreCrit:0,ignoreCritInjure:0,critBoss:0,critInjureBoss:0
[2026-06-14 02:39:42,940] ?????????(BUFF?)?hit:0,crit:0,critInjure:250,dodge:0,ignoreCrit:0,ignoreCritInjure:0,critBoss:250,critInjureBoss:0
[2026-06-14 02:39:42,940] ?????????(BUFF?)?hit:0,crit:0,critInjure:0,dodge:0,ignoreCrit:0,ignoreCritInjure:0,critBoss:0,critInjureBoss:0
[2026-06-14 02:39:42,940] ?????????(BUFF?)?maxPAtk:109532,maxPDef:64692,maxMDef:38977,ignorePDef:0,ignoreMDef:5809,injureAdd:0,injureIgnore:0,injureAddBoss:100
[2026-06-14 02:39:42,940] ?????????(BUFF?)?maxPAtk:8200,maxPDef:1628,maxMDef:1628,ignorePDef:0,ignoreMDef:0,injureAdd:0,injureIgnore:0,injureAddBoss:0
[2026-06-14 02:39:42,940] ?????????(BUFF?)?maxPAtk:109532,maxPDef:64692,maxMDef:38977,ignorePDef:0,ignoreMDef:5809,injureAdd:0,injureIgnore:0,injureAddBoss:100
[2026-06-14 02:39:42,940] ?????????(BUFF?)?maxPAtk:8200,maxPDef:1628,maxMDef:1628,ignorePDef:0,ignoreMDef:0,injureAdd:0,injureIgnore:0,injureAddBoss:0
[2026-06-14 02:39:42,940] ?????110727
[2026-06-14 02:39:42,940] ??????BUFF???110727
[2026-06-14 02:39:42,940] (Spider Empress Ada,67096310-c1b3-4bec-9e89-ceffefed40e5) ???110727;????592268/814000
[2026-06-14 02:39:42,940] =========[?????]?????END??(Fireball)


[2026-06-14 02:39:42,974] ????????[d1806f2b-c67b-4e48-8e65-e94548e56e23]->[67096310-c1b3-4bec-9e89-ceffefed40e5],?????[9]
[2026-06-14 02:39:42,974] ??????????[????,d1806f2b-c67b-4e48-8e65-e94548e56e23]->[Spider Empress Ada,67096310-c1b3-4bec-9e89-ceffefed40e5],?????[9]

[2026-06-14 02:39:42,974] >>>>>[????]?????BEGIN??(Giant Rock Holy Shield), ??=Support Skill, applies Shield Reduction of|C:0x34E22C&T:20%|T: damage value, for|C:0x34E22C&T:5|T:s, upon breaking, targets surrounding enemies, dealing|C:0x34E22C&T:120%+{0}|T:Magic Damage, ???????, ?????0
[2026-06-14 02:39:42,974] [????]??BUFF?(Giant Rock Holy Shield[3201]), ????=5000, ??=2000
[2026-06-14 02:39:42,974] [????]?????1389985
[2026-06-14 02:39:42,974] =========[????]???????????(Giant Rock Holy Shield)

[2026-06-14 02:39:43,078] ????????[????],posX=11,posY=10
[2026-06-14 02:39:43,115] (????) ???1200;????6949926/6949926

[2026-06-14 02:39:43,119] >>>>>[Spider Empress Ada]?????BEGIN??(Boss Melee Attack), ??=NormalATK, ???????, ?????4
[2026-06-14 02:39:43,119] >>>>>[Spider Empress Ada]?????(????), ????[14,10]; ????[11,10]
[2026-06-14 02:39:43,119] ?????????1
[2026-06-14 02:39:43,119] >>>>???(Spider Empress Ada) -> (????) ?????100, ?????0, ?????0, ??XP???false
[2026-06-14 02:39:43,119] ?????????(BUFF?)?hit:0,crit:0,critInjure:0,dodge:0,ignoreCrit:0,ignoreCritInjure:0,critBoss:0,critInjureBoss:0
[2026-06-14 02:39:43,119] ?????????(BUFF?)?hit:60,crit:288,critInjure:610,dodge:15,ignoreCrit:0,ignoreCritInjure:0,critBoss:250,critInjureBoss:0
[2026-06-14 02:39:43,119] ?????????(BUFF?)?hit:0,crit:0,critInjure:0,dodge:0,ignoreCrit:0,ignoreCritInjure:0,critBoss:0,critInjureBoss:0
[2026-06-14 02:39:43,119] ?????????(BUFF?)?hit:60,crit:288,critInjure:610,dodge:15,ignoreCrit:0,ignoreCritInjure:0,critBoss:250,critInjureBoss:0
[2026-06-14 02:39:43,119] ?????????(BUFF?)?maxPAtk:8200,maxPDef:1628,maxMDef:1628,ignorePDef:0,ignoreMDef:0,injureAdd:0,injureIgnore:0,injureAddBoss:0
[2026-06-14 02:39:43,119] ?????????(BUFF?)?maxPAtk:537036,maxPDef:320573,maxMDef:292686,ignorePDef:923,ignoreMDef:1836,injureAdd:0,injureIgnore:1000,injureAddBoss:100
[2026-06-14 02:39:43,119] ?????????(BUFF?)?maxPAtk:8200,maxPDef:1628,maxMDef:1628,ignorePDef:0,ignoreMDef:0,injureAdd:0,injureIgnore:0,injureAddBoss:0
[2026-06-14 02:39:43,119] ?????????(BUFF?)?maxPAtk:537036,maxPDef:320573,maxMDef:292686,ignorePDef:923,ignoreMDef:1836,injureAdd:0,injureIgnore:1000,injureAddBoss:100
[2026-06-14 02:39:43,119] ?????183
[2026-06-14 02:39:43,119] ??????BUFF???183
[2026-06-14 02:39:43,119] [????]??BUFF?(Giant Rock Holy Shield), ??=Absorb Max HP|C:0x34E22C&T:20%|T:damage, ?????4855
[2026-06-14 02:39:43,119] [????]?????183, ?????1389802
[2026-06-14 02:39:43,119] (????,d1806f2b-c67b-4e48-8e65-e94548e56e23) ???0;????6949926/6949926
[2026-06-14 02:39:43,119] =========[Spider Empress Ada]?????END??(Boss Melee Attack)


[2026-06-14 02:39:43,255] ????????[ebc35acd-9d47-43c8-b6d6-2e231c80d600]->[67096310-c1b3-4bec-9e89-ceffefed40e5],?????[1201]
[2026-06-14 02:39:43,255] ??????????[?????,ebc35acd-9d47-43c8-b6d6-2e231c80d600]->[Spider Empress Ada,67096310-c1b3-4bec-9e89-ceffefed40e5],?????[1201]

[2026-06-14 02:39:43,255] >>>>>[?????]?????BEGIN??(Fireball), ??=Single Target ATK, uses Magic's power to form a fireball, targeting Single target,deal|C:0x34E22C&T:100%+100|T:Magic Damage., ???Spider Empress Ada, ?????2
[2026-06-14 02:39:43,255] >>>>>[?????]?????(Spider Empress Ada), ????[10,10]; ????[14,10]
[2026-06-14 02:39:43,255] ?????????1
[2026-06-14 02:39:43,255] >>>>???(?????) -> (Spider Empress Ada) ?????100, ?????100, ?????1, ??XP???false
[2026-06-14 02:39:43,255] ?????????(BUFF?)?hit:0,crit:0,critInjure:250,dodge:0,ignoreCrit:0,ignoreCritInjure:0,critBoss:250,critInjureBoss:0
[2026-06-14 02:39:43,255] ?????????(BUFF?)?hit:0,crit:0,critInjure:0,dodge:0,ignoreCrit:0,ignoreCritInjure:0,critBoss:0,critInjureBoss:0
[2026-06-14 02:39:43,255] ?????????(BUFF?)?hit:0,crit:0,critInjure:250,dodge:0,ignoreCrit:0,ignoreCritInjure:0,critBoss:250,critInjureBoss:0
[2026-06-14 02:39:43,255] ?????????(BUFF?)?hit:0,crit:0,critInjure:0,dodge:0,ignoreCrit:0,ignoreCritInjure:0,critBoss:0,critInjureBoss:0
[2026-06-14 02:39:43,255] ?????????(BUFF?)?maxPAtk:155688,maxPDef:88198,maxMDef:65660,ignorePDef:0,ignoreMDef:35063,injureAdd:100,injureIgnore:0,injureAddBoss:100
[2026-06-14 02:39:43,255] ?????????(BUFF?)?maxPAtk:8200,maxPDef:1628,maxMDef:1628,ignorePDef:0,ignoreMDef:0,injureAdd:0,injureIgnore:0,injureAddBoss:0
[2026-06-14 02:39:43,255] ?????????(BUFF?)?maxPAtk:155688,maxPDef:88198,maxMDef:65660,ignorePDef:0,ignoreMDef:35063,injureAdd:100,injureIgnore:0,injureAddBoss:100
[2026-06-14 02:39:43,255] ?????????(BUFF?)?maxPAtk:8200,maxPDef:1628,maxMDef:1628,ignorePDef:0,ignoreMDef:0,injureAdd:0,injureIgnore:0,injureAddBoss:0
[2026-06-14 02:39:43,255] ?????158901
[2026-06-14 02:39:43,255] ??????BUFF???158901
[2026-06-14 02:39:43,255] (Spider Empress Ada,67096310-c1b3-4bec-9e89-ceffefed40e5) ???158901;????433367/814000
[2026-06-14 02:39:43,255] =========[?????]?????END??(Fireball)

[2026-06-14 02:39:43,395] ????????[????],posX=12,posY=10

[2026-06-14 02:39:43,817] ????????[bd0d352c-abdf-4576-a426-08b6080bd21e]->[67096310-c1b3-4bec-9e89-ceffefed40e5],?????[1201]
[2026-06-14 02:39:43,817] ??????????[Otherworld Elf Ruila,bd0d352c-abdf-4576-a426-08b6080bd21e]->[Spider Empress Ada,67096310-c1b3-4bec-9e89-ceffefed40e5],?????[1201]

[2026-06-14 02:39:43,817] >>>>>[Otherworld Elf Ruila]?????BEGIN??(Fireball), ??=Single Target ATK, uses Magic's power to form a fireball, targeting Single target,deal|C:0x34E22C&T:100%+100|T:Magic Damage., ???Spider Empress Ada, ?????2
[2026-06-14 02:39:43,817] >>>>>[Otherworld Elf Ruila]?????(Spider Empress Ada), ????[10,10]; ????[14,10]
[2026-06-14 02:39:43,817] ?????????1
[2026-06-14 02:39:43,817] >>>>???(Otherworld Elf Ruila) -> (Spider Empress Ada) ?????100, ?????100, ?????1, ??XP???false
[2026-06-14 02:39:43,817] ?????????(BUFF?)?hit:0,crit:0,critInjure:250,dodge:0,ignoreCrit:0,ignoreCritInjure:0,critBoss:250,critInjureBoss:0
[2026-06-14 02:39:43,817] ?????????(BUFF?)?hit:0,crit:0,critInjure:0,dodge:0,ignoreCrit:0,ignoreCritInjure:0,critBoss:0,critInjureBoss:0
[2026-06-14 02:39:43,817] ?????????(BUFF?)?hit:0,crit:0,critInjure:250,dodge:0,ignoreCrit:0,ignoreCritInjure:0,critBoss:250,critInjureBoss:0
[2026-06-14 02:39:43,817] ?????????(BUFF?)?hit:0,crit:0,critInjure:0,dodge:0,ignoreCrit:0,ignoreCritInjure:0,critBoss:0,critInjureBoss:0
[2026-06-14 02:39:43,817] ?????????(BUFF?)?maxPAtk:109807,maxPDef:68309,maxMDef:37615,ignorePDef:0,ignoreMDef:6887,injureAdd:0,injureIgnore:0,injureAddBoss:100
[2026-06-14 02:39:43,817] ?????????(BUFF?)?maxPAtk:8200,maxPDef:1628,maxMDef:1628,ignorePDef:0,ignoreMDef:0,injureAdd:0,injureIgnore:0,injureAddBoss:0
[2026-06-14 02:39:43,817] ?????????(BUFF?)?maxPAtk:109807,maxPDef:68309,maxMDef:37615,ignorePDef:0,ignoreMDef:6887,injureAdd:0,injureIgnore:0,injureAddBoss:100
[2026-06-14 02:39:43,817] ?????????(BUFF?)?maxPAtk:8200,maxPDef:1628,maxMDef:1628,ignorePDef:0,ignoreMDef:0,injureAdd:0,injureIgnore:0,injureAddBoss:0
[2026-06-14 02:39:43,817] ?????111005
[2026-06-14 02:39:43,817] ??????BUFF???111005
[2026-06-14 02:39:43,817] (Spider Empress Ada,67096310-c1b3-4bec-9e89-ceffefed40e5) ???111005;????322362/814000
[2026-06-14 02:39:43,817] =========[Otherworld Elf Ruila]?????END??(Fireball)


[2026-06-14 02:39:43,852] ????????[65b226f4-3d1c-4a60-838c-6aa6fda1c644]->[67096310-c1b3-4bec-9e89-ceffefed40e5],?????[1201]
[2026-06-14 02:39:43,852] ??????????[?????,65b226f4-3d1c-4a60-838c-6aa6fda1c644]->[Spider Empress Ada,67096310-c1b3-4bec-9e89-ceffefed40e5],?????[1201]

[2026-06-14 02:39:43,852] >>>>>[?????]?????BEGIN??(Fireball), ??=Single Target ATK, uses Magic's power to form a fireball, targeting Single target,deal|C:0x34E22C&T:100%+100|T:Magic Damage., ???Spider Empress Ada, ?????2
[2026-06-14 02:39:43,852] >>>>>[?????]?????(Spider Empress Ada), ????[10,10]; ????[14,10]
[2026-06-14 02:39:43,852] ?????????1
[2026-06-14 02:39:43,852] >>>>???(?????) -> (Spider Empress Ada) ?????100, ?????100, ?????1, ??XP???false
[2026-06-14 02:39:43,852] ?????????(BUFF?)?hit:0,crit:0,critInjure:250,dodge:0,ignoreCrit:0,ignoreCritInjure:0,critBoss:250,critInjureBoss:0
[2026-06-14 02:39:43,852] ?????????(BUFF?)?hit:0,crit:0,critInjure:0,dodge:0,ignoreCrit:0,ignoreCritInjure:0,critBoss:0,critInjureBoss:0
[2026-06-14 02:39:43,852] ?????????(BUFF?)?hit:0,crit:0,critInjure:250,dodge:0,ignoreCrit:0,ignoreCritInjure:0,critBoss:250,critInjureBoss:0
[2026-06-14 02:39:43,852] ?????????(BUFF?)?hit:0,crit:0,critInjure:0,dodge:0,ignoreCrit:0,ignoreCritInjure:0,critBoss:0,critInjureBoss:0
[2026-06-14 02:39:43,852] ?????????(BUFF?)?maxPAtk:109532,maxPDef:64692,maxMDef:38977,ignorePDef:0,ignoreMDef:5809,injureAdd:0,injureIgnore:0,injureAddBoss:100
[2026-06-14 02:39:43,852] ?????????(BUFF?)?maxPAtk:8200,maxPDef:1628,maxMDef:1628,ignorePDef:0,ignoreMDef:0,injureAdd:0,injureIgnore:0,injureAddBoss:0
[2026-06-14 02:39:43,852] ?????????(BUFF?)?maxPAtk:109532,maxPDef:64692,maxMDef:38977,ignorePDef:0,ignoreMDef:5809,injureAdd:0,injureIgnore:0,injureAddBoss:100
[2026-06-14 02:39:43,852] ?????????(BUFF?)?maxPAtk:8200,maxPDef:1628,maxMDef:1628,ignorePDef:0,ignoreMDef:0,injureAdd:0,injureIgnore:0,injureAddBoss:0
[2026-06-14 02:39:43,852] ?????110727
[2026-06-14 02:39:43,852] ??????BUFF???110727
[2026-06-14 02:39:43,852] (Spider Empress Ada,67096310-c1b3-4bec-9e89-ceffefed40e5) ???110727;????211635/814000
[2026-06-14 02:39:43,852] =========[?????]?????END??(Fireball)

[2026-06-14 02:39:44,116] (????) ???1200;????6949926/6949926

[2026-06-14 02:39:44,120] >>>>>[Spider Empress Ada]?????BEGIN??(Boss Melee Attack), ??=NormalATK, ???????, ?????4
[2026-06-14 02:39:44,120] >>>>>[Spider Empress Ada]?????(????), ????[14,10]; ????[12,10]
[2026-06-14 02:39:44,120] ?????????1
[2026-06-14 02:39:44,120] >>>>???(Spider Empress Ada) -> (????) ?????100, ?????0, ?????0, ??XP???false
[2026-06-14 02:39:44,120] ?????????(BUFF?)?hit:0,crit:0,critInjure:0,dodge:0,ignoreCrit:0,ignoreCritInjure:0,critBoss:0,critInjureBoss:0
[2026-06-14 02:39:44,120] ?????????(BUFF?)?hit:60,crit:288,critInjure:610,dodge:15,ignoreCrit:0,ignoreCritInjure:0,critBoss:250,critInjureBoss:0
[2026-06-14 02:39:44,120] ?????????(BUFF?)?hit:0,crit:0,critInjure:0,dodge:0,ignoreCrit:0,ignoreCritInjure:0,critBoss:0,critInjureBoss:0
[2026-06-14 02:39:44,120] ?????????(BUFF?)?hit:60,crit:288,critInjure:610,dodge:15,ignoreCrit:0,ignoreCritInjure:0,critBoss:250,critInjureBoss:0
[2026-06-14 02:39:44,120] ?????????(BUFF?)?maxPAtk:8200,maxPDef:1628,maxMDef:1628,ignorePDef:0,ignoreMDef:0,injureAdd:0,injureIgnore:0,injureAddBoss:0
[2026-06-14 02:39:44,120] ?????????(BUFF?)?maxPAtk:537036,maxPDef:320573,maxMDef:292686,ignorePDef:923,ignoreMDef:1836,injureAdd:0,injureIgnore:1000,injureAddBoss:100
[2026-06-14 02:39:44,120] ?????????(BUFF?)?maxPAtk:8200,maxPDef:1628,maxMDef:1628,ignorePDef:0,ignoreMDef:0,injureAdd:0,injureIgnore:0,injureAddBoss:0
[2026-06-14 02:39:44,120] ?????????(BUFF?)?maxPAtk:537036,maxPDef:320573,maxMDef:292686,ignorePDef:923,ignoreMDef:1836,injureAdd:0,injureIgnore:1000,injureAddBoss:100
[2026-06-14 02:39:44,120] ?????183
[2026-06-14 02:39:44,120] ??????BUFF???183
[2026-06-14 02:39:44,120] [????]??BUFF?(Giant Rock Holy Shield), ??=Absorb Max HP|C:0x34E22C&T:20%|T:damage, ?????3854
[2026-06-14 02:39:44,120] [????]?????183, ?????1389619
[2026-06-14 02:39:44,120] (????,d1806f2b-c67b-4e48-8e65-e94548e56e23) ???0;????6949926/6949926
[2026-06-14 02:39:44,120] =========[Spider Empress Ada]?????END??(Boss Melee Attack)


[2026-06-14 02:39:44,151] ????????[ebc35acd-9d47-43c8-b6d6-2e231c80d600]->[67096310-c1b3-4bec-9e89-ceffefed40e5],?????[1201]
[2026-06-14 02:39:44,151] ??????????[?????,ebc35acd-9d47-43c8-b6d6-2e231c80d600]->[Spider Empress Ada,67096310-c1b3-4bec-9e89-ceffefed40e5],?????[1201]

[2026-06-14 02:39:44,151] >>>>>[?????]?????BEGIN??(Fireball), ??=Single Target ATK, uses Magic's power to form a fireball, targeting Single target,deal|C:0x34E22C&T:100%+100|T:Magic Damage., ???Spider Empress Ada, ?????2
[2026-06-14 02:39:44,151] >>>>>[?????]?????(Spider Empress Ada), ????[10,10]; ????[14,10]
[2026-06-14 02:39:44,151] ?????????1
[2026-06-14 02:39:44,151] >>>>???(?????) -> (Spider Empress Ada) ?????100, ?????100, ?????1, ??XP???false
[2026-06-14 02:39:44,151] ?????????(BUFF?)?hit:0,crit:0,critInjure:250,dodge:0,ignoreCrit:0,ignoreCritInjure:0,critBoss:250,critInjureBoss:0
[2026-06-14 02:39:44,151] ?????????(BUFF?)?hit:0,crit:0,critInjure:0,dodge:0,ignoreCrit:0,ignoreCritInjure:0,critBoss:0,critInjureBoss:0
[2026-06-14 02:39:44,151] ?????????(BUFF?)?hit:0,crit:0,critInjure:250,dodge:0,ignoreCrit:0,ignoreCritInjure:0,critBoss:250,critInjureBoss:0
[2026-06-14 02:39:44,151] ?????????(BUFF?)?hit:0,crit:0,critInjure:0,dodge:0,ignoreCrit:0,ignoreCritInjure:0,critBoss:0,critInjureBoss:0
[2026-06-14 02:39:44,151] ?????????(BUFF?)?maxPAtk:155688,maxPDef:88198,maxMDef:65660,ignorePDef:0,ignoreMDef:35063,injureAdd:100,injureIgnore:0,injureAddBoss:100
[2026-06-14 02:39:44,151] ?????????(BUFF?)?maxPAtk:8200,maxPDef:1628,maxMDef:1628,ignorePDef:0,ignoreMDef:0,injureAdd:0,injureIgnore:0,injureAddBoss:0
[2026-06-14 02:39:44,151] ?????????(BUFF?)?maxPAtk:155688,maxPDef:88198,maxMDef:65660,ignorePDef:0,ignoreMDef:35063,injureAdd:100,injureIgnore:0,injureAddBoss:100
[2026-06-14 02:39:44,151] ?????????(BUFF?)?maxPAtk:8200,maxPDef:1628,maxMDef:1628,ignorePDef:0,ignoreMDef:0,injureAdd:0,injureIgnore:0,injureAddBoss:0
[2026-06-14 02:39:44,151] ??~~
[2026-06-14 02:39:44,151] ?????242272
[2026-06-14 02:39:44,151] ??????BUFF???242272
[2026-06-14 02:39:44,151] (Spider Empress Ada,67096310-c1b3-4bec-9e89-ceffefed40e5) ???242272;????0/814000
[2026-06-14 02:39:44,151] ???(????,d1806f2b-c67b-4e48-8e65-e94548e56e23) ??????: objectId=67096310-c1b3-4bec-9e89-ceffefed40e5,status=0
[2026-06-14 02:39:44,153] (Spider Empress Ada,67096310-c1b3-4bec-9e89-ceffefed40e5) ?????1781375984153
[2026-06-14 02:39:44,153] =========[?????]?????END??(Fireball)

[2026-06-14 02:39:44,434] ?canControlObject??????????name=[????]
