[2026-06-14 02:34:21,718] ?Ice Rock Dominator?????????????
[2026-06-14 02:34:21,719] [????]??BUFF?(Giant Rock Holy Shield[3201])
[2026-06-14 02:34:21,719] [????]??BUFF?(Phantom[2101])
[2026-06-14 02:34:21,719] (????) ???1200;????6949926/6949926

[2026-06-14 02:34:22,576] ????????[d1806f2b-c67b-4e48-8e65-e94548e56e23]->[4f301bd2-a016-409d-9efc-a7158dcdca83],?????[9]
[2026-06-14 02:34:22,576] ??????????[????,d1806f2b-c67b-4e48-8e65-e94548e56e23]->[Ice Rock Dominator,4f301bd2-a016-409d-9efc-a7158dcdca83],?????[9]

[2026-06-14 02:34:22,576] >>>>>[????]?????BEGIN??(Giant Rock Holy Shield), ??=Support Skill, applies Shield Reduction of|C:0x34E22C&T:20%|T: damage value, for|C:0x34E22C&T:5|T:s, upon breaking, targets surrounding enemies, dealing|C:0x34E22C&T:120%+{0}|T:Magic Damage, ???????, ?????0
[2026-06-14 02:34:22,576] [????]??BUFF?(Giant Rock Holy Shield[3201]), ????=5000, ??=2000
[2026-06-14 02:34:22,576] [????]?????1389985
[2026-06-14 02:34:22,576] =========[????]???????????(Giant Rock Holy Shield)

[2026-06-14 02:34:22,683] ????????[????],posX=10,posY=15
[2026-06-14 02:34:22,719] (????) ???1200;????6949926/6949926

[2026-06-14 02:34:22,896] ????????[ebc35acd-9d47-43c8-b6d6-2e231c80d600]->[4f301bd2-a016-409d-9efc-a7158dcdca83],?????[1201]
[2026-06-14 02:34:22,896] ??????????[?????,ebc35acd-9d47-43c8-b6d6-2e231c80d600]->[Ice Rock Dominator,4f301bd2-a016-409d-9efc-a7158dcdca83],?????[1201]

[2026-06-14 02:34:22,896] >>>>>[?????]?????BEGIN??(Fireball), ??=Single Target ATK, uses Magic's power to form a fireball, targeting Single target,deal|C:0x34E22C&T:100%+100|T:Magic Damage., ???Ice Rock Dominator, ?????2
[2026-06-14 02:34:22,896] >>>>>[?????]?????(Ice Rock Dominator), ????[9,15]; ????[14,15]
[2026-06-14 02:34:22,896] ?????????1
[2026-06-14 02:34:22,896] >>>>???(?????) -> (Ice Rock Dominator) ?????100, ?????100, ?????1, ??XP???false
[2026-06-14 02:34:22,896] ?????????(BUFF?)?hit:0,crit:0,critInjure:250,dodge:0,ignoreCrit:0,ignoreCritInjure:0,critBoss:250,critInjureBoss:0
[2026-06-14 02:34:22,896] ?????????(BUFF?)?hit:0,crit:0,critInjure:0,dodge:0,ignoreCrit:0,ignoreCritInjure:0,critBoss:0,critInjureBoss:0
[2026-06-14 02:34:22,896] ?????????(BUFF?)?hit:0,crit:0,critInjure:250,dodge:0,ignoreCrit:0,ignoreCritInjure:0,critBoss:250,critInjureBoss:0
[2026-06-14 02:34:22,896] ?????????(BUFF?)?hit:0,crit:0,critInjure:0,dodge:0,ignoreCrit:0,ignoreCritInjure:0,critBoss:0,critInjureBoss:0
[2026-06-14 02:34:22,896] ?????????(BUFF?)?maxPAtk:155688,maxPDef:88198,maxMDef:65660,ignorePDef:0,ignoreMDef:35063,injureAdd:100,injureIgnore:0,injureAddBoss:100
[2026-06-14 02:34:22,896] ?????????(BUFF?)?maxPAtk:7655,maxPDef:1488,maxMDef:1488,ignorePDef:0,ignoreMDef:0,injureAdd:0,injureIgnore:0,injureAddBoss:0
[2026-06-14 02:34:22,896] ?????????(BUFF?)?maxPAtk:155688,maxPDef:88198,maxMDef:65660,ignorePDef:0,ignoreMDef:35063,injureAdd:100,injureIgnore:0,injureAddBoss:100
[2026-06-14 02:34:22,896] ?????????(BUFF?)?maxPAtk:7655,maxPDef:1488,maxMDef:1488,ignorePDef:0,ignoreMDef:0,injureAdd:0,injureIgnore:0,injureAddBoss:0
[2026-06-14 02:34:22,896] ?????158901
[2026-06-14 02:34:22,896] ??????BUFF???158901
[2026-06-14 02:34:22,896] (Ice Rock Dominator,4f301bd2-a016-409d-9efc-a7158dcdca83) ???158901;????585099/744000
[2026-06-14 02:34:22,896] =========[?????]?????END??(Fireball)

[2026-06-14 02:34:23,003] ????????[????],posX=11,posY=15

[2026-06-14 02:34:23,213] ????????[bd0d352c-abdf-4576-a426-08b6080bd21e]->[4f301bd2-a016-409d-9efc-a7158dcdca83],?????[1201]
[2026-06-14 02:34:23,213] ??????????[Otherworld Elf Ruila,bd0d352c-abdf-4576-a426-08b6080bd21e]->[Ice Rock Dominator,4f301bd2-a016-409d-9efc-a7158dcdca83],?????[1201]

[2026-06-14 02:34:23,213] >>>>>[Otherworld Elf Ruila]?????BEGIN??(Fireball), ??=Single Target ATK, uses Magic's power to form a fireball, targeting Single target,deal|C:0x34E22C&T:100%+100|T:Magic Damage., ???Ice Rock Dominator, ?????2
[2026-06-14 02:34:23,213] >>>>>[Otherworld Elf Ruila]?????(Ice Rock Dominator), ????[9,15]; ????[14,15]
[2026-06-14 02:34:23,213] ?????????1
[2026-06-14 02:34:23,213] >>>>???(Otherworld Elf Ruila) -> (Ice Rock Dominator) ?????100, ?????100, ?????1, ??XP???false
[2026-06-14 02:34:23,213] ?????????(BUFF?)?hit:0,crit:0,critInjure:250,dodge:0,ignoreCrit:0,ignoreCritInjure:0,critBoss:250,critInjureBoss:0
[2026-06-14 02:34:23,213] ?????????(BUFF?)?hit:0,crit:0,critInjure:0,dodge:0,ignoreCrit:0,ignoreCritInjure:0,critBoss:0,critInjureBoss:0
[2026-06-14 02:34:23,213] ?????????(BUFF?)?hit:0,crit:0,critInjure:250,dodge:0,ignoreCrit:0,ignoreCritInjure:0,critBoss:250,critInjureBoss:0
[2026-06-14 02:34:23,213] ?????????(BUFF?)?hit:0,crit:0,critInjure:0,dodge:0,ignoreCrit:0,ignoreCritInjure:0,critBoss:0,critInjureBoss:0
[2026-06-14 02:34:23,213] ?????????(BUFF?)?maxPAtk:109807,maxPDef:68309,maxMDef:37615,ignorePDef:0,ignoreMDef:6887,injureAdd:0,injureIgnore:0,injureAddBoss:100
[2026-06-14 02:34:23,213] ?????????(BUFF?)?maxPAtk:7655,maxPDef:1488,maxMDef:1488,ignorePDef:0,ignoreMDef:0,injureAdd:0,injureIgnore:0,injureAddBoss:0
[2026-06-14 02:34:23,213] ?????????(BUFF?)?maxPAtk:109807,maxPDef:68309,maxMDef:37615,ignorePDef:0,ignoreMDef:6887,injureAdd:0,injureIgnore:0,injureAddBoss:100
[2026-06-14 02:34:23,213] ?????????(BUFF?)?maxPAtk:7655,maxPDef:1488,maxMDef:1488,ignorePDef:0,ignoreMDef:0,injureAdd:0,injureIgnore:0,injureAddBoss:0
[2026-06-14 02:34:23,213] ?????111005
[2026-06-14 02:34:23,213] ??????BUFF???111005
[2026-06-14 02:34:23,213] (Ice Rock Dominator,4f301bd2-a016-409d-9efc-a7158dcdca83) ???111005;????474094/744000
[2026-06-14 02:34:23,213] =========[Otherworld Elf Ruila]?????END??(Fireball)


[2026-06-14 02:34:23,247] ????????[65b226f4-3d1c-4a60-838c-6aa6fda1c644]->[4f301bd2-a016-409d-9efc-a7158dcdca83],?????[1201]
[2026-06-14 02:34:23,247] ??????????[?????,65b226f4-3d1c-4a60-838c-6aa6fda1c644]->[Ice Rock Dominator,4f301bd2-a016-409d-9efc-a7158dcdca83],?????[1201]

[2026-06-14 02:34:23,247] >>>>>[?????]?????BEGIN??(Fireball), ??=Single Target ATK, uses Magic's power to form a fireball, targeting Single target,deal|C:0x34E22C&T:100%+100|T:Magic Damage., ???Ice Rock Dominator, ?????2
[2026-06-14 02:34:23,247] >>>>>[?????]?????(Ice Rock Dominator), ????[9,15]; ????[14,15]
[2026-06-14 02:34:23,247] ?????????1
[2026-06-14 02:34:23,247] >>>>???(?????) -> (Ice Rock Dominator) ?????100, ?????100, ?????1, ??XP???false
[2026-06-14 02:34:23,247] ?????????(BUFF?)?hit:0,crit:0,critInjure:250,dodge:0,ignoreCrit:0,ignoreCritInjure:0,critBoss:250,critInjureBoss:0
[2026-06-14 02:34:23,247] ?????????(BUFF?)?hit:0,crit:0,critInjure:0,dodge:0,ignoreCrit:0,ignoreCritInjure:0,critBoss:0,critInjureBoss:0
[2026-06-14 02:34:23,247] ?????????(BUFF?)?hit:0,crit:0,critInjure:250,dodge:0,ignoreCrit:0,ignoreCritInjure:0,critBoss:250,critInjureBoss:0
[2026-06-14 02:34:23,247] ?????????(BUFF?)?hit:0,crit:0,critInjure:0,dodge:0,ignoreCrit:0,ignoreCritInjure:0,critBoss:0,critInjureBoss:0
[2026-06-14 02:34:23,247] ?????????(BUFF?)?maxPAtk:109532,maxPDef:64692,maxMDef:38977,ignorePDef:0,ignoreMDef:5809,injureAdd:0,injureIgnore:0,injureAddBoss:100
[2026-06-14 02:34:23,247] ?????????(BUFF?)?maxPAtk:7655,maxPDef:1488,maxMDef:1488,ignorePDef:0,ignoreMDef:0,injureAdd:0,injureIgnore:0,injureAddBoss:0
[2026-06-14 02:34:23,247] ?????????(BUFF?)?maxPAtk:109532,maxPDef:64692,maxMDef:38977,ignorePDef:0,ignoreMDef:5809,injureAdd:0,injureIgnore:0,injureAddBoss:100
[2026-06-14 02:34:23,247] ?????????(BUFF?)?maxPAtk:7655,maxPDef:1488,maxMDef:1488,ignorePDef:0,ignoreMDef:0,injureAdd:0,injureIgnore:0,injureAddBoss:0
[2026-06-14 02:34:23,247] ?????110727
[2026-06-14 02:34:23,247] ??????BUFF???110727
[2026-06-14 02:34:23,247] (Ice Rock Dominator,4f301bd2-a016-409d-9efc-a7158dcdca83) ???110727;????363367/744000
[2026-06-14 02:34:23,247] =========[?????]?????END??(Fireball)

[2026-06-14 02:34:23,319] ????????[????],posX=12,posY=14
[2026-06-14 02:34:23,720] (????) ???1200;????6949926/6949926

[2026-06-14 02:34:23,726] >>>>>[Ice Rock Dominator]?????BEGIN??(Boss Melee Attack), ??=NormalATK, ???????, ?????4
[2026-06-14 02:34:23,726] >>>>>[Ice Rock Dominator]?????(????), ????[14,15]; ????[12,14]
[2026-06-14 02:34:23,726] ?????????1
[2026-06-14 02:34:23,726] >>>>???(Ice Rock Dominator) -> (????) ?????100, ?????0, ?????0, ??XP???false
[2026-06-14 02:34:23,726] ?????????(BUFF?)?hit:0,crit:0,critInjure:0,dodge:0,ignoreCrit:0,ignoreCritInjure:0,critBoss:0,critInjureBoss:0
[2026-06-14 02:34:23,726] ?????????(BUFF?)?hit:60,crit:288,critInjure:610,dodge:15,ignoreCrit:0,ignoreCritInjure:0,critBoss:250,critInjureBoss:0
[2026-06-14 02:34:23,726] ?????????(BUFF?)?hit:0,crit:0,critInjure:0,dodge:0,ignoreCrit:0,ignoreCritInjure:0,critBoss:0,critInjureBoss:0
[2026-06-14 02:34:23,726] ?????????(BUFF?)?hit:60,crit:288,critInjure:610,dodge:15,ignoreCrit:0,ignoreCritInjure:0,critBoss:250,critInjureBoss:0
[2026-06-14 02:34:23,726] ?????????(BUFF?)?maxPAtk:7655,maxPDef:1488,maxMDef:1488,ignorePDef:0,ignoreMDef:0,injureAdd:0,injureIgnore:0,injureAddBoss:0
[2026-06-14 02:34:23,726] ?????????(BUFF?)?maxPAtk:537036,maxPDef:320573,maxMDef:292686,ignorePDef:923,ignoreMDef:1836,injureAdd:0,injureIgnore:1000,injureAddBoss:100
[2026-06-14 02:34:23,726] ?????????(BUFF?)?maxPAtk:7655,maxPDef:1488,maxMDef:1488,ignorePDef:0,ignoreMDef:0,injureAdd:0,injureIgnore:0,injureAddBoss:0
[2026-06-14 02:34:23,726] ?????????(BUFF?)?maxPAtk:537036,maxPDef:320573,maxMDef:292686,ignorePDef:923,ignoreMDef:1836,injureAdd:0,injureIgnore:1000,injureAddBoss:100
[2026-06-14 02:34:23,726] ?????160
[2026-06-14 02:34:23,726] ??????BUFF???160
[2026-06-14 02:34:23,726] [????]??BUFF?(Giant Rock Holy Shield), ??=Absorb Max HP|C:0x34E22C&T:20%|T:damage, ?????3850
[2026-06-14 02:34:23,726] [????]?????160, ?????1389825
[2026-06-14 02:34:23,726] (????,d1806f2b-c67b-4e48-8e65-e94548e56e23) ???0;????6949926/6949926
[2026-06-14 02:34:23,726] =========[Ice Rock Dominator]?????END??(Boss Melee Attack)


[2026-06-14 02:34:23,810] ????????[ebc35acd-9d47-43c8-b6d6-2e231c80d600]->[4f301bd2-a016-409d-9efc-a7158dcdca83],?????[1201]
[2026-06-14 02:34:23,810] ??????????[?????,ebc35acd-9d47-43c8-b6d6-2e231c80d600]->[Ice Rock Dominator,4f301bd2-a016-409d-9efc-a7158dcdca83],?????[1201]

[2026-06-14 02:34:23,810] >>>>>[?????]?????BEGIN??(Fireball), ??=Single Target ATK, uses Magic's power to form a fireball, targeting Single target,deal|C:0x34E22C&T:100%+100|T:Magic Damage., ???Ice Rock Dominator, ?????2
[2026-06-14 02:34:23,810] >>>>>[?????]?????(Ice Rock Dominator), ????[9,15]; ????[14,15]
[2026-06-14 02:34:23,810] ?????????1
[2026-06-14 02:34:23,810] >>>>???(?????) -> (Ice Rock Dominator) ?????100, ?????100, ?????1, ??XP???false
[2026-06-14 02:34:23,810] ?????????(BUFF?)?hit:0,crit:0,critInjure:250,dodge:0,ignoreCrit:0,ignoreCritInjure:0,critBoss:250,critInjureBoss:0
[2026-06-14 02:34:23,810] ?????????(BUFF?)?hit:0,crit:0,critInjure:0,dodge:0,ignoreCrit:0,ignoreCritInjure:0,critBoss:0,critInjureBoss:0
[2026-06-14 02:34:23,810] ?????????(BUFF?)?hit:0,crit:0,critInjure:250,dodge:0,ignoreCrit:0,ignoreCritInjure:0,critBoss:250,critInjureBoss:0
[2026-06-14 02:34:23,810] ?????????(BUFF?)?hit:0,crit:0,critInjure:0,dodge:0,ignoreCrit:0,ignoreCritInjure:0,critBoss:0,critInjureBoss:0
[2026-06-14 02:34:23,810] ?????????(BUFF?)?maxPAtk:155688,maxPDef:88198,maxMDef:65660,ignorePDef:0,ignoreMDef:35063,injureAdd:100,injureIgnore:0,injureAddBoss:100
[2026-06-14 02:34:23,810] ?????????(BUFF?)?maxPAtk:7655,maxPDef:1488,maxMDef:1488,ignorePDef:0,ignoreMDef:0,injureAdd:0,injureIgnore:0,injureAddBoss:0
[2026-06-14 02:34:23,810] ?????????(BUFF?)?maxPAtk:155688,maxPDef:88198,maxMDef:65660,ignorePDef:0,ignoreMDef:35063,injureAdd:100,injureIgnore:0,injureAddBoss:100
[2026-06-14 02:34:23,810] ?????????(BUFF?)?maxPAtk:7655,maxPDef:1488,maxMDef:1488,ignorePDef:0,ignoreMDef:0,injureAdd:0,injureIgnore:0,injureAddBoss:0
[2026-06-14 02:34:23,810] ?????158901
[2026-06-14 02:34:23,810] ??????BUFF???158901
[2026-06-14 02:34:23,810] (Ice Rock Dominator,4f301bd2-a016-409d-9efc-a7158dcdca83) ???158901;????204466/744000
[2026-06-14 02:34:23,810] =========[?????]?????END??(Fireball)


[2026-06-14 02:34:24,128] ????????[bd0d352c-abdf-4576-a426-08b6080bd21e]->[4f301bd2-a016-409d-9efc-a7158dcdca83],?????[1201]
[2026-06-14 02:34:24,128] ??????????[Otherworld Elf Ruila,bd0d352c-abdf-4576-a426-08b6080bd21e]->[Ice Rock Dominator,4f301bd2-a016-409d-9efc-a7158dcdca83],?????[1201]

[2026-06-14 02:34:24,128] >>>>>[Otherworld Elf Ruila]?????BEGIN??(Fireball), ??=Single Target ATK, uses Magic's power to form a fireball, targeting Single target,deal|C:0x34E22C&T:100%+100|T:Magic Damage., ???Ice Rock Dominator, ?????2
[2026-06-14 02:34:24,128] >>>>>[Otherworld Elf Ruila]?????(Ice Rock Dominator), ????[9,15]; ????[14,15]
[2026-06-14 02:34:24,128] ?????????1
[2026-06-14 02:34:24,128] >>>>???(Otherworld Elf Ruila) -> (Ice Rock Dominator) ?????100, ?????100, ?????1, ??XP???false
[2026-06-14 02:34:24,128] ?????????(BUFF?)?hit:0,crit:0,critInjure:250,dodge:0,ignoreCrit:0,ignoreCritInjure:0,critBoss:250,critInjureBoss:0
[2026-06-14 02:34:24,128] ?????????(BUFF?)?hit:0,crit:0,critInjure:0,dodge:0,ignoreCrit:0,ignoreCritInjure:0,critBoss:0,critInjureBoss:0
[2026-06-14 02:34:24,128] ?????????(BUFF?)?hit:0,crit:0,critInjure:250,dodge:0,ignoreCrit:0,ignoreCritInjure:0,critBoss:250,critInjureBoss:0
[2026-06-14 02:34:24,128] ?????????(BUFF?)?hit:0,crit:0,critInjure:0,dodge:0,ignoreCrit:0,ignoreCritInjure:0,critBoss:0,critInjureBoss:0
[2026-06-14 02:34:24,128] ?????????(BUFF?)?maxPAtk:109807,maxPDef:68309,maxMDef:37615,ignorePDef:0,ignoreMDef:6887,injureAdd:0,injureIgnore:0,injureAddBoss:100
[2026-06-14 02:34:24,128] ?????????(BUFF?)?maxPAtk:7655,maxPDef:1488,maxMDef:1488,ignorePDef:0,ignoreMDef:0,injureAdd:0,injureIgnore:0,injureAddBoss:0
[2026-06-14 02:34:24,128] ?????????(BUFF?)?maxPAtk:109807,maxPDef:68309,maxMDef:37615,ignorePDef:0,ignoreMDef:6887,injureAdd:0,injureIgnore:0,injureAddBoss:100
[2026-06-14 02:34:24,128] ?????????(BUFF?)?maxPAtk:7655,maxPDef:1488,maxMDef:1488,ignorePDef:0,ignoreMDef:0,injureAdd:0,injureIgnore:0,injureAddBoss:0
[2026-06-14 02:34:24,128] ?????111005
[2026-06-14 02:34:24,128] ??????BUFF???111005
[2026-06-14 02:34:24,128] (Ice Rock Dominator,4f301bd2-a016-409d-9efc-a7158dcdca83) ???111005;????93461/744000
[2026-06-14 02:34:24,128] =========[Otherworld Elf Ruila]?????END??(Fireball)


[2026-06-14 02:34:24,164] ????????[65b226f4-3d1c-4a60-838c-6aa6fda1c644]->[4f301bd2-a016-409d-9efc-a7158dcdca83],?????[1201]
[2026-06-14 02:34:24,164] ??????????[?????,65b226f4-3d1c-4a60-838c-6aa6fda1c644]->[Ice Rock Dominator,4f301bd2-a016-409d-9efc-a7158dcdca83],?????[1201]

[2026-06-14 02:34:24,164] >>>>>[?????]?????BEGIN??(Fireball), ??=Single Target ATK, uses Magic's power to form a fireball, targeting Single target,deal|C:0x34E22C&T:100%+100|T:Magic Damage., ???Ice Rock Dominator, ?????2
[2026-06-14 02:34:24,164] >>>>>[?????]?????(Ice Rock Dominator), ????[9,15]; ????[14,15]
[2026-06-14 02:34:24,164] ?????????1
[2026-06-14 02:34:24,164] >>>>???(?????) -> (Ice Rock Dominator) ?????100, ?????100, ?????1, ??XP???false
[2026-06-14 02:34:24,164] ?????????(BUFF?)?hit:0,crit:0,critInjure:250,dodge:0,ignoreCrit:0,ignoreCritInjure:0,critBoss:250,critInjureBoss:0
[2026-06-14 02:34:24,164] ?????????(BUFF?)?hit:0,crit:0,critInjure:0,dodge:0,ignoreCrit:0,ignoreCritInjure:0,critBoss:0,critInjureBoss:0
[2026-06-14 02:34:24,164] ?????????(BUFF?)?hit:0,crit:0,critInjure:250,dodge:0,ignoreCrit:0,ignoreCritInjure:0,critBoss:250,critInjureBoss:0
[2026-06-14 02:34:24,164] ?????????(BUFF?)?hit:0,crit:0,critInjure:0,dodge:0,ignoreCrit:0,ignoreCritInjure:0,critBoss:0,critInjureBoss:0
[2026-06-14 02:34:24,164] ?????????(BUFF?)?maxPAtk:109532,maxPDef:64692,maxMDef:38977,ignorePDef:0,ignoreMDef:5809,injureAdd:0,injureIgnore:0,injureAddBoss:100
[2026-06-14 02:34:24,164] ?????????(BUFF?)?maxPAtk:7655,maxPDef:1488,maxMDef:1488,ignorePDef:0,ignoreMDef:0,injureAdd:0,injureIgnore:0,injureAddBoss:0
[2026-06-14 02:34:24,164] ?????????(BUFF?)?maxPAtk:109532,maxPDef:64692,maxMDef:38977,ignorePDef:0,ignoreMDef:5809,injureAdd:0,injureIgnore:0,injureAddBoss:100
[2026-06-14 02:34:24,164] ?????????(BUFF?)?maxPAtk:7655,maxPDef:1488,maxMDef:1488,ignorePDef:0,ignoreMDef:0,injureAdd:0,injureIgnore:0,injureAddBoss:0
[2026-06-14 02:34:24,164] ?????110727
[2026-06-14 02:34:24,164] ??????BUFF???110727
[2026-06-14 02:34:24,164] (Ice Rock Dominator,4f301bd2-a016-409d-9efc-a7158dcdca83) ???110727;????0/744000
[2026-06-14 02:34:24,164] ???(????,d1806f2b-c67b-4e48-8e65-e94548e56e23) ??????: objectId=4f301bd2-a016-409d-9efc-a7158dcdca83,status=0
[2026-06-14 02:34:24,165] (Ice Rock Dominator,4f301bd2-a016-409d-9efc-a7158dcdca83) ?????1781375664165
[2026-06-14 02:34:24,165] =========[?????]?????END??(Fireball)

[2026-06-14 02:34:24,373] ?canControlObject??????????name=[????]
