[2026-06-14 02:42:07,268] ?Shadow Priest·Decker?????????????
[2026-06-14 02:42:07,268] [????]??BUFF?(Giant Rock Holy Shield[3201])
[2026-06-14 02:42:07,268] (????) ???1200;????6949926/6949926

[2026-06-14 02:42:07,272] >>>>>[Shadow Priest·Decker]?????BEGIN??(Boss Ranged Attack), ??=NormalATK, ???????, ?????6
[2026-06-14 02:42:07,272] >>>>>[Shadow Priest·Decker]?????(????), ????[16,12]; ????[10,12]
[2026-06-14 02:42:07,272] ?????????1
[2026-06-14 02:42:07,272] >>>>???(Shadow Priest·Decker) -> (????) ?????100, ?????0, ?????1, ??XP???false
[2026-06-14 02:42:07,272] ?????????(BUFF?)?hit:0,crit:0,critInjure:0,dodge:0,ignoreCrit:0,ignoreCritInjure:0,critBoss:0,critInjureBoss:0
[2026-06-14 02:42:07,272] ?????????(BUFF?)?hit:60,crit:288,critInjure:610,dodge:15,ignoreCrit:0,ignoreCritInjure:0,critBoss:250,critInjureBoss:0
[2026-06-14 02:42:07,272] ?????????(BUFF?)?hit:0,crit:0,critInjure:0,dodge:0,ignoreCrit:0,ignoreCritInjure:0,critBoss:0,critInjureBoss:0
[2026-06-14 02:42:07,272] ?????????(BUFF?)?hit:60,crit:288,critInjure:610,dodge:15,ignoreCrit:0,ignoreCritInjure:0,critBoss:250,critInjureBoss:0
[2026-06-14 02:42:07,272] ?????????(BUFF?)?maxPAtk:8473,maxPDef:1698,maxMDef:1698,ignorePDef:0,ignoreMDef:0,injureAdd:0,injureIgnore:0,injureAddBoss:0
[2026-06-14 02:42:07,272] ?????????(BUFF?)?maxPAtk:537036,maxPDef:320573,maxMDef:292686,ignorePDef:923,ignoreMDef:1836,injureAdd:0,injureIgnore:1000,injureAddBoss:100
[2026-06-14 02:42:07,272] ?????????(BUFF?)?maxPAtk:8473,maxPDef:1698,maxMDef:1698,ignorePDef:0,ignoreMDef:0,injureAdd:0,injureIgnore:0,injureAddBoss:0
[2026-06-14 02:42:07,272] ?????????(BUFF?)?maxPAtk:537036,maxPDef:320573,maxMDef:292686,ignorePDef:923,ignoreMDef:1836,injureAdd:0,injureIgnore:1000,injureAddBoss:100
[2026-06-14 02:42:07,272] ?????214
[2026-06-14 02:42:07,272] ??????BUFF???214
[2026-06-14 02:42:07,272] (????,d1806f2b-c67b-4e48-8e65-e94548e56e23) ???214;????6949712/6949926
[2026-06-14 02:42:07,272] =========[Shadow Priest·Decker]?????END??(Boss Ranged Attack)


[2026-06-14 02:42:08,108] ????????[d1806f2b-c67b-4e48-8e65-e94548e56e23]->[cf857ccc-e734-43af-b245-9fa8feabb109],?????[9]
[2026-06-14 02:42:08,108] ??????????[????,d1806f2b-c67b-4e48-8e65-e94548e56e23]->[Shadow Priest·Decker,cf857ccc-e734-43af-b245-9fa8feabb109],?????[9]

[2026-06-14 02:42:08,108] >>>>>[????]?????BEGIN??(Giant Rock Holy Shield), ??=Support Skill, applies Shield Reduction of|C:0x34E22C&T:20%|T: damage value, for|C:0x34E22C&T:5|T:s, upon breaking, targets surrounding enemies, dealing|C:0x34E22C&T:120%+{0}|T:Magic Damage, ???????, ?????0
[2026-06-14 02:42:08,108] [????]??BUFF?(Giant Rock Holy Shield[3201]), ????=5000, ??=2000
[2026-06-14 02:42:08,108] [????]?????1389985
[2026-06-14 02:42:08,108] =========[????]???????????(Giant Rock Holy Shield)

[2026-06-14 02:42:08,214] ????????[????],posX=11,posY=12
[2026-06-14 02:42:08,269] (????) ???1200;????6949926/6949926

[2026-06-14 02:42:08,273] >>>>>[Shadow Priest·Decker]?????BEGIN??(Boss Ranged Attack), ??=NormalATK, ???????, ?????6
[2026-06-14 02:42:08,273] >>>>>[Shadow Priest·Decker]?????(????), ????[16,12]; ????[11,12]
[2026-06-14 02:42:08,273] ?????????1
[2026-06-14 02:42:08,273] >>>>???(Shadow Priest·Decker) -> (????) ?????100, ?????0, ?????1, ??XP???false
[2026-06-14 02:42:08,273] ?????????(BUFF?)?hit:0,crit:0,critInjure:0,dodge:0,ignoreCrit:0,ignoreCritInjure:0,critBoss:0,critInjureBoss:0
[2026-06-14 02:42:08,273] ?????????(BUFF?)?hit:60,crit:288,critInjure:610,dodge:15,ignoreCrit:0,ignoreCritInjure:0,critBoss:250,critInjureBoss:0
[2026-06-14 02:42:08,273] ?????????(BUFF?)?hit:0,crit:0,critInjure:0,dodge:0,ignoreCrit:0,ignoreCritInjure:0,critBoss:0,critInjureBoss:0
[2026-06-14 02:42:08,273] ?????????(BUFF?)?hit:60,crit:288,critInjure:610,dodge:15,ignoreCrit:0,ignoreCritInjure:0,critBoss:250,critInjureBoss:0
[2026-06-14 02:42:08,273] ?????????(BUFF?)?maxPAtk:8473,maxPDef:1698,maxMDef:1698,ignorePDef:0,ignoreMDef:0,injureAdd:0,injureIgnore:0,injureAddBoss:0
[2026-06-14 02:42:08,273] ?????????(BUFF?)?maxPAtk:537036,maxPDef:320573,maxMDef:292686,ignorePDef:923,ignoreMDef:1836,injureAdd:0,injureIgnore:1000,injureAddBoss:100
[2026-06-14 02:42:08,273] ?????????(BUFF?)?maxPAtk:8473,maxPDef:1698,maxMDef:1698,ignorePDef:0,ignoreMDef:0,injureAdd:0,injureIgnore:0,injureAddBoss:0
[2026-06-14 02:42:08,273] ?????????(BUFF?)?maxPAtk:537036,maxPDef:320573,maxMDef:292686,ignorePDef:923,ignoreMDef:1836,injureAdd:0,injureIgnore:1000,injureAddBoss:100
[2026-06-14 02:42:08,273] ?????214
[2026-06-14 02:42:08,273] ??????BUFF???214
[2026-06-14 02:42:08,273] [????]??BUFF?(Giant Rock Holy Shield), ??=Absorb Max HP|C:0x34E22C&T:20%|T:damage, ?????4835
[2026-06-14 02:42:08,273] [????]?????214, ?????1389771
[2026-06-14 02:42:08,273] (????,d1806f2b-c67b-4e48-8e65-e94548e56e23) ???0;????6949926/6949926
[2026-06-14 02:42:08,273] =========[Shadow Priest·Decker]?????END??(Boss Ranged Attack)


[2026-06-14 02:42:08,389] ????????[ebc35acd-9d47-43c8-b6d6-2e231c80d600]->[cf857ccc-e734-43af-b245-9fa8feabb109],?????[1201]
[2026-06-14 02:42:08,389] ??????????[?????,ebc35acd-9d47-43c8-b6d6-2e231c80d600]->[Shadow Priest·Decker,cf857ccc-e734-43af-b245-9fa8feabb109],?????[1201]

[2026-06-14 02:42:08,389] >>>>>[?????]?????BEGIN??(Fireball), ??=Single Target ATK, uses Magic's power to form a fireball, targeting Single target,deal|C:0x34E22C&T:100%+100|T:Magic Damage., ???Shadow Priest·Decker, ?????2
[2026-06-14 02:42:08,389] >>>>>[?????]?????(Shadow Priest·Decker), ????[10,12]; ????[16,12]
[2026-06-14 02:42:08,389] ?????????1
[2026-06-14 02:42:08,389] >>>>???(?????) -> (Shadow Priest·Decker) ?????100, ?????100, ?????1, ??XP???false
[2026-06-14 02:42:08,389] ?????????(BUFF?)?hit:0,crit:0,critInjure:250,dodge:0,ignoreCrit:0,ignoreCritInjure:0,critBoss:250,critInjureBoss:0
[2026-06-14 02:42:08,389] ?????????(BUFF?)?hit:0,crit:0,critInjure:0,dodge:0,ignoreCrit:0,ignoreCritInjure:0,critBoss:0,critInjureBoss:0
[2026-06-14 02:42:08,389] ?????????(BUFF?)?hit:0,crit:0,critInjure:250,dodge:0,ignoreCrit:0,ignoreCritInjure:0,critBoss:250,critInjureBoss:0
[2026-06-14 02:42:08,389] ?????????(BUFF?)?hit:0,crit:0,critInjure:0,dodge:0,ignoreCrit:0,ignoreCritInjure:0,critBoss:0,critInjureBoss:0
[2026-06-14 02:42:08,389] ?????????(BUFF?)?maxPAtk:155998,maxPDef:88275,maxMDef:65856,ignorePDef:0,ignoreMDef:35218,injureAdd:100,injureIgnore:0,injureAddBoss:100
[2026-06-14 02:42:08,389] ?????????(BUFF?)?maxPAtk:8473,maxPDef:1698,maxMDef:1698,ignorePDef:0,ignoreMDef:0,injureAdd:0,injureIgnore:0,injureAddBoss:0
[2026-06-14 02:42:08,389] ?????????(BUFF?)?maxPAtk:155998,maxPDef:88275,maxMDef:65856,ignorePDef:0,ignoreMDef:35218,injureAdd:100,injureIgnore:0,injureAddBoss:100
[2026-06-14 02:42:08,389] ?????????(BUFF?)?maxPAtk:8473,maxPDef:1698,maxMDef:1698,ignorePDef:0,ignoreMDef:0,injureAdd:0,injureIgnore:0,injureAddBoss:0
[2026-06-14 02:42:08,389] ??~~
[2026-06-14 02:42:08,389] ?????242753
[2026-06-14 02:42:08,389] ??????BUFF???242753
[2026-06-14 02:42:08,389] (Shadow Priest·Decker,cf857ccc-e734-43af-b245-9fa8feabb109) ???242753;????606247/849000
[2026-06-14 02:42:08,389] =========[?????]?????END??(Fireball)

[2026-06-14 02:42:08,531] ????????[????],posX=12,posY=12

[2026-06-14 02:42:08,672] ????????[bd0d352c-abdf-4576-a426-08b6080bd21e]->[cf857ccc-e734-43af-b245-9fa8feabb109],?????[1201]
[2026-06-14 02:42:08,672] ??????????[Otherworld Elf Ruila,bd0d352c-abdf-4576-a426-08b6080bd21e]->[Shadow Priest·Decker,cf857ccc-e734-43af-b245-9fa8feabb109],?????[1201]

[2026-06-14 02:42:08,672] >>>>>[Otherworld Elf Ruila]?????BEGIN??(Fireball), ??=Single Target ATK, uses Magic's power to form a fireball, targeting Single target,deal|C:0x34E22C&T:100%+100|T:Magic Damage., ???Shadow Priest·Decker, ?????2
[2026-06-14 02:42:08,672] >>>>>[Otherworld Elf Ruila]?????(Shadow Priest·Decker), ????[10,12]; ????[16,12]
[2026-06-14 02:42:08,672] ?????????1
[2026-06-14 02:42:08,672] >>>>???(Otherworld Elf Ruila) -> (Shadow Priest·Decker) ?????100, ?????100, ?????1, ??XP???false
[2026-06-14 02:42:08,672] ?????????(BUFF?)?hit:0,crit:0,critInjure:250,dodge:0,ignoreCrit:0,ignoreCritInjure:0,critBoss:250,critInjureBoss:0
[2026-06-14 02:42:08,672] ?????????(BUFF?)?hit:0,crit:0,critInjure:0,dodge:0,ignoreCrit:0,ignoreCritInjure:0,critBoss:0,critInjureBoss:0
[2026-06-14 02:42:08,672] ?????????(BUFF?)?hit:0,crit:0,critInjure:250,dodge:0,ignoreCrit:0,ignoreCritInjure:0,critBoss:250,critInjureBoss:0
[2026-06-14 02:42:08,672] ?????????(BUFF?)?hit:0,crit:0,critInjure:0,dodge:0,ignoreCrit:0,ignoreCritInjure:0,critBoss:0,critInjureBoss:0
[2026-06-14 02:42:08,672] ?????????(BUFF?)?maxPAtk:109807,maxPDef:68309,maxMDef:37615,ignorePDef:0,ignoreMDef:6887,injureAdd:0,injureIgnore:0,injureAddBoss:100
[2026-06-14 02:42:08,672] ?????????(BUFF?)?maxPAtk:8473,maxPDef:1698,maxMDef:1698,ignorePDef:0,ignoreMDef:0,injureAdd:0,injureIgnore:0,injureAddBoss:0
[2026-06-14 02:42:08,672] ?????????(BUFF?)?maxPAtk:109807,maxPDef:68309,maxMDef:37615,ignorePDef:0,ignoreMDef:6887,injureAdd:0,injureIgnore:0,injureAddBoss:100
[2026-06-14 02:42:08,672] ?????????(BUFF?)?maxPAtk:8473,maxPDef:1698,maxMDef:1698,ignorePDef:0,ignoreMDef:0,injureAdd:0,injureIgnore:0,injureAddBoss:0
[2026-06-14 02:42:08,672] ?????111005
[2026-06-14 02:42:08,672] ??????BUFF???111005
[2026-06-14 02:42:08,672] (Shadow Priest·Decker,cf857ccc-e734-43af-b245-9fa8feabb109) ???111005;????495242/849000
[2026-06-14 02:42:08,672] =========[Otherworld Elf Ruila]?????END??(Fireball)


[2026-06-14 02:42:08,708] ????????[65b226f4-3d1c-4a60-838c-6aa6fda1c644]->[cf857ccc-e734-43af-b245-9fa8feabb109],?????[1201]
[2026-06-14 02:42:08,708] ??????????[?????,65b226f4-3d1c-4a60-838c-6aa6fda1c644]->[Shadow Priest·Decker,cf857ccc-e734-43af-b245-9fa8feabb109],?????[1201]

[2026-06-14 02:42:08,708] >>>>>[?????]?????BEGIN??(Fireball), ??=Single Target ATK, uses Magic's power to form a fireball, targeting Single target,deal|C:0x34E22C&T:100%+100|T:Magic Damage., ???Shadow Priest·Decker, ?????2
[2026-06-14 02:42:08,708] >>>>>[?????]?????(Shadow Priest·Decker), ????[10,12]; ????[16,12]
[2026-06-14 02:42:08,708] ?????????1
[2026-06-14 02:42:08,708] >>>>???(?????) -> (Shadow Priest·Decker) ?????100, ?????100, ?????1, ??XP???false
[2026-06-14 02:42:08,708] ?????????(BUFF?)?hit:0,crit:0,critInjure:250,dodge:0,ignoreCrit:0,ignoreCritInjure:0,critBoss:250,critInjureBoss:0
[2026-06-14 02:42:08,708] ?????????(BUFF?)?hit:0,crit:0,critInjure:0,dodge:0,ignoreCrit:0,ignoreCritInjure:0,critBoss:0,critInjureBoss:0
[2026-06-14 02:42:08,708] ?????????(BUFF?)?hit:0,crit:0,critInjure:250,dodge:0,ignoreCrit:0,ignoreCritInjure:0,critBoss:250,critInjureBoss:0
[2026-06-14 02:42:08,708] ?????????(BUFF?)?hit:0,crit:0,critInjure:0,dodge:0,ignoreCrit:0,ignoreCritInjure:0,critBoss:0,critInjureBoss:0
[2026-06-14 02:42:08,708] ?????????(BUFF?)?maxPAtk:109532,maxPDef:64692,maxMDef:38977,ignorePDef:0,ignoreMDef:5809,injureAdd:0,injureIgnore:0,injureAddBoss:100
[2026-06-14 02:42:08,708] ?????????(BUFF?)?maxPAtk:8473,maxPDef:1698,maxMDef:1698,ignorePDef:0,ignoreMDef:0,injureAdd:0,injureIgnore:0,injureAddBoss:0
[2026-06-14 02:42:08,708] ?????????(BUFF?)?maxPAtk:109532,maxPDef:64692,maxMDef:38977,ignorePDef:0,ignoreMDef:5809,injureAdd:0,injureIgnore:0,injureAddBoss:100
[2026-06-14 02:42:08,708] ?????????(BUFF?)?maxPAtk:8473,maxPDef:1698,maxMDef:1698,ignorePDef:0,ignoreMDef:0,injureAdd:0,injureIgnore:0,injureAddBoss:0
[2026-06-14 02:42:08,708] ?????110727
[2026-06-14 02:42:08,708] ??????BUFF???110727
[2026-06-14 02:42:08,708] (Shadow Priest·Decker,cf857ccc-e734-43af-b245-9fa8feabb109) ???110727;????384515/849000
[2026-06-14 02:42:08,708] =========[?????]?????END??(Fireball)

[2026-06-14 02:42:08,849] ????????[????],posX=13,posY=11
[2026-06-14 02:42:09,201] ????????[????],posX=14,posY=11
[2026-06-14 02:42:09,269] (????) ???1200;????6949926/6949926

[2026-06-14 02:42:09,274] >>>>>[Shadow Priest·Decker]?????BEGIN??(Boss Ranged Attack), ??=NormalATK, ???????, ?????6
[2026-06-14 02:42:09,274] >>>>>[Shadow Priest·Decker]?????(????), ????[16,12]; ????[14,11]
[2026-06-14 02:42:09,274] ?????????1
[2026-06-14 02:42:09,274] >>>>???(Shadow Priest·Decker) -> (????) ?????100, ?????0, ?????1, ??XP???false
[2026-06-14 02:42:09,274] ?????????(BUFF?)?hit:0,crit:0,critInjure:0,dodge:0,ignoreCrit:0,ignoreCritInjure:0,critBoss:0,critInjureBoss:0
[2026-06-14 02:42:09,274] ?????????(BUFF?)?hit:60,crit:288,critInjure:610,dodge:15,ignoreCrit:0,ignoreCritInjure:0,critBoss:250,critInjureBoss:0
[2026-06-14 02:42:09,274] ?????????(BUFF?)?hit:0,crit:0,critInjure:0,dodge:0,ignoreCrit:0,ignoreCritInjure:0,critBoss:0,critInjureBoss:0
[2026-06-14 02:42:09,274] ?????????(BUFF?)?hit:60,crit:288,critInjure:610,dodge:15,ignoreCrit:0,ignoreCritInjure:0,critBoss:250,critInjureBoss:0
[2026-06-14 02:42:09,274] ?????????(BUFF?)?maxPAtk:8473,maxPDef:1698,maxMDef:1698,ignorePDef:0,ignoreMDef:0,injureAdd:0,injureIgnore:0,injureAddBoss:0
[2026-06-14 02:42:09,274] ?????????(BUFF?)?maxPAtk:537036,maxPDef:320573,maxMDef:292686,ignorePDef:923,ignoreMDef:1836,injureAdd:0,injureIgnore:1000,injureAddBoss:100
[2026-06-14 02:42:09,274] ?????????(BUFF?)?maxPAtk:8473,maxPDef:1698,maxMDef:1698,ignorePDef:0,ignoreMDef:0,injureAdd:0,injureIgnore:0,injureAddBoss:0
[2026-06-14 02:42:09,274] ?????????(BUFF?)?maxPAtk:537036,maxPDef:320573,maxMDef:292686,ignorePDef:923,ignoreMDef:1836,injureAdd:0,injureIgnore:1000,injureAddBoss:100
[2026-06-14 02:42:09,274] ?????214
[2026-06-14 02:42:09,274] ??????BUFF???214
[2026-06-14 02:42:09,274] [????]??BUFF?(Giant Rock Holy Shield), ??=Absorb Max HP|C:0x34E22C&T:20%|T:damage, ?????3834
[2026-06-14 02:42:09,274] [????]?????214, ?????1389557
[2026-06-14 02:42:09,274] (????,d1806f2b-c67b-4e48-8e65-e94548e56e23) ???0;????6949926/6949926
[2026-06-14 02:42:09,274] =========[Shadow Priest·Decker]?????END??(Boss Ranged Attack)


[2026-06-14 02:42:09,305] ????????[ebc35acd-9d47-43c8-b6d6-2e231c80d600]->[cf857ccc-e734-43af-b245-9fa8feabb109],?????[1201]
[2026-06-14 02:42:09,305] ??????????[?????,ebc35acd-9d47-43c8-b6d6-2e231c80d600]->[Shadow Priest·Decker,cf857ccc-e734-43af-b245-9fa8feabb109],?????[1201]

[2026-06-14 02:42:09,305] >>>>>[?????]?????BEGIN??(Fireball), ??=Single Target ATK, uses Magic's power to form a fireball, targeting Single target,deal|C:0x34E22C&T:100%+100|T:Magic Damage., ???Shadow Priest·Decker, ?????2
[2026-06-14 02:42:09,305] >>>>>[?????]?????(Shadow Priest·Decker), ????[10,12]; ????[16,12]
[2026-06-14 02:42:09,305] ?????????1
[2026-06-14 02:42:09,305] >>>>???(?????) -> (Shadow Priest·Decker) ?????100, ?????100, ?????1, ??XP???false
[2026-06-14 02:42:09,305] ?????????(BUFF?)?hit:0,crit:0,critInjure:250,dodge:0,ignoreCrit:0,ignoreCritInjure:0,critBoss:250,critInjureBoss:0
[2026-06-14 02:42:09,305] ?????????(BUFF?)?hit:0,crit:0,critInjure:0,dodge:0,ignoreCrit:0,ignoreCritInjure:0,critBoss:0,critInjureBoss:0
[2026-06-14 02:42:09,305] ?????????(BUFF?)?hit:0,crit:0,critInjure:250,dodge:0,ignoreCrit:0,ignoreCritInjure:0,critBoss:250,critInjureBoss:0
[2026-06-14 02:42:09,305] ?????????(BUFF?)?hit:0,crit:0,critInjure:0,dodge:0,ignoreCrit:0,ignoreCritInjure:0,critBoss:0,critInjureBoss:0
[2026-06-14 02:42:09,305] ?????????(BUFF?)?maxPAtk:155998,maxPDef:88275,maxMDef:65856,ignorePDef:0,ignoreMDef:35218,injureAdd:100,injureIgnore:0,injureAddBoss:100
[2026-06-14 02:42:09,305] ?????????(BUFF?)?maxPAtk:8473,maxPDef:1698,maxMDef:1698,ignorePDef:0,ignoreMDef:0,injureAdd:0,injureIgnore:0,injureAddBoss:0
[2026-06-14 02:42:09,305] ?????????(BUFF?)?maxPAtk:155998,maxPDef:88275,maxMDef:65856,ignorePDef:0,ignoreMDef:35218,injureAdd:100,injureIgnore:0,injureAddBoss:100
[2026-06-14 02:42:09,305] ?????????(BUFF?)?maxPAtk:8473,maxPDef:1698,maxMDef:1698,ignorePDef:0,ignoreMDef:0,injureAdd:0,injureIgnore:0,injureAddBoss:0
[2026-06-14 02:42:09,305] ?????159217
[2026-06-14 02:42:09,305] ??????BUFF???159217
[2026-06-14 02:42:09,305] (Shadow Priest·Decker,cf857ccc-e734-43af-b245-9fa8feabb109) ???159217;????225298/849000
[2026-06-14 02:42:09,305] =========[?????]?????END??(Fireball)


[2026-06-14 02:42:09,590] ????????[bd0d352c-abdf-4576-a426-08b6080bd21e]->[cf857ccc-e734-43af-b245-9fa8feabb109],?????[1201]
[2026-06-14 02:42:09,590] ??????????[Otherworld Elf Ruila,bd0d352c-abdf-4576-a426-08b6080bd21e]->[Shadow Priest·Decker,cf857ccc-e734-43af-b245-9fa8feabb109],?????[1201]

[2026-06-14 02:42:09,590] >>>>>[Otherworld Elf Ruila]?????BEGIN??(Fireball), ??=Single Target ATK, uses Magic's power to form a fireball, targeting Single target,deal|C:0x34E22C&T:100%+100|T:Magic Damage., ???Shadow Priest·Decker, ?????2
[2026-06-14 02:42:09,590] >>>>>[Otherworld Elf Ruila]?????(Shadow Priest·Decker), ????[10,12]; ????[16,12]
[2026-06-14 02:42:09,590] ?????????1
[2026-06-14 02:42:09,590] >>>>???(Otherworld Elf Ruila) -> (Shadow Priest·Decker) ?????100, ?????100, ?????1, ??XP???false
[2026-06-14 02:42:09,590] ?????????(BUFF?)?hit:0,crit:0,critInjure:250,dodge:0,ignoreCrit:0,ignoreCritInjure:0,critBoss:250,critInjureBoss:0
[2026-06-14 02:42:09,590] ?????????(BUFF?)?hit:0,crit:0,critInjure:0,dodge:0,ignoreCrit:0,ignoreCritInjure:0,critBoss:0,critInjureBoss:0
[2026-06-14 02:42:09,590] ?????????(BUFF?)?hit:0,crit:0,critInjure:250,dodge:0,ignoreCrit:0,ignoreCritInjure:0,critBoss:250,critInjureBoss:0
[2026-06-14 02:42:09,590] ?????????(BUFF?)?hit:0,crit:0,critInjure:0,dodge:0,ignoreCrit:0,ignoreCritInjure:0,critBoss:0,critInjureBoss:0
[2026-06-14 02:42:09,590] ?????????(BUFF?)?maxPAtk:109807,maxPDef:68309,maxMDef:37615,ignorePDef:0,ignoreMDef:6887,injureAdd:0,injureIgnore:0,injureAddBoss:100
[2026-06-14 02:42:09,590] ?????????(BUFF?)?maxPAtk:8473,maxPDef:1698,maxMDef:1698,ignorePDef:0,ignoreMDef:0,injureAdd:0,injureIgnore:0,injureAddBoss:0
[2026-06-14 02:42:09,590] ?????????(BUFF?)?maxPAtk:109807,maxPDef:68309,maxMDef:37615,ignorePDef:0,ignoreMDef:6887,injureAdd:0,injureIgnore:0,injureAddBoss:100
[2026-06-14 02:42:09,590] ?????????(BUFF?)?maxPAtk:8473,maxPDef:1698,maxMDef:1698,ignorePDef:0,ignoreMDef:0,injureAdd:0,injureIgnore:0,injureAddBoss:0
[2026-06-14 02:42:09,590] ?????111005
[2026-06-14 02:42:09,590] ??????BUFF???111005
[2026-06-14 02:42:09,590] (Shadow Priest·Decker,cf857ccc-e734-43af-b245-9fa8feabb109) ???111005;????114293/849000
[2026-06-14 02:42:09,590] =========[Otherworld Elf Ruila]?????END??(Fireball)


[2026-06-14 02:42:09,623] ????????[65b226f4-3d1c-4a60-838c-6aa6fda1c644]->[cf857ccc-e734-43af-b245-9fa8feabb109],?????[1201]
[2026-06-14 02:42:09,623] ??????????[?????,65b226f4-3d1c-4a60-838c-6aa6fda1c644]->[Shadow Priest·Decker,cf857ccc-e734-43af-b245-9fa8feabb109],?????[1201]

[2026-06-14 02:42:09,623] >>>>>[?????]?????BEGIN??(Fireball), ??=Single Target ATK, uses Magic's power to form a fireball, targeting Single target,deal|C:0x34E22C&T:100%+100|T:Magic Damage., ???Shadow Priest·Decker, ?????2
[2026-06-14 02:42:09,623] >>>>>[?????]?????(Shadow Priest·Decker), ????[10,12]; ????[16,12]
[2026-06-14 02:42:09,623] ?????????1
[2026-06-14 02:42:09,623] >>>>???(?????) -> (Shadow Priest·Decker) ?????100, ?????100, ?????1, ??XP???false
[2026-06-14 02:42:09,623] ?????????(BUFF?)?hit:0,crit:0,critInjure:250,dodge:0,ignoreCrit:0,ignoreCritInjure:0,critBoss:250,critInjureBoss:0
[2026-06-14 02:42:09,623] ?????????(BUFF?)?hit:0,crit:0,critInjure:0,dodge:0,ignoreCrit:0,ignoreCritInjure:0,critBoss:0,critInjureBoss:0
[2026-06-14 02:42:09,623] ?????????(BUFF?)?hit:0,crit:0,critInjure:250,dodge:0,ignoreCrit:0,ignoreCritInjure:0,critBoss:250,critInjureBoss:0
[2026-06-14 02:42:09,623] ?????????(BUFF?)?hit:0,crit:0,critInjure:0,dodge:0,ignoreCrit:0,ignoreCritInjure:0,critBoss:0,critInjureBoss:0
[2026-06-14 02:42:09,623] ?????????(BUFF?)?maxPAtk:109532,maxPDef:64692,maxMDef:38977,ignorePDef:0,ignoreMDef:5809,injureAdd:0,injureIgnore:0,injureAddBoss:100
[2026-06-14 02:42:09,623] ?????????(BUFF?)?maxPAtk:8473,maxPDef:1698,maxMDef:1698,ignorePDef:0,ignoreMDef:0,injureAdd:0,injureIgnore:0,injureAddBoss:0
[2026-06-14 02:42:09,623] ?????????(BUFF?)?maxPAtk:109532,maxPDef:64692,maxMDef:38977,ignorePDef:0,ignoreMDef:5809,injureAdd:0,injureIgnore:0,injureAddBoss:100
[2026-06-14 02:42:09,623] ?????????(BUFF?)?maxPAtk:8473,maxPDef:1698,maxMDef:1698,ignorePDef:0,ignoreMDef:0,injureAdd:0,injureIgnore:0,injureAddBoss:0
[2026-06-14 02:42:09,623] ?????110727
[2026-06-14 02:42:09,623] ??????BUFF???110727
[2026-06-14 02:42:09,623] (Shadow Priest·Decker,cf857ccc-e734-43af-b245-9fa8feabb109) ???110727;????3566/849000
[2026-06-14 02:42:09,623] =========[?????]?????END??(Fireball)


[2026-06-14 02:42:10,222] ????????[d1806f2b-c67b-4e48-8e65-e94548e56e23]->[cf857ccc-e734-43af-b245-9fa8feabb109],?????[7]
[2026-06-14 02:42:10,222] ??????????[????,d1806f2b-c67b-4e48-8e65-e94548e56e23]->[Shadow Priest·Decker,cf857ccc-e734-43af-b245-9fa8feabb109],?????[7]

[2026-06-14 02:42:10,222] >>>>>[????]?????BEGIN??(Thunder Blast), ??=Single Target ATK, targets Ranged Single target, dealing|C:0x34E22C&T:100%+{0}|T:Magic Damage, ???Shadow Priest·Decker, ?????2
[2026-06-14 02:42:10,222] >>>>>[????]?????(Shadow Priest·Decker), ????[14,11]; ????[16,12]
[2026-06-14 02:42:10,222] ?????????1
[2026-06-14 02:42:10,222] >>>>???(????) -> (Shadow Priest·Decker) ?????100, ?????8100, ?????1, ??XP???false
[2026-06-14 02:42:10,222] ?????????(BUFF?)?hit:60,crit:288,critInjure:610,dodge:15,ignoreCrit:0,ignoreCritInjure:0,critBoss:250,critInjureBoss:0
[2026-06-14 02:42:10,222] ?????????(BUFF?)?hit:0,crit:0,critInjure:0,dodge:0,ignoreCrit:0,ignoreCritInjure:0,critBoss:0,critInjureBoss:0
[2026-06-14 02:42:10,222] ?????????(BUFF?)?hit:60,crit:288,critInjure:610,dodge:15,ignoreCrit:0,ignoreCritInjure:0,critBoss:250,critInjureBoss:0
[2026-06-14 02:42:10,222] ?????????(BUFF?)?hit:0,crit:0,critInjure:0,dodge:0,ignoreCrit:0,ignoreCritInjure:0,critBoss:0,critInjureBoss:0
[2026-06-14 02:42:10,222] ?????????(BUFF?)?maxPAtk:537036,maxPDef:320573,maxMDef:292686,ignorePDef:923,ignoreMDef:1836,injureAdd:0,injureIgnore:1000,injureAddBoss:100
[2026-06-14 02:42:10,222] ?????????(BUFF?)?maxPAtk:8473,maxPDef:1698,maxMDef:1698,ignorePDef:0,ignoreMDef:0,injureAdd:0,injureIgnore:0,injureAddBoss:0
[2026-06-14 02:42:10,222] [????]???????(Break Strike), ??=2000, buffStr=403011, ???????
[2026-06-14 02:42:10,222] [????]??BUFF?(Break Strike[1204]), ????=0, ??=5000
[2026-06-14 02:42:10,222] [????]??BUFF?(Break Strike), ??=ignoring target's |C:0x34E22C&T:50%|T:DEF, ?????0
[2026-06-14 02:42:10,222] ?????????(BUFF?)?maxPAtk:537036,maxPDef:320573,maxMDef:292686,ignorePDef:923,ignoreMDef:1836,injureAdd:0,injureIgnore:1000,injureAddBoss:100
[2026-06-14 02:42:10,222] ?????????(BUFF?)?maxPAtk:8473,maxPDef:849,maxMDef:849,ignorePDef:0,ignoreMDef:0,injureAdd:0,injureIgnore:0,injureAddBoss:0
[2026-06-14 02:42:10,222] ?????550506
[2026-06-14 02:42:10,222] ??????BUFF???550506
[2026-06-14 02:42:10,222] (Shadow Priest·Decker,cf857ccc-e734-43af-b245-9fa8feabb109) ???550506;????0/849000
[2026-06-14 02:42:10,222] ???(????,d1806f2b-c67b-4e48-8e65-e94548e56e23) ??????: objectId=cf857ccc-e734-43af-b245-9fa8feabb109,status=0
[2026-06-14 02:42:10,224] (Shadow Priest·Decker,cf857ccc-e734-43af-b245-9fa8feabb109) ?????1781376130224
[2026-06-14 02:42:10,224] =========[????]?????END??(Thunder Blast)

[2026-06-14 02:42:10,224] ?canControlObject??????????name=[????]
