[2026-06-14 02:33:48,724] ?Spider Queen?????????????
[2026-06-14 02:33:48,725] [????]??BUFF?(Giant Rock Holy Shield[3201])
[2026-06-14 02:33:48,725] [????]??BUFF?(Starlight Power[2202])
[2026-06-14 02:33:48,725] (????) ???1200;????6949926/6949926

[2026-06-14 02:33:49,568] ????????[d1806f2b-c67b-4e48-8e65-e94548e56e23]->[8663d3fd-b192-446c-8af6-a3d9c99a7bf8],?????[9]
[2026-06-14 02:33:49,568] ??????????[????,d1806f2b-c67b-4e48-8e65-e94548e56e23]->[Spider Queen,8663d3fd-b192-446c-8af6-a3d9c99a7bf8],?????[9]

[2026-06-14 02:33:49,568] >>>>>[????]?????BEGIN??(Giant Rock Holy Shield), ??=Support Skill, applies Shield Reduction of|C:0x34E22C&T:20%|T: damage value, for|C:0x34E22C&T:5|T:s, upon breaking, targets surrounding enemies, dealing|C:0x34E22C&T:120%+{0}|T:Magic Damage, ???????, ?????0
[2026-06-14 02:33:49,568] [????]??BUFF?(Giant Rock Holy Shield[3201]), ????=5000, ??=2000
[2026-06-14 02:33:49,568] [????]?????1389985
[2026-06-14 02:33:49,568] =========[????]???????????(Giant Rock Holy Shield)

[2026-06-14 02:33:49,670] ????????[????],posX=10,posY=15
[2026-06-14 02:33:49,725] (????) ???1200;????6949926/6949926

[2026-06-14 02:33:49,881] ????????[ebc35acd-9d47-43c8-b6d6-2e231c80d600]->[8663d3fd-b192-446c-8af6-a3d9c99a7bf8],?????[1201]
[2026-06-14 02:33:49,881] ??????????[?????,ebc35acd-9d47-43c8-b6d6-2e231c80d600]->[Spider Queen,8663d3fd-b192-446c-8af6-a3d9c99a7bf8],?????[1201]

[2026-06-14 02:33:49,881] >>>>>[?????]?????BEGIN??(Fireball), ??=Single Target ATK, uses Magic's power to form a fireball, targeting Single target,deal|C:0x34E22C&T:100%+100|T:Magic Damage., ???Spider Queen, ?????2
[2026-06-14 02:33:49,881] >>>>>[?????]?????(Spider Queen), ????[9,15]; ????[14,15]
[2026-06-14 02:33:49,881] ?????????1
[2026-06-14 02:33:49,881] >>>>???(?????) -> (Spider Queen) ?????100, ?????100, ?????1, ??XP???false
[2026-06-14 02:33:49,881] ?????????(BUFF?)?hit:0,crit:0,critInjure:250,dodge:0,ignoreCrit:0,ignoreCritInjure:0,critBoss:250,critInjureBoss:0
[2026-06-14 02:33:49,881] ?????????(BUFF?)?hit:0,crit:0,critInjure:0,dodge:0,ignoreCrit:0,ignoreCritInjure:0,critBoss:0,critInjureBoss:0
[2026-06-14 02:33:49,881] ?????????(BUFF?)?hit:0,crit:0,critInjure:250,dodge:0,ignoreCrit:0,ignoreCritInjure:0,critBoss:250,critInjureBoss:0
[2026-06-14 02:33:49,881] ?????????(BUFF?)?hit:0,crit:0,critInjure:0,dodge:0,ignoreCrit:0,ignoreCritInjure:0,critBoss:0,critInjureBoss:0
[2026-06-14 02:33:49,881] ?????????(BUFF?)?maxPAtk:155688,maxPDef:88198,maxMDef:65660,ignorePDef:0,ignoreMDef:35063,injureAdd:100,injureIgnore:0,injureAddBoss:100
[2026-06-14 02:33:49,881] ?????????(BUFF?)?maxPAtk:7600,maxPDef:1474,maxMDef:1474,ignorePDef:0,ignoreMDef:0,injureAdd:0,injureIgnore:0,injureAddBoss:0
[2026-06-14 02:33:49,881] ?????????(BUFF?)?maxPAtk:155688,maxPDef:88198,maxMDef:65660,ignorePDef:0,ignoreMDef:35063,injureAdd:100,injureIgnore:0,injureAddBoss:100
[2026-06-14 02:33:49,881] ?????????(BUFF?)?maxPAtk:7600,maxPDef:1474,maxMDef:1474,ignorePDef:0,ignoreMDef:0,injureAdd:0,injureIgnore:0,injureAddBoss:0
[2026-06-14 02:33:49,881] ?????158901
[2026-06-14 02:33:49,881] ??????BUFF???158901
[2026-06-14 02:33:49,881] (Spider Queen,8663d3fd-b192-446c-8af6-a3d9c99a7bf8) ???158901;????578099/737000
[2026-06-14 02:33:49,881] =========[?????]?????END??(Fireball)

[2026-06-14 02:33:50,023] ????????[????],posX=11,posY=15

[2026-06-14 02:33:50,200] ????????[65b226f4-3d1c-4a60-838c-6aa6fda1c644]->[8663d3fd-b192-446c-8af6-a3d9c99a7bf8],?????[1201]
[2026-06-14 02:33:50,200] ??????????[?????,65b226f4-3d1c-4a60-838c-6aa6fda1c644]->[Spider Queen,8663d3fd-b192-446c-8af6-a3d9c99a7bf8],?????[1201]

[2026-06-14 02:33:50,200] >>>>>[?????]?????BEGIN??(Fireball), ??=Single Target ATK, uses Magic's power to form a fireball, targeting Single target,deal|C:0x34E22C&T:100%+100|T:Magic Damage., ???Spider Queen, ?????2
[2026-06-14 02:33:50,200] >>>>>[?????]?????(Spider Queen), ????[9,15]; ????[14,15]
[2026-06-14 02:33:50,200] ?????????1
[2026-06-14 02:33:50,200] >>>>???(?????) -> (Spider Queen) ?????100, ?????100, ?????1, ??XP???false
[2026-06-14 02:33:50,200] ?????????(BUFF?)?hit:0,crit:0,critInjure:250,dodge:0,ignoreCrit:0,ignoreCritInjure:0,critBoss:250,critInjureBoss:0
[2026-06-14 02:33:50,200] ?????????(BUFF?)?hit:0,crit:0,critInjure:0,dodge:0,ignoreCrit:0,ignoreCritInjure:0,critBoss:0,critInjureBoss:0
[2026-06-14 02:33:50,200] ?????????(BUFF?)?hit:0,crit:0,critInjure:250,dodge:0,ignoreCrit:0,ignoreCritInjure:0,critBoss:250,critInjureBoss:0
[2026-06-14 02:33:50,200] ?????????(BUFF?)?hit:0,crit:0,critInjure:0,dodge:0,ignoreCrit:0,ignoreCritInjure:0,critBoss:0,critInjureBoss:0
[2026-06-14 02:33:50,200] ?????????(BUFF?)?maxPAtk:109532,maxPDef:64692,maxMDef:38977,ignorePDef:0,ignoreMDef:5809,injureAdd:0,injureIgnore:0,injureAddBoss:100
[2026-06-14 02:33:50,200] ?????????(BUFF?)?maxPAtk:7600,maxPDef:1474,maxMDef:1474,ignorePDef:0,ignoreMDef:0,injureAdd:0,injureIgnore:0,injureAddBoss:0
[2026-06-14 02:33:50,200] ?????????(BUFF?)?maxPAtk:109532,maxPDef:64692,maxMDef:38977,ignorePDef:0,ignoreMDef:5809,injureAdd:0,injureIgnore:0,injureAddBoss:100
[2026-06-14 02:33:50,200] ?????????(BUFF?)?maxPAtk:7600,maxPDef:1474,maxMDef:1474,ignorePDef:0,ignoreMDef:0,injureAdd:0,injureIgnore:0,injureAddBoss:0
[2026-06-14 02:33:50,200] ?????110727
[2026-06-14 02:33:50,200] ??????BUFF???110727
[2026-06-14 02:33:50,200] (Spider Queen,8663d3fd-b192-446c-8af6-a3d9c99a7bf8) ???110727;????467372/737000
[2026-06-14 02:33:50,200] =========[?????]?????END??(Fireball)


[2026-06-14 02:33:50,200] ????????[bd0d352c-abdf-4576-a426-08b6080bd21e]->[8663d3fd-b192-446c-8af6-a3d9c99a7bf8],?????[1201]
[2026-06-14 02:33:50,200] ??????????[Otherworld Elf Ruila,bd0d352c-abdf-4576-a426-08b6080bd21e]->[Spider Queen,8663d3fd-b192-446c-8af6-a3d9c99a7bf8],?????[1201]

[2026-06-14 02:33:50,200] >>>>>[Otherworld Elf Ruila]?????BEGIN??(Fireball), ??=Single Target ATK, uses Magic's power to form a fireball, targeting Single target,deal|C:0x34E22C&T:100%+100|T:Magic Damage., ???Spider Queen, ?????2
[2026-06-14 02:33:50,200] >>>>>[Otherworld Elf Ruila]?????(Spider Queen), ????[9,15]; ????[14,15]
[2026-06-14 02:33:50,200] ?????????1
[2026-06-14 02:33:50,200] >>>>???(Otherworld Elf Ruila) -> (Spider Queen) ?????100, ?????100, ?????1, ??XP???false
[2026-06-14 02:33:50,200] ?????????(BUFF?)?hit:0,crit:0,critInjure:250,dodge:0,ignoreCrit:0,ignoreCritInjure:0,critBoss:250,critInjureBoss:0
[2026-06-14 02:33:50,200] ?????????(BUFF?)?hit:0,crit:0,critInjure:0,dodge:0,ignoreCrit:0,ignoreCritInjure:0,critBoss:0,critInjureBoss:0
[2026-06-14 02:33:50,200] ?????????(BUFF?)?hit:0,crit:0,critInjure:250,dodge:0,ignoreCrit:0,ignoreCritInjure:0,critBoss:250,critInjureBoss:0
[2026-06-14 02:33:50,200] ?????????(BUFF?)?hit:0,crit:0,critInjure:0,dodge:0,ignoreCrit:0,ignoreCritInjure:0,critBoss:0,critInjureBoss:0
[2026-06-14 02:33:50,200] ?????????(BUFF?)?maxPAtk:109807,maxPDef:68309,maxMDef:37615,ignorePDef:0,ignoreMDef:6887,injureAdd:0,injureIgnore:0,injureAddBoss:100
[2026-06-14 02:33:50,200] ?????????(BUFF?)?maxPAtk:7600,maxPDef:1474,maxMDef:1474,ignorePDef:0,ignoreMDef:0,injureAdd:0,injureIgnore:0,injureAddBoss:0
[2026-06-14 02:33:50,200] ?????????(BUFF?)?maxPAtk:109807,maxPDef:68309,maxMDef:37615,ignorePDef:0,ignoreMDef:6887,injureAdd:0,injureIgnore:0,injureAddBoss:100
[2026-06-14 02:33:50,200] ?????????(BUFF?)?maxPAtk:7600,maxPDef:1474,maxMDef:1474,ignorePDef:0,ignoreMDef:0,injureAdd:0,injureIgnore:0,injureAddBoss:0
[2026-06-14 02:33:50,200] ?????111005
[2026-06-14 02:33:50,200] ??????BUFF???111005
[2026-06-14 02:33:50,200] (Spider Queen,8663d3fd-b192-446c-8af6-a3d9c99a7bf8) ???111005;????356367/737000
[2026-06-14 02:33:50,200] =========[Otherworld Elf Ruila]?????END??(Fireball)

[2026-06-14 02:33:50,341] ????????[????],posX=12,posY=14
[2026-06-14 02:33:50,725] (????) ???1200;????6949926/6949926

[2026-06-14 02:33:50,733] >>>>>[Spider Queen]?????BEGIN??(Boss Melee Attack), ??=NormalATK, ???????, ?????4
[2026-06-14 02:33:50,733] >>>>>[Spider Queen]?????(????), ????[14,15]; ????[12,14]
[2026-06-14 02:33:50,733] ?????????1
[2026-06-14 02:33:50,733] >>>>???(Spider Queen) -> (????) ?????100, ?????0, ?????0, ??XP???false
[2026-06-14 02:33:50,733] ?????????(BUFF?)?hit:0,crit:0,critInjure:0,dodge:0,ignoreCrit:0,ignoreCritInjure:0,critBoss:0,critInjureBoss:0
[2026-06-14 02:33:50,733] ?????????(BUFF?)?hit:60,crit:288,critInjure:610,dodge:15,ignoreCrit:0,ignoreCritInjure:0,critBoss:250,critInjureBoss:0
[2026-06-14 02:33:50,733] ?????????(BUFF?)?hit:0,crit:0,critInjure:0,dodge:0,ignoreCrit:0,ignoreCritInjure:0,critBoss:0,critInjureBoss:0
[2026-06-14 02:33:50,733] ?????????(BUFF?)?hit:60,crit:288,critInjure:610,dodge:15,ignoreCrit:0,ignoreCritInjure:0,critBoss:250,critInjureBoss:0
[2026-06-14 02:33:50,733] ?????????(BUFF?)?maxPAtk:7600,maxPDef:1474,maxMDef:1474,ignorePDef:0,ignoreMDef:0,injureAdd:0,injureIgnore:0,injureAddBoss:0
[2026-06-14 02:33:50,733] ?????????(BUFF?)?maxPAtk:537036,maxPDef:320573,maxMDef:292686,ignorePDef:923,ignoreMDef:1836,injureAdd:0,injureIgnore:1000,injureAddBoss:100
[2026-06-14 02:33:50,733] [????]???????(Phantom), ??=500, buffStr=603011, ???????
[2026-06-14 02:33:50,733] [????]??BUFF?(Phantom[2101]), ????=3000, ??=4000
[2026-06-14 02:33:50,733] [????]???????(Wing Strike), ??=1000, buffStr=602011, ???????
[2026-06-14 02:33:50,733] [????]??BUFF?(Wing Strike[2302]), ????=0, ??=10000
[2026-06-14 02:33:50,733] ?????????(BUFF?)?maxPAtk:7600,maxPDef:1474,maxMDef:1474,ignorePDef:0,ignoreMDef:0,injureAdd:0,injureIgnore:0,injureAddBoss:0
[2026-06-14 02:33:50,733] ?????????(BUFF?)?maxPAtk:537036,maxPDef:320573,maxMDef:292686,ignorePDef:923,ignoreMDef:1836,injureAdd:0,injureIgnore:1000,injureAddBoss:100
[2026-06-14 02:33:50,733] ?????158
[2026-06-14 02:33:50,733] ??????BUFF???158
[2026-06-14 02:33:50,733] [????]??BUFF?(Giant Rock Holy Shield), ??=Absorb Max HP|C:0x34E22C&T:20%|T:damage, ?????3835
[2026-06-14 02:33:50,733] [????]?????158, ?????1389827
[2026-06-14 02:33:50,733] (????,d1806f2b-c67b-4e48-8e65-e94548e56e23) ???0;????6949926/6949926
[2026-06-14 02:33:50,733] [????]??BUFF?(Wing Strike), ??=deal|C:0x34E22C&T:10000|T: ptscounterattack damage, ?????0
[2026-06-14 02:33:50,733] (Spider Queen,8663d3fd-b192-446c-8af6-a3d9c99a7bf8) ???10000;????346367/737000
[2026-06-14 02:33:50,733] =========[Spider Queen]?????END??(Boss Melee Attack)

[2026-06-14 02:33:50,735] [????]??BUFF?(Wing Strike[2302])

[2026-06-14 02:33:50,796] ????????[ebc35acd-9d47-43c8-b6d6-2e231c80d600]->[8663d3fd-b192-446c-8af6-a3d9c99a7bf8],?????[1201]
[2026-06-14 02:33:50,796] ??????????[?????,ebc35acd-9d47-43c8-b6d6-2e231c80d600]->[Spider Queen,8663d3fd-b192-446c-8af6-a3d9c99a7bf8],?????[1201]

[2026-06-14 02:33:50,796] >>>>>[?????]?????BEGIN??(Fireball), ??=Single Target ATK, uses Magic's power to form a fireball, targeting Single target,deal|C:0x34E22C&T:100%+100|T:Magic Damage., ???Spider Queen, ?????2
[2026-06-14 02:33:50,796] >>>>>[?????]?????(Spider Queen), ????[9,15]; ????[14,15]
[2026-06-14 02:33:50,796] ?????????1
[2026-06-14 02:33:50,796] >>>>???(?????) -> (Spider Queen) ?????100, ?????100, ?????1, ??XP???false
[2026-06-14 02:33:50,796] ?????????(BUFF?)?hit:0,crit:0,critInjure:250,dodge:0,ignoreCrit:0,ignoreCritInjure:0,critBoss:250,critInjureBoss:0
[2026-06-14 02:33:50,796] ?????????(BUFF?)?hit:0,crit:0,critInjure:0,dodge:0,ignoreCrit:0,ignoreCritInjure:0,critBoss:0,critInjureBoss:0
[2026-06-14 02:33:50,796] ?????????(BUFF?)?hit:0,crit:0,critInjure:250,dodge:0,ignoreCrit:0,ignoreCritInjure:0,critBoss:250,critInjureBoss:0
[2026-06-14 02:33:50,796] ?????????(BUFF?)?hit:0,crit:0,critInjure:0,dodge:0,ignoreCrit:0,ignoreCritInjure:0,critBoss:0,critInjureBoss:0
[2026-06-14 02:33:50,796] ?????????(BUFF?)?maxPAtk:155688,maxPDef:88198,maxMDef:65660,ignorePDef:0,ignoreMDef:35063,injureAdd:100,injureIgnore:0,injureAddBoss:100
[2026-06-14 02:33:50,796] ?????????(BUFF?)?maxPAtk:7600,maxPDef:1474,maxMDef:1474,ignorePDef:0,ignoreMDef:0,injureAdd:0,injureIgnore:0,injureAddBoss:0
[2026-06-14 02:33:50,796] ?????????(BUFF?)?maxPAtk:155688,maxPDef:88198,maxMDef:65660,ignorePDef:0,ignoreMDef:35063,injureAdd:100,injureIgnore:0,injureAddBoss:100
[2026-06-14 02:33:50,796] ?????????(BUFF?)?maxPAtk:7600,maxPDef:1474,maxMDef:1474,ignorePDef:0,ignoreMDef:0,injureAdd:0,injureIgnore:0,injureAddBoss:0
[2026-06-14 02:33:50,796] ?????158901
[2026-06-14 02:33:50,796] ??????BUFF???158901
[2026-06-14 02:33:50,796] (Spider Queen,8663d3fd-b192-446c-8af6-a3d9c99a7bf8) ???158901;????187466/737000
[2026-06-14 02:33:50,796] =========[?????]?????END??(Fireball)


[2026-06-14 02:33:51,111] ????????[65b226f4-3d1c-4a60-838c-6aa6fda1c644]->[8663d3fd-b192-446c-8af6-a3d9c99a7bf8],?????[1201]
[2026-06-14 02:33:51,111] ??????????[?????,65b226f4-3d1c-4a60-838c-6aa6fda1c644]->[Spider Queen,8663d3fd-b192-446c-8af6-a3d9c99a7bf8],?????[1201]

[2026-06-14 02:33:51,111] >>>>>[?????]?????BEGIN??(Fireball), ??=Single Target ATK, uses Magic's power to form a fireball, targeting Single target,deal|C:0x34E22C&T:100%+100|T:Magic Damage., ???Spider Queen, ?????2
[2026-06-14 02:33:51,111] >>>>>[?????]?????(Spider Queen), ????[9,15]; ????[14,15]
[2026-06-14 02:33:51,111] ?????????1
[2026-06-14 02:33:51,111] >>>>???(?????) -> (Spider Queen) ?????100, ?????100, ?????1, ??XP???false
[2026-06-14 02:33:51,111] ?????????(BUFF?)?hit:0,crit:0,critInjure:250,dodge:0,ignoreCrit:0,ignoreCritInjure:0,critBoss:250,critInjureBoss:0
[2026-06-14 02:33:51,111] ?????????(BUFF?)?hit:0,crit:0,critInjure:0,dodge:0,ignoreCrit:0,ignoreCritInjure:0,critBoss:0,critInjureBoss:0
[2026-06-14 02:33:51,111] ?????????(BUFF?)?hit:0,crit:0,critInjure:250,dodge:0,ignoreCrit:0,ignoreCritInjure:0,critBoss:250,critInjureBoss:0
[2026-06-14 02:33:51,111] ?????????(BUFF?)?hit:0,crit:0,critInjure:0,dodge:0,ignoreCrit:0,ignoreCritInjure:0,critBoss:0,critInjureBoss:0
[2026-06-14 02:33:51,111] ?????????(BUFF?)?maxPAtk:109532,maxPDef:64692,maxMDef:38977,ignorePDef:0,ignoreMDef:5809,injureAdd:0,injureIgnore:0,injureAddBoss:100
[2026-06-14 02:33:51,111] ?????????(BUFF?)?maxPAtk:7600,maxPDef:1474,maxMDef:1474,ignorePDef:0,ignoreMDef:0,injureAdd:0,injureIgnore:0,injureAddBoss:0
[2026-06-14 02:33:51,111] ?????????(BUFF?)?maxPAtk:109532,maxPDef:64692,maxMDef:38977,ignorePDef:0,ignoreMDef:5809,injureAdd:0,injureIgnore:0,injureAddBoss:100
[2026-06-14 02:33:51,111] ?????????(BUFF?)?maxPAtk:7600,maxPDef:1474,maxMDef:1474,ignorePDef:0,ignoreMDef:0,injureAdd:0,injureIgnore:0,injureAddBoss:0
[2026-06-14 02:33:51,111] ?????110727
[2026-06-14 02:33:51,111] ??????BUFF???110727
[2026-06-14 02:33:51,111] (Spider Queen,8663d3fd-b192-446c-8af6-a3d9c99a7bf8) ???110727;????76739/737000
[2026-06-14 02:33:51,111] =========[?????]?????END??(Fireball)


[2026-06-14 02:33:51,111] ????????[bd0d352c-abdf-4576-a426-08b6080bd21e]->[8663d3fd-b192-446c-8af6-a3d9c99a7bf8],?????[1201]
[2026-06-14 02:33:51,111] ??????????[Otherworld Elf Ruila,bd0d352c-abdf-4576-a426-08b6080bd21e]->[Spider Queen,8663d3fd-b192-446c-8af6-a3d9c99a7bf8],?????[1201]

[2026-06-14 02:33:51,111] >>>>>[Otherworld Elf Ruila]?????BEGIN??(Fireball), ??=Single Target ATK, uses Magic's power to form a fireball, targeting Single target,deal|C:0x34E22C&T:100%+100|T:Magic Damage., ???Spider Queen, ?????2
[2026-06-14 02:33:51,111] >>>>>[Otherworld Elf Ruila]?????(Spider Queen), ????[9,15]; ????[14,15]
[2026-06-14 02:33:51,111] ?????????1
[2026-06-14 02:33:51,111] >>>>???(Otherworld Elf Ruila) -> (Spider Queen) ?????100, ?????100, ?????1, ??XP???false
[2026-06-14 02:33:51,111] ?????????(BUFF?)?hit:0,crit:0,critInjure:250,dodge:0,ignoreCrit:0,ignoreCritInjure:0,critBoss:250,critInjureBoss:0
[2026-06-14 02:33:51,111] ?????????(BUFF?)?hit:0,crit:0,critInjure:0,dodge:0,ignoreCrit:0,ignoreCritInjure:0,critBoss:0,critInjureBoss:0
[2026-06-14 02:33:51,111] ?????????(BUFF?)?hit:0,crit:0,critInjure:250,dodge:0,ignoreCrit:0,ignoreCritInjure:0,critBoss:250,critInjureBoss:0
[2026-06-14 02:33:51,111] ?????????(BUFF?)?hit:0,crit:0,critInjure:0,dodge:0,ignoreCrit:0,ignoreCritInjure:0,critBoss:0,critInjureBoss:0
[2026-06-14 02:33:51,111] ?????????(BUFF?)?maxPAtk:109807,maxPDef:68309,maxMDef:37615,ignorePDef:0,ignoreMDef:6887,injureAdd:0,injureIgnore:0,injureAddBoss:100
[2026-06-14 02:33:51,111] ?????????(BUFF?)?maxPAtk:7600,maxPDef:1474,maxMDef:1474,ignorePDef:0,ignoreMDef:0,injureAdd:0,injureIgnore:0,injureAddBoss:0
[2026-06-14 02:33:51,111] ?????????(BUFF?)?maxPAtk:109807,maxPDef:68309,maxMDef:37615,ignorePDef:0,ignoreMDef:6887,injureAdd:0,injureIgnore:0,injureAddBoss:100
[2026-06-14 02:33:51,111] ?????????(BUFF?)?maxPAtk:7600,maxPDef:1474,maxMDef:1474,ignorePDef:0,ignoreMDef:0,injureAdd:0,injureIgnore:0,injureAddBoss:0
[2026-06-14 02:33:51,111] ?????111005
[2026-06-14 02:33:51,111] ??????BUFF???111005
[2026-06-14 02:33:51,111] (Spider Queen,8663d3fd-b192-446c-8af6-a3d9c99a7bf8) ???111005;????0/737000
[2026-06-14 02:33:51,112] ???(????,d1806f2b-c67b-4e48-8e65-e94548e56e23) ??????: objectId=8663d3fd-b192-446c-8af6-a3d9c99a7bf8,status=0
[2026-06-14 02:33:51,114] (Spider Queen,8663d3fd-b192-446c-8af6-a3d9c99a7bf8) ?????1781375631114
[2026-06-14 02:33:51,114] =========[Otherworld Elf Ruila]?????END??(Fireball)

[2026-06-14 02:33:51,427] ?canControlObject??????????name=[????]
