[2026-06-14 02:33:12,769] ?Knight Wraith?????????????
[2026-06-14 02:33:12,769] [????]??BUFF?(Giant Rock Holy Shield[3201])
[2026-06-14 02:33:12,769] (????) ???1200;????6949926/6949926

[2026-06-14 02:33:13,556] ????????[ebc35acd-9d47-43c8-b6d6-2e231c80d600]->[47210a4d-1f51-4122-bdfc-94731968152a],?????[1201]
[2026-06-14 02:33:13,556] ??????????[?????,ebc35acd-9d47-43c8-b6d6-2e231c80d600]->[Knight Wraith,47210a4d-1f51-4122-bdfc-94731968152a],?????[1201]

[2026-06-14 02:33:13,556] >>>>>[?????]?????BEGIN??(Fireball), ??=Single Target ATK, uses Magic's power to form a fireball, targeting Single target,deal|C:0x34E22C&T:100%+100|T:Magic Damage., ???Knight Wraith, ?????2
[2026-06-14 02:33:13,556] >>>>>[?????]?????(Knight Wraith), ????[11,11]; ????[16,11]
[2026-06-14 02:33:13,556] ?????????1
[2026-06-14 02:33:13,556] >>>>???(?????) -> (Knight Wraith) ?????100, ?????100, ?????1, ??XP???false
[2026-06-14 02:33:13,556] ?????????(BUFF?)?hit:0,crit:0,critInjure:250,dodge:0,ignoreCrit:0,ignoreCritInjure:0,critBoss:250,critInjureBoss:0
[2026-06-14 02:33:13,556] ?????????(BUFF?)?hit:0,crit:0,critInjure:0,dodge:0,ignoreCrit:0,ignoreCritInjure:0,critBoss:0,critInjureBoss:0
[2026-06-14 02:33:13,556] ?????????(BUFF?)?hit:0,crit:0,critInjure:250,dodge:0,ignoreCrit:0,ignoreCritInjure:0,critBoss:250,critInjureBoss:0
[2026-06-14 02:33:13,556] ?????????(BUFF?)?hit:0,crit:0,critInjure:0,dodge:0,ignoreCrit:0,ignoreCritInjure:0,critBoss:0,critInjureBoss:0
[2026-06-14 02:33:13,556] ?????????(BUFF?)?maxPAtk:155688,maxPDef:88198,maxMDef:65660,ignorePDef:0,ignoreMDef:35063,injureAdd:100,injureIgnore:0,injureAddBoss:100
[2026-06-14 02:33:13,556] ?????????(BUFF?)?maxPAtk:7546,maxPDef:1460,maxMDef:1460,ignorePDef:0,ignoreMDef:0,injureAdd:0,injureIgnore:0,injureAddBoss:0
[2026-06-14 02:33:13,556] ?????????(BUFF?)?maxPAtk:155688,maxPDef:88198,maxMDef:65660,ignorePDef:0,ignoreMDef:35063,injureAdd:100,injureIgnore:0,injureAddBoss:100
[2026-06-14 02:33:13,556] ?????????(BUFF?)?maxPAtk:7546,maxPDef:1460,maxMDef:1460,ignorePDef:0,ignoreMDef:0,injureAdd:0,injureIgnore:0,injureAddBoss:0
[2026-06-14 02:33:13,556] ?????158901
[2026-06-14 02:33:13,556] ??????BUFF???158901
[2026-06-14 02:33:13,556] (Knight Wraith,47210a4d-1f51-4122-bdfc-94731968152a) ???158901;????571099/730000
[2026-06-14 02:33:13,556] =========[?????]?????END??(Fireball)


[2026-06-14 02:33:13,628] ????????[d1806f2b-c67b-4e48-8e65-e94548e56e23]->[47210a4d-1f51-4122-bdfc-94731968152a],?????[9]
[2026-06-14 02:33:13,628] ??????????[????,d1806f2b-c67b-4e48-8e65-e94548e56e23]->[Knight Wraith,47210a4d-1f51-4122-bdfc-94731968152a],?????[9]

[2026-06-14 02:33:13,628] >>>>>[????]?????BEGIN??(Giant Rock Holy Shield), ??=Support Skill, applies Shield Reduction of|C:0x34E22C&T:20%|T: damage value, for|C:0x34E22C&T:5|T:s, upon breaking, targets surrounding enemies, dealing|C:0x34E22C&T:120%+{0}|T:Magic Damage, ???????, ?????0
[2026-06-14 02:33:13,628] [????]??BUFF?(Giant Rock Holy Shield[3201]), ????=5000, ??=2000
[2026-06-14 02:33:13,628] [????]?????1389985
[2026-06-14 02:33:13,628] =========[????]???????????(Giant Rock Holy Shield)

[2026-06-14 02:33:13,732] ????????[????],posX=12,posY=11
[2026-06-14 02:33:13,770] (????) ???1200;????6949926/6949926

[2026-06-14 02:33:13,872] ????????[bd0d352c-abdf-4576-a426-08b6080bd21e]->[47210a4d-1f51-4122-bdfc-94731968152a],?????[1201]
[2026-06-14 02:33:13,872] ??????????[Otherworld Elf Ruila,bd0d352c-abdf-4576-a426-08b6080bd21e]->[Knight Wraith,47210a4d-1f51-4122-bdfc-94731968152a],?????[1201]

[2026-06-14 02:33:13,872] >>>>>[Otherworld Elf Ruila]?????BEGIN??(Fireball), ??=Single Target ATK, uses Magic's power to form a fireball, targeting Single target,deal|C:0x34E22C&T:100%+100|T:Magic Damage., ???Knight Wraith, ?????2
[2026-06-14 02:33:13,872] >>>>>[Otherworld Elf Ruila]?????(Knight Wraith), ????[11,11]; ????[16,11]
[2026-06-14 02:33:13,872] ?????????1
[2026-06-14 02:33:13,872] >>>>???(Otherworld Elf Ruila) -> (Knight Wraith) ?????100, ?????100, ?????1, ??XP???false
[2026-06-14 02:33:13,872] ?????????(BUFF?)?hit:0,crit:0,critInjure:250,dodge:0,ignoreCrit:0,ignoreCritInjure:0,critBoss:250,critInjureBoss:0
[2026-06-14 02:33:13,872] ?????????(BUFF?)?hit:0,crit:0,critInjure:0,dodge:0,ignoreCrit:0,ignoreCritInjure:0,critBoss:0,critInjureBoss:0
[2026-06-14 02:33:13,872] ?????????(BUFF?)?hit:0,crit:0,critInjure:250,dodge:0,ignoreCrit:0,ignoreCritInjure:0,critBoss:250,critInjureBoss:0
[2026-06-14 02:33:13,872] ?????????(BUFF?)?hit:0,crit:0,critInjure:0,dodge:0,ignoreCrit:0,ignoreCritInjure:0,critBoss:0,critInjureBoss:0
[2026-06-14 02:33:13,872] ?????????(BUFF?)?maxPAtk:109807,maxPDef:68309,maxMDef:37615,ignorePDef:0,ignoreMDef:6887,injureAdd:0,injureIgnore:0,injureAddBoss:100
[2026-06-14 02:33:13,872] ?????????(BUFF?)?maxPAtk:7546,maxPDef:1460,maxMDef:1460,ignorePDef:0,ignoreMDef:0,injureAdd:0,injureIgnore:0,injureAddBoss:0
[2026-06-14 02:33:13,872] ?????????(BUFF?)?maxPAtk:109807,maxPDef:68309,maxMDef:37615,ignorePDef:0,ignoreMDef:6887,injureAdd:0,injureIgnore:0,injureAddBoss:100
[2026-06-14 02:33:13,872] ?????????(BUFF?)?maxPAtk:7546,maxPDef:1460,maxMDef:1460,ignorePDef:0,ignoreMDef:0,injureAdd:0,injureIgnore:0,injureAddBoss:0
[2026-06-14 02:33:13,872] ?????111005
[2026-06-14 02:33:13,872] ??????BUFF???111005
[2026-06-14 02:33:13,872] (Knight Wraith,47210a4d-1f51-4122-bdfc-94731968152a) ???111005;????460094/730000
[2026-06-14 02:33:13,872] =========[Otherworld Elf Ruila]?????END??(Fireball)


[2026-06-14 02:33:13,908] ????????[65b226f4-3d1c-4a60-838c-6aa6fda1c644]->[47210a4d-1f51-4122-bdfc-94731968152a],?????[1201]
[2026-06-14 02:33:13,908] ??????????[?????,65b226f4-3d1c-4a60-838c-6aa6fda1c644]->[Knight Wraith,47210a4d-1f51-4122-bdfc-94731968152a],?????[1201]

[2026-06-14 02:33:13,908] >>>>>[?????]?????BEGIN??(Fireball), ??=Single Target ATK, uses Magic's power to form a fireball, targeting Single target,deal|C:0x34E22C&T:100%+100|T:Magic Damage., ???Knight Wraith, ?????2
[2026-06-14 02:33:13,908] >>>>>[?????]?????(Knight Wraith), ????[11,11]; ????[16,11]
[2026-06-14 02:33:13,908] ?????????1
[2026-06-14 02:33:13,908] >>>>???(?????) -> (Knight Wraith) ?????100, ?????100, ?????1, ??XP???false
[2026-06-14 02:33:13,908] ?????????(BUFF?)?hit:0,crit:0,critInjure:250,dodge:0,ignoreCrit:0,ignoreCritInjure:0,critBoss:250,critInjureBoss:0
[2026-06-14 02:33:13,908] ?????????(BUFF?)?hit:0,crit:0,critInjure:0,dodge:0,ignoreCrit:0,ignoreCritInjure:0,critBoss:0,critInjureBoss:0
[2026-06-14 02:33:13,908] ?????????(BUFF?)?hit:0,crit:0,critInjure:250,dodge:0,ignoreCrit:0,ignoreCritInjure:0,critBoss:250,critInjureBoss:0
[2026-06-14 02:33:13,908] ?????????(BUFF?)?hit:0,crit:0,critInjure:0,dodge:0,ignoreCrit:0,ignoreCritInjure:0,critBoss:0,critInjureBoss:0
[2026-06-14 02:33:13,908] ?????????(BUFF?)?maxPAtk:109532,maxPDef:64692,maxMDef:38977,ignorePDef:0,ignoreMDef:5809,injureAdd:0,injureIgnore:0,injureAddBoss:100
[2026-06-14 02:33:13,908] ?????????(BUFF?)?maxPAtk:7546,maxPDef:1460,maxMDef:1460,ignorePDef:0,ignoreMDef:0,injureAdd:0,injureIgnore:0,injureAddBoss:0
[2026-06-14 02:33:13,908] ?????????(BUFF?)?maxPAtk:109532,maxPDef:64692,maxMDef:38977,ignorePDef:0,ignoreMDef:5809,injureAdd:0,injureIgnore:0,injureAddBoss:100
[2026-06-14 02:33:13,908] ?????????(BUFF?)?maxPAtk:7546,maxPDef:1460,maxMDef:1460,ignorePDef:0,ignoreMDef:0,injureAdd:0,injureIgnore:0,injureAddBoss:0
[2026-06-14 02:33:13,908] ?????110727
[2026-06-14 02:33:13,908] ??????BUFF???110727
[2026-06-14 02:33:13,908] (Knight Wraith,47210a4d-1f51-4122-bdfc-94731968152a) ???110727;????349367/730000
[2026-06-14 02:33:13,908] =========[?????]?????END??(Fireball)

[2026-06-14 02:33:14,086] ????????[????],posX=13,posY=10
[2026-06-14 02:33:14,441] ????????[????],posX=14,posY=10

[2026-06-14 02:33:14,476] ????????[ebc35acd-9d47-43c8-b6d6-2e231c80d600]->[47210a4d-1f51-4122-bdfc-94731968152a],?????[1201]
[2026-06-14 02:33:14,476] ??????????[?????,ebc35acd-9d47-43c8-b6d6-2e231c80d600]->[Knight Wraith,47210a4d-1f51-4122-bdfc-94731968152a],?????[1201]

[2026-06-14 02:33:14,476] >>>>>[?????]?????BEGIN??(Fireball), ??=Single Target ATK, uses Magic's power to form a fireball, targeting Single target,deal|C:0x34E22C&T:100%+100|T:Magic Damage., ???Knight Wraith, ?????2
[2026-06-14 02:33:14,476] >>>>>[?????]?????(Knight Wraith), ????[11,11]; ????[16,11]
[2026-06-14 02:33:14,476] ?????????1
[2026-06-14 02:33:14,476] >>>>???(?????) -> (Knight Wraith) ?????100, ?????100, ?????1, ??XP???false
[2026-06-14 02:33:14,476] ?????????(BUFF?)?hit:0,crit:0,critInjure:250,dodge:0,ignoreCrit:0,ignoreCritInjure:0,critBoss:250,critInjureBoss:0
[2026-06-14 02:33:14,476] ?????????(BUFF?)?hit:0,crit:0,critInjure:0,dodge:0,ignoreCrit:0,ignoreCritInjure:0,critBoss:0,critInjureBoss:0
[2026-06-14 02:33:14,476] ?????????(BUFF?)?hit:0,crit:0,critInjure:250,dodge:0,ignoreCrit:0,ignoreCritInjure:0,critBoss:250,critInjureBoss:0
[2026-06-14 02:33:14,476] ?????????(BUFF?)?hit:0,crit:0,critInjure:0,dodge:0,ignoreCrit:0,ignoreCritInjure:0,critBoss:0,critInjureBoss:0
[2026-06-14 02:33:14,476] ?????????(BUFF?)?maxPAtk:155688,maxPDef:88198,maxMDef:65660,ignorePDef:0,ignoreMDef:35063,injureAdd:100,injureIgnore:0,injureAddBoss:100
[2026-06-14 02:33:14,476] ?????????(BUFF?)?maxPAtk:7546,maxPDef:1460,maxMDef:1460,ignorePDef:0,ignoreMDef:0,injureAdd:0,injureIgnore:0,injureAddBoss:0
[2026-06-14 02:33:14,476] ?????????(BUFF?)?maxPAtk:155688,maxPDef:88198,maxMDef:65660,ignorePDef:0,ignoreMDef:35063,injureAdd:100,injureIgnore:0,injureAddBoss:100
[2026-06-14 02:33:14,476] ?????????(BUFF?)?maxPAtk:7546,maxPDef:1460,maxMDef:1460,ignorePDef:0,ignoreMDef:0,injureAdd:0,injureIgnore:0,injureAddBoss:0
[2026-06-14 02:33:14,476] ?????158901
[2026-06-14 02:33:14,476] ??????BUFF???158901
[2026-06-14 02:33:14,476] (Knight Wraith,47210a4d-1f51-4122-bdfc-94731968152a) ???158901;????190466/730000
[2026-06-14 02:33:14,476] =========[?????]?????END??(Fireball)


[2026-06-14 02:33:14,733] >>>>>[Knight Wraith]?????BEGIN??(Boss Melee Attack), ??=NormalATK, ???????, ?????4
[2026-06-14 02:33:14,733] >>>>>[Knight Wraith]?????(????), ????[16,11]; ????[14,10]
[2026-06-14 02:33:14,733] ?????????1
[2026-06-14 02:33:14,733] >>>>???(Knight Wraith) -> (????) ?????100, ?????0, ?????0, ??XP???false
[2026-06-14 02:33:14,733] ?????????(BUFF?)?hit:0,crit:0,critInjure:0,dodge:0,ignoreCrit:0,ignoreCritInjure:0,critBoss:0,critInjureBoss:0
[2026-06-14 02:33:14,733] ?????????(BUFF?)?hit:60,crit:288,critInjure:610,dodge:15,ignoreCrit:0,ignoreCritInjure:0,critBoss:250,critInjureBoss:0
[2026-06-14 02:33:14,733] ?????????(BUFF?)?hit:0,crit:0,critInjure:0,dodge:0,ignoreCrit:0,ignoreCritInjure:0,critBoss:0,critInjureBoss:0
[2026-06-14 02:33:14,733] ?????????(BUFF?)?hit:60,crit:288,critInjure:610,dodge:15,ignoreCrit:0,ignoreCritInjure:0,critBoss:250,critInjureBoss:0
[2026-06-14 02:33:14,733] ?????????(BUFF?)?maxPAtk:7546,maxPDef:1460,maxMDef:1460,ignorePDef:0,ignoreMDef:0,injureAdd:0,injureIgnore:0,injureAddBoss:0
[2026-06-14 02:33:14,733] ?????????(BUFF?)?maxPAtk:537036,maxPDef:320573,maxMDef:292686,ignorePDef:923,ignoreMDef:1836,injureAdd:0,injureIgnore:1000,injureAddBoss:100
[2026-06-14 02:33:14,733] [????]???????(Starlight Power), ??=500, buffStr=605011, ???????
[2026-06-14 02:33:14,733] [????]??BUFF?(Starlight Power[2202]), ????=3000, ??=1000
[2026-06-14 02:33:14,733] [????]??BUFF?(Starlight Power), ??=self Damage Reduction increases by|C:0x34E22C&T:10%|T:, for|C:0x34E22C&T:3|T:s, ?????3000
[2026-06-14 02:33:14,733] ?????????(BUFF?)?maxPAtk:7546,maxPDef:1460,maxMDef:1460,ignorePDef:0,ignoreMDef:0,injureAdd:0,injureIgnore:0,injureAddBoss:0
[2026-06-14 02:33:14,733] ?????????(BUFF?)?maxPAtk:537036,maxPDef:320573,maxMDef:292686,ignorePDef:923,ignoreMDef:1836,injureAdd:0,injureIgnore:2000,injureAddBoss:100
[2026-06-14 02:33:14,733] ?????138
[2026-06-14 02:33:14,733] ??????BUFF???138
[2026-06-14 02:33:14,733] [????]??BUFF?(Giant Rock Holy Shield), ??=Absorb Max HP|C:0x34E22C&T:20%|T:damage, ?????3895
[2026-06-14 02:33:14,733] [????]?????138, ?????1389847
[2026-06-14 02:33:14,733] (????,d1806f2b-c67b-4e48-8e65-e94548e56e23) ???0;????6949926/6949926
[2026-06-14 02:33:14,733] =========[Knight Wraith]?????END??(Boss Melee Attack)

[2026-06-14 02:33:14,770] (????) ???1200;????6949926/6949926

[2026-06-14 02:33:14,794] ????????[bd0d352c-abdf-4576-a426-08b6080bd21e]->[47210a4d-1f51-4122-bdfc-94731968152a],?????[1201]
[2026-06-14 02:33:14,794] ??????????[Otherworld Elf Ruila,bd0d352c-abdf-4576-a426-08b6080bd21e]->[Knight Wraith,47210a4d-1f51-4122-bdfc-94731968152a],?????[1201]

[2026-06-14 02:33:14,794] >>>>>[Otherworld Elf Ruila]?????BEGIN??(Fireball), ??=Single Target ATK, uses Magic's power to form a fireball, targeting Single target,deal|C:0x34E22C&T:100%+100|T:Magic Damage., ???Knight Wraith, ?????2
[2026-06-14 02:33:14,794] >>>>>[Otherworld Elf Ruila]?????(Knight Wraith), ????[11,11]; ????[16,11]
[2026-06-14 02:33:14,794] ?????????1
[2026-06-14 02:33:14,794] >>>>???(Otherworld Elf Ruila) -> (Knight Wraith) ?????100, ?????100, ?????1, ??XP???false
[2026-06-14 02:33:14,794] ?????????(BUFF?)?hit:0,crit:0,critInjure:250,dodge:0,ignoreCrit:0,ignoreCritInjure:0,critBoss:250,critInjureBoss:0
[2026-06-14 02:33:14,794] ?????????(BUFF?)?hit:0,crit:0,critInjure:0,dodge:0,ignoreCrit:0,ignoreCritInjure:0,critBoss:0,critInjureBoss:0
[2026-06-14 02:33:14,794] ?????????(BUFF?)?hit:0,crit:0,critInjure:250,dodge:0,ignoreCrit:0,ignoreCritInjure:0,critBoss:250,critInjureBoss:0
[2026-06-14 02:33:14,794] ?????????(BUFF?)?hit:0,crit:0,critInjure:0,dodge:0,ignoreCrit:0,ignoreCritInjure:0,critBoss:0,critInjureBoss:0
[2026-06-14 02:33:14,794] ?????????(BUFF?)?maxPAtk:109807,maxPDef:68309,maxMDef:37615,ignorePDef:0,ignoreMDef:6887,injureAdd:0,injureIgnore:0,injureAddBoss:100
[2026-06-14 02:33:14,794] ?????????(BUFF?)?maxPAtk:7546,maxPDef:1460,maxMDef:1460,ignorePDef:0,ignoreMDef:0,injureAdd:0,injureIgnore:0,injureAddBoss:0
[2026-06-14 02:33:14,794] ?????????(BUFF?)?maxPAtk:109807,maxPDef:68309,maxMDef:37615,ignorePDef:0,ignoreMDef:6887,injureAdd:0,injureIgnore:0,injureAddBoss:100
[2026-06-14 02:33:14,794] ?????????(BUFF?)?maxPAtk:7546,maxPDef:1460,maxMDef:1460,ignorePDef:0,ignoreMDef:0,injureAdd:0,injureIgnore:0,injureAddBoss:0
[2026-06-14 02:33:14,794] ?????111005
[2026-06-14 02:33:14,794] ??????BUFF???111005
[2026-06-14 02:33:14,794] (Knight Wraith,47210a4d-1f51-4122-bdfc-94731968152a) ???111005;????79461/730000
[2026-06-14 02:33:14,794] =========[Otherworld Elf Ruila]?????END??(Fireball)


[2026-06-14 02:33:14,830] ????????[65b226f4-3d1c-4a60-838c-6aa6fda1c644]->[47210a4d-1f51-4122-bdfc-94731968152a],?????[1201]
[2026-06-14 02:33:14,830] ??????????[?????,65b226f4-3d1c-4a60-838c-6aa6fda1c644]->[Knight Wraith,47210a4d-1f51-4122-bdfc-94731968152a],?????[1201]

[2026-06-14 02:33:14,830] >>>>>[?????]?????BEGIN??(Fireball), ??=Single Target ATK, uses Magic's power to form a fireball, targeting Single target,deal|C:0x34E22C&T:100%+100|T:Magic Damage., ???Knight Wraith, ?????2
[2026-06-14 02:33:14,830] >>>>>[?????]?????(Knight Wraith), ????[11,11]; ????[16,11]
[2026-06-14 02:33:14,830] ?????????1
[2026-06-14 02:33:14,830] >>>>???(?????) -> (Knight Wraith) ?????100, ?????100, ?????1, ??XP???false
[2026-06-14 02:33:14,830] ?????????(BUFF?)?hit:0,crit:0,critInjure:250,dodge:0,ignoreCrit:0,ignoreCritInjure:0,critBoss:250,critInjureBoss:0
[2026-06-14 02:33:14,830] ?????????(BUFF?)?hit:0,crit:0,critInjure:0,dodge:0,ignoreCrit:0,ignoreCritInjure:0,critBoss:0,critInjureBoss:0
[2026-06-14 02:33:14,830] ?????????(BUFF?)?hit:0,crit:0,critInjure:250,dodge:0,ignoreCrit:0,ignoreCritInjure:0,critBoss:250,critInjureBoss:0
[2026-06-14 02:33:14,830] ?????????(BUFF?)?hit:0,crit:0,critInjure:0,dodge:0,ignoreCrit:0,ignoreCritInjure:0,critBoss:0,critInjureBoss:0
[2026-06-14 02:33:14,830] ?????????(BUFF?)?maxPAtk:109532,maxPDef:64692,maxMDef:38977,ignorePDef:0,ignoreMDef:5809,injureAdd:0,injureIgnore:0,injureAddBoss:100
[2026-06-14 02:33:14,830] ?????????(BUFF?)?maxPAtk:7546,maxPDef:1460,maxMDef:1460,ignorePDef:0,ignoreMDef:0,injureAdd:0,injureIgnore:0,injureAddBoss:0
[2026-06-14 02:33:14,830] ?????????(BUFF?)?maxPAtk:109532,maxPDef:64692,maxMDef:38977,ignorePDef:0,ignoreMDef:5809,injureAdd:0,injureIgnore:0,injureAddBoss:100
[2026-06-14 02:33:14,830] ?????????(BUFF?)?maxPAtk:7546,maxPDef:1460,maxMDef:1460,ignorePDef:0,ignoreMDef:0,injureAdd:0,injureIgnore:0,injureAddBoss:0
[2026-06-14 02:33:14,830] ?????110727
[2026-06-14 02:33:14,830] ??????BUFF???110727
[2026-06-14 02:33:14,830] (Knight Wraith,47210a4d-1f51-4122-bdfc-94731968152a) ???110727;????0/730000
[2026-06-14 02:33:14,830] ???(????,d1806f2b-c67b-4e48-8e65-e94548e56e23) ??????: objectId=47210a4d-1f51-4122-bdfc-94731968152a,status=0
[2026-06-14 02:33:14,832] (Knight Wraith,47210a4d-1f51-4122-bdfc-94731968152a) ?????1781375594832
[2026-06-14 02:33:14,832] =========[?????]?????END??(Fireball)

[2026-06-14 02:33:15,469] ?canControlObject??????????name=[????]
