[2026-06-14 02:46:42,739] ?Four Seas Sword Spirit?????????????
[2026-06-14 02:46:42,739] [????]??BUFF?(Giant Rock Holy Shield[3201])
[2026-06-14 02:46:42,739] (????) ???1200;????6949926/6949926
[2026-06-14 02:46:42,772] ????????[????],posX=8,posY=15

[2026-06-14 02:46:43,543] ????????[ebc35acd-9d47-43c8-b6d6-2e231c80d600]->[d51f4ba9-4e8a-4050-bdf3-eb63286a8eb5],?????[1201]
[2026-06-14 02:46:43,543] ??????????[?????,ebc35acd-9d47-43c8-b6d6-2e231c80d600]->[Four Seas Sword Spirit,d51f4ba9-4e8a-4050-bdf3-eb63286a8eb5],?????[1201]

[2026-06-14 02:46:43,543] >>>>>[?????]?????BEGIN??(Fireball), ??=Single Target ATK, uses Magic's power to form a fireball, targeting Single target,deal|C:0x34E22C&T:100%+100|T:Magic Damage., ???Four Seas Sword Spirit, ?????2
[2026-06-14 02:46:43,543] >>>>>[?????]?????(Four Seas Sword Spirit), ????[9,14]; ????[4,14]
[2026-06-14 02:46:43,543] ?????????1
[2026-06-14 02:46:43,543] >>>>???(?????) -> (Four Seas Sword Spirit) ?????100, ?????100, ?????1, ??XP???false
[2026-06-14 02:46:43,543] ?????????(BUFF?)?hit:0,crit:0,critInjure:250,dodge:0,ignoreCrit:0,ignoreCritInjure:0,critBoss:250,critInjureBoss:0
[2026-06-14 02:46:43,543] ?????????(BUFF?)?hit:0,crit:0,critInjure:0,dodge:0,ignoreCrit:0,ignoreCritInjure:0,critBoss:0,critInjureBoss:0
[2026-06-14 02:46:43,543] ?????????(BUFF?)?hit:0,crit:0,critInjure:250,dodge:0,ignoreCrit:0,ignoreCritInjure:0,critBoss:250,critInjureBoss:0
[2026-06-14 02:46:43,543] ?????????(BUFF?)?hit:0,crit:0,critInjure:0,dodge:0,ignoreCrit:0,ignoreCritInjure:0,critBoss:0,critInjureBoss:0
[2026-06-14 02:46:43,543] ?????????(BUFF?)?maxPAtk:155998,maxPDef:88275,maxMDef:65856,ignorePDef:0,ignoreMDef:35218,injureAdd:100,injureIgnore:0,injureAddBoss:100
[2026-06-14 02:46:43,543] ?????????(BUFF?)?maxPAtk:8964,maxPDef:1824,maxMDef:1824,ignorePDef:0,ignoreMDef:0,injureAdd:0,injureIgnore:0,injureAddBoss:0
[2026-06-14 02:46:43,543] ?????????(BUFF?)?maxPAtk:155998,maxPDef:88275,maxMDef:65856,ignorePDef:0,ignoreMDef:35218,injureAdd:100,injureIgnore:0,injureAddBoss:100
[2026-06-14 02:46:43,543] ?????????(BUFF?)?maxPAtk:8964,maxPDef:1824,maxMDef:1824,ignorePDef:0,ignoreMDef:0,injureAdd:0,injureIgnore:0,injureAddBoss:0
[2026-06-14 02:46:43,543] ?????159217
[2026-06-14 02:46:43,543] ??????BUFF???159217
[2026-06-14 02:46:43,543] (Four Seas Sword Spirit,d51f4ba9-4e8a-4050-bdf3-eb63286a8eb5) ???159217;????752783/912000
[2026-06-14 02:46:43,543] =========[?????]?????END??(Fireball)

[2026-06-14 02:46:43,739] (????) ???1200;????6949926/6949926

[2026-06-14 02:46:43,775] >>>>>[Four Seas Sword Spirit]?????BEGIN??(Boss Melee Attack), ??=NormalATK, ???????, ?????4
[2026-06-14 02:46:43,775] >>>>>[Four Seas Sword Spirit]?????(????), ????[4,14]; ????[8,15]
[2026-06-14 02:46:43,775] ?????????1
[2026-06-14 02:46:43,775] >>>>???(Four Seas Sword Spirit) -> (????) ?????100, ?????0, ?????0, ??XP???false
[2026-06-14 02:46:43,775] ?????????(BUFF?)?hit:0,crit:0,critInjure:0,dodge:0,ignoreCrit:0,ignoreCritInjure:0,critBoss:0,critInjureBoss:0
[2026-06-14 02:46:43,775] ?????????(BUFF?)?hit:60,crit:288,critInjure:610,dodge:15,ignoreCrit:0,ignoreCritInjure:0,critBoss:250,critInjureBoss:0
[2026-06-14 02:46:43,775] ?????????(BUFF?)?hit:0,crit:0,critInjure:0,dodge:0,ignoreCrit:0,ignoreCritInjure:0,critBoss:0,critInjureBoss:0
[2026-06-14 02:46:43,775] ?????????(BUFF?)?hit:60,crit:288,critInjure:610,dodge:15,ignoreCrit:0,ignoreCritInjure:0,critBoss:250,critInjureBoss:0
[2026-06-14 02:46:43,775] ?????????(BUFF?)?maxPAtk:8964,maxPDef:1824,maxMDef:1824,ignorePDef:0,ignoreMDef:0,injureAdd:0,injureIgnore:0,injureAddBoss:0
[2026-06-14 02:46:43,775] ?????????(BUFF?)?maxPAtk:537036,maxPDef:320573,maxMDef:292686,ignorePDef:923,ignoreMDef:1836,injureAdd:0,injureIgnore:1000,injureAddBoss:100
[2026-06-14 02:46:43,775] ?????????(BUFF?)?maxPAtk:8964,maxPDef:1824,maxMDef:1824,ignorePDef:0,ignoreMDef:0,injureAdd:0,injureIgnore:0,injureAddBoss:0
[2026-06-14 02:46:43,775] ?????????(BUFF?)?maxPAtk:537036,maxPDef:320573,maxMDef:292686,ignorePDef:923,ignoreMDef:1836,injureAdd:0,injureIgnore:1000,injureAddBoss:100
[2026-06-14 02:46:43,775] ?????218
[2026-06-14 02:46:43,775] ??????BUFF???218
[2026-06-14 02:46:43,775] (????,d1806f2b-c67b-4e48-8e65-e94548e56e23) ???218;????6949708/6949926
[2026-06-14 02:46:43,775] =========[Four Seas Sword Spirit]?????END??(Boss Melee Attack)


[2026-06-14 02:46:43,899] ????????[65b226f4-3d1c-4a60-838c-6aa6fda1c644]->[d51f4ba9-4e8a-4050-bdf3-eb63286a8eb5],?????[1201]
[2026-06-14 02:46:43,899] ??????????[?????,65b226f4-3d1c-4a60-838c-6aa6fda1c644]->[Four Seas Sword Spirit,d51f4ba9-4e8a-4050-bdf3-eb63286a8eb5],?????[1201]

[2026-06-14 02:46:43,899] >>>>>[?????]?????BEGIN??(Fireball), ??=Single Target ATK, uses Magic's power to form a fireball, targeting Single target,deal|C:0x34E22C&T:100%+100|T:Magic Damage., ???Four Seas Sword Spirit, ?????2
[2026-06-14 02:46:43,899] >>>>>[?????]?????(Four Seas Sword Spirit), ????[9,14]; ????[4,14]
[2026-06-14 02:46:43,899] ?????????1
[2026-06-14 02:46:43,899] >>>>???(?????) -> (Four Seas Sword Spirit) ?????100, ?????100, ?????1, ??XP???false
[2026-06-14 02:46:43,899] ?????????(BUFF?)?hit:0,crit:0,critInjure:250,dodge:0,ignoreCrit:0,ignoreCritInjure:0,critBoss:250,critInjureBoss:0
[2026-06-14 02:46:43,899] ?????????(BUFF?)?hit:0,crit:0,critInjure:0,dodge:0,ignoreCrit:0,ignoreCritInjure:0,critBoss:0,critInjureBoss:0
[2026-06-14 02:46:43,899] ?????????(BUFF?)?hit:0,crit:0,critInjure:250,dodge:0,ignoreCrit:0,ignoreCritInjure:0,critBoss:250,critInjureBoss:0
[2026-06-14 02:46:43,899] ?????????(BUFF?)?hit:0,crit:0,critInjure:0,dodge:0,ignoreCrit:0,ignoreCritInjure:0,critBoss:0,critInjureBoss:0
[2026-06-14 02:46:43,899] ?????????(BUFF?)?maxPAtk:109532,maxPDef:64692,maxMDef:38977,ignorePDef:0,ignoreMDef:5809,injureAdd:0,injureIgnore:0,injureAddBoss:100
[2026-06-14 02:46:43,899] ?????????(BUFF?)?maxPAtk:8964,maxPDef:1824,maxMDef:1824,ignorePDef:0,ignoreMDef:0,injureAdd:0,injureIgnore:0,injureAddBoss:0
[2026-06-14 02:46:43,899] ?????????(BUFF?)?maxPAtk:109532,maxPDef:64692,maxMDef:38977,ignorePDef:0,ignoreMDef:5809,injureAdd:0,injureIgnore:0,injureAddBoss:100
[2026-06-14 02:46:43,899] ?????????(BUFF?)?maxPAtk:8964,maxPDef:1824,maxMDef:1824,ignorePDef:0,ignoreMDef:0,injureAdd:0,injureIgnore:0,injureAddBoss:0
[2026-06-14 02:46:43,899] ?????110727
[2026-06-14 02:46:43,899] ??????BUFF???110727
[2026-06-14 02:46:43,899] (Four Seas Sword Spirit,d51f4ba9-4e8a-4050-bdf3-eb63286a8eb5) ???110727;????642056/912000
[2026-06-14 02:46:43,899] =========[?????]?????END??(Fireball)


[2026-06-14 02:46:43,899] ????????[bd0d352c-abdf-4576-a426-08b6080bd21e]->[d51f4ba9-4e8a-4050-bdf3-eb63286a8eb5],?????[1201]
[2026-06-14 02:46:43,899] ??????????[Otherworld Elf Ruila,bd0d352c-abdf-4576-a426-08b6080bd21e]->[Four Seas Sword Spirit,d51f4ba9-4e8a-4050-bdf3-eb63286a8eb5],?????[1201]

[2026-06-14 02:46:43,899] >>>>>[Otherworld Elf Ruila]?????BEGIN??(Fireball), ??=Single Target ATK, uses Magic's power to form a fireball, targeting Single target,deal|C:0x34E22C&T:100%+100|T:Magic Damage., ???Four Seas Sword Spirit, ?????2
[2026-06-14 02:46:43,899] >>>>>[Otherworld Elf Ruila]?????(Four Seas Sword Spirit), ????[9,14]; ????[4,14]
[2026-06-14 02:46:43,899] ?????????1
[2026-06-14 02:46:43,899] >>>>???(Otherworld Elf Ruila) -> (Four Seas Sword Spirit) ?????100, ?????100, ?????1, ??XP???false
[2026-06-14 02:46:43,899] ?????????(BUFF?)?hit:0,crit:0,critInjure:250,dodge:0,ignoreCrit:0,ignoreCritInjure:0,critBoss:250,critInjureBoss:0
[2026-06-14 02:46:43,899] ?????????(BUFF?)?hit:0,crit:0,critInjure:0,dodge:0,ignoreCrit:0,ignoreCritInjure:0,critBoss:0,critInjureBoss:0
[2026-06-14 02:46:43,899] ?????????(BUFF?)?hit:0,crit:0,critInjure:250,dodge:0,ignoreCrit:0,ignoreCritInjure:0,critBoss:250,critInjureBoss:0
[2026-06-14 02:46:43,899] ?????????(BUFF?)?hit:0,crit:0,critInjure:0,dodge:0,ignoreCrit:0,ignoreCritInjure:0,critBoss:0,critInjureBoss:0
[2026-06-14 02:46:43,899] ?????????(BUFF?)?maxPAtk:109807,maxPDef:68309,maxMDef:37615,ignorePDef:0,ignoreMDef:6887,injureAdd:0,injureIgnore:0,injureAddBoss:100
[2026-06-14 02:46:43,899] ?????????(BUFF?)?maxPAtk:8964,maxPDef:1824,maxMDef:1824,ignorePDef:0,ignoreMDef:0,injureAdd:0,injureIgnore:0,injureAddBoss:0
[2026-06-14 02:46:43,899] ?????????(BUFF?)?maxPAtk:109807,maxPDef:68309,maxMDef:37615,ignorePDef:0,ignoreMDef:6887,injureAdd:0,injureIgnore:0,injureAddBoss:100
[2026-06-14 02:46:43,899] ?????????(BUFF?)?maxPAtk:8964,maxPDef:1824,maxMDef:1824,ignorePDef:0,ignoreMDef:0,injureAdd:0,injureIgnore:0,injureAddBoss:0
[2026-06-14 02:46:43,899] ?????111005
[2026-06-14 02:46:43,899] ??????BUFF???111005
[2026-06-14 02:46:43,899] (Four Seas Sword Spirit,d51f4ba9-4e8a-4050-bdf3-eb63286a8eb5) ???111005;????531051/912000
[2026-06-14 02:46:43,899] =========[Otherworld Elf Ruila]?????END??(Fireball)


[2026-06-14 02:46:44,005] ????????[d1806f2b-c67b-4e48-8e65-e94548e56e23]->[d51f4ba9-4e8a-4050-bdf3-eb63286a8eb5],?????[9]
[2026-06-14 02:46:44,005] ??????????[????,d1806f2b-c67b-4e48-8e65-e94548e56e23]->[Four Seas Sword Spirit,d51f4ba9-4e8a-4050-bdf3-eb63286a8eb5],?????[9]

[2026-06-14 02:46:44,005] >>>>>[????]?????BEGIN??(Giant Rock Holy Shield), ??=Support Skill, applies Shield Reduction of|C:0x34E22C&T:20%|T: damage value, for|C:0x34E22C&T:5|T:s, upon breaking, targets surrounding enemies, dealing|C:0x34E22C&T:120%+{0}|T:Magic Damage, ???????, ?????0
[2026-06-14 02:46:44,005] [????]??BUFF?(Giant Rock Holy Shield[3201]), ????=5000, ??=2000
[2026-06-14 02:46:44,005] [????]?????1389985
[2026-06-14 02:46:44,005] =========[????]???????????(Giant Rock Holy Shield)

[2026-06-14 02:46:44,112] ????????[????],posX=7,posY=15
[2026-06-14 02:46:44,429] ????????[????],posX=6,posY=15

[2026-06-14 02:46:44,465] ????????[ebc35acd-9d47-43c8-b6d6-2e231c80d600]->[d51f4ba9-4e8a-4050-bdf3-eb63286a8eb5],?????[1201]
[2026-06-14 02:46:44,465] ??????????[?????,ebc35acd-9d47-43c8-b6d6-2e231c80d600]->[Four Seas Sword Spirit,d51f4ba9-4e8a-4050-bdf3-eb63286a8eb5],?????[1201]

[2026-06-14 02:46:44,465] >>>>>[?????]?????BEGIN??(Fireball), ??=Single Target ATK, uses Magic's power to form a fireball, targeting Single target,deal|C:0x34E22C&T:100%+100|T:Magic Damage., ???Four Seas Sword Spirit, ?????2
[2026-06-14 02:46:44,465] >>>>>[?????]?????(Four Seas Sword Spirit), ????[9,14]; ????[4,14]
[2026-06-14 02:46:44,465] ?????????1
[2026-06-14 02:46:44,465] >>>>???(?????) -> (Four Seas Sword Spirit) ?????100, ?????100, ?????1, ??XP???false
[2026-06-14 02:46:44,465] ?????????(BUFF?)?hit:0,crit:0,critInjure:250,dodge:0,ignoreCrit:0,ignoreCritInjure:0,critBoss:250,critInjureBoss:0
[2026-06-14 02:46:44,465] ?????????(BUFF?)?hit:0,crit:0,critInjure:0,dodge:0,ignoreCrit:0,ignoreCritInjure:0,critBoss:0,critInjureBoss:0
[2026-06-14 02:46:44,465] ?????????(BUFF?)?hit:0,crit:0,critInjure:250,dodge:0,ignoreCrit:0,ignoreCritInjure:0,critBoss:250,critInjureBoss:0
[2026-06-14 02:46:44,465] ?????????(BUFF?)?hit:0,crit:0,critInjure:0,dodge:0,ignoreCrit:0,ignoreCritInjure:0,critBoss:0,critInjureBoss:0
[2026-06-14 02:46:44,465] ?????????(BUFF?)?maxPAtk:155998,maxPDef:88275,maxMDef:65856,ignorePDef:0,ignoreMDef:35218,injureAdd:100,injureIgnore:0,injureAddBoss:100
[2026-06-14 02:46:44,465] ?????????(BUFF?)?maxPAtk:8964,maxPDef:1824,maxMDef:1824,ignorePDef:0,ignoreMDef:0,injureAdd:0,injureIgnore:0,injureAddBoss:0
[2026-06-14 02:46:44,465] ?????????(BUFF?)?maxPAtk:155998,maxPDef:88275,maxMDef:65856,ignorePDef:0,ignoreMDef:35218,injureAdd:100,injureIgnore:0,injureAddBoss:100
[2026-06-14 02:46:44,465] ?????????(BUFF?)?maxPAtk:8964,maxPDef:1824,maxMDef:1824,ignorePDef:0,ignoreMDef:0,injureAdd:0,injureIgnore:0,injureAddBoss:0
[2026-06-14 02:46:44,465] ?????159217
[2026-06-14 02:46:44,465] ??????BUFF???159217
[2026-06-14 02:46:44,465] (Four Seas Sword Spirit,d51f4ba9-4e8a-4050-bdf3-eb63286a8eb5) ???159217;????371834/912000
[2026-06-14 02:46:44,465] =========[?????]?????END??(Fireball)

[2026-06-14 02:46:44,739] (????) ???1200;????6949926/6949926

[2026-06-14 02:46:44,776] >>>>>[Four Seas Sword Spirit]?????BEGIN??(Boss Melee Attack), ??=NormalATK, ???????, ?????4
[2026-06-14 02:46:44,776] >>>>>[Four Seas Sword Spirit]?????(????), ????[4,14]; ????[6,15]
[2026-06-14 02:46:44,776] ?????????1
[2026-06-14 02:46:44,776] >>>>???(Four Seas Sword Spirit) -> (????) ?????100, ?????0, ?????0, ??XP???false
[2026-06-14 02:46:44,776] ?????????(BUFF?)?hit:0,crit:0,critInjure:0,dodge:0,ignoreCrit:0,ignoreCritInjure:0,critBoss:0,critInjureBoss:0
[2026-06-14 02:46:44,776] ?????????(BUFF?)?hit:60,crit:288,critInjure:610,dodge:15,ignoreCrit:0,ignoreCritInjure:0,critBoss:250,critInjureBoss:0
[2026-06-14 02:46:44,776] ?????????(BUFF?)?hit:0,crit:0,critInjure:0,dodge:0,ignoreCrit:0,ignoreCritInjure:0,critBoss:0,critInjureBoss:0
[2026-06-14 02:46:44,776] ?????????(BUFF?)?hit:60,crit:288,critInjure:610,dodge:15,ignoreCrit:0,ignoreCritInjure:0,critBoss:250,critInjureBoss:0
[2026-06-14 02:46:44,776] ?????????(BUFF?)?maxPAtk:8964,maxPDef:1824,maxMDef:1824,ignorePDef:0,ignoreMDef:0,injureAdd:0,injureIgnore:0,injureAddBoss:0
[2026-06-14 02:46:44,776] ?????????(BUFF?)?maxPAtk:537036,maxPDef:320573,maxMDef:292686,ignorePDef:923,ignoreMDef:1836,injureAdd:0,injureIgnore:1000,injureAddBoss:100
[2026-06-14 02:46:44,776] ?????????(BUFF?)?maxPAtk:8964,maxPDef:1824,maxMDef:1824,ignorePDef:0,ignoreMDef:0,injureAdd:0,injureIgnore:0,injureAddBoss:0
[2026-06-14 02:46:44,776] ?????????(BUFF?)?maxPAtk:537036,maxPDef:320573,maxMDef:292686,ignorePDef:923,ignoreMDef:1836,injureAdd:0,injureIgnore:1000,injureAddBoss:100
[2026-06-14 02:46:44,776] ?????218
[2026-06-14 02:46:44,776] ??????BUFF???218
[2026-06-14 02:46:44,776] [????]??BUFF?(Giant Rock Holy Shield), ??=Absorb Max HP|C:0x34E22C&T:20%|T:damage, ?????4229
[2026-06-14 02:46:44,776] [????]?????218, ?????1389767
[2026-06-14 02:46:44,776] (????,d1806f2b-c67b-4e48-8e65-e94548e56e23) ???0;????6949926/6949926
[2026-06-14 02:46:44,776] =========[Four Seas Sword Spirit]?????END??(Boss Melee Attack)


[2026-06-14 02:46:44,818] ????????[65b226f4-3d1c-4a60-838c-6aa6fda1c644]->[d51f4ba9-4e8a-4050-bdf3-eb63286a8eb5],?????[1201]
[2026-06-14 02:46:44,818] ??????????[?????,65b226f4-3d1c-4a60-838c-6aa6fda1c644]->[Four Seas Sword Spirit,d51f4ba9-4e8a-4050-bdf3-eb63286a8eb5],?????[1201]

[2026-06-14 02:46:44,818] >>>>>[?????]?????BEGIN??(Fireball), ??=Single Target ATK, uses Magic's power to form a fireball, targeting Single target,deal|C:0x34E22C&T:100%+100|T:Magic Damage., ???Four Seas Sword Spirit, ?????2
[2026-06-14 02:46:44,818] >>>>>[?????]?????(Four Seas Sword Spirit), ????[9,14]; ????[4,14]
[2026-06-14 02:46:44,818] ?????????1
[2026-06-14 02:46:44,818] >>>>???(?????) -> (Four Seas Sword Spirit) ?????100, ?????100, ?????1, ??XP???false
[2026-06-14 02:46:44,818] ?????????(BUFF?)?hit:0,crit:0,critInjure:250,dodge:0,ignoreCrit:0,ignoreCritInjure:0,critBoss:250,critInjureBoss:0
[2026-06-14 02:46:44,818] ?????????(BUFF?)?hit:0,crit:0,critInjure:0,dodge:0,ignoreCrit:0,ignoreCritInjure:0,critBoss:0,critInjureBoss:0
[2026-06-14 02:46:44,818] ?????????(BUFF?)?hit:0,crit:0,critInjure:250,dodge:0,ignoreCrit:0,ignoreCritInjure:0,critBoss:250,critInjureBoss:0
[2026-06-14 02:46:44,818] ?????????(BUFF?)?hit:0,crit:0,critInjure:0,dodge:0,ignoreCrit:0,ignoreCritInjure:0,critBoss:0,critInjureBoss:0
[2026-06-14 02:46:44,818] ?????????(BUFF?)?maxPAtk:109532,maxPDef:64692,maxMDef:38977,ignorePDef:0,ignoreMDef:5809,injureAdd:0,injureIgnore:0,injureAddBoss:100
[2026-06-14 02:46:44,818] ?????????(BUFF?)?maxPAtk:8964,maxPDef:1824,maxMDef:1824,ignorePDef:0,ignoreMDef:0,injureAdd:0,injureIgnore:0,injureAddBoss:0
[2026-06-14 02:46:44,818] ?????????(BUFF?)?maxPAtk:109532,maxPDef:64692,maxMDef:38977,ignorePDef:0,ignoreMDef:5809,injureAdd:0,injureIgnore:0,injureAddBoss:100
[2026-06-14 02:46:44,818] ?????????(BUFF?)?maxPAtk:8964,maxPDef:1824,maxMDef:1824,ignorePDef:0,ignoreMDef:0,injureAdd:0,injureIgnore:0,injureAddBoss:0
[2026-06-14 02:46:44,818] ?????110727
[2026-06-14 02:46:44,818] ??????BUFF???110727
[2026-06-14 02:46:44,818] (Four Seas Sword Spirit,d51f4ba9-4e8a-4050-bdf3-eb63286a8eb5) ???110727;????261107/912000
[2026-06-14 02:46:44,818] =========[?????]?????END??(Fireball)


[2026-06-14 02:46:44,818] ????????[bd0d352c-abdf-4576-a426-08b6080bd21e]->[d51f4ba9-4e8a-4050-bdf3-eb63286a8eb5],?????[1201]
[2026-06-14 02:46:44,818] ??????????[Otherworld Elf Ruila,bd0d352c-abdf-4576-a426-08b6080bd21e]->[Four Seas Sword Spirit,d51f4ba9-4e8a-4050-bdf3-eb63286a8eb5],?????[1201]

[2026-06-14 02:46:44,818] >>>>>[Otherworld Elf Ruila]?????BEGIN??(Fireball), ??=Single Target ATK, uses Magic's power to form a fireball, targeting Single target,deal|C:0x34E22C&T:100%+100|T:Magic Damage., ???Four Seas Sword Spirit, ?????2
[2026-06-14 02:46:44,818] >>>>>[Otherworld Elf Ruila]?????(Four Seas Sword Spirit), ????[9,14]; ????[4,14]
[2026-06-14 02:46:44,818] ?????????1
[2026-06-14 02:46:44,818] >>>>???(Otherworld Elf Ruila) -> (Four Seas Sword Spirit) ?????100, ?????100, ?????1, ??XP???false
[2026-06-14 02:46:44,818] ?????????(BUFF?)?hit:0,crit:0,critInjure:250,dodge:0,ignoreCrit:0,ignoreCritInjure:0,critBoss:250,critInjureBoss:0
[2026-06-14 02:46:44,818] ?????????(BUFF?)?hit:0,crit:0,critInjure:0,dodge:0,ignoreCrit:0,ignoreCritInjure:0,critBoss:0,critInjureBoss:0
[2026-06-14 02:46:44,818] ?????????(BUFF?)?hit:0,crit:0,critInjure:250,dodge:0,ignoreCrit:0,ignoreCritInjure:0,critBoss:250,critInjureBoss:0
[2026-06-14 02:46:44,818] ?????????(BUFF?)?hit:0,crit:0,critInjure:0,dodge:0,ignoreCrit:0,ignoreCritInjure:0,critBoss:0,critInjureBoss:0
[2026-06-14 02:46:44,818] ?????????(BUFF?)?maxPAtk:109807,maxPDef:68309,maxMDef:37615,ignorePDef:0,ignoreMDef:6887,injureAdd:0,injureIgnore:0,injureAddBoss:100
[2026-06-14 02:46:44,818] ?????????(BUFF?)?maxPAtk:8964,maxPDef:1824,maxMDef:1824,ignorePDef:0,ignoreMDef:0,injureAdd:0,injureIgnore:0,injureAddBoss:0
[2026-06-14 02:46:44,818] ?????????(BUFF?)?maxPAtk:109807,maxPDef:68309,maxMDef:37615,ignorePDef:0,ignoreMDef:6887,injureAdd:0,injureIgnore:0,injureAddBoss:100
[2026-06-14 02:46:44,818] ?????????(BUFF?)?maxPAtk:8964,maxPDef:1824,maxMDef:1824,ignorePDef:0,ignoreMDef:0,injureAdd:0,injureIgnore:0,injureAddBoss:0
[2026-06-14 02:46:44,818] ?????111005
[2026-06-14 02:46:44,818] ??????BUFF???111005
[2026-06-14 02:46:44,818] (Four Seas Sword Spirit,d51f4ba9-4e8a-4050-bdf3-eb63286a8eb5) ???111005;????150102/912000
[2026-06-14 02:46:44,818] =========[Otherworld Elf Ruila]?????END??(Fireball)


[2026-06-14 02:46:45,378] ????????[ebc35acd-9d47-43c8-b6d6-2e231c80d600]->[d51f4ba9-4e8a-4050-bdf3-eb63286a8eb5],?????[1201]
[2026-06-14 02:46:45,378] ??????????[?????,ebc35acd-9d47-43c8-b6d6-2e231c80d600]->[Four Seas Sword Spirit,d51f4ba9-4e8a-4050-bdf3-eb63286a8eb5],?????[1201]

[2026-06-14 02:46:45,378] >>>>>[?????]?????BEGIN??(Fireball), ??=Single Target ATK, uses Magic's power to form a fireball, targeting Single target,deal|C:0x34E22C&T:100%+100|T:Magic Damage., ???Four Seas Sword Spirit, ?????2
[2026-06-14 02:46:45,378] >>>>>[?????]?????(Four Seas Sword Spirit), ????[9,14]; ????[4,14]
[2026-06-14 02:46:45,378] ?????????1
[2026-06-14 02:46:45,378] >>>>???(?????) -> (Four Seas Sword Spirit) ?????100, ?????100, ?????1, ??XP???false
[2026-06-14 02:46:45,378] ?????????(BUFF?)?hit:0,crit:0,critInjure:250,dodge:0,ignoreCrit:0,ignoreCritInjure:0,critBoss:250,critInjureBoss:0
[2026-06-14 02:46:45,378] ?????????(BUFF?)?hit:0,crit:0,critInjure:0,dodge:0,ignoreCrit:0,ignoreCritInjure:0,critBoss:0,critInjureBoss:0
[2026-06-14 02:46:45,378] ?????????(BUFF?)?hit:0,crit:0,critInjure:250,dodge:0,ignoreCrit:0,ignoreCritInjure:0,critBoss:250,critInjureBoss:0
[2026-06-14 02:46:45,378] ?????????(BUFF?)?hit:0,crit:0,critInjure:0,dodge:0,ignoreCrit:0,ignoreCritInjure:0,critBoss:0,critInjureBoss:0
[2026-06-14 02:46:45,378] ?????????(BUFF?)?maxPAtk:155998,maxPDef:88275,maxMDef:65856,ignorePDef:0,ignoreMDef:35218,injureAdd:100,injureIgnore:0,injureAddBoss:100
[2026-06-14 02:46:45,378] ?????????(BUFF?)?maxPAtk:8964,maxPDef:1824,maxMDef:1824,ignorePDef:0,ignoreMDef:0,injureAdd:0,injureIgnore:0,injureAddBoss:0
[2026-06-14 02:46:45,378] ?????????(BUFF?)?maxPAtk:155998,maxPDef:88275,maxMDef:65856,ignorePDef:0,ignoreMDef:35218,injureAdd:100,injureIgnore:0,injureAddBoss:100
[2026-06-14 02:46:45,378] ?????????(BUFF?)?maxPAtk:8964,maxPDef:1824,maxMDef:1824,ignorePDef:0,ignoreMDef:0,injureAdd:0,injureIgnore:0,injureAddBoss:0
[2026-06-14 02:46:45,378] ?????159217
[2026-06-14 02:46:45,378] ??????BUFF???159217
[2026-06-14 02:46:45,378] (Four Seas Sword Spirit,d51f4ba9-4e8a-4050-bdf3-eb63286a8eb5) ???159217;????0/912000
[2026-06-14 02:46:45,378] ???(????,d1806f2b-c67b-4e48-8e65-e94548e56e23) ??????: objectId=d51f4ba9-4e8a-4050-bdf3-eb63286a8eb5,status=0
[2026-06-14 02:46:45,380] (Four Seas Sword Spirit,d51f4ba9-4e8a-4050-bdf3-eb63286a8eb5) ?????1781376405380
[2026-06-14 02:46:45,380] =========[?????]?????END??(Fireball)

[2026-06-14 02:46:45,449] ?canControlObject??????????name=[????]
