[2026-06-14 02:45:13,869] ?Wolf Soul?????????????
[2026-06-14 02:45:13,869] [????]??BUFF?(Giant Rock Holy Shield[3201])
[2026-06-14 02:45:13,869] [????]??BUFF?(Bloodthirst[1301])
[2026-06-14 02:45:13,869] (????) ???1200;????6949926/6949926

[2026-06-14 02:45:14,656] ????????[ebc35acd-9d47-43c8-b6d6-2e231c80d600]->[e3510866-a99e-4892-9fca-d04a95496171],?????[1201]
[2026-06-14 02:45:14,656] ??????????[?????,ebc35acd-9d47-43c8-b6d6-2e231c80d600]->[Wolf Soul,e3510866-a99e-4892-9fca-d04a95496171],?????[1201]

[2026-06-14 02:45:14,656] >>>>>[?????]?????BEGIN??(Fireball), ??=Single Target ATK, uses Magic's power to form a fireball, targeting Single target,deal|C:0x34E22C&T:100%+100|T:Magic Damage., ???Wolf Soul, ?????2
[2026-06-14 02:45:14,656] >>>>>[?????]?????(Wolf Soul), ????[10,15]; ????[14,15]
[2026-06-14 02:45:14,656] ?????????1
[2026-06-14 02:45:14,656] >>>>???(?????) -> (Wolf Soul) ?????100, ?????100, ?????1, ??XP???false
[2026-06-14 02:45:14,656] ?????????(BUFF?)?hit:0,crit:0,critInjure:250,dodge:0,ignoreCrit:0,ignoreCritInjure:0,critBoss:250,critInjureBoss:0
[2026-06-14 02:45:14,656] ?????????(BUFF?)?hit:0,crit:0,critInjure:0,dodge:0,ignoreCrit:0,ignoreCritInjure:0,critBoss:0,critInjureBoss:0
[2026-06-14 02:45:14,656] ?????????(BUFF?)?hit:0,crit:0,critInjure:250,dodge:0,ignoreCrit:0,ignoreCritInjure:0,critBoss:250,critInjureBoss:0
[2026-06-14 02:45:14,656] ?????????(BUFF?)?hit:0,crit:0,critInjure:0,dodge:0,ignoreCrit:0,ignoreCritInjure:0,critBoss:0,critInjureBoss:0
[2026-06-14 02:45:14,656] ?????????(BUFF?)?maxPAtk:155998,maxPDef:88275,maxMDef:65856,ignorePDef:0,ignoreMDef:35218,injureAdd:100,injureIgnore:0,injureAddBoss:100
[2026-06-14 02:45:14,656] ?????????(BUFF?)?maxPAtk:8800,maxPDef:1782,maxMDef:1782,ignorePDef:0,ignoreMDef:0,injureAdd:0,injureIgnore:0,injureAddBoss:0
[2026-06-14 02:45:14,656] ?????????(BUFF?)?maxPAtk:155998,maxPDef:88275,maxMDef:65856,ignorePDef:0,ignoreMDef:35218,injureAdd:100,injureIgnore:0,injureAddBoss:100
[2026-06-14 02:45:14,656] ?????????(BUFF?)?maxPAtk:8800,maxPDef:1782,maxMDef:1782,ignorePDef:0,ignoreMDef:0,injureAdd:0,injureIgnore:0,injureAddBoss:0
[2026-06-14 02:45:14,656] ?????159217
[2026-06-14 02:45:14,656] ??????BUFF???159217
[2026-06-14 02:45:14,656] (Wolf Soul,e3510866-a99e-4892-9fca-d04a95496171) ???159217;????731783/891000
[2026-06-14 02:45:14,656] =========[?????]?????END??(Fireball)


[2026-06-14 02:45:14,656] ????????[bd0d352c-abdf-4576-a426-08b6080bd21e]->[e3510866-a99e-4892-9fca-d04a95496171],?????[1201]
[2026-06-14 02:45:14,656] ??????????[Otherworld Elf Ruila,bd0d352c-abdf-4576-a426-08b6080bd21e]->[Wolf Soul,e3510866-a99e-4892-9fca-d04a95496171],?????[1201]

[2026-06-14 02:45:14,656] >>>>>[Otherworld Elf Ruila]?????BEGIN??(Fireball), ??=Single Target ATK, uses Magic's power to form a fireball, targeting Single target,deal|C:0x34E22C&T:100%+100|T:Magic Damage., ???Wolf Soul, ?????2
[2026-06-14 02:45:14,656] >>>>>[Otherworld Elf Ruila]?????(Wolf Soul), ????[10,15]; ????[14,15]
[2026-06-14 02:45:14,656] ?????????1
[2026-06-14 02:45:14,656] >>>>???(Otherworld Elf Ruila) -> (Wolf Soul) ?????100, ?????100, ?????1, ??XP???false
[2026-06-14 02:45:14,656] ?????????(BUFF?)?hit:0,crit:0,critInjure:250,dodge:0,ignoreCrit:0,ignoreCritInjure:0,critBoss:250,critInjureBoss:0
[2026-06-14 02:45:14,656] ?????????(BUFF?)?hit:0,crit:0,critInjure:0,dodge:0,ignoreCrit:0,ignoreCritInjure:0,critBoss:0,critInjureBoss:0
[2026-06-14 02:45:14,656] ?????????(BUFF?)?hit:0,crit:0,critInjure:250,dodge:0,ignoreCrit:0,ignoreCritInjure:0,critBoss:250,critInjureBoss:0
[2026-06-14 02:45:14,656] ?????????(BUFF?)?hit:0,crit:0,critInjure:0,dodge:0,ignoreCrit:0,ignoreCritInjure:0,critBoss:0,critInjureBoss:0
[2026-06-14 02:45:14,656] ?????????(BUFF?)?maxPAtk:109807,maxPDef:68309,maxMDef:37615,ignorePDef:0,ignoreMDef:6887,injureAdd:0,injureIgnore:0,injureAddBoss:100
[2026-06-14 02:45:14,656] ?????????(BUFF?)?maxPAtk:8800,maxPDef:1782,maxMDef:1782,ignorePDef:0,ignoreMDef:0,injureAdd:0,injureIgnore:0,injureAddBoss:0
[2026-06-14 02:45:14,656] ?????????(BUFF?)?maxPAtk:109807,maxPDef:68309,maxMDef:37615,ignorePDef:0,ignoreMDef:6887,injureAdd:0,injureIgnore:0,injureAddBoss:100
[2026-06-14 02:45:14,656] ?????????(BUFF?)?maxPAtk:8800,maxPDef:1782,maxMDef:1782,ignorePDef:0,ignoreMDef:0,injureAdd:0,injureIgnore:0,injureAddBoss:0
[2026-06-14 02:45:14,656] ?????111005
[2026-06-14 02:45:14,656] ??????BUFF???111005
[2026-06-14 02:45:14,656] (Wolf Soul,e3510866-a99e-4892-9fca-d04a95496171) ???111005;????620778/891000
[2026-06-14 02:45:14,656] =========[Otherworld Elf Ruila]?????END??(Fireball)


[2026-06-14 02:45:14,692] ????????[65b226f4-3d1c-4a60-838c-6aa6fda1c644]->[e3510866-a99e-4892-9fca-d04a95496171],?????[1201]
[2026-06-14 02:45:14,692] ??????????[?????,65b226f4-3d1c-4a60-838c-6aa6fda1c644]->[Wolf Soul,e3510866-a99e-4892-9fca-d04a95496171],?????[1201]

[2026-06-14 02:45:14,692] >>>>>[?????]?????BEGIN??(Fireball), ??=Single Target ATK, uses Magic's power to form a fireball, targeting Single target,deal|C:0x34E22C&T:100%+100|T:Magic Damage., ???Wolf Soul, ?????2
[2026-06-14 02:45:14,692] >>>>>[?????]?????(Wolf Soul), ????[10,15]; ????[14,15]
[2026-06-14 02:45:14,692] ?????????1
[2026-06-14 02:45:14,692] >>>>???(?????) -> (Wolf Soul) ?????100, ?????100, ?????1, ??XP???false
[2026-06-14 02:45:14,692] ?????????(BUFF?)?hit:0,crit:0,critInjure:250,dodge:0,ignoreCrit:0,ignoreCritInjure:0,critBoss:250,critInjureBoss:0
[2026-06-14 02:45:14,692] ?????????(BUFF?)?hit:0,crit:0,critInjure:0,dodge:0,ignoreCrit:0,ignoreCritInjure:0,critBoss:0,critInjureBoss:0
[2026-06-14 02:45:14,692] ?????????(BUFF?)?hit:0,crit:0,critInjure:250,dodge:0,ignoreCrit:0,ignoreCritInjure:0,critBoss:250,critInjureBoss:0
[2026-06-14 02:45:14,692] ?????????(BUFF?)?hit:0,crit:0,critInjure:0,dodge:0,ignoreCrit:0,ignoreCritInjure:0,critBoss:0,critInjureBoss:0
[2026-06-14 02:45:14,692] ?????????(BUFF?)?maxPAtk:109532,maxPDef:64692,maxMDef:38977,ignorePDef:0,ignoreMDef:5809,injureAdd:0,injureIgnore:0,injureAddBoss:100
[2026-06-14 02:45:14,692] ?????????(BUFF?)?maxPAtk:8800,maxPDef:1782,maxMDef:1782,ignorePDef:0,ignoreMDef:0,injureAdd:0,injureIgnore:0,injureAddBoss:0
[2026-06-14 02:45:14,692] ?????????(BUFF?)?maxPAtk:109532,maxPDef:64692,maxMDef:38977,ignorePDef:0,ignoreMDef:5809,injureAdd:0,injureIgnore:0,injureAddBoss:100
[2026-06-14 02:45:14,692] ?????????(BUFF?)?maxPAtk:8800,maxPDef:1782,maxMDef:1782,ignorePDef:0,ignoreMDef:0,injureAdd:0,injureIgnore:0,injureAddBoss:0
[2026-06-14 02:45:14,692] ?????110727
[2026-06-14 02:45:14,692] ??????BUFF???110727
[2026-06-14 02:45:14,692] (Wolf Soul,e3510866-a99e-4892-9fca-d04a95496171) ???110727;????510051/891000
[2026-06-14 02:45:14,692] =========[?????]?????END??(Fireball)


[2026-06-14 02:45:14,727] ????????[d1806f2b-c67b-4e48-8e65-e94548e56e23]->[e3510866-a99e-4892-9fca-d04a95496171],?????[9]
[2026-06-14 02:45:14,727] ??????????[????,d1806f2b-c67b-4e48-8e65-e94548e56e23]->[Wolf Soul,e3510866-a99e-4892-9fca-d04a95496171],?????[9]

[2026-06-14 02:45:14,727] >>>>>[????]?????BEGIN??(Giant Rock Holy Shield), ??=Support Skill, applies Shield Reduction of|C:0x34E22C&T:20%|T: damage value, for|C:0x34E22C&T:5|T:s, upon breaking, targets surrounding enemies, dealing|C:0x34E22C&T:120%+{0}|T:Magic Damage, ???????, ?????0
[2026-06-14 02:45:14,727] [????]??BUFF?(Giant Rock Holy Shield[3201]), ????=5000, ??=2000
[2026-06-14 02:45:14,727] [????]?????1389985
[2026-06-14 02:45:14,727] =========[????]???????????(Giant Rock Holy Shield)

[2026-06-14 02:45:14,832] ????????[????],posX=11,posY=15
[2026-06-14 02:45:14,869] (????) ???1200;????6949926/6949926

[2026-06-14 02:45:14,874] >>>>>[Wolf Soul]?????BEGIN??(Boss Melee Attack), ??=NormalATK, ???????, ?????4
[2026-06-14 02:45:14,874] >>>>>[Wolf Soul]?????(????), ????[14,15]; ????[11,15]
[2026-06-14 02:45:14,874] ?????????1
[2026-06-14 02:45:14,874] >>>>???(Wolf Soul) -> (????) ?????100, ?????0, ?????0, ??XP???false
[2026-06-14 02:45:14,874] ?????????(BUFF?)?hit:0,crit:0,critInjure:0,dodge:0,ignoreCrit:0,ignoreCritInjure:0,critBoss:0,critInjureBoss:0
[2026-06-14 02:45:14,874] ?????????(BUFF?)?hit:60,crit:288,critInjure:610,dodge:15,ignoreCrit:0,ignoreCritInjure:0,critBoss:250,critInjureBoss:0
[2026-06-14 02:45:14,874] ?????????(BUFF?)?hit:0,crit:0,critInjure:0,dodge:0,ignoreCrit:0,ignoreCritInjure:0,critBoss:0,critInjureBoss:0
[2026-06-14 02:45:14,874] ?????????(BUFF?)?hit:60,crit:288,critInjure:610,dodge:15,ignoreCrit:0,ignoreCritInjure:0,critBoss:250,critInjureBoss:0
[2026-06-14 02:45:14,874] ?????????(BUFF?)?maxPAtk:8800,maxPDef:1782,maxMDef:1782,ignorePDef:0,ignoreMDef:0,injureAdd:0,injureIgnore:0,injureAddBoss:0
[2026-06-14 02:45:14,874] ?????????(BUFF?)?maxPAtk:537036,maxPDef:320573,maxMDef:292686,ignorePDef:923,ignoreMDef:1836,injureAdd:0,injureIgnore:1000,injureAddBoss:100
[2026-06-14 02:45:14,874] [????]???????(Starlight Power), ??=500, buffStr=605011, ???????
[2026-06-14 02:45:14,874] [????]??BUFF?(Starlight Power[2202]), ????=3000, ??=1000
[2026-06-14 02:45:14,874] [????]??BUFF?(Starlight Power), ??=self Damage Reduction increases by|C:0x34E22C&T:10%|T:, for|C:0x34E22C&T:3|T:s, ?????3000
[2026-06-14 02:45:14,874] ?????????(BUFF?)?maxPAtk:8800,maxPDef:1782,maxMDef:1782,ignorePDef:0,ignoreMDef:0,injureAdd:0,injureIgnore:0,injureAddBoss:0
[2026-06-14 02:45:14,874] ?????????(BUFF?)?maxPAtk:537036,maxPDef:320573,maxMDef:292686,ignorePDef:923,ignoreMDef:1836,injureAdd:0,injureIgnore:2000,injureAddBoss:100
[2026-06-14 02:45:14,874] ?????188
[2026-06-14 02:45:14,874] ??????BUFF???188
[2026-06-14 02:45:14,874] [????]??BUFF?(Giant Rock Holy Shield), ??=Absorb Max HP|C:0x34E22C&T:20%|T:damage, ?????4853
[2026-06-14 02:45:14,874] [????]?????188, ?????1389797
[2026-06-14 02:45:14,874] (????,d1806f2b-c67b-4e48-8e65-e94548e56e23) ???0;????6949926/6949926
[2026-06-14 02:45:14,874] =========[Wolf Soul]?????END??(Boss Melee Attack)

[2026-06-14 02:45:15,152] ????????[????],posX=12,posY=14

[2026-06-14 02:45:15,574] ????????[ebc35acd-9d47-43c8-b6d6-2e231c80d600]->[e3510866-a99e-4892-9fca-d04a95496171],?????[1201]
[2026-06-14 02:45:15,574] ??????????[?????,ebc35acd-9d47-43c8-b6d6-2e231c80d600]->[Wolf Soul,e3510866-a99e-4892-9fca-d04a95496171],?????[1201]

[2026-06-14 02:45:15,574] >>>>>[?????]?????BEGIN??(Fireball), ??=Single Target ATK, uses Magic's power to form a fireball, targeting Single target,deal|C:0x34E22C&T:100%+100|T:Magic Damage., ???Wolf Soul, ?????2
[2026-06-14 02:45:15,574] >>>>>[?????]?????(Wolf Soul), ????[10,15]; ????[14,15]
[2026-06-14 02:45:15,574] ?????????1
[2026-06-14 02:45:15,574] >>>>???(?????) -> (Wolf Soul) ?????100, ?????100, ?????1, ??XP???false
[2026-06-14 02:45:15,574] ?????????(BUFF?)?hit:0,crit:0,critInjure:250,dodge:0,ignoreCrit:0,ignoreCritInjure:0,critBoss:250,critInjureBoss:0
[2026-06-14 02:45:15,574] ?????????(BUFF?)?hit:0,crit:0,critInjure:0,dodge:0,ignoreCrit:0,ignoreCritInjure:0,critBoss:0,critInjureBoss:0
[2026-06-14 02:45:15,574] ?????????(BUFF?)?hit:0,crit:0,critInjure:250,dodge:0,ignoreCrit:0,ignoreCritInjure:0,critBoss:250,critInjureBoss:0
[2026-06-14 02:45:15,574] ?????????(BUFF?)?hit:0,crit:0,critInjure:0,dodge:0,ignoreCrit:0,ignoreCritInjure:0,critBoss:0,critInjureBoss:0
[2026-06-14 02:45:15,574] ?????????(BUFF?)?maxPAtk:155998,maxPDef:88275,maxMDef:65856,ignorePDef:0,ignoreMDef:35218,injureAdd:100,injureIgnore:0,injureAddBoss:100
[2026-06-14 02:45:15,574] ?????????(BUFF?)?maxPAtk:8800,maxPDef:1782,maxMDef:1782,ignorePDef:0,ignoreMDef:0,injureAdd:0,injureIgnore:0,injureAddBoss:0
[2026-06-14 02:45:15,574] ?????????(BUFF?)?maxPAtk:155998,maxPDef:88275,maxMDef:65856,ignorePDef:0,ignoreMDef:35218,injureAdd:100,injureIgnore:0,injureAddBoss:100
[2026-06-14 02:45:15,574] ?????????(BUFF?)?maxPAtk:8800,maxPDef:1782,maxMDef:1782,ignorePDef:0,ignoreMDef:0,injureAdd:0,injureIgnore:0,injureAddBoss:0
[2026-06-14 02:45:15,574] ?????159217
[2026-06-14 02:45:15,574] ??????BUFF???159217
[2026-06-14 02:45:15,574] (Wolf Soul,e3510866-a99e-4892-9fca-d04a95496171) ???159217;????350834/891000
[2026-06-14 02:45:15,574] =========[?????]?????END??(Fireball)


[2026-06-14 02:45:15,574] ????????[bd0d352c-abdf-4576-a426-08b6080bd21e]->[e3510866-a99e-4892-9fca-d04a95496171],?????[1201]
[2026-06-14 02:45:15,574] ??????????[Otherworld Elf Ruila,bd0d352c-abdf-4576-a426-08b6080bd21e]->[Wolf Soul,e3510866-a99e-4892-9fca-d04a95496171],?????[1201]

[2026-06-14 02:45:15,574] >>>>>[Otherworld Elf Ruila]?????BEGIN??(Fireball), ??=Single Target ATK, uses Magic's power to form a fireball, targeting Single target,deal|C:0x34E22C&T:100%+100|T:Magic Damage., ???Wolf Soul, ?????2
[2026-06-14 02:45:15,574] >>>>>[Otherworld Elf Ruila]?????(Wolf Soul), ????[10,15]; ????[14,15]
[2026-06-14 02:45:15,574] ?????????1
[2026-06-14 02:45:15,574] >>>>???(Otherworld Elf Ruila) -> (Wolf Soul) ?????100, ?????100, ?????1, ??XP???false
[2026-06-14 02:45:15,574] ?????????(BUFF?)?hit:0,crit:0,critInjure:250,dodge:0,ignoreCrit:0,ignoreCritInjure:0,critBoss:250,critInjureBoss:0
[2026-06-14 02:45:15,574] ?????????(BUFF?)?hit:0,crit:0,critInjure:0,dodge:0,ignoreCrit:0,ignoreCritInjure:0,critBoss:0,critInjureBoss:0
[2026-06-14 02:45:15,574] ?????????(BUFF?)?hit:0,crit:0,critInjure:250,dodge:0,ignoreCrit:0,ignoreCritInjure:0,critBoss:250,critInjureBoss:0
[2026-06-14 02:45:15,574] ?????????(BUFF?)?hit:0,crit:0,critInjure:0,dodge:0,ignoreCrit:0,ignoreCritInjure:0,critBoss:0,critInjureBoss:0
[2026-06-14 02:45:15,574] ?????????(BUFF?)?maxPAtk:109807,maxPDef:68309,maxMDef:37615,ignorePDef:0,ignoreMDef:6887,injureAdd:0,injureIgnore:0,injureAddBoss:100
[2026-06-14 02:45:15,574] ?????????(BUFF?)?maxPAtk:8800,maxPDef:1782,maxMDef:1782,ignorePDef:0,ignoreMDef:0,injureAdd:0,injureIgnore:0,injureAddBoss:0
[2026-06-14 02:45:15,574] ?????????(BUFF?)?maxPAtk:109807,maxPDef:68309,maxMDef:37615,ignorePDef:0,ignoreMDef:6887,injureAdd:0,injureIgnore:0,injureAddBoss:100
[2026-06-14 02:45:15,574] ?????????(BUFF?)?maxPAtk:8800,maxPDef:1782,maxMDef:1782,ignorePDef:0,ignoreMDef:0,injureAdd:0,injureIgnore:0,injureAddBoss:0
[2026-06-14 02:45:15,574] ?????111005
[2026-06-14 02:45:15,574] ??????BUFF???111005
[2026-06-14 02:45:15,574] (Wolf Soul,e3510866-a99e-4892-9fca-d04a95496171) ???111005;????239829/891000
[2026-06-14 02:45:15,574] =========[Otherworld Elf Ruila]?????END??(Fireball)


[2026-06-14 02:45:15,610] ????????[65b226f4-3d1c-4a60-838c-6aa6fda1c644]->[e3510866-a99e-4892-9fca-d04a95496171],?????[1201]
[2026-06-14 02:45:15,610] ??????????[?????,65b226f4-3d1c-4a60-838c-6aa6fda1c644]->[Wolf Soul,e3510866-a99e-4892-9fca-d04a95496171],?????[1201]

[2026-06-14 02:45:15,610] >>>>>[?????]?????BEGIN??(Fireball), ??=Single Target ATK, uses Magic's power to form a fireball, targeting Single target,deal|C:0x34E22C&T:100%+100|T:Magic Damage., ???Wolf Soul, ?????2
[2026-06-14 02:45:15,610] >>>>>[?????]?????(Wolf Soul), ????[10,15]; ????[14,15]
[2026-06-14 02:45:15,610] ?????????1
[2026-06-14 02:45:15,610] >>>>???(?????) -> (Wolf Soul) ?????100, ?????100, ?????1, ??XP???false
[2026-06-14 02:45:15,610] ?????????(BUFF?)?hit:0,crit:0,critInjure:250,dodge:0,ignoreCrit:0,ignoreCritInjure:0,critBoss:250,critInjureBoss:0
[2026-06-14 02:45:15,610] ?????????(BUFF?)?hit:0,crit:0,critInjure:0,dodge:0,ignoreCrit:0,ignoreCritInjure:0,critBoss:0,critInjureBoss:0
[2026-06-14 02:45:15,610] ?????????(BUFF?)?hit:0,crit:0,critInjure:250,dodge:0,ignoreCrit:0,ignoreCritInjure:0,critBoss:250,critInjureBoss:0
[2026-06-14 02:45:15,610] ?????????(BUFF?)?hit:0,crit:0,critInjure:0,dodge:0,ignoreCrit:0,ignoreCritInjure:0,critBoss:0,critInjureBoss:0
[2026-06-14 02:45:15,610] ?????????(BUFF?)?maxPAtk:109532,maxPDef:64692,maxMDef:38977,ignorePDef:0,ignoreMDef:5809,injureAdd:0,injureIgnore:0,injureAddBoss:100
[2026-06-14 02:45:15,610] ?????????(BUFF?)?maxPAtk:8800,maxPDef:1782,maxMDef:1782,ignorePDef:0,ignoreMDef:0,injureAdd:0,injureIgnore:0,injureAddBoss:0
[2026-06-14 02:45:15,610] ?????????(BUFF?)?maxPAtk:109532,maxPDef:64692,maxMDef:38977,ignorePDef:0,ignoreMDef:5809,injureAdd:0,injureIgnore:0,injureAddBoss:100
[2026-06-14 02:45:15,610] ?????????(BUFF?)?maxPAtk:8800,maxPDef:1782,maxMDef:1782,ignorePDef:0,ignoreMDef:0,injureAdd:0,injureIgnore:0,injureAddBoss:0
[2026-06-14 02:45:15,610] ?????110727
[2026-06-14 02:45:15,610] ??????BUFF???110727
[2026-06-14 02:45:15,610] (Wolf Soul,e3510866-a99e-4892-9fca-d04a95496171) ???110727;????129102/891000
[2026-06-14 02:45:15,610] =========[?????]?????END??(Fireball)

[2026-06-14 02:45:15,870] (????) ???1200;????6949926/6949926

[2026-06-14 02:45:15,875] >>>>>[Wolf Soul]?????BEGIN??(Boss Melee Attack), ??=NormalATK, ???????, ?????4
[2026-06-14 02:45:15,875] >>>>>[Wolf Soul]?????(????), ????[14,15]; ????[12,14]
[2026-06-14 02:45:15,875] ?????????1
[2026-06-14 02:45:15,875] >>>>???(Wolf Soul) -> (????) ?????100, ?????0, ?????0, ??XP???false
[2026-06-14 02:45:15,875] ?????????(BUFF?)?hit:0,crit:0,critInjure:0,dodge:0,ignoreCrit:0,ignoreCritInjure:0,critBoss:0,critInjureBoss:0
[2026-06-14 02:45:15,875] ?????????(BUFF?)?hit:60,crit:288,critInjure:610,dodge:15,ignoreCrit:0,ignoreCritInjure:0,critBoss:250,critInjureBoss:0
[2026-06-14 02:45:15,875] ?????????(BUFF?)?hit:0,crit:0,critInjure:0,dodge:0,ignoreCrit:0,ignoreCritInjure:0,critBoss:0,critInjureBoss:0
[2026-06-14 02:45:15,875] ?????????(BUFF?)?hit:60,crit:288,critInjure:610,dodge:15,ignoreCrit:0,ignoreCritInjure:0,critBoss:250,critInjureBoss:0
[2026-06-14 02:45:15,875] ?????????(BUFF?)?maxPAtk:8800,maxPDef:1782,maxMDef:1782,ignorePDef:0,ignoreMDef:0,injureAdd:0,injureIgnore:0,injureAddBoss:0
[2026-06-14 02:45:15,875] ?????????(BUFF?)?maxPAtk:537036,maxPDef:320573,maxMDef:292686,ignorePDef:923,ignoreMDef:1836,injureAdd:0,injureIgnore:1000,injureAddBoss:100
[2026-06-14 02:45:15,875] [????]??BUFF?(Starlight Power), ??=self Damage Reduction increases by|C:0x34E22C&T:10%|T:, for|C:0x34E22C&T:3|T:s, ?????1999
[2026-06-14 02:45:15,875] ?????????(BUFF?)?maxPAtk:8800,maxPDef:1782,maxMDef:1782,ignorePDef:0,ignoreMDef:0,injureAdd:0,injureIgnore:0,injureAddBoss:0
[2026-06-14 02:45:15,875] ?????????(BUFF?)?maxPAtk:537036,maxPDef:320573,maxMDef:292686,ignorePDef:923,ignoreMDef:1836,injureAdd:0,injureIgnore:2000,injureAddBoss:100
[2026-06-14 02:45:15,875] ?????188
[2026-06-14 02:45:15,875] ??????BUFF???188
[2026-06-14 02:45:15,875] [????]??BUFF?(Giant Rock Holy Shield), ??=Absorb Max HP|C:0x34E22C&T:20%|T:damage, ?????3852
[2026-06-14 02:45:15,875] [????]?????188, ?????1389609
[2026-06-14 02:45:15,875] (????,d1806f2b-c67b-4e48-8e65-e94548e56e23) ???0;????6949926/6949926
[2026-06-14 02:45:15,875] =========[Wolf Soul]?????END??(Boss Melee Attack)


[2026-06-14 02:45:16,212] ????????[d1806f2b-c67b-4e48-8e65-e94548e56e23]->[e3510866-a99e-4892-9fca-d04a95496171],?????[8]
[2026-06-14 02:45:16,212] ??????????[????,d1806f2b-c67b-4e48-8e65-e94548e56e23]->[Wolf Soul,e3510866-a99e-4892-9fca-d04a95496171],?????[8]

[2026-06-14 02:45:16,212] >>>>>[????]?????BEGIN??(Wind Bead), ??=AoE ATK, targets Ranged AoE, dealing|C:0x34E22C&T:80%+{0}|T:Magic Damage, ???Wolf Soul, ?????2
[2026-06-14 02:45:16,212] >>>>>[????]?????(Wolf Soul), ????[12,14]; ????[14,15]
[2026-06-14 02:45:16,212] ?????????1
[2026-06-14 02:45:16,212] >>>>???(????) -> (Wolf Soul) ?????80, ?????8100, ?????1, ??XP???false
[2026-06-14 02:45:16,212] ?????????(BUFF?)?hit:60,crit:288,critInjure:610,dodge:15,ignoreCrit:0,ignoreCritInjure:0,critBoss:250,critInjureBoss:0
[2026-06-14 02:45:16,212] ?????????(BUFF?)?hit:0,crit:0,critInjure:0,dodge:0,ignoreCrit:0,ignoreCritInjure:0,critBoss:0,critInjureBoss:0
[2026-06-14 02:45:16,212] ?????????(BUFF?)?hit:60,crit:288,critInjure:610,dodge:15,ignoreCrit:0,ignoreCritInjure:0,critBoss:250,critInjureBoss:0
[2026-06-14 02:45:16,212] ?????????(BUFF?)?hit:0,crit:0,critInjure:0,dodge:0,ignoreCrit:0,ignoreCritInjure:0,critBoss:0,critInjureBoss:0
[2026-06-14 02:45:16,212] ?????????(BUFF?)?maxPAtk:537036,maxPDef:320573,maxMDef:292686,ignorePDef:923,ignoreMDef:1836,injureAdd:0,injureIgnore:1000,injureAddBoss:100
[2026-06-14 02:45:16,212] ?????????(BUFF?)?maxPAtk:8800,maxPDef:1782,maxMDef:1782,ignorePDef:0,ignoreMDef:0,injureAdd:0,injureIgnore:0,injureAddBoss:0
[2026-06-14 02:45:16,212] ?????????(BUFF?)?maxPAtk:537036,maxPDef:320573,maxMDef:292686,ignorePDef:923,ignoreMDef:1836,injureAdd:0,injureIgnore:1000,injureAddBoss:100
[2026-06-14 02:45:16,212] ?????????(BUFF?)?maxPAtk:8800,maxPDef:1782,maxMDef:1782,ignorePDef:0,ignoreMDef:0,injureAdd:0,injureIgnore:0,injureAddBoss:0
[2026-06-14 02:45:16,212] ?????442024
[2026-06-14 02:45:16,212] ??????BUFF???442024
[2026-06-14 02:45:16,212] (Wolf Soul,e3510866-a99e-4892-9fca-d04a95496171) ???442024;????0/891000
[2026-06-14 02:45:16,212] ???(????,d1806f2b-c67b-4e48-8e65-e94548e56e23) ??????: objectId=e3510866-a99e-4892-9fca-d04a95496171,status=0
[2026-06-14 02:45:16,213] (Wolf Soul,e3510866-a99e-4892-9fca-d04a95496171) ?????1781376316213
[2026-06-14 02:45:16,213] =========[????]?????END??(Wind Bead)

