[2026-06-14 02:43:16,415] ?Tifeng?????????????
[2026-06-14 02:43:16,415] [????]??BUFF?(Giant Rock Holy Shield[3201])
[2026-06-14 02:43:16,415] [????]??BUFF?(Phantom[2101])
[2026-06-14 02:43:16,415] (????) ???1200;????6949926/6949926
[2026-06-14 02:43:16,465] ????????[????],posX=11,posY=11

[2026-06-14 02:43:17,205] ????????[ebc35acd-9d47-43c8-b6d6-2e231c80d600]->[b871abfa-237f-4956-b395-3f92798b52b7],?????[1201]
[2026-06-14 02:43:17,205] ??????????[?????,ebc35acd-9d47-43c8-b6d6-2e231c80d600]->[Tifeng,b871abfa-237f-4956-b395-3f92798b52b7],?????[1201]

[2026-06-14 02:43:17,205] >>>>>[?????]?????BEGIN??(Fireball), ??=Single Target ATK, uses Magic's power to form a fireball, targeting Single target,deal|C:0x34E22C&T:100%+100|T:Magic Damage., ???Tifeng, ?????2
[2026-06-14 02:43:17,205] >>>>>[?????]?????(Tifeng), ????[10,12]; ????[15,12]
[2026-06-14 02:43:17,205] ?????????1
[2026-06-14 02:43:17,205] >>>>???(?????) -> (Tifeng) ?????100, ?????100, ?????1, ??XP???false
[2026-06-14 02:43:17,205] ?????????(BUFF?)?hit:0,crit:0,critInjure:250,dodge:0,ignoreCrit:0,ignoreCritInjure:0,critBoss:250,critInjureBoss:0
[2026-06-14 02:43:17,205] ?????????(BUFF?)?hit:0,crit:0,critInjure:0,dodge:0,ignoreCrit:0,ignoreCritInjure:0,critBoss:0,critInjureBoss:0
[2026-06-14 02:43:17,205] ?????????(BUFF?)?hit:0,crit:0,critInjure:250,dodge:0,ignoreCrit:0,ignoreCritInjure:0,critBoss:250,critInjureBoss:0
[2026-06-14 02:43:17,205] ?????????(BUFF?)?hit:0,crit:0,critInjure:0,dodge:0,ignoreCrit:0,ignoreCritInjure:0,critBoss:0,critInjureBoss:0
[2026-06-14 02:43:17,205] ?????????(BUFF?)?maxPAtk:155998,maxPDef:88275,maxMDef:65856,ignorePDef:0,ignoreMDef:35218,injureAdd:100,injureIgnore:0,injureAddBoss:100
[2026-06-14 02:43:17,205] ?????????(BUFF?)?maxPAtk:8582,maxPDef:1726,maxMDef:1726,ignorePDef:0,ignoreMDef:0,injureAdd:0,injureIgnore:0,injureAddBoss:0
[2026-06-14 02:43:17,205] ?????????(BUFF?)?maxPAtk:155998,maxPDef:88275,maxMDef:65856,ignorePDef:0,ignoreMDef:35218,injureAdd:100,injureIgnore:0,injureAddBoss:100
[2026-06-14 02:43:17,205] ?????????(BUFF?)?maxPAtk:8582,maxPDef:1726,maxMDef:1726,ignorePDef:0,ignoreMDef:0,injureAdd:0,injureIgnore:0,injureAddBoss:0
[2026-06-14 02:43:17,205] ?????159217
[2026-06-14 02:43:17,205] ??????BUFF???159217
[2026-06-14 02:43:17,205] (Tifeng,b871abfa-237f-4956-b395-3f92798b52b7) ???159217;????703783/863000
[2026-06-14 02:43:17,205] =========[?????]?????END??(Fireball)

[2026-06-14 02:43:17,416] (????) ???1200;????6949926/6949926

[2026-06-14 02:43:17,467] >>>>>[Tifeng]?????BEGIN??(Boss Melee Attack), ??=NormalATK, ???????, ?????4
[2026-06-14 02:43:17,467] >>>>>[Tifeng]?????(????), ????[15,12]; ????[11,11]
[2026-06-14 02:43:17,467] ?????????1
[2026-06-14 02:43:17,467] >>>>???(Tifeng) -> (????) ?????100, ?????0, ?????0, ??XP???false
[2026-06-14 02:43:17,467] ?????????(BUFF?)?hit:0,crit:0,critInjure:0,dodge:0,ignoreCrit:0,ignoreCritInjure:0,critBoss:0,critInjureBoss:0
[2026-06-14 02:43:17,467] ?????????(BUFF?)?hit:60,crit:288,critInjure:610,dodge:15,ignoreCrit:0,ignoreCritInjure:0,critBoss:250,critInjureBoss:0
[2026-06-14 02:43:17,467] ?????????(BUFF?)?hit:0,crit:0,critInjure:0,dodge:0,ignoreCrit:0,ignoreCritInjure:0,critBoss:0,critInjureBoss:0
[2026-06-14 02:43:17,467] ?????????(BUFF?)?hit:60,crit:288,critInjure:610,dodge:15,ignoreCrit:0,ignoreCritInjure:0,critBoss:250,critInjureBoss:0
[2026-06-14 02:43:17,467] ?????????(BUFF?)?maxPAtk:8582,maxPDef:1726,maxMDef:1726,ignorePDef:0,ignoreMDef:0,injureAdd:0,injureIgnore:0,injureAddBoss:0
[2026-06-14 02:43:17,467] ?????????(BUFF?)?maxPAtk:537036,maxPDef:320573,maxMDef:292686,ignorePDef:923,ignoreMDef:1836,injureAdd:0,injureIgnore:1000,injureAddBoss:100
[2026-06-14 02:43:17,467] ?????????(BUFF?)?maxPAtk:8582,maxPDef:1726,maxMDef:1726,ignorePDef:0,ignoreMDef:0,injureAdd:0,injureIgnore:0,injureAddBoss:0
[2026-06-14 02:43:17,467] ?????????(BUFF?)?maxPAtk:537036,maxPDef:320573,maxMDef:292686,ignorePDef:923,ignoreMDef:1836,injureAdd:0,injureIgnore:1000,injureAddBoss:100
[2026-06-14 02:43:17,467] ?????200
[2026-06-14 02:43:17,467] ??????BUFF???200
[2026-06-14 02:43:17,467] (????,d1806f2b-c67b-4e48-8e65-e94548e56e23) ???200;????6949726/6949926
[2026-06-14 02:43:17,467] =========[Tifeng]?????END??(Boss Melee Attack)


[2026-06-14 02:43:17,525] ????????[bd0d352c-abdf-4576-a426-08b6080bd21e]->[b871abfa-237f-4956-b395-3f92798b52b7],?????[1201]
[2026-06-14 02:43:17,525] ??????????[Otherworld Elf Ruila,bd0d352c-abdf-4576-a426-08b6080bd21e]->[Tifeng,b871abfa-237f-4956-b395-3f92798b52b7],?????[1201]

[2026-06-14 02:43:17,525] >>>>>[Otherworld Elf Ruila]?????BEGIN??(Fireball), ??=Single Target ATK, uses Magic's power to form a fireball, targeting Single target,deal|C:0x34E22C&T:100%+100|T:Magic Damage., ???Tifeng, ?????2
[2026-06-14 02:43:17,525] >>>>>[Otherworld Elf Ruila]?????(Tifeng), ????[10,12]; ????[15,12]
[2026-06-14 02:43:17,525] ?????????1
[2026-06-14 02:43:17,525] >>>>???(Otherworld Elf Ruila) -> (Tifeng) ?????100, ?????100, ?????1, ??XP???false
[2026-06-14 02:43:17,525] ?????????(BUFF?)?hit:0,crit:0,critInjure:250,dodge:0,ignoreCrit:0,ignoreCritInjure:0,critBoss:250,critInjureBoss:0
[2026-06-14 02:43:17,525] ?????????(BUFF?)?hit:0,crit:0,critInjure:0,dodge:0,ignoreCrit:0,ignoreCritInjure:0,critBoss:0,critInjureBoss:0
[2026-06-14 02:43:17,525] ?????????(BUFF?)?hit:0,crit:0,critInjure:250,dodge:0,ignoreCrit:0,ignoreCritInjure:0,critBoss:250,critInjureBoss:0
[2026-06-14 02:43:17,525] ?????????(BUFF?)?hit:0,crit:0,critInjure:0,dodge:0,ignoreCrit:0,ignoreCritInjure:0,critBoss:0,critInjureBoss:0
[2026-06-14 02:43:17,525] ?????????(BUFF?)?maxPAtk:109807,maxPDef:68309,maxMDef:37615,ignorePDef:0,ignoreMDef:6887,injureAdd:0,injureIgnore:0,injureAddBoss:100
[2026-06-14 02:43:17,525] ?????????(BUFF?)?maxPAtk:8582,maxPDef:1726,maxMDef:1726,ignorePDef:0,ignoreMDef:0,injureAdd:0,injureIgnore:0,injureAddBoss:0
[2026-06-14 02:43:17,525] ?????????(BUFF?)?maxPAtk:109807,maxPDef:68309,maxMDef:37615,ignorePDef:0,ignoreMDef:6887,injureAdd:0,injureIgnore:0,injureAddBoss:100
[2026-06-14 02:43:17,525] ?????????(BUFF?)?maxPAtk:8582,maxPDef:1726,maxMDef:1726,ignorePDef:0,ignoreMDef:0,injureAdd:0,injureIgnore:0,injureAddBoss:0
[2026-06-14 02:43:17,525] ?????111005
[2026-06-14 02:43:17,525] ??????BUFF???111005
[2026-06-14 02:43:17,525] (Tifeng,b871abfa-237f-4956-b395-3f92798b52b7) ???111005;????592778/863000
[2026-06-14 02:43:17,525] =========[Otherworld Elf Ruila]?????END??(Fireball)


[2026-06-14 02:43:17,593] ????????[65b226f4-3d1c-4a60-838c-6aa6fda1c644]->[b871abfa-237f-4956-b395-3f92798b52b7],?????[1201]
[2026-06-14 02:43:17,593] ??????????[?????,65b226f4-3d1c-4a60-838c-6aa6fda1c644]->[Tifeng,b871abfa-237f-4956-b395-3f92798b52b7],?????[1201]

[2026-06-14 02:43:17,593] >>>>>[?????]?????BEGIN??(Fireball), ??=Single Target ATK, uses Magic's power to form a fireball, targeting Single target,deal|C:0x34E22C&T:100%+100|T:Magic Damage., ???Tifeng, ?????2
[2026-06-14 02:43:17,593] >>>>>[?????]?????(Tifeng), ????[10,12]; ????[15,12]
[2026-06-14 02:43:17,593] ?????????1
[2026-06-14 02:43:17,593] >>>>???(?????) -> (Tifeng) ?????100, ?????100, ?????1, ??XP???false
[2026-06-14 02:43:17,593] ?????????(BUFF?)?hit:0,crit:0,critInjure:250,dodge:0,ignoreCrit:0,ignoreCritInjure:0,critBoss:250,critInjureBoss:0
[2026-06-14 02:43:17,593] ?????????(BUFF?)?hit:0,crit:0,critInjure:0,dodge:0,ignoreCrit:0,ignoreCritInjure:0,critBoss:0,critInjureBoss:0
[2026-06-14 02:43:17,593] ?????????(BUFF?)?hit:0,crit:0,critInjure:250,dodge:0,ignoreCrit:0,ignoreCritInjure:0,critBoss:250,critInjureBoss:0
[2026-06-14 02:43:17,593] ?????????(BUFF?)?hit:0,crit:0,critInjure:0,dodge:0,ignoreCrit:0,ignoreCritInjure:0,critBoss:0,critInjureBoss:0
[2026-06-14 02:43:17,593] ?????????(BUFF?)?maxPAtk:109532,maxPDef:64692,maxMDef:38977,ignorePDef:0,ignoreMDef:5809,injureAdd:0,injureIgnore:0,injureAddBoss:100
[2026-06-14 02:43:17,593] ?????????(BUFF?)?maxPAtk:8582,maxPDef:1726,maxMDef:1726,ignorePDef:0,ignoreMDef:0,injureAdd:0,injureIgnore:0,injureAddBoss:0
[2026-06-14 02:43:17,593] ?????????(BUFF?)?maxPAtk:109532,maxPDef:64692,maxMDef:38977,ignorePDef:0,ignoreMDef:5809,injureAdd:0,injureIgnore:0,injureAddBoss:100
[2026-06-14 02:43:17,593] ?????????(BUFF?)?maxPAtk:8582,maxPDef:1726,maxMDef:1726,ignorePDef:0,ignoreMDef:0,injureAdd:0,injureIgnore:0,injureAddBoss:0
[2026-06-14 02:43:17,593] ?????110727
[2026-06-14 02:43:17,593] ??????BUFF???110727
[2026-06-14 02:43:17,593] (Tifeng,b871abfa-237f-4956-b395-3f92798b52b7) ???110727;????482051/863000
[2026-06-14 02:43:17,593] =========[?????]?????END??(Fireball)


[2026-06-14 02:43:17,664] ????????[d1806f2b-c67b-4e48-8e65-e94548e56e23]->[b871abfa-237f-4956-b395-3f92798b52b7],?????[9]
[2026-06-14 02:43:17,664] ??????????[????,d1806f2b-c67b-4e48-8e65-e94548e56e23]->[Tifeng,b871abfa-237f-4956-b395-3f92798b52b7],?????[9]

[2026-06-14 02:43:17,664] >>>>>[????]?????BEGIN??(Giant Rock Holy Shield), ??=Support Skill, applies Shield Reduction of|C:0x34E22C&T:20%|T: damage value, for|C:0x34E22C&T:5|T:s, upon breaking, targets surrounding enemies, dealing|C:0x34E22C&T:120%+{0}|T:Magic Damage, ???????, ?????0
[2026-06-14 02:43:17,664] [????]??BUFF?(Giant Rock Holy Shield[3201]), ????=5000, ??=2000
[2026-06-14 02:43:17,664] [????]?????1389985
[2026-06-14 02:43:17,664] =========[????]???????????(Giant Rock Holy Shield)

[2026-06-14 02:43:17,770] ????????[????],posX=12,posY=11
[2026-06-14 02:43:18,090] ????????[????],posX=13,posY=11

[2026-06-14 02:43:18,125] ????????[ebc35acd-9d47-43c8-b6d6-2e231c80d600]->[b871abfa-237f-4956-b395-3f92798b52b7],?????[1201]
[2026-06-14 02:43:18,125] ??????????[?????,ebc35acd-9d47-43c8-b6d6-2e231c80d600]->[Tifeng,b871abfa-237f-4956-b395-3f92798b52b7],?????[1201]

[2026-06-14 02:43:18,125] >>>>>[?????]?????BEGIN??(Fireball), ??=Single Target ATK, uses Magic's power to form a fireball, targeting Single target,deal|C:0x34E22C&T:100%+100|T:Magic Damage., ???Tifeng, ?????2
[2026-06-14 02:43:18,125] >>>>>[?????]?????(Tifeng), ????[10,12]; ????[15,12]
[2026-06-14 02:43:18,125] ?????????1
[2026-06-14 02:43:18,125] >>>>???(?????) -> (Tifeng) ?????100, ?????100, ?????1, ??XP???false
[2026-06-14 02:43:18,125] ?????????(BUFF?)?hit:0,crit:0,critInjure:250,dodge:0,ignoreCrit:0,ignoreCritInjure:0,critBoss:250,critInjureBoss:0
[2026-06-14 02:43:18,125] ?????????(BUFF?)?hit:0,crit:0,critInjure:0,dodge:0,ignoreCrit:0,ignoreCritInjure:0,critBoss:0,critInjureBoss:0
[2026-06-14 02:43:18,125] ?????????(BUFF?)?hit:0,crit:0,critInjure:250,dodge:0,ignoreCrit:0,ignoreCritInjure:0,critBoss:250,critInjureBoss:0
[2026-06-14 02:43:18,125] ?????????(BUFF?)?hit:0,crit:0,critInjure:0,dodge:0,ignoreCrit:0,ignoreCritInjure:0,critBoss:0,critInjureBoss:0
[2026-06-14 02:43:18,125] ?????????(BUFF?)?maxPAtk:155998,maxPDef:88275,maxMDef:65856,ignorePDef:0,ignoreMDef:35218,injureAdd:100,injureIgnore:0,injureAddBoss:100
[2026-06-14 02:43:18,125] ?????????(BUFF?)?maxPAtk:8582,maxPDef:1726,maxMDef:1726,ignorePDef:0,ignoreMDef:0,injureAdd:0,injureIgnore:0,injureAddBoss:0
[2026-06-14 02:43:18,125] ?????????(BUFF?)?maxPAtk:155998,maxPDef:88275,maxMDef:65856,ignorePDef:0,ignoreMDef:35218,injureAdd:100,injureIgnore:0,injureAddBoss:100
[2026-06-14 02:43:18,125] ?????????(BUFF?)?maxPAtk:8582,maxPDef:1726,maxMDef:1726,ignorePDef:0,ignoreMDef:0,injureAdd:0,injureIgnore:0,injureAddBoss:0
[2026-06-14 02:43:18,125] ?????159217
[2026-06-14 02:43:18,125] ??????BUFF???159217
[2026-06-14 02:43:18,125] (Tifeng,b871abfa-237f-4956-b395-3f92798b52b7) ???159217;????322834/863000
[2026-06-14 02:43:18,125] =========[?????]?????END??(Fireball)

[2026-06-14 02:43:18,417] (????) ???1200;????6949926/6949926

[2026-06-14 02:43:18,445] ????????[bd0d352c-abdf-4576-a426-08b6080bd21e]->[b871abfa-237f-4956-b395-3f92798b52b7],?????[1201]
[2026-06-14 02:43:18,445] ??????????[Otherworld Elf Ruila,bd0d352c-abdf-4576-a426-08b6080bd21e]->[Tifeng,b871abfa-237f-4956-b395-3f92798b52b7],?????[1201]

[2026-06-14 02:43:18,445] >>>>>[Otherworld Elf Ruila]?????BEGIN??(Fireball), ??=Single Target ATK, uses Magic's power to form a fireball, targeting Single target,deal|C:0x34E22C&T:100%+100|T:Magic Damage., ???Tifeng, ?????2
[2026-06-14 02:43:18,445] >>>>>[Otherworld Elf Ruila]?????(Tifeng), ????[10,12]; ????[15,12]
[2026-06-14 02:43:18,445] ?????????1
[2026-06-14 02:43:18,445] >>>>???(Otherworld Elf Ruila) -> (Tifeng) ?????100, ?????100, ?????1, ??XP???false
[2026-06-14 02:43:18,445] ?????????(BUFF?)?hit:0,crit:0,critInjure:250,dodge:0,ignoreCrit:0,ignoreCritInjure:0,critBoss:250,critInjureBoss:0
[2026-06-14 02:43:18,445] ?????????(BUFF?)?hit:0,crit:0,critInjure:0,dodge:0,ignoreCrit:0,ignoreCritInjure:0,critBoss:0,critInjureBoss:0
[2026-06-14 02:43:18,445] ?????????(BUFF?)?hit:0,crit:0,critInjure:250,dodge:0,ignoreCrit:0,ignoreCritInjure:0,critBoss:250,critInjureBoss:0
[2026-06-14 02:43:18,445] ?????????(BUFF?)?hit:0,crit:0,critInjure:0,dodge:0,ignoreCrit:0,ignoreCritInjure:0,critBoss:0,critInjureBoss:0
[2026-06-14 02:43:18,445] ?????????(BUFF?)?maxPAtk:109807,maxPDef:68309,maxMDef:37615,ignorePDef:0,ignoreMDef:6887,injureAdd:0,injureIgnore:0,injureAddBoss:100
[2026-06-14 02:43:18,445] ?????????(BUFF?)?maxPAtk:8582,maxPDef:1726,maxMDef:1726,ignorePDef:0,ignoreMDef:0,injureAdd:0,injureIgnore:0,injureAddBoss:0
[2026-06-14 02:43:18,445] ?????????(BUFF?)?maxPAtk:109807,maxPDef:68309,maxMDef:37615,ignorePDef:0,ignoreMDef:6887,injureAdd:0,injureIgnore:0,injureAddBoss:100
[2026-06-14 02:43:18,445] ?????????(BUFF?)?maxPAtk:8582,maxPDef:1726,maxMDef:1726,ignorePDef:0,ignoreMDef:0,injureAdd:0,injureIgnore:0,injureAddBoss:0
[2026-06-14 02:43:18,445] ?????111005
[2026-06-14 02:43:18,445] ??????BUFF???111005
[2026-06-14 02:43:18,445] (Tifeng,b871abfa-237f-4956-b395-3f92798b52b7) ???111005;????211829/863000
[2026-06-14 02:43:18,445] =========[Otherworld Elf Ruila]?????END??(Fireball)


[2026-06-14 02:43:18,468] >>>>>[Tifeng]?????BEGIN??(Boss Melee Attack), ??=NormalATK, ???????, ?????4
[2026-06-14 02:43:18,468] >>>>>[Tifeng]?????(????), ????[15,12]; ????[13,11]
[2026-06-14 02:43:18,468] ?????????1
[2026-06-14 02:43:18,468] >>>>???(Tifeng) -> (????) ?????100, ?????0, ?????0, ??XP???false
[2026-06-14 02:43:18,468] ?????????(BUFF?)?hit:0,crit:0,critInjure:0,dodge:0,ignoreCrit:0,ignoreCritInjure:0,critBoss:0,critInjureBoss:0
[2026-06-14 02:43:18,468] ?????????(BUFF?)?hit:60,crit:288,critInjure:610,dodge:15,ignoreCrit:0,ignoreCritInjure:0,critBoss:250,critInjureBoss:0
[2026-06-14 02:43:18,468] ?????????(BUFF?)?hit:0,crit:0,critInjure:0,dodge:0,ignoreCrit:0,ignoreCritInjure:0,critBoss:0,critInjureBoss:0
[2026-06-14 02:43:18,468] ?????????(BUFF?)?hit:60,crit:288,critInjure:610,dodge:15,ignoreCrit:0,ignoreCritInjure:0,critBoss:250,critInjureBoss:0
[2026-06-14 02:43:18,468] ?????????(BUFF?)?maxPAtk:8582,maxPDef:1726,maxMDef:1726,ignorePDef:0,ignoreMDef:0,injureAdd:0,injureIgnore:0,injureAddBoss:0
[2026-06-14 02:43:18,468] ?????????(BUFF?)?maxPAtk:537036,maxPDef:320573,maxMDef:292686,ignorePDef:923,ignoreMDef:1836,injureAdd:0,injureIgnore:1000,injureAddBoss:100
[2026-06-14 02:43:18,468] ?????????(BUFF?)?maxPAtk:8582,maxPDef:1726,maxMDef:1726,ignorePDef:0,ignoreMDef:0,injureAdd:0,injureIgnore:0,injureAddBoss:0
[2026-06-14 02:43:18,468] ?????????(BUFF?)?maxPAtk:537036,maxPDef:320573,maxMDef:292686,ignorePDef:923,ignoreMDef:1836,injureAdd:0,injureIgnore:1000,injureAddBoss:100
[2026-06-14 02:43:18,468] ?????200
[2026-06-14 02:43:18,468] ??????BUFF???200
[2026-06-14 02:43:18,468] [????]??BUFF?(Giant Rock Holy Shield), ??=Absorb Max HP|C:0x34E22C&T:20%|T:damage, ?????4196
[2026-06-14 02:43:18,468] [????]?????200, ?????1389785
[2026-06-14 02:43:18,468] (????,d1806f2b-c67b-4e48-8e65-e94548e56e23) ???0;????6949926/6949926
[2026-06-14 02:43:18,468] =========[Tifeng]?????END??(Boss Melee Attack)


[2026-06-14 02:43:18,515] ????????[65b226f4-3d1c-4a60-838c-6aa6fda1c644]->[b871abfa-237f-4956-b395-3f92798b52b7],?????[1201]
[2026-06-14 02:43:18,515] ??????????[?????,65b226f4-3d1c-4a60-838c-6aa6fda1c644]->[Tifeng,b871abfa-237f-4956-b395-3f92798b52b7],?????[1201]

[2026-06-14 02:43:18,515] >>>>>[?????]?????BEGIN??(Fireball), ??=Single Target ATK, uses Magic's power to form a fireball, targeting Single target,deal|C:0x34E22C&T:100%+100|T:Magic Damage., ???Tifeng, ?????2
[2026-06-14 02:43:18,515] >>>>>[?????]?????(Tifeng), ????[10,12]; ????[15,12]
[2026-06-14 02:43:18,515] ?????????1
[2026-06-14 02:43:18,515] >>>>???(?????) -> (Tifeng) ?????100, ?????100, ?????1, ??XP???false
[2026-06-14 02:43:18,515] ?????????(BUFF?)?hit:0,crit:0,critInjure:250,dodge:0,ignoreCrit:0,ignoreCritInjure:0,critBoss:250,critInjureBoss:0
[2026-06-14 02:43:18,515] ?????????(BUFF?)?hit:0,crit:0,critInjure:0,dodge:0,ignoreCrit:0,ignoreCritInjure:0,critBoss:0,critInjureBoss:0
[2026-06-14 02:43:18,515] ?????????(BUFF?)?hit:0,crit:0,critInjure:250,dodge:0,ignoreCrit:0,ignoreCritInjure:0,critBoss:250,critInjureBoss:0
[2026-06-14 02:43:18,515] ?????????(BUFF?)?hit:0,crit:0,critInjure:0,dodge:0,ignoreCrit:0,ignoreCritInjure:0,critBoss:0,critInjureBoss:0
[2026-06-14 02:43:18,515] ?????????(BUFF?)?maxPAtk:109532,maxPDef:64692,maxMDef:38977,ignorePDef:0,ignoreMDef:5809,injureAdd:0,injureIgnore:0,injureAddBoss:100
[2026-06-14 02:43:18,515] ?????????(BUFF?)?maxPAtk:8582,maxPDef:1726,maxMDef:1726,ignorePDef:0,ignoreMDef:0,injureAdd:0,injureIgnore:0,injureAddBoss:0
[2026-06-14 02:43:18,515] ?????????(BUFF?)?maxPAtk:109532,maxPDef:64692,maxMDef:38977,ignorePDef:0,ignoreMDef:5809,injureAdd:0,injureIgnore:0,injureAddBoss:100
[2026-06-14 02:43:18,515] ?????????(BUFF?)?maxPAtk:8582,maxPDef:1726,maxMDef:1726,ignorePDef:0,ignoreMDef:0,injureAdd:0,injureIgnore:0,injureAddBoss:0
[2026-06-14 02:43:18,515] ?????110727
[2026-06-14 02:43:18,515] ??????BUFF???110727
[2026-06-14 02:43:18,515] (Tifeng,b871abfa-237f-4956-b395-3f92798b52b7) ???110727;????101102/863000
[2026-06-14 02:43:18,515] =========[?????]?????END??(Fireball)


[2026-06-14 02:43:19,046] ????????[ebc35acd-9d47-43c8-b6d6-2e231c80d600]->[b871abfa-237f-4956-b395-3f92798b52b7],?????[1201]
[2026-06-14 02:43:19,046] ??????????[?????,ebc35acd-9d47-43c8-b6d6-2e231c80d600]->[Tifeng,b871abfa-237f-4956-b395-3f92798b52b7],?????[1201]

[2026-06-14 02:43:19,046] >>>>>[?????]?????BEGIN??(Fireball), ??=Single Target ATK, uses Magic's power to form a fireball, targeting Single target,deal|C:0x34E22C&T:100%+100|T:Magic Damage., ???Tifeng, ?????2
[2026-06-14 02:43:19,046] >>>>>[?????]?????(Tifeng), ????[10,12]; ????[15,12]
[2026-06-14 02:43:19,046] ?????????1
[2026-06-14 02:43:19,046] >>>>???(?????) -> (Tifeng) ?????100, ?????100, ?????1, ??XP???false
[2026-06-14 02:43:19,046] ?????????(BUFF?)?hit:0,crit:0,critInjure:250,dodge:0,ignoreCrit:0,ignoreCritInjure:0,critBoss:250,critInjureBoss:0
[2026-06-14 02:43:19,046] ?????????(BUFF?)?hit:0,crit:0,critInjure:0,dodge:0,ignoreCrit:0,ignoreCritInjure:0,critBoss:0,critInjureBoss:0
[2026-06-14 02:43:19,046] ?????????(BUFF?)?hit:0,crit:0,critInjure:250,dodge:0,ignoreCrit:0,ignoreCritInjure:0,critBoss:250,critInjureBoss:0
[2026-06-14 02:43:19,046] ?????????(BUFF?)?hit:0,crit:0,critInjure:0,dodge:0,ignoreCrit:0,ignoreCritInjure:0,critBoss:0,critInjureBoss:0
[2026-06-14 02:43:19,046] ?????????(BUFF?)?maxPAtk:155998,maxPDef:88275,maxMDef:65856,ignorePDef:0,ignoreMDef:35218,injureAdd:100,injureIgnore:0,injureAddBoss:100
[2026-06-14 02:43:19,046] ?????????(BUFF?)?maxPAtk:8582,maxPDef:1726,maxMDef:1726,ignorePDef:0,ignoreMDef:0,injureAdd:0,injureIgnore:0,injureAddBoss:0
[2026-06-14 02:43:19,046] ?????????(BUFF?)?maxPAtk:155998,maxPDef:88275,maxMDef:65856,ignorePDef:0,ignoreMDef:35218,injureAdd:100,injureIgnore:0,injureAddBoss:100
[2026-06-14 02:43:19,046] ?????????(BUFF?)?maxPAtk:8582,maxPDef:1726,maxMDef:1726,ignorePDef:0,ignoreMDef:0,injureAdd:0,injureIgnore:0,injureAddBoss:0
[2026-06-14 02:43:19,046] ?????159217
[2026-06-14 02:43:19,046] ??????BUFF???159217
[2026-06-14 02:43:19,046] (Tifeng,b871abfa-237f-4956-b395-3f92798b52b7) ???159217;????0/863000
[2026-06-14 02:43:19,046] ???(????,d1806f2b-c67b-4e48-8e65-e94548e56e23) ??????: objectId=b871abfa-237f-4956-b395-3f92798b52b7,status=0
[2026-06-14 02:43:19,047] (Tifeng,b871abfa-237f-4956-b395-3f92798b52b7) ?????1781376199047
[2026-06-14 02:43:19,047] =========[?????]?????END??(Fireball)

[2026-06-14 02:43:19,114] ?canControlObject??????????name=[????]
