[2026-06-14 02:41:40,386] ?Dwarf King?????????????
[2026-06-14 02:41:40,386] [????]??BUFF?(Giant Rock Holy Shield[3201])
[2026-06-14 02:41:40,386] (????) ???1200;????6949926/6949926

[2026-06-14 02:41:41,174] ????????[ebc35acd-9d47-43c8-b6d6-2e231c80d600]->[e10b4c39-e90e-4ef6-855b-fe9a11583b3c],?????[1201]
[2026-06-14 02:41:41,174] ??????????[?????,ebc35acd-9d47-43c8-b6d6-2e231c80d600]->[Dwarf King,e10b4c39-e90e-4ef6-855b-fe9a11583b3c],?????[1201]

[2026-06-14 02:41:41,174] >>>>>[?????]?????BEGIN??(Fireball), ??=Single Target ATK, uses Magic's power to form a fireball, targeting Single target,deal|C:0x34E22C&T:100%+100|T:Magic Damage., ???Dwarf King, ?????2
[2026-06-14 02:41:41,174] >>>>>[?????]?????(Dwarf King), ????[10,12]; ????[15,12]
[2026-06-14 02:41:41,174] ?????????1
[2026-06-14 02:41:41,174] >>>>???(?????) -> (Dwarf King) ?????100, ?????100, ?????1, ??XP???false
[2026-06-14 02:41:41,174] ?????????(BUFF?)?hit:0,crit:0,critInjure:250,dodge:0,ignoreCrit:0,ignoreCritInjure:0,critBoss:250,critInjureBoss:0
[2026-06-14 02:41:41,174] ?????????(BUFF?)?hit:0,crit:0,critInjure:0,dodge:0,ignoreCrit:0,ignoreCritInjure:0,critBoss:0,critInjureBoss:0
[2026-06-14 02:41:41,174] ?????????(BUFF?)?hit:0,crit:0,critInjure:250,dodge:0,ignoreCrit:0,ignoreCritInjure:0,critBoss:250,critInjureBoss:0
[2026-06-14 02:41:41,174] ?????????(BUFF?)?hit:0,crit:0,critInjure:0,dodge:0,ignoreCrit:0,ignoreCritInjure:0,critBoss:0,critInjureBoss:0
[2026-06-14 02:41:41,174] ?????????(BUFF?)?maxPAtk:155998,maxPDef:88275,maxMDef:65856,ignorePDef:0,ignoreMDef:35218,injureAdd:100,injureIgnore:0,injureAddBoss:100
[2026-06-14 02:41:41,174] ?????????(BUFF?)?maxPAtk:8418,maxPDef:1684,maxMDef:1684,ignorePDef:0,ignoreMDef:0,injureAdd:0,injureIgnore:0,injureAddBoss:0
[2026-06-14 02:41:41,174] ?????????(BUFF?)?maxPAtk:155998,maxPDef:88275,maxMDef:65856,ignorePDef:0,ignoreMDef:35218,injureAdd:100,injureIgnore:0,injureAddBoss:100
[2026-06-14 02:41:41,174] ?????????(BUFF?)?maxPAtk:8418,maxPDef:1684,maxMDef:1684,ignorePDef:0,ignoreMDef:0,injureAdd:0,injureIgnore:0,injureAddBoss:0
[2026-06-14 02:41:41,174] ?????159217
[2026-06-14 02:41:41,174] ??????BUFF???159217
[2026-06-14 02:41:41,174] (Dwarf King,e10b4c39-e90e-4ef6-855b-fe9a11583b3c) ???159217;????682783/842000
[2026-06-14 02:41:41,174] =========[?????]?????END??(Fireball)


[2026-06-14 02:41:41,247] ????????[d1806f2b-c67b-4e48-8e65-e94548e56e23]->[e10b4c39-e90e-4ef6-855b-fe9a11583b3c],?????[9]
[2026-06-14 02:41:41,247] ??????????[????,d1806f2b-c67b-4e48-8e65-e94548e56e23]->[Dwarf King,e10b4c39-e90e-4ef6-855b-fe9a11583b3c],?????[9]

[2026-06-14 02:41:41,247] >>>>>[????]?????BEGIN??(Giant Rock Holy Shield), ??=Support Skill, applies Shield Reduction of|C:0x34E22C&T:20%|T: damage value, for|C:0x34E22C&T:5|T:s, upon breaking, targets surrounding enemies, dealing|C:0x34E22C&T:120%+{0}|T:Magic Damage, ???????, ?????0
[2026-06-14 02:41:41,247] [????]??BUFF?(Giant Rock Holy Shield[3201]), ????=5000, ??=2000
[2026-06-14 02:41:41,247] [????]?????1389985
[2026-06-14 02:41:41,247] =========[????]???????????(Giant Rock Holy Shield)

[2026-06-14 02:41:41,352] ????????[????],posX=11,posY=12
[2026-06-14 02:41:41,386] (????) ???1200;????6949926/6949926

[2026-06-14 02:41:41,491] ????????[bd0d352c-abdf-4576-a426-08b6080bd21e]->[e10b4c39-e90e-4ef6-855b-fe9a11583b3c],?????[1201]
[2026-06-14 02:41:41,491] ??????????[Otherworld Elf Ruila,bd0d352c-abdf-4576-a426-08b6080bd21e]->[Dwarf King,e10b4c39-e90e-4ef6-855b-fe9a11583b3c],?????[1201]

[2026-06-14 02:41:41,491] >>>>>[Otherworld Elf Ruila]?????BEGIN??(Fireball), ??=Single Target ATK, uses Magic's power to form a fireball, targeting Single target,deal|C:0x34E22C&T:100%+100|T:Magic Damage., ???Dwarf King, ?????2
[2026-06-14 02:41:41,491] >>>>>[Otherworld Elf Ruila]?????(Dwarf King), ????[10,12]; ????[15,12]
[2026-06-14 02:41:41,491] ?????????1
[2026-06-14 02:41:41,491] >>>>???(Otherworld Elf Ruila) -> (Dwarf King) ?????100, ?????100, ?????1, ??XP???false
[2026-06-14 02:41:41,491] ?????????(BUFF?)?hit:0,crit:0,critInjure:250,dodge:0,ignoreCrit:0,ignoreCritInjure:0,critBoss:250,critInjureBoss:0
[2026-06-14 02:41:41,491] ?????????(BUFF?)?hit:0,crit:0,critInjure:0,dodge:0,ignoreCrit:0,ignoreCritInjure:0,critBoss:0,critInjureBoss:0
[2026-06-14 02:41:41,491] ?????????(BUFF?)?hit:0,crit:0,critInjure:250,dodge:0,ignoreCrit:0,ignoreCritInjure:0,critBoss:250,critInjureBoss:0
[2026-06-14 02:41:41,491] ?????????(BUFF?)?hit:0,crit:0,critInjure:0,dodge:0,ignoreCrit:0,ignoreCritInjure:0,critBoss:0,critInjureBoss:0
[2026-06-14 02:41:41,491] ?????????(BUFF?)?maxPAtk:109807,maxPDef:68309,maxMDef:37615,ignorePDef:0,ignoreMDef:6887,injureAdd:0,injureIgnore:0,injureAddBoss:100
[2026-06-14 02:41:41,491] ?????????(BUFF?)?maxPAtk:8418,maxPDef:1684,maxMDef:1684,ignorePDef:0,ignoreMDef:0,injureAdd:0,injureIgnore:0,injureAddBoss:0
[2026-06-14 02:41:41,491] ?????????(BUFF?)?maxPAtk:109807,maxPDef:68309,maxMDef:37615,ignorePDef:0,ignoreMDef:6887,injureAdd:0,injureIgnore:0,injureAddBoss:100
[2026-06-14 02:41:41,491] ?????????(BUFF?)?maxPAtk:8418,maxPDef:1684,maxMDef:1684,ignorePDef:0,ignoreMDef:0,injureAdd:0,injureIgnore:0,injureAddBoss:0
[2026-06-14 02:41:41,491] ?????111005
[2026-06-14 02:41:41,491] ??????BUFF???111005
[2026-06-14 02:41:41,491] (Dwarf King,e10b4c39-e90e-4ef6-855b-fe9a11583b3c) ???111005;????571778/842000
[2026-06-14 02:41:41,491] =========[Otherworld Elf Ruila]?????END??(Fireball)


[2026-06-14 02:41:41,527] ????????[65b226f4-3d1c-4a60-838c-6aa6fda1c644]->[e10b4c39-e90e-4ef6-855b-fe9a11583b3c],?????[1201]
[2026-06-14 02:41:41,527] ??????????[?????,65b226f4-3d1c-4a60-838c-6aa6fda1c644]->[Dwarf King,e10b4c39-e90e-4ef6-855b-fe9a11583b3c],?????[1201]

[2026-06-14 02:41:41,527] >>>>>[?????]?????BEGIN??(Fireball), ??=Single Target ATK, uses Magic's power to form a fireball, targeting Single target,deal|C:0x34E22C&T:100%+100|T:Magic Damage., ???Dwarf King, ?????2
[2026-06-14 02:41:41,527] >>>>>[?????]?????(Dwarf King), ????[10,12]; ????[15,12]
[2026-06-14 02:41:41,527] ?????????1
[2026-06-14 02:41:41,527] >>>>???(?????) -> (Dwarf King) ?????100, ?????100, ?????1, ??XP???false
[2026-06-14 02:41:41,527] ?????????(BUFF?)?hit:0,crit:0,critInjure:250,dodge:0,ignoreCrit:0,ignoreCritInjure:0,critBoss:250,critInjureBoss:0
[2026-06-14 02:41:41,527] ?????????(BUFF?)?hit:0,crit:0,critInjure:0,dodge:0,ignoreCrit:0,ignoreCritInjure:0,critBoss:0,critInjureBoss:0
[2026-06-14 02:41:41,527] ?????????(BUFF?)?hit:0,crit:0,critInjure:250,dodge:0,ignoreCrit:0,ignoreCritInjure:0,critBoss:250,critInjureBoss:0
[2026-06-14 02:41:41,527] ?????????(BUFF?)?hit:0,crit:0,critInjure:0,dodge:0,ignoreCrit:0,ignoreCritInjure:0,critBoss:0,critInjureBoss:0
[2026-06-14 02:41:41,527] ?????????(BUFF?)?maxPAtk:109532,maxPDef:64692,maxMDef:38977,ignorePDef:0,ignoreMDef:5809,injureAdd:0,injureIgnore:0,injureAddBoss:100
[2026-06-14 02:41:41,527] ?????????(BUFF?)?maxPAtk:8418,maxPDef:1684,maxMDef:1684,ignorePDef:0,ignoreMDef:0,injureAdd:0,injureIgnore:0,injureAddBoss:0
[2026-06-14 02:41:41,527] ?????????(BUFF?)?maxPAtk:109532,maxPDef:64692,maxMDef:38977,ignorePDef:0,ignoreMDef:5809,injureAdd:0,injureIgnore:0,injureAddBoss:100
[2026-06-14 02:41:41,527] ?????????(BUFF?)?maxPAtk:8418,maxPDef:1684,maxMDef:1684,ignorePDef:0,ignoreMDef:0,injureAdd:0,injureIgnore:0,injureAddBoss:0
[2026-06-14 02:41:41,527] ?????110727
[2026-06-14 02:41:41,527] ??????BUFF???110727
[2026-06-14 02:41:41,527] (Dwarf King,e10b4c39-e90e-4ef6-855b-fe9a11583b3c) ???110727;????461051/842000
[2026-06-14 02:41:41,527] =========[?????]?????END??(Fireball)

[2026-06-14 02:41:41,668] ????????[????],posX=12,posY=11
[2026-06-14 02:41:42,020] ????????[????],posX=13,posY=11

[2026-06-14 02:41:42,090] ????????[ebc35acd-9d47-43c8-b6d6-2e231c80d600]->[e10b4c39-e90e-4ef6-855b-fe9a11583b3c],?????[1201]
[2026-06-14 02:41:42,090] ??????????[?????,ebc35acd-9d47-43c8-b6d6-2e231c80d600]->[Dwarf King,e10b4c39-e90e-4ef6-855b-fe9a11583b3c],?????[1201]

[2026-06-14 02:41:42,090] >>>>>[?????]?????BEGIN??(Fireball), ??=Single Target ATK, uses Magic's power to form a fireball, targeting Single target,deal|C:0x34E22C&T:100%+100|T:Magic Damage., ???Dwarf King, ?????2
[2026-06-14 02:41:42,090] >>>>>[?????]?????(Dwarf King), ????[10,12]; ????[15,12]
[2026-06-14 02:41:42,090] ?????????1
[2026-06-14 02:41:42,090] >>>>???(?????) -> (Dwarf King) ?????100, ?????100, ?????1, ??XP???false
[2026-06-14 02:41:42,090] ?????????(BUFF?)?hit:0,crit:0,critInjure:250,dodge:0,ignoreCrit:0,ignoreCritInjure:0,critBoss:250,critInjureBoss:0
[2026-06-14 02:41:42,090] ?????????(BUFF?)?hit:0,crit:0,critInjure:0,dodge:0,ignoreCrit:0,ignoreCritInjure:0,critBoss:0,critInjureBoss:0
[2026-06-14 02:41:42,090] ?????????(BUFF?)?hit:0,crit:0,critInjure:250,dodge:0,ignoreCrit:0,ignoreCritInjure:0,critBoss:250,critInjureBoss:0
[2026-06-14 02:41:42,090] ?????????(BUFF?)?hit:0,crit:0,critInjure:0,dodge:0,ignoreCrit:0,ignoreCritInjure:0,critBoss:0,critInjureBoss:0
[2026-06-14 02:41:42,090] ?????????(BUFF?)?maxPAtk:155998,maxPDef:88275,maxMDef:65856,ignorePDef:0,ignoreMDef:35218,injureAdd:100,injureIgnore:0,injureAddBoss:100
[2026-06-14 02:41:42,090] ?????????(BUFF?)?maxPAtk:8418,maxPDef:1684,maxMDef:1684,ignorePDef:0,ignoreMDef:0,injureAdd:0,injureIgnore:0,injureAddBoss:0
[2026-06-14 02:41:42,090] ?????????(BUFF?)?maxPAtk:155998,maxPDef:88275,maxMDef:65856,ignorePDef:0,ignoreMDef:35218,injureAdd:100,injureIgnore:0,injureAddBoss:100
[2026-06-14 02:41:42,090] ?????????(BUFF?)?maxPAtk:8418,maxPDef:1684,maxMDef:1684,ignorePDef:0,ignoreMDef:0,injureAdd:0,injureIgnore:0,injureAddBoss:0
[2026-06-14 02:41:42,090] ?????159217
[2026-06-14 02:41:42,090] ??????BUFF???159217
[2026-06-14 02:41:42,090] (Dwarf King,e10b4c39-e90e-4ef6-855b-fe9a11583b3c) ???159217;????301834/842000
[2026-06-14 02:41:42,091] =========[?????]?????END??(Fireball)


[2026-06-14 02:41:42,354] >>>>>[Dwarf King]?????BEGIN??(Boss Melee Attack), ??=NormalATK, ???????, ?????4
[2026-06-14 02:41:42,354] >>>>>[Dwarf King]?????(????), ????[15,12]; ????[13,11]
[2026-06-14 02:41:42,354] ?????????1
[2026-06-14 02:41:42,354] >>>>???(Dwarf King) -> (????) ?????100, ?????0, ?????0, ??XP???false
[2026-06-14 02:41:42,354] ?????????(BUFF?)?hit:0,crit:0,critInjure:0,dodge:0,ignoreCrit:0,ignoreCritInjure:0,critBoss:0,critInjureBoss:0
[2026-06-14 02:41:42,354] ?????????(BUFF?)?hit:60,crit:288,critInjure:610,dodge:15,ignoreCrit:0,ignoreCritInjure:0,critBoss:250,critInjureBoss:0
[2026-06-14 02:41:42,354] ?????????(BUFF?)?hit:0,crit:0,critInjure:0,dodge:0,ignoreCrit:0,ignoreCritInjure:0,critBoss:0,critInjureBoss:0
[2026-06-14 02:41:42,354] ?????????(BUFF?)?hit:60,crit:288,critInjure:610,dodge:15,ignoreCrit:0,ignoreCritInjure:0,critBoss:250,critInjureBoss:0
[2026-06-14 02:41:42,354] ?????????(BUFF?)?maxPAtk:8418,maxPDef:1684,maxMDef:1684,ignorePDef:0,ignoreMDef:0,injureAdd:0,injureIgnore:0,injureAddBoss:0
[2026-06-14 02:41:42,354] ?????????(BUFF?)?maxPAtk:537036,maxPDef:320573,maxMDef:292686,ignorePDef:923,ignoreMDef:1836,injureAdd:0,injureIgnore:1000,injureAddBoss:100
[2026-06-14 02:41:42,354] ?????????(BUFF?)?maxPAtk:8418,maxPDef:1684,maxMDef:1684,ignorePDef:0,ignoreMDef:0,injureAdd:0,injureIgnore:0,injureAddBoss:0
[2026-06-14 02:41:42,354] ?????????(BUFF?)?maxPAtk:537036,maxPDef:320573,maxMDef:292686,ignorePDef:923,ignoreMDef:1836,injureAdd:0,injureIgnore:1000,injureAddBoss:100
[2026-06-14 02:41:42,354] ?????193
[2026-06-14 02:41:42,354] ??????BUFF???193
[2026-06-14 02:41:42,354] [????]??BUFF?(Giant Rock Holy Shield), ??=Absorb Max HP|C:0x34E22C&T:20%|T:damage, ?????3893
[2026-06-14 02:41:42,354] [????]?????193, ?????1389792
[2026-06-14 02:41:42,354] (????,d1806f2b-c67b-4e48-8e65-e94548e56e23) ???0;????6949926/6949926
[2026-06-14 02:41:42,354] =========[Dwarf King]?????END??(Boss Melee Attack)

[2026-06-14 02:41:42,386] (????) ???1200;????6949926/6949926

[2026-06-14 02:41:42,404] ????????[bd0d352c-abdf-4576-a426-08b6080bd21e]->[e10b4c39-e90e-4ef6-855b-fe9a11583b3c],?????[1201]
[2026-06-14 02:41:42,404] ??????????[Otherworld Elf Ruila,bd0d352c-abdf-4576-a426-08b6080bd21e]->[Dwarf King,e10b4c39-e90e-4ef6-855b-fe9a11583b3c],?????[1201]

[2026-06-14 02:41:42,404] >>>>>[Otherworld Elf Ruila]?????BEGIN??(Fireball), ??=Single Target ATK, uses Magic's power to form a fireball, targeting Single target,deal|C:0x34E22C&T:100%+100|T:Magic Damage., ???Dwarf King, ?????2
[2026-06-14 02:41:42,404] >>>>>[Otherworld Elf Ruila]?????(Dwarf King), ????[10,12]; ????[15,12]
[2026-06-14 02:41:42,404] ?????????1
[2026-06-14 02:41:42,404] >>>>???(Otherworld Elf Ruila) -> (Dwarf King) ?????100, ?????100, ?????1, ??XP???false
[2026-06-14 02:41:42,404] ?????????(BUFF?)?hit:0,crit:0,critInjure:250,dodge:0,ignoreCrit:0,ignoreCritInjure:0,critBoss:250,critInjureBoss:0
[2026-06-14 02:41:42,404] ?????????(BUFF?)?hit:0,crit:0,critInjure:0,dodge:0,ignoreCrit:0,ignoreCritInjure:0,critBoss:0,critInjureBoss:0
[2026-06-14 02:41:42,404] ?????????(BUFF?)?hit:0,crit:0,critInjure:250,dodge:0,ignoreCrit:0,ignoreCritInjure:0,critBoss:250,critInjureBoss:0
[2026-06-14 02:41:42,404] ?????????(BUFF?)?hit:0,crit:0,critInjure:0,dodge:0,ignoreCrit:0,ignoreCritInjure:0,critBoss:0,critInjureBoss:0
[2026-06-14 02:41:42,404] ?????????(BUFF?)?maxPAtk:109807,maxPDef:68309,maxMDef:37615,ignorePDef:0,ignoreMDef:6887,injureAdd:0,injureIgnore:0,injureAddBoss:100
[2026-06-14 02:41:42,404] ?????????(BUFF?)?maxPAtk:8418,maxPDef:1684,maxMDef:1684,ignorePDef:0,ignoreMDef:0,injureAdd:0,injureIgnore:0,injureAddBoss:0
[2026-06-14 02:41:42,404] ?????????(BUFF?)?maxPAtk:109807,maxPDef:68309,maxMDef:37615,ignorePDef:0,ignoreMDef:6887,injureAdd:0,injureIgnore:0,injureAddBoss:100
[2026-06-14 02:41:42,404] ?????????(BUFF?)?maxPAtk:8418,maxPDef:1684,maxMDef:1684,ignorePDef:0,ignoreMDef:0,injureAdd:0,injureIgnore:0,injureAddBoss:0
[2026-06-14 02:41:42,404] ?????111005
[2026-06-14 02:41:42,404] ??????BUFF???111005
[2026-06-14 02:41:42,404] (Dwarf King,e10b4c39-e90e-4ef6-855b-fe9a11583b3c) ???111005;????190829/842000
[2026-06-14 02:41:42,404] =========[Otherworld Elf Ruila]?????END??(Fireball)


[2026-06-14 02:41:42,440] ????????[65b226f4-3d1c-4a60-838c-6aa6fda1c644]->[e10b4c39-e90e-4ef6-855b-fe9a11583b3c],?????[1201]
[2026-06-14 02:41:42,440] ??????????[?????,65b226f4-3d1c-4a60-838c-6aa6fda1c644]->[Dwarf King,e10b4c39-e90e-4ef6-855b-fe9a11583b3c],?????[1201]

[2026-06-14 02:41:42,440] >>>>>[?????]?????BEGIN??(Fireball), ??=Single Target ATK, uses Magic's power to form a fireball, targeting Single target,deal|C:0x34E22C&T:100%+100|T:Magic Damage., ???Dwarf King, ?????2
[2026-06-14 02:41:42,440] >>>>>[?????]?????(Dwarf King), ????[10,12]; ????[15,12]
[2026-06-14 02:41:42,440] ?????????1
[2026-06-14 02:41:42,440] >>>>???(?????) -> (Dwarf King) ?????100, ?????100, ?????1, ??XP???false
[2026-06-14 02:41:42,440] ?????????(BUFF?)?hit:0,crit:0,critInjure:250,dodge:0,ignoreCrit:0,ignoreCritInjure:0,critBoss:250,critInjureBoss:0
[2026-06-14 02:41:42,440] ?????????(BUFF?)?hit:0,crit:0,critInjure:0,dodge:0,ignoreCrit:0,ignoreCritInjure:0,critBoss:0,critInjureBoss:0
[2026-06-14 02:41:42,440] ?????????(BUFF?)?hit:0,crit:0,critInjure:250,dodge:0,ignoreCrit:0,ignoreCritInjure:0,critBoss:250,critInjureBoss:0
[2026-06-14 02:41:42,440] ?????????(BUFF?)?hit:0,crit:0,critInjure:0,dodge:0,ignoreCrit:0,ignoreCritInjure:0,critBoss:0,critInjureBoss:0
[2026-06-14 02:41:42,440] ?????????(BUFF?)?maxPAtk:109532,maxPDef:64692,maxMDef:38977,ignorePDef:0,ignoreMDef:5809,injureAdd:0,injureIgnore:0,injureAddBoss:100
[2026-06-14 02:41:42,440] ?????????(BUFF?)?maxPAtk:8418,maxPDef:1684,maxMDef:1684,ignorePDef:0,ignoreMDef:0,injureAdd:0,injureIgnore:0,injureAddBoss:0
[2026-06-14 02:41:42,440] ?????????(BUFF?)?maxPAtk:109532,maxPDef:64692,maxMDef:38977,ignorePDef:0,ignoreMDef:5809,injureAdd:0,injureIgnore:0,injureAddBoss:100
[2026-06-14 02:41:42,440] ?????????(BUFF?)?maxPAtk:8418,maxPDef:1684,maxMDef:1684,ignorePDef:0,ignoreMDef:0,injureAdd:0,injureIgnore:0,injureAddBoss:0
[2026-06-14 02:41:42,440] ?????110727
[2026-06-14 02:41:42,440] ??????BUFF???110727
[2026-06-14 02:41:42,440] (Dwarf King,e10b4c39-e90e-4ef6-855b-fe9a11583b3c) ???110727;????80102/842000
[2026-06-14 02:41:42,440] =========[?????]?????END??(Fireball)


[2026-06-14 02:41:43,001] ????????[ebc35acd-9d47-43c8-b6d6-2e231c80d600]->[e10b4c39-e90e-4ef6-855b-fe9a11583b3c],?????[1201]
[2026-06-14 02:41:43,001] ??????????[?????,ebc35acd-9d47-43c8-b6d6-2e231c80d600]->[Dwarf King,e10b4c39-e90e-4ef6-855b-fe9a11583b3c],?????[1201]

[2026-06-14 02:41:43,001] >>>>>[?????]?????BEGIN??(Fireball), ??=Single Target ATK, uses Magic's power to form a fireball, targeting Single target,deal|C:0x34E22C&T:100%+100|T:Magic Damage., ???Dwarf King, ?????2
[2026-06-14 02:41:43,001] >>>>>[?????]?????(Dwarf King), ????[10,12]; ????[15,12]
[2026-06-14 02:41:43,001] ?????????1
[2026-06-14 02:41:43,001] >>>>???(?????) -> (Dwarf King) ?????100, ?????100, ?????1, ??XP???false
[2026-06-14 02:41:43,001] ?????????(BUFF?)?hit:0,crit:0,critInjure:250,dodge:0,ignoreCrit:0,ignoreCritInjure:0,critBoss:250,critInjureBoss:0
[2026-06-14 02:41:43,001] ?????????(BUFF?)?hit:0,crit:0,critInjure:0,dodge:0,ignoreCrit:0,ignoreCritInjure:0,critBoss:0,critInjureBoss:0
[2026-06-14 02:41:43,001] ?????????(BUFF?)?hit:0,crit:0,critInjure:250,dodge:0,ignoreCrit:0,ignoreCritInjure:0,critBoss:250,critInjureBoss:0
[2026-06-14 02:41:43,001] ?????????(BUFF?)?hit:0,crit:0,critInjure:0,dodge:0,ignoreCrit:0,ignoreCritInjure:0,critBoss:0,critInjureBoss:0
[2026-06-14 02:41:43,001] ?????????(BUFF?)?maxPAtk:155998,maxPDef:88275,maxMDef:65856,ignorePDef:0,ignoreMDef:35218,injureAdd:100,injureIgnore:0,injureAddBoss:100
[2026-06-14 02:41:43,001] ?????????(BUFF?)?maxPAtk:8418,maxPDef:1684,maxMDef:1684,ignorePDef:0,ignoreMDef:0,injureAdd:0,injureIgnore:0,injureAddBoss:0
[2026-06-14 02:41:43,001] ?????????(BUFF?)?maxPAtk:155998,maxPDef:88275,maxMDef:65856,ignorePDef:0,ignoreMDef:35218,injureAdd:100,injureIgnore:0,injureAddBoss:100
[2026-06-14 02:41:43,001] ?????????(BUFF?)?maxPAtk:8418,maxPDef:1684,maxMDef:1684,ignorePDef:0,ignoreMDef:0,injureAdd:0,injureIgnore:0,injureAddBoss:0
[2026-06-14 02:41:43,001] ?????159217
[2026-06-14 02:41:43,001] ??????BUFF???159217
[2026-06-14 02:41:43,001] (Dwarf King,e10b4c39-e90e-4ef6-855b-fe9a11583b3c) ???159217;????0/842000
[2026-06-14 02:41:43,001] ???(????,d1806f2b-c67b-4e48-8e65-e94548e56e23) ??????: objectId=e10b4c39-e90e-4ef6-855b-fe9a11583b3c,status=0
[2026-06-14 02:41:43,005] (Dwarf King,e10b4c39-e90e-4ef6-855b-fe9a11583b3c) ?????1781376103005
[2026-06-14 02:41:43,005] =========[?????]?????END??(Fireball)

[2026-06-14 02:41:43,048] ?canControlObject??????????name=[????]
