[2026-06-14 02:38:39,606] ?Xilisi?????????????
[2026-06-14 02:38:39,606] [????]??BUFF?(Giant Rock Holy Shield[3201])
[2026-06-14 02:38:39,606] (????) ???1200;????6949926/6949926

[2026-06-14 02:38:39,609] >>>>>[Xilisi]?????BEGIN??(Boss Ranged Attack), ??=NormalATK, ???????, ?????6
[2026-06-14 02:38:39,609] >>>>>[Xilisi]?????(????), ????[23,27]; ????[17,27]
[2026-06-14 02:38:39,609] ?????????1
[2026-06-14 02:38:39,609] >>>>???(Xilisi) -> (????) ?????100, ?????0, ?????1, ??XP???false
[2026-06-14 02:38:39,609] ?????????(BUFF?)?hit:0,crit:0,critInjure:0,dodge:0,ignoreCrit:0,ignoreCritInjure:0,critBoss:0,critInjureBoss:0
[2026-06-14 02:38:39,609] ?????????(BUFF?)?hit:60,crit:288,critInjure:610,dodge:15,ignoreCrit:0,ignoreCritInjure:0,critBoss:250,critInjureBoss:0
[2026-06-14 02:38:39,609] ?????????(BUFF?)?hit:0,crit:0,critInjure:0,dodge:0,ignoreCrit:0,ignoreCritInjure:0,critBoss:0,critInjureBoss:0
[2026-06-14 02:38:39,609] ?????????(BUFF?)?hit:60,crit:288,critInjure:610,dodge:15,ignoreCrit:0,ignoreCritInjure:0,critBoss:250,critInjureBoss:0
[2026-06-14 02:38:39,609] ?????????(BUFF?)?maxPAtk:8091,maxPDef:1600,maxMDef:1600,ignorePDef:0,ignoreMDef:0,injureAdd:0,injureIgnore:0,injureAddBoss:0
[2026-06-14 02:38:39,609] ?????????(BUFF?)?maxPAtk:537036,maxPDef:320573,maxMDef:292686,ignorePDef:923,ignoreMDef:1836,injureAdd:0,injureIgnore:1000,injureAddBoss:100
[2026-06-14 02:38:39,609] ?????????(BUFF?)?maxPAtk:8091,maxPDef:1600,maxMDef:1600,ignorePDef:0,ignoreMDef:0,injureAdd:0,injureIgnore:0,injureAddBoss:0
[2026-06-14 02:38:39,609] ?????????(BUFF?)?maxPAtk:537036,maxPDef:320573,maxMDef:292686,ignorePDef:923,ignoreMDef:1836,injureAdd:0,injureIgnore:1000,injureAddBoss:100
[2026-06-14 02:38:39,609] ?????195
[2026-06-14 02:38:39,609] ??????BUFF???195
[2026-06-14 02:38:39,609] (????,d1806f2b-c67b-4e48-8e65-e94548e56e23) ???195;????6949731/6949926
[2026-06-14 02:38:39,609] =========[Xilisi]?????END??(Boss Ranged Attack)

[2026-06-14 02:38:39,638] ????????[????],posX=18,posY=26
[2026-06-14 02:38:40,607] (????) ???1200;????6949926/6949926

[2026-06-14 02:38:40,611] >>>>>[Xilisi]?????BEGIN??(Boss Ranged Attack), ??=NormalATK, ???????, ?????6
[2026-06-14 02:38:40,611] >>>>>[Xilisi]?????(????), ????[23,27]; ????[18,26]
[2026-06-14 02:38:40,611] ?????????1
[2026-06-14 02:38:40,611] >>>>???(Xilisi) -> (????) ?????100, ?????0, ?????1, ??XP???false
[2026-06-14 02:38:40,611] ?????????(BUFF?)?hit:0,crit:0,critInjure:0,dodge:0,ignoreCrit:0,ignoreCritInjure:0,critBoss:0,critInjureBoss:0
[2026-06-14 02:38:40,611] ?????????(BUFF?)?hit:60,crit:288,critInjure:610,dodge:15,ignoreCrit:0,ignoreCritInjure:0,critBoss:250,critInjureBoss:0
[2026-06-14 02:38:40,611] ?????????(BUFF?)?hit:0,crit:0,critInjure:0,dodge:0,ignoreCrit:0,ignoreCritInjure:0,critBoss:0,critInjureBoss:0
[2026-06-14 02:38:40,611] ?????????(BUFF?)?hit:60,crit:288,critInjure:610,dodge:15,ignoreCrit:0,ignoreCritInjure:0,critBoss:250,critInjureBoss:0
[2026-06-14 02:38:40,611] ?????????(BUFF?)?maxPAtk:8091,maxPDef:1600,maxMDef:1600,ignorePDef:0,ignoreMDef:0,injureAdd:0,injureIgnore:0,injureAddBoss:0
[2026-06-14 02:38:40,611] ?????????(BUFF?)?maxPAtk:537036,maxPDef:320573,maxMDef:292686,ignorePDef:923,ignoreMDef:1836,injureAdd:0,injureIgnore:1000,injureAddBoss:100
[2026-06-14 02:38:40,611] [????]???????(Wing Strike), ??=1000, buffStr=602011, ???????
[2026-06-14 02:38:40,611] [????]??BUFF?(Wing Strike[2302]), ????=0, ??=10000
[2026-06-14 02:38:40,611] ?????????(BUFF?)?maxPAtk:8091,maxPDef:1600,maxMDef:1600,ignorePDef:0,ignoreMDef:0,injureAdd:0,injureIgnore:0,injureAddBoss:0
[2026-06-14 02:38:40,611] ?????????(BUFF?)?maxPAtk:537036,maxPDef:320573,maxMDef:292686,ignorePDef:923,ignoreMDef:1836,injureAdd:0,injureIgnore:1000,injureAddBoss:100
[2026-06-14 02:38:40,611] ?????195
[2026-06-14 02:38:40,611] ??????BUFF???195
[2026-06-14 02:38:40,611] (????,d1806f2b-c67b-4e48-8e65-e94548e56e23) ???195;????6949731/6949926
[2026-06-14 02:38:40,611] [????]??BUFF?(Wing Strike), ??=deal|C:0x34E22C&T:10000|T: ptscounterattack damage, ?????0
[2026-06-14 02:38:40,611] (Xilisi,5c0e12da-1575-433a-9479-36fce515e685) ???10000;????790000/800000
[2026-06-14 02:38:40,611] =========[Xilisi]?????END??(Boss Ranged Attack)

[2026-06-14 02:38:40,613] [????]??BUFF?(Wing Strike[2302])

[2026-06-14 02:38:40,734] ????????[ebc35acd-9d47-43c8-b6d6-2e231c80d600]->[5c0e12da-1575-433a-9479-36fce515e685],?????[1201]
[2026-06-14 02:38:40,734] ??????????[?????,ebc35acd-9d47-43c8-b6d6-2e231c80d600]->[Xilisi,5c0e12da-1575-433a-9479-36fce515e685],?????[1201]

[2026-06-14 02:38:40,734] >>>>>[?????]?????BEGIN??(Fireball), ??=Single Target ATK, uses Magic's power to form a fireball, targeting Single target,deal|C:0x34E22C&T:100%+100|T:Magic Damage., ???Xilisi, ?????2
[2026-06-14 02:38:40,734] >>>>>[?????]?????(Xilisi), ????[17,27]; ????[23,27]
[2026-06-14 02:38:40,734] ?????????1
[2026-06-14 02:38:40,734] >>>>???(?????) -> (Xilisi) ?????100, ?????100, ?????1, ??XP???false
[2026-06-14 02:38:40,734] ?????????(BUFF?)?hit:0,crit:0,critInjure:250,dodge:0,ignoreCrit:0,ignoreCritInjure:0,critBoss:250,critInjureBoss:0
[2026-06-14 02:38:40,734] ?????????(BUFF?)?hit:0,crit:0,critInjure:0,dodge:0,ignoreCrit:0,ignoreCritInjure:0,critBoss:0,critInjureBoss:0
[2026-06-14 02:38:40,734] ?????????(BUFF?)?hit:0,crit:0,critInjure:250,dodge:0,ignoreCrit:0,ignoreCritInjure:0,critBoss:250,critInjureBoss:0
[2026-06-14 02:38:40,734] ?????????(BUFF?)?hit:0,crit:0,critInjure:0,dodge:0,ignoreCrit:0,ignoreCritInjure:0,critBoss:0,critInjureBoss:0
[2026-06-14 02:38:40,734] ?????????(BUFF?)?maxPAtk:155688,maxPDef:88198,maxMDef:65660,ignorePDef:0,ignoreMDef:35063,injureAdd:100,injureIgnore:0,injureAddBoss:100
[2026-06-14 02:38:40,734] ?????????(BUFF?)?maxPAtk:8091,maxPDef:1600,maxMDef:1600,ignorePDef:0,ignoreMDef:0,injureAdd:0,injureIgnore:0,injureAddBoss:0
[2026-06-14 02:38:40,734] ?????????(BUFF?)?maxPAtk:155688,maxPDef:88198,maxMDef:65660,ignorePDef:0,ignoreMDef:35063,injureAdd:100,injureIgnore:0,injureAddBoss:100
[2026-06-14 02:38:40,734] ?????????(BUFF?)?maxPAtk:8091,maxPDef:1600,maxMDef:1600,ignorePDef:0,ignoreMDef:0,injureAdd:0,injureIgnore:0,injureAddBoss:0
[2026-06-14 02:38:40,734] ?????158901
[2026-06-14 02:38:40,734] ??????BUFF???158901
[2026-06-14 02:38:40,734] (Xilisi,5c0e12da-1575-433a-9479-36fce515e685) ???158901;????631099/800000
[2026-06-14 02:38:40,734] =========[?????]?????END??(Fireball)


[2026-06-14 02:38:40,839] ????????[d1806f2b-c67b-4e48-8e65-e94548e56e23]->[5c0e12da-1575-433a-9479-36fce515e685],?????[9]
[2026-06-14 02:38:40,839] ??????????[????,d1806f2b-c67b-4e48-8e65-e94548e56e23]->[Xilisi,5c0e12da-1575-433a-9479-36fce515e685],?????[9]

[2026-06-14 02:38:40,839] >>>>>[????]?????BEGIN??(Giant Rock Holy Shield), ??=Support Skill, applies Shield Reduction of|C:0x34E22C&T:20%|T: damage value, for|C:0x34E22C&T:5|T:s, upon breaking, targets surrounding enemies, dealing|C:0x34E22C&T:120%+{0}|T:Magic Damage, ???????, ?????0
[2026-06-14 02:38:40,839] [????]??BUFF?(Giant Rock Holy Shield[3201]), ????=5000, ??=2000
[2026-06-14 02:38:40,839] [????]?????1389985
[2026-06-14 02:38:40,839] =========[????]???????????(Giant Rock Holy Shield)

[2026-06-14 02:38:40,945] ????????[????],posX=19,posY=26

[2026-06-14 02:38:41,015] ????????[bd0d352c-abdf-4576-a426-08b6080bd21e]->[5c0e12da-1575-433a-9479-36fce515e685],?????[1201]
[2026-06-14 02:38:41,015] ??????????[Otherworld Elf Ruila,bd0d352c-abdf-4576-a426-08b6080bd21e]->[Xilisi,5c0e12da-1575-433a-9479-36fce515e685],?????[1201]

[2026-06-14 02:38:41,015] >>>>>[Otherworld Elf Ruila]?????BEGIN??(Fireball), ??=Single Target ATK, uses Magic's power to form a fireball, targeting Single target,deal|C:0x34E22C&T:100%+100|T:Magic Damage., ???Xilisi, ?????2
[2026-06-14 02:38:41,015] >>>>>[Otherworld Elf Ruila]?????(Xilisi), ????[17,27]; ????[23,27]
[2026-06-14 02:38:41,015] ?????????1
[2026-06-14 02:38:41,015] >>>>???(Otherworld Elf Ruila) -> (Xilisi) ?????100, ?????100, ?????1, ??XP???false
[2026-06-14 02:38:41,015] ?????????(BUFF?)?hit:0,crit:0,critInjure:250,dodge:0,ignoreCrit:0,ignoreCritInjure:0,critBoss:250,critInjureBoss:0
[2026-06-14 02:38:41,015] ?????????(BUFF?)?hit:0,crit:0,critInjure:0,dodge:0,ignoreCrit:0,ignoreCritInjure:0,critBoss:0,critInjureBoss:0
[2026-06-14 02:38:41,015] ?????????(BUFF?)?hit:0,crit:0,critInjure:250,dodge:0,ignoreCrit:0,ignoreCritInjure:0,critBoss:250,critInjureBoss:0
[2026-06-14 02:38:41,015] ?????????(BUFF?)?hit:0,crit:0,critInjure:0,dodge:0,ignoreCrit:0,ignoreCritInjure:0,critBoss:0,critInjureBoss:0
[2026-06-14 02:38:41,015] ?????????(BUFF?)?maxPAtk:109807,maxPDef:68309,maxMDef:37615,ignorePDef:0,ignoreMDef:6887,injureAdd:0,injureIgnore:0,injureAddBoss:100
[2026-06-14 02:38:41,015] ?????????(BUFF?)?maxPAtk:8091,maxPDef:1600,maxMDef:1600,ignorePDef:0,ignoreMDef:0,injureAdd:0,injureIgnore:0,injureAddBoss:0
[2026-06-14 02:38:41,015] ?????????(BUFF?)?maxPAtk:109807,maxPDef:68309,maxMDef:37615,ignorePDef:0,ignoreMDef:6887,injureAdd:0,injureIgnore:0,injureAddBoss:100
[2026-06-14 02:38:41,015] ?????????(BUFF?)?maxPAtk:8091,maxPDef:1600,maxMDef:1600,ignorePDef:0,ignoreMDef:0,injureAdd:0,injureIgnore:0,injureAddBoss:0
[2026-06-14 02:38:41,015] ?????111005
[2026-06-14 02:38:41,015] ??????BUFF???111005
[2026-06-14 02:38:41,015] (Xilisi,5c0e12da-1575-433a-9479-36fce515e685) ???111005;????520094/800000
[2026-06-14 02:38:41,015] =========[Otherworld Elf Ruila]?????END??(Fireball)


[2026-06-14 02:38:41,122] ????????[65b226f4-3d1c-4a60-838c-6aa6fda1c644]->[5c0e12da-1575-433a-9479-36fce515e685],?????[1201]
[2026-06-14 02:38:41,122] ??????????[?????,65b226f4-3d1c-4a60-838c-6aa6fda1c644]->[Xilisi,5c0e12da-1575-433a-9479-36fce515e685],?????[1201]

[2026-06-14 02:38:41,122] >>>>>[?????]?????BEGIN??(Fireball), ??=Single Target ATK, uses Magic's power to form a fireball, targeting Single target,deal|C:0x34E22C&T:100%+100|T:Magic Damage., ???Xilisi, ?????2
[2026-06-14 02:38:41,122] >>>>>[?????]?????(Xilisi), ????[17,27]; ????[23,27]
[2026-06-14 02:38:41,122] ?????????1
[2026-06-14 02:38:41,122] >>>>???(?????) -> (Xilisi) ?????100, ?????100, ?????1, ??XP???false
[2026-06-14 02:38:41,122] ?????????(BUFF?)?hit:0,crit:0,critInjure:250,dodge:0,ignoreCrit:0,ignoreCritInjure:0,critBoss:250,critInjureBoss:0
[2026-06-14 02:38:41,122] ?????????(BUFF?)?hit:0,crit:0,critInjure:0,dodge:0,ignoreCrit:0,ignoreCritInjure:0,critBoss:0,critInjureBoss:0
[2026-06-14 02:38:41,122] ?????????(BUFF?)?hit:0,crit:0,critInjure:250,dodge:0,ignoreCrit:0,ignoreCritInjure:0,critBoss:250,critInjureBoss:0
[2026-06-14 02:38:41,122] ?????????(BUFF?)?hit:0,crit:0,critInjure:0,dodge:0,ignoreCrit:0,ignoreCritInjure:0,critBoss:0,critInjureBoss:0
[2026-06-14 02:38:41,122] ?????????(BUFF?)?maxPAtk:109532,maxPDef:64692,maxMDef:38977,ignorePDef:0,ignoreMDef:5809,injureAdd:0,injureIgnore:0,injureAddBoss:100
[2026-06-14 02:38:41,122] ?????????(BUFF?)?maxPAtk:8091,maxPDef:1600,maxMDef:1600,ignorePDef:0,ignoreMDef:0,injureAdd:0,injureIgnore:0,injureAddBoss:0
[2026-06-14 02:38:41,122] ?????????(BUFF?)?maxPAtk:109532,maxPDef:64692,maxMDef:38977,ignorePDef:0,ignoreMDef:5809,injureAdd:0,injureIgnore:0,injureAddBoss:100
[2026-06-14 02:38:41,122] ?????????(BUFF?)?maxPAtk:8091,maxPDef:1600,maxMDef:1600,ignorePDef:0,ignoreMDef:0,injureAdd:0,injureIgnore:0,injureAddBoss:0
[2026-06-14 02:38:41,122] ?????110727
[2026-06-14 02:38:41,122] ??????BUFF???110727
[2026-06-14 02:38:41,122] (Xilisi,5c0e12da-1575-433a-9479-36fce515e685) ???110727;????409367/800000
[2026-06-14 02:38:41,122] =========[?????]?????END??(Fireball)

[2026-06-14 02:38:41,263] ????????[????],posX=20,posY=25
[2026-06-14 02:38:41,609] (????) ???1200;????6949926/6949926

[2026-06-14 02:38:41,612] >>>>>[Xilisi]?????BEGIN??(Boss Ranged Attack), ??=NormalATK, ???????, ?????6
[2026-06-14 02:38:41,612] >>>>>[Xilisi]?????(????), ????[23,27]; ????[20,25]
[2026-06-14 02:38:41,612] ?????????1
[2026-06-14 02:38:41,612] >>>>???(Xilisi) -> (????) ?????100, ?????0, ?????1, ??XP???false
[2026-06-14 02:38:41,612] ?????????(BUFF?)?hit:0,crit:0,critInjure:0,dodge:0,ignoreCrit:0,ignoreCritInjure:0,critBoss:0,critInjureBoss:0
[2026-06-14 02:38:41,612] ?????????(BUFF?)?hit:60,crit:288,critInjure:610,dodge:15,ignoreCrit:0,ignoreCritInjure:0,critBoss:250,critInjureBoss:0
[2026-06-14 02:38:41,612] ?????????(BUFF?)?hit:0,crit:0,critInjure:0,dodge:0,ignoreCrit:0,ignoreCritInjure:0,critBoss:0,critInjureBoss:0
[2026-06-14 02:38:41,612] ?????????(BUFF?)?hit:60,crit:288,critInjure:610,dodge:15,ignoreCrit:0,ignoreCritInjure:0,critBoss:250,critInjureBoss:0
[2026-06-14 02:38:41,612] ?????????(BUFF?)?maxPAtk:8091,maxPDef:1600,maxMDef:1600,ignorePDef:0,ignoreMDef:0,injureAdd:0,injureIgnore:0,injureAddBoss:0
[2026-06-14 02:38:41,612] ?????????(BUFF?)?maxPAtk:537036,maxPDef:320573,maxMDef:292686,ignorePDef:923,ignoreMDef:1836,injureAdd:0,injureIgnore:1000,injureAddBoss:100
[2026-06-14 02:38:41,612] [????]???????(Feather Shield), ??=1000, buffStr=601011, ???????
[2026-06-14 02:38:41,612] [????]??BUFF?(Feather Shield[9006]), ????=0, ??=10000
[2026-06-14 02:38:41,612] [????]??BUFF?(Feather Shield), ??=increasescharacterfixed|C:0x34E22C&T:10000|T: ptsHP, ?????0
[2026-06-14 02:38:41,612] ?????????(BUFF?)?maxPAtk:8091,maxPDef:1600,maxMDef:1600,ignorePDef:0,ignoreMDef:0,injureAdd:0,injureIgnore:0,injureAddBoss:0
[2026-06-14 02:38:41,612] ?????????(BUFF?)?maxPAtk:537036,maxPDef:320573,maxMDef:292686,ignorePDef:923,ignoreMDef:1836,injureAdd:0,injureIgnore:1000,injureAddBoss:100
[2026-06-14 02:38:41,612] ?????195
[2026-06-14 02:38:41,612] ??????BUFF???195
[2026-06-14 02:38:41,612] [????]??BUFF?(Giant Rock Holy Shield), ??=Absorb Max HP|C:0x34E22C&T:20%|T:damage, ?????4227
[2026-06-14 02:38:41,612] [????]??BUFF?(Feather Shield), ??=increasescharacterfixed|C:0x34E22C&T:10000|T: ptsHP, ?????0
[2026-06-14 02:38:41,612] [????]?????195, ?????1389790
[2026-06-14 02:38:41,612] (????,d1806f2b-c67b-4e48-8e65-e94548e56e23) ???0;????6949926/6949926
[2026-06-14 02:38:41,612] [????]??BUFF?(Feather Shield), ??=increasescharacterfixed|C:0x34E22C&T:10000|T: ptsHP, ?????0
[2026-06-14 02:38:41,612] [????]??BUFF?(Feather Shield), ??=increasescharacterfixed|C:0x34E22C&T:10000|T: ptsHP, ?????0
[2026-06-14 02:38:41,612] (????) ???10000;????6949926/6949926
[2026-06-14 02:38:41,612] =========[Xilisi]?????END??(Boss Ranged Attack)

[2026-06-14 02:38:41,614] [????]??BUFF?(Feather Shield[9006])
[2026-06-14 02:38:41,615] ????????[????],posX=21,posY=26

[2026-06-14 02:38:41,652] ????????[ebc35acd-9d47-43c8-b6d6-2e231c80d600]->[5c0e12da-1575-433a-9479-36fce515e685],?????[1201]
[2026-06-14 02:38:41,652] ??????????[?????,ebc35acd-9d47-43c8-b6d6-2e231c80d600]->[Xilisi,5c0e12da-1575-433a-9479-36fce515e685],?????[1201]

[2026-06-14 02:38:41,652] >>>>>[?????]?????BEGIN??(Fireball), ??=Single Target ATK, uses Magic's power to form a fireball, targeting Single target,deal|C:0x34E22C&T:100%+100|T:Magic Damage., ???Xilisi, ?????2
[2026-06-14 02:38:41,652] >>>>>[?????]?????(Xilisi), ????[17,27]; ????[23,27]
[2026-06-14 02:38:41,652] ?????????1
[2026-06-14 02:38:41,652] >>>>???(?????) -> (Xilisi) ?????100, ?????100, ?????1, ??XP???false
[2026-06-14 02:38:41,652] ?????????(BUFF?)?hit:0,crit:0,critInjure:250,dodge:0,ignoreCrit:0,ignoreCritInjure:0,critBoss:250,critInjureBoss:0
[2026-06-14 02:38:41,652] ?????????(BUFF?)?hit:0,crit:0,critInjure:0,dodge:0,ignoreCrit:0,ignoreCritInjure:0,critBoss:0,critInjureBoss:0
[2026-06-14 02:38:41,652] ?????????(BUFF?)?hit:0,crit:0,critInjure:250,dodge:0,ignoreCrit:0,ignoreCritInjure:0,critBoss:250,critInjureBoss:0
[2026-06-14 02:38:41,652] ?????????(BUFF?)?hit:0,crit:0,critInjure:0,dodge:0,ignoreCrit:0,ignoreCritInjure:0,critBoss:0,critInjureBoss:0
[2026-06-14 02:38:41,652] ?????????(BUFF?)?maxPAtk:155688,maxPDef:88198,maxMDef:65660,ignorePDef:0,ignoreMDef:35063,injureAdd:100,injureIgnore:0,injureAddBoss:100
[2026-06-14 02:38:41,652] ?????????(BUFF?)?maxPAtk:8091,maxPDef:1600,maxMDef:1600,ignorePDef:0,ignoreMDef:0,injureAdd:0,injureIgnore:0,injureAddBoss:0
[2026-06-14 02:38:41,652] ?????????(BUFF?)?maxPAtk:155688,maxPDef:88198,maxMDef:65660,ignorePDef:0,ignoreMDef:35063,injureAdd:100,injureIgnore:0,injureAddBoss:100
[2026-06-14 02:38:41,652] ?????????(BUFF?)?maxPAtk:8091,maxPDef:1600,maxMDef:1600,ignorePDef:0,ignoreMDef:0,injureAdd:0,injureIgnore:0,injureAddBoss:0
[2026-06-14 02:38:41,652] ?????158901
[2026-06-14 02:38:41,652] ??????BUFF???158901
[2026-06-14 02:38:41,653] (Xilisi,5c0e12da-1575-433a-9479-36fce515e685) ???158901;????250466/800000
[2026-06-14 02:38:41,653] =========[?????]?????END??(Fireball)


[2026-06-14 02:38:41,931] ????????[bd0d352c-abdf-4576-a426-08b6080bd21e]->[5c0e12da-1575-433a-9479-36fce515e685],?????[1201]
[2026-06-14 02:38:41,931] ??????????[Otherworld Elf Ruila,bd0d352c-abdf-4576-a426-08b6080bd21e]->[Xilisi,5c0e12da-1575-433a-9479-36fce515e685],?????[1201]

[2026-06-14 02:38:41,931] >>>>>[Otherworld Elf Ruila]?????BEGIN??(Fireball), ??=Single Target ATK, uses Magic's power to form a fireball, targeting Single target,deal|C:0x34E22C&T:100%+100|T:Magic Damage., ???Xilisi, ?????2
[2026-06-14 02:38:41,931] >>>>>[Otherworld Elf Ruila]?????(Xilisi), ????[17,27]; ????[23,27]
[2026-06-14 02:38:41,931] ?????????1
[2026-06-14 02:38:41,931] >>>>???(Otherworld Elf Ruila) -> (Xilisi) ?????100, ?????100, ?????1, ??XP???false
[2026-06-14 02:38:41,931] ?????????(BUFF?)?hit:0,crit:0,critInjure:250,dodge:0,ignoreCrit:0,ignoreCritInjure:0,critBoss:250,critInjureBoss:0
[2026-06-14 02:38:41,931] ?????????(BUFF?)?hit:0,crit:0,critInjure:0,dodge:0,ignoreCrit:0,ignoreCritInjure:0,critBoss:0,critInjureBoss:0
[2026-06-14 02:38:41,931] ?????????(BUFF?)?hit:0,crit:0,critInjure:250,dodge:0,ignoreCrit:0,ignoreCritInjure:0,critBoss:250,critInjureBoss:0
[2026-06-14 02:38:41,931] ?????????(BUFF?)?hit:0,crit:0,critInjure:0,dodge:0,ignoreCrit:0,ignoreCritInjure:0,critBoss:0,critInjureBoss:0
[2026-06-14 02:38:41,931] ?????????(BUFF?)?maxPAtk:109807,maxPDef:68309,maxMDef:37615,ignorePDef:0,ignoreMDef:6887,injureAdd:0,injureIgnore:0,injureAddBoss:100
[2026-06-14 02:38:41,931] ?????????(BUFF?)?maxPAtk:8091,maxPDef:1600,maxMDef:1600,ignorePDef:0,ignoreMDef:0,injureAdd:0,injureIgnore:0,injureAddBoss:0
[2026-06-14 02:38:41,931] ?????????(BUFF?)?maxPAtk:109807,maxPDef:68309,maxMDef:37615,ignorePDef:0,ignoreMDef:6887,injureAdd:0,injureIgnore:0,injureAddBoss:100
[2026-06-14 02:38:41,931] ?????????(BUFF?)?maxPAtk:8091,maxPDef:1600,maxMDef:1600,ignorePDef:0,ignoreMDef:0,injureAdd:0,injureIgnore:0,injureAddBoss:0
[2026-06-14 02:38:41,931] ?????111005
[2026-06-14 02:38:41,931] ??????BUFF???111005
[2026-06-14 02:38:41,931] (Xilisi,5c0e12da-1575-433a-9479-36fce515e685) ???111005;????139461/800000
[2026-06-14 02:38:41,931] =========[Otherworld Elf Ruila]?????END??(Fireball)


[2026-06-14 02:38:42,039] ????????[65b226f4-3d1c-4a60-838c-6aa6fda1c644]->[5c0e12da-1575-433a-9479-36fce515e685],?????[1201]
[2026-06-14 02:38:42,039] ??????????[?????,65b226f4-3d1c-4a60-838c-6aa6fda1c644]->[Xilisi,5c0e12da-1575-433a-9479-36fce515e685],?????[1201]

[2026-06-14 02:38:42,039] >>>>>[?????]?????BEGIN??(Fireball), ??=Single Target ATK, uses Magic's power to form a fireball, targeting Single target,deal|C:0x34E22C&T:100%+100|T:Magic Damage., ???Xilisi, ?????2
[2026-06-14 02:38:42,039] >>>>>[?????]?????(Xilisi), ????[17,27]; ????[23,27]
[2026-06-14 02:38:42,039] ?????????1
[2026-06-14 02:38:42,039] >>>>???(?????) -> (Xilisi) ?????100, ?????100, ?????1, ??XP???false
[2026-06-14 02:38:42,039] ?????????(BUFF?)?hit:0,crit:0,critInjure:250,dodge:0,ignoreCrit:0,ignoreCritInjure:0,critBoss:250,critInjureBoss:0
[2026-06-14 02:38:42,039] ?????????(BUFF?)?hit:0,crit:0,critInjure:0,dodge:0,ignoreCrit:0,ignoreCritInjure:0,critBoss:0,critInjureBoss:0
[2026-06-14 02:38:42,039] ?????????(BUFF?)?hit:0,crit:0,critInjure:250,dodge:0,ignoreCrit:0,ignoreCritInjure:0,critBoss:250,critInjureBoss:0
[2026-06-14 02:38:42,039] ?????????(BUFF?)?hit:0,crit:0,critInjure:0,dodge:0,ignoreCrit:0,ignoreCritInjure:0,critBoss:0,critInjureBoss:0
[2026-06-14 02:38:42,039] ?????????(BUFF?)?maxPAtk:109532,maxPDef:64692,maxMDef:38977,ignorePDef:0,ignoreMDef:5809,injureAdd:0,injureIgnore:0,injureAddBoss:100
[2026-06-14 02:38:42,039] ?????????(BUFF?)?maxPAtk:8091,maxPDef:1600,maxMDef:1600,ignorePDef:0,ignoreMDef:0,injureAdd:0,injureIgnore:0,injureAddBoss:0
[2026-06-14 02:38:42,039] ?????????(BUFF?)?maxPAtk:109532,maxPDef:64692,maxMDef:38977,ignorePDef:0,ignoreMDef:5809,injureAdd:0,injureIgnore:0,injureAddBoss:100
[2026-06-14 02:38:42,039] ?????????(BUFF?)?maxPAtk:8091,maxPDef:1600,maxMDef:1600,ignorePDef:0,ignoreMDef:0,injureAdd:0,injureIgnore:0,injureAddBoss:0
[2026-06-14 02:38:42,039] ?????110727
[2026-06-14 02:38:42,039] ??????BUFF???110727
[2026-06-14 02:38:42,039] (Xilisi,5c0e12da-1575-433a-9479-36fce515e685) ???110727;????28734/800000
[2026-06-14 02:38:42,039] =========[?????]?????END??(Fireball)


[2026-06-14 02:38:42,569] ????????[ebc35acd-9d47-43c8-b6d6-2e231c80d600]->[5c0e12da-1575-433a-9479-36fce515e685],?????[1201]
[2026-06-14 02:38:42,569] ??????????[?????,ebc35acd-9d47-43c8-b6d6-2e231c80d600]->[Xilisi,5c0e12da-1575-433a-9479-36fce515e685],?????[1201]

[2026-06-14 02:38:42,569] >>>>>[?????]?????BEGIN??(Fireball), ??=Single Target ATK, uses Magic's power to form a fireball, targeting Single target,deal|C:0x34E22C&T:100%+100|T:Magic Damage., ???Xilisi, ?????2
[2026-06-14 02:38:42,569] >>>>>[?????]?????(Xilisi), ????[17,27]; ????[23,27]
[2026-06-14 02:38:42,569] ?????????1
[2026-06-14 02:38:42,569] >>>>???(?????) -> (Xilisi) ?????100, ?????100, ?????1, ??XP???false
[2026-06-14 02:38:42,569] ?????????(BUFF?)?hit:0,crit:0,critInjure:250,dodge:0,ignoreCrit:0,ignoreCritInjure:0,critBoss:250,critInjureBoss:0
[2026-06-14 02:38:42,569] ?????????(BUFF?)?hit:0,crit:0,critInjure:0,dodge:0,ignoreCrit:0,ignoreCritInjure:0,critBoss:0,critInjureBoss:0
[2026-06-14 02:38:42,569] ?????????(BUFF?)?hit:0,crit:0,critInjure:250,dodge:0,ignoreCrit:0,ignoreCritInjure:0,critBoss:250,critInjureBoss:0
[2026-06-14 02:38:42,569] ?????????(BUFF?)?hit:0,crit:0,critInjure:0,dodge:0,ignoreCrit:0,ignoreCritInjure:0,critBoss:0,critInjureBoss:0
[2026-06-14 02:38:42,569] ?????????(BUFF?)?maxPAtk:155688,maxPDef:88198,maxMDef:65660,ignorePDef:0,ignoreMDef:35063,injureAdd:100,injureIgnore:0,injureAddBoss:100
[2026-06-14 02:38:42,569] ?????????(BUFF?)?maxPAtk:8091,maxPDef:1600,maxMDef:1600,ignorePDef:0,ignoreMDef:0,injureAdd:0,injureIgnore:0,injureAddBoss:0
[2026-06-14 02:38:42,569] ?????????(BUFF?)?maxPAtk:155688,maxPDef:88198,maxMDef:65660,ignorePDef:0,ignoreMDef:35063,injureAdd:100,injureIgnore:0,injureAddBoss:100
[2026-06-14 02:38:42,569] ?????????(BUFF?)?maxPAtk:8091,maxPDef:1600,maxMDef:1600,ignorePDef:0,ignoreMDef:0,injureAdd:0,injureIgnore:0,injureAddBoss:0
[2026-06-14 02:38:42,569] ?????158901
[2026-06-14 02:38:42,569] ??????BUFF???158901
[2026-06-14 02:38:42,569] (Xilisi,5c0e12da-1575-433a-9479-36fce515e685) ???158901;????0/800000
[2026-06-14 02:38:42,569] ???(????,d1806f2b-c67b-4e48-8e65-e94548e56e23) ??????: objectId=5c0e12da-1575-433a-9479-36fce515e685,status=0
[2026-06-14 02:38:42,571] (Xilisi,5c0e12da-1575-433a-9479-36fce515e685) ?????1781375922571
[2026-06-14 02:38:42,571] =========[?????]?????END??(Fireball)

[2026-06-14 02:38:42,675] ?canControlObject??????????name=[????]
[2026-06-14 02:38:42,850] ?canControlObject??????????name=[????]
