[2026-06-14 02:38:05,634] ?Nightmare Lamassu?????????????
[2026-06-14 02:38:05,635] [????]??BUFF?(Giant Rock Holy Shield[3201])
[2026-06-14 02:38:05,635] (????) ???1200;????6949926/6949926

[2026-06-14 02:38:06,426] ????????[ebc35acd-9d47-43c8-b6d6-2e231c80d600]->[5f0d0ee7-9a18-4df7-84e1-d2b3f60ae1a1],?????[1201]
[2026-06-14 02:38:06,426] ??????????[?????,ebc35acd-9d47-43c8-b6d6-2e231c80d600]->[Nightmare Lamassu,5f0d0ee7-9a18-4df7-84e1-d2b3f60ae1a1],?????[1201]

[2026-06-14 02:38:06,426] >>>>>[?????]?????BEGIN??(Fireball), ??=Single Target ATK, uses Magic's power to form a fireball, targeting Single target,deal|C:0x34E22C&T:100%+100|T:Magic Damage., ???Nightmare Lamassu, ?????2
[2026-06-14 02:38:06,426] >>>>>[?????]?????(Nightmare Lamassu), ????[17,27]; ????[22,27]
[2026-06-14 02:38:06,426] ?????????1
[2026-06-14 02:38:06,426] >>>>???(?????) -> (Nightmare Lamassu) ?????100, ?????100, ?????1, ??XP???false
[2026-06-14 02:38:06,426] ?????????(BUFF?)?hit:0,crit:0,critInjure:250,dodge:0,ignoreCrit:0,ignoreCritInjure:0,critBoss:250,critInjureBoss:0
[2026-06-14 02:38:06,426] ?????????(BUFF?)?hit:0,crit:0,critInjure:0,dodge:0,ignoreCrit:0,ignoreCritInjure:0,critBoss:0,critInjureBoss:0
[2026-06-14 02:38:06,426] ?????????(BUFF?)?hit:0,crit:0,critInjure:250,dodge:0,ignoreCrit:0,ignoreCritInjure:0,critBoss:250,critInjureBoss:0
[2026-06-14 02:38:06,426] ?????????(BUFF?)?hit:0,crit:0,critInjure:0,dodge:0,ignoreCrit:0,ignoreCritInjure:0,critBoss:0,critInjureBoss:0
[2026-06-14 02:38:06,426] ?????????(BUFF?)?maxPAtk:155688,maxPDef:88198,maxMDef:65660,ignorePDef:0,ignoreMDef:35063,injureAdd:100,injureIgnore:0,injureAddBoss:100
[2026-06-14 02:38:06,426] ?????????(BUFF?)?maxPAtk:8036,maxPDef:1586,maxMDef:1586,ignorePDef:0,ignoreMDef:0,injureAdd:0,injureIgnore:0,injureAddBoss:0
[2026-06-14 02:38:06,426] ?????????(BUFF?)?maxPAtk:155688,maxPDef:88198,maxMDef:65660,ignorePDef:0,ignoreMDef:35063,injureAdd:100,injureIgnore:0,injureAddBoss:100
[2026-06-14 02:38:06,426] ?????????(BUFF?)?maxPAtk:8036,maxPDef:1586,maxMDef:1586,ignorePDef:0,ignoreMDef:0,injureAdd:0,injureIgnore:0,injureAddBoss:0
[2026-06-14 02:38:06,426] ?????158901
[2026-06-14 02:38:06,426] ??????BUFF???158901
[2026-06-14 02:38:06,426] (Nightmare Lamassu,5f0d0ee7-9a18-4df7-84e1-d2b3f60ae1a1) ???158901;????634099/793000
[2026-06-14 02:38:06,426] =========[?????]?????END??(Fireball)


[2026-06-14 02:38:06,497] ????????[d1806f2b-c67b-4e48-8e65-e94548e56e23]->[5f0d0ee7-9a18-4df7-84e1-d2b3f60ae1a1],?????[9]
[2026-06-14 02:38:06,497] ??????????[????,d1806f2b-c67b-4e48-8e65-e94548e56e23]->[Nightmare Lamassu,5f0d0ee7-9a18-4df7-84e1-d2b3f60ae1a1],?????[9]

[2026-06-14 02:38:06,497] >>>>>[????]?????BEGIN??(Giant Rock Holy Shield), ??=Support Skill, applies Shield Reduction of|C:0x34E22C&T:20%|T: damage value, for|C:0x34E22C&T:5|T:s, upon breaking, targets surrounding enemies, dealing|C:0x34E22C&T:120%+{0}|T:Magic Damage, ???????, ?????0
[2026-06-14 02:38:06,497] [????]??BUFF?(Giant Rock Holy Shield[3201]), ????=5000, ??=2000
[2026-06-14 02:38:06,497] [????]?????1389985
[2026-06-14 02:38:06,497] =========[????]???????????(Giant Rock Holy Shield)

[2026-06-14 02:38:06,603] ????????[????],posX=18,posY=27
[2026-06-14 02:38:06,634] (????) ???1200;????6949926/6949926

[2026-06-14 02:38:06,742] ????????[bd0d352c-abdf-4576-a426-08b6080bd21e]->[5f0d0ee7-9a18-4df7-84e1-d2b3f60ae1a1],?????[1201]
[2026-06-14 02:38:06,742] ??????????[Otherworld Elf Ruila,bd0d352c-abdf-4576-a426-08b6080bd21e]->[Nightmare Lamassu,5f0d0ee7-9a18-4df7-84e1-d2b3f60ae1a1],?????[1201]

[2026-06-14 02:38:06,742] >>>>>[Otherworld Elf Ruila]?????BEGIN??(Fireball), ??=Single Target ATK, uses Magic's power to form a fireball, targeting Single target,deal|C:0x34E22C&T:100%+100|T:Magic Damage., ???Nightmare Lamassu, ?????2
[2026-06-14 02:38:06,742] >>>>>[Otherworld Elf Ruila]?????(Nightmare Lamassu), ????[17,27]; ????[22,27]
[2026-06-14 02:38:06,742] ?????????1
[2026-06-14 02:38:06,742] >>>>???(Otherworld Elf Ruila) -> (Nightmare Lamassu) ?????100, ?????100, ?????1, ??XP???false
[2026-06-14 02:38:06,742] ?????????(BUFF?)?hit:0,crit:0,critInjure:250,dodge:0,ignoreCrit:0,ignoreCritInjure:0,critBoss:250,critInjureBoss:0
[2026-06-14 02:38:06,742] ?????????(BUFF?)?hit:0,crit:0,critInjure:0,dodge:0,ignoreCrit:0,ignoreCritInjure:0,critBoss:0,critInjureBoss:0
[2026-06-14 02:38:06,742] ?????????(BUFF?)?hit:0,crit:0,critInjure:250,dodge:0,ignoreCrit:0,ignoreCritInjure:0,critBoss:250,critInjureBoss:0
[2026-06-14 02:38:06,742] ?????????(BUFF?)?hit:0,crit:0,critInjure:0,dodge:0,ignoreCrit:0,ignoreCritInjure:0,critBoss:0,critInjureBoss:0
[2026-06-14 02:38:06,742] ?????????(BUFF?)?maxPAtk:109807,maxPDef:68309,maxMDef:37615,ignorePDef:0,ignoreMDef:6887,injureAdd:0,injureIgnore:0,injureAddBoss:100
[2026-06-14 02:38:06,742] ?????????(BUFF?)?maxPAtk:8036,maxPDef:1586,maxMDef:1586,ignorePDef:0,ignoreMDef:0,injureAdd:0,injureIgnore:0,injureAddBoss:0
[2026-06-14 02:38:06,742] ?????????(BUFF?)?maxPAtk:109807,maxPDef:68309,maxMDef:37615,ignorePDef:0,ignoreMDef:6887,injureAdd:0,injureIgnore:0,injureAddBoss:100
[2026-06-14 02:38:06,742] ?????????(BUFF?)?maxPAtk:8036,maxPDef:1586,maxMDef:1586,ignorePDef:0,ignoreMDef:0,injureAdd:0,injureIgnore:0,injureAddBoss:0
[2026-06-14 02:38:06,742] ?????111005
[2026-06-14 02:38:06,742] ??????BUFF???111005
[2026-06-14 02:38:06,742] (Nightmare Lamassu,5f0d0ee7-9a18-4df7-84e1-d2b3f60ae1a1) ???111005;????523094/793000
[2026-06-14 02:38:06,742] =========[Otherworld Elf Ruila]?????END??(Fireball)


[2026-06-14 02:38:06,777] ????????[65b226f4-3d1c-4a60-838c-6aa6fda1c644]->[5f0d0ee7-9a18-4df7-84e1-d2b3f60ae1a1],?????[1201]
[2026-06-14 02:38:06,777] ??????????[?????,65b226f4-3d1c-4a60-838c-6aa6fda1c644]->[Nightmare Lamassu,5f0d0ee7-9a18-4df7-84e1-d2b3f60ae1a1],?????[1201]

[2026-06-14 02:38:06,777] >>>>>[?????]?????BEGIN??(Fireball), ??=Single Target ATK, uses Magic's power to form a fireball, targeting Single target,deal|C:0x34E22C&T:100%+100|T:Magic Damage., ???Nightmare Lamassu, ?????2
[2026-06-14 02:38:06,777] >>>>>[?????]?????(Nightmare Lamassu), ????[17,27]; ????[22,27]
[2026-06-14 02:38:06,777] ?????????1
[2026-06-14 02:38:06,777] >>>>???(?????) -> (Nightmare Lamassu) ?????100, ?????100, ?????1, ??XP???false
[2026-06-14 02:38:06,777] ?????????(BUFF?)?hit:0,crit:0,critInjure:250,dodge:0,ignoreCrit:0,ignoreCritInjure:0,critBoss:250,critInjureBoss:0
[2026-06-14 02:38:06,777] ?????????(BUFF?)?hit:0,crit:0,critInjure:0,dodge:0,ignoreCrit:0,ignoreCritInjure:0,critBoss:0,critInjureBoss:0
[2026-06-14 02:38:06,777] ?????????(BUFF?)?hit:0,crit:0,critInjure:250,dodge:0,ignoreCrit:0,ignoreCritInjure:0,critBoss:250,critInjureBoss:0
[2026-06-14 02:38:06,777] ?????????(BUFF?)?hit:0,crit:0,critInjure:0,dodge:0,ignoreCrit:0,ignoreCritInjure:0,critBoss:0,critInjureBoss:0
[2026-06-14 02:38:06,777] ?????????(BUFF?)?maxPAtk:109532,maxPDef:64692,maxMDef:38977,ignorePDef:0,ignoreMDef:5809,injureAdd:0,injureIgnore:0,injureAddBoss:100
[2026-06-14 02:38:06,777] ?????????(BUFF?)?maxPAtk:8036,maxPDef:1586,maxMDef:1586,ignorePDef:0,ignoreMDef:0,injureAdd:0,injureIgnore:0,injureAddBoss:0
[2026-06-14 02:38:06,777] ?????????(BUFF?)?maxPAtk:109532,maxPDef:64692,maxMDef:38977,ignorePDef:0,ignoreMDef:5809,injureAdd:0,injureIgnore:0,injureAddBoss:100
[2026-06-14 02:38:06,777] ?????????(BUFF?)?maxPAtk:8036,maxPDef:1586,maxMDef:1586,ignorePDef:0,ignoreMDef:0,injureAdd:0,injureIgnore:0,injureAddBoss:0
[2026-06-14 02:38:06,777] ?????110727
[2026-06-14 02:38:06,777] ??????BUFF???110727
[2026-06-14 02:38:06,777] (Nightmare Lamassu,5f0d0ee7-9a18-4df7-84e1-d2b3f60ae1a1) ???110727;????412367/793000
[2026-06-14 02:38:06,777] =========[?????]?????END??(Fireball)

[2026-06-14 02:38:06,920] ????????[????],posX=19,posY=26
[2026-06-14 02:38:07,269] ????????[????],posX=20,posY=26

[2026-06-14 02:38:07,341] ????????[ebc35acd-9d47-43c8-b6d6-2e231c80d600]->[5f0d0ee7-9a18-4df7-84e1-d2b3f60ae1a1],?????[1201]
[2026-06-14 02:38:07,341] ??????????[?????,ebc35acd-9d47-43c8-b6d6-2e231c80d600]->[Nightmare Lamassu,5f0d0ee7-9a18-4df7-84e1-d2b3f60ae1a1],?????[1201]

[2026-06-14 02:38:07,341] >>>>>[?????]?????BEGIN??(Fireball), ??=Single Target ATK, uses Magic's power to form a fireball, targeting Single target,deal|C:0x34E22C&T:100%+100|T:Magic Damage., ???Nightmare Lamassu, ?????2
[2026-06-14 02:38:07,341] >>>>>[?????]?????(Nightmare Lamassu), ????[17,27]; ????[22,27]
[2026-06-14 02:38:07,341] ?????????1
[2026-06-14 02:38:07,341] >>>>???(?????) -> (Nightmare Lamassu) ?????100, ?????100, ?????1, ??XP???false
[2026-06-14 02:38:07,341] ?????????(BUFF?)?hit:0,crit:0,critInjure:250,dodge:0,ignoreCrit:0,ignoreCritInjure:0,critBoss:250,critInjureBoss:0
[2026-06-14 02:38:07,341] ?????????(BUFF?)?hit:0,crit:0,critInjure:0,dodge:0,ignoreCrit:0,ignoreCritInjure:0,critBoss:0,critInjureBoss:0
[2026-06-14 02:38:07,341] ?????????(BUFF?)?hit:0,crit:0,critInjure:250,dodge:0,ignoreCrit:0,ignoreCritInjure:0,critBoss:250,critInjureBoss:0
[2026-06-14 02:38:07,341] ?????????(BUFF?)?hit:0,crit:0,critInjure:0,dodge:0,ignoreCrit:0,ignoreCritInjure:0,critBoss:0,critInjureBoss:0
[2026-06-14 02:38:07,341] ?????????(BUFF?)?maxPAtk:155688,maxPDef:88198,maxMDef:65660,ignorePDef:0,ignoreMDef:35063,injureAdd:100,injureIgnore:0,injureAddBoss:100
[2026-06-14 02:38:07,341] ?????????(BUFF?)?maxPAtk:8036,maxPDef:1586,maxMDef:1586,ignorePDef:0,ignoreMDef:0,injureAdd:0,injureIgnore:0,injureAddBoss:0
[2026-06-14 02:38:07,341] ?????????(BUFF?)?maxPAtk:155688,maxPDef:88198,maxMDef:65660,ignorePDef:0,ignoreMDef:35063,injureAdd:100,injureIgnore:0,injureAddBoss:100
[2026-06-14 02:38:07,341] ?????????(BUFF?)?maxPAtk:8036,maxPDef:1586,maxMDef:1586,ignorePDef:0,ignoreMDef:0,injureAdd:0,injureIgnore:0,injureAddBoss:0
[2026-06-14 02:38:07,341] ?????158901
[2026-06-14 02:38:07,341] ??????BUFF???158901
[2026-06-14 02:38:07,341] (Nightmare Lamassu,5f0d0ee7-9a18-4df7-84e1-d2b3f60ae1a1) ???158901;????253466/793000
[2026-06-14 02:38:07,341] =========[?????]?????END??(Fireball)


[2026-06-14 02:38:07,604] >>>>>[Nightmare Lamassu]?????BEGIN??(Boss Melee Attack), ??=NormalATK, ???????, ?????4
[2026-06-14 02:38:07,604] >>>>>[Nightmare Lamassu]?????(????), ????[22,27]; ????[20,26]
[2026-06-14 02:38:07,604] ?????????1
[2026-06-14 02:38:07,604] >>>>???(Nightmare Lamassu) -> (????) ?????100, ?????0, ?????0, ??XP???false
[2026-06-14 02:38:07,604] ?????????(BUFF?)?hit:0,crit:0,critInjure:0,dodge:0,ignoreCrit:0,ignoreCritInjure:0,critBoss:0,critInjureBoss:0
[2026-06-14 02:38:07,604] ?????????(BUFF?)?hit:60,crit:288,critInjure:610,dodge:15,ignoreCrit:0,ignoreCritInjure:0,critBoss:250,critInjureBoss:0
[2026-06-14 02:38:07,604] ?????????(BUFF?)?hit:0,crit:0,critInjure:0,dodge:0,ignoreCrit:0,ignoreCritInjure:0,critBoss:0,critInjureBoss:0
[2026-06-14 02:38:07,604] ?????????(BUFF?)?hit:60,crit:288,critInjure:610,dodge:15,ignoreCrit:0,ignoreCritInjure:0,critBoss:250,critInjureBoss:0
[2026-06-14 02:38:07,604] ?????????(BUFF?)?maxPAtk:8036,maxPDef:1586,maxMDef:1586,ignorePDef:0,ignoreMDef:0,injureAdd:0,injureIgnore:0,injureAddBoss:0
[2026-06-14 02:38:07,604] ?????????(BUFF?)?maxPAtk:537036,maxPDef:320573,maxMDef:292686,ignorePDef:923,ignoreMDef:1836,injureAdd:0,injureIgnore:1000,injureAddBoss:100
[2026-06-14 02:38:07,604] ?????????(BUFF?)?maxPAtk:8036,maxPDef:1586,maxMDef:1586,ignorePDef:0,ignoreMDef:0,injureAdd:0,injureIgnore:0,injureAddBoss:0
[2026-06-14 02:38:07,604] ?????????(BUFF?)?maxPAtk:537036,maxPDef:320573,maxMDef:292686,ignorePDef:923,ignoreMDef:1836,injureAdd:0,injureIgnore:1000,injureAddBoss:100
[2026-06-14 02:38:07,604] ?????176
[2026-06-14 02:38:07,604] ??????BUFF???176
[2026-06-14 02:38:07,604] [????]??BUFF?(Giant Rock Holy Shield), ??=Absorb Max HP|C:0x34E22C&T:20%|T:damage, ?????3893
[2026-06-14 02:38:07,604] [????]?????176, ?????1389809
[2026-06-14 02:38:07,604] (????,d1806f2b-c67b-4e48-8e65-e94548e56e23) ???0;????6949926/6949926
[2026-06-14 02:38:07,604] =========[Nightmare Lamassu]?????END??(Boss Melee Attack)

[2026-06-14 02:38:07,634] (????) ???1200;????6949926/6949926

[2026-06-14 02:38:07,657] ????????[bd0d352c-abdf-4576-a426-08b6080bd21e]->[5f0d0ee7-9a18-4df7-84e1-d2b3f60ae1a1],?????[1201]
[2026-06-14 02:38:07,657] ??????????[Otherworld Elf Ruila,bd0d352c-abdf-4576-a426-08b6080bd21e]->[Nightmare Lamassu,5f0d0ee7-9a18-4df7-84e1-d2b3f60ae1a1],?????[1201]

[2026-06-14 02:38:07,657] >>>>>[Otherworld Elf Ruila]?????BEGIN??(Fireball), ??=Single Target ATK, uses Magic's power to form a fireball, targeting Single target,deal|C:0x34E22C&T:100%+100|T:Magic Damage., ???Nightmare Lamassu, ?????2
[2026-06-14 02:38:07,657] >>>>>[Otherworld Elf Ruila]?????(Nightmare Lamassu), ????[17,27]; ????[22,27]
[2026-06-14 02:38:07,657] ?????????1
[2026-06-14 02:38:07,657] >>>>???(Otherworld Elf Ruila) -> (Nightmare Lamassu) ?????100, ?????100, ?????1, ??XP???false
[2026-06-14 02:38:07,657] ?????????(BUFF?)?hit:0,crit:0,critInjure:250,dodge:0,ignoreCrit:0,ignoreCritInjure:0,critBoss:250,critInjureBoss:0
[2026-06-14 02:38:07,657] ?????????(BUFF?)?hit:0,crit:0,critInjure:0,dodge:0,ignoreCrit:0,ignoreCritInjure:0,critBoss:0,critInjureBoss:0
[2026-06-14 02:38:07,657] ?????????(BUFF?)?hit:0,crit:0,critInjure:250,dodge:0,ignoreCrit:0,ignoreCritInjure:0,critBoss:250,critInjureBoss:0
[2026-06-14 02:38:07,657] ?????????(BUFF?)?hit:0,crit:0,critInjure:0,dodge:0,ignoreCrit:0,ignoreCritInjure:0,critBoss:0,critInjureBoss:0
[2026-06-14 02:38:07,657] ?????????(BUFF?)?maxPAtk:109807,maxPDef:68309,maxMDef:37615,ignorePDef:0,ignoreMDef:6887,injureAdd:0,injureIgnore:0,injureAddBoss:100
[2026-06-14 02:38:07,657] ?????????(BUFF?)?maxPAtk:8036,maxPDef:1586,maxMDef:1586,ignorePDef:0,ignoreMDef:0,injureAdd:0,injureIgnore:0,injureAddBoss:0
[2026-06-14 02:38:07,657] ?????????(BUFF?)?maxPAtk:109807,maxPDef:68309,maxMDef:37615,ignorePDef:0,ignoreMDef:6887,injureAdd:0,injureIgnore:0,injureAddBoss:100
[2026-06-14 02:38:07,657] ?????????(BUFF?)?maxPAtk:8036,maxPDef:1586,maxMDef:1586,ignorePDef:0,ignoreMDef:0,injureAdd:0,injureIgnore:0,injureAddBoss:0
[2026-06-14 02:38:07,657] ?????111005
[2026-06-14 02:38:07,657] ??????BUFF???111005
[2026-06-14 02:38:07,657] (Nightmare Lamassu,5f0d0ee7-9a18-4df7-84e1-d2b3f60ae1a1) ???111005;????142461/793000
[2026-06-14 02:38:07,657] =========[Otherworld Elf Ruila]?????END??(Fireball)


[2026-06-14 02:38:07,692] ????????[65b226f4-3d1c-4a60-838c-6aa6fda1c644]->[5f0d0ee7-9a18-4df7-84e1-d2b3f60ae1a1],?????[1201]
[2026-06-14 02:38:07,692] ??????????[?????,65b226f4-3d1c-4a60-838c-6aa6fda1c644]->[Nightmare Lamassu,5f0d0ee7-9a18-4df7-84e1-d2b3f60ae1a1],?????[1201]

[2026-06-14 02:38:07,692] >>>>>[?????]?????BEGIN??(Fireball), ??=Single Target ATK, uses Magic's power to form a fireball, targeting Single target,deal|C:0x34E22C&T:100%+100|T:Magic Damage., ???Nightmare Lamassu, ?????2
[2026-06-14 02:38:07,692] >>>>>[?????]?????(Nightmare Lamassu), ????[17,27]; ????[22,27]
[2026-06-14 02:38:07,692] ?????????1
[2026-06-14 02:38:07,692] >>>>???(?????) -> (Nightmare Lamassu) ?????100, ?????100, ?????1, ??XP???false
[2026-06-14 02:38:07,692] ?????????(BUFF?)?hit:0,crit:0,critInjure:250,dodge:0,ignoreCrit:0,ignoreCritInjure:0,critBoss:250,critInjureBoss:0
[2026-06-14 02:38:07,692] ?????????(BUFF?)?hit:0,crit:0,critInjure:0,dodge:0,ignoreCrit:0,ignoreCritInjure:0,critBoss:0,critInjureBoss:0
[2026-06-14 02:38:07,692] ?????????(BUFF?)?hit:0,crit:0,critInjure:250,dodge:0,ignoreCrit:0,ignoreCritInjure:0,critBoss:250,critInjureBoss:0
[2026-06-14 02:38:07,692] ?????????(BUFF?)?hit:0,crit:0,critInjure:0,dodge:0,ignoreCrit:0,ignoreCritInjure:0,critBoss:0,critInjureBoss:0
[2026-06-14 02:38:07,692] ?????????(BUFF?)?maxPAtk:109532,maxPDef:64692,maxMDef:38977,ignorePDef:0,ignoreMDef:5809,injureAdd:0,injureIgnore:0,injureAddBoss:100
[2026-06-14 02:38:07,692] ?????????(BUFF?)?maxPAtk:8036,maxPDef:1586,maxMDef:1586,ignorePDef:0,ignoreMDef:0,injureAdd:0,injureIgnore:0,injureAddBoss:0
[2026-06-14 02:38:07,692] ?????????(BUFF?)?maxPAtk:109532,maxPDef:64692,maxMDef:38977,ignorePDef:0,ignoreMDef:5809,injureAdd:0,injureIgnore:0,injureAddBoss:100
[2026-06-14 02:38:07,692] ?????????(BUFF?)?maxPAtk:8036,maxPDef:1586,maxMDef:1586,ignorePDef:0,ignoreMDef:0,injureAdd:0,injureIgnore:0,injureAddBoss:0
[2026-06-14 02:38:07,692] ?????110727
[2026-06-14 02:38:07,692] ??????BUFF???110727
[2026-06-14 02:38:07,692] (Nightmare Lamassu,5f0d0ee7-9a18-4df7-84e1-d2b3f60ae1a1) ???110727;????31734/793000
[2026-06-14 02:38:07,692] =========[?????]?????END??(Fireball)


[2026-06-14 02:38:08,241] ????????[ebc35acd-9d47-43c8-b6d6-2e231c80d600]->[5f0d0ee7-9a18-4df7-84e1-d2b3f60ae1a1],?????[1201]
[2026-06-14 02:38:08,241] ??????????[?????,ebc35acd-9d47-43c8-b6d6-2e231c80d600]->[Nightmare Lamassu,5f0d0ee7-9a18-4df7-84e1-d2b3f60ae1a1],?????[1201]

[2026-06-14 02:38:08,241] >>>>>[?????]?????BEGIN??(Fireball), ??=Single Target ATK, uses Magic's power to form a fireball, targeting Single target,deal|C:0x34E22C&T:100%+100|T:Magic Damage., ???Nightmare Lamassu, ?????2
[2026-06-14 02:38:08,241] >>>>>[?????]?????(Nightmare Lamassu), ????[17,27]; ????[22,27]
[2026-06-14 02:38:08,241] ?????????1
[2026-06-14 02:38:08,241] >>>>???(?????) -> (Nightmare Lamassu) ?????100, ?????100, ?????1, ??XP???false
[2026-06-14 02:38:08,241] ?????????(BUFF?)?hit:0,crit:0,critInjure:250,dodge:0,ignoreCrit:0,ignoreCritInjure:0,critBoss:250,critInjureBoss:0
[2026-06-14 02:38:08,241] ?????????(BUFF?)?hit:0,crit:0,critInjure:0,dodge:0,ignoreCrit:0,ignoreCritInjure:0,critBoss:0,critInjureBoss:0
[2026-06-14 02:38:08,241] ?????????(BUFF?)?hit:0,crit:0,critInjure:250,dodge:0,ignoreCrit:0,ignoreCritInjure:0,critBoss:250,critInjureBoss:0
[2026-06-14 02:38:08,241] ?????????(BUFF?)?hit:0,crit:0,critInjure:0,dodge:0,ignoreCrit:0,ignoreCritInjure:0,critBoss:0,critInjureBoss:0
[2026-06-14 02:38:08,241] ?????????(BUFF?)?maxPAtk:155688,maxPDef:88198,maxMDef:65660,ignorePDef:0,ignoreMDef:35063,injureAdd:100,injureIgnore:0,injureAddBoss:100
[2026-06-14 02:38:08,241] ?????????(BUFF?)?maxPAtk:8036,maxPDef:1586,maxMDef:1586,ignorePDef:0,ignoreMDef:0,injureAdd:0,injureIgnore:0,injureAddBoss:0
[2026-06-14 02:38:08,241] ?????????(BUFF?)?maxPAtk:155688,maxPDef:88198,maxMDef:65660,ignorePDef:0,ignoreMDef:35063,injureAdd:100,injureIgnore:0,injureAddBoss:100
[2026-06-14 02:38:08,241] ?????????(BUFF?)?maxPAtk:8036,maxPDef:1586,maxMDef:1586,ignorePDef:0,ignoreMDef:0,injureAdd:0,injureIgnore:0,injureAddBoss:0
[2026-06-14 02:38:08,241] ?????158901
[2026-06-14 02:38:08,241] ??????BUFF???158901
[2026-06-14 02:38:08,241] (Nightmare Lamassu,5f0d0ee7-9a18-4df7-84e1-d2b3f60ae1a1) ???158901;????0/793000
[2026-06-14 02:38:08,241] ???(????,d1806f2b-c67b-4e48-8e65-e94548e56e23) ??????: objectId=5f0d0ee7-9a18-4df7-84e1-d2b3f60ae1a1,status=0
[2026-06-14 02:38:08,244] (Nightmare Lamassu,5f0d0ee7-9a18-4df7-84e1-d2b3f60ae1a1) ?????1781375888244
[2026-06-14 02:38:08,244] =========[?????]?????END??(Fireball)

[2026-06-14 02:38:08,312] ?canControlObject??????????name=[????]
