[2026-06-14 02:45:47,533] ?Sagros?????????????
[2026-06-14 02:45:47,533] [????]??BUFF?(Giant Rock Holy Shield[3201])
[2026-06-14 02:45:47,533] [????]??BUFF?(Starlight Power[2202])
[2026-06-14 02:45:47,533] (????) ???1200;????6949926/6949926
[2026-06-14 02:45:47,585] ????????[????],posX=11,posY=14

[2026-06-14 02:45:48,007] ????????[ebc35acd-9d47-43c8-b6d6-2e231c80d600]->[9e860aa3-df80-41a6-9301-80b172fbf246],?????[1201]
[2026-06-14 02:45:48,007] ??????????[?????,ebc35acd-9d47-43c8-b6d6-2e231c80d600]->[Sagros,9e860aa3-df80-41a6-9301-80b172fbf246],?????[1201]

[2026-06-14 02:45:48,007] >>>>>[?????]?????BEGIN??(Fireball), ??=Single Target ATK, uses Magic's power to form a fireball, targeting Single target,deal|C:0x34E22C&T:100%+100|T:Magic Damage., ???Sagros, ?????2
[2026-06-14 02:45:48,007] >>>>>[?????]?????(Sagros), ????[10,15]; ????[14,15]
[2026-06-14 02:45:48,007] ?????????1
[2026-06-14 02:45:48,007] >>>>???(?????) -> (Sagros) ?????100, ?????100, ?????1, ??XP???false
[2026-06-14 02:45:48,007] ?????????(BUFF?)?hit:0,crit:0,critInjure:250,dodge:0,ignoreCrit:0,ignoreCritInjure:0,critBoss:250,critInjureBoss:0
[2026-06-14 02:45:48,007] ?????????(BUFF?)?hit:0,crit:0,critInjure:0,dodge:0,ignoreCrit:0,ignoreCritInjure:0,critBoss:0,critInjureBoss:0
[2026-06-14 02:45:48,007] ?????????(BUFF?)?hit:0,crit:0,critInjure:250,dodge:0,ignoreCrit:0,ignoreCritInjure:0,critBoss:250,critInjureBoss:0
[2026-06-14 02:45:48,007] ?????????(BUFF?)?hit:0,crit:0,critInjure:0,dodge:0,ignoreCrit:0,ignoreCritInjure:0,critBoss:0,critInjureBoss:0
[2026-06-14 02:45:48,007] ?????????(BUFF?)?maxPAtk:155998,maxPDef:88275,maxMDef:65856,ignorePDef:0,ignoreMDef:35218,injureAdd:100,injureIgnore:0,injureAddBoss:100
[2026-06-14 02:45:48,007] ?????????(BUFF?)?maxPAtk:8855,maxPDef:1796,maxMDef:1796,ignorePDef:0,ignoreMDef:0,injureAdd:0,injureIgnore:0,injureAddBoss:0
[2026-06-14 02:45:48,007] ?????????(BUFF?)?maxPAtk:155998,maxPDef:88275,maxMDef:65856,ignorePDef:0,ignoreMDef:35218,injureAdd:100,injureIgnore:0,injureAddBoss:100
[2026-06-14 02:45:48,007] ?????????(BUFF?)?maxPAtk:8855,maxPDef:1796,maxMDef:1796,ignorePDef:0,ignoreMDef:0,injureAdd:0,injureIgnore:0,injureAddBoss:0
[2026-06-14 02:45:48,007] ?????159217
[2026-06-14 02:45:48,007] ??????BUFF???159217
[2026-06-14 02:45:48,007] (Sagros,9e860aa3-df80-41a6-9301-80b172fbf246) ???159217;????738783/898000
[2026-06-14 02:45:48,007] =========[?????]?????END??(Fireball)


[2026-06-14 02:45:48,324] ????????[bd0d352c-abdf-4576-a426-08b6080bd21e]->[9e860aa3-df80-41a6-9301-80b172fbf246],?????[1201]
[2026-06-14 02:45:48,324] ??????????[Otherworld Elf Ruila,bd0d352c-abdf-4576-a426-08b6080bd21e]->[Sagros,9e860aa3-df80-41a6-9301-80b172fbf246],?????[1201]

[2026-06-14 02:45:48,324] >>>>>[Otherworld Elf Ruila]?????BEGIN??(Fireball), ??=Single Target ATK, uses Magic's power to form a fireball, targeting Single target,deal|C:0x34E22C&T:100%+100|T:Magic Damage., ???Sagros, ?????2
[2026-06-14 02:45:48,324] >>>>>[Otherworld Elf Ruila]?????(Sagros), ????[10,15]; ????[14,15]
[2026-06-14 02:45:48,324] ?????????1
[2026-06-14 02:45:48,324] >>>>???(Otherworld Elf Ruila) -> (Sagros) ?????100, ?????100, ?????1, ??XP???false
[2026-06-14 02:45:48,324] ?????????(BUFF?)?hit:0,crit:0,critInjure:250,dodge:0,ignoreCrit:0,ignoreCritInjure:0,critBoss:250,critInjureBoss:0
[2026-06-14 02:45:48,324] ?????????(BUFF?)?hit:0,crit:0,critInjure:0,dodge:0,ignoreCrit:0,ignoreCritInjure:0,critBoss:0,critInjureBoss:0
[2026-06-14 02:45:48,324] ?????????(BUFF?)?hit:0,crit:0,critInjure:250,dodge:0,ignoreCrit:0,ignoreCritInjure:0,critBoss:250,critInjureBoss:0
[2026-06-14 02:45:48,324] ?????????(BUFF?)?hit:0,crit:0,critInjure:0,dodge:0,ignoreCrit:0,ignoreCritInjure:0,critBoss:0,critInjureBoss:0
[2026-06-14 02:45:48,324] ?????????(BUFF?)?maxPAtk:109807,maxPDef:68309,maxMDef:37615,ignorePDef:0,ignoreMDef:6887,injureAdd:0,injureIgnore:0,injureAddBoss:100
[2026-06-14 02:45:48,324] ?????????(BUFF?)?maxPAtk:8855,maxPDef:1796,maxMDef:1796,ignorePDef:0,ignoreMDef:0,injureAdd:0,injureIgnore:0,injureAddBoss:0
[2026-06-14 02:45:48,324] ?????????(BUFF?)?maxPAtk:109807,maxPDef:68309,maxMDef:37615,ignorePDef:0,ignoreMDef:6887,injureAdd:0,injureIgnore:0,injureAddBoss:100
[2026-06-14 02:45:48,324] ?????????(BUFF?)?maxPAtk:8855,maxPDef:1796,maxMDef:1796,ignorePDef:0,ignoreMDef:0,injureAdd:0,injureIgnore:0,injureAddBoss:0
[2026-06-14 02:45:48,324] ?????111005
[2026-06-14 02:45:48,324] ??????BUFF???111005
[2026-06-14 02:45:48,324] (Sagros,9e860aa3-df80-41a6-9301-80b172fbf246) ???111005;????627778/898000
[2026-06-14 02:45:48,324] =========[Otherworld Elf Ruila]?????END??(Fireball)


[2026-06-14 02:45:48,395] ????????[65b226f4-3d1c-4a60-838c-6aa6fda1c644]->[9e860aa3-df80-41a6-9301-80b172fbf246],?????[1201]
[2026-06-14 02:45:48,395] ??????????[?????,65b226f4-3d1c-4a60-838c-6aa6fda1c644]->[Sagros,9e860aa3-df80-41a6-9301-80b172fbf246],?????[1201]

[2026-06-14 02:45:48,395] >>>>>[?????]?????BEGIN??(Fireball), ??=Single Target ATK, uses Magic's power to form a fireball, targeting Single target,deal|C:0x34E22C&T:100%+100|T:Magic Damage., ???Sagros, ?????2
[2026-06-14 02:45:48,395] >>>>>[?????]?????(Sagros), ????[10,15]; ????[14,15]
[2026-06-14 02:45:48,395] ?????????1
[2026-06-14 02:45:48,395] >>>>???(?????) -> (Sagros) ?????100, ?????100, ?????1, ??XP???false
[2026-06-14 02:45:48,395] ?????????(BUFF?)?hit:0,crit:0,critInjure:250,dodge:0,ignoreCrit:0,ignoreCritInjure:0,critBoss:250,critInjureBoss:0
[2026-06-14 02:45:48,395] ?????????(BUFF?)?hit:0,crit:0,critInjure:0,dodge:0,ignoreCrit:0,ignoreCritInjure:0,critBoss:0,critInjureBoss:0
[2026-06-14 02:45:48,395] ?????????(BUFF?)?hit:0,crit:0,critInjure:250,dodge:0,ignoreCrit:0,ignoreCritInjure:0,critBoss:250,critInjureBoss:0
[2026-06-14 02:45:48,395] ?????????(BUFF?)?hit:0,crit:0,critInjure:0,dodge:0,ignoreCrit:0,ignoreCritInjure:0,critBoss:0,critInjureBoss:0
[2026-06-14 02:45:48,395] ?????????(BUFF?)?maxPAtk:109532,maxPDef:64692,maxMDef:38977,ignorePDef:0,ignoreMDef:5809,injureAdd:0,injureIgnore:0,injureAddBoss:100
[2026-06-14 02:45:48,395] ?????????(BUFF?)?maxPAtk:8855,maxPDef:1796,maxMDef:1796,ignorePDef:0,ignoreMDef:0,injureAdd:0,injureIgnore:0,injureAddBoss:0
[2026-06-14 02:45:48,395] ?????????(BUFF?)?maxPAtk:109532,maxPDef:64692,maxMDef:38977,ignorePDef:0,ignoreMDef:5809,injureAdd:0,injureIgnore:0,injureAddBoss:100
[2026-06-14 02:45:48,395] ?????????(BUFF?)?maxPAtk:8855,maxPDef:1796,maxMDef:1796,ignorePDef:0,ignoreMDef:0,injureAdd:0,injureIgnore:0,injureAddBoss:0
[2026-06-14 02:45:48,395] ?????110727
[2026-06-14 02:45:48,395] ??????BUFF???110727
[2026-06-14 02:45:48,395] (Sagros,9e860aa3-df80-41a6-9301-80b172fbf246) ???110727;????517051/898000
[2026-06-14 02:45:48,395] =========[?????]?????END??(Fireball)

[2026-06-14 02:45:48,533] (????) ???1200;????6949926/6949926

[2026-06-14 02:45:48,539] >>>>>[Sagros]?????BEGIN??(Boss Melee Attack), ??=NormalATK, ???????, ?????4
[2026-06-14 02:45:48,539] >>>>>[Sagros]?????(????), ????[14,15]; ????[11,14]
[2026-06-14 02:45:48,539] ?????????1
[2026-06-14 02:45:48,539] >>>>???(Sagros) -> (????) ?????100, ?????0, ?????0, ??XP???false
[2026-06-14 02:45:48,539] ?????????(BUFF?)?hit:0,crit:0,critInjure:0,dodge:0,ignoreCrit:0,ignoreCritInjure:0,critBoss:0,critInjureBoss:0
[2026-06-14 02:45:48,539] ?????????(BUFF?)?hit:60,crit:288,critInjure:610,dodge:15,ignoreCrit:0,ignoreCritInjure:0,critBoss:250,critInjureBoss:0
[2026-06-14 02:45:48,539] ?????????(BUFF?)?hit:0,crit:0,critInjure:0,dodge:0,ignoreCrit:0,ignoreCritInjure:0,critBoss:0,critInjureBoss:0
[2026-06-14 02:45:48,539] ?????????(BUFF?)?hit:60,crit:288,critInjure:610,dodge:15,ignoreCrit:0,ignoreCritInjure:0,critBoss:250,critInjureBoss:0
[2026-06-14 02:45:48,539] ?????????(BUFF?)?maxPAtk:8855,maxPDef:1796,maxMDef:1796,ignorePDef:0,ignoreMDef:0,injureAdd:0,injureIgnore:0,injureAddBoss:0
[2026-06-14 02:45:48,539] ?????????(BUFF?)?maxPAtk:537036,maxPDef:320573,maxMDef:292686,ignorePDef:923,ignoreMDef:1836,injureAdd:0,injureIgnore:1000,injureAddBoss:100
[2026-06-14 02:45:48,539] ?????????(BUFF?)?maxPAtk:8855,maxPDef:1796,maxMDef:1796,ignorePDef:0,ignoreMDef:0,injureAdd:0,injureIgnore:0,injureAddBoss:0
[2026-06-14 02:45:48,539] ?????????(BUFF?)?maxPAtk:537036,maxPDef:320573,maxMDef:292686,ignorePDef:923,ignoreMDef:1836,injureAdd:0,injureIgnore:1000,injureAddBoss:100
[2026-06-14 02:45:48,539] ?????214
[2026-06-14 02:45:48,539] ??????BUFF???214
[2026-06-14 02:45:48,539] (????,d1806f2b-c67b-4e48-8e65-e94548e56e23) ???214;????6949712/6949926
[2026-06-14 02:45:48,539] =========[Sagros]?????END??(Boss Melee Attack)


[2026-06-14 02:45:48,747] ????????[d1806f2b-c67b-4e48-8e65-e94548e56e23]->[9e860aa3-df80-41a6-9301-80b172fbf246],?????[9]
[2026-06-14 02:45:48,747] ??????????[????,d1806f2b-c67b-4e48-8e65-e94548e56e23]->[Sagros,9e860aa3-df80-41a6-9301-80b172fbf246],?????[9]

[2026-06-14 02:45:48,747] >>>>>[????]?????BEGIN??(Giant Rock Holy Shield), ??=Support Skill, applies Shield Reduction of|C:0x34E22C&T:20%|T: damage value, for|C:0x34E22C&T:5|T:s, upon breaking, targets surrounding enemies, dealing|C:0x34E22C&T:120%+{0}|T:Magic Damage, ???????, ?????0
[2026-06-14 02:45:48,747] [????]??BUFF?(Giant Rock Holy Shield[3201]), ????=5000, ??=2000
[2026-06-14 02:45:48,747] [????]?????1389985
[2026-06-14 02:45:48,747] =========[????]???????????(Giant Rock Holy Shield)

[2026-06-14 02:45:48,852] ????????[????],posX=12,posY=14

[2026-06-14 02:45:48,924] ????????[ebc35acd-9d47-43c8-b6d6-2e231c80d600]->[9e860aa3-df80-41a6-9301-80b172fbf246],?????[1201]
[2026-06-14 02:45:48,924] ??????????[?????,ebc35acd-9d47-43c8-b6d6-2e231c80d600]->[Sagros,9e860aa3-df80-41a6-9301-80b172fbf246],?????[1201]

[2026-06-14 02:45:48,924] >>>>>[?????]?????BEGIN??(Fireball), ??=Single Target ATK, uses Magic's power to form a fireball, targeting Single target,deal|C:0x34E22C&T:100%+100|T:Magic Damage., ???Sagros, ?????2
[2026-06-14 02:45:48,924] >>>>>[?????]?????(Sagros), ????[10,15]; ????[14,15]
[2026-06-14 02:45:48,924] ?????????1
[2026-06-14 02:45:48,924] >>>>???(?????) -> (Sagros) ?????100, ?????100, ?????1, ??XP???false
[2026-06-14 02:45:48,924] ?????????(BUFF?)?hit:0,crit:0,critInjure:250,dodge:0,ignoreCrit:0,ignoreCritInjure:0,critBoss:250,critInjureBoss:0
[2026-06-14 02:45:48,924] ?????????(BUFF?)?hit:0,crit:0,critInjure:0,dodge:0,ignoreCrit:0,ignoreCritInjure:0,critBoss:0,critInjureBoss:0
[2026-06-14 02:45:48,924] ?????????(BUFF?)?hit:0,crit:0,critInjure:250,dodge:0,ignoreCrit:0,ignoreCritInjure:0,critBoss:250,critInjureBoss:0
[2026-06-14 02:45:48,924] ?????????(BUFF?)?hit:0,crit:0,critInjure:0,dodge:0,ignoreCrit:0,ignoreCritInjure:0,critBoss:0,critInjureBoss:0
[2026-06-14 02:45:48,924] ?????????(BUFF?)?maxPAtk:155998,maxPDef:88275,maxMDef:65856,ignorePDef:0,ignoreMDef:35218,injureAdd:100,injureIgnore:0,injureAddBoss:100
[2026-06-14 02:45:48,924] ?????????(BUFF?)?maxPAtk:8855,maxPDef:1796,maxMDef:1796,ignorePDef:0,ignoreMDef:0,injureAdd:0,injureIgnore:0,injureAddBoss:0
[2026-06-14 02:45:48,924] ?????????(BUFF?)?maxPAtk:155998,maxPDef:88275,maxMDef:65856,ignorePDef:0,ignoreMDef:35218,injureAdd:100,injureIgnore:0,injureAddBoss:100
[2026-06-14 02:45:48,924] ?????????(BUFF?)?maxPAtk:8855,maxPDef:1796,maxMDef:1796,ignorePDef:0,ignoreMDef:0,injureAdd:0,injureIgnore:0,injureAddBoss:0
[2026-06-14 02:45:48,924] ?????159217
[2026-06-14 02:45:48,924] ??????BUFF???159217
[2026-06-14 02:45:48,924] (Sagros,9e860aa3-df80-41a6-9301-80b172fbf246) ???159217;????357834/898000
[2026-06-14 02:45:48,924] =========[?????]?????END??(Fireball)


[2026-06-14 02:45:49,244] ????????[bd0d352c-abdf-4576-a426-08b6080bd21e]->[9e860aa3-df80-41a6-9301-80b172fbf246],?????[1201]
[2026-06-14 02:45:49,244] ??????????[Otherworld Elf Ruila,bd0d352c-abdf-4576-a426-08b6080bd21e]->[Sagros,9e860aa3-df80-41a6-9301-80b172fbf246],?????[1201]

[2026-06-14 02:45:49,244] >>>>>[Otherworld Elf Ruila]?????BEGIN??(Fireball), ??=Single Target ATK, uses Magic's power to form a fireball, targeting Single target,deal|C:0x34E22C&T:100%+100|T:Magic Damage., ???Sagros, ?????2
[2026-06-14 02:45:49,244] >>>>>[Otherworld Elf Ruila]?????(Sagros), ????[10,15]; ????[14,15]
[2026-06-14 02:45:49,244] ?????????1
[2026-06-14 02:45:49,244] >>>>???(Otherworld Elf Ruila) -> (Sagros) ?????100, ?????100, ?????1, ??XP???false
[2026-06-14 02:45:49,244] ?????????(BUFF?)?hit:0,crit:0,critInjure:250,dodge:0,ignoreCrit:0,ignoreCritInjure:0,critBoss:250,critInjureBoss:0
[2026-06-14 02:45:49,244] ?????????(BUFF?)?hit:0,crit:0,critInjure:0,dodge:0,ignoreCrit:0,ignoreCritInjure:0,critBoss:0,critInjureBoss:0
[2026-06-14 02:45:49,244] ?????????(BUFF?)?hit:0,crit:0,critInjure:250,dodge:0,ignoreCrit:0,ignoreCritInjure:0,critBoss:250,critInjureBoss:0
[2026-06-14 02:45:49,244] ?????????(BUFF?)?hit:0,crit:0,critInjure:0,dodge:0,ignoreCrit:0,ignoreCritInjure:0,critBoss:0,critInjureBoss:0
[2026-06-14 02:45:49,244] ?????????(BUFF?)?maxPAtk:109807,maxPDef:68309,maxMDef:37615,ignorePDef:0,ignoreMDef:6887,injureAdd:0,injureIgnore:0,injureAddBoss:100
[2026-06-14 02:45:49,244] ?????????(BUFF?)?maxPAtk:8855,maxPDef:1796,maxMDef:1796,ignorePDef:0,ignoreMDef:0,injureAdd:0,injureIgnore:0,injureAddBoss:0
[2026-06-14 02:45:49,244] ?????????(BUFF?)?maxPAtk:109807,maxPDef:68309,maxMDef:37615,ignorePDef:0,ignoreMDef:6887,injureAdd:0,injureIgnore:0,injureAddBoss:100
[2026-06-14 02:45:49,244] ?????????(BUFF?)?maxPAtk:8855,maxPDef:1796,maxMDef:1796,ignorePDef:0,ignoreMDef:0,injureAdd:0,injureIgnore:0,injureAddBoss:0
[2026-06-14 02:45:49,244] ?????111005
[2026-06-14 02:45:49,244] ??????BUFF???111005
[2026-06-14 02:45:49,244] (Sagros,9e860aa3-df80-41a6-9301-80b172fbf246) ???111005;????246829/898000
[2026-06-14 02:45:49,244] =========[Otherworld Elf Ruila]?????END??(Fireball)


[2026-06-14 02:45:49,314] ????????[65b226f4-3d1c-4a60-838c-6aa6fda1c644]->[9e860aa3-df80-41a6-9301-80b172fbf246],?????[1201]
[2026-06-14 02:45:49,314] ??????????[?????,65b226f4-3d1c-4a60-838c-6aa6fda1c644]->[Sagros,9e860aa3-df80-41a6-9301-80b172fbf246],?????[1201]

[2026-06-14 02:45:49,314] >>>>>[?????]?????BEGIN??(Fireball), ??=Single Target ATK, uses Magic's power to form a fireball, targeting Single target,deal|C:0x34E22C&T:100%+100|T:Magic Damage., ???Sagros, ?????2
[2026-06-14 02:45:49,314] >>>>>[?????]?????(Sagros), ????[10,15]; ????[14,15]
[2026-06-14 02:45:49,314] ?????????1
[2026-06-14 02:45:49,314] >>>>???(?????) -> (Sagros) ?????100, ?????100, ?????1, ??XP???false
[2026-06-14 02:45:49,314] ?????????(BUFF?)?hit:0,crit:0,critInjure:250,dodge:0,ignoreCrit:0,ignoreCritInjure:0,critBoss:250,critInjureBoss:0
[2026-06-14 02:45:49,314] ?????????(BUFF?)?hit:0,crit:0,critInjure:0,dodge:0,ignoreCrit:0,ignoreCritInjure:0,critBoss:0,critInjureBoss:0
[2026-06-14 02:45:49,314] ?????????(BUFF?)?hit:0,crit:0,critInjure:250,dodge:0,ignoreCrit:0,ignoreCritInjure:0,critBoss:250,critInjureBoss:0
[2026-06-14 02:45:49,314] ?????????(BUFF?)?hit:0,crit:0,critInjure:0,dodge:0,ignoreCrit:0,ignoreCritInjure:0,critBoss:0,critInjureBoss:0
[2026-06-14 02:45:49,314] ?????????(BUFF?)?maxPAtk:109532,maxPDef:64692,maxMDef:38977,ignorePDef:0,ignoreMDef:5809,injureAdd:0,injureIgnore:0,injureAddBoss:100
[2026-06-14 02:45:49,314] ?????????(BUFF?)?maxPAtk:8855,maxPDef:1796,maxMDef:1796,ignorePDef:0,ignoreMDef:0,injureAdd:0,injureIgnore:0,injureAddBoss:0
[2026-06-14 02:45:49,314] ?????????(BUFF?)?maxPAtk:109532,maxPDef:64692,maxMDef:38977,ignorePDef:0,ignoreMDef:5809,injureAdd:0,injureIgnore:0,injureAddBoss:100
[2026-06-14 02:45:49,314] ?????????(BUFF?)?maxPAtk:8855,maxPDef:1796,maxMDef:1796,ignorePDef:0,ignoreMDef:0,injureAdd:0,injureIgnore:0,injureAddBoss:0
[2026-06-14 02:45:49,314] ?????110727
[2026-06-14 02:45:49,314] ??????BUFF???110727
[2026-06-14 02:45:49,314] (Sagros,9e860aa3-df80-41a6-9301-80b172fbf246) ???110727;????136102/898000
[2026-06-14 02:45:49,314] =========[?????]?????END??(Fireball)

[2026-06-14 02:45:49,533] (????) ???1200;????6949926/6949926

[2026-06-14 02:45:49,540] >>>>>[Sagros]?????BEGIN??(Boss Melee Attack), ??=NormalATK, ???????, ?????4
[2026-06-14 02:45:49,540] >>>>>[Sagros]?????(????), ????[14,15]; ????[12,14]
[2026-06-14 02:45:49,540] ?????????1
[2026-06-14 02:45:49,540] >>>>???(Sagros) -> (????) ?????100, ?????0, ?????0, ??XP???false
[2026-06-14 02:45:49,540] ?????????(BUFF?)?hit:0,crit:0,critInjure:0,dodge:0,ignoreCrit:0,ignoreCritInjure:0,critBoss:0,critInjureBoss:0
[2026-06-14 02:45:49,540] ?????????(BUFF?)?hit:60,crit:288,critInjure:610,dodge:15,ignoreCrit:0,ignoreCritInjure:0,critBoss:250,critInjureBoss:0
[2026-06-14 02:45:49,540] ?????????(BUFF?)?hit:0,crit:0,critInjure:0,dodge:0,ignoreCrit:0,ignoreCritInjure:0,critBoss:0,critInjureBoss:0
[2026-06-14 02:45:49,540] ?????????(BUFF?)?hit:60,crit:288,critInjure:610,dodge:15,ignoreCrit:0,ignoreCritInjure:0,critBoss:250,critInjureBoss:0
[2026-06-14 02:45:49,540] ?????????(BUFF?)?maxPAtk:8855,maxPDef:1796,maxMDef:1796,ignorePDef:0,ignoreMDef:0,injureAdd:0,injureIgnore:0,injureAddBoss:0
[2026-06-14 02:45:49,540] ?????????(BUFF?)?maxPAtk:537036,maxPDef:320573,maxMDef:292686,ignorePDef:923,ignoreMDef:1836,injureAdd:0,injureIgnore:1000,injureAddBoss:100
[2026-06-14 02:45:49,540] [????]???????(Feather Shield), ??=1000, buffStr=601011, ???????
[2026-06-14 02:45:49,540] [????]??BUFF?(Feather Shield[9006]), ????=0, ??=10000
[2026-06-14 02:45:49,540] [????]??BUFF?(Feather Shield), ??=increasescharacterfixed|C:0x34E22C&T:10000|T: ptsHP, ?????0
[2026-06-14 02:45:49,540] ?????????(BUFF?)?maxPAtk:8855,maxPDef:1796,maxMDef:1796,ignorePDef:0,ignoreMDef:0,injureAdd:0,injureIgnore:0,injureAddBoss:0
[2026-06-14 02:45:49,540] ?????????(BUFF?)?maxPAtk:537036,maxPDef:320573,maxMDef:292686,ignorePDef:923,ignoreMDef:1836,injureAdd:0,injureIgnore:1000,injureAddBoss:100
[2026-06-14 02:45:49,540] ?????214
[2026-06-14 02:45:49,540] ??????BUFF???214
[2026-06-14 02:45:49,540] [????]??BUFF?(Giant Rock Holy Shield), ??=Absorb Max HP|C:0x34E22C&T:20%|T:damage, ?????4207
[2026-06-14 02:45:49,540] [????]??BUFF?(Feather Shield), ??=increasescharacterfixed|C:0x34E22C&T:10000|T: ptsHP, ?????0
[2026-06-14 02:45:49,540] [????]?????214, ?????1389771
[2026-06-14 02:45:49,540] (????,d1806f2b-c67b-4e48-8e65-e94548e56e23) ???0;????6949926/6949926
[2026-06-14 02:45:49,540] [????]??BUFF?(Feather Shield), ??=increasescharacterfixed|C:0x34E22C&T:10000|T: ptsHP, ?????0
[2026-06-14 02:45:49,540] [????]??BUFF?(Feather Shield), ??=increasescharacterfixed|C:0x34E22C&T:10000|T: ptsHP, ?????0
[2026-06-14 02:45:49,540] (????) ???10000;????6949926/6949926
[2026-06-14 02:45:49,540] =========[Sagros]?????END??(Boss Melee Attack)

[2026-06-14 02:45:49,542] [????]??BUFF?(Feather Shield[9006])

[2026-06-14 02:45:49,845] ????????[ebc35acd-9d47-43c8-b6d6-2e231c80d600]->[9e860aa3-df80-41a6-9301-80b172fbf246],?????[1201]
[2026-06-14 02:45:49,845] ??????????[?????,ebc35acd-9d47-43c8-b6d6-2e231c80d600]->[Sagros,9e860aa3-df80-41a6-9301-80b172fbf246],?????[1201]

[2026-06-14 02:45:49,845] >>>>>[?????]?????BEGIN??(Fireball), ??=Single Target ATK, uses Magic's power to form a fireball, targeting Single target,deal|C:0x34E22C&T:100%+100|T:Magic Damage., ???Sagros, ?????2
[2026-06-14 02:45:49,845] >>>>>[?????]?????(Sagros), ????[10,15]; ????[14,15]
[2026-06-14 02:45:49,845] ?????????1
[2026-06-14 02:45:49,845] >>>>???(?????) -> (Sagros) ?????100, ?????100, ?????1, ??XP???false
[2026-06-14 02:45:49,845] ?????????(BUFF?)?hit:0,crit:0,critInjure:250,dodge:0,ignoreCrit:0,ignoreCritInjure:0,critBoss:250,critInjureBoss:0
[2026-06-14 02:45:49,845] ?????????(BUFF?)?hit:0,crit:0,critInjure:0,dodge:0,ignoreCrit:0,ignoreCritInjure:0,critBoss:0,critInjureBoss:0
[2026-06-14 02:45:49,845] ?????????(BUFF?)?hit:0,crit:0,critInjure:250,dodge:0,ignoreCrit:0,ignoreCritInjure:0,critBoss:250,critInjureBoss:0
[2026-06-14 02:45:49,845] ?????????(BUFF?)?hit:0,crit:0,critInjure:0,dodge:0,ignoreCrit:0,ignoreCritInjure:0,critBoss:0,critInjureBoss:0
[2026-06-14 02:45:49,845] ?????????(BUFF?)?maxPAtk:155998,maxPDef:88275,maxMDef:65856,ignorePDef:0,ignoreMDef:35218,injureAdd:100,injureIgnore:0,injureAddBoss:100
[2026-06-14 02:45:49,845] ?????????(BUFF?)?maxPAtk:8855,maxPDef:1796,maxMDef:1796,ignorePDef:0,ignoreMDef:0,injureAdd:0,injureIgnore:0,injureAddBoss:0
[2026-06-14 02:45:49,845] ?????????(BUFF?)?maxPAtk:155998,maxPDef:88275,maxMDef:65856,ignorePDef:0,ignoreMDef:35218,injureAdd:100,injureIgnore:0,injureAddBoss:100
[2026-06-14 02:45:49,845] ?????????(BUFF?)?maxPAtk:8855,maxPDef:1796,maxMDef:1796,ignorePDef:0,ignoreMDef:0,injureAdd:0,injureIgnore:0,injureAddBoss:0
[2026-06-14 02:45:49,845] ?????159217
[2026-06-14 02:45:49,845] ??????BUFF???159217
[2026-06-14 02:45:49,845] (Sagros,9e860aa3-df80-41a6-9301-80b172fbf246) ???159217;????0/898000
[2026-06-14 02:45:49,845] ???(????,d1806f2b-c67b-4e48-8e65-e94548e56e23) ??????: objectId=9e860aa3-df80-41a6-9301-80b172fbf246,status=0
[2026-06-14 02:45:49,847] (Sagros,9e860aa3-df80-41a6-9301-80b172fbf246) ?????1781376349847
[2026-06-14 02:45:49,847] =========[?????]?????END??(Fireball)

[2026-06-14 02:45:49,879] ?canControlObject??????????name=[????]
