[2026-06-14 02:27:57,815] ?Demon Guardian Beast?????????????
[2026-06-14 02:27:57,829] (????) ???1200;????6949926/6949926

[2026-06-14 02:27:58,590] ????????[ebc35acd-9d47-43c8-b6d6-2e231c80d600]->[f157e93a-9dd8-4e73-86ae-ac6de31d3fe5],?????[1201]
[2026-06-14 02:27:58,590] ??????????[?????,ebc35acd-9d47-43c8-b6d6-2e231c80d600]->[Demon Guardian Beast,f157e93a-9dd8-4e73-86ae-ac6de31d3fe5],?????[1201]

[2026-06-14 02:27:58,591] >>>>>[?????]?????BEGIN??(Fireball), ??=Single Target ATK, uses Magic's power to form a fireball, targeting Single target,deal|C:0x34E22C&T:100%+100|T:Magic Damage., ???Demon Guardian Beast, ?????2
[2026-06-14 02:27:58,591] >>>>>[?????]?????(Demon Guardian Beast), ????[9,13]; ????[14,14]
[2026-06-14 02:27:58,591] ?????????1
[2026-06-14 02:27:58,591] >>>>???(?????) -> (Demon Guardian Beast) ?????100, ?????100, ?????1, ??XP???false
[2026-06-14 02:27:58,591] ?????????(BUFF?)?hit:0,crit:0,critInjure:250,dodge:0,ignoreCrit:0,ignoreCritInjure:0,critBoss:250,critInjureBoss:0
[2026-06-14 02:27:58,591] ?????????(BUFF?)?hit:0,crit:0,critInjure:0,dodge:0,ignoreCrit:0,ignoreCritInjure:0,critBoss:0,critInjureBoss:0
[2026-06-14 02:27:58,591] ?????????(BUFF?)?hit:0,crit:0,critInjure:250,dodge:0,ignoreCrit:0,ignoreCritInjure:0,critBoss:250,critInjureBoss:0
[2026-06-14 02:27:58,591] ?????????(BUFF?)?hit:0,crit:0,critInjure:0,dodge:0,ignoreCrit:0,ignoreCritInjure:0,critBoss:0,critInjureBoss:0
[2026-06-14 02:27:58,592] ?????????(BUFF?)?maxPAtk:155688,maxPDef:88198,maxMDef:65660,ignorePDef:0,ignoreMDef:35063,injureAdd:100,injureIgnore:0,injureAddBoss:100
[2026-06-14 02:27:58,592] ?????????(BUFF?)?maxPAtk:6857,maxPDef:1296,maxMDef:1296,ignorePDef:0,ignoreMDef:0,injureAdd:0,injureIgnore:0,injureAddBoss:0
[2026-06-14 02:27:58,592] ?????????(BUFF?)?maxPAtk:155688,maxPDef:88198,maxMDef:65660,ignorePDef:0,ignoreMDef:35063,injureAdd:100,injureIgnore:0,injureAddBoss:100
[2026-06-14 02:27:58,593] ?????????(BUFF?)?maxPAtk:6857,maxPDef:1296,maxMDef:1296,ignorePDef:0,ignoreMDef:0,injureAdd:0,injureIgnore:0,injureAddBoss:0
[2026-06-14 02:27:58,593] ?????158901
[2026-06-14 02:27:58,593] ??????BUFF???158901
[2026-06-14 02:27:58,593] (Demon Guardian Beast,f157e93a-9dd8-4e73-86ae-ac6de31d3fe5) ???158901;????489099/648000
[2026-06-14 02:27:58,593] =========[?????]?????END??(Fireball)


[2026-06-14 02:27:58,657] ????????[d1806f2b-c67b-4e48-8e65-e94548e56e23]->[f157e93a-9dd8-4e73-86ae-ac6de31d3fe5],?????[9]
[2026-06-14 02:27:58,657] ??????????[????,d1806f2b-c67b-4e48-8e65-e94548e56e23]->[Demon Guardian Beast,f157e93a-9dd8-4e73-86ae-ac6de31d3fe5],?????[9]

[2026-06-14 02:27:58,657] >>>>>[????]?????BEGIN??(Giant Rock Holy Shield), ??=Support Skill, applies Shield Reduction of|C:0x34E22C&T:20%|T: damage value, for|C:0x34E22C&T:5|T:s, upon breaking, targets surrounding enemies, dealing|C:0x34E22C&T:120%+{0}|T:Magic Damage, ???????, ?????0
[2026-06-14 02:27:58,657] [????]??BUFF?(Giant Rock Holy Shield[3201]), ????=5000, ??=2000
[2026-06-14 02:27:58,657] [????]?????1389985
[2026-06-14 02:27:58,658] =========[????]???????????(Giant Rock Holy Shield)

[2026-06-14 02:27:58,758] ????????[????],posX=10,posY=13
[2026-06-14 02:27:58,815] (????) ???1200;????6949926/6949926

[2026-06-14 02:27:58,925] ????????[bd0d352c-abdf-4576-a426-08b6080bd21e]->[f157e93a-9dd8-4e73-86ae-ac6de31d3fe5],?????[1201]
[2026-06-14 02:27:58,925] ??????????[Otherworld Elf Ruila,bd0d352c-abdf-4576-a426-08b6080bd21e]->[Demon Guardian Beast,f157e93a-9dd8-4e73-86ae-ac6de31d3fe5],?????[1201]

[2026-06-14 02:27:58,925] >>>>>[Otherworld Elf Ruila]?????BEGIN??(Fireball), ??=Single Target ATK, uses Magic's power to form a fireball, targeting Single target,deal|C:0x34E22C&T:100%+100|T:Magic Damage., ???Demon Guardian Beast, ?????2
[2026-06-14 02:27:58,925] >>>>>[Otherworld Elf Ruila]?????(Demon Guardian Beast), ????[9,13]; ????[14,14]
[2026-06-14 02:27:58,925] ?????????1
[2026-06-14 02:27:58,925] >>>>???(Otherworld Elf Ruila) -> (Demon Guardian Beast) ?????100, ?????100, ?????1, ??XP???false
[2026-06-14 02:27:58,925] ?????????(BUFF?)?hit:0,crit:0,critInjure:250,dodge:0,ignoreCrit:0,ignoreCritInjure:0,critBoss:250,critInjureBoss:0
[2026-06-14 02:27:58,925] ?????????(BUFF?)?hit:0,crit:0,critInjure:0,dodge:0,ignoreCrit:0,ignoreCritInjure:0,critBoss:0,critInjureBoss:0
[2026-06-14 02:27:58,925] ?????????(BUFF?)?hit:0,crit:0,critInjure:250,dodge:0,ignoreCrit:0,ignoreCritInjure:0,critBoss:250,critInjureBoss:0
[2026-06-14 02:27:58,925] ?????????(BUFF?)?hit:0,crit:0,critInjure:0,dodge:0,ignoreCrit:0,ignoreCritInjure:0,critBoss:0,critInjureBoss:0
[2026-06-14 02:27:58,925] ?????????(BUFF?)?maxPAtk:109807,maxPDef:68309,maxMDef:37615,ignorePDef:0,ignoreMDef:6887,injureAdd:0,injureIgnore:0,injureAddBoss:100
[2026-06-14 02:27:58,925] ?????????(BUFF?)?maxPAtk:6857,maxPDef:1296,maxMDef:1296,ignorePDef:0,ignoreMDef:0,injureAdd:0,injureIgnore:0,injureAddBoss:0
[2026-06-14 02:27:58,925] ?????????(BUFF?)?maxPAtk:109807,maxPDef:68309,maxMDef:37615,ignorePDef:0,ignoreMDef:6887,injureAdd:0,injureIgnore:0,injureAddBoss:100
[2026-06-14 02:27:58,925] ?????????(BUFF?)?maxPAtk:6857,maxPDef:1296,maxMDef:1296,ignorePDef:0,ignoreMDef:0,injureAdd:0,injureIgnore:0,injureAddBoss:0
[2026-06-14 02:27:58,925] ?????111005
[2026-06-14 02:27:58,925] ??????BUFF???111005
[2026-06-14 02:27:58,925] (Demon Guardian Beast,f157e93a-9dd8-4e73-86ae-ac6de31d3fe5) ???111005;????378094/648000
[2026-06-14 02:27:58,925] =========[Otherworld Elf Ruila]?????END??(Fireball)


[2026-06-14 02:27:58,957] ????????[65b226f4-3d1c-4a60-838c-6aa6fda1c644]->[f157e93a-9dd8-4e73-86ae-ac6de31d3fe5],?????[1201]
[2026-06-14 02:27:58,957] ??????????[?????,65b226f4-3d1c-4a60-838c-6aa6fda1c644]->[Demon Guardian Beast,f157e93a-9dd8-4e73-86ae-ac6de31d3fe5],?????[1201]

[2026-06-14 02:27:58,957] >>>>>[?????]?????BEGIN??(Fireball), ??=Single Target ATK, uses Magic's power to form a fireball, targeting Single target,deal|C:0x34E22C&T:100%+100|T:Magic Damage., ???Demon Guardian Beast, ?????2
[2026-06-14 02:27:58,957] >>>>>[?????]?????(Demon Guardian Beast), ????[9,13]; ????[14,14]
[2026-06-14 02:27:58,957] ?????????1
[2026-06-14 02:27:58,957] >>>>???(?????) -> (Demon Guardian Beast) ?????100, ?????100, ?????1, ??XP???false
[2026-06-14 02:27:58,957] ?????????(BUFF?)?hit:0,crit:0,critInjure:250,dodge:0,ignoreCrit:0,ignoreCritInjure:0,critBoss:250,critInjureBoss:0
[2026-06-14 02:27:58,957] ?????????(BUFF?)?hit:0,crit:0,critInjure:0,dodge:0,ignoreCrit:0,ignoreCritInjure:0,critBoss:0,critInjureBoss:0
[2026-06-14 02:27:58,957] ?????????(BUFF?)?hit:0,crit:0,critInjure:250,dodge:0,ignoreCrit:0,ignoreCritInjure:0,critBoss:250,critInjureBoss:0
[2026-06-14 02:27:58,957] ?????????(BUFF?)?hit:0,crit:0,critInjure:0,dodge:0,ignoreCrit:0,ignoreCritInjure:0,critBoss:0,critInjureBoss:0
[2026-06-14 02:27:58,957] ?????????(BUFF?)?maxPAtk:109532,maxPDef:64692,maxMDef:38977,ignorePDef:0,ignoreMDef:5809,injureAdd:0,injureIgnore:0,injureAddBoss:100
[2026-06-14 02:27:58,957] ?????????(BUFF?)?maxPAtk:6857,maxPDef:1296,maxMDef:1296,ignorePDef:0,ignoreMDef:0,injureAdd:0,injureIgnore:0,injureAddBoss:0
[2026-06-14 02:27:58,957] ?????????(BUFF?)?maxPAtk:109532,maxPDef:64692,maxMDef:38977,ignorePDef:0,ignoreMDef:5809,injureAdd:0,injureIgnore:0,injureAddBoss:100
[2026-06-14 02:27:58,957] ?????????(BUFF?)?maxPAtk:6857,maxPDef:1296,maxMDef:1296,ignorePDef:0,ignoreMDef:0,injureAdd:0,injureIgnore:0,injureAddBoss:0
[2026-06-14 02:27:58,957] ?????110727
[2026-06-14 02:27:58,957] ??????BUFF???110727
[2026-06-14 02:27:58,957] (Demon Guardian Beast,f157e93a-9dd8-4e73-86ae-ac6de31d3fe5) ???110727;????267367/648000
[2026-06-14 02:27:58,958] =========[?????]?????END??(Fireball)

[2026-06-14 02:27:59,090] ????????[????],posX=11,posY=12
[2026-06-14 02:27:59,441] ????????[????],posX=12,posY=13

[2026-06-14 02:27:59,509] ????????[ebc35acd-9d47-43c8-b6d6-2e231c80d600]->[f157e93a-9dd8-4e73-86ae-ac6de31d3fe5],?????[1201]
[2026-06-14 02:27:59,509] ??????????[?????,ebc35acd-9d47-43c8-b6d6-2e231c80d600]->[Demon Guardian Beast,f157e93a-9dd8-4e73-86ae-ac6de31d3fe5],?????[1201]

[2026-06-14 02:27:59,509] >>>>>[?????]?????BEGIN??(Fireball), ??=Single Target ATK, uses Magic's power to form a fireball, targeting Single target,deal|C:0x34E22C&T:100%+100|T:Magic Damage., ???Demon Guardian Beast, ?????2
[2026-06-14 02:27:59,509] >>>>>[?????]?????(Demon Guardian Beast), ????[9,13]; ????[14,14]
[2026-06-14 02:27:59,509] ?????????1
[2026-06-14 02:27:59,509] >>>>???(?????) -> (Demon Guardian Beast) ?????100, ?????100, ?????1, ??XP???false
[2026-06-14 02:27:59,509] ?????????(BUFF?)?hit:0,crit:0,critInjure:250,dodge:0,ignoreCrit:0,ignoreCritInjure:0,critBoss:250,critInjureBoss:0
[2026-06-14 02:27:59,509] ?????????(BUFF?)?hit:0,crit:0,critInjure:0,dodge:0,ignoreCrit:0,ignoreCritInjure:0,critBoss:0,critInjureBoss:0
[2026-06-14 02:27:59,509] ?????????(BUFF?)?hit:0,crit:0,critInjure:250,dodge:0,ignoreCrit:0,ignoreCritInjure:0,critBoss:250,critInjureBoss:0
[2026-06-14 02:27:59,509] ?????????(BUFF?)?hit:0,crit:0,critInjure:0,dodge:0,ignoreCrit:0,ignoreCritInjure:0,critBoss:0,critInjureBoss:0
[2026-06-14 02:27:59,510] ?????????(BUFF?)?maxPAtk:155688,maxPDef:88198,maxMDef:65660,ignorePDef:0,ignoreMDef:35063,injureAdd:100,injureIgnore:0,injureAddBoss:100
[2026-06-14 02:27:59,510] ?????????(BUFF?)?maxPAtk:6857,maxPDef:1296,maxMDef:1296,ignorePDef:0,ignoreMDef:0,injureAdd:0,injureIgnore:0,injureAddBoss:0
[2026-06-14 02:27:59,510] ?????????(BUFF?)?maxPAtk:155688,maxPDef:88198,maxMDef:65660,ignorePDef:0,ignoreMDef:35063,injureAdd:100,injureIgnore:0,injureAddBoss:100
[2026-06-14 02:27:59,510] ?????????(BUFF?)?maxPAtk:6857,maxPDef:1296,maxMDef:1296,ignorePDef:0,ignoreMDef:0,injureAdd:0,injureIgnore:0,injureAddBoss:0
[2026-06-14 02:27:59,510] ?????158901
[2026-06-14 02:27:59,510] ??????BUFF???158901
[2026-06-14 02:27:59,510] (Demon Guardian Beast,f157e93a-9dd8-4e73-86ae-ac6de31d3fe5) ???158901;????108466/648000
[2026-06-14 02:27:59,510] =========[?????]?????END??(Fireball)


[2026-06-14 02:27:59,760] >>>>>[Demon Guardian Beast]?????BEGIN??(Boss Melee Attack), ??=NormalATK, ???????, ?????4
[2026-06-14 02:27:59,760] >>>>>[Demon Guardian Beast]?????(????), ????[14,14]; ????[12,13]
[2026-06-14 02:27:59,760] ?????????1
[2026-06-14 02:27:59,760] >>>>???(Demon Guardian Beast) -> (????) ?????100, ?????0, ?????0, ??XP???false
[2026-06-14 02:27:59,760] ?????????(BUFF?)?hit:0,crit:0,critInjure:0,dodge:0,ignoreCrit:0,ignoreCritInjure:0,critBoss:0,critInjureBoss:0
[2026-06-14 02:27:59,760] ?????????(BUFF?)?hit:60,crit:288,critInjure:610,dodge:15,ignoreCrit:0,ignoreCritInjure:0,critBoss:250,critInjureBoss:0
[2026-06-14 02:27:59,760] ?????????(BUFF?)?hit:0,crit:0,critInjure:0,dodge:0,ignoreCrit:0,ignoreCritInjure:0,critBoss:0,critInjureBoss:0
[2026-06-14 02:27:59,760] ?????????(BUFF?)?hit:60,crit:288,critInjure:610,dodge:15,ignoreCrit:0,ignoreCritInjure:0,critBoss:250,critInjureBoss:0
[2026-06-14 02:27:59,760] ?????????(BUFF?)?maxPAtk:6857,maxPDef:1296,maxMDef:1296,ignorePDef:0,ignoreMDef:0,injureAdd:0,injureIgnore:0,injureAddBoss:0
[2026-06-14 02:27:59,760] ?????????(BUFF?)?maxPAtk:537036,maxPDef:320573,maxMDef:292686,ignorePDef:923,ignoreMDef:1836,injureAdd:0,injureIgnore:1000,injureAddBoss:100
[2026-06-14 02:27:59,760] ?????????(BUFF?)?maxPAtk:6857,maxPDef:1296,maxMDef:1296,ignorePDef:0,ignoreMDef:0,injureAdd:0,injureIgnore:0,injureAddBoss:0
[2026-06-14 02:27:59,760] ?????????(BUFF?)?maxPAtk:537036,maxPDef:320573,maxMDef:292686,ignorePDef:923,ignoreMDef:1836,injureAdd:0,injureIgnore:1000,injureAddBoss:100
[2026-06-14 02:27:59,760] ?????128
[2026-06-14 02:27:59,760] ??????BUFF???128
[2026-06-14 02:27:59,760] [????]??BUFF?(Giant Rock Holy Shield), ??=Absorb Max HP|C:0x34E22C&T:20%|T:damage, ?????3897
[2026-06-14 02:27:59,760] [????]?????128, ?????1389857
[2026-06-14 02:27:59,760] (????,d1806f2b-c67b-4e48-8e65-e94548e56e23) ???0;????6949926/6949926
[2026-06-14 02:27:59,760] =========[Demon Guardian Beast]?????END??(Boss Melee Attack)

[2026-06-14 02:27:59,815] (????) ???1200;????6949926/6949926

[2026-06-14 02:27:59,839] ????????[bd0d352c-abdf-4576-a426-08b6080bd21e]->[f157e93a-9dd8-4e73-86ae-ac6de31d3fe5],?????[1201]
[2026-06-14 02:27:59,839] ??????????[Otherworld Elf Ruila,bd0d352c-abdf-4576-a426-08b6080bd21e]->[Demon Guardian Beast,f157e93a-9dd8-4e73-86ae-ac6de31d3fe5],?????[1201]

[2026-06-14 02:27:59,839] >>>>>[Otherworld Elf Ruila]?????BEGIN??(Fireball), ??=Single Target ATK, uses Magic's power to form a fireball, targeting Single target,deal|C:0x34E22C&T:100%+100|T:Magic Damage., ???Demon Guardian Beast, ?????2
[2026-06-14 02:27:59,839] >>>>>[Otherworld Elf Ruila]?????(Demon Guardian Beast), ????[9,13]; ????[14,14]
[2026-06-14 02:27:59,839] ?????????1
[2026-06-14 02:27:59,839] >>>>???(Otherworld Elf Ruila) -> (Demon Guardian Beast) ?????100, ?????100, ?????1, ??XP???false
[2026-06-14 02:27:59,839] ?????????(BUFF?)?hit:0,crit:0,critInjure:250,dodge:0,ignoreCrit:0,ignoreCritInjure:0,critBoss:250,critInjureBoss:0
[2026-06-14 02:27:59,839] ?????????(BUFF?)?hit:0,crit:0,critInjure:0,dodge:0,ignoreCrit:0,ignoreCritInjure:0,critBoss:0,critInjureBoss:0
[2026-06-14 02:27:59,839] ?????????(BUFF?)?hit:0,crit:0,critInjure:250,dodge:0,ignoreCrit:0,ignoreCritInjure:0,critBoss:250,critInjureBoss:0
[2026-06-14 02:27:59,839] ?????????(BUFF?)?hit:0,crit:0,critInjure:0,dodge:0,ignoreCrit:0,ignoreCritInjure:0,critBoss:0,critInjureBoss:0
[2026-06-14 02:27:59,839] ?????????(BUFF?)?maxPAtk:109807,maxPDef:68309,maxMDef:37615,ignorePDef:0,ignoreMDef:6887,injureAdd:0,injureIgnore:0,injureAddBoss:100
[2026-06-14 02:27:59,839] ?????????(BUFF?)?maxPAtk:6857,maxPDef:1296,maxMDef:1296,ignorePDef:0,ignoreMDef:0,injureAdd:0,injureIgnore:0,injureAddBoss:0
[2026-06-14 02:27:59,839] ?????????(BUFF?)?maxPAtk:109807,maxPDef:68309,maxMDef:37615,ignorePDef:0,ignoreMDef:6887,injureAdd:0,injureIgnore:0,injureAddBoss:100
[2026-06-14 02:27:59,839] ?????????(BUFF?)?maxPAtk:6857,maxPDef:1296,maxMDef:1296,ignorePDef:0,ignoreMDef:0,injureAdd:0,injureIgnore:0,injureAddBoss:0
[2026-06-14 02:27:59,839] ?????111005
[2026-06-14 02:27:59,839] ??????BUFF???111005
[2026-06-14 02:27:59,839] (Demon Guardian Beast,f157e93a-9dd8-4e73-86ae-ac6de31d3fe5) ???111005;????0/648000
[2026-06-14 02:27:59,839] ???(????,d1806f2b-c67b-4e48-8e65-e94548e56e23) ??????: objectId=f157e93a-9dd8-4e73-86ae-ac6de31d3fe5,status=0
[2026-06-14 02:27:59,845] (Demon Guardian Beast,f157e93a-9dd8-4e73-86ae-ac6de31d3fe5) ?????1781375279845
[2026-06-14 02:27:59,846] =========[Otherworld Elf Ruila]?????END??(Fireball)

[2026-06-14 02:27:59,874] ?canControlObject??????????name=[????]
[2026-06-14 02:28:00,523] ?canControlObject??????????name=[????]
