[2026-06-14 02:37:33,335] ?Demon Guardian Beast?????????????
[2026-06-14 02:37:33,335] [????]??BUFF?(Giant Rock Holy Shield[3201])
[2026-06-14 02:37:33,335] (????) ???1200;????6949926/6949926

[2026-06-14 02:37:34,123] ????????[ebc35acd-9d47-43c8-b6d6-2e231c80d600]->[585f5e82-c30d-4351-9686-ea6f754609d4],?????[1201]
[2026-06-14 02:37:34,123] ??????????[?????,ebc35acd-9d47-43c8-b6d6-2e231c80d600]->[Demon Guardian Beast,585f5e82-c30d-4351-9686-ea6f754609d4],?????[1201]

[2026-06-14 02:37:34,123] >>>>>[?????]?????BEGIN??(Fireball), ??=Single Target ATK, uses Magic's power to form a fireball, targeting Single target,deal|C:0x34E22C&T:100%+100|T:Magic Damage., ???Demon Guardian Beast, ?????2
[2026-06-14 02:37:34,123] >>>>>[?????]?????(Demon Guardian Beast), ????[17,27]; ????[22,27]
[2026-06-14 02:37:34,123] ?????????1
[2026-06-14 02:37:34,123] >>>>???(?????) -> (Demon Guardian Beast) ?????100, ?????100, ?????1, ??XP???false
[2026-06-14 02:37:34,123] ?????????(BUFF?)?hit:0,crit:0,critInjure:250,dodge:0,ignoreCrit:0,ignoreCritInjure:0,critBoss:250,critInjureBoss:0
[2026-06-14 02:37:34,123] ?????????(BUFF?)?hit:0,crit:0,critInjure:0,dodge:0,ignoreCrit:0,ignoreCritInjure:0,critBoss:0,critInjureBoss:0
[2026-06-14 02:37:34,123] ?????????(BUFF?)?hit:0,crit:0,critInjure:250,dodge:0,ignoreCrit:0,ignoreCritInjure:0,critBoss:250,critInjureBoss:0
[2026-06-14 02:37:34,123] ?????????(BUFF?)?hit:0,crit:0,critInjure:0,dodge:0,ignoreCrit:0,ignoreCritInjure:0,critBoss:0,critInjureBoss:0
[2026-06-14 02:37:34,123] ?????????(BUFF?)?maxPAtk:155688,maxPDef:88198,maxMDef:65660,ignorePDef:0,ignoreMDef:35063,injureAdd:100,injureIgnore:0,injureAddBoss:100
[2026-06-14 02:37:34,123] ?????????(BUFF?)?maxPAtk:7982,maxPDef:1572,maxMDef:1572,ignorePDef:0,ignoreMDef:0,injureAdd:0,injureIgnore:0,injureAddBoss:0
[2026-06-14 02:37:34,123] ?????????(BUFF?)?maxPAtk:155688,maxPDef:88198,maxMDef:65660,ignorePDef:0,ignoreMDef:35063,injureAdd:100,injureIgnore:0,injureAddBoss:100
[2026-06-14 02:37:34,123] ?????????(BUFF?)?maxPAtk:7982,maxPDef:1572,maxMDef:1572,ignorePDef:0,ignoreMDef:0,injureAdd:0,injureIgnore:0,injureAddBoss:0
[2026-06-14 02:37:34,123] ?????158901
[2026-06-14 02:37:34,123] ??????BUFF???158901
[2026-06-14 02:37:34,123] (Demon Guardian Beast,585f5e82-c30d-4351-9686-ea6f754609d4) ???158901;????627099/786000
[2026-06-14 02:37:34,123] =========[?????]?????END??(Fireball)


[2026-06-14 02:37:34,191] ????????[d1806f2b-c67b-4e48-8e65-e94548e56e23]->[585f5e82-c30d-4351-9686-ea6f754609d4],?????[9]
[2026-06-14 02:37:34,191] ??????????[????,d1806f2b-c67b-4e48-8e65-e94548e56e23]->[Demon Guardian Beast,585f5e82-c30d-4351-9686-ea6f754609d4],?????[9]

[2026-06-14 02:37:34,191] >>>>>[????]?????BEGIN??(Giant Rock Holy Shield), ??=Support Skill, applies Shield Reduction of|C:0x34E22C&T:20%|T: damage value, for|C:0x34E22C&T:5|T:s, upon breaking, targets surrounding enemies, dealing|C:0x34E22C&T:120%+{0}|T:Magic Damage, ???????, ?????0
[2026-06-14 02:37:34,191] [????]??BUFF?(Giant Rock Holy Shield[3201]), ????=5000, ??=2000
[2026-06-14 02:37:34,191] [????]?????1389985
[2026-06-14 02:37:34,191] =========[????]???????????(Giant Rock Holy Shield)

[2026-06-14 02:37:34,297] ????????[????],posX=18,posY=27
[2026-06-14 02:37:34,335] (????) ???1200;????6949926/6949926

[2026-06-14 02:37:34,438] ????????[bd0d352c-abdf-4576-a426-08b6080bd21e]->[585f5e82-c30d-4351-9686-ea6f754609d4],?????[1201]
[2026-06-14 02:37:34,438] ??????????[Otherworld Elf Ruila,bd0d352c-abdf-4576-a426-08b6080bd21e]->[Demon Guardian Beast,585f5e82-c30d-4351-9686-ea6f754609d4],?????[1201]

[2026-06-14 02:37:34,438] >>>>>[Otherworld Elf Ruila]?????BEGIN??(Fireball), ??=Single Target ATK, uses Magic's power to form a fireball, targeting Single target,deal|C:0x34E22C&T:100%+100|T:Magic Damage., ???Demon Guardian Beast, ?????2
[2026-06-14 02:37:34,438] >>>>>[Otherworld Elf Ruila]?????(Demon Guardian Beast), ????[17,27]; ????[22,27]
[2026-06-14 02:37:34,438] ?????????1
[2026-06-14 02:37:34,438] >>>>???(Otherworld Elf Ruila) -> (Demon Guardian Beast) ?????100, ?????100, ?????1, ??XP???false
[2026-06-14 02:37:34,438] ?????????(BUFF?)?hit:0,crit:0,critInjure:250,dodge:0,ignoreCrit:0,ignoreCritInjure:0,critBoss:250,critInjureBoss:0
[2026-06-14 02:37:34,438] ?????????(BUFF?)?hit:0,crit:0,critInjure:0,dodge:0,ignoreCrit:0,ignoreCritInjure:0,critBoss:0,critInjureBoss:0
[2026-06-14 02:37:34,438] ?????????(BUFF?)?hit:0,crit:0,critInjure:250,dodge:0,ignoreCrit:0,ignoreCritInjure:0,critBoss:250,critInjureBoss:0
[2026-06-14 02:37:34,438] ?????????(BUFF?)?hit:0,crit:0,critInjure:0,dodge:0,ignoreCrit:0,ignoreCritInjure:0,critBoss:0,critInjureBoss:0
[2026-06-14 02:37:34,438] ?????????(BUFF?)?maxPAtk:109807,maxPDef:68309,maxMDef:37615,ignorePDef:0,ignoreMDef:6887,injureAdd:0,injureIgnore:0,injureAddBoss:100
[2026-06-14 02:37:34,438] ?????????(BUFF?)?maxPAtk:7982,maxPDef:1572,maxMDef:1572,ignorePDef:0,ignoreMDef:0,injureAdd:0,injureIgnore:0,injureAddBoss:0
[2026-06-14 02:37:34,438] ?????????(BUFF?)?maxPAtk:109807,maxPDef:68309,maxMDef:37615,ignorePDef:0,ignoreMDef:6887,injureAdd:0,injureIgnore:0,injureAddBoss:100
[2026-06-14 02:37:34,438] ?????????(BUFF?)?maxPAtk:7982,maxPDef:1572,maxMDef:1572,ignorePDef:0,ignoreMDef:0,injureAdd:0,injureIgnore:0,injureAddBoss:0
[2026-06-14 02:37:34,438] ?????111005
[2026-06-14 02:37:34,438] ??????BUFF???111005
[2026-06-14 02:37:34,438] (Demon Guardian Beast,585f5e82-c30d-4351-9686-ea6f754609d4) ???111005;????516094/786000
[2026-06-14 02:37:34,438] =========[Otherworld Elf Ruila]?????END??(Fireball)


[2026-06-14 02:37:34,473] ????????[65b226f4-3d1c-4a60-838c-6aa6fda1c644]->[585f5e82-c30d-4351-9686-ea6f754609d4],?????[1201]
[2026-06-14 02:37:34,473] ??????????[?????,65b226f4-3d1c-4a60-838c-6aa6fda1c644]->[Demon Guardian Beast,585f5e82-c30d-4351-9686-ea6f754609d4],?????[1201]

[2026-06-14 02:37:34,473] >>>>>[?????]?????BEGIN??(Fireball), ??=Single Target ATK, uses Magic's power to form a fireball, targeting Single target,deal|C:0x34E22C&T:100%+100|T:Magic Damage., ???Demon Guardian Beast, ?????2
[2026-06-14 02:37:34,473] >>>>>[?????]?????(Demon Guardian Beast), ????[17,27]; ????[22,27]
[2026-06-14 02:37:34,473] ?????????1
[2026-06-14 02:37:34,473] >>>>???(?????) -> (Demon Guardian Beast) ?????100, ?????100, ?????1, ??XP???false
[2026-06-14 02:37:34,473] ?????????(BUFF?)?hit:0,crit:0,critInjure:250,dodge:0,ignoreCrit:0,ignoreCritInjure:0,critBoss:250,critInjureBoss:0
[2026-06-14 02:37:34,473] ?????????(BUFF?)?hit:0,crit:0,critInjure:0,dodge:0,ignoreCrit:0,ignoreCritInjure:0,critBoss:0,critInjureBoss:0
[2026-06-14 02:37:34,473] ?????????(BUFF?)?hit:0,crit:0,critInjure:250,dodge:0,ignoreCrit:0,ignoreCritInjure:0,critBoss:250,critInjureBoss:0
[2026-06-14 02:37:34,473] ?????????(BUFF?)?hit:0,crit:0,critInjure:0,dodge:0,ignoreCrit:0,ignoreCritInjure:0,critBoss:0,critInjureBoss:0
[2026-06-14 02:37:34,473] ?????????(BUFF?)?maxPAtk:109532,maxPDef:64692,maxMDef:38977,ignorePDef:0,ignoreMDef:5809,injureAdd:0,injureIgnore:0,injureAddBoss:100
[2026-06-14 02:37:34,473] ?????????(BUFF?)?maxPAtk:7982,maxPDef:1572,maxMDef:1572,ignorePDef:0,ignoreMDef:0,injureAdd:0,injureIgnore:0,injureAddBoss:0
[2026-06-14 02:37:34,473] ?????????(BUFF?)?maxPAtk:109532,maxPDef:64692,maxMDef:38977,ignorePDef:0,ignoreMDef:5809,injureAdd:0,injureIgnore:0,injureAddBoss:100
[2026-06-14 02:37:34,473] ?????????(BUFF?)?maxPAtk:7982,maxPDef:1572,maxMDef:1572,ignorePDef:0,ignoreMDef:0,injureAdd:0,injureIgnore:0,injureAddBoss:0
[2026-06-14 02:37:34,473] ?????110727
[2026-06-14 02:37:34,473] ??????BUFF???110727
[2026-06-14 02:37:34,473] (Demon Guardian Beast,585f5e82-c30d-4351-9686-ea6f754609d4) ???110727;????405367/786000
[2026-06-14 02:37:34,473] =========[?????]?????END??(Fireball)

[2026-06-14 02:37:34,613] ????????[????],posX=19,posY=26
[2026-06-14 02:37:34,969] ????????[????],posX=20,posY=26

[2026-06-14 02:37:35,039] ????????[ebc35acd-9d47-43c8-b6d6-2e231c80d600]->[585f5e82-c30d-4351-9686-ea6f754609d4],?????[1201]
[2026-06-14 02:37:35,039] ??????????[?????,ebc35acd-9d47-43c8-b6d6-2e231c80d600]->[Demon Guardian Beast,585f5e82-c30d-4351-9686-ea6f754609d4],?????[1201]

[2026-06-14 02:37:35,039] >>>>>[?????]?????BEGIN??(Fireball), ??=Single Target ATK, uses Magic's power to form a fireball, targeting Single target,deal|C:0x34E22C&T:100%+100|T:Magic Damage., ???Demon Guardian Beast, ?????2
[2026-06-14 02:37:35,039] >>>>>[?????]?????(Demon Guardian Beast), ????[17,27]; ????[22,27]
[2026-06-14 02:37:35,039] ?????????1
[2026-06-14 02:37:35,039] >>>>???(?????) -> (Demon Guardian Beast) ?????100, ?????100, ?????1, ??XP???false
[2026-06-14 02:37:35,039] ?????????(BUFF?)?hit:0,crit:0,critInjure:250,dodge:0,ignoreCrit:0,ignoreCritInjure:0,critBoss:250,critInjureBoss:0
[2026-06-14 02:37:35,039] ?????????(BUFF?)?hit:0,crit:0,critInjure:0,dodge:0,ignoreCrit:0,ignoreCritInjure:0,critBoss:0,critInjureBoss:0
[2026-06-14 02:37:35,039] ?????????(BUFF?)?hit:0,crit:0,critInjure:250,dodge:0,ignoreCrit:0,ignoreCritInjure:0,critBoss:250,critInjureBoss:0
[2026-06-14 02:37:35,039] ?????????(BUFF?)?hit:0,crit:0,critInjure:0,dodge:0,ignoreCrit:0,ignoreCritInjure:0,critBoss:0,critInjureBoss:0
[2026-06-14 02:37:35,039] ?????????(BUFF?)?maxPAtk:155688,maxPDef:88198,maxMDef:65660,ignorePDef:0,ignoreMDef:35063,injureAdd:100,injureIgnore:0,injureAddBoss:100
[2026-06-14 02:37:35,039] ?????????(BUFF?)?maxPAtk:7982,maxPDef:1572,maxMDef:1572,ignorePDef:0,ignoreMDef:0,injureAdd:0,injureIgnore:0,injureAddBoss:0
[2026-06-14 02:37:35,039] ?????????(BUFF?)?maxPAtk:155688,maxPDef:88198,maxMDef:65660,ignorePDef:0,ignoreMDef:35063,injureAdd:100,injureIgnore:0,injureAddBoss:100
[2026-06-14 02:37:35,039] ?????????(BUFF?)?maxPAtk:7982,maxPDef:1572,maxMDef:1572,ignorePDef:0,ignoreMDef:0,injureAdd:0,injureIgnore:0,injureAddBoss:0
[2026-06-14 02:37:35,039] ?????158901
[2026-06-14 02:37:35,039] ??????BUFF???158901
[2026-06-14 02:37:35,039] (Demon Guardian Beast,585f5e82-c30d-4351-9686-ea6f754609d4) ???158901;????246466/786000
[2026-06-14 02:37:35,039] =========[?????]?????END??(Fireball)


[2026-06-14 02:37:35,299] >>>>>[Demon Guardian Beast]?????BEGIN??(Boss Melee Attack), ??=NormalATK, ???????, ?????4
[2026-06-14 02:37:35,299] >>>>>[Demon Guardian Beast]?????(????), ????[22,27]; ????[20,26]
[2026-06-14 02:37:35,299] ?????????1
[2026-06-14 02:37:35,299] >>>>???(Demon Guardian Beast) -> (????) ?????100, ?????0, ?????0, ??XP???false
[2026-06-14 02:37:35,299] ?????????(BUFF?)?hit:0,crit:0,critInjure:0,dodge:0,ignoreCrit:0,ignoreCritInjure:0,critBoss:0,critInjureBoss:0
[2026-06-14 02:37:35,299] ?????????(BUFF?)?hit:60,crit:288,critInjure:610,dodge:15,ignoreCrit:0,ignoreCritInjure:0,critBoss:250,critInjureBoss:0
[2026-06-14 02:37:35,299] ?????????(BUFF?)?hit:0,crit:0,critInjure:0,dodge:0,ignoreCrit:0,ignoreCritInjure:0,critBoss:0,critInjureBoss:0
[2026-06-14 02:37:35,299] ?????????(BUFF?)?hit:60,crit:288,critInjure:610,dodge:15,ignoreCrit:0,ignoreCritInjure:0,critBoss:250,critInjureBoss:0
[2026-06-14 02:37:35,299] ?????????(BUFF?)?maxPAtk:7982,maxPDef:1572,maxMDef:1572,ignorePDef:0,ignoreMDef:0,injureAdd:0,injureIgnore:0,injureAddBoss:0
[2026-06-14 02:37:35,299] ?????????(BUFF?)?maxPAtk:537036,maxPDef:320573,maxMDef:292686,ignorePDef:923,ignoreMDef:1836,injureAdd:0,injureIgnore:1000,injureAddBoss:100
[2026-06-14 02:37:35,299] ?????????(BUFF?)?maxPAtk:7982,maxPDef:1572,maxMDef:1572,ignorePDef:0,ignoreMDef:0,injureAdd:0,injureIgnore:0,injureAddBoss:0
[2026-06-14 02:37:35,299] ?????????(BUFF?)?maxPAtk:537036,maxPDef:320573,maxMDef:292686,ignorePDef:923,ignoreMDef:1836,injureAdd:0,injureIgnore:1000,injureAddBoss:100
[2026-06-14 02:37:35,299] ?????173
[2026-06-14 02:37:35,299] ??????BUFF???173
[2026-06-14 02:37:35,299] [????]??BUFF?(Giant Rock Holy Shield), ??=Absorb Max HP|C:0x34E22C&T:20%|T:damage, ?????3892
[2026-06-14 02:37:35,299] [????]?????173, ?????1389812
[2026-06-14 02:37:35,299] (????,d1806f2b-c67b-4e48-8e65-e94548e56e23) ???0;????6949926/6949926
[2026-06-14 02:37:35,299] =========[Demon Guardian Beast]?????END??(Boss Melee Attack)

[2026-06-14 02:37:35,335] (????) ???1200;????6949926/6949926

[2026-06-14 02:37:35,358] ????????[bd0d352c-abdf-4576-a426-08b6080bd21e]->[585f5e82-c30d-4351-9686-ea6f754609d4],?????[1201]
[2026-06-14 02:37:35,358] ??????????[Otherworld Elf Ruila,bd0d352c-abdf-4576-a426-08b6080bd21e]->[Demon Guardian Beast,585f5e82-c30d-4351-9686-ea6f754609d4],?????[1201]

[2026-06-14 02:37:35,358] >>>>>[Otherworld Elf Ruila]?????BEGIN??(Fireball), ??=Single Target ATK, uses Magic's power to form a fireball, targeting Single target,deal|C:0x34E22C&T:100%+100|T:Magic Damage., ???Demon Guardian Beast, ?????2
[2026-06-14 02:37:35,358] >>>>>[Otherworld Elf Ruila]?????(Demon Guardian Beast), ????[17,27]; ????[22,27]
[2026-06-14 02:37:35,358] ?????????1
[2026-06-14 02:37:35,358] >>>>???(Otherworld Elf Ruila) -> (Demon Guardian Beast) ?????100, ?????100, ?????1, ??XP???false
[2026-06-14 02:37:35,358] ?????????(BUFF?)?hit:0,crit:0,critInjure:250,dodge:0,ignoreCrit:0,ignoreCritInjure:0,critBoss:250,critInjureBoss:0
[2026-06-14 02:37:35,358] ?????????(BUFF?)?hit:0,crit:0,critInjure:0,dodge:0,ignoreCrit:0,ignoreCritInjure:0,critBoss:0,critInjureBoss:0
[2026-06-14 02:37:35,358] ?????????(BUFF?)?hit:0,crit:0,critInjure:250,dodge:0,ignoreCrit:0,ignoreCritInjure:0,critBoss:250,critInjureBoss:0
[2026-06-14 02:37:35,358] ?????????(BUFF?)?hit:0,crit:0,critInjure:0,dodge:0,ignoreCrit:0,ignoreCritInjure:0,critBoss:0,critInjureBoss:0
[2026-06-14 02:37:35,358] ?????????(BUFF?)?maxPAtk:109807,maxPDef:68309,maxMDef:37615,ignorePDef:0,ignoreMDef:6887,injureAdd:0,injureIgnore:0,injureAddBoss:100
[2026-06-14 02:37:35,358] ?????????(BUFF?)?maxPAtk:7982,maxPDef:1572,maxMDef:1572,ignorePDef:0,ignoreMDef:0,injureAdd:0,injureIgnore:0,injureAddBoss:0
[2026-06-14 02:37:35,358] ?????????(BUFF?)?maxPAtk:109807,maxPDef:68309,maxMDef:37615,ignorePDef:0,ignoreMDef:6887,injureAdd:0,injureIgnore:0,injureAddBoss:100
[2026-06-14 02:37:35,358] ?????????(BUFF?)?maxPAtk:7982,maxPDef:1572,maxMDef:1572,ignorePDef:0,ignoreMDef:0,injureAdd:0,injureIgnore:0,injureAddBoss:0
[2026-06-14 02:37:35,358] ?????111005
[2026-06-14 02:37:35,358] ??????BUFF???111005
[2026-06-14 02:37:35,358] (Demon Guardian Beast,585f5e82-c30d-4351-9686-ea6f754609d4) ???111005;????135461/786000
[2026-06-14 02:37:35,358] =========[Otherworld Elf Ruila]?????END??(Fireball)


[2026-06-14 02:37:35,391] ????????[65b226f4-3d1c-4a60-838c-6aa6fda1c644]->[585f5e82-c30d-4351-9686-ea6f754609d4],?????[1201]
[2026-06-14 02:37:35,391] ??????????[?????,65b226f4-3d1c-4a60-838c-6aa6fda1c644]->[Demon Guardian Beast,585f5e82-c30d-4351-9686-ea6f754609d4],?????[1201]

[2026-06-14 02:37:35,391] >>>>>[?????]?????BEGIN??(Fireball), ??=Single Target ATK, uses Magic's power to form a fireball, targeting Single target,deal|C:0x34E22C&T:100%+100|T:Magic Damage., ???Demon Guardian Beast, ?????2
[2026-06-14 02:37:35,391] >>>>>[?????]?????(Demon Guardian Beast), ????[17,27]; ????[22,27]
[2026-06-14 02:37:35,391] ?????????1
[2026-06-14 02:37:35,391] >>>>???(?????) -> (Demon Guardian Beast) ?????100, ?????100, ?????1, ??XP???false
[2026-06-14 02:37:35,391] ?????????(BUFF?)?hit:0,crit:0,critInjure:250,dodge:0,ignoreCrit:0,ignoreCritInjure:0,critBoss:250,critInjureBoss:0
[2026-06-14 02:37:35,391] ?????????(BUFF?)?hit:0,crit:0,critInjure:0,dodge:0,ignoreCrit:0,ignoreCritInjure:0,critBoss:0,critInjureBoss:0
[2026-06-14 02:37:35,391] ?????????(BUFF?)?hit:0,crit:0,critInjure:250,dodge:0,ignoreCrit:0,ignoreCritInjure:0,critBoss:250,critInjureBoss:0
[2026-06-14 02:37:35,391] ?????????(BUFF?)?hit:0,crit:0,critInjure:0,dodge:0,ignoreCrit:0,ignoreCritInjure:0,critBoss:0,critInjureBoss:0
[2026-06-14 02:37:35,391] ?????????(BUFF?)?maxPAtk:109532,maxPDef:64692,maxMDef:38977,ignorePDef:0,ignoreMDef:5809,injureAdd:0,injureIgnore:0,injureAddBoss:100
[2026-06-14 02:37:35,391] ?????????(BUFF?)?maxPAtk:7982,maxPDef:1572,maxMDef:1572,ignorePDef:0,ignoreMDef:0,injureAdd:0,injureIgnore:0,injureAddBoss:0
[2026-06-14 02:37:35,391] ?????????(BUFF?)?maxPAtk:109532,maxPDef:64692,maxMDef:38977,ignorePDef:0,ignoreMDef:5809,injureAdd:0,injureIgnore:0,injureAddBoss:100
[2026-06-14 02:37:35,391] ?????????(BUFF?)?maxPAtk:7982,maxPDef:1572,maxMDef:1572,ignorePDef:0,ignoreMDef:0,injureAdd:0,injureIgnore:0,injureAddBoss:0
[2026-06-14 02:37:35,391] ?????110727
[2026-06-14 02:37:35,391] ??????BUFF???110727
[2026-06-14 02:37:35,391] (Demon Guardian Beast,585f5e82-c30d-4351-9686-ea6f754609d4) ???110727;????24734/786000
[2026-06-14 02:37:35,391] =========[?????]?????END??(Fireball)


[2026-06-14 02:37:35,952] ????????[ebc35acd-9d47-43c8-b6d6-2e231c80d600]->[585f5e82-c30d-4351-9686-ea6f754609d4],?????[1201]
[2026-06-14 02:37:35,952] ??????????[?????,ebc35acd-9d47-43c8-b6d6-2e231c80d600]->[Demon Guardian Beast,585f5e82-c30d-4351-9686-ea6f754609d4],?????[1201]

[2026-06-14 02:37:35,952] >>>>>[?????]?????BEGIN??(Fireball), ??=Single Target ATK, uses Magic's power to form a fireball, targeting Single target,deal|C:0x34E22C&T:100%+100|T:Magic Damage., ???Demon Guardian Beast, ?????2
[2026-06-14 02:37:35,952] >>>>>[?????]?????(Demon Guardian Beast), ????[17,27]; ????[22,27]
[2026-06-14 02:37:35,952] ?????????1
[2026-06-14 02:37:35,952] >>>>???(?????) -> (Demon Guardian Beast) ?????100, ?????100, ?????1, ??XP???false
[2026-06-14 02:37:35,952] ?????????(BUFF?)?hit:0,crit:0,critInjure:250,dodge:0,ignoreCrit:0,ignoreCritInjure:0,critBoss:250,critInjureBoss:0
[2026-06-14 02:37:35,952] ?????????(BUFF?)?hit:0,crit:0,critInjure:0,dodge:0,ignoreCrit:0,ignoreCritInjure:0,critBoss:0,critInjureBoss:0
[2026-06-14 02:37:35,952] ?????????(BUFF?)?hit:0,crit:0,critInjure:250,dodge:0,ignoreCrit:0,ignoreCritInjure:0,critBoss:250,critInjureBoss:0
[2026-06-14 02:37:35,952] ?????????(BUFF?)?hit:0,crit:0,critInjure:0,dodge:0,ignoreCrit:0,ignoreCritInjure:0,critBoss:0,critInjureBoss:0
[2026-06-14 02:37:35,952] ?????????(BUFF?)?maxPAtk:155688,maxPDef:88198,maxMDef:65660,ignorePDef:0,ignoreMDef:35063,injureAdd:100,injureIgnore:0,injureAddBoss:100
[2026-06-14 02:37:35,952] ?????????(BUFF?)?maxPAtk:7982,maxPDef:1572,maxMDef:1572,ignorePDef:0,ignoreMDef:0,injureAdd:0,injureIgnore:0,injureAddBoss:0
[2026-06-14 02:37:35,952] ?????????(BUFF?)?maxPAtk:155688,maxPDef:88198,maxMDef:65660,ignorePDef:0,ignoreMDef:35063,injureAdd:100,injureIgnore:0,injureAddBoss:100
[2026-06-14 02:37:35,952] ?????????(BUFF?)?maxPAtk:7982,maxPDef:1572,maxMDef:1572,ignorePDef:0,ignoreMDef:0,injureAdd:0,injureIgnore:0,injureAddBoss:0
[2026-06-14 02:37:35,952] ?????158901
[2026-06-14 02:37:35,952] ??????BUFF???158901
[2026-06-14 02:37:35,952] (Demon Guardian Beast,585f5e82-c30d-4351-9686-ea6f754609d4) ???158901;????0/786000
[2026-06-14 02:37:35,952] ???(????,d1806f2b-c67b-4e48-8e65-e94548e56e23) ??????: objectId=585f5e82-c30d-4351-9686-ea6f754609d4,status=0
[2026-06-14 02:37:35,954] (Demon Guardian Beast,585f5e82-c30d-4351-9686-ea6f754609d4) ?????1781375855954
[2026-06-14 02:37:35,954] =========[?????]?????END??(Fireball)

[2026-06-14 02:37:35,987] ?canControlObject??????????name=[????]
