[2026-06-14 02:48:18,483] ?Nightmare Lamassu?????????????
[2026-06-14 02:48:18,483] [????]??BUFF?(Giant Rock Holy Shield[3201])
[2026-06-14 02:48:18,483] (????) ???1200;????6949926/6949926
[2026-06-14 02:48:18,518] ????????[????],posX=8,posY=15

[2026-06-14 02:48:19,304] ????????[ebc35acd-9d47-43c8-b6d6-2e231c80d600]->[6d253f25-7ccd-41bc-8085-9727e67dcdac],?????[1201]
[2026-06-14 02:48:19,304] ??????????[?????,ebc35acd-9d47-43c8-b6d6-2e231c80d600]->[Nightmare Lamassu,6d253f25-7ccd-41bc-8085-9727e67dcdac],?????[1201]

[2026-06-14 02:48:19,304] >>>>>[?????]?????BEGIN??(Fireball), ??=Single Target ATK, uses Magic's power to form a fireball, targeting Single target,deal|C:0x34E22C&T:100%+100|T:Magic Damage., ???Nightmare Lamassu, ?????2
[2026-06-14 02:48:19,304] >>>>>[?????]?????(Nightmare Lamassu), ????[9,14]; ????[4,14]
[2026-06-14 02:48:19,304] ?????????1
[2026-06-14 02:48:19,304] >>>>???(?????) -> (Nightmare Lamassu) ?????100, ?????100, ?????1, ??XP???false
[2026-06-14 02:48:19,304] ?????????(BUFF?)?hit:0,crit:0,critInjure:250,dodge:0,ignoreCrit:0,ignoreCritInjure:0,critBoss:250,critInjureBoss:0
[2026-06-14 02:48:19,304] ?????????(BUFF?)?hit:0,crit:0,critInjure:0,dodge:0,ignoreCrit:0,ignoreCritInjure:0,critBoss:0,critInjureBoss:0
[2026-06-14 02:48:19,304] ?????????(BUFF?)?hit:0,crit:0,critInjure:250,dodge:0,ignoreCrit:0,ignoreCritInjure:0,critBoss:250,critInjureBoss:0
[2026-06-14 02:48:19,304] ?????????(BUFF?)?hit:0,crit:0,critInjure:0,dodge:0,ignoreCrit:0,ignoreCritInjure:0,critBoss:0,critInjureBoss:0
[2026-06-14 02:48:19,304] ?????????(BUFF?)?maxPAtk:155998,maxPDef:88275,maxMDef:65856,ignorePDef:0,ignoreMDef:35218,injureAdd:100,injureIgnore:0,injureAddBoss:100
[2026-06-14 02:48:19,304] ?????????(BUFF?)?maxPAtk:9127,maxPDef:1866,maxMDef:1866,ignorePDef:0,ignoreMDef:0,injureAdd:0,injureIgnore:0,injureAddBoss:0
[2026-06-14 02:48:19,304] ?????????(BUFF?)?maxPAtk:155998,maxPDef:88275,maxMDef:65856,ignorePDef:0,ignoreMDef:35218,injureAdd:100,injureIgnore:0,injureAddBoss:100
[2026-06-14 02:48:19,304] ?????????(BUFF?)?maxPAtk:9127,maxPDef:1866,maxMDef:1866,ignorePDef:0,ignoreMDef:0,injureAdd:0,injureIgnore:0,injureAddBoss:0
[2026-06-14 02:48:19,304] ?????159217
[2026-06-14 02:48:19,304] ??????BUFF???159217
[2026-06-14 02:48:19,304] (Nightmare Lamassu,6d253f25-7ccd-41bc-8085-9727e67dcdac) ???159217;????773783/933000
[2026-06-14 02:48:19,304] =========[?????]?????END??(Fireball)

[2026-06-14 02:48:19,484] (????) ???1200;????6949926/6949926

[2026-06-14 02:48:19,519] >>>>>[Nightmare Lamassu]?????BEGIN??(Boss Melee Attack), ??=NormalATK, ???????, ?????4
[2026-06-14 02:48:19,519] >>>>>[Nightmare Lamassu]?????(????), ????[4,14]; ????[8,15]
[2026-06-14 02:48:19,519] ?????????1
[2026-06-14 02:48:19,519] >>>>???(Nightmare Lamassu) -> (????) ?????100, ?????0, ?????0, ??XP???false
[2026-06-14 02:48:19,519] ?????????(BUFF?)?hit:0,crit:0,critInjure:0,dodge:0,ignoreCrit:0,ignoreCritInjure:0,critBoss:0,critInjureBoss:0
[2026-06-14 02:48:19,519] ?????????(BUFF?)?hit:60,crit:288,critInjure:610,dodge:15,ignoreCrit:0,ignoreCritInjure:0,critBoss:250,critInjureBoss:0
[2026-06-14 02:48:19,519] ?????????(BUFF?)?hit:0,crit:0,critInjure:0,dodge:0,ignoreCrit:0,ignoreCritInjure:0,critBoss:0,critInjureBoss:0
[2026-06-14 02:48:19,519] ?????????(BUFF?)?hit:60,crit:288,critInjure:610,dodge:15,ignoreCrit:0,ignoreCritInjure:0,critBoss:250,critInjureBoss:0
[2026-06-14 02:48:19,519] ?????????(BUFF?)?maxPAtk:9127,maxPDef:1866,maxMDef:1866,ignorePDef:0,ignoreMDef:0,injureAdd:0,injureIgnore:0,injureAddBoss:0
[2026-06-14 02:48:19,519] ?????????(BUFF?)?maxPAtk:537036,maxPDef:320573,maxMDef:292686,ignorePDef:923,ignoreMDef:1836,injureAdd:0,injureIgnore:1000,injureAddBoss:100
[2026-06-14 02:48:19,519] [????]???????(Feather Shield), ??=1000, buffStr=601011, ???????
[2026-06-14 02:48:19,519] [????]??BUFF?(Feather Shield[9006]), ????=0, ??=10000
[2026-06-14 02:48:19,519] [????]??BUFF?(Feather Shield), ??=increasescharacterfixed|C:0x34E22C&T:10000|T: ptsHP, ?????0
[2026-06-14 02:48:19,519] ?????????(BUFF?)?maxPAtk:9127,maxPDef:1866,maxMDef:1866,ignorePDef:0,ignoreMDef:0,injureAdd:0,injureIgnore:0,injureAddBoss:0
[2026-06-14 02:48:19,519] ?????????(BUFF?)?maxPAtk:537036,maxPDef:320573,maxMDef:292686,ignorePDef:923,ignoreMDef:1836,injureAdd:0,injureIgnore:1000,injureAddBoss:100
[2026-06-14 02:48:19,519] ?????226
[2026-06-14 02:48:19,519] ??????BUFF???226
[2026-06-14 02:48:19,519] [????]??BUFF?(Feather Shield), ??=increasescharacterfixed|C:0x34E22C&T:10000|T: ptsHP, ?????0
[2026-06-14 02:48:19,519] (????,d1806f2b-c67b-4e48-8e65-e94548e56e23) ???226;????6949700/6949926
[2026-06-14 02:48:19,519] [????]??BUFF?(Feather Shield), ??=increasescharacterfixed|C:0x34E22C&T:10000|T: ptsHP, ?????0
[2026-06-14 02:48:19,519] [????]??BUFF?(Feather Shield), ??=increasescharacterfixed|C:0x34E22C&T:10000|T: ptsHP, ?????0
[2026-06-14 02:48:19,519] (????) ???10000;????6949926/6949926
[2026-06-14 02:48:19,519] =========[Nightmare Lamassu]?????END??(Boss Melee Attack)

[2026-06-14 02:48:19,521] [????]??BUFF?(Feather Shield[9006])

[2026-06-14 02:48:19,557] ????????[65b226f4-3d1c-4a60-838c-6aa6fda1c644]->[6d253f25-7ccd-41bc-8085-9727e67dcdac],?????[1201]
[2026-06-14 02:48:19,557] ??????????[?????,65b226f4-3d1c-4a60-838c-6aa6fda1c644]->[Nightmare Lamassu,6d253f25-7ccd-41bc-8085-9727e67dcdac],?????[1201]

[2026-06-14 02:48:19,557] >>>>>[?????]?????BEGIN??(Fireball), ??=Single Target ATK, uses Magic's power to form a fireball, targeting Single target,deal|C:0x34E22C&T:100%+100|T:Magic Damage., ???Nightmare Lamassu, ?????2
[2026-06-14 02:48:19,557] >>>>>[?????]?????(Nightmare Lamassu), ????[9,14]; ????[4,14]
[2026-06-14 02:48:19,557] ?????????1
[2026-06-14 02:48:19,557] >>>>???(?????) -> (Nightmare Lamassu) ?????100, ?????100, ?????1, ??XP???false
[2026-06-14 02:48:19,557] ?????????(BUFF?)?hit:0,crit:0,critInjure:250,dodge:0,ignoreCrit:0,ignoreCritInjure:0,critBoss:250,critInjureBoss:0
[2026-06-14 02:48:19,557] ?????????(BUFF?)?hit:0,crit:0,critInjure:0,dodge:0,ignoreCrit:0,ignoreCritInjure:0,critBoss:0,critInjureBoss:0
[2026-06-14 02:48:19,557] ?????????(BUFF?)?hit:0,crit:0,critInjure:250,dodge:0,ignoreCrit:0,ignoreCritInjure:0,critBoss:250,critInjureBoss:0
[2026-06-14 02:48:19,557] ?????????(BUFF?)?hit:0,crit:0,critInjure:0,dodge:0,ignoreCrit:0,ignoreCritInjure:0,critBoss:0,critInjureBoss:0
[2026-06-14 02:48:19,557] ?????????(BUFF?)?maxPAtk:109532,maxPDef:64692,maxMDef:38977,ignorePDef:0,ignoreMDef:5809,injureAdd:0,injureIgnore:0,injureAddBoss:100
[2026-06-14 02:48:19,557] ?????????(BUFF?)?maxPAtk:9127,maxPDef:1866,maxMDef:1866,ignorePDef:0,ignoreMDef:0,injureAdd:0,injureIgnore:0,injureAddBoss:0
[2026-06-14 02:48:19,557] ?????????(BUFF?)?maxPAtk:109532,maxPDef:64692,maxMDef:38977,ignorePDef:0,ignoreMDef:5809,injureAdd:0,injureIgnore:0,injureAddBoss:100
[2026-06-14 02:48:19,557] ?????????(BUFF?)?maxPAtk:9127,maxPDef:1866,maxMDef:1866,ignorePDef:0,ignoreMDef:0,injureAdd:0,injureIgnore:0,injureAddBoss:0
[2026-06-14 02:48:19,557] ??~~
[2026-06-14 02:48:19,557] ?????168806
[2026-06-14 02:48:19,557] ??????BUFF???168806
[2026-06-14 02:48:19,557] (Nightmare Lamassu,6d253f25-7ccd-41bc-8085-9727e67dcdac) ???168806;????604977/933000
[2026-06-14 02:48:19,557] =========[?????]?????END??(Fireball)


[2026-06-14 02:48:19,594] ????????[bd0d352c-abdf-4576-a426-08b6080bd21e]->[6d253f25-7ccd-41bc-8085-9727e67dcdac],?????[1201]
[2026-06-14 02:48:19,594] ??????????[Otherworld Elf Ruila,bd0d352c-abdf-4576-a426-08b6080bd21e]->[Nightmare Lamassu,6d253f25-7ccd-41bc-8085-9727e67dcdac],?????[1201]

[2026-06-14 02:48:19,594] >>>>>[Otherworld Elf Ruila]?????BEGIN??(Fireball), ??=Single Target ATK, uses Magic's power to form a fireball, targeting Single target,deal|C:0x34E22C&T:100%+100|T:Magic Damage., ???Nightmare Lamassu, ?????2
[2026-06-14 02:48:19,594] >>>>>[Otherworld Elf Ruila]?????(Nightmare Lamassu), ????[9,14]; ????[4,14]
[2026-06-14 02:48:19,594] ?????????1
[2026-06-14 02:48:19,594] >>>>???(Otherworld Elf Ruila) -> (Nightmare Lamassu) ?????100, ?????100, ?????1, ??XP???false
[2026-06-14 02:48:19,594] ?????????(BUFF?)?hit:0,crit:0,critInjure:250,dodge:0,ignoreCrit:0,ignoreCritInjure:0,critBoss:250,critInjureBoss:0
[2026-06-14 02:48:19,594] ?????????(BUFF?)?hit:0,crit:0,critInjure:0,dodge:0,ignoreCrit:0,ignoreCritInjure:0,critBoss:0,critInjureBoss:0
[2026-06-14 02:48:19,594] ?????????(BUFF?)?hit:0,crit:0,critInjure:250,dodge:0,ignoreCrit:0,ignoreCritInjure:0,critBoss:250,critInjureBoss:0
[2026-06-14 02:48:19,594] ?????????(BUFF?)?hit:0,crit:0,critInjure:0,dodge:0,ignoreCrit:0,ignoreCritInjure:0,critBoss:0,critInjureBoss:0
[2026-06-14 02:48:19,594] ?????????(BUFF?)?maxPAtk:109807,maxPDef:68309,maxMDef:37615,ignorePDef:0,ignoreMDef:6887,injureAdd:0,injureIgnore:0,injureAddBoss:100
[2026-06-14 02:48:19,594] ?????????(BUFF?)?maxPAtk:9127,maxPDef:1866,maxMDef:1866,ignorePDef:0,ignoreMDef:0,injureAdd:0,injureIgnore:0,injureAddBoss:0
[2026-06-14 02:48:19,594] ?????????(BUFF?)?maxPAtk:109807,maxPDef:68309,maxMDef:37615,ignorePDef:0,ignoreMDef:6887,injureAdd:0,injureIgnore:0,injureAddBoss:100
[2026-06-14 02:48:19,594] ?????????(BUFF?)?maxPAtk:9127,maxPDef:1866,maxMDef:1866,ignorePDef:0,ignoreMDef:0,injureAdd:0,injureIgnore:0,injureAddBoss:0
[2026-06-14 02:48:19,594] ??~~
[2026-06-14 02:48:19,594] ?????169229
[2026-06-14 02:48:19,594] ??????BUFF???169229
[2026-06-14 02:48:19,595] (Nightmare Lamassu,6d253f25-7ccd-41bc-8085-9727e67dcdac) ???169229;????435748/933000
[2026-06-14 02:48:19,595] =========[Otherworld Elf Ruila]?????END??(Fireball)


[2026-06-14 02:48:19,736] ????????[d1806f2b-c67b-4e48-8e65-e94548e56e23]->[6d253f25-7ccd-41bc-8085-9727e67dcdac],?????[9]
[2026-06-14 02:48:19,736] ??????????[????,d1806f2b-c67b-4e48-8e65-e94548e56e23]->[Nightmare Lamassu,6d253f25-7ccd-41bc-8085-9727e67dcdac],?????[9]

[2026-06-14 02:48:19,736] >>>>>[????]?????BEGIN??(Giant Rock Holy Shield), ??=Support Skill, applies Shield Reduction of|C:0x34E22C&T:20%|T: damage value, for|C:0x34E22C&T:5|T:s, upon breaking, targets surrounding enemies, dealing|C:0x34E22C&T:120%+{0}|T:Magic Damage, ???????, ?????0
[2026-06-14 02:48:19,736] [????]??BUFF?(Giant Rock Holy Shield[3201]), ????=5000, ??=2000
[2026-06-14 02:48:19,736] [????]?????1389985
[2026-06-14 02:48:19,736] =========[????]???????????(Giant Rock Holy Shield)

[2026-06-14 02:48:19,839] ????????[????],posX=7,posY=15
[2026-06-14 02:48:20,193] ????????[????],posX=6,posY=15

[2026-06-14 02:48:20,228] ????????[ebc35acd-9d47-43c8-b6d6-2e231c80d600]->[6d253f25-7ccd-41bc-8085-9727e67dcdac],?????[1201]
[2026-06-14 02:48:20,228] ??????????[?????,ebc35acd-9d47-43c8-b6d6-2e231c80d600]->[Nightmare Lamassu,6d253f25-7ccd-41bc-8085-9727e67dcdac],?????[1201]

[2026-06-14 02:48:20,228] >>>>>[?????]?????BEGIN??(Fireball), ??=Single Target ATK, uses Magic's power to form a fireball, targeting Single target,deal|C:0x34E22C&T:100%+100|T:Magic Damage., ???Nightmare Lamassu, ?????2
[2026-06-14 02:48:20,228] >>>>>[?????]?????(Nightmare Lamassu), ????[9,14]; ????[4,14]
[2026-06-14 02:48:20,228] ?????????1
[2026-06-14 02:48:20,228] >>>>???(?????) -> (Nightmare Lamassu) ?????100, ?????100, ?????1, ??XP???false
[2026-06-14 02:48:20,228] ?????????(BUFF?)?hit:0,crit:0,critInjure:250,dodge:0,ignoreCrit:0,ignoreCritInjure:0,critBoss:250,critInjureBoss:0
[2026-06-14 02:48:20,228] ?????????(BUFF?)?hit:0,crit:0,critInjure:0,dodge:0,ignoreCrit:0,ignoreCritInjure:0,critBoss:0,critInjureBoss:0
[2026-06-14 02:48:20,228] ?????????(BUFF?)?hit:0,crit:0,critInjure:250,dodge:0,ignoreCrit:0,ignoreCritInjure:0,critBoss:250,critInjureBoss:0
[2026-06-14 02:48:20,228] ?????????(BUFF?)?hit:0,crit:0,critInjure:0,dodge:0,ignoreCrit:0,ignoreCritInjure:0,critBoss:0,critInjureBoss:0
[2026-06-14 02:48:20,228] ?????????(BUFF?)?maxPAtk:155998,maxPDef:88275,maxMDef:65856,ignorePDef:0,ignoreMDef:35218,injureAdd:100,injureIgnore:0,injureAddBoss:100
[2026-06-14 02:48:20,228] ?????????(BUFF?)?maxPAtk:9127,maxPDef:1866,maxMDef:1866,ignorePDef:0,ignoreMDef:0,injureAdd:0,injureIgnore:0,injureAddBoss:0
[2026-06-14 02:48:20,228] ?????????(BUFF?)?maxPAtk:155998,maxPDef:88275,maxMDef:65856,ignorePDef:0,ignoreMDef:35218,injureAdd:100,injureIgnore:0,injureAddBoss:100
[2026-06-14 02:48:20,228] ?????????(BUFF?)?maxPAtk:9127,maxPDef:1866,maxMDef:1866,ignorePDef:0,ignoreMDef:0,injureAdd:0,injureIgnore:0,injureAddBoss:0
[2026-06-14 02:48:20,228] ?????159217
[2026-06-14 02:48:20,228] ??????BUFF???159217
[2026-06-14 02:48:20,228] (Nightmare Lamassu,6d253f25-7ccd-41bc-8085-9727e67dcdac) ???159217;????276531/933000
[2026-06-14 02:48:20,228] =========[?????]?????END??(Fireball)

[2026-06-14 02:48:20,484] (????) ???1200;????6949926/6949926

[2026-06-14 02:48:20,510] ????????[65b226f4-3d1c-4a60-838c-6aa6fda1c644]->[6d253f25-7ccd-41bc-8085-9727e67dcdac],?????[1201]
[2026-06-14 02:48:20,510] ??????????[?????,65b226f4-3d1c-4a60-838c-6aa6fda1c644]->[Nightmare Lamassu,6d253f25-7ccd-41bc-8085-9727e67dcdac],?????[1201]

[2026-06-14 02:48:20,510] >>>>>[?????]?????BEGIN??(Fireball), ??=Single Target ATK, uses Magic's power to form a fireball, targeting Single target,deal|C:0x34E22C&T:100%+100|T:Magic Damage., ???Nightmare Lamassu, ?????2
[2026-06-14 02:48:20,510] >>>>>[?????]?????(Nightmare Lamassu), ????[9,14]; ????[4,14]
[2026-06-14 02:48:20,510] ?????????1
[2026-06-14 02:48:20,510] >>>>???(?????) -> (Nightmare Lamassu) ?????100, ?????100, ?????1, ??XP???false
[2026-06-14 02:48:20,510] ?????????(BUFF?)?hit:0,crit:0,critInjure:250,dodge:0,ignoreCrit:0,ignoreCritInjure:0,critBoss:250,critInjureBoss:0
[2026-06-14 02:48:20,510] ?????????(BUFF?)?hit:0,crit:0,critInjure:0,dodge:0,ignoreCrit:0,ignoreCritInjure:0,critBoss:0,critInjureBoss:0
[2026-06-14 02:48:20,510] ?????????(BUFF?)?hit:0,crit:0,critInjure:250,dodge:0,ignoreCrit:0,ignoreCritInjure:0,critBoss:250,critInjureBoss:0
[2026-06-14 02:48:20,510] ?????????(BUFF?)?hit:0,crit:0,critInjure:0,dodge:0,ignoreCrit:0,ignoreCritInjure:0,critBoss:0,critInjureBoss:0
[2026-06-14 02:48:20,510] ?????????(BUFF?)?maxPAtk:109532,maxPDef:64692,maxMDef:38977,ignorePDef:0,ignoreMDef:5809,injureAdd:0,injureIgnore:0,injureAddBoss:100
[2026-06-14 02:48:20,510] ?????????(BUFF?)?maxPAtk:9127,maxPDef:1866,maxMDef:1866,ignorePDef:0,ignoreMDef:0,injureAdd:0,injureIgnore:0,injureAddBoss:0
[2026-06-14 02:48:20,510] ?????????(BUFF?)?maxPAtk:109532,maxPDef:64692,maxMDef:38977,ignorePDef:0,ignoreMDef:5809,injureAdd:0,injureIgnore:0,injureAddBoss:100
[2026-06-14 02:48:20,510] ?????????(BUFF?)?maxPAtk:9127,maxPDef:1866,maxMDef:1866,ignorePDef:0,ignoreMDef:0,injureAdd:0,injureIgnore:0,injureAddBoss:0
[2026-06-14 02:48:20,510] ?????110727
[2026-06-14 02:48:20,510] ??????BUFF???110727
[2026-06-14 02:48:20,510] (Nightmare Lamassu,6d253f25-7ccd-41bc-8085-9727e67dcdac) ???110727;????165804/933000
[2026-06-14 02:48:20,510] =========[?????]?????END??(Fireball)


[2026-06-14 02:48:20,521] >>>>>[Nightmare Lamassu]?????BEGIN??(Boss Melee Attack), ??=NormalATK, ???????, ?????4
[2026-06-14 02:48:20,521] >>>>>[Nightmare Lamassu]?????(????), ????[4,14]; ????[6,15]
[2026-06-14 02:48:20,521] ?????????1
[2026-06-14 02:48:20,521] >>>>???(Nightmare Lamassu) -> (????) ?????100, ?????0, ?????0, ??XP???false
[2026-06-14 02:48:20,521] ?????????(BUFF?)?hit:0,crit:0,critInjure:0,dodge:0,ignoreCrit:0,ignoreCritInjure:0,critBoss:0,critInjureBoss:0
[2026-06-14 02:48:20,521] ?????????(BUFF?)?hit:60,crit:288,critInjure:610,dodge:15,ignoreCrit:0,ignoreCritInjure:0,critBoss:250,critInjureBoss:0
[2026-06-14 02:48:20,521] ?????????(BUFF?)?hit:0,crit:0,critInjure:0,dodge:0,ignoreCrit:0,ignoreCritInjure:0,critBoss:0,critInjureBoss:0
[2026-06-14 02:48:20,521] ?????????(BUFF?)?hit:60,crit:288,critInjure:610,dodge:15,ignoreCrit:0,ignoreCritInjure:0,critBoss:250,critInjureBoss:0
[2026-06-14 02:48:20,521] ?????????(BUFF?)?maxPAtk:9127,maxPDef:1866,maxMDef:1866,ignorePDef:0,ignoreMDef:0,injureAdd:0,injureIgnore:0,injureAddBoss:0
[2026-06-14 02:48:20,521] ?????????(BUFF?)?maxPAtk:537036,maxPDef:320573,maxMDef:292686,ignorePDef:923,ignoreMDef:1836,injureAdd:0,injureIgnore:1000,injureAddBoss:100
[2026-06-14 02:48:20,521] ?????????(BUFF?)?maxPAtk:9127,maxPDef:1866,maxMDef:1866,ignorePDef:0,ignoreMDef:0,injureAdd:0,injureIgnore:0,injureAddBoss:0
[2026-06-14 02:48:20,521] ?????????(BUFF?)?maxPAtk:537036,maxPDef:320573,maxMDef:292686,ignorePDef:923,ignoreMDef:1836,injureAdd:0,injureIgnore:1000,injureAddBoss:100
[2026-06-14 02:48:20,521] ?????226
[2026-06-14 02:48:20,521] ??????BUFF???226
[2026-06-14 02:48:20,521] [????]??BUFF?(Giant Rock Holy Shield), ??=Absorb Max HP|C:0x34E22C&T:20%|T:damage, ?????4215
[2026-06-14 02:48:20,521] [????]?????226, ?????1389759
[2026-06-14 02:48:20,521] (????,d1806f2b-c67b-4e48-8e65-e94548e56e23) ???0;????6949926/6949926
[2026-06-14 02:48:20,521] =========[Nightmare Lamassu]?????END??(Boss Melee Attack)


[2026-06-14 02:48:20,544] ????????[bd0d352c-abdf-4576-a426-08b6080bd21e]->[6d253f25-7ccd-41bc-8085-9727e67dcdac],?????[1201]
[2026-06-14 02:48:20,544] ??????????[Otherworld Elf Ruila,bd0d352c-abdf-4576-a426-08b6080bd21e]->[Nightmare Lamassu,6d253f25-7ccd-41bc-8085-9727e67dcdac],?????[1201]

[2026-06-14 02:48:20,544] >>>>>[Otherworld Elf Ruila]?????BEGIN??(Fireball), ??=Single Target ATK, uses Magic's power to form a fireball, targeting Single target,deal|C:0x34E22C&T:100%+100|T:Magic Damage., ???Nightmare Lamassu, ?????2
[2026-06-14 02:48:20,544] >>>>>[Otherworld Elf Ruila]?????(Nightmare Lamassu), ????[9,14]; ????[4,14]
[2026-06-14 02:48:20,544] ?????????1
[2026-06-14 02:48:20,544] >>>>???(Otherworld Elf Ruila) -> (Nightmare Lamassu) ?????100, ?????100, ?????1, ??XP???false
[2026-06-14 02:48:20,544] ?????????(BUFF?)?hit:0,crit:0,critInjure:250,dodge:0,ignoreCrit:0,ignoreCritInjure:0,critBoss:250,critInjureBoss:0
[2026-06-14 02:48:20,544] ?????????(BUFF?)?hit:0,crit:0,critInjure:0,dodge:0,ignoreCrit:0,ignoreCritInjure:0,critBoss:0,critInjureBoss:0
[2026-06-14 02:48:20,544] ?????????(BUFF?)?hit:0,crit:0,critInjure:250,dodge:0,ignoreCrit:0,ignoreCritInjure:0,critBoss:250,critInjureBoss:0
[2026-06-14 02:48:20,544] ?????????(BUFF?)?hit:0,crit:0,critInjure:0,dodge:0,ignoreCrit:0,ignoreCritInjure:0,critBoss:0,critInjureBoss:0
[2026-06-14 02:48:20,544] ?????????(BUFF?)?maxPAtk:109807,maxPDef:68309,maxMDef:37615,ignorePDef:0,ignoreMDef:6887,injureAdd:0,injureIgnore:0,injureAddBoss:100
[2026-06-14 02:48:20,544] ?????????(BUFF?)?maxPAtk:9127,maxPDef:1866,maxMDef:1866,ignorePDef:0,ignoreMDef:0,injureAdd:0,injureIgnore:0,injureAddBoss:0
[2026-06-14 02:48:20,544] ?????????(BUFF?)?maxPAtk:109807,maxPDef:68309,maxMDef:37615,ignorePDef:0,ignoreMDef:6887,injureAdd:0,injureIgnore:0,injureAddBoss:100
[2026-06-14 02:48:20,544] ?????????(BUFF?)?maxPAtk:9127,maxPDef:1866,maxMDef:1866,ignorePDef:0,ignoreMDef:0,injureAdd:0,injureIgnore:0,injureAddBoss:0
[2026-06-14 02:48:20,544] ?????111005
[2026-06-14 02:48:20,544] ??????BUFF???111005
[2026-06-14 02:48:20,544] (Nightmare Lamassu,6d253f25-7ccd-41bc-8085-9727e67dcdac) ???111005;????54799/933000
[2026-06-14 02:48:20,544] =========[Otherworld Elf Ruila]?????END??(Fireball)


[2026-06-14 02:48:21,143] ????????[ebc35acd-9d47-43c8-b6d6-2e231c80d600]->[6d253f25-7ccd-41bc-8085-9727e67dcdac],?????[1201]
[2026-06-14 02:48:21,143] ??????????[?????,ebc35acd-9d47-43c8-b6d6-2e231c80d600]->[Nightmare Lamassu,6d253f25-7ccd-41bc-8085-9727e67dcdac],?????[1201]

[2026-06-14 02:48:21,143] >>>>>[?????]?????BEGIN??(Fireball), ??=Single Target ATK, uses Magic's power to form a fireball, targeting Single target,deal|C:0x34E22C&T:100%+100|T:Magic Damage., ???Nightmare Lamassu, ?????2
[2026-06-14 02:48:21,143] >>>>>[?????]?????(Nightmare Lamassu), ????[9,14]; ????[4,14]
[2026-06-14 02:48:21,143] ?????????1
[2026-06-14 02:48:21,143] >>>>???(?????) -> (Nightmare Lamassu) ?????100, ?????100, ?????1, ??XP???false
[2026-06-14 02:48:21,143] ?????????(BUFF?)?hit:0,crit:0,critInjure:250,dodge:0,ignoreCrit:0,ignoreCritInjure:0,critBoss:250,critInjureBoss:0
[2026-06-14 02:48:21,143] ?????????(BUFF?)?hit:0,crit:0,critInjure:0,dodge:0,ignoreCrit:0,ignoreCritInjure:0,critBoss:0,critInjureBoss:0
[2026-06-14 02:48:21,143] ?????????(BUFF?)?hit:0,crit:0,critInjure:250,dodge:0,ignoreCrit:0,ignoreCritInjure:0,critBoss:250,critInjureBoss:0
[2026-06-14 02:48:21,143] ?????????(BUFF?)?hit:0,crit:0,critInjure:0,dodge:0,ignoreCrit:0,ignoreCritInjure:0,critBoss:0,critInjureBoss:0
[2026-06-14 02:48:21,143] ?????????(BUFF?)?maxPAtk:155998,maxPDef:88275,maxMDef:65856,ignorePDef:0,ignoreMDef:35218,injureAdd:100,injureIgnore:0,injureAddBoss:100
[2026-06-14 02:48:21,143] ?????????(BUFF?)?maxPAtk:9127,maxPDef:1866,maxMDef:1866,ignorePDef:0,ignoreMDef:0,injureAdd:0,injureIgnore:0,injureAddBoss:0
[2026-06-14 02:48:21,143] ?????????(BUFF?)?maxPAtk:155998,maxPDef:88275,maxMDef:65856,ignorePDef:0,ignoreMDef:35218,injureAdd:100,injureIgnore:0,injureAddBoss:100
[2026-06-14 02:48:21,143] ?????????(BUFF?)?maxPAtk:9127,maxPDef:1866,maxMDef:1866,ignorePDef:0,ignoreMDef:0,injureAdd:0,injureIgnore:0,injureAddBoss:0
[2026-06-14 02:48:21,143] ?????159217
[2026-06-14 02:48:21,143] ??????BUFF???159217
[2026-06-14 02:48:21,143] (Nightmare Lamassu,6d253f25-7ccd-41bc-8085-9727e67dcdac) ???159217;????0/933000
[2026-06-14 02:48:21,143] ???(????,d1806f2b-c67b-4e48-8e65-e94548e56e23) ??????: objectId=6d253f25-7ccd-41bc-8085-9727e67dcdac,status=0
[2026-06-14 02:48:21,144] (Nightmare Lamassu,6d253f25-7ccd-41bc-8085-9727e67dcdac) ?????1781376501144
[2026-06-14 02:48:21,144] =========[?????]?????END??(Fireball)

[2026-06-14 02:48:21,251] ?canControlObject??????????name=[????]
[2026-06-14 02:48:21,427] ?canControlObject??????????name=[????]
