[2026-06-14 02:46:14,889] ?Flame Demon Commander?????????????
[2026-06-14 02:46:14,889] [????]??BUFF?(Giant Rock Holy Shield[3201])
[2026-06-14 02:46:14,889] (????) ???1200;????6949926/6949926
[2026-06-14 02:46:14,923] ????????[????],posX=11,posY=14

[2026-06-14 02:46:15,347] ????????[ebc35acd-9d47-43c8-b6d6-2e231c80d600]->[ab2b477f-d2f7-4d7a-822f-f689160028ac],?????[1201]
[2026-06-14 02:46:15,347] ??????????[?????,ebc35acd-9d47-43c8-b6d6-2e231c80d600]->[Flame Demon Commander,ab2b477f-d2f7-4d7a-822f-f689160028ac],?????[1201]

[2026-06-14 02:46:15,347] >>>>>[?????]?????BEGIN??(Fireball), ??=Single Target ATK, uses Magic's power to form a fireball, targeting Single target,deal|C:0x34E22C&T:100%+100|T:Magic Damage., ???Flame Demon Commander, ?????2
[2026-06-14 02:46:15,347] >>>>>[?????]?????(Flame Demon Commander), ????[10,15]; ????[14,15]
[2026-06-14 02:46:15,347] ?????????1
[2026-06-14 02:46:15,347] >>>>???(?????) -> (Flame Demon Commander) ?????100, ?????100, ?????1, ??XP???false
[2026-06-14 02:46:15,347] ?????????(BUFF?)?hit:0,crit:0,critInjure:250,dodge:0,ignoreCrit:0,ignoreCritInjure:0,critBoss:250,critInjureBoss:0
[2026-06-14 02:46:15,347] ?????????(BUFF?)?hit:0,crit:0,critInjure:0,dodge:0,ignoreCrit:0,ignoreCritInjure:0,critBoss:0,critInjureBoss:0
[2026-06-14 02:46:15,347] ?????????(BUFF?)?hit:0,crit:0,critInjure:250,dodge:0,ignoreCrit:0,ignoreCritInjure:0,critBoss:250,critInjureBoss:0
[2026-06-14 02:46:15,347] ?????????(BUFF?)?hit:0,crit:0,critInjure:0,dodge:0,ignoreCrit:0,ignoreCritInjure:0,critBoss:0,critInjureBoss:0
[2026-06-14 02:46:15,347] ?????????(BUFF?)?maxPAtk:155998,maxPDef:88275,maxMDef:65856,ignorePDef:0,ignoreMDef:35218,injureAdd:100,injureIgnore:0,injureAddBoss:100
[2026-06-14 02:46:15,347] ?????????(BUFF?)?maxPAtk:8909,maxPDef:1810,maxMDef:1810,ignorePDef:0,ignoreMDef:0,injureAdd:0,injureIgnore:0,injureAddBoss:0
[2026-06-14 02:46:15,347] ?????????(BUFF?)?maxPAtk:155998,maxPDef:88275,maxMDef:65856,ignorePDef:0,ignoreMDef:35218,injureAdd:100,injureIgnore:0,injureAddBoss:100
[2026-06-14 02:46:15,347] ?????????(BUFF?)?maxPAtk:8909,maxPDef:1810,maxMDef:1810,ignorePDef:0,ignoreMDef:0,injureAdd:0,injureIgnore:0,injureAddBoss:0
[2026-06-14 02:46:15,347] ?????159217
[2026-06-14 02:46:15,347] ??????BUFF???159217
[2026-06-14 02:46:15,347] (Flame Demon Commander,ab2b477f-d2f7-4d7a-822f-f689160028ac) ???159217;????745783/905000
[2026-06-14 02:46:15,347] =========[?????]?????END??(Fireball)


[2026-06-14 02:46:15,737] ????????[65b226f4-3d1c-4a60-838c-6aa6fda1c644]->[ab2b477f-d2f7-4d7a-822f-f689160028ac],?????[1201]
[2026-06-14 02:46:15,737] ??????????[?????,65b226f4-3d1c-4a60-838c-6aa6fda1c644]->[Flame Demon Commander,ab2b477f-d2f7-4d7a-822f-f689160028ac],?????[1201]

[2026-06-14 02:46:15,737] >>>>>[?????]?????BEGIN??(Fireball), ??=Single Target ATK, uses Magic's power to form a fireball, targeting Single target,deal|C:0x34E22C&T:100%+100|T:Magic Damage., ???Flame Demon Commander, ?????2
[2026-06-14 02:46:15,737] >>>>>[?????]?????(Flame Demon Commander), ????[10,15]; ????[14,15]
[2026-06-14 02:46:15,737] ?????????1
[2026-06-14 02:46:15,737] >>>>???(?????) -> (Flame Demon Commander) ?????100, ?????100, ?????1, ??XP???false
[2026-06-14 02:46:15,737] ?????????(BUFF?)?hit:0,crit:0,critInjure:250,dodge:0,ignoreCrit:0,ignoreCritInjure:0,critBoss:250,critInjureBoss:0
[2026-06-14 02:46:15,737] ?????????(BUFF?)?hit:0,crit:0,critInjure:0,dodge:0,ignoreCrit:0,ignoreCritInjure:0,critBoss:0,critInjureBoss:0
[2026-06-14 02:46:15,737] ?????????(BUFF?)?hit:0,crit:0,critInjure:250,dodge:0,ignoreCrit:0,ignoreCritInjure:0,critBoss:250,critInjureBoss:0
[2026-06-14 02:46:15,737] ?????????(BUFF?)?hit:0,crit:0,critInjure:0,dodge:0,ignoreCrit:0,ignoreCritInjure:0,critBoss:0,critInjureBoss:0
[2026-06-14 02:46:15,737] ?????????(BUFF?)?maxPAtk:109532,maxPDef:64692,maxMDef:38977,ignorePDef:0,ignoreMDef:5809,injureAdd:0,injureIgnore:0,injureAddBoss:100
[2026-06-14 02:46:15,737] ?????????(BUFF?)?maxPAtk:8909,maxPDef:1810,maxMDef:1810,ignorePDef:0,ignoreMDef:0,injureAdd:0,injureIgnore:0,injureAddBoss:0
[2026-06-14 02:46:15,737] ?????????(BUFF?)?maxPAtk:109532,maxPDef:64692,maxMDef:38977,ignorePDef:0,ignoreMDef:5809,injureAdd:0,injureIgnore:0,injureAddBoss:100
[2026-06-14 02:46:15,737] ?????????(BUFF?)?maxPAtk:8909,maxPDef:1810,maxMDef:1810,ignorePDef:0,ignoreMDef:0,injureAdd:0,injureIgnore:0,injureAddBoss:0
[2026-06-14 02:46:15,737] ?????110727
[2026-06-14 02:46:15,737] ??????BUFF???110727
[2026-06-14 02:46:15,737] (Flame Demon Commander,ab2b477f-d2f7-4d7a-822f-f689160028ac) ???110727;????635056/905000
[2026-06-14 02:46:15,737] =========[?????]?????END??(Fireball)

[2026-06-14 02:46:15,890] (????) ???1200;????6949926/6949926

[2026-06-14 02:46:15,895] >>>>>[Flame Demon Commander]?????BEGIN??(Boss Melee Attack), ??=NormalATK, ???????, ?????4
[2026-06-14 02:46:15,895] >>>>>[Flame Demon Commander]?????(????), ????[14,15]; ????[11,14]
[2026-06-14 02:46:15,895] ?????????1
[2026-06-14 02:46:15,895] >>>>???(Flame Demon Commander) -> (????) ?????100, ?????0, ?????0, ??XP???false
[2026-06-14 02:46:15,895] ?????????(BUFF?)?hit:0,crit:0,critInjure:0,dodge:0,ignoreCrit:0,ignoreCritInjure:0,critBoss:0,critInjureBoss:0
[2026-06-14 02:46:15,895] ?????????(BUFF?)?hit:60,crit:288,critInjure:610,dodge:15,ignoreCrit:0,ignoreCritInjure:0,critBoss:250,critInjureBoss:0
[2026-06-14 02:46:15,895] ?????????(BUFF?)?hit:0,crit:0,critInjure:0,dodge:0,ignoreCrit:0,ignoreCritInjure:0,critBoss:0,critInjureBoss:0
[2026-06-14 02:46:15,895] ?????????(BUFF?)?hit:60,crit:288,critInjure:610,dodge:15,ignoreCrit:0,ignoreCritInjure:0,critBoss:250,critInjureBoss:0
[2026-06-14 02:46:15,895] ?????????(BUFF?)?maxPAtk:8909,maxPDef:1810,maxMDef:1810,ignorePDef:0,ignoreMDef:0,injureAdd:0,injureIgnore:0,injureAddBoss:0
[2026-06-14 02:46:15,895] ?????????(BUFF?)?maxPAtk:537036,maxPDef:320573,maxMDef:292686,ignorePDef:923,ignoreMDef:1836,injureAdd:0,injureIgnore:1000,injureAddBoss:100
[2026-06-14 02:46:15,895] ?????????(BUFF?)?maxPAtk:8909,maxPDef:1810,maxMDef:1810,ignorePDef:0,ignoreMDef:0,injureAdd:0,injureIgnore:0,injureAddBoss:0
[2026-06-14 02:46:15,895] ?????????(BUFF?)?maxPAtk:537036,maxPDef:320573,maxMDef:292686,ignorePDef:923,ignoreMDef:1836,injureAdd:0,injureIgnore:1000,injureAddBoss:100
[2026-06-14 02:46:15,895] ?????216
[2026-06-14 02:46:15,895] ??????BUFF???216
[2026-06-14 02:46:15,895] (????,d1806f2b-c67b-4e48-8e65-e94548e56e23) ???216;????6949710/6949926
[2026-06-14 02:46:15,895] =========[Flame Demon Commander]?????END??(Boss Melee Attack)


[2026-06-14 02:46:15,986] ????????[bd0d352c-abdf-4576-a426-08b6080bd21e]->[ab2b477f-d2f7-4d7a-822f-f689160028ac],?????[1201]
[2026-06-14 02:46:15,986] ??????????[Otherworld Elf Ruila,bd0d352c-abdf-4576-a426-08b6080bd21e]->[Flame Demon Commander,ab2b477f-d2f7-4d7a-822f-f689160028ac],?????[1201]

[2026-06-14 02:46:15,986] >>>>>[Otherworld Elf Ruila]?????BEGIN??(Fireball), ??=Single Target ATK, uses Magic's power to form a fireball, targeting Single target,deal|C:0x34E22C&T:100%+100|T:Magic Damage., ???Flame Demon Commander, ?????2
[2026-06-14 02:46:15,986] >>>>>[Otherworld Elf Ruila]?????(Flame Demon Commander), ????[10,15]; ????[14,15]
[2026-06-14 02:46:15,986] ?????????1
[2026-06-14 02:46:15,986] >>>>???(Otherworld Elf Ruila) -> (Flame Demon Commander) ?????100, ?????100, ?????1, ??XP???false
[2026-06-14 02:46:15,986] ?????????(BUFF?)?hit:0,crit:0,critInjure:250,dodge:0,ignoreCrit:0,ignoreCritInjure:0,critBoss:250,critInjureBoss:0
[2026-06-14 02:46:15,986] ?????????(BUFF?)?hit:0,crit:0,critInjure:0,dodge:0,ignoreCrit:0,ignoreCritInjure:0,critBoss:0,critInjureBoss:0
[2026-06-14 02:46:15,986] ?????????(BUFF?)?hit:0,crit:0,critInjure:250,dodge:0,ignoreCrit:0,ignoreCritInjure:0,critBoss:250,critInjureBoss:0
[2026-06-14 02:46:15,986] ?????????(BUFF?)?hit:0,crit:0,critInjure:0,dodge:0,ignoreCrit:0,ignoreCritInjure:0,critBoss:0,critInjureBoss:0
[2026-06-14 02:46:15,986] ?????????(BUFF?)?maxPAtk:109807,maxPDef:68309,maxMDef:37615,ignorePDef:0,ignoreMDef:6887,injureAdd:0,injureIgnore:0,injureAddBoss:100
[2026-06-14 02:46:15,986] ?????????(BUFF?)?maxPAtk:8909,maxPDef:1810,maxMDef:1810,ignorePDef:0,ignoreMDef:0,injureAdd:0,injureIgnore:0,injureAddBoss:0
[2026-06-14 02:46:15,986] ?????????(BUFF?)?maxPAtk:109807,maxPDef:68309,maxMDef:37615,ignorePDef:0,ignoreMDef:6887,injureAdd:0,injureIgnore:0,injureAddBoss:100
[2026-06-14 02:46:15,986] ?????????(BUFF?)?maxPAtk:8909,maxPDef:1810,maxMDef:1810,ignorePDef:0,ignoreMDef:0,injureAdd:0,injureIgnore:0,injureAddBoss:0
[2026-06-14 02:46:15,986] ?????111005
[2026-06-14 02:46:15,986] ??????BUFF???111005
[2026-06-14 02:46:15,986] (Flame Demon Commander,ab2b477f-d2f7-4d7a-822f-f689160028ac) ???111005;????524051/905000
[2026-06-14 02:46:15,986] =========[Otherworld Elf Ruila]?????END??(Fireball)


[2026-06-14 02:46:16,090] ????????[d1806f2b-c67b-4e48-8e65-e94548e56e23]->[ab2b477f-d2f7-4d7a-822f-f689160028ac],?????[9]
[2026-06-14 02:46:16,090] ??????????[????,d1806f2b-c67b-4e48-8e65-e94548e56e23]->[Flame Demon Commander,ab2b477f-d2f7-4d7a-822f-f689160028ac],?????[9]

[2026-06-14 02:46:16,090] >>>>>[????]?????BEGIN??(Giant Rock Holy Shield), ??=Support Skill, applies Shield Reduction of|C:0x34E22C&T:20%|T: damage value, for|C:0x34E22C&T:5|T:s, upon breaking, targets surrounding enemies, dealing|C:0x34E22C&T:120%+{0}|T:Magic Damage, ???????, ?????0
[2026-06-14 02:46:16,090] [????]??BUFF?(Giant Rock Holy Shield[3201]), ????=5000, ??=2000
[2026-06-14 02:46:16,090] [????]?????1389985
[2026-06-14 02:46:16,090] =========[????]???????????(Giant Rock Holy Shield)

[2026-06-14 02:46:16,198] ????????[????],posX=12,posY=14

[2026-06-14 02:46:16,267] ????????[ebc35acd-9d47-43c8-b6d6-2e231c80d600]->[ab2b477f-d2f7-4d7a-822f-f689160028ac],?????[1201]
[2026-06-14 02:46:16,267] ??????????[?????,ebc35acd-9d47-43c8-b6d6-2e231c80d600]->[Flame Demon Commander,ab2b477f-d2f7-4d7a-822f-f689160028ac],?????[1201]

[2026-06-14 02:46:16,267] >>>>>[?????]?????BEGIN??(Fireball), ??=Single Target ATK, uses Magic's power to form a fireball, targeting Single target,deal|C:0x34E22C&T:100%+100|T:Magic Damage., ???Flame Demon Commander, ?????2
[2026-06-14 02:46:16,267] >>>>>[?????]?????(Flame Demon Commander), ????[10,15]; ????[14,15]
[2026-06-14 02:46:16,267] ?????????1
[2026-06-14 02:46:16,267] >>>>???(?????) -> (Flame Demon Commander) ?????100, ?????100, ?????1, ??XP???false
[2026-06-14 02:46:16,267] ?????????(BUFF?)?hit:0,crit:0,critInjure:250,dodge:0,ignoreCrit:0,ignoreCritInjure:0,critBoss:250,critInjureBoss:0
[2026-06-14 02:46:16,267] ?????????(BUFF?)?hit:0,crit:0,critInjure:0,dodge:0,ignoreCrit:0,ignoreCritInjure:0,critBoss:0,critInjureBoss:0
[2026-06-14 02:46:16,267] ?????????(BUFF?)?hit:0,crit:0,critInjure:250,dodge:0,ignoreCrit:0,ignoreCritInjure:0,critBoss:250,critInjureBoss:0
[2026-06-14 02:46:16,267] ?????????(BUFF?)?hit:0,crit:0,critInjure:0,dodge:0,ignoreCrit:0,ignoreCritInjure:0,critBoss:0,critInjureBoss:0
[2026-06-14 02:46:16,267] ?????????(BUFF?)?maxPAtk:155998,maxPDef:88275,maxMDef:65856,ignorePDef:0,ignoreMDef:35218,injureAdd:100,injureIgnore:0,injureAddBoss:100
[2026-06-14 02:46:16,267] ?????????(BUFF?)?maxPAtk:8909,maxPDef:1810,maxMDef:1810,ignorePDef:0,ignoreMDef:0,injureAdd:0,injureIgnore:0,injureAddBoss:0
[2026-06-14 02:46:16,267] ?????????(BUFF?)?maxPAtk:155998,maxPDef:88275,maxMDef:65856,ignorePDef:0,ignoreMDef:35218,injureAdd:100,injureIgnore:0,injureAddBoss:100
[2026-06-14 02:46:16,267] ?????????(BUFF?)?maxPAtk:8909,maxPDef:1810,maxMDef:1810,ignorePDef:0,ignoreMDef:0,injureAdd:0,injureIgnore:0,injureAddBoss:0
[2026-06-14 02:46:16,267] ?????159217
[2026-06-14 02:46:16,267] ??????BUFF???159217
[2026-06-14 02:46:16,267] (Flame Demon Commander,ab2b477f-d2f7-4d7a-822f-f689160028ac) ???159217;????364834/905000
[2026-06-14 02:46:16,267] =========[?????]?????END??(Fireball)


[2026-06-14 02:46:16,658] ????????[65b226f4-3d1c-4a60-838c-6aa6fda1c644]->[ab2b477f-d2f7-4d7a-822f-f689160028ac],?????[1201]
[2026-06-14 02:46:16,658] ??????????[?????,65b226f4-3d1c-4a60-838c-6aa6fda1c644]->[Flame Demon Commander,ab2b477f-d2f7-4d7a-822f-f689160028ac],?????[1201]

[2026-06-14 02:46:16,658] >>>>>[?????]?????BEGIN??(Fireball), ??=Single Target ATK, uses Magic's power to form a fireball, targeting Single target,deal|C:0x34E22C&T:100%+100|T:Magic Damage., ???Flame Demon Commander, ?????2
[2026-06-14 02:46:16,658] >>>>>[?????]?????(Flame Demon Commander), ????[10,15]; ????[14,15]
[2026-06-14 02:46:16,658] ?????????1
[2026-06-14 02:46:16,658] >>>>???(?????) -> (Flame Demon Commander) ?????100, ?????100, ?????1, ??XP???false
[2026-06-14 02:46:16,658] ?????????(BUFF?)?hit:0,crit:0,critInjure:250,dodge:0,ignoreCrit:0,ignoreCritInjure:0,critBoss:250,critInjureBoss:0
[2026-06-14 02:46:16,658] ?????????(BUFF?)?hit:0,crit:0,critInjure:0,dodge:0,ignoreCrit:0,ignoreCritInjure:0,critBoss:0,critInjureBoss:0
[2026-06-14 02:46:16,658] ?????????(BUFF?)?hit:0,crit:0,critInjure:250,dodge:0,ignoreCrit:0,ignoreCritInjure:0,critBoss:250,critInjureBoss:0
[2026-06-14 02:46:16,658] ?????????(BUFF?)?hit:0,crit:0,critInjure:0,dodge:0,ignoreCrit:0,ignoreCritInjure:0,critBoss:0,critInjureBoss:0
[2026-06-14 02:46:16,658] ?????????(BUFF?)?maxPAtk:109532,maxPDef:64692,maxMDef:38977,ignorePDef:0,ignoreMDef:5809,injureAdd:0,injureIgnore:0,injureAddBoss:100
[2026-06-14 02:46:16,658] ?????????(BUFF?)?maxPAtk:8909,maxPDef:1810,maxMDef:1810,ignorePDef:0,ignoreMDef:0,injureAdd:0,injureIgnore:0,injureAddBoss:0
[2026-06-14 02:46:16,658] ?????????(BUFF?)?maxPAtk:109532,maxPDef:64692,maxMDef:38977,ignorePDef:0,ignoreMDef:5809,injureAdd:0,injureIgnore:0,injureAddBoss:100
[2026-06-14 02:46:16,658] ?????????(BUFF?)?maxPAtk:8909,maxPDef:1810,maxMDef:1810,ignorePDef:0,ignoreMDef:0,injureAdd:0,injureIgnore:0,injureAddBoss:0
[2026-06-14 02:46:16,658] ?????110727
[2026-06-14 02:46:16,658] ??????BUFF???110727
[2026-06-14 02:46:16,658] (Flame Demon Commander,ab2b477f-d2f7-4d7a-822f-f689160028ac) ???110727;????254107/905000
[2026-06-14 02:46:16,658] =========[?????]?????END??(Fireball)

[2026-06-14 02:46:16,890] (????) ???1200;????6949926/6949926

[2026-06-14 02:46:16,897] >>>>>[Flame Demon Commander]?????BEGIN??(Boss Melee Attack), ??=NormalATK, ???????, ?????4
[2026-06-14 02:46:16,897] >>>>>[Flame Demon Commander]?????(????), ????[14,15]; ????[12,14]
[2026-06-14 02:46:16,897] ?????????1
[2026-06-14 02:46:16,897] >>>>???(Flame Demon Commander) -> (????) ?????100, ?????0, ?????0, ??XP???false
[2026-06-14 02:46:16,897] ?????????(BUFF?)?hit:0,crit:0,critInjure:0,dodge:0,ignoreCrit:0,ignoreCritInjure:0,critBoss:0,critInjureBoss:0
[2026-06-14 02:46:16,897] ?????????(BUFF?)?hit:60,crit:288,critInjure:610,dodge:15,ignoreCrit:0,ignoreCritInjure:0,critBoss:250,critInjureBoss:0
[2026-06-14 02:46:16,897] ?????????(BUFF?)?hit:0,crit:0,critInjure:0,dodge:0,ignoreCrit:0,ignoreCritInjure:0,critBoss:0,critInjureBoss:0
[2026-06-14 02:46:16,897] ?????????(BUFF?)?hit:60,crit:288,critInjure:610,dodge:15,ignoreCrit:0,ignoreCritInjure:0,critBoss:250,critInjureBoss:0
[2026-06-14 02:46:16,897] ?????????(BUFF?)?maxPAtk:8909,maxPDef:1810,maxMDef:1810,ignorePDef:0,ignoreMDef:0,injureAdd:0,injureIgnore:0,injureAddBoss:0
[2026-06-14 02:46:16,897] ?????????(BUFF?)?maxPAtk:537036,maxPDef:320573,maxMDef:292686,ignorePDef:923,ignoreMDef:1836,injureAdd:0,injureIgnore:1000,injureAddBoss:100
[2026-06-14 02:46:16,897] ?????????(BUFF?)?maxPAtk:8909,maxPDef:1810,maxMDef:1810,ignorePDef:0,ignoreMDef:0,injureAdd:0,injureIgnore:0,injureAddBoss:0
[2026-06-14 02:46:16,897] ?????????(BUFF?)?maxPAtk:537036,maxPDef:320573,maxMDef:292686,ignorePDef:923,ignoreMDef:1836,injureAdd:0,injureIgnore:1000,injureAddBoss:100
[2026-06-14 02:46:16,897] ?????216
[2026-06-14 02:46:16,897] ??????BUFF???216
[2026-06-14 02:46:16,897] [????]??BUFF?(Giant Rock Holy Shield), ??=Absorb Max HP|C:0x34E22C&T:20%|T:damage, ?????4193
[2026-06-14 02:46:16,897] [????]?????216, ?????1389769
[2026-06-14 02:46:16,897] (????,d1806f2b-c67b-4e48-8e65-e94548e56e23) ???0;????6949926/6949926
[2026-06-14 02:46:16,897] =========[Flame Demon Commander]?????END??(Boss Melee Attack)


[2026-06-14 02:46:16,907] ????????[bd0d352c-abdf-4576-a426-08b6080bd21e]->[ab2b477f-d2f7-4d7a-822f-f689160028ac],?????[1201]
[2026-06-14 02:46:16,907] ??????????[Otherworld Elf Ruila,bd0d352c-abdf-4576-a426-08b6080bd21e]->[Flame Demon Commander,ab2b477f-d2f7-4d7a-822f-f689160028ac],?????[1201]

[2026-06-14 02:46:16,907] >>>>>[Otherworld Elf Ruila]?????BEGIN??(Fireball), ??=Single Target ATK, uses Magic's power to form a fireball, targeting Single target,deal|C:0x34E22C&T:100%+100|T:Magic Damage., ???Flame Demon Commander, ?????2
[2026-06-14 02:46:16,907] >>>>>[Otherworld Elf Ruila]?????(Flame Demon Commander), ????[10,15]; ????[14,15]
[2026-06-14 02:46:16,907] ?????????1
[2026-06-14 02:46:16,907] >>>>???(Otherworld Elf Ruila) -> (Flame Demon Commander) ?????100, ?????100, ?????1, ??XP???false
[2026-06-14 02:46:16,907] ?????????(BUFF?)?hit:0,crit:0,critInjure:250,dodge:0,ignoreCrit:0,ignoreCritInjure:0,critBoss:250,critInjureBoss:0
[2026-06-14 02:46:16,907] ?????????(BUFF?)?hit:0,crit:0,critInjure:0,dodge:0,ignoreCrit:0,ignoreCritInjure:0,critBoss:0,critInjureBoss:0
[2026-06-14 02:46:16,907] ?????????(BUFF?)?hit:0,crit:0,critInjure:250,dodge:0,ignoreCrit:0,ignoreCritInjure:0,critBoss:250,critInjureBoss:0
[2026-06-14 02:46:16,907] ?????????(BUFF?)?hit:0,crit:0,critInjure:0,dodge:0,ignoreCrit:0,ignoreCritInjure:0,critBoss:0,critInjureBoss:0
[2026-06-14 02:46:16,907] ?????????(BUFF?)?maxPAtk:109807,maxPDef:68309,maxMDef:37615,ignorePDef:0,ignoreMDef:6887,injureAdd:0,injureIgnore:0,injureAddBoss:100
[2026-06-14 02:46:16,907] ?????????(BUFF?)?maxPAtk:8909,maxPDef:1810,maxMDef:1810,ignorePDef:0,ignoreMDef:0,injureAdd:0,injureIgnore:0,injureAddBoss:0
[2026-06-14 02:46:16,907] ?????????(BUFF?)?maxPAtk:109807,maxPDef:68309,maxMDef:37615,ignorePDef:0,ignoreMDef:6887,injureAdd:0,injureIgnore:0,injureAddBoss:100
[2026-06-14 02:46:16,907] ?????????(BUFF?)?maxPAtk:8909,maxPDef:1810,maxMDef:1810,ignorePDef:0,ignoreMDef:0,injureAdd:0,injureIgnore:0,injureAddBoss:0
[2026-06-14 02:46:16,907] ?????111005
[2026-06-14 02:46:16,907] ??????BUFF???111005
[2026-06-14 02:46:16,907] (Flame Demon Commander,ab2b477f-d2f7-4d7a-822f-f689160028ac) ???111005;????143102/905000
[2026-06-14 02:46:16,907] =========[Otherworld Elf Ruila]?????END??(Fireball)


[2026-06-14 02:46:17,187] ????????[ebc35acd-9d47-43c8-b6d6-2e231c80d600]->[ab2b477f-d2f7-4d7a-822f-f689160028ac],?????[1201]
[2026-06-14 02:46:17,187] ??????????[?????,ebc35acd-9d47-43c8-b6d6-2e231c80d600]->[Flame Demon Commander,ab2b477f-d2f7-4d7a-822f-f689160028ac],?????[1201]

[2026-06-14 02:46:17,187] >>>>>[?????]?????BEGIN??(Fireball), ??=Single Target ATK, uses Magic's power to form a fireball, targeting Single target,deal|C:0x34E22C&T:100%+100|T:Magic Damage., ???Flame Demon Commander, ?????2
[2026-06-14 02:46:17,187] >>>>>[?????]?????(Flame Demon Commander), ????[10,15]; ????[14,15]
[2026-06-14 02:46:17,187] ?????????1
[2026-06-14 02:46:17,187] >>>>???(?????) -> (Flame Demon Commander) ?????100, ?????100, ?????1, ??XP???false
[2026-06-14 02:46:17,187] ?????????(BUFF?)?hit:0,crit:0,critInjure:250,dodge:0,ignoreCrit:0,ignoreCritInjure:0,critBoss:250,critInjureBoss:0
[2026-06-14 02:46:17,187] ?????????(BUFF?)?hit:0,crit:0,critInjure:0,dodge:0,ignoreCrit:0,ignoreCritInjure:0,critBoss:0,critInjureBoss:0
[2026-06-14 02:46:17,187] ?????????(BUFF?)?hit:0,crit:0,critInjure:250,dodge:0,ignoreCrit:0,ignoreCritInjure:0,critBoss:250,critInjureBoss:0
[2026-06-14 02:46:17,187] ?????????(BUFF?)?hit:0,crit:0,critInjure:0,dodge:0,ignoreCrit:0,ignoreCritInjure:0,critBoss:0,critInjureBoss:0
[2026-06-14 02:46:17,187] ?????????(BUFF?)?maxPAtk:155998,maxPDef:88275,maxMDef:65856,ignorePDef:0,ignoreMDef:35218,injureAdd:100,injureIgnore:0,injureAddBoss:100
[2026-06-14 02:46:17,187] ?????????(BUFF?)?maxPAtk:8909,maxPDef:1810,maxMDef:1810,ignorePDef:0,ignoreMDef:0,injureAdd:0,injureIgnore:0,injureAddBoss:0
[2026-06-14 02:46:17,187] ?????????(BUFF?)?maxPAtk:155998,maxPDef:88275,maxMDef:65856,ignorePDef:0,ignoreMDef:35218,injureAdd:100,injureIgnore:0,injureAddBoss:100
[2026-06-14 02:46:17,187] ?????????(BUFF?)?maxPAtk:8909,maxPDef:1810,maxMDef:1810,ignorePDef:0,ignoreMDef:0,injureAdd:0,injureIgnore:0,injureAddBoss:0
[2026-06-14 02:46:17,187] ?????159217
[2026-06-14 02:46:17,187] ??????BUFF???159217
[2026-06-14 02:46:17,187] (Flame Demon Commander,ab2b477f-d2f7-4d7a-822f-f689160028ac) ???159217;????0/905000
[2026-06-14 02:46:17,187] ???(????,d1806f2b-c67b-4e48-8e65-e94548e56e23) ??????: objectId=ab2b477f-d2f7-4d7a-822f-f689160028ac,status=0
[2026-06-14 02:46:17,189] (Flame Demon Commander,ab2b477f-d2f7-4d7a-822f-f689160028ac) ?????1781376377189
[2026-06-14 02:46:17,189] =========[?????]?????END??(Fireball)

[2026-06-14 02:46:17,222] ?canControlObject??????????name=[????]
