[2026-06-14 02:32:13,720] ?Wailing Banshee?????????????
[2026-06-14 02:32:13,720] [????]??BUFF?(Phantom[2101])
[2026-06-14 02:32:13,720] [????]??BUFF?(Giant Rock Holy Shield[3201])
[2026-06-14 02:32:13,720] (????) ???1200;????6949926/6949926

[2026-06-14 02:32:13,723] >>>>>[Wailing Banshee]?????BEGIN??(Boss Ranged Attack), ??=NormalATK, ???????, ?????6
[2026-06-14 02:32:13,723] >>>>>[Wailing Banshee]?????(????), ????[17,11]; ????[11,11]
[2026-06-14 02:32:13,723] ?????????1
[2026-06-14 02:32:13,723] >>>>???(Wailing Banshee) -> (????) ?????100, ?????0, ?????1, ??XP???false
[2026-06-14 02:32:13,723] ?????????(BUFF?)?hit:0,crit:0,critInjure:0,dodge:0,ignoreCrit:0,ignoreCritInjure:0,critBoss:0,critInjureBoss:0
[2026-06-14 02:32:13,723] ?????????(BUFF?)?hit:60,crit:288,critInjure:610,dodge:15,ignoreCrit:0,ignoreCritInjure:0,critBoss:250,critInjureBoss:0
[2026-06-14 02:32:13,723] ?????????(BUFF?)?hit:0,crit:0,critInjure:0,dodge:0,ignoreCrit:0,ignoreCritInjure:0,critBoss:0,critInjureBoss:0
[2026-06-14 02:32:13,723] ?????????(BUFF?)?hit:60,crit:288,critInjure:610,dodge:15,ignoreCrit:0,ignoreCritInjure:0,critBoss:250,critInjureBoss:0
[2026-06-14 02:32:13,723] ?????????(BUFF?)?maxPAtk:7436,maxPDef:1432,maxMDef:1432,ignorePDef:0,ignoreMDef:0,injureAdd:0,injureIgnore:0,injureAddBoss:0
[2026-06-14 02:32:13,723] ?????????(BUFF?)?maxPAtk:537036,maxPDef:320573,maxMDef:292686,ignorePDef:923,ignoreMDef:1836,injureAdd:0,injureIgnore:1000,injureAddBoss:100
[2026-06-14 02:32:13,723] ?????????(BUFF?)?maxPAtk:7436,maxPDef:1432,maxMDef:1432,ignorePDef:0,ignoreMDef:0,injureAdd:0,injureIgnore:0,injureAddBoss:0
[2026-06-14 02:32:13,723] ?????????(BUFF?)?maxPAtk:537036,maxPDef:320573,maxMDef:292686,ignorePDef:923,ignoreMDef:1836,injureAdd:0,injureIgnore:1000,injureAddBoss:100
[2026-06-14 02:32:13,723] ?????165
[2026-06-14 02:32:13,723] ??????BUFF???165
[2026-06-14 02:32:13,723] (????,d1806f2b-c67b-4e48-8e65-e94548e56e23) ???165;????6949761/6949926
[2026-06-14 02:32:13,723] =========[Wailing Banshee]?????END??(Boss Ranged Attack)

[2026-06-14 02:32:13,755] ????????[????],posX=12,posY=10
[2026-06-14 02:32:14,720] (????) ???1200;????6949926/6949926

[2026-06-14 02:32:14,724] >>>>>[Wailing Banshee]?????BEGIN??(Boss Ranged Attack), ??=NormalATK, ???????, ?????6
[2026-06-14 02:32:14,724] >>>>>[Wailing Banshee]?????(????), ????[17,11]; ????[12,10]
[2026-06-14 02:32:14,724] ?????????1
[2026-06-14 02:32:14,724] >>>>???(Wailing Banshee) -> (????) ?????100, ?????0, ?????1, ??XP???false
[2026-06-14 02:32:14,724] ?????????(BUFF?)?hit:0,crit:0,critInjure:0,dodge:0,ignoreCrit:0,ignoreCritInjure:0,critBoss:0,critInjureBoss:0
[2026-06-14 02:32:14,724] ?????????(BUFF?)?hit:60,crit:288,critInjure:610,dodge:15,ignoreCrit:0,ignoreCritInjure:0,critBoss:250,critInjureBoss:0
[2026-06-14 02:32:14,724] ?????????(BUFF?)?hit:0,crit:0,critInjure:0,dodge:0,ignoreCrit:0,ignoreCritInjure:0,critBoss:0,critInjureBoss:0
[2026-06-14 02:32:14,724] ?????????(BUFF?)?hit:60,crit:288,critInjure:610,dodge:15,ignoreCrit:0,ignoreCritInjure:0,critBoss:250,critInjureBoss:0
[2026-06-14 02:32:14,724] ?????????(BUFF?)?maxPAtk:7436,maxPDef:1432,maxMDef:1432,ignorePDef:0,ignoreMDef:0,injureAdd:0,injureIgnore:0,injureAddBoss:0
[2026-06-14 02:32:14,724] ?????????(BUFF?)?maxPAtk:537036,maxPDef:320573,maxMDef:292686,ignorePDef:923,ignoreMDef:1836,injureAdd:0,injureIgnore:1000,injureAddBoss:100
[2026-06-14 02:32:14,724] ?????????(BUFF?)?maxPAtk:7436,maxPDef:1432,maxMDef:1432,ignorePDef:0,ignoreMDef:0,injureAdd:0,injureIgnore:0,injureAddBoss:0
[2026-06-14 02:32:14,724] ?????????(BUFF?)?maxPAtk:537036,maxPDef:320573,maxMDef:292686,ignorePDef:923,ignoreMDef:1836,injureAdd:0,injureIgnore:1000,injureAddBoss:100
[2026-06-14 02:32:14,724] ?????165
[2026-06-14 02:32:14,724] ??????BUFF???165
[2026-06-14 02:32:14,724] (????,d1806f2b-c67b-4e48-8e65-e94548e56e23) ???165;????6949761/6949926
[2026-06-14 02:32:14,724] =========[Wailing Banshee]?????END??(Boss Ranged Attack)


[2026-06-14 02:32:14,886] ????????[ebc35acd-9d47-43c8-b6d6-2e231c80d600]->[981aa5b4-158f-473d-a702-44aa97e5daa4],?????[1201]
[2026-06-14 02:32:14,886] ??????????[?????,ebc35acd-9d47-43c8-b6d6-2e231c80d600]->[Wailing Banshee,981aa5b4-158f-473d-a702-44aa97e5daa4],?????[1201]

[2026-06-14 02:32:14,886] >>>>>[?????]?????BEGIN??(Fireball), ??=Single Target ATK, uses Magic's power to form a fireball, targeting Single target,deal|C:0x34E22C&T:100%+100|T:Magic Damage., ???Wailing Banshee, ?????2
[2026-06-14 02:32:14,886] >>>>>[?????]?????(Wailing Banshee), ????[11,11]; ????[17,11]
[2026-06-14 02:32:14,886] ?????????1
[2026-06-14 02:32:14,886] >>>>???(?????) -> (Wailing Banshee) ?????100, ?????100, ?????1, ??XP???false
[2026-06-14 02:32:14,886] ?????????(BUFF?)?hit:0,crit:0,critInjure:250,dodge:0,ignoreCrit:0,ignoreCritInjure:0,critBoss:250,critInjureBoss:0
[2026-06-14 02:32:14,886] ?????????(BUFF?)?hit:0,crit:0,critInjure:0,dodge:0,ignoreCrit:0,ignoreCritInjure:0,critBoss:0,critInjureBoss:0
[2026-06-14 02:32:14,886] ?????????(BUFF?)?hit:0,crit:0,critInjure:250,dodge:0,ignoreCrit:0,ignoreCritInjure:0,critBoss:250,critInjureBoss:0
[2026-06-14 02:32:14,886] ?????????(BUFF?)?hit:0,crit:0,critInjure:0,dodge:0,ignoreCrit:0,ignoreCritInjure:0,critBoss:0,critInjureBoss:0
[2026-06-14 02:32:14,886] ?????????(BUFF?)?maxPAtk:155688,maxPDef:88198,maxMDef:65660,ignorePDef:0,ignoreMDef:35063,injureAdd:100,injureIgnore:0,injureAddBoss:100
[2026-06-14 02:32:14,886] ?????????(BUFF?)?maxPAtk:7436,maxPDef:1432,maxMDef:1432,ignorePDef:0,ignoreMDef:0,injureAdd:0,injureIgnore:0,injureAddBoss:0
[2026-06-14 02:32:14,886] ?????????(BUFF?)?maxPAtk:155688,maxPDef:88198,maxMDef:65660,ignorePDef:0,ignoreMDef:35063,injureAdd:100,injureIgnore:0,injureAddBoss:100
[2026-06-14 02:32:14,886] ?????????(BUFF?)?maxPAtk:7436,maxPDef:1432,maxMDef:1432,ignorePDef:0,ignoreMDef:0,injureAdd:0,injureIgnore:0,injureAddBoss:0
[2026-06-14 02:32:14,886] ?????158901
[2026-06-14 02:32:14,886] ??????BUFF???158901
[2026-06-14 02:32:14,886] (Wailing Banshee,981aa5b4-158f-473d-a702-44aa97e5daa4) ???158901;????557099/716000
[2026-06-14 02:32:14,886] =========[?????]?????END??(Fireball)


[2026-06-14 02:32:14,922] ????????[d1806f2b-c67b-4e48-8e65-e94548e56e23]->[981aa5b4-158f-473d-a702-44aa97e5daa4],?????[9]
[2026-06-14 02:32:14,922] ??????????[????,d1806f2b-c67b-4e48-8e65-e94548e56e23]->[Wailing Banshee,981aa5b4-158f-473d-a702-44aa97e5daa4],?????[9]

[2026-06-14 02:32:14,922] >>>>>[????]?????BEGIN??(Giant Rock Holy Shield), ??=Support Skill, applies Shield Reduction of|C:0x34E22C&T:20%|T: damage value, for|C:0x34E22C&T:5|T:s, upon breaking, targets surrounding enemies, dealing|C:0x34E22C&T:120%+{0}|T:Magic Damage, ???????, ?????0
[2026-06-14 02:32:14,922] [????]??BUFF?(Giant Rock Holy Shield[3201]), ????=5000, ??=2000
[2026-06-14 02:32:14,922] [????]?????1389985
[2026-06-14 02:32:14,922] =========[????]???????????(Giant Rock Holy Shield)

[2026-06-14 02:32:15,027] ????????[????],posX=13,posY=10

[2026-06-14 02:32:15,168] ????????[bd0d352c-abdf-4576-a426-08b6080bd21e]->[981aa5b4-158f-473d-a702-44aa97e5daa4],?????[1201]
[2026-06-14 02:32:15,168] ??????????[Otherworld Elf Ruila,bd0d352c-abdf-4576-a426-08b6080bd21e]->[Wailing Banshee,981aa5b4-158f-473d-a702-44aa97e5daa4],?????[1201]

[2026-06-14 02:32:15,168] >>>>>[Otherworld Elf Ruila]?????BEGIN??(Fireball), ??=Single Target ATK, uses Magic's power to form a fireball, targeting Single target,deal|C:0x34E22C&T:100%+100|T:Magic Damage., ???Wailing Banshee, ?????2
[2026-06-14 02:32:15,168] >>>>>[Otherworld Elf Ruila]?????(Wailing Banshee), ????[11,11]; ????[17,11]
[2026-06-14 02:32:15,168] ?????????1
[2026-06-14 02:32:15,168] >>>>???(Otherworld Elf Ruila) -> (Wailing Banshee) ?????100, ?????100, ?????1, ??XP???false
[2026-06-14 02:32:15,168] ?????????(BUFF?)?hit:0,crit:0,critInjure:250,dodge:0,ignoreCrit:0,ignoreCritInjure:0,critBoss:250,critInjureBoss:0
[2026-06-14 02:32:15,168] ?????????(BUFF?)?hit:0,crit:0,critInjure:0,dodge:0,ignoreCrit:0,ignoreCritInjure:0,critBoss:0,critInjureBoss:0
[2026-06-14 02:32:15,168] ?????????(BUFF?)?hit:0,crit:0,critInjure:250,dodge:0,ignoreCrit:0,ignoreCritInjure:0,critBoss:250,critInjureBoss:0
[2026-06-14 02:32:15,168] ?????????(BUFF?)?hit:0,crit:0,critInjure:0,dodge:0,ignoreCrit:0,ignoreCritInjure:0,critBoss:0,critInjureBoss:0
[2026-06-14 02:32:15,168] ?????????(BUFF?)?maxPAtk:109807,maxPDef:68309,maxMDef:37615,ignorePDef:0,ignoreMDef:6887,injureAdd:0,injureIgnore:0,injureAddBoss:100
[2026-06-14 02:32:15,168] ?????????(BUFF?)?maxPAtk:7436,maxPDef:1432,maxMDef:1432,ignorePDef:0,ignoreMDef:0,injureAdd:0,injureIgnore:0,injureAddBoss:0
[2026-06-14 02:32:15,168] ?????????(BUFF?)?maxPAtk:109807,maxPDef:68309,maxMDef:37615,ignorePDef:0,ignoreMDef:6887,injureAdd:0,injureIgnore:0,injureAddBoss:100
[2026-06-14 02:32:15,168] ?????????(BUFF?)?maxPAtk:7436,maxPDef:1432,maxMDef:1432,ignorePDef:0,ignoreMDef:0,injureAdd:0,injureIgnore:0,injureAddBoss:0
[2026-06-14 02:32:15,168] ?????111005
[2026-06-14 02:32:15,168] ??????BUFF???111005
[2026-06-14 02:32:15,168] (Wailing Banshee,981aa5b4-158f-473d-a702-44aa97e5daa4) ???111005;????446094/716000
[2026-06-14 02:32:15,168] =========[Otherworld Elf Ruila]?????END??(Fireball)


[2026-06-14 02:32:15,271] ????????[65b226f4-3d1c-4a60-838c-6aa6fda1c644]->[981aa5b4-158f-473d-a702-44aa97e5daa4],?????[1201]
[2026-06-14 02:32:15,271] ??????????[?????,65b226f4-3d1c-4a60-838c-6aa6fda1c644]->[Wailing Banshee,981aa5b4-158f-473d-a702-44aa97e5daa4],?????[1201]

[2026-06-14 02:32:15,271] >>>>>[?????]?????BEGIN??(Fireball), ??=Single Target ATK, uses Magic's power to form a fireball, targeting Single target,deal|C:0x34E22C&T:100%+100|T:Magic Damage., ???Wailing Banshee, ?????2
[2026-06-14 02:32:15,271] >>>>>[?????]?????(Wailing Banshee), ????[11,11]; ????[17,11]
[2026-06-14 02:32:15,271] ?????????1
[2026-06-14 02:32:15,271] >>>>???(?????) -> (Wailing Banshee) ?????100, ?????100, ?????1, ??XP???false
[2026-06-14 02:32:15,271] ?????????(BUFF?)?hit:0,crit:0,critInjure:250,dodge:0,ignoreCrit:0,ignoreCritInjure:0,critBoss:250,critInjureBoss:0
[2026-06-14 02:32:15,271] ?????????(BUFF?)?hit:0,crit:0,critInjure:0,dodge:0,ignoreCrit:0,ignoreCritInjure:0,critBoss:0,critInjureBoss:0
[2026-06-14 02:32:15,271] ?????????(BUFF?)?hit:0,crit:0,critInjure:250,dodge:0,ignoreCrit:0,ignoreCritInjure:0,critBoss:250,critInjureBoss:0
[2026-06-14 02:32:15,271] ?????????(BUFF?)?hit:0,crit:0,critInjure:0,dodge:0,ignoreCrit:0,ignoreCritInjure:0,critBoss:0,critInjureBoss:0
[2026-06-14 02:32:15,271] ?????????(BUFF?)?maxPAtk:109532,maxPDef:64692,maxMDef:38977,ignorePDef:0,ignoreMDef:5809,injureAdd:0,injureIgnore:0,injureAddBoss:100
[2026-06-14 02:32:15,271] ?????????(BUFF?)?maxPAtk:7436,maxPDef:1432,maxMDef:1432,ignorePDef:0,ignoreMDef:0,injureAdd:0,injureIgnore:0,injureAddBoss:0
[2026-06-14 02:32:15,271] ?????????(BUFF?)?maxPAtk:109532,maxPDef:64692,maxMDef:38977,ignorePDef:0,ignoreMDef:5809,injureAdd:0,injureIgnore:0,injureAddBoss:100
[2026-06-14 02:32:15,271] ?????????(BUFF?)?maxPAtk:7436,maxPDef:1432,maxMDef:1432,ignorePDef:0,ignoreMDef:0,injureAdd:0,injureIgnore:0,injureAddBoss:0
[2026-06-14 02:32:15,271] ?????110727
[2026-06-14 02:32:15,271] ??????BUFF???110727
[2026-06-14 02:32:15,271] (Wailing Banshee,981aa5b4-158f-473d-a702-44aa97e5daa4) ???110727;????335367/716000
[2026-06-14 02:32:15,271] =========[?????]?????END??(Fireball)

[2026-06-14 02:32:15,342] ????????[????],posX=14,posY=9
[2026-06-14 02:32:15,693] ????????[????],posX=15,posY=10
[2026-06-14 02:32:15,720] (????) ???1200;????6949926/6949926

[2026-06-14 02:32:15,725] >>>>>[Wailing Banshee]?????BEGIN??(Boss Ranged Attack), ??=NormalATK, ???????, ?????6
[2026-06-14 02:32:15,725] >>>>>[Wailing Banshee]?????(????), ????[17,11]; ????[15,10]
[2026-06-14 02:32:15,725] ?????????1
[2026-06-14 02:32:15,725] >>>>???(Wailing Banshee) -> (????) ?????100, ?????0, ?????1, ??XP???false
[2026-06-14 02:32:15,725] ?????????(BUFF?)?hit:0,crit:0,critInjure:0,dodge:0,ignoreCrit:0,ignoreCritInjure:0,critBoss:0,critInjureBoss:0
[2026-06-14 02:32:15,725] ?????????(BUFF?)?hit:60,crit:288,critInjure:610,dodge:15,ignoreCrit:0,ignoreCritInjure:0,critBoss:250,critInjureBoss:0
[2026-06-14 02:32:15,725] ?????????(BUFF?)?hit:0,crit:0,critInjure:0,dodge:0,ignoreCrit:0,ignoreCritInjure:0,critBoss:0,critInjureBoss:0
[2026-06-14 02:32:15,725] ?????????(BUFF?)?hit:60,crit:288,critInjure:610,dodge:15,ignoreCrit:0,ignoreCritInjure:0,critBoss:250,critInjureBoss:0
[2026-06-14 02:32:15,725] ?????????(BUFF?)?maxPAtk:7436,maxPDef:1432,maxMDef:1432,ignorePDef:0,ignoreMDef:0,injureAdd:0,injureIgnore:0,injureAddBoss:0
[2026-06-14 02:32:15,725] ?????????(BUFF?)?maxPAtk:537036,maxPDef:320573,maxMDef:292686,ignorePDef:923,ignoreMDef:1836,injureAdd:0,injureIgnore:1000,injureAddBoss:100
[2026-06-14 02:32:15,725] ?????????(BUFF?)?maxPAtk:7436,maxPDef:1432,maxMDef:1432,ignorePDef:0,ignoreMDef:0,injureAdd:0,injureIgnore:0,injureAddBoss:0
[2026-06-14 02:32:15,725] ?????????(BUFF?)?maxPAtk:537036,maxPDef:320573,maxMDef:292686,ignorePDef:923,ignoreMDef:1836,injureAdd:0,injureIgnore:1000,injureAddBoss:100
[2026-06-14 02:32:15,725] ?????165
[2026-06-14 02:32:15,725] ??????BUFF???165
[2026-06-14 02:32:15,725] [????]??BUFF?(Giant Rock Holy Shield), ??=Absorb Max HP|C:0x34E22C&T:20%|T:damage, ?????4197
[2026-06-14 02:32:15,725] [????]?????165, ?????1389820
[2026-06-14 02:32:15,725] (????,d1806f2b-c67b-4e48-8e65-e94548e56e23) ???0;????6949926/6949926
[2026-06-14 02:32:15,725] =========[Wailing Banshee]?????END??(Boss Ranged Attack)


[2026-06-14 02:32:15,799] ????????[ebc35acd-9d47-43c8-b6d6-2e231c80d600]->[981aa5b4-158f-473d-a702-44aa97e5daa4],?????[1201]
[2026-06-14 02:32:15,799] ??????????[?????,ebc35acd-9d47-43c8-b6d6-2e231c80d600]->[Wailing Banshee,981aa5b4-158f-473d-a702-44aa97e5daa4],?????[1201]

[2026-06-14 02:32:15,799] >>>>>[?????]?????BEGIN??(Fireball), ??=Single Target ATK, uses Magic's power to form a fireball, targeting Single target,deal|C:0x34E22C&T:100%+100|T:Magic Damage., ???Wailing Banshee, ?????2
[2026-06-14 02:32:15,799] >>>>>[?????]?????(Wailing Banshee), ????[11,11]; ????[17,11]
[2026-06-14 02:32:15,799] ?????????1
[2026-06-14 02:32:15,799] >>>>???(?????) -> (Wailing Banshee) ?????100, ?????100, ?????1, ??XP???false
[2026-06-14 02:32:15,799] ?????????(BUFF?)?hit:0,crit:0,critInjure:250,dodge:0,ignoreCrit:0,ignoreCritInjure:0,critBoss:250,critInjureBoss:0
[2026-06-14 02:32:15,799] ?????????(BUFF?)?hit:0,crit:0,critInjure:0,dodge:0,ignoreCrit:0,ignoreCritInjure:0,critBoss:0,critInjureBoss:0
[2026-06-14 02:32:15,799] ?????????(BUFF?)?hit:0,crit:0,critInjure:250,dodge:0,ignoreCrit:0,ignoreCritInjure:0,critBoss:250,critInjureBoss:0
[2026-06-14 02:32:15,799] ?????????(BUFF?)?hit:0,crit:0,critInjure:0,dodge:0,ignoreCrit:0,ignoreCritInjure:0,critBoss:0,critInjureBoss:0
[2026-06-14 02:32:15,799] ?????????(BUFF?)?maxPAtk:155688,maxPDef:88198,maxMDef:65660,ignorePDef:0,ignoreMDef:35063,injureAdd:100,injureIgnore:0,injureAddBoss:100
[2026-06-14 02:32:15,799] ?????????(BUFF?)?maxPAtk:7436,maxPDef:1432,maxMDef:1432,ignorePDef:0,ignoreMDef:0,injureAdd:0,injureIgnore:0,injureAddBoss:0
[2026-06-14 02:32:15,799] ?????????(BUFF?)?maxPAtk:155688,maxPDef:88198,maxMDef:65660,ignorePDef:0,ignoreMDef:35063,injureAdd:100,injureIgnore:0,injureAddBoss:100
[2026-06-14 02:32:15,799] ?????????(BUFF?)?maxPAtk:7436,maxPDef:1432,maxMDef:1432,ignorePDef:0,ignoreMDef:0,injureAdd:0,injureIgnore:0,injureAddBoss:0
[2026-06-14 02:32:15,799] ?????158901
[2026-06-14 02:32:15,799] ??????BUFF???158901
[2026-06-14 02:32:15,799] (Wailing Banshee,981aa5b4-158f-473d-a702-44aa97e5daa4) ???158901;????176466/716000
[2026-06-14 02:32:15,799] =========[?????]?????END??(Fireball)


[2026-06-14 02:32:16,090] ????????[bd0d352c-abdf-4576-a426-08b6080bd21e]->[981aa5b4-158f-473d-a702-44aa97e5daa4],?????[1201]
[2026-06-14 02:32:16,090] ??????????[Otherworld Elf Ruila,bd0d352c-abdf-4576-a426-08b6080bd21e]->[Wailing Banshee,981aa5b4-158f-473d-a702-44aa97e5daa4],?????[1201]

[2026-06-14 02:32:16,090] >>>>>[Otherworld Elf Ruila]?????BEGIN??(Fireball), ??=Single Target ATK, uses Magic's power to form a fireball, targeting Single target,deal|C:0x34E22C&T:100%+100|T:Magic Damage., ???Wailing Banshee, ?????2
[2026-06-14 02:32:16,090] >>>>>[Otherworld Elf Ruila]?????(Wailing Banshee), ????[11,11]; ????[17,11]
[2026-06-14 02:32:16,090] ?????????1
[2026-06-14 02:32:16,090] >>>>???(Otherworld Elf Ruila) -> (Wailing Banshee) ?????100, ?????100, ?????1, ??XP???false
[2026-06-14 02:32:16,090] ?????????(BUFF?)?hit:0,crit:0,critInjure:250,dodge:0,ignoreCrit:0,ignoreCritInjure:0,critBoss:250,critInjureBoss:0
[2026-06-14 02:32:16,090] ?????????(BUFF?)?hit:0,crit:0,critInjure:0,dodge:0,ignoreCrit:0,ignoreCritInjure:0,critBoss:0,critInjureBoss:0
[2026-06-14 02:32:16,090] ?????????(BUFF?)?hit:0,crit:0,critInjure:250,dodge:0,ignoreCrit:0,ignoreCritInjure:0,critBoss:250,critInjureBoss:0
[2026-06-14 02:32:16,090] ?????????(BUFF?)?hit:0,crit:0,critInjure:0,dodge:0,ignoreCrit:0,ignoreCritInjure:0,critBoss:0,critInjureBoss:0
[2026-06-14 02:32:16,090] ?????????(BUFF?)?maxPAtk:109807,maxPDef:68309,maxMDef:37615,ignorePDef:0,ignoreMDef:6887,injureAdd:0,injureIgnore:0,injureAddBoss:100
[2026-06-14 02:32:16,090] ?????????(BUFF?)?maxPAtk:7436,maxPDef:1432,maxMDef:1432,ignorePDef:0,ignoreMDef:0,injureAdd:0,injureIgnore:0,injureAddBoss:0
[2026-06-14 02:32:16,090] ?????????(BUFF?)?maxPAtk:109807,maxPDef:68309,maxMDef:37615,ignorePDef:0,ignoreMDef:6887,injureAdd:0,injureIgnore:0,injureAddBoss:100
[2026-06-14 02:32:16,090] ?????????(BUFF?)?maxPAtk:7436,maxPDef:1432,maxMDef:1432,ignorePDef:0,ignoreMDef:0,injureAdd:0,injureIgnore:0,injureAddBoss:0
[2026-06-14 02:32:16,090] ??~~
[2026-06-14 02:32:16,090] ?????169229
[2026-06-14 02:32:16,090] ??????BUFF???169229
[2026-06-14 02:32:16,090] (Wailing Banshee,981aa5b4-158f-473d-a702-44aa97e5daa4) ???169229;????7237/716000
[2026-06-14 02:32:16,090] =========[Otherworld Elf Ruila]?????END??(Fireball)


[2026-06-14 02:32:16,193] ????????[65b226f4-3d1c-4a60-838c-6aa6fda1c644]->[981aa5b4-158f-473d-a702-44aa97e5daa4],?????[1201]
[2026-06-14 02:32:16,193] ??????????[?????,65b226f4-3d1c-4a60-838c-6aa6fda1c644]->[Wailing Banshee,981aa5b4-158f-473d-a702-44aa97e5daa4],?????[1201]

[2026-06-14 02:32:16,193] >>>>>[?????]?????BEGIN??(Fireball), ??=Single Target ATK, uses Magic's power to form a fireball, targeting Single target,deal|C:0x34E22C&T:100%+100|T:Magic Damage., ???Wailing Banshee, ?????2
[2026-06-14 02:32:16,193] >>>>>[?????]?????(Wailing Banshee), ????[11,11]; ????[17,11]
[2026-06-14 02:32:16,193] ?????????1
[2026-06-14 02:32:16,193] >>>>???(?????) -> (Wailing Banshee) ?????100, ?????100, ?????1, ??XP???false
[2026-06-14 02:32:16,193] ?????????(BUFF?)?hit:0,crit:0,critInjure:250,dodge:0,ignoreCrit:0,ignoreCritInjure:0,critBoss:250,critInjureBoss:0
[2026-06-14 02:32:16,193] ?????????(BUFF?)?hit:0,crit:0,critInjure:0,dodge:0,ignoreCrit:0,ignoreCritInjure:0,critBoss:0,critInjureBoss:0
[2026-06-14 02:32:16,193] ?????????(BUFF?)?hit:0,crit:0,critInjure:250,dodge:0,ignoreCrit:0,ignoreCritInjure:0,critBoss:250,critInjureBoss:0
[2026-06-14 02:32:16,193] ?????????(BUFF?)?hit:0,crit:0,critInjure:0,dodge:0,ignoreCrit:0,ignoreCritInjure:0,critBoss:0,critInjureBoss:0
[2026-06-14 02:32:16,193] ?????????(BUFF?)?maxPAtk:109532,maxPDef:64692,maxMDef:38977,ignorePDef:0,ignoreMDef:5809,injureAdd:0,injureIgnore:0,injureAddBoss:100
[2026-06-14 02:32:16,193] ?????????(BUFF?)?maxPAtk:7436,maxPDef:1432,maxMDef:1432,ignorePDef:0,ignoreMDef:0,injureAdd:0,injureIgnore:0,injureAddBoss:0
[2026-06-14 02:32:16,193] ?????????(BUFF?)?maxPAtk:109532,maxPDef:64692,maxMDef:38977,ignorePDef:0,ignoreMDef:5809,injureAdd:0,injureIgnore:0,injureAddBoss:100
[2026-06-14 02:32:16,193] ?????????(BUFF?)?maxPAtk:7436,maxPDef:1432,maxMDef:1432,ignorePDef:0,ignoreMDef:0,injureAdd:0,injureIgnore:0,injureAddBoss:0
[2026-06-14 02:32:16,193] ?????110727
[2026-06-14 02:32:16,193] ??????BUFF???110727
[2026-06-14 02:32:16,193] (Wailing Banshee,981aa5b4-158f-473d-a702-44aa97e5daa4) ???110727;????0/716000
[2026-06-14 02:32:16,193] ???(????,d1806f2b-c67b-4e48-8e65-e94548e56e23) ??????: objectId=981aa5b4-158f-473d-a702-44aa97e5daa4,status=0
[2026-06-14 02:32:16,195] (Wailing Banshee,981aa5b4-158f-473d-a702-44aa97e5daa4) ?????1781375536195
[2026-06-14 02:32:16,195] =========[?????]?????END??(Fireball)

[2026-06-14 02:32:16,754] ?canControlObject??????????name=[????]
