[2026-06-14 02:35:24,099] ?Sagros?????????????
[2026-06-14 02:35:24,099] [????]??BUFF?(Giant Rock Holy Shield[3201])
[2026-06-14 02:35:24,099] (????) ???1200;????6949926/6949926

[2026-06-14 02:35:24,939] ????????[d1806f2b-c67b-4e48-8e65-e94548e56e23]->[ff65c17a-1b84-40df-b675-52ef5ef5865a],?????[9]
[2026-06-14 02:35:24,939] ??????????[????,d1806f2b-c67b-4e48-8e65-e94548e56e23]->[Sagros,ff65c17a-1b84-40df-b675-52ef5ef5865a],?????[9]

[2026-06-14 02:35:24,939] >>>>>[????]?????BEGIN??(Giant Rock Holy Shield), ??=Support Skill, applies Shield Reduction of|C:0x34E22C&T:20%|T: damage value, for|C:0x34E22C&T:5|T:s, upon breaking, targets surrounding enemies, dealing|C:0x34E22C&T:120%+{0}|T:Magic Damage, ???????, ?????0
[2026-06-14 02:35:24,939] [????]??BUFF?(Giant Rock Holy Shield[3201]), ????=5000, ??=2000
[2026-06-14 02:35:24,939] [????]?????1389985
[2026-06-14 02:35:24,939] =========[????]???????????(Giant Rock Holy Shield)

[2026-06-14 02:35:25,046] ????????[????],posX=10,posY=15
[2026-06-14 02:35:25,099] (????) ???1200;????6949926/6949926

[2026-06-14 02:35:25,259] ????????[ebc35acd-9d47-43c8-b6d6-2e231c80d600]->[ff65c17a-1b84-40df-b675-52ef5ef5865a],?????[1201]
[2026-06-14 02:35:25,259] ??????????[?????,ebc35acd-9d47-43c8-b6d6-2e231c80d600]->[Sagros,ff65c17a-1b84-40df-b675-52ef5ef5865a],?????[1201]

[2026-06-14 02:35:25,259] >>>>>[?????]?????BEGIN??(Fireball), ??=Single Target ATK, uses Magic's power to form a fireball, targeting Single target,deal|C:0x34E22C&T:100%+100|T:Magic Damage., ???Sagros, ?????2
[2026-06-14 02:35:25,259] >>>>>[?????]?????(Sagros), ????[9,15]; ????[14,15]
[2026-06-14 02:35:25,259] ?????????1
[2026-06-14 02:35:25,259] >>>>???(?????) -> (Sagros) ?????100, ?????100, ?????1, ??XP???false
[2026-06-14 02:35:25,259] ?????????(BUFF?)?hit:0,crit:0,critInjure:250,dodge:0,ignoreCrit:0,ignoreCritInjure:0,critBoss:250,critInjureBoss:0
[2026-06-14 02:35:25,259] ?????????(BUFF?)?hit:0,crit:0,critInjure:0,dodge:0,ignoreCrit:0,ignoreCritInjure:0,critBoss:0,critInjureBoss:0
[2026-06-14 02:35:25,259] ?????????(BUFF?)?hit:0,crit:0,critInjure:250,dodge:0,ignoreCrit:0,ignoreCritInjure:0,critBoss:250,critInjureBoss:0
[2026-06-14 02:35:25,259] ?????????(BUFF?)?hit:0,crit:0,critInjure:0,dodge:0,ignoreCrit:0,ignoreCritInjure:0,critBoss:0,critInjureBoss:0
[2026-06-14 02:35:25,259] ?????????(BUFF?)?maxPAtk:155688,maxPDef:88198,maxMDef:65660,ignorePDef:0,ignoreMDef:35063,injureAdd:100,injureIgnore:0,injureAddBoss:100
[2026-06-14 02:35:25,259] ?????????(BUFF?)?maxPAtk:7764,maxPDef:1516,maxMDef:1516,ignorePDef:0,ignoreMDef:0,injureAdd:0,injureIgnore:0,injureAddBoss:0
[2026-06-14 02:35:25,259] ?????????(BUFF?)?maxPAtk:155688,maxPDef:88198,maxMDef:65660,ignorePDef:0,ignoreMDef:35063,injureAdd:100,injureIgnore:0,injureAddBoss:100
[2026-06-14 02:35:25,259] ?????????(BUFF?)?maxPAtk:7764,maxPDef:1516,maxMDef:1516,ignorePDef:0,ignoreMDef:0,injureAdd:0,injureIgnore:0,injureAddBoss:0
[2026-06-14 02:35:25,259] ?????158901
[2026-06-14 02:35:25,259] ??????BUFF???158901
[2026-06-14 02:35:25,259] (Sagros,ff65c17a-1b84-40df-b675-52ef5ef5865a) ???158901;????599099/758000
[2026-06-14 02:35:25,259] =========[?????]?????END??(Fireball)

[2026-06-14 02:35:25,365] ????????[????],posX=11,posY=15

[2026-06-14 02:35:25,613] ????????[65b226f4-3d1c-4a60-838c-6aa6fda1c644]->[ff65c17a-1b84-40df-b675-52ef5ef5865a],?????[1201]
[2026-06-14 02:35:25,613] ??????????[?????,65b226f4-3d1c-4a60-838c-6aa6fda1c644]->[Sagros,ff65c17a-1b84-40df-b675-52ef5ef5865a],?????[1201]

[2026-06-14 02:35:25,613] >>>>>[?????]?????BEGIN??(Fireball), ??=Single Target ATK, uses Magic's power to form a fireball, targeting Single target,deal|C:0x34E22C&T:100%+100|T:Magic Damage., ???Sagros, ?????2
[2026-06-14 02:35:25,613] >>>>>[?????]?????(Sagros), ????[9,15]; ????[14,15]
[2026-06-14 02:35:25,613] ?????????1
[2026-06-14 02:35:25,613] >>>>???(?????) -> (Sagros) ?????100, ?????100, ?????1, ??XP???false
[2026-06-14 02:35:25,613] ?????????(BUFF?)?hit:0,crit:0,critInjure:250,dodge:0,ignoreCrit:0,ignoreCritInjure:0,critBoss:250,critInjureBoss:0
[2026-06-14 02:35:25,613] ?????????(BUFF?)?hit:0,crit:0,critInjure:0,dodge:0,ignoreCrit:0,ignoreCritInjure:0,critBoss:0,critInjureBoss:0
[2026-06-14 02:35:25,613] ?????????(BUFF?)?hit:0,crit:0,critInjure:250,dodge:0,ignoreCrit:0,ignoreCritInjure:0,critBoss:250,critInjureBoss:0
[2026-06-14 02:35:25,613] ?????????(BUFF?)?hit:0,crit:0,critInjure:0,dodge:0,ignoreCrit:0,ignoreCritInjure:0,critBoss:0,critInjureBoss:0
[2026-06-14 02:35:25,613] ?????????(BUFF?)?maxPAtk:109532,maxPDef:64692,maxMDef:38977,ignorePDef:0,ignoreMDef:5809,injureAdd:0,injureIgnore:0,injureAddBoss:100
[2026-06-14 02:35:25,613] ?????????(BUFF?)?maxPAtk:7764,maxPDef:1516,maxMDef:1516,ignorePDef:0,ignoreMDef:0,injureAdd:0,injureIgnore:0,injureAddBoss:0
[2026-06-14 02:35:25,613] ?????????(BUFF?)?maxPAtk:109532,maxPDef:64692,maxMDef:38977,ignorePDef:0,ignoreMDef:5809,injureAdd:0,injureIgnore:0,injureAddBoss:100
[2026-06-14 02:35:25,613] ?????????(BUFF?)?maxPAtk:7764,maxPDef:1516,maxMDef:1516,ignorePDef:0,ignoreMDef:0,injureAdd:0,injureIgnore:0,injureAddBoss:0
[2026-06-14 02:35:25,613] ?????110727
[2026-06-14 02:35:25,613] ??????BUFF???110727
[2026-06-14 02:35:25,613] (Sagros,ff65c17a-1b84-40df-b675-52ef5ef5865a) ???110727;????488372/758000
[2026-06-14 02:35:25,613] =========[?????]?????END??(Fireball)


[2026-06-14 02:35:25,613] ????????[bd0d352c-abdf-4576-a426-08b6080bd21e]->[ff65c17a-1b84-40df-b675-52ef5ef5865a],?????[1201]
[2026-06-14 02:35:25,613] ??????????[Otherworld Elf Ruila,bd0d352c-abdf-4576-a426-08b6080bd21e]->[Sagros,ff65c17a-1b84-40df-b675-52ef5ef5865a],?????[1201]

[2026-06-14 02:35:25,613] >>>>>[Otherworld Elf Ruila]?????BEGIN??(Fireball), ??=Single Target ATK, uses Magic's power to form a fireball, targeting Single target,deal|C:0x34E22C&T:100%+100|T:Magic Damage., ???Sagros, ?????2
[2026-06-14 02:35:25,613] >>>>>[Otherworld Elf Ruila]?????(Sagros), ????[9,15]; ????[14,15]
[2026-06-14 02:35:25,614] ?????????1
[2026-06-14 02:35:25,614] >>>>???(Otherworld Elf Ruila) -> (Sagros) ?????100, ?????100, ?????1, ??XP???false
[2026-06-14 02:35:25,614] ?????????(BUFF?)?hit:0,crit:0,critInjure:250,dodge:0,ignoreCrit:0,ignoreCritInjure:0,critBoss:250,critInjureBoss:0
[2026-06-14 02:35:25,614] ?????????(BUFF?)?hit:0,crit:0,critInjure:0,dodge:0,ignoreCrit:0,ignoreCritInjure:0,critBoss:0,critInjureBoss:0
[2026-06-14 02:35:25,614] ?????????(BUFF?)?hit:0,crit:0,critInjure:250,dodge:0,ignoreCrit:0,ignoreCritInjure:0,critBoss:250,critInjureBoss:0
[2026-06-14 02:35:25,614] ?????????(BUFF?)?hit:0,crit:0,critInjure:0,dodge:0,ignoreCrit:0,ignoreCritInjure:0,critBoss:0,critInjureBoss:0
[2026-06-14 02:35:25,614] ?????????(BUFF?)?maxPAtk:109807,maxPDef:68309,maxMDef:37615,ignorePDef:0,ignoreMDef:6887,injureAdd:0,injureIgnore:0,injureAddBoss:100
[2026-06-14 02:35:25,614] ?????????(BUFF?)?maxPAtk:7764,maxPDef:1516,maxMDef:1516,ignorePDef:0,ignoreMDef:0,injureAdd:0,injureIgnore:0,injureAddBoss:0
[2026-06-14 02:35:25,614] ?????????(BUFF?)?maxPAtk:109807,maxPDef:68309,maxMDef:37615,ignorePDef:0,ignoreMDef:6887,injureAdd:0,injureIgnore:0,injureAddBoss:100
[2026-06-14 02:35:25,614] ?????????(BUFF?)?maxPAtk:7764,maxPDef:1516,maxMDef:1516,ignorePDef:0,ignoreMDef:0,injureAdd:0,injureIgnore:0,injureAddBoss:0
[2026-06-14 02:35:25,614] ?????111005
[2026-06-14 02:35:25,614] ??????BUFF???111005
[2026-06-14 02:35:25,614] (Sagros,ff65c17a-1b84-40df-b675-52ef5ef5865a) ???111005;????377367/758000
[2026-06-14 02:35:25,614] =========[Otherworld Elf Ruila]?????END??(Fireball)

[2026-06-14 02:35:25,685] ????????[????],posX=12,posY=14
[2026-06-14 02:35:26,100] (????) ???1200;????6949926/6949926

[2026-06-14 02:35:26,107] >>>>>[Sagros]?????BEGIN??(Boss Melee Attack), ??=NormalATK, ???????, ?????4
[2026-06-14 02:35:26,107] >>>>>[Sagros]?????(????), ????[14,15]; ????[12,14]
[2026-06-14 02:35:26,107] ?????????1
[2026-06-14 02:35:26,107] >>>>???(Sagros) -> (????) ?????100, ?????0, ?????0, ??XP???false
[2026-06-14 02:35:26,107] ?????????(BUFF?)?hit:0,crit:0,critInjure:0,dodge:0,ignoreCrit:0,ignoreCritInjure:0,critBoss:0,critInjureBoss:0
[2026-06-14 02:35:26,107] ?????????(BUFF?)?hit:60,crit:288,critInjure:610,dodge:15,ignoreCrit:0,ignoreCritInjure:0,critBoss:250,critInjureBoss:0
[2026-06-14 02:35:26,107] ?????????(BUFF?)?hit:0,crit:0,critInjure:0,dodge:0,ignoreCrit:0,ignoreCritInjure:0,critBoss:0,critInjureBoss:0
[2026-06-14 02:35:26,107] ?????????(BUFF?)?hit:60,crit:288,critInjure:610,dodge:15,ignoreCrit:0,ignoreCritInjure:0,critBoss:250,critInjureBoss:0
[2026-06-14 02:35:26,107] ?????????(BUFF?)?maxPAtk:7764,maxPDef:1516,maxMDef:1516,ignorePDef:0,ignoreMDef:0,injureAdd:0,injureIgnore:0,injureAddBoss:0
[2026-06-14 02:35:26,107] ?????????(BUFF?)?maxPAtk:537036,maxPDef:320573,maxMDef:292686,ignorePDef:923,ignoreMDef:1836,injureAdd:0,injureIgnore:1000,injureAddBoss:100
[2026-06-14 02:35:26,107] [????]???????(Feather Shield), ??=1000, buffStr=601011, ???????
[2026-06-14 02:35:26,107] [????]??BUFF?(Feather Shield[9006]), ????=0, ??=10000
[2026-06-14 02:35:26,107] [????]??BUFF?(Feather Shield), ??=increasescharacterfixed|C:0x34E22C&T:10000|T: ptsHP, ?????0
[2026-06-14 02:35:26,107] ?????????(BUFF?)?maxPAtk:7764,maxPDef:1516,maxMDef:1516,ignorePDef:0,ignoreMDef:0,injureAdd:0,injureIgnore:0,injureAddBoss:0
[2026-06-14 02:35:26,107] ?????????(BUFF?)?maxPAtk:537036,maxPDef:320573,maxMDef:292686,ignorePDef:923,ignoreMDef:1836,injureAdd:0,injureIgnore:1000,injureAddBoss:100
[2026-06-14 02:35:26,107] ?????164
[2026-06-14 02:35:26,107] ??????BUFF???164
[2026-06-14 02:35:26,107] [????]??BUFF?(Giant Rock Holy Shield), ??=Absorb Max HP|C:0x34E22C&T:20%|T:damage, ?????3832
[2026-06-14 02:35:26,107] [????]??BUFF?(Feather Shield), ??=increasescharacterfixed|C:0x34E22C&T:10000|T: ptsHP, ?????0
[2026-06-14 02:35:26,107] [????]?????164, ?????1389821
[2026-06-14 02:35:26,107] (????,d1806f2b-c67b-4e48-8e65-e94548e56e23) ???0;????6949926/6949926
[2026-06-14 02:35:26,107] [????]??BUFF?(Feather Shield), ??=increasescharacterfixed|C:0x34E22C&T:10000|T: ptsHP, ?????0
[2026-06-14 02:35:26,107] [????]??BUFF?(Feather Shield), ??=increasescharacterfixed|C:0x34E22C&T:10000|T: ptsHP, ?????0
[2026-06-14 02:35:26,107] (????) ???10000;????6949926/6949926
[2026-06-14 02:35:26,107] =========[Sagros]?????END??(Boss Melee Attack)

[2026-06-14 02:35:26,109] [????]??BUFF?(Feather Shield[9006])

[2026-06-14 02:35:26,177] ????????[ebc35acd-9d47-43c8-b6d6-2e231c80d600]->[ff65c17a-1b84-40df-b675-52ef5ef5865a],?????[1201]
[2026-06-14 02:35:26,177] ??????????[?????,ebc35acd-9d47-43c8-b6d6-2e231c80d600]->[Sagros,ff65c17a-1b84-40df-b675-52ef5ef5865a],?????[1201]

[2026-06-14 02:35:26,177] >>>>>[?????]?????BEGIN??(Fireball), ??=Single Target ATK, uses Magic's power to form a fireball, targeting Single target,deal|C:0x34E22C&T:100%+100|T:Magic Damage., ???Sagros, ?????2
[2026-06-14 02:35:26,177] >>>>>[?????]?????(Sagros), ????[9,15]; ????[14,15]
[2026-06-14 02:35:26,177] ?????????1
[2026-06-14 02:35:26,177] >>>>???(?????) -> (Sagros) ?????100, ?????100, ?????1, ??XP???false
[2026-06-14 02:35:26,177] ?????????(BUFF?)?hit:0,crit:0,critInjure:250,dodge:0,ignoreCrit:0,ignoreCritInjure:0,critBoss:250,critInjureBoss:0
[2026-06-14 02:35:26,177] ?????????(BUFF?)?hit:0,crit:0,critInjure:0,dodge:0,ignoreCrit:0,ignoreCritInjure:0,critBoss:0,critInjureBoss:0
[2026-06-14 02:35:26,177] ?????????(BUFF?)?hit:0,crit:0,critInjure:250,dodge:0,ignoreCrit:0,ignoreCritInjure:0,critBoss:250,critInjureBoss:0
[2026-06-14 02:35:26,177] ?????????(BUFF?)?hit:0,crit:0,critInjure:0,dodge:0,ignoreCrit:0,ignoreCritInjure:0,critBoss:0,critInjureBoss:0
[2026-06-14 02:35:26,177] ?????????(BUFF?)?maxPAtk:155688,maxPDef:88198,maxMDef:65660,ignorePDef:0,ignoreMDef:35063,injureAdd:100,injureIgnore:0,injureAddBoss:100
[2026-06-14 02:35:26,177] ?????????(BUFF?)?maxPAtk:7764,maxPDef:1516,maxMDef:1516,ignorePDef:0,ignoreMDef:0,injureAdd:0,injureIgnore:0,injureAddBoss:0
[2026-06-14 02:35:26,177] ?????????(BUFF?)?maxPAtk:155688,maxPDef:88198,maxMDef:65660,ignorePDef:0,ignoreMDef:35063,injureAdd:100,injureIgnore:0,injureAddBoss:100
[2026-06-14 02:35:26,177] ?????????(BUFF?)?maxPAtk:7764,maxPDef:1516,maxMDef:1516,ignorePDef:0,ignoreMDef:0,injureAdd:0,injureIgnore:0,injureAddBoss:0
[2026-06-14 02:35:26,177] ?????158901
[2026-06-14 02:35:26,177] ??????BUFF???158901
[2026-06-14 02:35:26,177] (Sagros,ff65c17a-1b84-40df-b675-52ef5ef5865a) ???158901;????218466/758000
[2026-06-14 02:35:26,177] =========[?????]?????END??(Fireball)


[2026-06-14 02:35:26,529] ????????[65b226f4-3d1c-4a60-838c-6aa6fda1c644]->[ff65c17a-1b84-40df-b675-52ef5ef5865a],?????[1201]
[2026-06-14 02:35:26,529] ??????????[?????,65b226f4-3d1c-4a60-838c-6aa6fda1c644]->[Sagros,ff65c17a-1b84-40df-b675-52ef5ef5865a],?????[1201]

[2026-06-14 02:35:26,529] >>>>>[?????]?????BEGIN??(Fireball), ??=Single Target ATK, uses Magic's power to form a fireball, targeting Single target,deal|C:0x34E22C&T:100%+100|T:Magic Damage., ???Sagros, ?????2
[2026-06-14 02:35:26,529] >>>>>[?????]?????(Sagros), ????[9,15]; ????[14,15]
[2026-06-14 02:35:26,529] ?????????1
[2026-06-14 02:35:26,529] >>>>???(?????) -> (Sagros) ?????100, ?????100, ?????1, ??XP???false
[2026-06-14 02:35:26,529] ?????????(BUFF?)?hit:0,crit:0,critInjure:250,dodge:0,ignoreCrit:0,ignoreCritInjure:0,critBoss:250,critInjureBoss:0
[2026-06-14 02:35:26,529] ?????????(BUFF?)?hit:0,crit:0,critInjure:0,dodge:0,ignoreCrit:0,ignoreCritInjure:0,critBoss:0,critInjureBoss:0
[2026-06-14 02:35:26,529] ?????????(BUFF?)?hit:0,crit:0,critInjure:250,dodge:0,ignoreCrit:0,ignoreCritInjure:0,critBoss:250,critInjureBoss:0
[2026-06-14 02:35:26,529] ?????????(BUFF?)?hit:0,crit:0,critInjure:0,dodge:0,ignoreCrit:0,ignoreCritInjure:0,critBoss:0,critInjureBoss:0
[2026-06-14 02:35:26,529] ?????????(BUFF?)?maxPAtk:109532,maxPDef:64692,maxMDef:38977,ignorePDef:0,ignoreMDef:5809,injureAdd:0,injureIgnore:0,injureAddBoss:100
[2026-06-14 02:35:26,529] ?????????(BUFF?)?maxPAtk:7764,maxPDef:1516,maxMDef:1516,ignorePDef:0,ignoreMDef:0,injureAdd:0,injureIgnore:0,injureAddBoss:0
[2026-06-14 02:35:26,529] ?????????(BUFF?)?maxPAtk:109532,maxPDef:64692,maxMDef:38977,ignorePDef:0,ignoreMDef:5809,injureAdd:0,injureIgnore:0,injureAddBoss:100
[2026-06-14 02:35:26,529] ?????????(BUFF?)?maxPAtk:7764,maxPDef:1516,maxMDef:1516,ignorePDef:0,ignoreMDef:0,injureAdd:0,injureIgnore:0,injureAddBoss:0
[2026-06-14 02:35:26,529] ?????110727
[2026-06-14 02:35:26,529] ??????BUFF???110727
[2026-06-14 02:35:26,529] (Sagros,ff65c17a-1b84-40df-b675-52ef5ef5865a) ???110727;????107739/758000
[2026-06-14 02:35:26,529] =========[?????]?????END??(Fireball)


[2026-06-14 02:35:26,529] ????????[bd0d352c-abdf-4576-a426-08b6080bd21e]->[ff65c17a-1b84-40df-b675-52ef5ef5865a],?????[1201]
[2026-06-14 02:35:26,529] ??????????[Otherworld Elf Ruila,bd0d352c-abdf-4576-a426-08b6080bd21e]->[Sagros,ff65c17a-1b84-40df-b675-52ef5ef5865a],?????[1201]

[2026-06-14 02:35:26,529] >>>>>[Otherworld Elf Ruila]?????BEGIN??(Fireball), ??=Single Target ATK, uses Magic's power to form a fireball, targeting Single target,deal|C:0x34E22C&T:100%+100|T:Magic Damage., ???Sagros, ?????2
[2026-06-14 02:35:26,529] >>>>>[Otherworld Elf Ruila]?????(Sagros), ????[9,15]; ????[14,15]
[2026-06-14 02:35:26,529] ?????????1
[2026-06-14 02:35:26,529] >>>>???(Otherworld Elf Ruila) -> (Sagros) ?????100, ?????100, ?????1, ??XP???false
[2026-06-14 02:35:26,529] ?????????(BUFF?)?hit:0,crit:0,critInjure:250,dodge:0,ignoreCrit:0,ignoreCritInjure:0,critBoss:250,critInjureBoss:0
[2026-06-14 02:35:26,529] ?????????(BUFF?)?hit:0,crit:0,critInjure:0,dodge:0,ignoreCrit:0,ignoreCritInjure:0,critBoss:0,critInjureBoss:0
[2026-06-14 02:35:26,529] ?????????(BUFF?)?hit:0,crit:0,critInjure:250,dodge:0,ignoreCrit:0,ignoreCritInjure:0,critBoss:250,critInjureBoss:0
[2026-06-14 02:35:26,529] ?????????(BUFF?)?hit:0,crit:0,critInjure:0,dodge:0,ignoreCrit:0,ignoreCritInjure:0,critBoss:0,critInjureBoss:0
[2026-06-14 02:35:26,529] ?????????(BUFF?)?maxPAtk:109807,maxPDef:68309,maxMDef:37615,ignorePDef:0,ignoreMDef:6887,injureAdd:0,injureIgnore:0,injureAddBoss:100
[2026-06-14 02:35:26,529] ?????????(BUFF?)?maxPAtk:7764,maxPDef:1516,maxMDef:1516,ignorePDef:0,ignoreMDef:0,injureAdd:0,injureIgnore:0,injureAddBoss:0
[2026-06-14 02:35:26,529] ?????????(BUFF?)?maxPAtk:109807,maxPDef:68309,maxMDef:37615,ignorePDef:0,ignoreMDef:6887,injureAdd:0,injureIgnore:0,injureAddBoss:100
[2026-06-14 02:35:26,529] ?????????(BUFF?)?maxPAtk:7764,maxPDef:1516,maxMDef:1516,ignorePDef:0,ignoreMDef:0,injureAdd:0,injureIgnore:0,injureAddBoss:0
[2026-06-14 02:35:26,529] ?????111005
[2026-06-14 02:35:26,529] ??????BUFF???111005
[2026-06-14 02:35:26,529] (Sagros,ff65c17a-1b84-40df-b675-52ef5ef5865a) ???111005;????0/758000
[2026-06-14 02:35:26,529] ???(????,d1806f2b-c67b-4e48-8e65-e94548e56e23) ??????: objectId=ff65c17a-1b84-40df-b675-52ef5ef5865a,status=0
[2026-06-14 02:35:26,531] (Sagros,ff65c17a-1b84-40df-b675-52ef5ef5865a) ?????1781375726531
[2026-06-14 02:35:26,531] =========[Otherworld Elf Ruila]?????END??(Fireball)

[2026-06-14 02:35:26,740] ?canControlObject??????????name=[????]
