[2026-06-14 02:48:45,407] ?Xilisi?????????????
[2026-06-14 02:48:45,407] [????]??BUFF?(Giant Rock Holy Shield[3201])
[2026-06-14 02:48:45,407] (????) ???1200;????6949926/6949926

[2026-06-14 02:48:45,411] >>>>>[Xilisi]?????BEGIN??(Boss Ranged Attack), ??=NormalATK, ???????, ?????6
[2026-06-14 02:48:45,411] >>>>>[Xilisi]?????(????), ????[3,14]; ????[9,14]
[2026-06-14 02:48:45,411] ?????????1
[2026-06-14 02:48:45,411] >>>>???(Xilisi) -> (????) ?????100, ?????0, ?????1, ??XP???false
[2026-06-14 02:48:45,411] ?????????(BUFF?)?hit:0,crit:0,critInjure:0,dodge:0,ignoreCrit:0,ignoreCritInjure:0,critBoss:0,critInjureBoss:0
[2026-06-14 02:48:45,411] ?????????(BUFF?)?hit:60,crit:288,critInjure:610,dodge:15,ignoreCrit:0,ignoreCritInjure:0,critBoss:250,critInjureBoss:0
[2026-06-14 02:48:45,411] ?????????(BUFF?)?hit:0,crit:0,critInjure:0,dodge:0,ignoreCrit:0,ignoreCritInjure:0,critBoss:0,critInjureBoss:0
[2026-06-14 02:48:45,411] ?????????(BUFF?)?hit:60,crit:288,critInjure:610,dodge:15,ignoreCrit:0,ignoreCritInjure:0,critBoss:250,critInjureBoss:0
[2026-06-14 02:48:45,411] ?????????(BUFF?)?maxPAtk:9182,maxPDef:1880,maxMDef:1880,ignorePDef:0,ignoreMDef:0,injureAdd:0,injureIgnore:0,injureAddBoss:0
[2026-06-14 02:48:45,411] ?????????(BUFF?)?maxPAtk:537036,maxPDef:320573,maxMDef:292686,ignorePDef:923,ignoreMDef:1836,injureAdd:0,injureIgnore:1000,injureAddBoss:100
[2026-06-14 02:48:45,411] ?????????(BUFF?)?maxPAtk:9182,maxPDef:1880,maxMDef:1880,ignorePDef:0,ignoreMDef:0,injureAdd:0,injureIgnore:0,injureAddBoss:0
[2026-06-14 02:48:45,411] ?????????(BUFF?)?maxPAtk:537036,maxPDef:320573,maxMDef:292686,ignorePDef:923,ignoreMDef:1836,injureAdd:0,injureIgnore:1000,injureAddBoss:100
[2026-06-14 02:48:45,411] ?????251
[2026-06-14 02:48:45,411] ??????BUFF???251
[2026-06-14 02:48:45,411] (????,d1806f2b-c67b-4e48-8e65-e94548e56e23) ???251;????6949675/6949926
[2026-06-14 02:48:45,411] =========[Xilisi]?????END??(Boss Ranged Attack)


[2026-06-14 02:48:46,251] ????????[d1806f2b-c67b-4e48-8e65-e94548e56e23]->[21b91d54-7ef7-4e13-9a24-02caf5e1ac3c],?????[9]
[2026-06-14 02:48:46,251] ??????????[????,d1806f2b-c67b-4e48-8e65-e94548e56e23]->[Xilisi,21b91d54-7ef7-4e13-9a24-02caf5e1ac3c],?????[9]

[2026-06-14 02:48:46,251] >>>>>[????]?????BEGIN??(Giant Rock Holy Shield), ??=Support Skill, applies Shield Reduction of|C:0x34E22C&T:20%|T: damage value, for|C:0x34E22C&T:5|T:s, upon breaking, targets surrounding enemies, dealing|C:0x34E22C&T:120%+{0}|T:Magic Damage, ???????, ?????0
[2026-06-14 02:48:46,251] [????]??BUFF?(Giant Rock Holy Shield[3201]), ????=5000, ??=2000
[2026-06-14 02:48:46,251] [????]?????1389985
[2026-06-14 02:48:46,251] =========[????]???????????(Giant Rock Holy Shield)

[2026-06-14 02:48:46,360] ????????[????],posX=8,posY=14
[2026-06-14 02:48:46,408] (????) ???1200;????6949926/6949926

[2026-06-14 02:48:46,412] >>>>>[Xilisi]?????BEGIN??(Boss Ranged Attack), ??=NormalATK, ???????, ?????6
[2026-06-14 02:48:46,412] >>>>>[Xilisi]?????(????), ????[3,14]; ????[8,14]
[2026-06-14 02:48:46,412] ?????????1
[2026-06-14 02:48:46,412] >>>>???(Xilisi) -> (????) ?????100, ?????0, ?????1, ??XP???false
[2026-06-14 02:48:46,412] ?????????(BUFF?)?hit:0,crit:0,critInjure:0,dodge:0,ignoreCrit:0,ignoreCritInjure:0,critBoss:0,critInjureBoss:0
[2026-06-14 02:48:46,412] ?????????(BUFF?)?hit:60,crit:288,critInjure:610,dodge:15,ignoreCrit:0,ignoreCritInjure:0,critBoss:250,critInjureBoss:0
[2026-06-14 02:48:46,412] ?????????(BUFF?)?hit:0,crit:0,critInjure:0,dodge:0,ignoreCrit:0,ignoreCritInjure:0,critBoss:0,critInjureBoss:0
[2026-06-14 02:48:46,412] ?????????(BUFF?)?hit:60,crit:288,critInjure:610,dodge:15,ignoreCrit:0,ignoreCritInjure:0,critBoss:250,critInjureBoss:0
[2026-06-14 02:48:46,412] ?????????(BUFF?)?maxPAtk:9182,maxPDef:1880,maxMDef:1880,ignorePDef:0,ignoreMDef:0,injureAdd:0,injureIgnore:0,injureAddBoss:0
[2026-06-14 02:48:46,412] ?????????(BUFF?)?maxPAtk:537036,maxPDef:320573,maxMDef:292686,ignorePDef:923,ignoreMDef:1836,injureAdd:0,injureIgnore:1000,injureAddBoss:100
[2026-06-14 02:48:46,412] ?????????(BUFF?)?maxPAtk:9182,maxPDef:1880,maxMDef:1880,ignorePDef:0,ignoreMDef:0,injureAdd:0,injureIgnore:0,injureAddBoss:0
[2026-06-14 02:48:46,412] ?????????(BUFF?)?maxPAtk:537036,maxPDef:320573,maxMDef:292686,ignorePDef:923,ignoreMDef:1836,injureAdd:0,injureIgnore:1000,injureAddBoss:100
[2026-06-14 02:48:46,412] ?????251
[2026-06-14 02:48:46,412] ??????BUFF???251
[2026-06-14 02:48:46,412] [????]??BUFF?(Giant Rock Holy Shield), ??=Absorb Max HP|C:0x34E22C&T:20%|T:damage, ?????4839
[2026-06-14 02:48:46,412] [????]?????251, ?????1389734
[2026-06-14 02:48:46,412] (????,d1806f2b-c67b-4e48-8e65-e94548e56e23) ???0;????6949926/6949926
[2026-06-14 02:48:46,412] =========[Xilisi]?????END??(Boss Ranged Attack)


[2026-06-14 02:48:46,535] ????????[ebc35acd-9d47-43c8-b6d6-2e231c80d600]->[21b91d54-7ef7-4e13-9a24-02caf5e1ac3c],?????[1201]
[2026-06-14 02:48:46,535] ??????????[?????,ebc35acd-9d47-43c8-b6d6-2e231c80d600]->[Xilisi,21b91d54-7ef7-4e13-9a24-02caf5e1ac3c],?????[1201]

[2026-06-14 02:48:46,535] >>>>>[?????]?????BEGIN??(Fireball), ??=Single Target ATK, uses Magic's power to form a fireball, targeting Single target,deal|C:0x34E22C&T:100%+100|T:Magic Damage., ???Xilisi, ?????2
[2026-06-14 02:48:46,535] >>>>>[?????]?????(Xilisi), ????[9,14]; ????[3,14]
[2026-06-14 02:48:46,535] ?????????1
[2026-06-14 02:48:46,535] >>>>???(?????) -> (Xilisi) ?????100, ?????100, ?????1, ??XP???false
[2026-06-14 02:48:46,535] ?????????(BUFF?)?hit:0,crit:0,critInjure:250,dodge:0,ignoreCrit:0,ignoreCritInjure:0,critBoss:250,critInjureBoss:0
[2026-06-14 02:48:46,535] ?????????(BUFF?)?hit:0,crit:0,critInjure:0,dodge:0,ignoreCrit:0,ignoreCritInjure:0,critBoss:0,critInjureBoss:0
[2026-06-14 02:48:46,535] ?????????(BUFF?)?hit:0,crit:0,critInjure:250,dodge:0,ignoreCrit:0,ignoreCritInjure:0,critBoss:250,critInjureBoss:0
[2026-06-14 02:48:46,535] ?????????(BUFF?)?hit:0,crit:0,critInjure:0,dodge:0,ignoreCrit:0,ignoreCritInjure:0,critBoss:0,critInjureBoss:0
[2026-06-14 02:48:46,535] ?????????(BUFF?)?maxPAtk:155998,maxPDef:88275,maxMDef:65856,ignorePDef:0,ignoreMDef:35218,injureAdd:100,injureIgnore:0,injureAddBoss:100
[2026-06-14 02:48:46,535] ?????????(BUFF?)?maxPAtk:9182,maxPDef:1880,maxMDef:1880,ignorePDef:0,ignoreMDef:0,injureAdd:0,injureIgnore:0,injureAddBoss:0
[2026-06-14 02:48:46,535] ?????????(BUFF?)?maxPAtk:155998,maxPDef:88275,maxMDef:65856,ignorePDef:0,ignoreMDef:35218,injureAdd:100,injureIgnore:0,injureAddBoss:100
[2026-06-14 02:48:46,535] ?????????(BUFF?)?maxPAtk:9182,maxPDef:1880,maxMDef:1880,ignorePDef:0,ignoreMDef:0,injureAdd:0,injureIgnore:0,injureAddBoss:0
[2026-06-14 02:48:46,535] ?????159217
[2026-06-14 02:48:46,535] ??????BUFF???159217
[2026-06-14 02:48:46,535] (Xilisi,21b91d54-7ef7-4e13-9a24-02caf5e1ac3c) ???159217;????780783/940000
[2026-06-14 02:48:46,535] =========[?????]?????END??(Fireball)

[2026-06-14 02:48:46,677] ????????[????],posX=7,posY=14

[2026-06-14 02:48:46,888] ????????[65b226f4-3d1c-4a60-838c-6aa6fda1c644]->[21b91d54-7ef7-4e13-9a24-02caf5e1ac3c],?????[1201]
[2026-06-14 02:48:46,888] ??????????[?????,65b226f4-3d1c-4a60-838c-6aa6fda1c644]->[Xilisi,21b91d54-7ef7-4e13-9a24-02caf5e1ac3c],?????[1201]

[2026-06-14 02:48:46,888] >>>>>[?????]?????BEGIN??(Fireball), ??=Single Target ATK, uses Magic's power to form a fireball, targeting Single target,deal|C:0x34E22C&T:100%+100|T:Magic Damage., ???Xilisi, ?????2
[2026-06-14 02:48:46,888] >>>>>[?????]?????(Xilisi), ????[9,14]; ????[3,14]
[2026-06-14 02:48:46,888] ?????????1
[2026-06-14 02:48:46,888] >>>>???(?????) -> (Xilisi) ?????100, ?????100, ?????1, ??XP???false
[2026-06-14 02:48:46,888] ?????????(BUFF?)?hit:0,crit:0,critInjure:250,dodge:0,ignoreCrit:0,ignoreCritInjure:0,critBoss:250,critInjureBoss:0
[2026-06-14 02:48:46,888] ?????????(BUFF?)?hit:0,crit:0,critInjure:0,dodge:0,ignoreCrit:0,ignoreCritInjure:0,critBoss:0,critInjureBoss:0
[2026-06-14 02:48:46,888] ?????????(BUFF?)?hit:0,crit:0,critInjure:250,dodge:0,ignoreCrit:0,ignoreCritInjure:0,critBoss:250,critInjureBoss:0
[2026-06-14 02:48:46,888] ?????????(BUFF?)?hit:0,crit:0,critInjure:0,dodge:0,ignoreCrit:0,ignoreCritInjure:0,critBoss:0,critInjureBoss:0
[2026-06-14 02:48:46,888] ?????????(BUFF?)?maxPAtk:109532,maxPDef:64692,maxMDef:38977,ignorePDef:0,ignoreMDef:5809,injureAdd:0,injureIgnore:0,injureAddBoss:100
[2026-06-14 02:48:46,888] ?????????(BUFF?)?maxPAtk:9182,maxPDef:1880,maxMDef:1880,ignorePDef:0,ignoreMDef:0,injureAdd:0,injureIgnore:0,injureAddBoss:0
[2026-06-14 02:48:46,888] ?????????(BUFF?)?maxPAtk:109532,maxPDef:64692,maxMDef:38977,ignorePDef:0,ignoreMDef:5809,injureAdd:0,injureIgnore:0,injureAddBoss:100
[2026-06-14 02:48:46,888] ?????????(BUFF?)?maxPAtk:9182,maxPDef:1880,maxMDef:1880,ignorePDef:0,ignoreMDef:0,injureAdd:0,injureIgnore:0,injureAddBoss:0
[2026-06-14 02:48:46,888] ?????110727
[2026-06-14 02:48:46,888] ??????BUFF???110727
[2026-06-14 02:48:46,888] (Xilisi,21b91d54-7ef7-4e13-9a24-02caf5e1ac3c) ???110727;????670056/940000
[2026-06-14 02:48:46,888] =========[?????]?????END??(Fireball)


[2026-06-14 02:48:46,888] ????????[bd0d352c-abdf-4576-a426-08b6080bd21e]->[21b91d54-7ef7-4e13-9a24-02caf5e1ac3c],?????[1201]
[2026-06-14 02:48:46,888] ??????????[Otherworld Elf Ruila,bd0d352c-abdf-4576-a426-08b6080bd21e]->[Xilisi,21b91d54-7ef7-4e13-9a24-02caf5e1ac3c],?????[1201]

[2026-06-14 02:48:46,888] >>>>>[Otherworld Elf Ruila]?????BEGIN??(Fireball), ??=Single Target ATK, uses Magic's power to form a fireball, targeting Single target,deal|C:0x34E22C&T:100%+100|T:Magic Damage., ???Xilisi, ?????2
[2026-06-14 02:48:46,888] >>>>>[Otherworld Elf Ruila]?????(Xilisi), ????[9,14]; ????[3,14]
[2026-06-14 02:48:46,888] ?????????1
[2026-06-14 02:48:46,888] >>>>???(Otherworld Elf Ruila) -> (Xilisi) ?????100, ?????100, ?????1, ??XP???false
[2026-06-14 02:48:46,888] ?????????(BUFF?)?hit:0,crit:0,critInjure:250,dodge:0,ignoreCrit:0,ignoreCritInjure:0,critBoss:250,critInjureBoss:0
[2026-06-14 02:48:46,888] ?????????(BUFF?)?hit:0,crit:0,critInjure:0,dodge:0,ignoreCrit:0,ignoreCritInjure:0,critBoss:0,critInjureBoss:0
[2026-06-14 02:48:46,888] ?????????(BUFF?)?hit:0,crit:0,critInjure:250,dodge:0,ignoreCrit:0,ignoreCritInjure:0,critBoss:250,critInjureBoss:0
[2026-06-14 02:48:46,888] ?????????(BUFF?)?hit:0,crit:0,critInjure:0,dodge:0,ignoreCrit:0,ignoreCritInjure:0,critBoss:0,critInjureBoss:0
[2026-06-14 02:48:46,888] ?????????(BUFF?)?maxPAtk:109807,maxPDef:68309,maxMDef:37615,ignorePDef:0,ignoreMDef:6887,injureAdd:0,injureIgnore:0,injureAddBoss:100
[2026-06-14 02:48:46,888] ?????????(BUFF?)?maxPAtk:9182,maxPDef:1880,maxMDef:1880,ignorePDef:0,ignoreMDef:0,injureAdd:0,injureIgnore:0,injureAddBoss:0
[2026-06-14 02:48:46,888] ?????????(BUFF?)?maxPAtk:109807,maxPDef:68309,maxMDef:37615,ignorePDef:0,ignoreMDef:6887,injureAdd:0,injureIgnore:0,injureAddBoss:100
[2026-06-14 02:48:46,888] ?????????(BUFF?)?maxPAtk:9182,maxPDef:1880,maxMDef:1880,ignorePDef:0,ignoreMDef:0,injureAdd:0,injureIgnore:0,injureAddBoss:0
[2026-06-14 02:48:46,888] ?????111005
[2026-06-14 02:48:46,888] ??????BUFF???111005
[2026-06-14 02:48:46,888] (Xilisi,21b91d54-7ef7-4e13-9a24-02caf5e1ac3c) ???111005;????559051/940000
[2026-06-14 02:48:46,888] =========[Otherworld Elf Ruila]?????END??(Fireball)

[2026-06-14 02:48:46,995] ????????[????],posX=6,posY=15
[2026-06-14 02:48:47,348] ????????[????],posX=5,posY=15
[2026-06-14 02:48:47,408] (????) ???1200;????6949926/6949926

[2026-06-14 02:48:47,414] >>>>>[Xilisi]?????BEGIN??(Boss Ranged Attack), ??=NormalATK, ???????, ?????6
[2026-06-14 02:48:47,414] >>>>>[Xilisi]?????(????), ????[3,14]; ????[5,15]
[2026-06-14 02:48:47,414] ?????????1
[2026-06-14 02:48:47,414] >>>>???(Xilisi) -> (????) ?????100, ?????0, ?????1, ??XP???false
[2026-06-14 02:48:47,414] ?????????(BUFF?)?hit:0,crit:0,critInjure:0,dodge:0,ignoreCrit:0,ignoreCritInjure:0,critBoss:0,critInjureBoss:0
[2026-06-14 02:48:47,414] ?????????(BUFF?)?hit:60,crit:288,critInjure:610,dodge:15,ignoreCrit:0,ignoreCritInjure:0,critBoss:250,critInjureBoss:0
[2026-06-14 02:48:47,414] ?????????(BUFF?)?hit:0,crit:0,critInjure:0,dodge:0,ignoreCrit:0,ignoreCritInjure:0,critBoss:0,critInjureBoss:0
[2026-06-14 02:48:47,414] ?????????(BUFF?)?hit:60,crit:288,critInjure:610,dodge:15,ignoreCrit:0,ignoreCritInjure:0,critBoss:250,critInjureBoss:0
[2026-06-14 02:48:47,414] ?????????(BUFF?)?maxPAtk:9182,maxPDef:1880,maxMDef:1880,ignorePDef:0,ignoreMDef:0,injureAdd:0,injureIgnore:0,injureAddBoss:0
[2026-06-14 02:48:47,414] ?????????(BUFF?)?maxPAtk:537036,maxPDef:320573,maxMDef:292686,ignorePDef:923,ignoreMDef:1836,injureAdd:0,injureIgnore:1000,injureAddBoss:100
[2026-06-14 02:48:47,414] [????]???????(Starlight Power), ??=500, buffStr=605011, ???????
[2026-06-14 02:48:47,414] [????]??BUFF?(Starlight Power[2202]), ????=3000, ??=1000
[2026-06-14 02:48:47,414] [????]??BUFF?(Starlight Power), ??=self Damage Reduction increases by|C:0x34E22C&T:10%|T:, for|C:0x34E22C&T:3|T:s, ?????3000
[2026-06-14 02:48:47,414] ?????????(BUFF?)?maxPAtk:9182,maxPDef:1880,maxMDef:1880,ignorePDef:0,ignoreMDef:0,injureAdd:0,injureIgnore:0,injureAddBoss:0
[2026-06-14 02:48:47,414] ?????????(BUFF?)?maxPAtk:537036,maxPDef:320573,maxMDef:292686,ignorePDef:923,ignoreMDef:1836,injureAdd:0,injureIgnore:2000,injureAddBoss:100
[2026-06-14 02:48:47,414] ?????223
[2026-06-14 02:48:47,414] ??????BUFF???223
[2026-06-14 02:48:47,414] [????]??BUFF?(Giant Rock Holy Shield), ??=Absorb Max HP|C:0x34E22C&T:20%|T:damage, ?????3837
[2026-06-14 02:48:47,414] [????]?????223, ?????1389511
[2026-06-14 02:48:47,414] (????,d1806f2b-c67b-4e48-8e65-e94548e56e23) ???0;????6949926/6949926
[2026-06-14 02:48:47,414] =========[Xilisi]?????END??(Boss Ranged Attack)


[2026-06-14 02:48:47,454] ????????[ebc35acd-9d47-43c8-b6d6-2e231c80d600]->[21b91d54-7ef7-4e13-9a24-02caf5e1ac3c],?????[1201]
[2026-06-14 02:48:47,454] ??????????[?????,ebc35acd-9d47-43c8-b6d6-2e231c80d600]->[Xilisi,21b91d54-7ef7-4e13-9a24-02caf5e1ac3c],?????[1201]

[2026-06-14 02:48:47,454] >>>>>[?????]?????BEGIN??(Fireball), ??=Single Target ATK, uses Magic's power to form a fireball, targeting Single target,deal|C:0x34E22C&T:100%+100|T:Magic Damage., ???Xilisi, ?????2
[2026-06-14 02:48:47,454] >>>>>[?????]?????(Xilisi), ????[9,14]; ????[3,14]
[2026-06-14 02:48:47,454] ?????????1
[2026-06-14 02:48:47,454] >>>>???(?????) -> (Xilisi) ?????100, ?????100, ?????1, ??XP???false
[2026-06-14 02:48:47,454] ?????????(BUFF?)?hit:0,crit:0,critInjure:250,dodge:0,ignoreCrit:0,ignoreCritInjure:0,critBoss:250,critInjureBoss:0
[2026-06-14 02:48:47,454] ?????????(BUFF?)?hit:0,crit:0,critInjure:0,dodge:0,ignoreCrit:0,ignoreCritInjure:0,critBoss:0,critInjureBoss:0
[2026-06-14 02:48:47,454] ?????????(BUFF?)?hit:0,crit:0,critInjure:250,dodge:0,ignoreCrit:0,ignoreCritInjure:0,critBoss:250,critInjureBoss:0
[2026-06-14 02:48:47,454] ?????????(BUFF?)?hit:0,crit:0,critInjure:0,dodge:0,ignoreCrit:0,ignoreCritInjure:0,critBoss:0,critInjureBoss:0
[2026-06-14 02:48:47,454] ?????????(BUFF?)?maxPAtk:155998,maxPDef:88275,maxMDef:65856,ignorePDef:0,ignoreMDef:35218,injureAdd:100,injureIgnore:0,injureAddBoss:100
[2026-06-14 02:48:47,454] ?????????(BUFF?)?maxPAtk:9182,maxPDef:1880,maxMDef:1880,ignorePDef:0,ignoreMDef:0,injureAdd:0,injureIgnore:0,injureAddBoss:0
[2026-06-14 02:48:47,454] ?????????(BUFF?)?maxPAtk:155998,maxPDef:88275,maxMDef:65856,ignorePDef:0,ignoreMDef:35218,injureAdd:100,injureIgnore:0,injureAddBoss:100
[2026-06-14 02:48:47,454] ?????????(BUFF?)?maxPAtk:9182,maxPDef:1880,maxMDef:1880,ignorePDef:0,ignoreMDef:0,injureAdd:0,injureIgnore:0,injureAddBoss:0
[2026-06-14 02:48:47,454] ?????159217
[2026-06-14 02:48:47,454] ??????BUFF???159217
[2026-06-14 02:48:47,454] (Xilisi,21b91d54-7ef7-4e13-9a24-02caf5e1ac3c) ???159217;????399834/940000
[2026-06-14 02:48:47,454] =========[?????]?????END??(Fireball)


[2026-06-14 02:48:47,807] ????????[65b226f4-3d1c-4a60-838c-6aa6fda1c644]->[21b91d54-7ef7-4e13-9a24-02caf5e1ac3c],?????[1201]
[2026-06-14 02:48:47,807] ??????????[?????,65b226f4-3d1c-4a60-838c-6aa6fda1c644]->[Xilisi,21b91d54-7ef7-4e13-9a24-02caf5e1ac3c],?????[1201]

[2026-06-14 02:48:47,807] >>>>>[?????]?????BEGIN??(Fireball), ??=Single Target ATK, uses Magic's power to form a fireball, targeting Single target,deal|C:0x34E22C&T:100%+100|T:Magic Damage., ???Xilisi, ?????2
[2026-06-14 02:48:47,807] >>>>>[?????]?????(Xilisi), ????[9,14]; ????[3,14]
[2026-06-14 02:48:47,807] ?????????1
[2026-06-14 02:48:47,807] >>>>???(?????) -> (Xilisi) ?????100, ?????100, ?????1, ??XP???false
[2026-06-14 02:48:47,807] ?????????(BUFF?)?hit:0,crit:0,critInjure:250,dodge:0,ignoreCrit:0,ignoreCritInjure:0,critBoss:250,critInjureBoss:0
[2026-06-14 02:48:47,807] ?????????(BUFF?)?hit:0,crit:0,critInjure:0,dodge:0,ignoreCrit:0,ignoreCritInjure:0,critBoss:0,critInjureBoss:0
[2026-06-14 02:48:47,807] ?????????(BUFF?)?hit:0,crit:0,critInjure:250,dodge:0,ignoreCrit:0,ignoreCritInjure:0,critBoss:250,critInjureBoss:0
[2026-06-14 02:48:47,807] ?????????(BUFF?)?hit:0,crit:0,critInjure:0,dodge:0,ignoreCrit:0,ignoreCritInjure:0,critBoss:0,critInjureBoss:0
[2026-06-14 02:48:47,807] ?????????(BUFF?)?maxPAtk:109532,maxPDef:64692,maxMDef:38977,ignorePDef:0,ignoreMDef:5809,injureAdd:0,injureIgnore:0,injureAddBoss:100
[2026-06-14 02:48:47,807] ?????????(BUFF?)?maxPAtk:9182,maxPDef:1880,maxMDef:1880,ignorePDef:0,ignoreMDef:0,injureAdd:0,injureIgnore:0,injureAddBoss:0
[2026-06-14 02:48:47,807] ?????????(BUFF?)?maxPAtk:109532,maxPDef:64692,maxMDef:38977,ignorePDef:0,ignoreMDef:5809,injureAdd:0,injureIgnore:0,injureAddBoss:100
[2026-06-14 02:48:47,807] ?????????(BUFF?)?maxPAtk:9182,maxPDef:1880,maxMDef:1880,ignorePDef:0,ignoreMDef:0,injureAdd:0,injureIgnore:0,injureAddBoss:0
[2026-06-14 02:48:47,807] ?????110727
[2026-06-14 02:48:47,807] ??????BUFF???110727
[2026-06-14 02:48:47,807] (Xilisi,21b91d54-7ef7-4e13-9a24-02caf5e1ac3c) ???110727;????289107/940000
[2026-06-14 02:48:47,807] =========[?????]?????END??(Fireball)


[2026-06-14 02:48:47,807] ????????[bd0d352c-abdf-4576-a426-08b6080bd21e]->[21b91d54-7ef7-4e13-9a24-02caf5e1ac3c],?????[1201]
[2026-06-14 02:48:47,807] ??????????[Otherworld Elf Ruila,bd0d352c-abdf-4576-a426-08b6080bd21e]->[Xilisi,21b91d54-7ef7-4e13-9a24-02caf5e1ac3c],?????[1201]

[2026-06-14 02:48:47,807] >>>>>[Otherworld Elf Ruila]?????BEGIN??(Fireball), ??=Single Target ATK, uses Magic's power to form a fireball, targeting Single target,deal|C:0x34E22C&T:100%+100|T:Magic Damage., ???Xilisi, ?????2
[2026-06-14 02:48:47,807] >>>>>[Otherworld Elf Ruila]?????(Xilisi), ????[9,14]; ????[3,14]
[2026-06-14 02:48:47,807] ?????????1
[2026-06-14 02:48:47,807] >>>>???(Otherworld Elf Ruila) -> (Xilisi) ?????100, ?????100, ?????1, ??XP???false
[2026-06-14 02:48:47,807] ?????????(BUFF?)?hit:0,crit:0,critInjure:250,dodge:0,ignoreCrit:0,ignoreCritInjure:0,critBoss:250,critInjureBoss:0
[2026-06-14 02:48:47,807] ?????????(BUFF?)?hit:0,crit:0,critInjure:0,dodge:0,ignoreCrit:0,ignoreCritInjure:0,critBoss:0,critInjureBoss:0
[2026-06-14 02:48:47,807] ?????????(BUFF?)?hit:0,crit:0,critInjure:250,dodge:0,ignoreCrit:0,ignoreCritInjure:0,critBoss:250,critInjureBoss:0
[2026-06-14 02:48:47,807] ?????????(BUFF?)?hit:0,crit:0,critInjure:0,dodge:0,ignoreCrit:0,ignoreCritInjure:0,critBoss:0,critInjureBoss:0
[2026-06-14 02:48:47,807] ?????????(BUFF?)?maxPAtk:109807,maxPDef:68309,maxMDef:37615,ignorePDef:0,ignoreMDef:6887,injureAdd:0,injureIgnore:0,injureAddBoss:100
[2026-06-14 02:48:47,807] ?????????(BUFF?)?maxPAtk:9182,maxPDef:1880,maxMDef:1880,ignorePDef:0,ignoreMDef:0,injureAdd:0,injureIgnore:0,injureAddBoss:0
[2026-06-14 02:48:47,807] ?????????(BUFF?)?maxPAtk:109807,maxPDef:68309,maxMDef:37615,ignorePDef:0,ignoreMDef:6887,injureAdd:0,injureIgnore:0,injureAddBoss:100
[2026-06-14 02:48:47,807] ?????????(BUFF?)?maxPAtk:9182,maxPDef:1880,maxMDef:1880,ignorePDef:0,ignoreMDef:0,injureAdd:0,injureIgnore:0,injureAddBoss:0
[2026-06-14 02:48:47,807] ?????111005
[2026-06-14 02:48:47,807] ??????BUFF???111005
[2026-06-14 02:48:47,807] (Xilisi,21b91d54-7ef7-4e13-9a24-02caf5e1ac3c) ???111005;????178102/940000
[2026-06-14 02:48:47,807] =========[Otherworld Elf Ruila]?????END??(Fireball)


[2026-06-14 02:48:48,370] ????????[ebc35acd-9d47-43c8-b6d6-2e231c80d600]->[21b91d54-7ef7-4e13-9a24-02caf5e1ac3c],?????[1201]
[2026-06-14 02:48:48,370] ??????????[?????,ebc35acd-9d47-43c8-b6d6-2e231c80d600]->[Xilisi,21b91d54-7ef7-4e13-9a24-02caf5e1ac3c],?????[1201]

[2026-06-14 02:48:48,370] >>>>>[?????]?????BEGIN??(Fireball), ??=Single Target ATK, uses Magic's power to form a fireball, targeting Single target,deal|C:0x34E22C&T:100%+100|T:Magic Damage., ???Xilisi, ?????2
[2026-06-14 02:48:48,370] >>>>>[?????]?????(Xilisi), ????[9,14]; ????[3,14]
[2026-06-14 02:48:48,370] ?????????1
[2026-06-14 02:48:48,370] >>>>???(?????) -> (Xilisi) ?????100, ?????100, ?????1, ??XP???false
[2026-06-14 02:48:48,370] ?????????(BUFF?)?hit:0,crit:0,critInjure:250,dodge:0,ignoreCrit:0,ignoreCritInjure:0,critBoss:250,critInjureBoss:0
[2026-06-14 02:48:48,370] ?????????(BUFF?)?hit:0,crit:0,critInjure:0,dodge:0,ignoreCrit:0,ignoreCritInjure:0,critBoss:0,critInjureBoss:0
[2026-06-14 02:48:48,370] ?????????(BUFF?)?hit:0,crit:0,critInjure:250,dodge:0,ignoreCrit:0,ignoreCritInjure:0,critBoss:250,critInjureBoss:0
[2026-06-14 02:48:48,370] ?????????(BUFF?)?hit:0,crit:0,critInjure:0,dodge:0,ignoreCrit:0,ignoreCritInjure:0,critBoss:0,critInjureBoss:0
[2026-06-14 02:48:48,370] ?????????(BUFF?)?maxPAtk:155998,maxPDef:88275,maxMDef:65856,ignorePDef:0,ignoreMDef:35218,injureAdd:100,injureIgnore:0,injureAddBoss:100
[2026-06-14 02:48:48,370] ?????????(BUFF?)?maxPAtk:9182,maxPDef:1880,maxMDef:1880,ignorePDef:0,ignoreMDef:0,injureAdd:0,injureIgnore:0,injureAddBoss:0
[2026-06-14 02:48:48,370] ?????????(BUFF?)?maxPAtk:155998,maxPDef:88275,maxMDef:65856,ignorePDef:0,ignoreMDef:35218,injureAdd:100,injureIgnore:0,injureAddBoss:100
[2026-06-14 02:48:48,370] ?????????(BUFF?)?maxPAtk:9182,maxPDef:1880,maxMDef:1880,ignorePDef:0,ignoreMDef:0,injureAdd:0,injureIgnore:0,injureAddBoss:0
[2026-06-14 02:48:48,370] ?????159217
[2026-06-14 02:48:48,370] ??????BUFF???159217
[2026-06-14 02:48:48,370] (Xilisi,21b91d54-7ef7-4e13-9a24-02caf5e1ac3c) ???159217;????18885/940000
[2026-06-14 02:48:48,370] =========[?????]?????END??(Fireball)


[2026-06-14 02:48:48,370] ????????[d1806f2b-c67b-4e48-8e65-e94548e56e23]->[21b91d54-7ef7-4e13-9a24-02caf5e1ac3c],?????[7]
[2026-06-14 02:48:48,370] ??????????[????,d1806f2b-c67b-4e48-8e65-e94548e56e23]->[Xilisi,21b91d54-7ef7-4e13-9a24-02caf5e1ac3c],?????[7]

[2026-06-14 02:48:48,370] >>>>>[????]?????BEGIN??(Thunder Blast), ??=Single Target ATK, targets Ranged Single target, dealing|C:0x34E22C&T:100%+{0}|T:Magic Damage, ???Xilisi, ?????2
[2026-06-14 02:48:48,370] >>>>>[????]?????(Xilisi), ????[5,15]; ????[3,14]
[2026-06-14 02:48:48,370] ?????????1
[2026-06-14 02:48:48,370] >>>>???(????) -> (Xilisi) ?????100, ?????8100, ?????1, ??XP???false
[2026-06-14 02:48:48,370] ?????????(BUFF?)?hit:60,crit:288,critInjure:610,dodge:15,ignoreCrit:0,ignoreCritInjure:0,critBoss:250,critInjureBoss:0
[2026-06-14 02:48:48,370] ?????????(BUFF?)?hit:0,crit:0,critInjure:0,dodge:0,ignoreCrit:0,ignoreCritInjure:0,critBoss:0,critInjureBoss:0
[2026-06-14 02:48:48,370] ?????????(BUFF?)?hit:60,crit:288,critInjure:610,dodge:15,ignoreCrit:0,ignoreCritInjure:0,critBoss:250,critInjureBoss:0
[2026-06-14 02:48:48,370] ?????????(BUFF?)?hit:0,crit:0,critInjure:0,dodge:0,ignoreCrit:0,ignoreCritInjure:0,critBoss:0,critInjureBoss:0
[2026-06-14 02:48:48,370] ?????????(BUFF?)?maxPAtk:537036,maxPDef:320573,maxMDef:292686,ignorePDef:923,ignoreMDef:1836,injureAdd:0,injureIgnore:1000,injureAddBoss:100
[2026-06-14 02:48:48,370] ?????????(BUFF?)?maxPAtk:9182,maxPDef:1880,maxMDef:1880,ignorePDef:0,ignoreMDef:0,injureAdd:0,injureIgnore:0,injureAddBoss:0
[2026-06-14 02:48:48,370] ?????????(BUFF?)?maxPAtk:537036,maxPDef:320573,maxMDef:292686,ignorePDef:923,ignoreMDef:1836,injureAdd:0,injureIgnore:1000,injureAddBoss:100
[2026-06-14 02:48:48,370] ?????????(BUFF?)?maxPAtk:9182,maxPDef:1880,maxMDef:1880,ignorePDef:0,ignoreMDef:0,injureAdd:0,injureIgnore:0,injureAddBoss:0
[2026-06-14 02:48:48,370] ?????550461
[2026-06-14 02:48:48,370] ??????BUFF???550461
[2026-06-14 02:48:48,370] (Xilisi,21b91d54-7ef7-4e13-9a24-02caf5e1ac3c) ???550461;????0/940000
[2026-06-14 02:48:48,370] ???(????,d1806f2b-c67b-4e48-8e65-e94548e56e23) ??????: objectId=21b91d54-7ef7-4e13-9a24-02caf5e1ac3c,status=0
[2026-06-14 02:48:48,371] (Xilisi,21b91d54-7ef7-4e13-9a24-02caf5e1ac3c) ?????1781376528371
[2026-06-14 02:48:48,371] [????]???????(Bloodthirst), ??=2000, buffStr=401011, ???????
[2026-06-14 02:48:48,371] [????]??BUFF?(Bloodthirst[1301]), ????=0, ??=4000
[2026-06-14 02:48:48,371] [????]??BUFF?(Bloodthirst), ??=will |C:0x34E22C&T:40%|T:damage damage converted to own HP, ?????0
[2026-06-14 02:48:48,371] (????) ???220184;????6949926/6949926
[2026-06-14 02:48:48,371] =========[????]?????END??(Thunder Blast)

