[2026-06-14 02:30:56,151] ?Beast King General?????????????
[2026-06-14 02:30:56,151] [????]??BUFF?(Giant Rock Holy Shield[3201])
[2026-06-14 02:30:56,151] (????) ???1200;????6949926/6949926
[2026-06-14 02:30:56,188] ????????[????],posX=8,posY=12
[2026-06-14 02:30:56,554] ????????[????],posX=9,posY=12
[2026-06-14 02:30:56,887] ????????[????],posX=10,posY=12

[2026-06-14 02:30:56,987] ????????[ebc35acd-9d47-43c8-b6d6-2e231c80d600]->[58732f73-c77f-492b-80bd-53dc1e57f610],?????[1201]
[2026-06-14 02:30:56,987] ??????????[?????,ebc35acd-9d47-43c8-b6d6-2e231c80d600]->[Beast King General,58732f73-c77f-492b-80bd-53dc1e57f610],?????[1201]

[2026-06-14 02:30:56,987] >>>>>[?????]?????BEGIN??(Fireball), ??=Single Target ATK, uses Magic's power to form a fireball, targeting Single target,deal|C:0x34E22C&T:100%+100|T:Magic Damage., ???Beast King General, ?????2
[2026-06-14 02:30:56,987] >>>>>[?????]?????(Beast King General), ????[7,13]; ????[12,13]
[2026-06-14 02:30:56,987] ?????????1
[2026-06-14 02:30:56,987] >>>>???(?????) -> (Beast King General) ?????100, ?????100, ?????1, ??XP???false
[2026-06-14 02:30:56,987] ?????????(BUFF?)?hit:0,crit:0,critInjure:250,dodge:0,ignoreCrit:0,ignoreCritInjure:0,critBoss:250,critInjureBoss:0
[2026-06-14 02:30:56,987] ?????????(BUFF?)?hit:0,crit:0,critInjure:0,dodge:0,ignoreCrit:0,ignoreCritInjure:0,critBoss:0,critInjureBoss:0
[2026-06-14 02:30:56,987] ?????????(BUFF?)?hit:0,crit:0,critInjure:250,dodge:0,ignoreCrit:0,ignoreCritInjure:0,critBoss:250,critInjureBoss:0
[2026-06-14 02:30:56,987] ?????????(BUFF?)?hit:0,crit:0,critInjure:0,dodge:0,ignoreCrit:0,ignoreCritInjure:0,critBoss:0,critInjureBoss:0
[2026-06-14 02:30:56,987] ?????????(BUFF?)?maxPAtk:155688,maxPDef:88198,maxMDef:65660,ignorePDef:0,ignoreMDef:35063,injureAdd:100,injureIgnore:0,injureAddBoss:100
[2026-06-14 02:30:56,987] ?????????(BUFF?)?maxPAtk:7273,maxPDef:1390,maxMDef:1390,ignorePDef:0,ignoreMDef:0,injureAdd:0,injureIgnore:0,injureAddBoss:0
[2026-06-14 02:30:56,987] ?????????(BUFF?)?maxPAtk:155688,maxPDef:88198,maxMDef:65660,ignorePDef:0,ignoreMDef:35063,injureAdd:100,injureIgnore:0,injureAddBoss:100
[2026-06-14 02:30:56,987] ?????????(BUFF?)?maxPAtk:7273,maxPDef:1390,maxMDef:1390,ignorePDef:0,ignoreMDef:0,injureAdd:0,injureIgnore:0,injureAddBoss:0
[2026-06-14 02:30:56,987] ?????158901
[2026-06-14 02:30:56,987] ??????BUFF???158901
[2026-06-14 02:30:56,987] (Beast King General,58732f73-c77f-492b-80bd-53dc1e57f610) ???158901;????536099/695000
[2026-06-14 02:30:56,987] =========[?????]?????END??(Fireball)

[2026-06-14 02:30:57,151] (????) ???1200;????6949926/6949926

[2026-06-14 02:30:57,189] >>>>>[Beast King General]?????BEGIN??(Boss Melee Attack), ??=NormalATK, ???????, ?????4
[2026-06-14 02:30:57,189] >>>>>[Beast King General]?????(????), ????[12,13]; ????[10,12]
[2026-06-14 02:30:57,189] ?????????1
[2026-06-14 02:30:57,189] >>>>???(Beast King General) -> (????) ?????100, ?????0, ?????0, ??XP???false
[2026-06-14 02:30:57,189] ?????????(BUFF?)?hit:0,crit:0,critInjure:0,dodge:0,ignoreCrit:0,ignoreCritInjure:0,critBoss:0,critInjureBoss:0
[2026-06-14 02:30:57,189] ?????????(BUFF?)?hit:60,crit:288,critInjure:610,dodge:15,ignoreCrit:0,ignoreCritInjure:0,critBoss:250,critInjureBoss:0
[2026-06-14 02:30:57,189] ?????????(BUFF?)?hit:0,crit:0,critInjure:0,dodge:0,ignoreCrit:0,ignoreCritInjure:0,critBoss:0,critInjureBoss:0
[2026-06-14 02:30:57,189] ?????????(BUFF?)?hit:60,crit:288,critInjure:610,dodge:15,ignoreCrit:0,ignoreCritInjure:0,critBoss:250,critInjureBoss:0
[2026-06-14 02:30:57,189] ?????????(BUFF?)?maxPAtk:7273,maxPDef:1390,maxMDef:1390,ignorePDef:0,ignoreMDef:0,injureAdd:0,injureIgnore:0,injureAddBoss:0
[2026-06-14 02:30:57,189] ?????????(BUFF?)?maxPAtk:537036,maxPDef:320573,maxMDef:292686,ignorePDef:923,ignoreMDef:1836,injureAdd:0,injureIgnore:1000,injureAddBoss:100
[2026-06-14 02:30:57,189] ?????????(BUFF?)?maxPAtk:7273,maxPDef:1390,maxMDef:1390,ignorePDef:0,ignoreMDef:0,injureAdd:0,injureIgnore:0,injureAddBoss:0
[2026-06-14 02:30:57,189] ?????????(BUFF?)?maxPAtk:537036,maxPDef:320573,maxMDef:292686,ignorePDef:923,ignoreMDef:1836,injureAdd:0,injureIgnore:1000,injureAddBoss:100
[2026-06-14 02:30:57,189] ?????144
[2026-06-14 02:30:57,189] ??????BUFF???144
[2026-06-14 02:30:57,189] (????,d1806f2b-c67b-4e48-8e65-e94548e56e23) ???144;????6949782/6949926
[2026-06-14 02:30:57,189] =========[Beast King General]?????END??(Boss Melee Attack)


[2026-06-14 02:30:57,254] ????????[bd0d352c-abdf-4576-a426-08b6080bd21e]->[58732f73-c77f-492b-80bd-53dc1e57f610],?????[1201]
[2026-06-14 02:30:57,254] ??????????[Otherworld Elf Ruila,bd0d352c-abdf-4576-a426-08b6080bd21e]->[Beast King General,58732f73-c77f-492b-80bd-53dc1e57f610],?????[1201]

[2026-06-14 02:30:57,254] >>>>>[Otherworld Elf Ruila]?????BEGIN??(Fireball), ??=Single Target ATK, uses Magic's power to form a fireball, targeting Single target,deal|C:0x34E22C&T:100%+100|T:Magic Damage., ???Beast King General, ?????2
[2026-06-14 02:30:57,254] >>>>>[Otherworld Elf Ruila]?????(Beast King General), ????[7,13]; ????[12,13]
[2026-06-14 02:30:57,254] ?????????1
[2026-06-14 02:30:57,254] >>>>???(Otherworld Elf Ruila) -> (Beast King General) ?????100, ?????100, ?????1, ??XP???false
[2026-06-14 02:30:57,254] ?????????(BUFF?)?hit:0,crit:0,critInjure:250,dodge:0,ignoreCrit:0,ignoreCritInjure:0,critBoss:250,critInjureBoss:0
[2026-06-14 02:30:57,254] ?????????(BUFF?)?hit:0,crit:0,critInjure:0,dodge:0,ignoreCrit:0,ignoreCritInjure:0,critBoss:0,critInjureBoss:0
[2026-06-14 02:30:57,254] ?????????(BUFF?)?hit:0,crit:0,critInjure:250,dodge:0,ignoreCrit:0,ignoreCritInjure:0,critBoss:250,critInjureBoss:0
[2026-06-14 02:30:57,254] ?????????(BUFF?)?hit:0,crit:0,critInjure:0,dodge:0,ignoreCrit:0,ignoreCritInjure:0,critBoss:0,critInjureBoss:0
[2026-06-14 02:30:57,254] ?????????(BUFF?)?maxPAtk:109807,maxPDef:68309,maxMDef:37615,ignorePDef:0,ignoreMDef:6887,injureAdd:0,injureIgnore:0,injureAddBoss:100
[2026-06-14 02:30:57,254] ?????????(BUFF?)?maxPAtk:7273,maxPDef:1390,maxMDef:1390,ignorePDef:0,ignoreMDef:0,injureAdd:0,injureIgnore:0,injureAddBoss:0
[2026-06-14 02:30:57,254] ?????????(BUFF?)?maxPAtk:109807,maxPDef:68309,maxMDef:37615,ignorePDef:0,ignoreMDef:6887,injureAdd:0,injureIgnore:0,injureAddBoss:100
[2026-06-14 02:30:57,254] ?????????(BUFF?)?maxPAtk:7273,maxPDef:1390,maxMDef:1390,ignorePDef:0,ignoreMDef:0,injureAdd:0,injureIgnore:0,injureAddBoss:0
[2026-06-14 02:30:57,254] ?????111005
[2026-06-14 02:30:57,254] ??????BUFF???111005
[2026-06-14 02:30:57,254] (Beast King General,58732f73-c77f-492b-80bd-53dc1e57f610) ???111005;????425094/695000
[2026-06-14 02:30:57,254] =========[Otherworld Elf Ruila]?????END??(Fireball)


[2026-06-14 02:30:57,320] ????????[65b226f4-3d1c-4a60-838c-6aa6fda1c644]->[58732f73-c77f-492b-80bd-53dc1e57f610],?????[1201]
[2026-06-14 02:30:57,320] ??????????[?????,65b226f4-3d1c-4a60-838c-6aa6fda1c644]->[Beast King General,58732f73-c77f-492b-80bd-53dc1e57f610],?????[1201]

[2026-06-14 02:30:57,320] >>>>>[?????]?????BEGIN??(Fireball), ??=Single Target ATK, uses Magic's power to form a fireball, targeting Single target,deal|C:0x34E22C&T:100%+100|T:Magic Damage., ???Beast King General, ?????2
[2026-06-14 02:30:57,320] >>>>>[?????]?????(Beast King General), ????[7,13]; ????[12,13]
[2026-06-14 02:30:57,320] ?????????1
[2026-06-14 02:30:57,320] >>>>???(?????) -> (Beast King General) ?????100, ?????100, ?????1, ??XP???false
[2026-06-14 02:30:57,320] ?????????(BUFF?)?hit:0,crit:0,critInjure:250,dodge:0,ignoreCrit:0,ignoreCritInjure:0,critBoss:250,critInjureBoss:0
[2026-06-14 02:30:57,320] ?????????(BUFF?)?hit:0,crit:0,critInjure:0,dodge:0,ignoreCrit:0,ignoreCritInjure:0,critBoss:0,critInjureBoss:0
[2026-06-14 02:30:57,320] ?????????(BUFF?)?hit:0,crit:0,critInjure:250,dodge:0,ignoreCrit:0,ignoreCritInjure:0,critBoss:250,critInjureBoss:0
[2026-06-14 02:30:57,320] ?????????(BUFF?)?hit:0,crit:0,critInjure:0,dodge:0,ignoreCrit:0,ignoreCritInjure:0,critBoss:0,critInjureBoss:0
[2026-06-14 02:30:57,320] ?????????(BUFF?)?maxPAtk:109532,maxPDef:64692,maxMDef:38977,ignorePDef:0,ignoreMDef:5809,injureAdd:0,injureIgnore:0,injureAddBoss:100
[2026-06-14 02:30:57,320] ?????????(BUFF?)?maxPAtk:7273,maxPDef:1390,maxMDef:1390,ignorePDef:0,ignoreMDef:0,injureAdd:0,injureIgnore:0,injureAddBoss:0
[2026-06-14 02:30:57,320] ?????????(BUFF?)?maxPAtk:109532,maxPDef:64692,maxMDef:38977,ignorePDef:0,ignoreMDef:5809,injureAdd:0,injureIgnore:0,injureAddBoss:100
[2026-06-14 02:30:57,320] ?????????(BUFF?)?maxPAtk:7273,maxPDef:1390,maxMDef:1390,ignorePDef:0,ignoreMDef:0,injureAdd:0,injureIgnore:0,injureAddBoss:0
[2026-06-14 02:30:57,320] ?????110727
[2026-06-14 02:30:57,320] ??????BUFF???110727
[2026-06-14 02:30:57,320] (Beast King General,58732f73-c77f-492b-80bd-53dc1e57f610) ???110727;????314367/695000
[2026-06-14 02:30:57,320] =========[?????]?????END??(Fireball)


[2026-06-14 02:30:57,887] ????????[ebc35acd-9d47-43c8-b6d6-2e231c80d600]->[58732f73-c77f-492b-80bd-53dc1e57f610],?????[1201]
[2026-06-14 02:30:57,887] ??????????[?????,ebc35acd-9d47-43c8-b6d6-2e231c80d600]->[Beast King General,58732f73-c77f-492b-80bd-53dc1e57f610],?????[1201]

[2026-06-14 02:30:57,887] >>>>>[?????]?????BEGIN??(Fireball), ??=Single Target ATK, uses Magic's power to form a fireball, targeting Single target,deal|C:0x34E22C&T:100%+100|T:Magic Damage., ???Beast King General, ?????2
[2026-06-14 02:30:57,887] >>>>>[?????]?????(Beast King General), ????[7,13]; ????[12,13]
[2026-06-14 02:30:57,887] ?????????1
[2026-06-14 02:30:57,887] >>>>???(?????) -> (Beast King General) ?????100, ?????100, ?????1, ??XP???false
[2026-06-14 02:30:57,887] ?????????(BUFF?)?hit:0,crit:0,critInjure:250,dodge:0,ignoreCrit:0,ignoreCritInjure:0,critBoss:250,critInjureBoss:0
[2026-06-14 02:30:57,887] ?????????(BUFF?)?hit:0,crit:0,critInjure:0,dodge:0,ignoreCrit:0,ignoreCritInjure:0,critBoss:0,critInjureBoss:0
[2026-06-14 02:30:57,887] ?????????(BUFF?)?hit:0,crit:0,critInjure:250,dodge:0,ignoreCrit:0,ignoreCritInjure:0,critBoss:250,critInjureBoss:0
[2026-06-14 02:30:57,887] ?????????(BUFF?)?hit:0,crit:0,critInjure:0,dodge:0,ignoreCrit:0,ignoreCritInjure:0,critBoss:0,critInjureBoss:0
[2026-06-14 02:30:57,887] ?????????(BUFF?)?maxPAtk:155688,maxPDef:88198,maxMDef:65660,ignorePDef:0,ignoreMDef:35063,injureAdd:100,injureIgnore:0,injureAddBoss:100
[2026-06-14 02:30:57,887] ?????????(BUFF?)?maxPAtk:7273,maxPDef:1390,maxMDef:1390,ignorePDef:0,ignoreMDef:0,injureAdd:0,injureIgnore:0,injureAddBoss:0
[2026-06-14 02:30:57,887] ?????????(BUFF?)?maxPAtk:155688,maxPDef:88198,maxMDef:65660,ignorePDef:0,ignoreMDef:35063,injureAdd:100,injureIgnore:0,injureAddBoss:100
[2026-06-14 02:30:57,887] ?????????(BUFF?)?maxPAtk:7273,maxPDef:1390,maxMDef:1390,ignorePDef:0,ignoreMDef:0,injureAdd:0,injureIgnore:0,injureAddBoss:0
[2026-06-14 02:30:57,887] ?????158901
[2026-06-14 02:30:57,887] ??????BUFF???158901
[2026-06-14 02:30:57,887] (Beast King General,58732f73-c77f-492b-80bd-53dc1e57f610) ???158901;????155466/695000
[2026-06-14 02:30:57,887] =========[?????]?????END??(Fireball)


[2026-06-14 02:30:57,922] ????????[d1806f2b-c67b-4e48-8e65-e94548e56e23]->[58732f73-c77f-492b-80bd-53dc1e57f610],?????[7]
[2026-06-14 02:30:57,922] ??????????[????,d1806f2b-c67b-4e48-8e65-e94548e56e23]->[Beast King General,58732f73-c77f-492b-80bd-53dc1e57f610],?????[7]

[2026-06-14 02:30:57,922] >>>>>[????]?????BEGIN??(Thunder Blast), ??=Single Target ATK, targets Ranged Single target, dealing|C:0x34E22C&T:100%+{0}|T:Magic Damage, ???Beast King General, ?????2
[2026-06-14 02:30:57,922] >>>>>[????]?????(Beast King General), ????[10,12]; ????[12,13]
[2026-06-14 02:30:57,922] ?????????1
[2026-06-14 02:30:57,922] >>>>???(????) -> (Beast King General) ?????100, ?????8100, ?????1, ??XP???false
[2026-06-14 02:30:57,922] ?????????(BUFF?)?hit:60,crit:288,critInjure:610,dodge:15,ignoreCrit:0,ignoreCritInjure:0,critBoss:250,critInjureBoss:0
[2026-06-14 02:30:57,922] ?????????(BUFF?)?hit:0,crit:0,critInjure:0,dodge:0,ignoreCrit:0,ignoreCritInjure:0,critBoss:0,critInjureBoss:0
[2026-06-14 02:30:57,922] ?????????(BUFF?)?hit:60,crit:288,critInjure:610,dodge:15,ignoreCrit:0,ignoreCritInjure:0,critBoss:250,critInjureBoss:0
[2026-06-14 02:30:57,922] ?????????(BUFF?)?hit:0,crit:0,critInjure:0,dodge:0,ignoreCrit:0,ignoreCritInjure:0,critBoss:0,critInjureBoss:0
[2026-06-14 02:30:57,922] ?????????(BUFF?)?maxPAtk:537036,maxPDef:320573,maxMDef:292686,ignorePDef:923,ignoreMDef:1836,injureAdd:0,injureIgnore:1000,injureAddBoss:100
[2026-06-14 02:30:57,922] ?????????(BUFF?)?maxPAtk:7273,maxPDef:1390,maxMDef:1390,ignorePDef:0,ignoreMDef:0,injureAdd:0,injureIgnore:0,injureAddBoss:0
[2026-06-14 02:30:57,922] ?????????(BUFF?)?maxPAtk:537036,maxPDef:320573,maxMDef:292686,ignorePDef:923,ignoreMDef:1836,injureAdd:0,injureIgnore:1000,injureAddBoss:100
[2026-06-14 02:30:57,922] ?????????(BUFF?)?maxPAtk:7273,maxPDef:1390,maxMDef:1390,ignorePDef:0,ignoreMDef:0,injureAdd:0,injureIgnore:0,injureAddBoss:0
[2026-06-14 02:30:57,922] ?????550506
[2026-06-14 02:30:57,922] ??????BUFF???550506
[2026-06-14 02:30:57,922] (Beast King General,58732f73-c77f-492b-80bd-53dc1e57f610) ???550506;????0/695000
[2026-06-14 02:30:57,922] ???(????,d1806f2b-c67b-4e48-8e65-e94548e56e23) ??????: objectId=58732f73-c77f-492b-80bd-53dc1e57f610,status=0
[2026-06-14 02:30:57,924] (Beast King General,58732f73-c77f-492b-80bd-53dc1e57f610) ?????1781375457924
[2026-06-14 02:30:57,924] [????]???????(Chase Strike), ??=2000, buffStr=402011, ???????
[2026-06-14 02:30:57,924] [????]??BUFF?(Chase Strike[9008]), ????=0, ??=5000
[2026-06-14 02:30:57,924] [????]??BUFF?(Chase Strike), ??=deals an extra hit to target for|C:0x34E22C&T:50%|T:ATK damage, ?????0
[2026-06-14 02:30:57,924] =========[????]?????END??(Thunder Blast)

