[2026-06-14 02:30:10,370] ?Dark Scotti?????????????
[2026-06-14 02:30:10,370] [????]??BUFF?(Giant Rock Holy Shield[3201])
[2026-06-14 02:30:10,370] (????) ???1200;????6949926/6949926

[2026-06-14 02:30:10,374] >>>>>[Dark Scotti]?????BEGIN??(Boss Ranged Attack), ??=NormalATK, ???????, ?????6
[2026-06-14 02:30:10,374] >>>>>[Dark Scotti]?????(????), ????[13,13]; ????[7,13]
[2026-06-14 02:30:10,374] ?????????1
[2026-06-14 02:30:10,374] >>>>???(Dark Scotti) -> (????) ?????100, ?????0, ?????1, ??XP???false
[2026-06-14 02:30:10,374] ?????????(BUFF?)?hit:0,crit:0,critInjure:0,dodge:0,ignoreCrit:0,ignoreCritInjure:0,critBoss:0,critInjureBoss:0
[2026-06-14 02:30:10,374] ?????????(BUFF?)?hit:60,crit:288,critInjure:610,dodge:15,ignoreCrit:0,ignoreCritInjure:0,critBoss:250,critInjureBoss:0
[2026-06-14 02:30:10,374] ?????????(BUFF?)?hit:0,crit:0,critInjure:0,dodge:0,ignoreCrit:0,ignoreCritInjure:0,critBoss:0,critInjureBoss:0
[2026-06-14 02:30:10,374] ?????????(BUFF?)?hit:60,crit:288,critInjure:610,dodge:15,ignoreCrit:0,ignoreCritInjure:0,critBoss:250,critInjureBoss:0
[2026-06-14 02:30:10,374] ?????????(BUFF?)?maxPAtk:7164,maxPDef:1362,maxMDef:1362,ignorePDef:0,ignoreMDef:0,injureAdd:0,injureIgnore:0,injureAddBoss:0
[2026-06-14 02:30:10,374] ?????????(BUFF?)?maxPAtk:537036,maxPDef:320573,maxMDef:292686,ignorePDef:923,ignoreMDef:1836,injureAdd:0,injureIgnore:1000,injureAddBoss:100
[2026-06-14 02:30:10,374] ?????????(BUFF?)?maxPAtk:7164,maxPDef:1362,maxMDef:1362,ignorePDef:0,ignoreMDef:0,injureAdd:0,injureIgnore:0,injureAddBoss:0
[2026-06-14 02:30:10,374] ?????????(BUFF?)?maxPAtk:537036,maxPDef:320573,maxMDef:292686,ignorePDef:923,ignoreMDef:1836,injureAdd:0,injureIgnore:1000,injureAddBoss:100
[2026-06-14 02:30:10,374] ?????153
[2026-06-14 02:30:10,374] ??????BUFF???153
[2026-06-14 02:30:10,374] (????,d1806f2b-c67b-4e48-8e65-e94548e56e23) ???153;????6949773/6949926
[2026-06-14 02:30:10,374] =========[Dark Scotti]?????END??(Boss Ranged Attack)


[2026-06-14 02:30:11,205] ????????[d1806f2b-c67b-4e48-8e65-e94548e56e23]->[f2801e23-07be-48f5-bee9-0862adba6329],?????[9]
[2026-06-14 02:30:11,205] ??????????[????,d1806f2b-c67b-4e48-8e65-e94548e56e23]->[Dark Scotti,f2801e23-07be-48f5-bee9-0862adba6329],?????[9]

[2026-06-14 02:30:11,205] >>>>>[????]?????BEGIN??(Giant Rock Holy Shield), ??=Support Skill, applies Shield Reduction of|C:0x34E22C&T:20%|T: damage value, for|C:0x34E22C&T:5|T:s, upon breaking, targets surrounding enemies, dealing|C:0x34E22C&T:120%+{0}|T:Magic Damage, ???????, ?????0
[2026-06-14 02:30:11,205] [????]??BUFF?(Giant Rock Holy Shield[3201]), ????=5000, ??=2000
[2026-06-14 02:30:11,205] [????]?????1389985
[2026-06-14 02:30:11,205] =========[????]???????????(Giant Rock Holy Shield)

[2026-06-14 02:30:11,306] ????????[????],posX=8,posY=13
[2026-06-14 02:30:11,370] (????) ???1200;????6949926/6949926

[2026-06-14 02:30:11,376] >>>>>[Dark Scotti]?????BEGIN??(Boss Ranged Attack), ??=NormalATK, ???????, ?????6
[2026-06-14 02:30:11,376] >>>>>[Dark Scotti]?????(????), ????[13,13]; ????[8,13]
[2026-06-14 02:30:11,376] ?????????1
[2026-06-14 02:30:11,376] >>>>???(Dark Scotti) -> (????) ?????100, ?????0, ?????1, ??XP???false
[2026-06-14 02:30:11,376] ?????????(BUFF?)?hit:0,crit:0,critInjure:0,dodge:0,ignoreCrit:0,ignoreCritInjure:0,critBoss:0,critInjureBoss:0
[2026-06-14 02:30:11,376] ?????????(BUFF?)?hit:60,crit:288,critInjure:610,dodge:15,ignoreCrit:0,ignoreCritInjure:0,critBoss:250,critInjureBoss:0
[2026-06-14 02:30:11,376] ?????????(BUFF?)?hit:0,crit:0,critInjure:0,dodge:0,ignoreCrit:0,ignoreCritInjure:0,critBoss:0,critInjureBoss:0
[2026-06-14 02:30:11,376] ?????????(BUFF?)?hit:60,crit:288,critInjure:610,dodge:15,ignoreCrit:0,ignoreCritInjure:0,critBoss:250,critInjureBoss:0
[2026-06-14 02:30:11,376] ?????????(BUFF?)?maxPAtk:7164,maxPDef:1362,maxMDef:1362,ignorePDef:0,ignoreMDef:0,injureAdd:0,injureIgnore:0,injureAddBoss:0
[2026-06-14 02:30:11,376] ?????????(BUFF?)?maxPAtk:537036,maxPDef:320573,maxMDef:292686,ignorePDef:923,ignoreMDef:1836,injureAdd:0,injureIgnore:1000,injureAddBoss:100
[2026-06-14 02:30:11,376] [????]???????(Phantom), ??=500, buffStr=603011, ???????
[2026-06-14 02:30:11,376] [????]??BUFF?(Phantom[2101]), ????=3000, ??=4000
[2026-06-14 02:30:11,376] ?????????(BUFF?)?maxPAtk:7164,maxPDef:1362,maxMDef:1362,ignorePDef:0,ignoreMDef:0,injureAdd:0,injureIgnore:0,injureAddBoss:0
[2026-06-14 02:30:11,376] ?????????(BUFF?)?maxPAtk:537036,maxPDef:320573,maxMDef:292686,ignorePDef:923,ignoreMDef:1836,injureAdd:0,injureIgnore:1000,injureAddBoss:100
[2026-06-14 02:30:11,376] ?????153
[2026-06-14 02:30:11,376] ??????BUFF???153
[2026-06-14 02:30:11,376] [????]??BUFF?(Giant Rock Holy Shield), ??=Absorb Max HP|C:0x34E22C&T:20%|T:damage, ?????4829
[2026-06-14 02:30:11,376] [????]?????153, ?????1389832
[2026-06-14 02:30:11,376] (????,d1806f2b-c67b-4e48-8e65-e94548e56e23) ???0;????6949926/6949926
[2026-06-14 02:30:11,376] =========[Dark Scotti]?????END??(Boss Ranged Attack)


[2026-06-14 02:30:11,472] ????????[ebc35acd-9d47-43c8-b6d6-2e231c80d600]->[f2801e23-07be-48f5-bee9-0862adba6329],?????[1201]
[2026-06-14 02:30:11,472] ??????????[?????,ebc35acd-9d47-43c8-b6d6-2e231c80d600]->[Dark Scotti,f2801e23-07be-48f5-bee9-0862adba6329],?????[1201]

[2026-06-14 02:30:11,472] >>>>>[?????]?????BEGIN??(Fireball), ??=Single Target ATK, uses Magic's power to form a fireball, targeting Single target,deal|C:0x34E22C&T:100%+100|T:Magic Damage., ???Dark Scotti, ?????2
[2026-06-14 02:30:11,472] >>>>>[?????]?????(Dark Scotti), ????[7,13]; ????[13,13]
[2026-06-14 02:30:11,472] ?????????1
[2026-06-14 02:30:11,472] >>>>???(?????) -> (Dark Scotti) ?????100, ?????100, ?????1, ??XP???false
[2026-06-14 02:30:11,472] ?????????(BUFF?)?hit:0,crit:0,critInjure:250,dodge:0,ignoreCrit:0,ignoreCritInjure:0,critBoss:250,critInjureBoss:0
[2026-06-14 02:30:11,472] ?????????(BUFF?)?hit:0,crit:0,critInjure:0,dodge:0,ignoreCrit:0,ignoreCritInjure:0,critBoss:0,critInjureBoss:0
[2026-06-14 02:30:11,472] ?????????(BUFF?)?hit:0,crit:0,critInjure:250,dodge:0,ignoreCrit:0,ignoreCritInjure:0,critBoss:250,critInjureBoss:0
[2026-06-14 02:30:11,472] ?????????(BUFF?)?hit:0,crit:0,critInjure:0,dodge:0,ignoreCrit:0,ignoreCritInjure:0,critBoss:0,critInjureBoss:0
[2026-06-14 02:30:11,472] ?????????(BUFF?)?maxPAtk:155688,maxPDef:88198,maxMDef:65660,ignorePDef:0,ignoreMDef:35063,injureAdd:100,injureIgnore:0,injureAddBoss:100
[2026-06-14 02:30:11,472] ?????????(BUFF?)?maxPAtk:7164,maxPDef:1362,maxMDef:1362,ignorePDef:0,ignoreMDef:0,injureAdd:0,injureIgnore:0,injureAddBoss:0
[2026-06-14 02:30:11,472] ?????????(BUFF?)?maxPAtk:155688,maxPDef:88198,maxMDef:65660,ignorePDef:0,ignoreMDef:35063,injureAdd:100,injureIgnore:0,injureAddBoss:100
[2026-06-14 02:30:11,472] ?????????(BUFF?)?maxPAtk:7164,maxPDef:1362,maxMDef:1362,ignorePDef:0,ignoreMDef:0,injureAdd:0,injureIgnore:0,injureAddBoss:0
[2026-06-14 02:30:11,472] ?????158901
[2026-06-14 02:30:11,472] ??????BUFF???158901
[2026-06-14 02:30:11,472] (Dark Scotti,f2801e23-07be-48f5-bee9-0862adba6329) ???158901;????522099/681000
[2026-06-14 02:30:11,472] =========[?????]?????END??(Fireball)

[2026-06-14 02:30:11,638] ????????[????],posX=9,posY=13

[2026-06-14 02:30:11,805] ????????[65b226f4-3d1c-4a60-838c-6aa6fda1c644]->[f2801e23-07be-48f5-bee9-0862adba6329],?????[1201]
[2026-06-14 02:30:11,805] ??????????[?????,65b226f4-3d1c-4a60-838c-6aa6fda1c644]->[Dark Scotti,f2801e23-07be-48f5-bee9-0862adba6329],?????[1201]

[2026-06-14 02:30:11,805] >>>>>[?????]?????BEGIN??(Fireball), ??=Single Target ATK, uses Magic's power to form a fireball, targeting Single target,deal|C:0x34E22C&T:100%+100|T:Magic Damage., ???Dark Scotti, ?????2
[2026-06-14 02:30:11,805] >>>>>[?????]?????(Dark Scotti), ????[7,13]; ????[13,13]
[2026-06-14 02:30:11,805] ?????????1
[2026-06-14 02:30:11,805] >>>>???(?????) -> (Dark Scotti) ?????100, ?????100, ?????1, ??XP???false
[2026-06-14 02:30:11,805] ?????????(BUFF?)?hit:0,crit:0,critInjure:250,dodge:0,ignoreCrit:0,ignoreCritInjure:0,critBoss:250,critInjureBoss:0
[2026-06-14 02:30:11,805] ?????????(BUFF?)?hit:0,crit:0,critInjure:0,dodge:0,ignoreCrit:0,ignoreCritInjure:0,critBoss:0,critInjureBoss:0
[2026-06-14 02:30:11,805] ?????????(BUFF?)?hit:0,crit:0,critInjure:250,dodge:0,ignoreCrit:0,ignoreCritInjure:0,critBoss:250,critInjureBoss:0
[2026-06-14 02:30:11,805] ?????????(BUFF?)?hit:0,crit:0,critInjure:0,dodge:0,ignoreCrit:0,ignoreCritInjure:0,critBoss:0,critInjureBoss:0
[2026-06-14 02:30:11,805] ?????????(BUFF?)?maxPAtk:109532,maxPDef:64692,maxMDef:38977,ignorePDef:0,ignoreMDef:5809,injureAdd:0,injureIgnore:0,injureAddBoss:100
[2026-06-14 02:30:11,805] ?????????(BUFF?)?maxPAtk:7164,maxPDef:1362,maxMDef:1362,ignorePDef:0,ignoreMDef:0,injureAdd:0,injureIgnore:0,injureAddBoss:0
[2026-06-14 02:30:11,805] ?????????(BUFF?)?maxPAtk:109532,maxPDef:64692,maxMDef:38977,ignorePDef:0,ignoreMDef:5809,injureAdd:0,injureIgnore:0,injureAddBoss:100
[2026-06-14 02:30:11,805] ?????????(BUFF?)?maxPAtk:7164,maxPDef:1362,maxMDef:1362,ignorePDef:0,ignoreMDef:0,injureAdd:0,injureIgnore:0,injureAddBoss:0
[2026-06-14 02:30:11,805] ?????110727
[2026-06-14 02:30:11,805] ??????BUFF???110727
[2026-06-14 02:30:11,805] (Dark Scotti,f2801e23-07be-48f5-bee9-0862adba6329) ???110727;????411372/681000
[2026-06-14 02:30:11,805] =========[?????]?????END??(Fireball)


[2026-06-14 02:30:11,805] ????????[bd0d352c-abdf-4576-a426-08b6080bd21e]->[f2801e23-07be-48f5-bee9-0862adba6329],?????[1201]
[2026-06-14 02:30:11,805] ??????????[Otherworld Elf Ruila,bd0d352c-abdf-4576-a426-08b6080bd21e]->[Dark Scotti,f2801e23-07be-48f5-bee9-0862adba6329],?????[1201]

[2026-06-14 02:30:11,805] >>>>>[Otherworld Elf Ruila]?????BEGIN??(Fireball), ??=Single Target ATK, uses Magic's power to form a fireball, targeting Single target,deal|C:0x34E22C&T:100%+100|T:Magic Damage., ???Dark Scotti, ?????2
[2026-06-14 02:30:11,805] >>>>>[Otherworld Elf Ruila]?????(Dark Scotti), ????[7,13]; ????[13,13]
[2026-06-14 02:30:11,805] ?????????1
[2026-06-14 02:30:11,805] >>>>???(Otherworld Elf Ruila) -> (Dark Scotti) ?????100, ?????100, ?????1, ??XP???false
[2026-06-14 02:30:11,805] ?????????(BUFF?)?hit:0,crit:0,critInjure:250,dodge:0,ignoreCrit:0,ignoreCritInjure:0,critBoss:250,critInjureBoss:0
[2026-06-14 02:30:11,805] ?????????(BUFF?)?hit:0,crit:0,critInjure:0,dodge:0,ignoreCrit:0,ignoreCritInjure:0,critBoss:0,critInjureBoss:0
[2026-06-14 02:30:11,805] ?????????(BUFF?)?hit:0,crit:0,critInjure:250,dodge:0,ignoreCrit:0,ignoreCritInjure:0,critBoss:250,critInjureBoss:0
[2026-06-14 02:30:11,805] ?????????(BUFF?)?hit:0,crit:0,critInjure:0,dodge:0,ignoreCrit:0,ignoreCritInjure:0,critBoss:0,critInjureBoss:0
[2026-06-14 02:30:11,805] ?????????(BUFF?)?maxPAtk:109807,maxPDef:68309,maxMDef:37615,ignorePDef:0,ignoreMDef:6887,injureAdd:0,injureIgnore:0,injureAddBoss:100
[2026-06-14 02:30:11,805] ?????????(BUFF?)?maxPAtk:7164,maxPDef:1362,maxMDef:1362,ignorePDef:0,ignoreMDef:0,injureAdd:0,injureIgnore:0,injureAddBoss:0
[2026-06-14 02:30:11,805] ?????????(BUFF?)?maxPAtk:109807,maxPDef:68309,maxMDef:37615,ignorePDef:0,ignoreMDef:6887,injureAdd:0,injureIgnore:0,injureAddBoss:100
[2026-06-14 02:30:11,805] ?????????(BUFF?)?maxPAtk:7164,maxPDef:1362,maxMDef:1362,ignorePDef:0,ignoreMDef:0,injureAdd:0,injureIgnore:0,injureAddBoss:0
[2026-06-14 02:30:11,805] ?????111005
[2026-06-14 02:30:11,805] ??????BUFF???111005
[2026-06-14 02:30:11,805] (Dark Scotti,f2801e23-07be-48f5-bee9-0862adba6329) ???111005;????300367/681000
[2026-06-14 02:30:11,806] =========[Otherworld Elf Ruila]?????END??(Fireball)

[2026-06-14 02:30:11,971] ????????[????],posX=10,posY=12
[2026-06-14 02:30:12,338] ????????[????],posX=11,posY=12
[2026-06-14 02:30:12,370] (????) ???1200;????6949926/6949926

[2026-06-14 02:30:12,372] ????????[ebc35acd-9d47-43c8-b6d6-2e231c80d600]->[f2801e23-07be-48f5-bee9-0862adba6329],?????[1201]
[2026-06-14 02:30:12,372] ??????????[?????,ebc35acd-9d47-43c8-b6d6-2e231c80d600]->[Dark Scotti,f2801e23-07be-48f5-bee9-0862adba6329],?????[1201]

[2026-06-14 02:30:12,372] >>>>>[?????]?????BEGIN??(Fireball), ??=Single Target ATK, uses Magic's power to form a fireball, targeting Single target,deal|C:0x34E22C&T:100%+100|T:Magic Damage., ???Dark Scotti, ?????2
[2026-06-14 02:30:12,372] >>>>>[?????]?????(Dark Scotti), ????[7,13]; ????[13,13]
[2026-06-14 02:30:12,372] ?????????1
[2026-06-14 02:30:12,372] >>>>???(?????) -> (Dark Scotti) ?????100, ?????100, ?????1, ??XP???false
[2026-06-14 02:30:12,372] ?????????(BUFF?)?hit:0,crit:0,critInjure:250,dodge:0,ignoreCrit:0,ignoreCritInjure:0,critBoss:250,critInjureBoss:0
[2026-06-14 02:30:12,372] ?????????(BUFF?)?hit:0,crit:0,critInjure:0,dodge:0,ignoreCrit:0,ignoreCritInjure:0,critBoss:0,critInjureBoss:0
[2026-06-14 02:30:12,372] ?????????(BUFF?)?hit:0,crit:0,critInjure:250,dodge:0,ignoreCrit:0,ignoreCritInjure:0,critBoss:250,critInjureBoss:0
[2026-06-14 02:30:12,372] ?????????(BUFF?)?hit:0,crit:0,critInjure:0,dodge:0,ignoreCrit:0,ignoreCritInjure:0,critBoss:0,critInjureBoss:0
[2026-06-14 02:30:12,372] ?????????(BUFF?)?maxPAtk:155688,maxPDef:88198,maxMDef:65660,ignorePDef:0,ignoreMDef:35063,injureAdd:100,injureIgnore:0,injureAddBoss:100
[2026-06-14 02:30:12,372] ?????????(BUFF?)?maxPAtk:7164,maxPDef:1362,maxMDef:1362,ignorePDef:0,ignoreMDef:0,injureAdd:0,injureIgnore:0,injureAddBoss:0
[2026-06-14 02:30:12,372] ?????????(BUFF?)?maxPAtk:155688,maxPDef:88198,maxMDef:65660,ignorePDef:0,ignoreMDef:35063,injureAdd:100,injureIgnore:0,injureAddBoss:100
[2026-06-14 02:30:12,372] ?????????(BUFF?)?maxPAtk:7164,maxPDef:1362,maxMDef:1362,ignorePDef:0,ignoreMDef:0,injureAdd:0,injureIgnore:0,injureAddBoss:0
[2026-06-14 02:30:12,372] ?????158901
[2026-06-14 02:30:12,372] ??????BUFF???158901
[2026-06-14 02:30:12,372] (Dark Scotti,f2801e23-07be-48f5-bee9-0862adba6329) ???158901;????141466/681000
[2026-06-14 02:30:12,372] =========[?????]?????END??(Fireball)


[2026-06-14 02:30:12,378] >>>>>[Dark Scotti]?????BEGIN??(Boss Ranged Attack), ??=NormalATK, ???????, ?????6
[2026-06-14 02:30:12,378] >>>>>[Dark Scotti]?????(????), ????[13,13]; ????[11,12]
[2026-06-14 02:30:12,378] ?????????1
[2026-06-14 02:30:12,378] >>>>???(Dark Scotti) -> (????) ?????100, ?????0, ?????1, ??XP???false
[2026-06-14 02:30:12,378] ?????????(BUFF?)?hit:0,crit:0,critInjure:0,dodge:0,ignoreCrit:0,ignoreCritInjure:0,critBoss:0,critInjureBoss:0
[2026-06-14 02:30:12,378] ?????????(BUFF?)?hit:60,crit:288,critInjure:610,dodge:15,ignoreCrit:0,ignoreCritInjure:0,critBoss:250,critInjureBoss:0
[2026-06-14 02:30:12,378] [????]??BUFF?(Phantom), ??=increasesselfDodge Rateimproves |C:0x34E22C&T:40%|T:, for|C:0x34E22C&T:3|T:s, ?????1998
[2026-06-14 02:30:12,378] ?????????(BUFF?)?hit:0,crit:0,critInjure:0,dodge:0,ignoreCrit:0,ignoreCritInjure:0,critBoss:0,critInjureBoss:0
[2026-06-14 02:30:12,378] ?????????(BUFF?)?hit:60,crit:288,critInjure:610,dodge:4015,ignoreCrit:0,ignoreCritInjure:0,critBoss:250,critInjureBoss:0
[2026-06-14 02:30:12,378] ??~~
[2026-06-14 02:30:12,378] =========[Dark Scotti]?????END??(Boss Ranged Attack)


[2026-06-14 02:30:12,705] ????????[65b226f4-3d1c-4a60-838c-6aa6fda1c644]->[f2801e23-07be-48f5-bee9-0862adba6329],?????[1201]
[2026-06-14 02:30:12,705] ??????????[?????,65b226f4-3d1c-4a60-838c-6aa6fda1c644]->[Dark Scotti,f2801e23-07be-48f5-bee9-0862adba6329],?????[1201]

[2026-06-14 02:30:12,705] >>>>>[?????]?????BEGIN??(Fireball), ??=Single Target ATK, uses Magic's power to form a fireball, targeting Single target,deal|C:0x34E22C&T:100%+100|T:Magic Damage., ???Dark Scotti, ?????2
[2026-06-14 02:30:12,705] >>>>>[?????]?????(Dark Scotti), ????[7,13]; ????[13,13]
[2026-06-14 02:30:12,705] ?????????1
[2026-06-14 02:30:12,705] >>>>???(?????) -> (Dark Scotti) ?????100, ?????100, ?????1, ??XP???false
[2026-06-14 02:30:12,705] ?????????(BUFF?)?hit:0,crit:0,critInjure:250,dodge:0,ignoreCrit:0,ignoreCritInjure:0,critBoss:250,critInjureBoss:0
[2026-06-14 02:30:12,705] ?????????(BUFF?)?hit:0,crit:0,critInjure:0,dodge:0,ignoreCrit:0,ignoreCritInjure:0,critBoss:0,critInjureBoss:0
[2026-06-14 02:30:12,705] ?????????(BUFF?)?hit:0,crit:0,critInjure:250,dodge:0,ignoreCrit:0,ignoreCritInjure:0,critBoss:250,critInjureBoss:0
[2026-06-14 02:30:12,705] ?????????(BUFF?)?hit:0,crit:0,critInjure:0,dodge:0,ignoreCrit:0,ignoreCritInjure:0,critBoss:0,critInjureBoss:0
[2026-06-14 02:30:12,705] ?????????(BUFF?)?maxPAtk:109532,maxPDef:64692,maxMDef:38977,ignorePDef:0,ignoreMDef:5809,injureAdd:0,injureIgnore:0,injureAddBoss:100
[2026-06-14 02:30:12,705] ?????????(BUFF?)?maxPAtk:7164,maxPDef:1362,maxMDef:1362,ignorePDef:0,ignoreMDef:0,injureAdd:0,injureIgnore:0,injureAddBoss:0
[2026-06-14 02:30:12,705] ?????????(BUFF?)?maxPAtk:109532,maxPDef:64692,maxMDef:38977,ignorePDef:0,ignoreMDef:5809,injureAdd:0,injureIgnore:0,injureAddBoss:100
[2026-06-14 02:30:12,705] ?????????(BUFF?)?maxPAtk:7164,maxPDef:1362,maxMDef:1362,ignorePDef:0,ignoreMDef:0,injureAdd:0,injureIgnore:0,injureAddBoss:0
[2026-06-14 02:30:12,705] ?????110727
[2026-06-14 02:30:12,705] ??????BUFF???110727
[2026-06-14 02:30:12,705] (Dark Scotti,f2801e23-07be-48f5-bee9-0862adba6329) ???110727;????30739/681000
[2026-06-14 02:30:12,705] =========[?????]?????END??(Fireball)


[2026-06-14 02:30:12,705] ????????[bd0d352c-abdf-4576-a426-08b6080bd21e]->[f2801e23-07be-48f5-bee9-0862adba6329],?????[1201]
[2026-06-14 02:30:12,705] ??????????[Otherworld Elf Ruila,bd0d352c-abdf-4576-a426-08b6080bd21e]->[Dark Scotti,f2801e23-07be-48f5-bee9-0862adba6329],?????[1201]

[2026-06-14 02:30:12,705] >>>>>[Otherworld Elf Ruila]?????BEGIN??(Fireball), ??=Single Target ATK, uses Magic's power to form a fireball, targeting Single target,deal|C:0x34E22C&T:100%+100|T:Magic Damage., ???Dark Scotti, ?????2
[2026-06-14 02:30:12,705] >>>>>[Otherworld Elf Ruila]?????(Dark Scotti), ????[7,13]; ????[13,13]
[2026-06-14 02:30:12,705] ?????????1
[2026-06-14 02:30:12,705] >>>>???(Otherworld Elf Ruila) -> (Dark Scotti) ?????100, ?????100, ?????1, ??XP???false
[2026-06-14 02:30:12,705] ?????????(BUFF?)?hit:0,crit:0,critInjure:250,dodge:0,ignoreCrit:0,ignoreCritInjure:0,critBoss:250,critInjureBoss:0
[2026-06-14 02:30:12,705] ?????????(BUFF?)?hit:0,crit:0,critInjure:0,dodge:0,ignoreCrit:0,ignoreCritInjure:0,critBoss:0,critInjureBoss:0
[2026-06-14 02:30:12,705] ?????????(BUFF?)?hit:0,crit:0,critInjure:250,dodge:0,ignoreCrit:0,ignoreCritInjure:0,critBoss:250,critInjureBoss:0
[2026-06-14 02:30:12,705] ?????????(BUFF?)?hit:0,crit:0,critInjure:0,dodge:0,ignoreCrit:0,ignoreCritInjure:0,critBoss:0,critInjureBoss:0
[2026-06-14 02:30:12,705] ?????????(BUFF?)?maxPAtk:109807,maxPDef:68309,maxMDef:37615,ignorePDef:0,ignoreMDef:6887,injureAdd:0,injureIgnore:0,injureAddBoss:100
[2026-06-14 02:30:12,705] ?????????(BUFF?)?maxPAtk:7164,maxPDef:1362,maxMDef:1362,ignorePDef:0,ignoreMDef:0,injureAdd:0,injureIgnore:0,injureAddBoss:0
[2026-06-14 02:30:12,705] ?????????(BUFF?)?maxPAtk:109807,maxPDef:68309,maxMDef:37615,ignorePDef:0,ignoreMDef:6887,injureAdd:0,injureIgnore:0,injureAddBoss:100
[2026-06-14 02:30:12,705] ?????????(BUFF?)?maxPAtk:7164,maxPDef:1362,maxMDef:1362,ignorePDef:0,ignoreMDef:0,injureAdd:0,injureIgnore:0,injureAddBoss:0
[2026-06-14 02:30:12,705] ?????111005
[2026-06-14 02:30:12,705] ??????BUFF???111005
[2026-06-14 02:30:12,705] (Dark Scotti,f2801e23-07be-48f5-bee9-0862adba6329) ???111005;????0/681000
[2026-06-14 02:30:12,705] ???(????,d1806f2b-c67b-4e48-8e65-e94548e56e23) ??????: objectId=f2801e23-07be-48f5-bee9-0862adba6329,status=0
[2026-06-14 02:30:12,708] (Dark Scotti,f2801e23-07be-48f5-bee9-0862adba6329) ?????1781375412708
[2026-06-14 02:30:12,708] =========[Otherworld Elf Ruila]?????END??(Fireball)

[2026-06-14 02:30:13,388] ?canControlObject??????????name=[????]
