[2026-06-14 02:40:38,100] ?Immortal King?????????????
[2026-06-14 02:40:38,100] [????]??BUFF?(Giant Rock Holy Shield[3201])
[2026-06-14 02:40:38,100] (????) ???1200;????6949926/6949926
[2026-06-14 02:40:38,171] ????????[????],posX=11,posY=9
[2026-06-14 02:40:38,557] ????????[????],posX=12,posY=9

[2026-06-14 02:40:39,082] ????????[ebc35acd-9d47-43c8-b6d6-2e231c80d600]->[03ba9b84-9475-44fe-a644-846569e0ded2],?????[1201]
[2026-06-14 02:40:39,082] ??????????[?????,ebc35acd-9d47-43c8-b6d6-2e231c80d600]->[Immortal King,03ba9b84-9475-44fe-a644-846569e0ded2],?????[1201]

[2026-06-14 02:40:39,082] >>>>>[?????]?????BEGIN??(Fireball), ??=Single Target ATK, uses Magic's power to form a fireball, targeting Single target,deal|C:0x34E22C&T:100%+100|T:Magic Damage., ???Immortal King, ?????2
[2026-06-14 02:40:39,082] >>>>>[?????]?????(Immortal King), ????[10,10]; ????[14,10]
[2026-06-14 02:40:39,082] ?????????1
[2026-06-14 02:40:39,082] >>>>???(?????) -> (Immortal King) ?????100, ?????100, ?????1, ??XP???false
[2026-06-14 02:40:39,082] ?????????(BUFF?)?hit:0,crit:0,critInjure:250,dodge:0,ignoreCrit:0,ignoreCritInjure:0,critBoss:250,critInjureBoss:0
[2026-06-14 02:40:39,082] ?????????(BUFF?)?hit:0,crit:0,critInjure:0,dodge:0,ignoreCrit:0,ignoreCritInjure:0,critBoss:0,critInjureBoss:0
[2026-06-14 02:40:39,082] ?????????(BUFF?)?hit:0,crit:0,critInjure:250,dodge:0,ignoreCrit:0,ignoreCritInjure:0,critBoss:250,critInjureBoss:0
[2026-06-14 02:40:39,082] ?????????(BUFF?)?hit:0,crit:0,critInjure:0,dodge:0,ignoreCrit:0,ignoreCritInjure:0,critBoss:0,critInjureBoss:0
[2026-06-14 02:40:39,082] ?????????(BUFF?)?maxPAtk:155688,maxPDef:88198,maxMDef:65660,ignorePDef:0,ignoreMDef:35063,injureAdd:100,injureIgnore:0,injureAddBoss:100
[2026-06-14 02:40:39,082] ?????????(BUFF?)?maxPAtk:8309,maxPDef:1656,maxMDef:1656,ignorePDef:0,ignoreMDef:0,injureAdd:0,injureIgnore:0,injureAddBoss:0
[2026-06-14 02:40:39,082] ?????????(BUFF?)?maxPAtk:155688,maxPDef:88198,maxMDef:65660,ignorePDef:0,ignoreMDef:35063,injureAdd:100,injureIgnore:0,injureAddBoss:100
[2026-06-14 02:40:39,082] ?????????(BUFF?)?maxPAtk:8309,maxPDef:1656,maxMDef:1656,ignorePDef:0,ignoreMDef:0,injureAdd:0,injureIgnore:0,injureAddBoss:0
[2026-06-14 02:40:39,082] ?????158901
[2026-06-14 02:40:39,082] ??????BUFF???158901
[2026-06-14 02:40:39,082] (Immortal King,03ba9b84-9475-44fe-a644-846569e0ded2) ???158901;????669099/828000
[2026-06-14 02:40:39,082] =========[?????]?????END??(Fireball)

[2026-06-14 02:40:39,100] (????) ???1200;????6949926/6949926

[2026-06-14 02:40:39,106] >>>>>[Immortal King]?????BEGIN??(Boss Melee Attack), ??=NormalATK, ???????, ?????4
[2026-06-14 02:40:39,106] >>>>>[Immortal King]?????(????), ????[14,10]; ????[12,9]
[2026-06-14 02:40:39,106] ?????????1
[2026-06-14 02:40:39,106] >>>>???(Immortal King) -> (????) ?????100, ?????0, ?????0, ??XP???false
[2026-06-14 02:40:39,106] ?????????(BUFF?)?hit:0,crit:0,critInjure:0,dodge:0,ignoreCrit:0,ignoreCritInjure:0,critBoss:0,critInjureBoss:0
[2026-06-14 02:40:39,106] ?????????(BUFF?)?hit:60,crit:288,critInjure:610,dodge:15,ignoreCrit:0,ignoreCritInjure:0,critBoss:250,critInjureBoss:0
[2026-06-14 02:40:39,106] ?????????(BUFF?)?hit:0,crit:0,critInjure:0,dodge:0,ignoreCrit:0,ignoreCritInjure:0,critBoss:0,critInjureBoss:0
[2026-06-14 02:40:39,106] ?????????(BUFF?)?hit:60,crit:288,critInjure:610,dodge:15,ignoreCrit:0,ignoreCritInjure:0,critBoss:250,critInjureBoss:0
[2026-06-14 02:40:39,106] ?????????(BUFF?)?maxPAtk:8309,maxPDef:1656,maxMDef:1656,ignorePDef:0,ignoreMDef:0,injureAdd:0,injureIgnore:0,injureAddBoss:0
[2026-06-14 02:40:39,106] ?????????(BUFF?)?maxPAtk:537036,maxPDef:320573,maxMDef:292686,ignorePDef:923,ignoreMDef:1836,injureAdd:0,injureIgnore:1000,injureAddBoss:100
[2026-06-14 02:40:39,106] [????]???????(Wing Strike), ??=1000, buffStr=602011, ???????
[2026-06-14 02:40:39,106] [????]??BUFF?(Wing Strike[2302]), ????=0, ??=10000
[2026-06-14 02:40:39,106] ?????????(BUFF?)?maxPAtk:8309,maxPDef:1656,maxMDef:1656,ignorePDef:0,ignoreMDef:0,injureAdd:0,injureIgnore:0,injureAddBoss:0
[2026-06-14 02:40:39,106] ?????????(BUFF?)?maxPAtk:537036,maxPDef:320573,maxMDef:292686,ignorePDef:923,ignoreMDef:1836,injureAdd:0,injureIgnore:1000,injureAddBoss:100
[2026-06-14 02:40:39,106] ?????188
[2026-06-14 02:40:39,106] ??????BUFF???188
[2026-06-14 02:40:39,106] (????,d1806f2b-c67b-4e48-8e65-e94548e56e23) ???188;????6949738/6949926
[2026-06-14 02:40:39,106] [????]??BUFF?(Wing Strike), ??=deal|C:0x34E22C&T:10000|T: ptscounterattack damage, ?????0
[2026-06-14 02:40:39,106] (Immortal King,03ba9b84-9475-44fe-a644-846569e0ded2) ???10000;????659099/828000
[2026-06-14 02:40:39,106] =========[Immortal King]?????END??(Boss Melee Attack)

[2026-06-14 02:40:39,108] [????]??BUFF?(Wing Strike[2302])

[2026-06-14 02:40:39,403] ????????[65b226f4-3d1c-4a60-838c-6aa6fda1c644]->[03ba9b84-9475-44fe-a644-846569e0ded2],?????[1201]
[2026-06-14 02:40:39,403] ??????????[?????,65b226f4-3d1c-4a60-838c-6aa6fda1c644]->[Immortal King,03ba9b84-9475-44fe-a644-846569e0ded2],?????[1201]

[2026-06-14 02:40:39,403] >>>>>[?????]?????BEGIN??(Fireball), ??=Single Target ATK, uses Magic's power to form a fireball, targeting Single target,deal|C:0x34E22C&T:100%+100|T:Magic Damage., ???Immortal King, ?????2
[2026-06-14 02:40:39,403] >>>>>[?????]?????(Immortal King), ????[10,10]; ????[14,10]
[2026-06-14 02:40:39,403] ?????????1
[2026-06-14 02:40:39,403] >>>>???(?????) -> (Immortal King) ?????100, ?????100, ?????1, ??XP???false
[2026-06-14 02:40:39,403] ?????????(BUFF?)?hit:0,crit:0,critInjure:250,dodge:0,ignoreCrit:0,ignoreCritInjure:0,critBoss:250,critInjureBoss:0
[2026-06-14 02:40:39,403] ?????????(BUFF?)?hit:0,crit:0,critInjure:0,dodge:0,ignoreCrit:0,ignoreCritInjure:0,critBoss:0,critInjureBoss:0
[2026-06-14 02:40:39,403] ?????????(BUFF?)?hit:0,crit:0,critInjure:250,dodge:0,ignoreCrit:0,ignoreCritInjure:0,critBoss:250,critInjureBoss:0
[2026-06-14 02:40:39,403] ?????????(BUFF?)?hit:0,crit:0,critInjure:0,dodge:0,ignoreCrit:0,ignoreCritInjure:0,critBoss:0,critInjureBoss:0
[2026-06-14 02:40:39,403] ?????????(BUFF?)?maxPAtk:109532,maxPDef:64692,maxMDef:38977,ignorePDef:0,ignoreMDef:5809,injureAdd:0,injureIgnore:0,injureAddBoss:100
[2026-06-14 02:40:39,403] ?????????(BUFF?)?maxPAtk:8309,maxPDef:1656,maxMDef:1656,ignorePDef:0,ignoreMDef:0,injureAdd:0,injureIgnore:0,injureAddBoss:0
[2026-06-14 02:40:39,403] ?????????(BUFF?)?maxPAtk:109532,maxPDef:64692,maxMDef:38977,ignorePDef:0,ignoreMDef:5809,injureAdd:0,injureIgnore:0,injureAddBoss:100
[2026-06-14 02:40:39,403] ?????????(BUFF?)?maxPAtk:8309,maxPDef:1656,maxMDef:1656,ignorePDef:0,ignoreMDef:0,injureAdd:0,injureIgnore:0,injureAddBoss:0
[2026-06-14 02:40:39,403] ?????110727
[2026-06-14 02:40:39,403] ??????BUFF???110727
[2026-06-14 02:40:39,403] (Immortal King,03ba9b84-9475-44fe-a644-846569e0ded2) ???110727;????548372/828000
[2026-06-14 02:40:39,403] =========[?????]?????END??(Fireball)


[2026-06-14 02:40:39,510] ????????[bd0d352c-abdf-4576-a426-08b6080bd21e]->[03ba9b84-9475-44fe-a644-846569e0ded2],?????[1201]
[2026-06-14 02:40:39,510] ??????????[Otherworld Elf Ruila,bd0d352c-abdf-4576-a426-08b6080bd21e]->[Immortal King,03ba9b84-9475-44fe-a644-846569e0ded2],?????[1201]

[2026-06-14 02:40:39,510] >>>>>[Otherworld Elf Ruila]?????BEGIN??(Fireball), ??=Single Target ATK, uses Magic's power to form a fireball, targeting Single target,deal|C:0x34E22C&T:100%+100|T:Magic Damage., ???Immortal King, ?????2
[2026-06-14 02:40:39,510] >>>>>[Otherworld Elf Ruila]?????(Immortal King), ????[10,10]; ????[14,10]
[2026-06-14 02:40:39,510] ?????????1
[2026-06-14 02:40:39,510] >>>>???(Otherworld Elf Ruila) -> (Immortal King) ?????100, ?????100, ?????1, ??XP???false
[2026-06-14 02:40:39,510] ?????????(BUFF?)?hit:0,crit:0,critInjure:250,dodge:0,ignoreCrit:0,ignoreCritInjure:0,critBoss:250,critInjureBoss:0
[2026-06-14 02:40:39,510] ?????????(BUFF?)?hit:0,crit:0,critInjure:0,dodge:0,ignoreCrit:0,ignoreCritInjure:0,critBoss:0,critInjureBoss:0
[2026-06-14 02:40:39,510] ?????????(BUFF?)?hit:0,crit:0,critInjure:250,dodge:0,ignoreCrit:0,ignoreCritInjure:0,critBoss:250,critInjureBoss:0
[2026-06-14 02:40:39,510] ?????????(BUFF?)?hit:0,crit:0,critInjure:0,dodge:0,ignoreCrit:0,ignoreCritInjure:0,critBoss:0,critInjureBoss:0
[2026-06-14 02:40:39,510] ?????????(BUFF?)?maxPAtk:109807,maxPDef:68309,maxMDef:37615,ignorePDef:0,ignoreMDef:6887,injureAdd:0,injureIgnore:0,injureAddBoss:100
[2026-06-14 02:40:39,510] ?????????(BUFF?)?maxPAtk:8309,maxPDef:1656,maxMDef:1656,ignorePDef:0,ignoreMDef:0,injureAdd:0,injureIgnore:0,injureAddBoss:0
[2026-06-14 02:40:39,510] ?????????(BUFF?)?maxPAtk:109807,maxPDef:68309,maxMDef:37615,ignorePDef:0,ignoreMDef:6887,injureAdd:0,injureIgnore:0,injureAddBoss:100
[2026-06-14 02:40:39,510] ?????????(BUFF?)?maxPAtk:8309,maxPDef:1656,maxMDef:1656,ignorePDef:0,ignoreMDef:0,injureAdd:0,injureIgnore:0,injureAddBoss:0
[2026-06-14 02:40:39,510] ?????111005
[2026-06-14 02:40:39,510] ??????BUFF???111005
[2026-06-14 02:40:39,510] (Immortal King,03ba9b84-9475-44fe-a644-846569e0ded2) ???111005;????437367/828000
[2026-06-14 02:40:39,510] =========[Otherworld Elf Ruila]?????END??(Fireball)


[2026-06-14 02:40:39,696] ????????[d1806f2b-c67b-4e48-8e65-e94548e56e23]->[03ba9b84-9475-44fe-a644-846569e0ded2],?????[9]
[2026-06-14 02:40:39,696] ??????????[????,d1806f2b-c67b-4e48-8e65-e94548e56e23]->[Immortal King,03ba9b84-9475-44fe-a644-846569e0ded2],?????[9]

[2026-06-14 02:40:39,696] >>>>>[????]?????BEGIN??(Giant Rock Holy Shield), ??=Support Skill, applies Shield Reduction of|C:0x34E22C&T:20%|T: damage value, for|C:0x34E22C&T:5|T:s, upon breaking, targets surrounding enemies, dealing|C:0x34E22C&T:120%+{0}|T:Magic Damage, ???????, ?????0
[2026-06-14 02:40:39,696] [????]??BUFF?(Giant Rock Holy Shield[3201]), ????=5000, ??=2000
[2026-06-14 02:40:39,696] [????]?????1389985
[2026-06-14 02:40:39,696] =========[????]???????????(Giant Rock Holy Shield)


[2026-06-14 02:40:40,008] ????????[ebc35acd-9d47-43c8-b6d6-2e231c80d600]->[03ba9b84-9475-44fe-a644-846569e0ded2],?????[1201]
[2026-06-14 02:40:40,008] ??????????[?????,ebc35acd-9d47-43c8-b6d6-2e231c80d600]->[Immortal King,03ba9b84-9475-44fe-a644-846569e0ded2],?????[1201]

[2026-06-14 02:40:40,008] >>>>>[?????]?????BEGIN??(Fireball), ??=Single Target ATK, uses Magic's power to form a fireball, targeting Single target,deal|C:0x34E22C&T:100%+100|T:Magic Damage., ???Immortal King, ?????2
[2026-06-14 02:40:40,008] >>>>>[?????]?????(Immortal King), ????[10,10]; ????[14,10]
[2026-06-14 02:40:40,008] ?????????1
[2026-06-14 02:40:40,008] >>>>???(?????) -> (Immortal King) ?????100, ?????100, ?????1, ??XP???false
[2026-06-14 02:40:40,008] ?????????(BUFF?)?hit:0,crit:0,critInjure:250,dodge:0,ignoreCrit:0,ignoreCritInjure:0,critBoss:250,critInjureBoss:0
[2026-06-14 02:40:40,008] ?????????(BUFF?)?hit:0,crit:0,critInjure:0,dodge:0,ignoreCrit:0,ignoreCritInjure:0,critBoss:0,critInjureBoss:0
[2026-06-14 02:40:40,008] ?????????(BUFF?)?hit:0,crit:0,critInjure:250,dodge:0,ignoreCrit:0,ignoreCritInjure:0,critBoss:250,critInjureBoss:0
[2026-06-14 02:40:40,008] ?????????(BUFF?)?hit:0,crit:0,critInjure:0,dodge:0,ignoreCrit:0,ignoreCritInjure:0,critBoss:0,critInjureBoss:0
[2026-06-14 02:40:40,008] ?????????(BUFF?)?maxPAtk:155688,maxPDef:88198,maxMDef:65660,ignorePDef:0,ignoreMDef:35063,injureAdd:100,injureIgnore:0,injureAddBoss:100
[2026-06-14 02:40:40,008] ?????????(BUFF?)?maxPAtk:8309,maxPDef:1656,maxMDef:1656,ignorePDef:0,ignoreMDef:0,injureAdd:0,injureIgnore:0,injureAddBoss:0
[2026-06-14 02:40:40,008] ?????????(BUFF?)?maxPAtk:155688,maxPDef:88198,maxMDef:65660,ignorePDef:0,ignoreMDef:35063,injureAdd:100,injureIgnore:0,injureAddBoss:100
[2026-06-14 02:40:40,008] ?????????(BUFF?)?maxPAtk:8309,maxPDef:1656,maxMDef:1656,ignorePDef:0,ignoreMDef:0,injureAdd:0,injureIgnore:0,injureAddBoss:0
[2026-06-14 02:40:40,008] ?????158901
[2026-06-14 02:40:40,008] ??????BUFF???158901
[2026-06-14 02:40:40,008] (Immortal King,03ba9b84-9475-44fe-a644-846569e0ded2) ???158901;????278466/828000
[2026-06-14 02:40:40,008] =========[?????]?????END??(Fireball)

[2026-06-14 02:40:40,100] (????) ???1200;????6949926/6949926

[2026-06-14 02:40:40,108] >>>>>[Immortal King]?????BEGIN??(Boss Melee Attack), ??=NormalATK, ???????, ?????4
[2026-06-14 02:40:40,108] >>>>>[Immortal King]?????(????), ????[14,10]; ????[12,9]
[2026-06-14 02:40:40,108] ?????????1
[2026-06-14 02:40:40,108] >>>>???(Immortal King) -> (????) ?????100, ?????0, ?????0, ??XP???false
[2026-06-14 02:40:40,108] ?????????(BUFF?)?hit:0,crit:0,critInjure:0,dodge:0,ignoreCrit:0,ignoreCritInjure:0,critBoss:0,critInjureBoss:0
[2026-06-14 02:40:40,108] ?????????(BUFF?)?hit:60,crit:288,critInjure:610,dodge:15,ignoreCrit:0,ignoreCritInjure:0,critBoss:250,critInjureBoss:0
[2026-06-14 02:40:40,108] ?????????(BUFF?)?hit:0,crit:0,critInjure:0,dodge:0,ignoreCrit:0,ignoreCritInjure:0,critBoss:0,critInjureBoss:0
[2026-06-14 02:40:40,108] ?????????(BUFF?)?hit:60,crit:288,critInjure:610,dodge:15,ignoreCrit:0,ignoreCritInjure:0,critBoss:250,critInjureBoss:0
[2026-06-14 02:40:40,108] ?????????(BUFF?)?maxPAtk:8309,maxPDef:1656,maxMDef:1656,ignorePDef:0,ignoreMDef:0,injureAdd:0,injureIgnore:0,injureAddBoss:0
[2026-06-14 02:40:40,108] ?????????(BUFF?)?maxPAtk:537036,maxPDef:320573,maxMDef:292686,ignorePDef:923,ignoreMDef:1836,injureAdd:0,injureIgnore:1000,injureAddBoss:100
[2026-06-14 02:40:40,108] ?????????(BUFF?)?maxPAtk:8309,maxPDef:1656,maxMDef:1656,ignorePDef:0,ignoreMDef:0,injureAdd:0,injureIgnore:0,injureAddBoss:0
[2026-06-14 02:40:40,108] ?????????(BUFF?)?maxPAtk:537036,maxPDef:320573,maxMDef:292686,ignorePDef:923,ignoreMDef:1836,injureAdd:0,injureIgnore:1000,injureAddBoss:100
[2026-06-14 02:40:40,108] ?????188
[2026-06-14 02:40:40,108] ??????BUFF???188
[2026-06-14 02:40:40,108] [????]??BUFF?(Giant Rock Holy Shield), ??=Absorb Max HP|C:0x34E22C&T:20%|T:damage, ?????4588
[2026-06-14 02:40:40,108] [????]?????188, ?????1389797
[2026-06-14 02:40:40,108] (????,d1806f2b-c67b-4e48-8e65-e94548e56e23) ???0;????6949926/6949926
[2026-06-14 02:40:40,108] =========[Immortal King]?????END??(Boss Melee Attack)


[2026-06-14 02:40:40,323] ????????[65b226f4-3d1c-4a60-838c-6aa6fda1c644]->[03ba9b84-9475-44fe-a644-846569e0ded2],?????[1201]
[2026-06-14 02:40:40,323] ??????????[?????,65b226f4-3d1c-4a60-838c-6aa6fda1c644]->[Immortal King,03ba9b84-9475-44fe-a644-846569e0ded2],?????[1201]

[2026-06-14 02:40:40,323] >>>>>[?????]?????BEGIN??(Fireball), ??=Single Target ATK, uses Magic's power to form a fireball, targeting Single target,deal|C:0x34E22C&T:100%+100|T:Magic Damage., ???Immortal King, ?????2
[2026-06-14 02:40:40,323] >>>>>[?????]?????(Immortal King), ????[10,10]; ????[14,10]
[2026-06-14 02:40:40,323] ?????????1
[2026-06-14 02:40:40,323] >>>>???(?????) -> (Immortal King) ?????100, ?????100, ?????1, ??XP???false
[2026-06-14 02:40:40,323] ?????????(BUFF?)?hit:0,crit:0,critInjure:250,dodge:0,ignoreCrit:0,ignoreCritInjure:0,critBoss:250,critInjureBoss:0
[2026-06-14 02:40:40,323] ?????????(BUFF?)?hit:0,crit:0,critInjure:0,dodge:0,ignoreCrit:0,ignoreCritInjure:0,critBoss:0,critInjureBoss:0
[2026-06-14 02:40:40,323] ?????????(BUFF?)?hit:0,crit:0,critInjure:250,dodge:0,ignoreCrit:0,ignoreCritInjure:0,critBoss:250,critInjureBoss:0
[2026-06-14 02:40:40,323] ?????????(BUFF?)?hit:0,crit:0,critInjure:0,dodge:0,ignoreCrit:0,ignoreCritInjure:0,critBoss:0,critInjureBoss:0
[2026-06-14 02:40:40,323] ?????????(BUFF?)?maxPAtk:109532,maxPDef:64692,maxMDef:38977,ignorePDef:0,ignoreMDef:5809,injureAdd:0,injureIgnore:0,injureAddBoss:100
[2026-06-14 02:40:40,323] ?????????(BUFF?)?maxPAtk:8309,maxPDef:1656,maxMDef:1656,ignorePDef:0,ignoreMDef:0,injureAdd:0,injureIgnore:0,injureAddBoss:0
[2026-06-14 02:40:40,323] ?????????(BUFF?)?maxPAtk:109532,maxPDef:64692,maxMDef:38977,ignorePDef:0,ignoreMDef:5809,injureAdd:0,injureIgnore:0,injureAddBoss:100
[2026-06-14 02:40:40,323] ?????????(BUFF?)?maxPAtk:8309,maxPDef:1656,maxMDef:1656,ignorePDef:0,ignoreMDef:0,injureAdd:0,injureIgnore:0,injureAddBoss:0
[2026-06-14 02:40:40,323] ?????110727
[2026-06-14 02:40:40,323] ??????BUFF???110727
[2026-06-14 02:40:40,323] (Immortal King,03ba9b84-9475-44fe-a644-846569e0ded2) ???110727;????167739/828000
[2026-06-14 02:40:40,323] =========[?????]?????END??(Fireball)


[2026-06-14 02:40:40,432] ????????[bd0d352c-abdf-4576-a426-08b6080bd21e]->[03ba9b84-9475-44fe-a644-846569e0ded2],?????[1201]
[2026-06-14 02:40:40,432] ??????????[Otherworld Elf Ruila,bd0d352c-abdf-4576-a426-08b6080bd21e]->[Immortal King,03ba9b84-9475-44fe-a644-846569e0ded2],?????[1201]

[2026-06-14 02:40:40,432] >>>>>[Otherworld Elf Ruila]?????BEGIN??(Fireball), ??=Single Target ATK, uses Magic's power to form a fireball, targeting Single target,deal|C:0x34E22C&T:100%+100|T:Magic Damage., ???Immortal King, ?????2
[2026-06-14 02:40:40,432] >>>>>[Otherworld Elf Ruila]?????(Immortal King), ????[10,10]; ????[14,10]
[2026-06-14 02:40:40,432] ?????????1
[2026-06-14 02:40:40,432] >>>>???(Otherworld Elf Ruila) -> (Immortal King) ?????100, ?????100, ?????1, ??XP???false
[2026-06-14 02:40:40,432] ?????????(BUFF?)?hit:0,crit:0,critInjure:250,dodge:0,ignoreCrit:0,ignoreCritInjure:0,critBoss:250,critInjureBoss:0
[2026-06-14 02:40:40,432] ?????????(BUFF?)?hit:0,crit:0,critInjure:0,dodge:0,ignoreCrit:0,ignoreCritInjure:0,critBoss:0,critInjureBoss:0
[2026-06-14 02:40:40,432] ?????????(BUFF?)?hit:0,crit:0,critInjure:250,dodge:0,ignoreCrit:0,ignoreCritInjure:0,critBoss:250,critInjureBoss:0
[2026-06-14 02:40:40,432] ?????????(BUFF?)?hit:0,crit:0,critInjure:0,dodge:0,ignoreCrit:0,ignoreCritInjure:0,critBoss:0,critInjureBoss:0
[2026-06-14 02:40:40,432] ?????????(BUFF?)?maxPAtk:109807,maxPDef:68309,maxMDef:37615,ignorePDef:0,ignoreMDef:6887,injureAdd:0,injureIgnore:0,injureAddBoss:100
[2026-06-14 02:40:40,432] ?????????(BUFF?)?maxPAtk:8309,maxPDef:1656,maxMDef:1656,ignorePDef:0,ignoreMDef:0,injureAdd:0,injureIgnore:0,injureAddBoss:0
[2026-06-14 02:40:40,432] ?????????(BUFF?)?maxPAtk:109807,maxPDef:68309,maxMDef:37615,ignorePDef:0,ignoreMDef:6887,injureAdd:0,injureIgnore:0,injureAddBoss:100
[2026-06-14 02:40:40,432] ?????????(BUFF?)?maxPAtk:8309,maxPDef:1656,maxMDef:1656,ignorePDef:0,ignoreMDef:0,injureAdd:0,injureIgnore:0,injureAddBoss:0
[2026-06-14 02:40:40,432] ?????111005
[2026-06-14 02:40:40,432] ??????BUFF???111005
[2026-06-14 02:40:40,432] (Immortal King,03ba9b84-9475-44fe-a644-846569e0ded2) ???111005;????56734/828000
[2026-06-14 02:40:40,432] =========[Otherworld Elf Ruila]?????END??(Fireball)


[2026-06-14 02:40:40,500] ????????[d1806f2b-c67b-4e48-8e65-e94548e56e23]->[03ba9b84-9475-44fe-a644-846569e0ded2],?????[7]
[2026-06-14 02:40:40,500] ??????????[????,d1806f2b-c67b-4e48-8e65-e94548e56e23]->[Immortal King,03ba9b84-9475-44fe-a644-846569e0ded2],?????[7]

[2026-06-14 02:40:40,500] >>>>>[????]?????BEGIN??(Thunder Blast), ??=Single Target ATK, targets Ranged Single target, dealing|C:0x34E22C&T:100%+{0}|T:Magic Damage, ???Immortal King, ?????2
[2026-06-14 02:40:40,500] >>>>>[????]?????(Immortal King), ????[12,9]; ????[14,10]
[2026-06-14 02:40:40,500] ?????????1
[2026-06-14 02:40:40,500] >>>>???(????) -> (Immortal King) ?????100, ?????8100, ?????1, ??XP???false
[2026-06-14 02:40:40,500] ?????????(BUFF?)?hit:60,crit:288,critInjure:610,dodge:15,ignoreCrit:0,ignoreCritInjure:0,critBoss:250,critInjureBoss:0
[2026-06-14 02:40:40,500] ?????????(BUFF?)?hit:0,crit:0,critInjure:0,dodge:0,ignoreCrit:0,ignoreCritInjure:0,critBoss:0,critInjureBoss:0
[2026-06-14 02:40:40,500] ?????????(BUFF?)?hit:60,crit:288,critInjure:610,dodge:15,ignoreCrit:0,ignoreCritInjure:0,critBoss:250,critInjureBoss:0
[2026-06-14 02:40:40,500] ?????????(BUFF?)?hit:0,crit:0,critInjure:0,dodge:0,ignoreCrit:0,ignoreCritInjure:0,critBoss:0,critInjureBoss:0
[2026-06-14 02:40:40,500] ?????????(BUFF?)?maxPAtk:537036,maxPDef:320573,maxMDef:292686,ignorePDef:923,ignoreMDef:1836,injureAdd:0,injureIgnore:1000,injureAddBoss:100
[2026-06-14 02:40:40,500] ?????????(BUFF?)?maxPAtk:8309,maxPDef:1656,maxMDef:1656,ignorePDef:0,ignoreMDef:0,injureAdd:0,injureIgnore:0,injureAddBoss:0
[2026-06-14 02:40:40,500] ?????????(BUFF?)?maxPAtk:537036,maxPDef:320573,maxMDef:292686,ignorePDef:923,ignoreMDef:1836,injureAdd:0,injureIgnore:1000,injureAddBoss:100
[2026-06-14 02:40:40,500] ?????????(BUFF?)?maxPAtk:8309,maxPDef:1656,maxMDef:1656,ignorePDef:0,ignoreMDef:0,injureAdd:0,injureIgnore:0,injureAddBoss:0
[2026-06-14 02:40:40,500] ?????550506
[2026-06-14 02:40:40,500] ??????BUFF???550506
[2026-06-14 02:40:40,500] (Immortal King,03ba9b84-9475-44fe-a644-846569e0ded2) ???550506;????0/828000
[2026-06-14 02:40:40,500] ???(????,d1806f2b-c67b-4e48-8e65-e94548e56e23) ??????: objectId=03ba9b84-9475-44fe-a644-846569e0ded2,status=0
[2026-06-14 02:40:40,503] (Immortal King,03ba9b84-9475-44fe-a644-846569e0ded2) ?????1781376040503
[2026-06-14 02:40:40,503] =========[????]?????END??(Thunder Blast)

