[2026-06-14 02:28:47,337] ?Xilisi?????????????
[2026-06-14 02:28:47,337] [????]??BUFF?(Giant Rock Holy Shield[3201])
[2026-06-14 02:28:47,337] (????) ???1200;????6949926/6949926

[2026-06-14 02:28:47,341] >>>>>[Xilisi]?????BEGIN??(Boss Ranged Attack), ??=NormalATK, ???????, ?????6
[2026-06-14 02:28:47,341] >>>>>[Xilisi]?????(????), ????[15,14]; ????[9,13]
[2026-06-14 02:28:47,341] ?????????1
[2026-06-14 02:28:47,341] >>>>???(Xilisi) -> (????) ?????100, ?????0, ?????1, ??XP???false
[2026-06-14 02:28:47,341] ?????????(BUFF?)?hit:0,crit:0,critInjure:0,dodge:0,ignoreCrit:0,ignoreCritInjure:0,critBoss:0,critInjureBoss:0
[2026-06-14 02:28:47,341] ?????????(BUFF?)?hit:60,crit:288,critInjure:610,dodge:15,ignoreCrit:0,ignoreCritInjure:0,critBoss:250,critInjureBoss:0
[2026-06-14 02:28:47,341] ?????????(BUFF?)?hit:0,crit:0,critInjure:0,dodge:0,ignoreCrit:0,ignoreCritInjure:0,critBoss:0,critInjureBoss:0
[2026-06-14 02:28:47,341] ?????????(BUFF?)?hit:60,crit:288,critInjure:610,dodge:15,ignoreCrit:0,ignoreCritInjure:0,critBoss:250,critInjureBoss:0
[2026-06-14 02:28:47,341] ?????????(BUFF?)?maxPAtk:7000,maxPDef:1320,maxMDef:1320,ignorePDef:0,ignoreMDef:0,injureAdd:0,injureIgnore:0,injureAddBoss:0
[2026-06-14 02:28:47,341] ?????????(BUFF?)?maxPAtk:537036,maxPDef:320573,maxMDef:292686,ignorePDef:923,ignoreMDef:1836,injureAdd:0,injureIgnore:1000,injureAddBoss:100
[2026-06-14 02:28:47,341] ?????????(BUFF?)?maxPAtk:7000,maxPDef:1320,maxMDef:1320,ignorePDef:0,ignoreMDef:0,injureAdd:0,injureIgnore:0,injureAddBoss:0
[2026-06-14 02:28:47,341] ?????????(BUFF?)?maxPAtk:537036,maxPDef:320573,maxMDef:292686,ignorePDef:923,ignoreMDef:1836,injureAdd:0,injureIgnore:1000,injureAddBoss:100
[2026-06-14 02:28:47,341] ?????146
[2026-06-14 02:28:47,341] ??????BUFF???146
[2026-06-14 02:28:47,341] (????,d1806f2b-c67b-4e48-8e65-e94548e56e23) ???146;????6949780/6949926
[2026-06-14 02:28:47,341] =========[Xilisi]?????END??(Boss Ranged Attack)


[2026-06-14 02:28:48,173] ????????[d1806f2b-c67b-4e48-8e65-e94548e56e23]->[4c695f44-a238-4425-b696-a3ece6fd6b98],?????[9]
[2026-06-14 02:28:48,173] ??????????[????,d1806f2b-c67b-4e48-8e65-e94548e56e23]->[Xilisi,4c695f44-a238-4425-b696-a3ece6fd6b98],?????[9]

[2026-06-14 02:28:48,173] >>>>>[????]?????BEGIN??(Giant Rock Holy Shield), ??=Support Skill, applies Shield Reduction of|C:0x34E22C&T:20%|T: damage value, for|C:0x34E22C&T:5|T:s, upon breaking, targets surrounding enemies, dealing|C:0x34E22C&T:120%+{0}|T:Magic Damage, ???????, ?????0
[2026-06-14 02:28:48,173] [????]??BUFF?(Giant Rock Holy Shield[3201]), ????=5000, ??=2000
[2026-06-14 02:28:48,173] [????]?????1389985
[2026-06-14 02:28:48,173] =========[????]???????????(Giant Rock Holy Shield)

[2026-06-14 02:28:48,272] ????????[????],posX=10,posY=13
[2026-06-14 02:28:48,338] (????) ???1200;????6949926/6949926

[2026-06-14 02:28:48,342] >>>>>[Xilisi]?????BEGIN??(Boss Ranged Attack), ??=NormalATK, ???????, ?????6
[2026-06-14 02:28:48,342] >>>>>[Xilisi]?????(????), ????[15,14]; ????[10,13]
[2026-06-14 02:28:48,342] ?????????1
[2026-06-14 02:28:48,342] >>>>???(Xilisi) -> (????) ?????100, ?????0, ?????1, ??XP???false
[2026-06-14 02:28:48,342] ?????????(BUFF?)?hit:0,crit:0,critInjure:0,dodge:0,ignoreCrit:0,ignoreCritInjure:0,critBoss:0,critInjureBoss:0
[2026-06-14 02:28:48,342] ?????????(BUFF?)?hit:60,crit:288,critInjure:610,dodge:15,ignoreCrit:0,ignoreCritInjure:0,critBoss:250,critInjureBoss:0
[2026-06-14 02:28:48,342] ?????????(BUFF?)?hit:0,crit:0,critInjure:0,dodge:0,ignoreCrit:0,ignoreCritInjure:0,critBoss:0,critInjureBoss:0
[2026-06-14 02:28:48,342] ?????????(BUFF?)?hit:60,crit:288,critInjure:610,dodge:15,ignoreCrit:0,ignoreCritInjure:0,critBoss:250,critInjureBoss:0
[2026-06-14 02:28:48,342] ?????????(BUFF?)?maxPAtk:7000,maxPDef:1320,maxMDef:1320,ignorePDef:0,ignoreMDef:0,injureAdd:0,injureIgnore:0,injureAddBoss:0
[2026-06-14 02:28:48,342] ?????????(BUFF?)?maxPAtk:537036,maxPDef:320573,maxMDef:292686,ignorePDef:923,ignoreMDef:1836,injureAdd:0,injureIgnore:1000,injureAddBoss:100
[2026-06-14 02:28:48,342] [????]???????(Starlight Power), ??=500, buffStr=605011, ???????
[2026-06-14 02:28:48,342] [????]??BUFF?(Starlight Power[2202]), ????=3000, ??=1000
[2026-06-14 02:28:48,342] [????]??BUFF?(Starlight Power), ??=self Damage Reduction increases by|C:0x34E22C&T:10%|T:, for|C:0x34E22C&T:3|T:s, ?????3000
[2026-06-14 02:28:48,342] ?????????(BUFF?)?maxPAtk:7000,maxPDef:1320,maxMDef:1320,ignorePDef:0,ignoreMDef:0,injureAdd:0,injureIgnore:0,injureAddBoss:0
[2026-06-14 02:28:48,342] ?????????(BUFF?)?maxPAtk:537036,maxPDef:320573,maxMDef:292686,ignorePDef:923,ignoreMDef:1836,injureAdd:0,injureIgnore:2000,injureAddBoss:100
[2026-06-14 02:28:48,342] ?????130
[2026-06-14 02:28:48,342] ??????BUFF???130
[2026-06-14 02:28:48,342] [????]??BUFF?(Giant Rock Holy Shield), ??=Absorb Max HP|C:0x34E22C&T:20%|T:damage, ?????4831
[2026-06-14 02:28:48,342] [????]?????130, ?????1389855
[2026-06-14 02:28:48,343] (????,d1806f2b-c67b-4e48-8e65-e94548e56e23) ???0;????6949926/6949926
[2026-06-14 02:28:48,343] =========[Xilisi]?????END??(Boss Ranged Attack)


[2026-06-14 02:28:48,447] ????????[ebc35acd-9d47-43c8-b6d6-2e231c80d600]->[4c695f44-a238-4425-b696-a3ece6fd6b98],?????[1201]
[2026-06-14 02:28:48,447] ??????????[?????,ebc35acd-9d47-43c8-b6d6-2e231c80d600]->[Xilisi,4c695f44-a238-4425-b696-a3ece6fd6b98],?????[1201]

[2026-06-14 02:28:48,447] >>>>>[?????]?????BEGIN??(Fireball), ??=Single Target ATK, uses Magic's power to form a fireball, targeting Single target,deal|C:0x34E22C&T:100%+100|T:Magic Damage., ???Xilisi, ?????2
[2026-06-14 02:28:48,447] >>>>>[?????]?????(Xilisi), ????[9,13]; ????[15,14]
[2026-06-14 02:28:48,447] ?????????1
[2026-06-14 02:28:48,447] >>>>???(?????) -> (Xilisi) ?????100, ?????100, ?????1, ??XP???false
[2026-06-14 02:28:48,447] ?????????(BUFF?)?hit:0,crit:0,critInjure:250,dodge:0,ignoreCrit:0,ignoreCritInjure:0,critBoss:250,critInjureBoss:0
[2026-06-14 02:28:48,447] ?????????(BUFF?)?hit:0,crit:0,critInjure:0,dodge:0,ignoreCrit:0,ignoreCritInjure:0,critBoss:0,critInjureBoss:0
[2026-06-14 02:28:48,447] ?????????(BUFF?)?hit:0,crit:0,critInjure:250,dodge:0,ignoreCrit:0,ignoreCritInjure:0,critBoss:250,critInjureBoss:0
[2026-06-14 02:28:48,447] ?????????(BUFF?)?hit:0,crit:0,critInjure:0,dodge:0,ignoreCrit:0,ignoreCritInjure:0,critBoss:0,critInjureBoss:0
[2026-06-14 02:28:48,447] ?????????(BUFF?)?maxPAtk:155688,maxPDef:88198,maxMDef:65660,ignorePDef:0,ignoreMDef:35063,injureAdd:100,injureIgnore:0,injureAddBoss:100
[2026-06-14 02:28:48,447] ?????????(BUFF?)?maxPAtk:7000,maxPDef:1320,maxMDef:1320,ignorePDef:0,ignoreMDef:0,injureAdd:0,injureIgnore:0,injureAddBoss:0
[2026-06-14 02:28:48,447] ?????????(BUFF?)?maxPAtk:155688,maxPDef:88198,maxMDef:65660,ignorePDef:0,ignoreMDef:35063,injureAdd:100,injureIgnore:0,injureAddBoss:100
[2026-06-14 02:28:48,447] ?????????(BUFF?)?maxPAtk:7000,maxPDef:1320,maxMDef:1320,ignorePDef:0,ignoreMDef:0,injureAdd:0,injureIgnore:0,injureAddBoss:0
[2026-06-14 02:28:48,447] ?????158901
[2026-06-14 02:28:48,447] ??????BUFF???158901
[2026-06-14 02:28:48,447] (Xilisi,4c695f44-a238-4425-b696-a3ece6fd6b98) ???158901;????501099/660000
[2026-06-14 02:28:48,447] =========[?????]?????END??(Fireball)

[2026-06-14 02:28:48,605] ????????[????],posX=11,posY=13

[2026-06-14 02:28:48,775] ????????[65b226f4-3d1c-4a60-838c-6aa6fda1c644]->[4c695f44-a238-4425-b696-a3ece6fd6b98],?????[1201]
[2026-06-14 02:28:48,775] ??????????[?????,65b226f4-3d1c-4a60-838c-6aa6fda1c644]->[Xilisi,4c695f44-a238-4425-b696-a3ece6fd6b98],?????[1201]

[2026-06-14 02:28:48,775] >>>>>[?????]?????BEGIN??(Fireball), ??=Single Target ATK, uses Magic's power to form a fireball, targeting Single target,deal|C:0x34E22C&T:100%+100|T:Magic Damage., ???Xilisi, ?????2
[2026-06-14 02:28:48,775] >>>>>[?????]?????(Xilisi), ????[9,13]; ????[15,14]
[2026-06-14 02:28:48,775] ?????????1
[2026-06-14 02:28:48,775] >>>>???(?????) -> (Xilisi) ?????100, ?????100, ?????1, ??XP???false
[2026-06-14 02:28:48,775] ?????????(BUFF?)?hit:0,crit:0,critInjure:250,dodge:0,ignoreCrit:0,ignoreCritInjure:0,critBoss:250,critInjureBoss:0
[2026-06-14 02:28:48,775] ?????????(BUFF?)?hit:0,crit:0,critInjure:0,dodge:0,ignoreCrit:0,ignoreCritInjure:0,critBoss:0,critInjureBoss:0
[2026-06-14 02:28:48,775] ?????????(BUFF?)?hit:0,crit:0,critInjure:250,dodge:0,ignoreCrit:0,ignoreCritInjure:0,critBoss:250,critInjureBoss:0
[2026-06-14 02:28:48,775] ?????????(BUFF?)?hit:0,crit:0,critInjure:0,dodge:0,ignoreCrit:0,ignoreCritInjure:0,critBoss:0,critInjureBoss:0
[2026-06-14 02:28:48,775] ?????????(BUFF?)?maxPAtk:109532,maxPDef:64692,maxMDef:38977,ignorePDef:0,ignoreMDef:5809,injureAdd:0,injureIgnore:0,injureAddBoss:100
[2026-06-14 02:28:48,775] ?????????(BUFF?)?maxPAtk:7000,maxPDef:1320,maxMDef:1320,ignorePDef:0,ignoreMDef:0,injureAdd:0,injureIgnore:0,injureAddBoss:0
[2026-06-14 02:28:48,775] ?????????(BUFF?)?maxPAtk:109532,maxPDef:64692,maxMDef:38977,ignorePDef:0,ignoreMDef:5809,injureAdd:0,injureIgnore:0,injureAddBoss:100
[2026-06-14 02:28:48,775] ?????????(BUFF?)?maxPAtk:7000,maxPDef:1320,maxMDef:1320,ignorePDef:0,ignoreMDef:0,injureAdd:0,injureIgnore:0,injureAddBoss:0
[2026-06-14 02:28:48,775] ?????110727
[2026-06-14 02:28:48,775] ??????BUFF???110727
[2026-06-14 02:28:48,775] (Xilisi,4c695f44-a238-4425-b696-a3ece6fd6b98) ???110727;????390372/660000
[2026-06-14 02:28:48,775] =========[?????]?????END??(Fireball)


[2026-06-14 02:28:48,775] ????????[bd0d352c-abdf-4576-a426-08b6080bd21e]->[4c695f44-a238-4425-b696-a3ece6fd6b98],?????[1201]
[2026-06-14 02:28:48,775] ??????????[Otherworld Elf Ruila,bd0d352c-abdf-4576-a426-08b6080bd21e]->[Xilisi,4c695f44-a238-4425-b696-a3ece6fd6b98],?????[1201]

[2026-06-14 02:28:48,775] >>>>>[Otherworld Elf Ruila]?????BEGIN??(Fireball), ??=Single Target ATK, uses Magic's power to form a fireball, targeting Single target,deal|C:0x34E22C&T:100%+100|T:Magic Damage., ???Xilisi, ?????2
[2026-06-14 02:28:48,775] >>>>>[Otherworld Elf Ruila]?????(Xilisi), ????[9,13]; ????[15,14]
[2026-06-14 02:28:48,775] ?????????1
[2026-06-14 02:28:48,775] >>>>???(Otherworld Elf Ruila) -> (Xilisi) ?????100, ?????100, ?????1, ??XP???false
[2026-06-14 02:28:48,775] ?????????(BUFF?)?hit:0,crit:0,critInjure:250,dodge:0,ignoreCrit:0,ignoreCritInjure:0,critBoss:250,critInjureBoss:0
[2026-06-14 02:28:48,775] ?????????(BUFF?)?hit:0,crit:0,critInjure:0,dodge:0,ignoreCrit:0,ignoreCritInjure:0,critBoss:0,critInjureBoss:0
[2026-06-14 02:28:48,775] ?????????(BUFF?)?hit:0,crit:0,critInjure:250,dodge:0,ignoreCrit:0,ignoreCritInjure:0,critBoss:250,critInjureBoss:0
[2026-06-14 02:28:48,775] ?????????(BUFF?)?hit:0,crit:0,critInjure:0,dodge:0,ignoreCrit:0,ignoreCritInjure:0,critBoss:0,critInjureBoss:0
[2026-06-14 02:28:48,775] ?????????(BUFF?)?maxPAtk:109807,maxPDef:68309,maxMDef:37615,ignorePDef:0,ignoreMDef:6887,injureAdd:0,injureIgnore:0,injureAddBoss:100
[2026-06-14 02:28:48,775] ?????????(BUFF?)?maxPAtk:7000,maxPDef:1320,maxMDef:1320,ignorePDef:0,ignoreMDef:0,injureAdd:0,injureIgnore:0,injureAddBoss:0
[2026-06-14 02:28:48,775] ?????????(BUFF?)?maxPAtk:109807,maxPDef:68309,maxMDef:37615,ignorePDef:0,ignoreMDef:6887,injureAdd:0,injureIgnore:0,injureAddBoss:100
[2026-06-14 02:28:48,775] ?????????(BUFF?)?maxPAtk:7000,maxPDef:1320,maxMDef:1320,ignorePDef:0,ignoreMDef:0,injureAdd:0,injureIgnore:0,injureAddBoss:0
[2026-06-14 02:28:48,775] ?????111005
[2026-06-14 02:28:48,775] ??????BUFF???111005
[2026-06-14 02:28:48,775] (Xilisi,4c695f44-a238-4425-b696-a3ece6fd6b98) ???111005;????279367/660000
[2026-06-14 02:28:48,775] =========[Otherworld Elf Ruila]?????END??(Fireball)

[2026-06-14 02:28:48,957] ????????[????],posX=12,posY=12
[2026-06-14 02:28:49,324] ????????[????],posX=13,posY=13
[2026-06-14 02:28:49,338] (????) ???1200;????6949926/6949926

[2026-06-14 02:28:49,343] >>>>>[Xilisi]?????BEGIN??(Boss Ranged Attack), ??=NormalATK, ???????, ?????6
[2026-06-14 02:28:49,343] >>>>>[Xilisi]?????(????), ????[15,14]; ????[13,13]
[2026-06-14 02:28:49,343] ?????????1
[2026-06-14 02:28:49,343] >>>>???(Xilisi) -> (????) ?????100, ?????0, ?????1, ??XP???false
[2026-06-14 02:28:49,343] ?????????(BUFF?)?hit:0,crit:0,critInjure:0,dodge:0,ignoreCrit:0,ignoreCritInjure:0,critBoss:0,critInjureBoss:0
[2026-06-14 02:28:49,343] ?????????(BUFF?)?hit:60,crit:288,critInjure:610,dodge:15,ignoreCrit:0,ignoreCritInjure:0,critBoss:250,critInjureBoss:0
[2026-06-14 02:28:49,343] ?????????(BUFF?)?hit:0,crit:0,critInjure:0,dodge:0,ignoreCrit:0,ignoreCritInjure:0,critBoss:0,critInjureBoss:0
[2026-06-14 02:28:49,343] ?????????(BUFF?)?hit:60,crit:288,critInjure:610,dodge:15,ignoreCrit:0,ignoreCritInjure:0,critBoss:250,critInjureBoss:0
[2026-06-14 02:28:49,343] ?????????(BUFF?)?maxPAtk:7000,maxPDef:1320,maxMDef:1320,ignorePDef:0,ignoreMDef:0,injureAdd:0,injureIgnore:0,injureAddBoss:0
[2026-06-14 02:28:49,343] ?????????(BUFF?)?maxPAtk:537036,maxPDef:320573,maxMDef:292686,ignorePDef:923,ignoreMDef:1836,injureAdd:0,injureIgnore:1000,injureAddBoss:100
[2026-06-14 02:28:49,343] [????]??BUFF?(Starlight Power), ??=self Damage Reduction increases by|C:0x34E22C&T:10%|T:, for|C:0x34E22C&T:3|T:s, ?????1999
[2026-06-14 02:28:49,343] ?????????(BUFF?)?maxPAtk:7000,maxPDef:1320,maxMDef:1320,ignorePDef:0,ignoreMDef:0,injureAdd:0,injureIgnore:0,injureAddBoss:0
[2026-06-14 02:28:49,343] ?????????(BUFF?)?maxPAtk:537036,maxPDef:320573,maxMDef:292686,ignorePDef:923,ignoreMDef:1836,injureAdd:0,injureIgnore:2000,injureAddBoss:100
[2026-06-14 02:28:49,343] ?????130
[2026-06-14 02:28:49,343] ??????BUFF???130
[2026-06-14 02:28:49,343] [????]??BUFF?(Giant Rock Holy Shield), ??=Absorb Max HP|C:0x34E22C&T:20%|T:damage, ?????3830
[2026-06-14 02:28:49,343] [????]?????130, ?????1389725
[2026-06-14 02:28:49,343] (????,d1806f2b-c67b-4e48-8e65-e94548e56e23) ???0;????6949926/6949926
[2026-06-14 02:28:49,343] =========[Xilisi]?????END??(Boss Ranged Attack)


[2026-06-14 02:28:49,356] ????????[ebc35acd-9d47-43c8-b6d6-2e231c80d600]->[4c695f44-a238-4425-b696-a3ece6fd6b98],?????[1201]
[2026-06-14 02:28:49,356] ??????????[?????,ebc35acd-9d47-43c8-b6d6-2e231c80d600]->[Xilisi,4c695f44-a238-4425-b696-a3ece6fd6b98],?????[1201]

[2026-06-14 02:28:49,356] >>>>>[?????]?????BEGIN??(Fireball), ??=Single Target ATK, uses Magic's power to form a fireball, targeting Single target,deal|C:0x34E22C&T:100%+100|T:Magic Damage., ???Xilisi, ?????2
[2026-06-14 02:28:49,356] >>>>>[?????]?????(Xilisi), ????[9,13]; ????[15,14]
[2026-06-14 02:28:49,356] ?????????1
[2026-06-14 02:28:49,356] >>>>???(?????) -> (Xilisi) ?????100, ?????100, ?????1, ??XP???false
[2026-06-14 02:28:49,356] ?????????(BUFF?)?hit:0,crit:0,critInjure:250,dodge:0,ignoreCrit:0,ignoreCritInjure:0,critBoss:250,critInjureBoss:0
[2026-06-14 02:28:49,356] ?????????(BUFF?)?hit:0,crit:0,critInjure:0,dodge:0,ignoreCrit:0,ignoreCritInjure:0,critBoss:0,critInjureBoss:0
[2026-06-14 02:28:49,356] ?????????(BUFF?)?hit:0,crit:0,critInjure:250,dodge:0,ignoreCrit:0,ignoreCritInjure:0,critBoss:250,critInjureBoss:0
[2026-06-14 02:28:49,356] ?????????(BUFF?)?hit:0,crit:0,critInjure:0,dodge:0,ignoreCrit:0,ignoreCritInjure:0,critBoss:0,critInjureBoss:0
[2026-06-14 02:28:49,356] ?????????(BUFF?)?maxPAtk:155688,maxPDef:88198,maxMDef:65660,ignorePDef:0,ignoreMDef:35063,injureAdd:100,injureIgnore:0,injureAddBoss:100
[2026-06-14 02:28:49,356] ?????????(BUFF?)?maxPAtk:7000,maxPDef:1320,maxMDef:1320,ignorePDef:0,ignoreMDef:0,injureAdd:0,injureIgnore:0,injureAddBoss:0
[2026-06-14 02:28:49,356] ?????????(BUFF?)?maxPAtk:155688,maxPDef:88198,maxMDef:65660,ignorePDef:0,ignoreMDef:35063,injureAdd:100,injureIgnore:0,injureAddBoss:100
[2026-06-14 02:28:49,356] ?????????(BUFF?)?maxPAtk:7000,maxPDef:1320,maxMDef:1320,ignorePDef:0,ignoreMDef:0,injureAdd:0,injureIgnore:0,injureAddBoss:0
[2026-06-14 02:28:49,356] ?????158901
[2026-06-14 02:28:49,356] ??????BUFF???158901
[2026-06-14 02:28:49,356] (Xilisi,4c695f44-a238-4425-b696-a3ece6fd6b98) ???158901;????120466/660000
[2026-06-14 02:28:49,356] =========[?????]?????END??(Fireball)


[2026-06-14 02:28:49,723] ????????[65b226f4-3d1c-4a60-838c-6aa6fda1c644]->[4c695f44-a238-4425-b696-a3ece6fd6b98],?????[1201]
[2026-06-14 02:28:49,723] ??????????[?????,65b226f4-3d1c-4a60-838c-6aa6fda1c644]->[Xilisi,4c695f44-a238-4425-b696-a3ece6fd6b98],?????[1201]

[2026-06-14 02:28:49,723] >>>>>[?????]?????BEGIN??(Fireball), ??=Single Target ATK, uses Magic's power to form a fireball, targeting Single target,deal|C:0x34E22C&T:100%+100|T:Magic Damage., ???Xilisi, ?????2
[2026-06-14 02:28:49,723] >>>>>[?????]?????(Xilisi), ????[9,13]; ????[15,14]
[2026-06-14 02:28:49,723] ?????????1
[2026-06-14 02:28:49,723] >>>>???(?????) -> (Xilisi) ?????100, ?????100, ?????1, ??XP???false
[2026-06-14 02:28:49,723] ?????????(BUFF?)?hit:0,crit:0,critInjure:250,dodge:0,ignoreCrit:0,ignoreCritInjure:0,critBoss:250,critInjureBoss:0
[2026-06-14 02:28:49,723] ?????????(BUFF?)?hit:0,crit:0,critInjure:0,dodge:0,ignoreCrit:0,ignoreCritInjure:0,critBoss:0,critInjureBoss:0
[2026-06-14 02:28:49,723] ?????????(BUFF?)?hit:0,crit:0,critInjure:250,dodge:0,ignoreCrit:0,ignoreCritInjure:0,critBoss:250,critInjureBoss:0
[2026-06-14 02:28:49,723] ?????????(BUFF?)?hit:0,crit:0,critInjure:0,dodge:0,ignoreCrit:0,ignoreCritInjure:0,critBoss:0,critInjureBoss:0
[2026-06-14 02:28:49,723] ?????????(BUFF?)?maxPAtk:109532,maxPDef:64692,maxMDef:38977,ignorePDef:0,ignoreMDef:5809,injureAdd:0,injureIgnore:0,injureAddBoss:100
[2026-06-14 02:28:49,723] ?????????(BUFF?)?maxPAtk:7000,maxPDef:1320,maxMDef:1320,ignorePDef:0,ignoreMDef:0,injureAdd:0,injureIgnore:0,injureAddBoss:0
[2026-06-14 02:28:49,723] ?????????(BUFF?)?maxPAtk:109532,maxPDef:64692,maxMDef:38977,ignorePDef:0,ignoreMDef:5809,injureAdd:0,injureIgnore:0,injureAddBoss:100
[2026-06-14 02:28:49,723] ?????????(BUFF?)?maxPAtk:7000,maxPDef:1320,maxMDef:1320,ignorePDef:0,ignoreMDef:0,injureAdd:0,injureIgnore:0,injureAddBoss:0
[2026-06-14 02:28:49,723] ?????110727
[2026-06-14 02:28:49,723] ??????BUFF???110727
[2026-06-14 02:28:49,723] (Xilisi,4c695f44-a238-4425-b696-a3ece6fd6b98) ???110727;????9739/660000
[2026-06-14 02:28:49,723] =========[?????]?????END??(Fireball)


[2026-06-14 02:28:49,723] ????????[bd0d352c-abdf-4576-a426-08b6080bd21e]->[4c695f44-a238-4425-b696-a3ece6fd6b98],?????[1201]
[2026-06-14 02:28:49,723] ??????????[Otherworld Elf Ruila,bd0d352c-abdf-4576-a426-08b6080bd21e]->[Xilisi,4c695f44-a238-4425-b696-a3ece6fd6b98],?????[1201]

[2026-06-14 02:28:49,723] >>>>>[Otherworld Elf Ruila]?????BEGIN??(Fireball), ??=Single Target ATK, uses Magic's power to form a fireball, targeting Single target,deal|C:0x34E22C&T:100%+100|T:Magic Damage., ???Xilisi, ?????2
[2026-06-14 02:28:49,723] >>>>>[Otherworld Elf Ruila]?????(Xilisi), ????[9,13]; ????[15,14]
[2026-06-14 02:28:49,723] ?????????1
[2026-06-14 02:28:49,723] >>>>???(Otherworld Elf Ruila) -> (Xilisi) ?????100, ?????100, ?????1, ??XP???false
[2026-06-14 02:28:49,723] ?????????(BUFF?)?hit:0,crit:0,critInjure:250,dodge:0,ignoreCrit:0,ignoreCritInjure:0,critBoss:250,critInjureBoss:0
[2026-06-14 02:28:49,723] ?????????(BUFF?)?hit:0,crit:0,critInjure:0,dodge:0,ignoreCrit:0,ignoreCritInjure:0,critBoss:0,critInjureBoss:0
[2026-06-14 02:28:49,723] ?????????(BUFF?)?hit:0,crit:0,critInjure:250,dodge:0,ignoreCrit:0,ignoreCritInjure:0,critBoss:250,critInjureBoss:0
[2026-06-14 02:28:49,723] ?????????(BUFF?)?hit:0,crit:0,critInjure:0,dodge:0,ignoreCrit:0,ignoreCritInjure:0,critBoss:0,critInjureBoss:0
[2026-06-14 02:28:49,723] ?????????(BUFF?)?maxPAtk:109807,maxPDef:68309,maxMDef:37615,ignorePDef:0,ignoreMDef:6887,injureAdd:0,injureIgnore:0,injureAddBoss:100
[2026-06-14 02:28:49,723] ?????????(BUFF?)?maxPAtk:7000,maxPDef:1320,maxMDef:1320,ignorePDef:0,ignoreMDef:0,injureAdd:0,injureIgnore:0,injureAddBoss:0
[2026-06-14 02:28:49,723] ?????????(BUFF?)?maxPAtk:109807,maxPDef:68309,maxMDef:37615,ignorePDef:0,ignoreMDef:6887,injureAdd:0,injureIgnore:0,injureAddBoss:100
[2026-06-14 02:28:49,723] ?????????(BUFF?)?maxPAtk:7000,maxPDef:1320,maxMDef:1320,ignorePDef:0,ignoreMDef:0,injureAdd:0,injureIgnore:0,injureAddBoss:0
[2026-06-14 02:28:49,723] ?????111005
[2026-06-14 02:28:49,723] ??????BUFF???111005
[2026-06-14 02:28:49,723] (Xilisi,4c695f44-a238-4425-b696-a3ece6fd6b98) ???111005;????0/660000
[2026-06-14 02:28:49,723] ???(????,d1806f2b-c67b-4e48-8e65-e94548e56e23) ??????: objectId=4c695f44-a238-4425-b696-a3ece6fd6b98,status=0
[2026-06-14 02:28:49,725] (Xilisi,4c695f44-a238-4425-b696-a3ece6fd6b98) ?????1781375329725
[2026-06-14 02:28:49,725] =========[Otherworld Elf Ruila]?????END??(Fireball)

[2026-06-14 02:28:50,389] ?canControlObject??????????name=[????]
