[2026-06-14 02:30:37,618] ?Immortal King?????????????
[2026-06-14 02:30:37,618] [????]??BUFF?(Giant Rock Holy Shield[3201])
[2026-06-14 02:30:37,618] [????]??BUFF?(Phantom[2101])
[2026-06-14 02:30:37,618] (????) ???1200;????6949926/6949926

[2026-06-14 02:30:38,387] ????????[ebc35acd-9d47-43c8-b6d6-2e231c80d600]->[3aa9f960-a2f2-4053-bab5-73b90a3c6fe0],?????[1201]
[2026-06-14 02:30:38,387] ??????????[?????,ebc35acd-9d47-43c8-b6d6-2e231c80d600]->[Immortal King,3aa9f960-a2f2-4053-bab5-73b90a3c6fe0],?????[1201]

[2026-06-14 02:30:38,387] >>>>>[?????]?????BEGIN??(Fireball), ??=Single Target ATK, uses Magic's power to form a fireball, targeting Single target,deal|C:0x34E22C&T:100%+100|T:Magic Damage., ???Immortal King, ?????2
[2026-06-14 02:30:38,387] >>>>>[?????]?????(Immortal King), ????[7,13]; ????[12,13]
[2026-06-14 02:30:38,387] ?????????1
[2026-06-14 02:30:38,387] >>>>???(?????) -> (Immortal King) ?????100, ?????100, ?????1, ??XP???false
[2026-06-14 02:30:38,387] ?????????(BUFF?)?hit:0,crit:0,critInjure:250,dodge:0,ignoreCrit:0,ignoreCritInjure:0,critBoss:250,critInjureBoss:0
[2026-06-14 02:30:38,387] ?????????(BUFF?)?hit:0,crit:0,critInjure:0,dodge:0,ignoreCrit:0,ignoreCritInjure:0,critBoss:0,critInjureBoss:0
[2026-06-14 02:30:38,387] ?????????(BUFF?)?hit:0,crit:0,critInjure:250,dodge:0,ignoreCrit:0,ignoreCritInjure:0,critBoss:250,critInjureBoss:0
[2026-06-14 02:30:38,387] ?????????(BUFF?)?hit:0,crit:0,critInjure:0,dodge:0,ignoreCrit:0,ignoreCritInjure:0,critBoss:0,critInjureBoss:0
[2026-06-14 02:30:38,387] ?????????(BUFF?)?maxPAtk:155688,maxPDef:88198,maxMDef:65660,ignorePDef:0,ignoreMDef:35063,injureAdd:100,injureIgnore:0,injureAddBoss:100
[2026-06-14 02:30:38,387] ?????????(BUFF?)?maxPAtk:7218,maxPDef:1376,maxMDef:1376,ignorePDef:0,ignoreMDef:0,injureAdd:0,injureIgnore:0,injureAddBoss:0
[2026-06-14 02:30:38,387] ?????????(BUFF?)?maxPAtk:155688,maxPDef:88198,maxMDef:65660,ignorePDef:0,ignoreMDef:35063,injureAdd:100,injureIgnore:0,injureAddBoss:100
[2026-06-14 02:30:38,387] ?????????(BUFF?)?maxPAtk:7218,maxPDef:1376,maxMDef:1376,ignorePDef:0,ignoreMDef:0,injureAdd:0,injureIgnore:0,injureAddBoss:0
[2026-06-14 02:30:38,387] ?????158901
[2026-06-14 02:30:38,387] ??????BUFF???158901
[2026-06-14 02:30:38,387] (Immortal King,3aa9f960-a2f2-4053-bab5-73b90a3c6fe0) ???158901;????529099/688000
[2026-06-14 02:30:38,387] =========[?????]?????END??(Fireball)


[2026-06-14 02:30:38,454] ????????[d1806f2b-c67b-4e48-8e65-e94548e56e23]->[3aa9f960-a2f2-4053-bab5-73b90a3c6fe0],?????[9]
[2026-06-14 02:30:38,454] ??????????[????,d1806f2b-c67b-4e48-8e65-e94548e56e23]->[Immortal King,3aa9f960-a2f2-4053-bab5-73b90a3c6fe0],?????[9]

[2026-06-14 02:30:38,454] >>>>>[????]?????BEGIN??(Giant Rock Holy Shield), ??=Support Skill, applies Shield Reduction of|C:0x34E22C&T:20%|T: damage value, for|C:0x34E22C&T:5|T:s, upon breaking, targets surrounding enemies, dealing|C:0x34E22C&T:120%+{0}|T:Magic Damage, ???????, ?????0
[2026-06-14 02:30:38,454] [????]??BUFF?(Giant Rock Holy Shield[3201]), ????=5000, ??=2000
[2026-06-14 02:30:38,454] [????]?????1389985
[2026-06-14 02:30:38,454] =========[????]???????????(Giant Rock Holy Shield)

[2026-06-14 02:30:38,556] ????????[????],posX=8,posY=13
[2026-06-14 02:30:38,618] (????) ???1200;????6949926/6949926

[2026-06-14 02:30:38,721] ????????[65b226f4-3d1c-4a60-838c-6aa6fda1c644]->[3aa9f960-a2f2-4053-bab5-73b90a3c6fe0],?????[1201]
[2026-06-14 02:30:38,721] ??????????[?????,65b226f4-3d1c-4a60-838c-6aa6fda1c644]->[Immortal King,3aa9f960-a2f2-4053-bab5-73b90a3c6fe0],?????[1201]

[2026-06-14 02:30:38,721] >>>>>[?????]?????BEGIN??(Fireball), ??=Single Target ATK, uses Magic's power to form a fireball, targeting Single target,deal|C:0x34E22C&T:100%+100|T:Magic Damage., ???Immortal King, ?????2
[2026-06-14 02:30:38,721] >>>>>[?????]?????(Immortal King), ????[7,13]; ????[12,13]
[2026-06-14 02:30:38,721] ?????????1
[2026-06-14 02:30:38,721] >>>>???(?????) -> (Immortal King) ?????100, ?????100, ?????1, ??XP???false
[2026-06-14 02:30:38,721] ?????????(BUFF?)?hit:0,crit:0,critInjure:250,dodge:0,ignoreCrit:0,ignoreCritInjure:0,critBoss:250,critInjureBoss:0
[2026-06-14 02:30:38,721] ?????????(BUFF?)?hit:0,crit:0,critInjure:0,dodge:0,ignoreCrit:0,ignoreCritInjure:0,critBoss:0,critInjureBoss:0
[2026-06-14 02:30:38,721] ?????????(BUFF?)?hit:0,crit:0,critInjure:250,dodge:0,ignoreCrit:0,ignoreCritInjure:0,critBoss:250,critInjureBoss:0
[2026-06-14 02:30:38,721] ?????????(BUFF?)?hit:0,crit:0,critInjure:0,dodge:0,ignoreCrit:0,ignoreCritInjure:0,critBoss:0,critInjureBoss:0
[2026-06-14 02:30:38,721] ?????????(BUFF?)?maxPAtk:109532,maxPDef:64692,maxMDef:38977,ignorePDef:0,ignoreMDef:5809,injureAdd:0,injureIgnore:0,injureAddBoss:100
[2026-06-14 02:30:38,721] ?????????(BUFF?)?maxPAtk:7218,maxPDef:1376,maxMDef:1376,ignorePDef:0,ignoreMDef:0,injureAdd:0,injureIgnore:0,injureAddBoss:0
[2026-06-14 02:30:38,721] ?????????(BUFF?)?maxPAtk:109532,maxPDef:64692,maxMDef:38977,ignorePDef:0,ignoreMDef:5809,injureAdd:0,injureIgnore:0,injureAddBoss:100
[2026-06-14 02:30:38,721] ?????????(BUFF?)?maxPAtk:7218,maxPDef:1376,maxMDef:1376,ignorePDef:0,ignoreMDef:0,injureAdd:0,injureIgnore:0,injureAddBoss:0
[2026-06-14 02:30:38,721] ?????110727
[2026-06-14 02:30:38,721] ??????BUFF???110727
[2026-06-14 02:30:38,721] (Immortal King,3aa9f960-a2f2-4053-bab5-73b90a3c6fe0) ???110727;????418372/688000
[2026-06-14 02:30:38,721] =========[?????]?????END??(Fireball)


[2026-06-14 02:30:38,721] ????????[bd0d352c-abdf-4576-a426-08b6080bd21e]->[3aa9f960-a2f2-4053-bab5-73b90a3c6fe0],?????[1201]
[2026-06-14 02:30:38,721] ??????????[Otherworld Elf Ruila,bd0d352c-abdf-4576-a426-08b6080bd21e]->[Immortal King,3aa9f960-a2f2-4053-bab5-73b90a3c6fe0],?????[1201]

[2026-06-14 02:30:38,721] >>>>>[Otherworld Elf Ruila]?????BEGIN??(Fireball), ??=Single Target ATK, uses Magic's power to form a fireball, targeting Single target,deal|C:0x34E22C&T:100%+100|T:Magic Damage., ???Immortal King, ?????2
[2026-06-14 02:30:38,721] >>>>>[Otherworld Elf Ruila]?????(Immortal King), ????[7,13]; ????[12,13]
[2026-06-14 02:30:38,721] ?????????1
[2026-06-14 02:30:38,721] >>>>???(Otherworld Elf Ruila) -> (Immortal King) ?????100, ?????100, ?????1, ??XP???false
[2026-06-14 02:30:38,721] ?????????(BUFF?)?hit:0,crit:0,critInjure:250,dodge:0,ignoreCrit:0,ignoreCritInjure:0,critBoss:250,critInjureBoss:0
[2026-06-14 02:30:38,721] ?????????(BUFF?)?hit:0,crit:0,critInjure:0,dodge:0,ignoreCrit:0,ignoreCritInjure:0,critBoss:0,critInjureBoss:0
[2026-06-14 02:30:38,721] ?????????(BUFF?)?hit:0,crit:0,critInjure:250,dodge:0,ignoreCrit:0,ignoreCritInjure:0,critBoss:250,critInjureBoss:0
[2026-06-14 02:30:38,721] ?????????(BUFF?)?hit:0,crit:0,critInjure:0,dodge:0,ignoreCrit:0,ignoreCritInjure:0,critBoss:0,critInjureBoss:0
[2026-06-14 02:30:38,721] ?????????(BUFF?)?maxPAtk:109807,maxPDef:68309,maxMDef:37615,ignorePDef:0,ignoreMDef:6887,injureAdd:0,injureIgnore:0,injureAddBoss:100
[2026-06-14 02:30:38,721] ?????????(BUFF?)?maxPAtk:7218,maxPDef:1376,maxMDef:1376,ignorePDef:0,ignoreMDef:0,injureAdd:0,injureIgnore:0,injureAddBoss:0
[2026-06-14 02:30:38,721] ?????????(BUFF?)?maxPAtk:109807,maxPDef:68309,maxMDef:37615,ignorePDef:0,ignoreMDef:6887,injureAdd:0,injureIgnore:0,injureAddBoss:100
[2026-06-14 02:30:38,721] ?????????(BUFF?)?maxPAtk:7218,maxPDef:1376,maxMDef:1376,ignorePDef:0,ignoreMDef:0,injureAdd:0,injureIgnore:0,injureAddBoss:0
[2026-06-14 02:30:38,721] ?????111005
[2026-06-14 02:30:38,721] ??????BUFF???111005
[2026-06-14 02:30:38,721] (Immortal King,3aa9f960-a2f2-4053-bab5-73b90a3c6fe0) ???111005;????307367/688000
[2026-06-14 02:30:38,721] =========[Otherworld Elf Ruila]?????END??(Fireball)

[2026-06-14 02:30:38,889] ????????[????],posX=9,posY=12
[2026-06-14 02:30:39,238] ????????[????],posX=10,posY=12

[2026-06-14 02:30:39,304] ????????[ebc35acd-9d47-43c8-b6d6-2e231c80d600]->[3aa9f960-a2f2-4053-bab5-73b90a3c6fe0],?????[1201]
[2026-06-14 02:30:39,304] ??????????[?????,ebc35acd-9d47-43c8-b6d6-2e231c80d600]->[Immortal King,3aa9f960-a2f2-4053-bab5-73b90a3c6fe0],?????[1201]

[2026-06-14 02:30:39,304] >>>>>[?????]?????BEGIN??(Fireball), ??=Single Target ATK, uses Magic's power to form a fireball, targeting Single target,deal|C:0x34E22C&T:100%+100|T:Magic Damage., ???Immortal King, ?????2
[2026-06-14 02:30:39,304] >>>>>[?????]?????(Immortal King), ????[7,13]; ????[12,13]
[2026-06-14 02:30:39,304] ?????????1
[2026-06-14 02:30:39,304] >>>>???(?????) -> (Immortal King) ?????100, ?????100, ?????1, ??XP???false
[2026-06-14 02:30:39,304] ?????????(BUFF?)?hit:0,crit:0,critInjure:250,dodge:0,ignoreCrit:0,ignoreCritInjure:0,critBoss:250,critInjureBoss:0
[2026-06-14 02:30:39,304] ?????????(BUFF?)?hit:0,crit:0,critInjure:0,dodge:0,ignoreCrit:0,ignoreCritInjure:0,critBoss:0,critInjureBoss:0
[2026-06-14 02:30:39,304] ?????????(BUFF?)?hit:0,crit:0,critInjure:250,dodge:0,ignoreCrit:0,ignoreCritInjure:0,critBoss:250,critInjureBoss:0
[2026-06-14 02:30:39,304] ?????????(BUFF?)?hit:0,crit:0,critInjure:0,dodge:0,ignoreCrit:0,ignoreCritInjure:0,critBoss:0,critInjureBoss:0
[2026-06-14 02:30:39,304] ?????????(BUFF?)?maxPAtk:155688,maxPDef:88198,maxMDef:65660,ignorePDef:0,ignoreMDef:35063,injureAdd:100,injureIgnore:0,injureAddBoss:100
[2026-06-14 02:30:39,304] ?????????(BUFF?)?maxPAtk:7218,maxPDef:1376,maxMDef:1376,ignorePDef:0,ignoreMDef:0,injureAdd:0,injureIgnore:0,injureAddBoss:0
[2026-06-14 02:30:39,304] ?????????(BUFF?)?maxPAtk:155688,maxPDef:88198,maxMDef:65660,ignorePDef:0,ignoreMDef:35063,injureAdd:100,injureIgnore:0,injureAddBoss:100
[2026-06-14 02:30:39,304] ?????????(BUFF?)?maxPAtk:7218,maxPDef:1376,maxMDef:1376,ignorePDef:0,ignoreMDef:0,injureAdd:0,injureIgnore:0,injureAddBoss:0
[2026-06-14 02:30:39,304] ?????158901
[2026-06-14 02:30:39,304] ??????BUFF???158901
[2026-06-14 02:30:39,304] (Immortal King,3aa9f960-a2f2-4053-bab5-73b90a3c6fe0) ???158901;????148466/688000
[2026-06-14 02:30:39,304] =========[?????]?????END??(Fireball)


[2026-06-14 02:30:39,557] >>>>>[Immortal King]?????BEGIN??(Boss Melee Attack), ??=NormalATK, ???????, ?????4
[2026-06-14 02:30:39,557] >>>>>[Immortal King]?????(????), ????[12,13]; ????[10,12]
[2026-06-14 02:30:39,557] ?????????1
[2026-06-14 02:30:39,557] >>>>???(Immortal King) -> (????) ?????100, ?????0, ?????0, ??XP???false
[2026-06-14 02:30:39,557] ?????????(BUFF?)?hit:0,crit:0,critInjure:0,dodge:0,ignoreCrit:0,ignoreCritInjure:0,critBoss:0,critInjureBoss:0
[2026-06-14 02:30:39,557] ?????????(BUFF?)?hit:60,crit:288,critInjure:610,dodge:15,ignoreCrit:0,ignoreCritInjure:0,critBoss:250,critInjureBoss:0
[2026-06-14 02:30:39,557] ?????????(BUFF?)?hit:0,crit:0,critInjure:0,dodge:0,ignoreCrit:0,ignoreCritInjure:0,critBoss:0,critInjureBoss:0
[2026-06-14 02:30:39,557] ?????????(BUFF?)?hit:60,crit:288,critInjure:610,dodge:15,ignoreCrit:0,ignoreCritInjure:0,critBoss:250,critInjureBoss:0
[2026-06-14 02:30:39,557] ?????????(BUFF?)?maxPAtk:7218,maxPDef:1376,maxMDef:1376,ignorePDef:0,ignoreMDef:0,injureAdd:0,injureIgnore:0,injureAddBoss:0
[2026-06-14 02:30:39,557] ?????????(BUFF?)?maxPAtk:537036,maxPDef:320573,maxMDef:292686,ignorePDef:923,ignoreMDef:1836,injureAdd:0,injureIgnore:1000,injureAddBoss:100
[2026-06-14 02:30:39,557] [????]???????(Wing Strike), ??=1000, buffStr=602011, ???????
[2026-06-14 02:30:39,557] [????]??BUFF?(Wing Strike[2302]), ????=0, ??=10000
[2026-06-14 02:30:39,557] ?????????(BUFF?)?maxPAtk:7218,maxPDef:1376,maxMDef:1376,ignorePDef:0,ignoreMDef:0,injureAdd:0,injureIgnore:0,injureAddBoss:0
[2026-06-14 02:30:39,557] ?????????(BUFF?)?maxPAtk:537036,maxPDef:320573,maxMDef:292686,ignorePDef:923,ignoreMDef:1836,injureAdd:0,injureIgnore:1000,injureAddBoss:100
[2026-06-14 02:30:39,557] ?????142
[2026-06-14 02:30:39,557] ??????BUFF???142
[2026-06-14 02:30:39,557] [????]??BUFF?(Giant Rock Holy Shield), ??=Absorb Max HP|C:0x34E22C&T:20%|T:damage, ?????3897
[2026-06-14 02:30:39,557] [????]?????142, ?????1389843
[2026-06-14 02:30:39,557] (????,d1806f2b-c67b-4e48-8e65-e94548e56e23) ???0;????6949926/6949926
[2026-06-14 02:30:39,557] [????]??BUFF?(Wing Strike), ??=deal|C:0x34E22C&T:10000|T: ptscounterattack damage, ?????0
[2026-06-14 02:30:39,557] (Immortal King,3aa9f960-a2f2-4053-bab5-73b90a3c6fe0) ???10000;????138466/688000
[2026-06-14 02:30:39,557] =========[Immortal King]?????END??(Boss Melee Attack)

[2026-06-14 02:30:39,559] [????]??BUFF?(Wing Strike[2302])
[2026-06-14 02:30:39,618] (????) ???1200;????6949926/6949926

[2026-06-14 02:30:39,654] ????????[65b226f4-3d1c-4a60-838c-6aa6fda1c644]->[3aa9f960-a2f2-4053-bab5-73b90a3c6fe0],?????[1201]
[2026-06-14 02:30:39,654] ??????????[?????,65b226f4-3d1c-4a60-838c-6aa6fda1c644]->[Immortal King,3aa9f960-a2f2-4053-bab5-73b90a3c6fe0],?????[1201]

[2026-06-14 02:30:39,654] >>>>>[?????]?????BEGIN??(Fireball), ??=Single Target ATK, uses Magic's power to form a fireball, targeting Single target,deal|C:0x34E22C&T:100%+100|T:Magic Damage., ???Immortal King, ?????2
[2026-06-14 02:30:39,654] >>>>>[?????]?????(Immortal King), ????[7,13]; ????[12,13]
[2026-06-14 02:30:39,654] ?????????1
[2026-06-14 02:30:39,654] >>>>???(?????) -> (Immortal King) ?????100, ?????100, ?????1, ??XP???false
[2026-06-14 02:30:39,654] ?????????(BUFF?)?hit:0,crit:0,critInjure:250,dodge:0,ignoreCrit:0,ignoreCritInjure:0,critBoss:250,critInjureBoss:0
[2026-06-14 02:30:39,654] ?????????(BUFF?)?hit:0,crit:0,critInjure:0,dodge:0,ignoreCrit:0,ignoreCritInjure:0,critBoss:0,critInjureBoss:0
[2026-06-14 02:30:39,654] ?????????(BUFF?)?hit:0,crit:0,critInjure:250,dodge:0,ignoreCrit:0,ignoreCritInjure:0,critBoss:250,critInjureBoss:0
[2026-06-14 02:30:39,654] ?????????(BUFF?)?hit:0,crit:0,critInjure:0,dodge:0,ignoreCrit:0,ignoreCritInjure:0,critBoss:0,critInjureBoss:0
[2026-06-14 02:30:39,654] ?????????(BUFF?)?maxPAtk:109532,maxPDef:64692,maxMDef:38977,ignorePDef:0,ignoreMDef:5809,injureAdd:0,injureIgnore:0,injureAddBoss:100
[2026-06-14 02:30:39,654] ?????????(BUFF?)?maxPAtk:7218,maxPDef:1376,maxMDef:1376,ignorePDef:0,ignoreMDef:0,injureAdd:0,injureIgnore:0,injureAddBoss:0
[2026-06-14 02:30:39,654] ?????????(BUFF?)?maxPAtk:109532,maxPDef:64692,maxMDef:38977,ignorePDef:0,ignoreMDef:5809,injureAdd:0,injureIgnore:0,injureAddBoss:100
[2026-06-14 02:30:39,654] ?????????(BUFF?)?maxPAtk:7218,maxPDef:1376,maxMDef:1376,ignorePDef:0,ignoreMDef:0,injureAdd:0,injureIgnore:0,injureAddBoss:0
[2026-06-14 02:30:39,654] ?????110727
[2026-06-14 02:30:39,654] ??????BUFF???110727
[2026-06-14 02:30:39,654] (Immortal King,3aa9f960-a2f2-4053-bab5-73b90a3c6fe0) ???110727;????27739/688000
[2026-06-14 02:30:39,654] =========[?????]?????END??(Fireball)


[2026-06-14 02:30:39,654] ????????[bd0d352c-abdf-4576-a426-08b6080bd21e]->[3aa9f960-a2f2-4053-bab5-73b90a3c6fe0],?????[1201]
[2026-06-14 02:30:39,654] ??????????[Otherworld Elf Ruila,bd0d352c-abdf-4576-a426-08b6080bd21e]->[Immortal King,3aa9f960-a2f2-4053-bab5-73b90a3c6fe0],?????[1201]

[2026-06-14 02:30:39,654] >>>>>[Otherworld Elf Ruila]?????BEGIN??(Fireball), ??=Single Target ATK, uses Magic's power to form a fireball, targeting Single target,deal|C:0x34E22C&T:100%+100|T:Magic Damage., ???Immortal King, ?????2
[2026-06-14 02:30:39,654] >>>>>[Otherworld Elf Ruila]?????(Immortal King), ????[7,13]; ????[12,13]
[2026-06-14 02:30:39,654] ?????????1
[2026-06-14 02:30:39,654] >>>>???(Otherworld Elf Ruila) -> (Immortal King) ?????100, ?????100, ?????1, ??XP???false
[2026-06-14 02:30:39,654] ?????????(BUFF?)?hit:0,crit:0,critInjure:250,dodge:0,ignoreCrit:0,ignoreCritInjure:0,critBoss:250,critInjureBoss:0
[2026-06-14 02:30:39,654] ?????????(BUFF?)?hit:0,crit:0,critInjure:0,dodge:0,ignoreCrit:0,ignoreCritInjure:0,critBoss:0,critInjureBoss:0
[2026-06-14 02:30:39,654] ?????????(BUFF?)?hit:0,crit:0,critInjure:250,dodge:0,ignoreCrit:0,ignoreCritInjure:0,critBoss:250,critInjureBoss:0
[2026-06-14 02:30:39,654] ?????????(BUFF?)?hit:0,crit:0,critInjure:0,dodge:0,ignoreCrit:0,ignoreCritInjure:0,critBoss:0,critInjureBoss:0
[2026-06-14 02:30:39,654] ?????????(BUFF?)?maxPAtk:109807,maxPDef:68309,maxMDef:37615,ignorePDef:0,ignoreMDef:6887,injureAdd:0,injureIgnore:0,injureAddBoss:100
[2026-06-14 02:30:39,654] ?????????(BUFF?)?maxPAtk:7218,maxPDef:1376,maxMDef:1376,ignorePDef:0,ignoreMDef:0,injureAdd:0,injureIgnore:0,injureAddBoss:0
[2026-06-14 02:30:39,654] ?????????(BUFF?)?maxPAtk:109807,maxPDef:68309,maxMDef:37615,ignorePDef:0,ignoreMDef:6887,injureAdd:0,injureIgnore:0,injureAddBoss:100
[2026-06-14 02:30:39,654] ?????????(BUFF?)?maxPAtk:7218,maxPDef:1376,maxMDef:1376,ignorePDef:0,ignoreMDef:0,injureAdd:0,injureIgnore:0,injureAddBoss:0
[2026-06-14 02:30:39,654] ?????111005
[2026-06-14 02:30:39,654] ??????BUFF???111005
[2026-06-14 02:30:39,654] (Immortal King,3aa9f960-a2f2-4053-bab5-73b90a3c6fe0) ???111005;????0/688000
[2026-06-14 02:30:39,654] ???(????,d1806f2b-c67b-4e48-8e65-e94548e56e23) ??????: objectId=3aa9f960-a2f2-4053-bab5-73b90a3c6fe0,status=0
[2026-06-14 02:30:39,656] (Immortal King,3aa9f960-a2f2-4053-bab5-73b90a3c6fe0) ?????1781375439656
[2026-06-14 02:30:39,656] =========[Otherworld Elf Ruila]?????END??(Fireball)

[2026-06-14 02:30:40,289] ?canControlObject??????????name=[????]
