[2026-06-14 02:36:27,012] ?Four Seas Sword Spirit?????????????
[2026-06-14 02:36:27,012] [????]??BUFF?(Giant Rock Holy Shield[3201])
[2026-06-14 02:36:27,012] [????]??BUFF?(Starlight Power[2202])
[2026-06-14 02:36:27,012] (????) ???1200;????6949926/6949926

[2026-06-14 02:36:27,854] ????????[d1806f2b-c67b-4e48-8e65-e94548e56e23]->[c8a58da4-f63d-44ca-9d90-f1da7569af2b],?????[9]
[2026-06-14 02:36:27,854] ??????????[????,d1806f2b-c67b-4e48-8e65-e94548e56e23]->[Four Seas Sword Spirit,c8a58da4-f63d-44ca-9d90-f1da7569af2b],?????[9]

[2026-06-14 02:36:27,854] >>>>>[????]?????BEGIN??(Giant Rock Holy Shield), ??=Support Skill, applies Shield Reduction of|C:0x34E22C&T:20%|T: damage value, for|C:0x34E22C&T:5|T:s, upon breaking, targets surrounding enemies, dealing|C:0x34E22C&T:120%+{0}|T:Magic Damage, ???????, ?????0
[2026-06-14 02:36:27,854] [????]??BUFF?(Giant Rock Holy Shield[3201]), ????=5000, ??=2000
[2026-06-14 02:36:27,854] [????]?????1389985
[2026-06-14 02:36:27,854] =========[????]???????????(Giant Rock Holy Shield)


[2026-06-14 02:36:27,889] ????????[ebc35acd-9d47-43c8-b6d6-2e231c80d600]->[c8a58da4-f63d-44ca-9d90-f1da7569af2b],?????[1201]
[2026-06-14 02:36:27,889] ??????????[?????,ebc35acd-9d47-43c8-b6d6-2e231c80d600]->[Four Seas Sword Spirit,c8a58da4-f63d-44ca-9d90-f1da7569af2b],?????[1201]

[2026-06-14 02:36:27,889] >>>>>[?????]?????BEGIN??(Fireball), ??=Single Target ATK, uses Magic's power to form a fireball, targeting Single target,deal|C:0x34E22C&T:100%+100|T:Magic Damage., ???Four Seas Sword Spirit, ?????2
[2026-06-14 02:36:27,889] >>>>>[?????]?????(Four Seas Sword Spirit), ????[17,27]; ????[22,27]
[2026-06-14 02:36:27,889] ?????????1
[2026-06-14 02:36:27,889] >>>>???(?????) -> (Four Seas Sword Spirit) ?????100, ?????100, ?????1, ??XP???false
[2026-06-14 02:36:27,889] ?????????(BUFF?)?hit:0,crit:0,critInjure:250,dodge:0,ignoreCrit:0,ignoreCritInjure:0,critBoss:250,critInjureBoss:0
[2026-06-14 02:36:27,889] ?????????(BUFF?)?hit:0,crit:0,critInjure:0,dodge:0,ignoreCrit:0,ignoreCritInjure:0,critBoss:0,critInjureBoss:0
[2026-06-14 02:36:27,889] ?????????(BUFF?)?hit:0,crit:0,critInjure:250,dodge:0,ignoreCrit:0,ignoreCritInjure:0,critBoss:250,critInjureBoss:0
[2026-06-14 02:36:27,889] ?????????(BUFF?)?hit:0,crit:0,critInjure:0,dodge:0,ignoreCrit:0,ignoreCritInjure:0,critBoss:0,critInjureBoss:0
[2026-06-14 02:36:27,889] ?????????(BUFF?)?maxPAtk:155688,maxPDef:88198,maxMDef:65660,ignorePDef:0,ignoreMDef:35063,injureAdd:100,injureIgnore:0,injureAddBoss:100
[2026-06-14 02:36:27,889] ?????????(BUFF?)?maxPAtk:7873,maxPDef:1544,maxMDef:1544,ignorePDef:0,ignoreMDef:0,injureAdd:0,injureIgnore:0,injureAddBoss:0
[2026-06-14 02:36:27,889] ?????????(BUFF?)?maxPAtk:155688,maxPDef:88198,maxMDef:65660,ignorePDef:0,ignoreMDef:35063,injureAdd:100,injureIgnore:0,injureAddBoss:100
[2026-06-14 02:36:27,889] ?????????(BUFF?)?maxPAtk:7873,maxPDef:1544,maxMDef:1544,ignorePDef:0,ignoreMDef:0,injureAdd:0,injureIgnore:0,injureAddBoss:0
[2026-06-14 02:36:27,889] ?????158901
[2026-06-14 02:36:27,889] ??????BUFF???158901
[2026-06-14 02:36:27,889] (Four Seas Sword Spirit,c8a58da4-f63d-44ca-9d90-f1da7569af2b) ???158901;????613099/772000
[2026-06-14 02:36:27,889] =========[?????]?????END??(Fireball)

[2026-06-14 02:36:27,960] ????????[????],posX=18,posY=27
[2026-06-14 02:36:28,013] (????) ???1200;????6949926/6949926

[2026-06-14 02:36:28,138] ????????[bd0d352c-abdf-4576-a426-08b6080bd21e]->[c8a58da4-f63d-44ca-9d90-f1da7569af2b],?????[1201]
[2026-06-14 02:36:28,138] ??????????[Otherworld Elf Ruila,bd0d352c-abdf-4576-a426-08b6080bd21e]->[Four Seas Sword Spirit,c8a58da4-f63d-44ca-9d90-f1da7569af2b],?????[1201]

[2026-06-14 02:36:28,138] >>>>>[Otherworld Elf Ruila]?????BEGIN??(Fireball), ??=Single Target ATK, uses Magic's power to form a fireball, targeting Single target,deal|C:0x34E22C&T:100%+100|T:Magic Damage., ???Four Seas Sword Spirit, ?????2
[2026-06-14 02:36:28,138] >>>>>[Otherworld Elf Ruila]?????(Four Seas Sword Spirit), ????[17,27]; ????[22,27]
[2026-06-14 02:36:28,138] ?????????1
[2026-06-14 02:36:28,138] >>>>???(Otherworld Elf Ruila) -> (Four Seas Sword Spirit) ?????100, ?????100, ?????1, ??XP???false
[2026-06-14 02:36:28,138] ?????????(BUFF?)?hit:0,crit:0,critInjure:250,dodge:0,ignoreCrit:0,ignoreCritInjure:0,critBoss:250,critInjureBoss:0
[2026-06-14 02:36:28,138] ?????????(BUFF?)?hit:0,crit:0,critInjure:0,dodge:0,ignoreCrit:0,ignoreCritInjure:0,critBoss:0,critInjureBoss:0
[2026-06-14 02:36:28,138] ?????????(BUFF?)?hit:0,crit:0,critInjure:250,dodge:0,ignoreCrit:0,ignoreCritInjure:0,critBoss:250,critInjureBoss:0
[2026-06-14 02:36:28,138] ?????????(BUFF?)?hit:0,crit:0,critInjure:0,dodge:0,ignoreCrit:0,ignoreCritInjure:0,critBoss:0,critInjureBoss:0
[2026-06-14 02:36:28,138] ?????????(BUFF?)?maxPAtk:109807,maxPDef:68309,maxMDef:37615,ignorePDef:0,ignoreMDef:6887,injureAdd:0,injureIgnore:0,injureAddBoss:100
[2026-06-14 02:36:28,138] ?????????(BUFF?)?maxPAtk:7873,maxPDef:1544,maxMDef:1544,ignorePDef:0,ignoreMDef:0,injureAdd:0,injureIgnore:0,injureAddBoss:0
[2026-06-14 02:36:28,138] ?????????(BUFF?)?maxPAtk:109807,maxPDef:68309,maxMDef:37615,ignorePDef:0,ignoreMDef:6887,injureAdd:0,injureIgnore:0,injureAddBoss:100
[2026-06-14 02:36:28,138] ?????????(BUFF?)?maxPAtk:7873,maxPDef:1544,maxMDef:1544,ignorePDef:0,ignoreMDef:0,injureAdd:0,injureIgnore:0,injureAddBoss:0
[2026-06-14 02:36:28,138] ?????111005
[2026-06-14 02:36:28,138] ??????BUFF???111005
[2026-06-14 02:36:28,138] (Four Seas Sword Spirit,c8a58da4-f63d-44ca-9d90-f1da7569af2b) ???111005;????502094/772000
[2026-06-14 02:36:28,138] =========[Otherworld Elf Ruila]?????END??(Fireball)


[2026-06-14 02:36:28,174] ????????[65b226f4-3d1c-4a60-838c-6aa6fda1c644]->[c8a58da4-f63d-44ca-9d90-f1da7569af2b],?????[1201]
[2026-06-14 02:36:28,174] ??????????[?????,65b226f4-3d1c-4a60-838c-6aa6fda1c644]->[Four Seas Sword Spirit,c8a58da4-f63d-44ca-9d90-f1da7569af2b],?????[1201]

[2026-06-14 02:36:28,174] >>>>>[?????]?????BEGIN??(Fireball), ??=Single Target ATK, uses Magic's power to form a fireball, targeting Single target,deal|C:0x34E22C&T:100%+100|T:Magic Damage., ???Four Seas Sword Spirit, ?????2
[2026-06-14 02:36:28,174] >>>>>[?????]?????(Four Seas Sword Spirit), ????[17,27]; ????[22,27]
[2026-06-14 02:36:28,174] ?????????1
[2026-06-14 02:36:28,174] >>>>???(?????) -> (Four Seas Sword Spirit) ?????100, ?????100, ?????1, ??XP???false
[2026-06-14 02:36:28,174] ?????????(BUFF?)?hit:0,crit:0,critInjure:250,dodge:0,ignoreCrit:0,ignoreCritInjure:0,critBoss:250,critInjureBoss:0
[2026-06-14 02:36:28,174] ?????????(BUFF?)?hit:0,crit:0,critInjure:0,dodge:0,ignoreCrit:0,ignoreCritInjure:0,critBoss:0,critInjureBoss:0
[2026-06-14 02:36:28,174] ?????????(BUFF?)?hit:0,crit:0,critInjure:250,dodge:0,ignoreCrit:0,ignoreCritInjure:0,critBoss:250,critInjureBoss:0
[2026-06-14 02:36:28,174] ?????????(BUFF?)?hit:0,crit:0,critInjure:0,dodge:0,ignoreCrit:0,ignoreCritInjure:0,critBoss:0,critInjureBoss:0
[2026-06-14 02:36:28,174] ?????????(BUFF?)?maxPAtk:109532,maxPDef:64692,maxMDef:38977,ignorePDef:0,ignoreMDef:5809,injureAdd:0,injureIgnore:0,injureAddBoss:100
[2026-06-14 02:36:28,174] ?????????(BUFF?)?maxPAtk:7873,maxPDef:1544,maxMDef:1544,ignorePDef:0,ignoreMDef:0,injureAdd:0,injureIgnore:0,injureAddBoss:0
[2026-06-14 02:36:28,174] ?????????(BUFF?)?maxPAtk:109532,maxPDef:64692,maxMDef:38977,ignorePDef:0,ignoreMDef:5809,injureAdd:0,injureIgnore:0,injureAddBoss:100
[2026-06-14 02:36:28,174] ?????????(BUFF?)?maxPAtk:7873,maxPDef:1544,maxMDef:1544,ignorePDef:0,ignoreMDef:0,injureAdd:0,injureIgnore:0,injureAddBoss:0
[2026-06-14 02:36:28,174] ?????110727
[2026-06-14 02:36:28,174] ??????BUFF???110727
[2026-06-14 02:36:28,174] (Four Seas Sword Spirit,c8a58da4-f63d-44ca-9d90-f1da7569af2b) ???110727;????391367/772000
[2026-06-14 02:36:28,174] =========[?????]?????END??(Fireball)

[2026-06-14 02:36:28,279] ????????[????],posX=19,posY=26
[2026-06-14 02:36:28,631] ????????[????],posX=20,posY=26

[2026-06-14 02:36:28,809] ????????[ebc35acd-9d47-43c8-b6d6-2e231c80d600]->[c8a58da4-f63d-44ca-9d90-f1da7569af2b],?????[1201]
[2026-06-14 02:36:28,809] ??????????[?????,ebc35acd-9d47-43c8-b6d6-2e231c80d600]->[Four Seas Sword Spirit,c8a58da4-f63d-44ca-9d90-f1da7569af2b],?????[1201]

[2026-06-14 02:36:28,809] >>>>>[?????]?????BEGIN??(Fireball), ??=Single Target ATK, uses Magic's power to form a fireball, targeting Single target,deal|C:0x34E22C&T:100%+100|T:Magic Damage., ???Four Seas Sword Spirit, ?????2
[2026-06-14 02:36:28,809] >>>>>[?????]?????(Four Seas Sword Spirit), ????[17,27]; ????[22,27]
[2026-06-14 02:36:28,809] ?????????1
[2026-06-14 02:36:28,809] >>>>???(?????) -> (Four Seas Sword Spirit) ?????100, ?????100, ?????1, ??XP???false
[2026-06-14 02:36:28,809] ?????????(BUFF?)?hit:0,crit:0,critInjure:250,dodge:0,ignoreCrit:0,ignoreCritInjure:0,critBoss:250,critInjureBoss:0
[2026-06-14 02:36:28,809] ?????????(BUFF?)?hit:0,crit:0,critInjure:0,dodge:0,ignoreCrit:0,ignoreCritInjure:0,critBoss:0,critInjureBoss:0
[2026-06-14 02:36:28,809] ?????????(BUFF?)?hit:0,crit:0,critInjure:250,dodge:0,ignoreCrit:0,ignoreCritInjure:0,critBoss:250,critInjureBoss:0
[2026-06-14 02:36:28,809] ?????????(BUFF?)?hit:0,crit:0,critInjure:0,dodge:0,ignoreCrit:0,ignoreCritInjure:0,critBoss:0,critInjureBoss:0
[2026-06-14 02:36:28,809] ?????????(BUFF?)?maxPAtk:155688,maxPDef:88198,maxMDef:65660,ignorePDef:0,ignoreMDef:35063,injureAdd:100,injureIgnore:0,injureAddBoss:100
[2026-06-14 02:36:28,809] ?????????(BUFF?)?maxPAtk:7873,maxPDef:1544,maxMDef:1544,ignorePDef:0,ignoreMDef:0,injureAdd:0,injureIgnore:0,injureAddBoss:0
[2026-06-14 02:36:28,809] ?????????(BUFF?)?maxPAtk:155688,maxPDef:88198,maxMDef:65660,ignorePDef:0,ignoreMDef:35063,injureAdd:100,injureIgnore:0,injureAddBoss:100
[2026-06-14 02:36:28,809] ?????????(BUFF?)?maxPAtk:7873,maxPDef:1544,maxMDef:1544,ignorePDef:0,ignoreMDef:0,injureAdd:0,injureIgnore:0,injureAddBoss:0
[2026-06-14 02:36:28,809] ?????158901
[2026-06-14 02:36:28,809] ??????BUFF???158901
[2026-06-14 02:36:28,809] (Four Seas Sword Spirit,c8a58da4-f63d-44ca-9d90-f1da7569af2b) ???158901;????232466/772000
[2026-06-14 02:36:28,809] =========[?????]?????END??(Fireball)


[2026-06-14 02:36:28,961] >>>>>[Four Seas Sword Spirit]?????BEGIN??(Boss Melee Attack), ??=NormalATK, ???????, ?????4
[2026-06-14 02:36:28,961] >>>>>[Four Seas Sword Spirit]?????(????), ????[22,27]; ????[20,26]
[2026-06-14 02:36:28,961] ?????????1
[2026-06-14 02:36:28,961] >>>>???(Four Seas Sword Spirit) -> (????) ?????100, ?????0, ?????0, ??XP???false
[2026-06-14 02:36:28,961] ?????????(BUFF?)?hit:0,crit:0,critInjure:0,dodge:0,ignoreCrit:0,ignoreCritInjure:0,critBoss:0,critInjureBoss:0
[2026-06-14 02:36:28,961] ?????????(BUFF?)?hit:60,crit:288,critInjure:610,dodge:15,ignoreCrit:0,ignoreCritInjure:0,critBoss:250,critInjureBoss:0
[2026-06-14 02:36:28,961] ?????????(BUFF?)?hit:0,crit:0,critInjure:0,dodge:0,ignoreCrit:0,ignoreCritInjure:0,critBoss:0,critInjureBoss:0
[2026-06-14 02:36:28,961] ?????????(BUFF?)?hit:60,crit:288,critInjure:610,dodge:15,ignoreCrit:0,ignoreCritInjure:0,critBoss:250,critInjureBoss:0
[2026-06-14 02:36:28,961] ?????????(BUFF?)?maxPAtk:7873,maxPDef:1544,maxMDef:1544,ignorePDef:0,ignoreMDef:0,injureAdd:0,injureIgnore:0,injureAddBoss:0
[2026-06-14 02:36:28,961] ?????????(BUFF?)?maxPAtk:537036,maxPDef:320573,maxMDef:292686,ignorePDef:923,ignoreMDef:1836,injureAdd:0,injureIgnore:1000,injureAddBoss:100
[2026-06-14 02:36:28,961] ?????????(BUFF?)?maxPAtk:7873,maxPDef:1544,maxMDef:1544,ignorePDef:0,ignoreMDef:0,injureAdd:0,injureIgnore:0,injureAddBoss:0
[2026-06-14 02:36:28,961] ?????????(BUFF?)?maxPAtk:537036,maxPDef:320573,maxMDef:292686,ignorePDef:923,ignoreMDef:1836,injureAdd:0,injureIgnore:1000,injureAddBoss:100
[2026-06-14 02:36:28,961] ?????169
[2026-06-14 02:36:28,961] ??????BUFF???169
[2026-06-14 02:36:28,961] [????]??BUFF?(Giant Rock Holy Shield), ??=Absorb Max HP|C:0x34E22C&T:20%|T:damage, ?????3893
[2026-06-14 02:36:28,961] [????]?????169, ?????1389816
[2026-06-14 02:36:28,961] (????,d1806f2b-c67b-4e48-8e65-e94548e56e23) ???0;????6949926/6949926
[2026-06-14 02:36:28,961] =========[Four Seas Sword Spirit]?????END??(Boss Melee Attack)

[2026-06-14 02:36:29,013] (????) ???1200;????6949926/6949926

[2026-06-14 02:36:29,057] ????????[bd0d352c-abdf-4576-a426-08b6080bd21e]->[c8a58da4-f63d-44ca-9d90-f1da7569af2b],?????[1201]
[2026-06-14 02:36:29,057] ??????????[Otherworld Elf Ruila,bd0d352c-abdf-4576-a426-08b6080bd21e]->[Four Seas Sword Spirit,c8a58da4-f63d-44ca-9d90-f1da7569af2b],?????[1201]

[2026-06-14 02:36:29,057] >>>>>[Otherworld Elf Ruila]?????BEGIN??(Fireball), ??=Single Target ATK, uses Magic's power to form a fireball, targeting Single target,deal|C:0x34E22C&T:100%+100|T:Magic Damage., ???Four Seas Sword Spirit, ?????2
[2026-06-14 02:36:29,057] >>>>>[Otherworld Elf Ruila]?????(Four Seas Sword Spirit), ????[17,27]; ????[22,27]
[2026-06-14 02:36:29,057] ?????????1
[2026-06-14 02:36:29,057] >>>>???(Otherworld Elf Ruila) -> (Four Seas Sword Spirit) ?????100, ?????100, ?????1, ??XP???false
[2026-06-14 02:36:29,057] ?????????(BUFF?)?hit:0,crit:0,critInjure:250,dodge:0,ignoreCrit:0,ignoreCritInjure:0,critBoss:250,critInjureBoss:0
[2026-06-14 02:36:29,057] ?????????(BUFF?)?hit:0,crit:0,critInjure:0,dodge:0,ignoreCrit:0,ignoreCritInjure:0,critBoss:0,critInjureBoss:0
[2026-06-14 02:36:29,057] ?????????(BUFF?)?hit:0,crit:0,critInjure:250,dodge:0,ignoreCrit:0,ignoreCritInjure:0,critBoss:250,critInjureBoss:0
[2026-06-14 02:36:29,057] ?????????(BUFF?)?hit:0,crit:0,critInjure:0,dodge:0,ignoreCrit:0,ignoreCritInjure:0,critBoss:0,critInjureBoss:0
[2026-06-14 02:36:29,057] ?????????(BUFF?)?maxPAtk:109807,maxPDef:68309,maxMDef:37615,ignorePDef:0,ignoreMDef:6887,injureAdd:0,injureIgnore:0,injureAddBoss:100
[2026-06-14 02:36:29,057] ?????????(BUFF?)?maxPAtk:7873,maxPDef:1544,maxMDef:1544,ignorePDef:0,ignoreMDef:0,injureAdd:0,injureIgnore:0,injureAddBoss:0
[2026-06-14 02:36:29,057] ?????????(BUFF?)?maxPAtk:109807,maxPDef:68309,maxMDef:37615,ignorePDef:0,ignoreMDef:6887,injureAdd:0,injureIgnore:0,injureAddBoss:100
[2026-06-14 02:36:29,057] ?????????(BUFF?)?maxPAtk:7873,maxPDef:1544,maxMDef:1544,ignorePDef:0,ignoreMDef:0,injureAdd:0,injureIgnore:0,injureAddBoss:0
[2026-06-14 02:36:29,057] ?????111005
[2026-06-14 02:36:29,057] ??????BUFF???111005
[2026-06-14 02:36:29,057] (Four Seas Sword Spirit,c8a58da4-f63d-44ca-9d90-f1da7569af2b) ???111005;????121461/772000
[2026-06-14 02:36:29,057] =========[Otherworld Elf Ruila]?????END??(Fireball)


[2026-06-14 02:36:29,091] ????????[65b226f4-3d1c-4a60-838c-6aa6fda1c644]->[c8a58da4-f63d-44ca-9d90-f1da7569af2b],?????[1201]
[2026-06-14 02:36:29,091] ??????????[?????,65b226f4-3d1c-4a60-838c-6aa6fda1c644]->[Four Seas Sword Spirit,c8a58da4-f63d-44ca-9d90-f1da7569af2b],?????[1201]

[2026-06-14 02:36:29,091] >>>>>[?????]?????BEGIN??(Fireball), ??=Single Target ATK, uses Magic's power to form a fireball, targeting Single target,deal|C:0x34E22C&T:100%+100|T:Magic Damage., ???Four Seas Sword Spirit, ?????2
[2026-06-14 02:36:29,091] >>>>>[?????]?????(Four Seas Sword Spirit), ????[17,27]; ????[22,27]
[2026-06-14 02:36:29,091] ?????????1
[2026-06-14 02:36:29,091] >>>>???(?????) -> (Four Seas Sword Spirit) ?????100, ?????100, ?????1, ??XP???false
[2026-06-14 02:36:29,091] ?????????(BUFF?)?hit:0,crit:0,critInjure:250,dodge:0,ignoreCrit:0,ignoreCritInjure:0,critBoss:250,critInjureBoss:0
[2026-06-14 02:36:29,091] ?????????(BUFF?)?hit:0,crit:0,critInjure:0,dodge:0,ignoreCrit:0,ignoreCritInjure:0,critBoss:0,critInjureBoss:0
[2026-06-14 02:36:29,091] ?????????(BUFF?)?hit:0,crit:0,critInjure:250,dodge:0,ignoreCrit:0,ignoreCritInjure:0,critBoss:250,critInjureBoss:0
[2026-06-14 02:36:29,091] ?????????(BUFF?)?hit:0,crit:0,critInjure:0,dodge:0,ignoreCrit:0,ignoreCritInjure:0,critBoss:0,critInjureBoss:0
[2026-06-14 02:36:29,091] ?????????(BUFF?)?maxPAtk:109532,maxPDef:64692,maxMDef:38977,ignorePDef:0,ignoreMDef:5809,injureAdd:0,injureIgnore:0,injureAddBoss:100
[2026-06-14 02:36:29,091] ?????????(BUFF?)?maxPAtk:7873,maxPDef:1544,maxMDef:1544,ignorePDef:0,ignoreMDef:0,injureAdd:0,injureIgnore:0,injureAddBoss:0
[2026-06-14 02:36:29,091] ?????????(BUFF?)?maxPAtk:109532,maxPDef:64692,maxMDef:38977,ignorePDef:0,ignoreMDef:5809,injureAdd:0,injureIgnore:0,injureAddBoss:100
[2026-06-14 02:36:29,091] ?????????(BUFF?)?maxPAtk:7873,maxPDef:1544,maxMDef:1544,ignorePDef:0,ignoreMDef:0,injureAdd:0,injureIgnore:0,injureAddBoss:0
[2026-06-14 02:36:29,091] ?????110727
[2026-06-14 02:36:29,091] ??????BUFF???110727
[2026-06-14 02:36:29,091] (Four Seas Sword Spirit,c8a58da4-f63d-44ca-9d90-f1da7569af2b) ???110727;????10734/772000
[2026-06-14 02:36:29,091] =========[?????]?????END??(Fireball)


[2026-06-14 02:36:29,657] ????????[d1806f2b-c67b-4e48-8e65-e94548e56e23]->[c8a58da4-f63d-44ca-9d90-f1da7569af2b],?????[7]
[2026-06-14 02:36:29,657] ??????????[????,d1806f2b-c67b-4e48-8e65-e94548e56e23]->[Four Seas Sword Spirit,c8a58da4-f63d-44ca-9d90-f1da7569af2b],?????[7]

[2026-06-14 02:36:29,657] >>>>>[????]?????BEGIN??(Thunder Blast), ??=Single Target ATK, targets Ranged Single target, dealing|C:0x34E22C&T:100%+{0}|T:Magic Damage, ???Four Seas Sword Spirit, ?????2
[2026-06-14 02:36:29,657] >>>>>[????]?????(Four Seas Sword Spirit), ????[20,26]; ????[22,27]
[2026-06-14 02:36:29,657] ?????????1
[2026-06-14 02:36:29,657] >>>>???(????) -> (Four Seas Sword Spirit) ?????100, ?????8100, ?????1, ??XP???false
[2026-06-14 02:36:29,657] ?????????(BUFF?)?hit:60,crit:288,critInjure:610,dodge:15,ignoreCrit:0,ignoreCritInjure:0,critBoss:250,critInjureBoss:0
[2026-06-14 02:36:29,657] ?????????(BUFF?)?hit:0,crit:0,critInjure:0,dodge:0,ignoreCrit:0,ignoreCritInjure:0,critBoss:0,critInjureBoss:0
[2026-06-14 02:36:29,657] ?????????(BUFF?)?hit:60,crit:288,critInjure:610,dodge:15,ignoreCrit:0,ignoreCritInjure:0,critBoss:250,critInjureBoss:0
[2026-06-14 02:36:29,657] ?????????(BUFF?)?hit:0,crit:0,critInjure:0,dodge:0,ignoreCrit:0,ignoreCritInjure:0,critBoss:0,critInjureBoss:0
[2026-06-14 02:36:29,657] ?????????(BUFF?)?maxPAtk:537036,maxPDef:320573,maxMDef:292686,ignorePDef:923,ignoreMDef:1836,injureAdd:0,injureIgnore:1000,injureAddBoss:100
[2026-06-14 02:36:29,657] ?????????(BUFF?)?maxPAtk:7873,maxPDef:1544,maxMDef:1544,ignorePDef:0,ignoreMDef:0,injureAdd:0,injureIgnore:0,injureAddBoss:0
[2026-06-14 02:36:29,657] ?????????(BUFF?)?maxPAtk:537036,maxPDef:320573,maxMDef:292686,ignorePDef:923,ignoreMDef:1836,injureAdd:0,injureIgnore:1000,injureAddBoss:100
[2026-06-14 02:36:29,657] ?????????(BUFF?)?maxPAtk:7873,maxPDef:1544,maxMDef:1544,ignorePDef:0,ignoreMDef:0,injureAdd:0,injureIgnore:0,injureAddBoss:0
[2026-06-14 02:36:29,657] ?????550506
[2026-06-14 02:36:29,657] ??????BUFF???550506
[2026-06-14 02:36:29,657] (Four Seas Sword Spirit,c8a58da4-f63d-44ca-9d90-f1da7569af2b) ???550506;????0/772000
[2026-06-14 02:36:29,657] ???(????,d1806f2b-c67b-4e48-8e65-e94548e56e23) ??????: objectId=c8a58da4-f63d-44ca-9d90-f1da7569af2b,status=0
[2026-06-14 02:36:29,659] (Four Seas Sword Spirit,c8a58da4-f63d-44ca-9d90-f1da7569af2b) ?????1781375789659
[2026-06-14 02:36:29,659] [????]???????(Chase Strike), ??=2000, buffStr=402011, ???????
[2026-06-14 02:36:29,659] [????]??BUFF?(Chase Strike[9008]), ????=0, ??=5000
[2026-06-14 02:36:29,659] [????]??BUFF?(Chase Strike), ??=deals an extra hit to target for|C:0x34E22C&T:50%|T:ATK damage, ?????0
[2026-06-14 02:36:29,659] =========[????]?????END??(Thunder Blast)

[2026-06-14 02:36:29,729] ?canControlObject??????????name=[????]
