[2026-06-14 02:29:15,772] ?Insect King Snosi?????????????
[2026-06-14 02:29:15,772] [????]??BUFF?(Giant Rock Holy Shield[3201])
[2026-06-14 02:29:15,772] [????]??BUFF?(Starlight Power[2202])
[2026-06-14 02:29:15,772] (????) ???1200;????6949926/6949926

[2026-06-14 02:29:15,775] >>>>>[Insect King Snosi]?????BEGIN??(Boss Ranged Attack), ??=NormalATK, ???????, ?????6
[2026-06-14 02:29:15,775] >>>>>[Insect King Snosi]?????(????), ????[13,13]; ????[7,13]
[2026-06-14 02:29:15,775] ?????????1
[2026-06-14 02:29:15,775] >>>>???(Insect King Snosi) -> (????) ?????100, ?????0, ?????1, ??XP???false
[2026-06-14 02:29:15,775] ?????????(BUFF?)?hit:0,crit:0,critInjure:0,dodge:0,ignoreCrit:0,ignoreCritInjure:0,critBoss:0,critInjureBoss:0
[2026-06-14 02:29:15,775] ?????????(BUFF?)?hit:60,crit:288,critInjure:610,dodge:15,ignoreCrit:0,ignoreCritInjure:0,critBoss:250,critInjureBoss:0
[2026-06-14 02:29:15,775] ?????????(BUFF?)?hit:0,crit:0,critInjure:0,dodge:0,ignoreCrit:0,ignoreCritInjure:0,critBoss:0,critInjureBoss:0
[2026-06-14 02:29:15,775] ?????????(BUFF?)?hit:60,crit:288,critInjure:610,dodge:15,ignoreCrit:0,ignoreCritInjure:0,critBoss:250,critInjureBoss:0
[2026-06-14 02:29:15,775] ?????????(BUFF?)?maxPAtk:7055,maxPDef:1334,maxMDef:1334,ignorePDef:0,ignoreMDef:0,injureAdd:0,injureIgnore:0,injureAddBoss:0
[2026-06-14 02:29:15,775] ?????????(BUFF?)?maxPAtk:537036,maxPDef:320573,maxMDef:292686,ignorePDef:923,ignoreMDef:1836,injureAdd:0,injureIgnore:1000,injureAddBoss:100
[2026-06-14 02:29:15,775] ?????????(BUFF?)?maxPAtk:7055,maxPDef:1334,maxMDef:1334,ignorePDef:0,ignoreMDef:0,injureAdd:0,injureIgnore:0,injureAddBoss:0
[2026-06-14 02:29:15,775] ?????????(BUFF?)?maxPAtk:537036,maxPDef:320573,maxMDef:292686,ignorePDef:923,ignoreMDef:1836,injureAdd:0,injureIgnore:1000,injureAddBoss:100
[2026-06-14 02:29:15,775] ?????149
[2026-06-14 02:29:15,775] ??????BUFF???149
[2026-06-14 02:29:15,775] (????,d1806f2b-c67b-4e48-8e65-e94548e56e23) ???149;????6949777/6949926
[2026-06-14 02:29:15,775] =========[Insect King Snosi]?????END??(Boss Ranged Attack)

[2026-06-14 02:29:15,805] ????????[????],posX=8,posY=12
[2026-06-14 02:29:16,772] (????) ???1200;????6949926/6949926

[2026-06-14 02:29:16,776] >>>>>[Insect King Snosi]?????BEGIN??(Boss Ranged Attack), ??=NormalATK, ???????, ?????6
[2026-06-14 02:29:16,776] >>>>>[Insect King Snosi]?????(????), ????[13,13]; ????[8,12]
[2026-06-14 02:29:16,776] ?????????1
[2026-06-14 02:29:16,776] >>>>???(Insect King Snosi) -> (????) ?????100, ?????0, ?????1, ??XP???false
[2026-06-14 02:29:16,776] ?????????(BUFF?)?hit:0,crit:0,critInjure:0,dodge:0,ignoreCrit:0,ignoreCritInjure:0,critBoss:0,critInjureBoss:0
[2026-06-14 02:29:16,776] ?????????(BUFF?)?hit:60,crit:288,critInjure:610,dodge:15,ignoreCrit:0,ignoreCritInjure:0,critBoss:250,critInjureBoss:0
[2026-06-14 02:29:16,776] ?????????(BUFF?)?hit:0,crit:0,critInjure:0,dodge:0,ignoreCrit:0,ignoreCritInjure:0,critBoss:0,critInjureBoss:0
[2026-06-14 02:29:16,776] ?????????(BUFF?)?hit:60,crit:288,critInjure:610,dodge:15,ignoreCrit:0,ignoreCritInjure:0,critBoss:250,critInjureBoss:0
[2026-06-14 02:29:16,776] ?????????(BUFF?)?maxPAtk:7055,maxPDef:1334,maxMDef:1334,ignorePDef:0,ignoreMDef:0,injureAdd:0,injureIgnore:0,injureAddBoss:0
[2026-06-14 02:29:16,776] ?????????(BUFF?)?maxPAtk:537036,maxPDef:320573,maxMDef:292686,ignorePDef:923,ignoreMDef:1836,injureAdd:0,injureIgnore:1000,injureAddBoss:100
[2026-06-14 02:29:16,776] ?????????(BUFF?)?maxPAtk:7055,maxPDef:1334,maxMDef:1334,ignorePDef:0,ignoreMDef:0,injureAdd:0,injureIgnore:0,injureAddBoss:0
[2026-06-14 02:29:16,776] ?????????(BUFF?)?maxPAtk:537036,maxPDef:320573,maxMDef:292686,ignorePDef:923,ignoreMDef:1836,injureAdd:0,injureIgnore:1000,injureAddBoss:100
[2026-06-14 02:29:16,776] ?????149
[2026-06-14 02:29:16,776] ??????BUFF???149
[2026-06-14 02:29:16,776] (????,d1806f2b-c67b-4e48-8e65-e94548e56e23) ???149;????6949777/6949926
[2026-06-14 02:29:16,776] =========[Insect King Snosi]?????END??(Boss Ranged Attack)


[2026-06-14 02:29:16,889] ????????[ebc35acd-9d47-43c8-b6d6-2e231c80d600]->[83818c24-bad3-4eab-8aae-a315478491a3],?????[1201]
[2026-06-14 02:29:16,889] ??????????[?????,ebc35acd-9d47-43c8-b6d6-2e231c80d600]->[Insect King Snosi,83818c24-bad3-4eab-8aae-a315478491a3],?????[1201]

[2026-06-14 02:29:16,889] >>>>>[?????]?????BEGIN??(Fireball), ??=Single Target ATK, uses Magic's power to form a fireball, targeting Single target,deal|C:0x34E22C&T:100%+100|T:Magic Damage., ???Insect King Snosi, ?????2
[2026-06-14 02:29:16,889] >>>>>[?????]?????(Insect King Snosi), ????[7,13]; ????[13,13]
[2026-06-14 02:29:16,889] ?????????1
[2026-06-14 02:29:16,889] >>>>???(?????) -> (Insect King Snosi) ?????100, ?????100, ?????1, ??XP???false
[2026-06-14 02:29:16,889] ?????????(BUFF?)?hit:0,crit:0,critInjure:250,dodge:0,ignoreCrit:0,ignoreCritInjure:0,critBoss:250,critInjureBoss:0
[2026-06-14 02:29:16,889] ?????????(BUFF?)?hit:0,crit:0,critInjure:0,dodge:0,ignoreCrit:0,ignoreCritInjure:0,critBoss:0,critInjureBoss:0
[2026-06-14 02:29:16,889] ?????????(BUFF?)?hit:0,crit:0,critInjure:250,dodge:0,ignoreCrit:0,ignoreCritInjure:0,critBoss:250,critInjureBoss:0
[2026-06-14 02:29:16,889] ?????????(BUFF?)?hit:0,crit:0,critInjure:0,dodge:0,ignoreCrit:0,ignoreCritInjure:0,critBoss:0,critInjureBoss:0
[2026-06-14 02:29:16,889] ?????????(BUFF?)?maxPAtk:155688,maxPDef:88198,maxMDef:65660,ignorePDef:0,ignoreMDef:35063,injureAdd:100,injureIgnore:0,injureAddBoss:100
[2026-06-14 02:29:16,889] ?????????(BUFF?)?maxPAtk:7055,maxPDef:1334,maxMDef:1334,ignorePDef:0,ignoreMDef:0,injureAdd:0,injureIgnore:0,injureAddBoss:0
[2026-06-14 02:29:16,889] ?????????(BUFF?)?maxPAtk:155688,maxPDef:88198,maxMDef:65660,ignorePDef:0,ignoreMDef:35063,injureAdd:100,injureIgnore:0,injureAddBoss:100
[2026-06-14 02:29:16,889] ?????????(BUFF?)?maxPAtk:7055,maxPDef:1334,maxMDef:1334,ignorePDef:0,ignoreMDef:0,injureAdd:0,injureIgnore:0,injureAddBoss:0
[2026-06-14 02:29:16,889] ?????158901
[2026-06-14 02:29:16,889] ??????BUFF???158901
[2026-06-14 02:29:16,889] (Insect King Snosi,83818c24-bad3-4eab-8aae-a315478491a3) ???158901;????508099/667000
[2026-06-14 02:29:16,889] =========[?????]?????END??(Fireball)


[2026-06-14 02:29:17,005] ????????[d1806f2b-c67b-4e48-8e65-e94548e56e23]->[83818c24-bad3-4eab-8aae-a315478491a3],?????[9]
[2026-06-14 02:29:17,005] ??????????[????,d1806f2b-c67b-4e48-8e65-e94548e56e23]->[Insect King Snosi,83818c24-bad3-4eab-8aae-a315478491a3],?????[9]

[2026-06-14 02:29:17,005] >>>>>[????]?????BEGIN??(Giant Rock Holy Shield), ??=Support Skill, applies Shield Reduction of|C:0x34E22C&T:20%|T: damage value, for|C:0x34E22C&T:5|T:s, upon breaking, targets surrounding enemies, dealing|C:0x34E22C&T:120%+{0}|T:Magic Damage, ???????, ?????0
[2026-06-14 02:29:17,005] [????]??BUFF?(Giant Rock Holy Shield[3201]), ????=5000, ??=2000
[2026-06-14 02:29:17,005] [????]?????1389985
[2026-06-14 02:29:17,005] =========[????]???????????(Giant Rock Holy Shield)

[2026-06-14 02:29:17,106] ????????[????],posX=9,posY=12

[2026-06-14 02:29:17,172] ????????[bd0d352c-abdf-4576-a426-08b6080bd21e]->[83818c24-bad3-4eab-8aae-a315478491a3],?????[1201]
[2026-06-14 02:29:17,172] ??????????[Otherworld Elf Ruila,bd0d352c-abdf-4576-a426-08b6080bd21e]->[Insect King Snosi,83818c24-bad3-4eab-8aae-a315478491a3],?????[1201]

[2026-06-14 02:29:17,172] >>>>>[Otherworld Elf Ruila]?????BEGIN??(Fireball), ??=Single Target ATK, uses Magic's power to form a fireball, targeting Single target,deal|C:0x34E22C&T:100%+100|T:Magic Damage., ???Insect King Snosi, ?????2
[2026-06-14 02:29:17,172] >>>>>[Otherworld Elf Ruila]?????(Insect King Snosi), ????[7,13]; ????[13,13]
[2026-06-14 02:29:17,172] ?????????1
[2026-06-14 02:29:17,172] >>>>???(Otherworld Elf Ruila) -> (Insect King Snosi) ?????100, ?????100, ?????1, ??XP???false
[2026-06-14 02:29:17,172] ?????????(BUFF?)?hit:0,crit:0,critInjure:250,dodge:0,ignoreCrit:0,ignoreCritInjure:0,critBoss:250,critInjureBoss:0
[2026-06-14 02:29:17,172] ?????????(BUFF?)?hit:0,crit:0,critInjure:0,dodge:0,ignoreCrit:0,ignoreCritInjure:0,critBoss:0,critInjureBoss:0
[2026-06-14 02:29:17,172] ?????????(BUFF?)?hit:0,crit:0,critInjure:250,dodge:0,ignoreCrit:0,ignoreCritInjure:0,critBoss:250,critInjureBoss:0
[2026-06-14 02:29:17,172] ?????????(BUFF?)?hit:0,crit:0,critInjure:0,dodge:0,ignoreCrit:0,ignoreCritInjure:0,critBoss:0,critInjureBoss:0
[2026-06-14 02:29:17,172] ?????????(BUFF?)?maxPAtk:109807,maxPDef:68309,maxMDef:37615,ignorePDef:0,ignoreMDef:6887,injureAdd:0,injureIgnore:0,injureAddBoss:100
[2026-06-14 02:29:17,172] ?????????(BUFF?)?maxPAtk:7055,maxPDef:1334,maxMDef:1334,ignorePDef:0,ignoreMDef:0,injureAdd:0,injureIgnore:0,injureAddBoss:0
[2026-06-14 02:29:17,172] ?????????(BUFF?)?maxPAtk:109807,maxPDef:68309,maxMDef:37615,ignorePDef:0,ignoreMDef:6887,injureAdd:0,injureIgnore:0,injureAddBoss:100
[2026-06-14 02:29:17,172] ?????????(BUFF?)?maxPAtk:7055,maxPDef:1334,maxMDef:1334,ignorePDef:0,ignoreMDef:0,injureAdd:0,injureIgnore:0,injureAddBoss:0
[2026-06-14 02:29:17,172] ?????111005
[2026-06-14 02:29:17,172] ??????BUFF???111005
[2026-06-14 02:29:17,172] (Insect King Snosi,83818c24-bad3-4eab-8aae-a315478491a3) ???111005;????397094/667000
[2026-06-14 02:29:17,172] =========[Otherworld Elf Ruila]?????END??(Fireball)


[2026-06-14 02:29:17,339] ????????[65b226f4-3d1c-4a60-838c-6aa6fda1c644]->[83818c24-bad3-4eab-8aae-a315478491a3],?????[1201]
[2026-06-14 02:29:17,339] ??????????[?????,65b226f4-3d1c-4a60-838c-6aa6fda1c644]->[Insect King Snosi,83818c24-bad3-4eab-8aae-a315478491a3],?????[1201]

[2026-06-14 02:29:17,339] >>>>>[?????]?????BEGIN??(Fireball), ??=Single Target ATK, uses Magic's power to form a fireball, targeting Single target,deal|C:0x34E22C&T:100%+100|T:Magic Damage., ???Insect King Snosi, ?????2
[2026-06-14 02:29:17,339] >>>>>[?????]?????(Insect King Snosi), ????[7,13]; ????[13,13]
[2026-06-14 02:29:17,339] ?????????1
[2026-06-14 02:29:17,339] >>>>???(?????) -> (Insect King Snosi) ?????100, ?????100, ?????1, ??XP???false
[2026-06-14 02:29:17,339] ?????????(BUFF?)?hit:0,crit:0,critInjure:250,dodge:0,ignoreCrit:0,ignoreCritInjure:0,critBoss:250,critInjureBoss:0
[2026-06-14 02:29:17,339] ?????????(BUFF?)?hit:0,crit:0,critInjure:0,dodge:0,ignoreCrit:0,ignoreCritInjure:0,critBoss:0,critInjureBoss:0
[2026-06-14 02:29:17,339] ?????????(BUFF?)?hit:0,crit:0,critInjure:250,dodge:0,ignoreCrit:0,ignoreCritInjure:0,critBoss:250,critInjureBoss:0
[2026-06-14 02:29:17,339] ?????????(BUFF?)?hit:0,crit:0,critInjure:0,dodge:0,ignoreCrit:0,ignoreCritInjure:0,critBoss:0,critInjureBoss:0
[2026-06-14 02:29:17,339] ?????????(BUFF?)?maxPAtk:109532,maxPDef:64692,maxMDef:38977,ignorePDef:0,ignoreMDef:5809,injureAdd:0,injureIgnore:0,injureAddBoss:100
[2026-06-14 02:29:17,339] ?????????(BUFF?)?maxPAtk:7055,maxPDef:1334,maxMDef:1334,ignorePDef:0,ignoreMDef:0,injureAdd:0,injureIgnore:0,injureAddBoss:0
[2026-06-14 02:29:17,339] ?????????(BUFF?)?maxPAtk:109532,maxPDef:64692,maxMDef:38977,ignorePDef:0,ignoreMDef:5809,injureAdd:0,injureIgnore:0,injureAddBoss:100
[2026-06-14 02:29:17,339] ?????????(BUFF?)?maxPAtk:7055,maxPDef:1334,maxMDef:1334,ignorePDef:0,ignoreMDef:0,injureAdd:0,injureIgnore:0,injureAddBoss:0
[2026-06-14 02:29:17,339] ?????110727
[2026-06-14 02:29:17,339] ??????BUFF???110727
[2026-06-14 02:29:17,339] (Insect King Snosi,83818c24-bad3-4eab-8aae-a315478491a3) ???110727;????286367/667000
[2026-06-14 02:29:17,339] =========[?????]?????END??(Fireball)

[2026-06-14 02:29:17,439] ????????[????],posX=10,posY=11
[2026-06-14 02:29:17,773] (????) ???1200;????6949926/6949926

[2026-06-14 02:29:17,777] >>>>>[Insect King Snosi]?????BEGIN??(Boss Ranged Attack), ??=NormalATK, ???????, ?????6
[2026-06-14 02:29:17,777] >>>>>[Insect King Snosi]?????(????), ????[13,13]; ????[10,11]
[2026-06-14 02:29:17,777] ?????????1
[2026-06-14 02:29:17,777] >>>>???(Insect King Snosi) -> (????) ?????100, ?????0, ?????1, ??XP???false
[2026-06-14 02:29:17,777] ?????????(BUFF?)?hit:0,crit:0,critInjure:0,dodge:0,ignoreCrit:0,ignoreCritInjure:0,critBoss:0,critInjureBoss:0
[2026-06-14 02:29:17,777] ?????????(BUFF?)?hit:60,crit:288,critInjure:610,dodge:15,ignoreCrit:0,ignoreCritInjure:0,critBoss:250,critInjureBoss:0
[2026-06-14 02:29:17,777] ?????????(BUFF?)?hit:0,crit:0,critInjure:0,dodge:0,ignoreCrit:0,ignoreCritInjure:0,critBoss:0,critInjureBoss:0
[2026-06-14 02:29:17,777] ?????????(BUFF?)?hit:60,crit:288,critInjure:610,dodge:15,ignoreCrit:0,ignoreCritInjure:0,critBoss:250,critInjureBoss:0
[2026-06-14 02:29:17,777] ?????????(BUFF?)?maxPAtk:7055,maxPDef:1334,maxMDef:1334,ignorePDef:0,ignoreMDef:0,injureAdd:0,injureIgnore:0,injureAddBoss:0
[2026-06-14 02:29:17,777] ?????????(BUFF?)?maxPAtk:537036,maxPDef:320573,maxMDef:292686,ignorePDef:923,ignoreMDef:1836,injureAdd:0,injureIgnore:1000,injureAddBoss:100
[2026-06-14 02:29:17,777] ?????????(BUFF?)?maxPAtk:7055,maxPDef:1334,maxMDef:1334,ignorePDef:0,ignoreMDef:0,injureAdd:0,injureIgnore:0,injureAddBoss:0
[2026-06-14 02:29:17,777] ?????????(BUFF?)?maxPAtk:537036,maxPDef:320573,maxMDef:292686,ignorePDef:923,ignoreMDef:1836,injureAdd:0,injureIgnore:1000,injureAddBoss:100
[2026-06-14 02:29:17,777] ?????149
[2026-06-14 02:29:17,777] ??????BUFF???149
[2026-06-14 02:29:17,777] [????]??BUFF?(Giant Rock Holy Shield), ??=Absorb Max HP|C:0x34E22C&T:20%|T:damage, ?????4228
[2026-06-14 02:29:17,777] [????]?????149, ?????1389836
[2026-06-14 02:29:17,777] (????,d1806f2b-c67b-4e48-8e65-e94548e56e23) ???0;????6949926/6949926
[2026-06-14 02:29:17,777] =========[Insect King Snosi]?????END??(Boss Ranged Attack)

[2026-06-14 02:29:17,805] ????????[????],posX=11,posY=12

[2026-06-14 02:29:17,805] ????????[ebc35acd-9d47-43c8-b6d6-2e231c80d600]->[83818c24-bad3-4eab-8aae-a315478491a3],?????[1201]
[2026-06-14 02:29:17,805] ??????????[?????,ebc35acd-9d47-43c8-b6d6-2e231c80d600]->[Insect King Snosi,83818c24-bad3-4eab-8aae-a315478491a3],?????[1201]

[2026-06-14 02:29:17,805] >>>>>[?????]?????BEGIN??(Fireball), ??=Single Target ATK, uses Magic's power to form a fireball, targeting Single target,deal|C:0x34E22C&T:100%+100|T:Magic Damage., ???Insect King Snosi, ?????2
[2026-06-14 02:29:17,805] >>>>>[?????]?????(Insect King Snosi), ????[7,13]; ????[13,13]
[2026-06-14 02:29:17,805] ?????????1
[2026-06-14 02:29:17,805] >>>>???(?????) -> (Insect King Snosi) ?????100, ?????100, ?????1, ??XP???false
[2026-06-14 02:29:17,805] ?????????(BUFF?)?hit:0,crit:0,critInjure:250,dodge:0,ignoreCrit:0,ignoreCritInjure:0,critBoss:250,critInjureBoss:0
[2026-06-14 02:29:17,805] ?????????(BUFF?)?hit:0,crit:0,critInjure:0,dodge:0,ignoreCrit:0,ignoreCritInjure:0,critBoss:0,critInjureBoss:0
[2026-06-14 02:29:17,805] ?????????(BUFF?)?hit:0,crit:0,critInjure:250,dodge:0,ignoreCrit:0,ignoreCritInjure:0,critBoss:250,critInjureBoss:0
[2026-06-14 02:29:17,805] ?????????(BUFF?)?hit:0,crit:0,critInjure:0,dodge:0,ignoreCrit:0,ignoreCritInjure:0,critBoss:0,critInjureBoss:0
[2026-06-14 02:29:17,805] ?????????(BUFF?)?maxPAtk:155688,maxPDef:88198,maxMDef:65660,ignorePDef:0,ignoreMDef:35063,injureAdd:100,injureIgnore:0,injureAddBoss:100
[2026-06-14 02:29:17,805] ?????????(BUFF?)?maxPAtk:7055,maxPDef:1334,maxMDef:1334,ignorePDef:0,ignoreMDef:0,injureAdd:0,injureIgnore:0,injureAddBoss:0
[2026-06-14 02:29:17,805] ?????????(BUFF?)?maxPAtk:155688,maxPDef:88198,maxMDef:65660,ignorePDef:0,ignoreMDef:35063,injureAdd:100,injureIgnore:0,injureAddBoss:100
[2026-06-14 02:29:17,805] ?????????(BUFF?)?maxPAtk:7055,maxPDef:1334,maxMDef:1334,ignorePDef:0,ignoreMDef:0,injureAdd:0,injureIgnore:0,injureAddBoss:0
[2026-06-14 02:29:17,805] ?????158901
[2026-06-14 02:29:17,805] ??????BUFF???158901
[2026-06-14 02:29:17,805] (Insect King Snosi,83818c24-bad3-4eab-8aae-a315478491a3) ???158901;????127466/667000
[2026-06-14 02:29:17,805] =========[?????]?????END??(Fireball)


[2026-06-14 02:29:18,072] ????????[bd0d352c-abdf-4576-a426-08b6080bd21e]->[83818c24-bad3-4eab-8aae-a315478491a3],?????[1201]
[2026-06-14 02:29:18,072] ??????????[Otherworld Elf Ruila,bd0d352c-abdf-4576-a426-08b6080bd21e]->[Insect King Snosi,83818c24-bad3-4eab-8aae-a315478491a3],?????[1201]

[2026-06-14 02:29:18,072] >>>>>[Otherworld Elf Ruila]?????BEGIN??(Fireball), ??=Single Target ATK, uses Magic's power to form a fireball, targeting Single target,deal|C:0x34E22C&T:100%+100|T:Magic Damage., ???Insect King Snosi, ?????2
[2026-06-14 02:29:18,072] >>>>>[Otherworld Elf Ruila]?????(Insect King Snosi), ????[7,13]; ????[13,13]
[2026-06-14 02:29:18,072] ?????????1
[2026-06-14 02:29:18,072] >>>>???(Otherworld Elf Ruila) -> (Insect King Snosi) ?????100, ?????100, ?????1, ??XP???false
[2026-06-14 02:29:18,072] ?????????(BUFF?)?hit:0,crit:0,critInjure:250,dodge:0,ignoreCrit:0,ignoreCritInjure:0,critBoss:250,critInjureBoss:0
[2026-06-14 02:29:18,072] ?????????(BUFF?)?hit:0,crit:0,critInjure:0,dodge:0,ignoreCrit:0,ignoreCritInjure:0,critBoss:0,critInjureBoss:0
[2026-06-14 02:29:18,072] ?????????(BUFF?)?hit:0,crit:0,critInjure:250,dodge:0,ignoreCrit:0,ignoreCritInjure:0,critBoss:250,critInjureBoss:0
[2026-06-14 02:29:18,072] ?????????(BUFF?)?hit:0,crit:0,critInjure:0,dodge:0,ignoreCrit:0,ignoreCritInjure:0,critBoss:0,critInjureBoss:0
[2026-06-14 02:29:18,072] ?????????(BUFF?)?maxPAtk:109807,maxPDef:68309,maxMDef:37615,ignorePDef:0,ignoreMDef:6887,injureAdd:0,injureIgnore:0,injureAddBoss:100
[2026-06-14 02:29:18,072] ?????????(BUFF?)?maxPAtk:7055,maxPDef:1334,maxMDef:1334,ignorePDef:0,ignoreMDef:0,injureAdd:0,injureIgnore:0,injureAddBoss:0
[2026-06-14 02:29:18,072] ?????????(BUFF?)?maxPAtk:109807,maxPDef:68309,maxMDef:37615,ignorePDef:0,ignoreMDef:6887,injureAdd:0,injureIgnore:0,injureAddBoss:100
[2026-06-14 02:29:18,072] ?????????(BUFF?)?maxPAtk:7055,maxPDef:1334,maxMDef:1334,ignorePDef:0,ignoreMDef:0,injureAdd:0,injureIgnore:0,injureAddBoss:0
[2026-06-14 02:29:18,072] ?????111005
[2026-06-14 02:29:18,072] ??????BUFF???111005
[2026-06-14 02:29:18,072] (Insect King Snosi,83818c24-bad3-4eab-8aae-a315478491a3) ???111005;????16461/667000
[2026-06-14 02:29:18,072] =========[Otherworld Elf Ruila]?????END??(Fireball)


[2026-06-14 02:29:18,238] ????????[65b226f4-3d1c-4a60-838c-6aa6fda1c644]->[83818c24-bad3-4eab-8aae-a315478491a3],?????[1201]
[2026-06-14 02:29:18,238] ??????????[?????,65b226f4-3d1c-4a60-838c-6aa6fda1c644]->[Insect King Snosi,83818c24-bad3-4eab-8aae-a315478491a3],?????[1201]

[2026-06-14 02:29:18,238] >>>>>[?????]?????BEGIN??(Fireball), ??=Single Target ATK, uses Magic's power to form a fireball, targeting Single target,deal|C:0x34E22C&T:100%+100|T:Magic Damage., ???Insect King Snosi, ?????2
[2026-06-14 02:29:18,238] >>>>>[?????]?????(Insect King Snosi), ????[7,13]; ????[13,13]
[2026-06-14 02:29:18,238] ?????????1
[2026-06-14 02:29:18,238] >>>>???(?????) -> (Insect King Snosi) ?????100, ?????100, ?????1, ??XP???false
[2026-06-14 02:29:18,238] ?????????(BUFF?)?hit:0,crit:0,critInjure:250,dodge:0,ignoreCrit:0,ignoreCritInjure:0,critBoss:250,critInjureBoss:0
[2026-06-14 02:29:18,238] ?????????(BUFF?)?hit:0,crit:0,critInjure:0,dodge:0,ignoreCrit:0,ignoreCritInjure:0,critBoss:0,critInjureBoss:0
[2026-06-14 02:29:18,238] ?????????(BUFF?)?hit:0,crit:0,critInjure:250,dodge:0,ignoreCrit:0,ignoreCritInjure:0,critBoss:250,critInjureBoss:0
[2026-06-14 02:29:18,238] ?????????(BUFF?)?hit:0,crit:0,critInjure:0,dodge:0,ignoreCrit:0,ignoreCritInjure:0,critBoss:0,critInjureBoss:0
[2026-06-14 02:29:18,238] ?????????(BUFF?)?maxPAtk:109532,maxPDef:64692,maxMDef:38977,ignorePDef:0,ignoreMDef:5809,injureAdd:0,injureIgnore:0,injureAddBoss:100
[2026-06-14 02:29:18,238] ?????????(BUFF?)?maxPAtk:7055,maxPDef:1334,maxMDef:1334,ignorePDef:0,ignoreMDef:0,injureAdd:0,injureIgnore:0,injureAddBoss:0
[2026-06-14 02:29:18,238] ?????????(BUFF?)?maxPAtk:109532,maxPDef:64692,maxMDef:38977,ignorePDef:0,ignoreMDef:5809,injureAdd:0,injureIgnore:0,injureAddBoss:100
[2026-06-14 02:29:18,238] ?????????(BUFF?)?maxPAtk:7055,maxPDef:1334,maxMDef:1334,ignorePDef:0,ignoreMDef:0,injureAdd:0,injureIgnore:0,injureAddBoss:0
[2026-06-14 02:29:18,238] ?????110727
[2026-06-14 02:29:18,238] ??????BUFF???110727
[2026-06-14 02:29:18,238] (Insect King Snosi,83818c24-bad3-4eab-8aae-a315478491a3) ???110727;????0/667000
[2026-06-14 02:29:18,238] ???(????,d1806f2b-c67b-4e48-8e65-e94548e56e23) ??????: objectId=83818c24-bad3-4eab-8aae-a315478491a3,status=0
[2026-06-14 02:29:18,241] (Insect King Snosi,83818c24-bad3-4eab-8aae-a315478491a3) ?????1781375358241
[2026-06-14 02:29:18,241] =========[?????]?????END??(Fireball)

[2026-06-14 02:29:18,873] ?canControlObject??????????name=[????]
