[2026-06-14 02:40:11,174] ?Dark Scotti?????????????
[2026-06-14 02:40:11,174] [????]??BUFF?(Giant Rock Holy Shield[3201])
[2026-06-14 02:40:11,174] (????) ???1200;????6949926/6949926

[2026-06-14 02:40:11,177] >>>>>[Dark Scotti]?????BEGIN??(Boss Ranged Attack), ??=NormalATK, ???????, ?????6
[2026-06-14 02:40:11,177] >>>>>[Dark Scotti]?????(????), ????[15,10]; ????[10,10]
[2026-06-14 02:40:11,177] ?????????1
[2026-06-14 02:40:11,177] >>>>???(Dark Scotti) -> (????) ?????100, ?????0, ?????1, ??XP???false
[2026-06-14 02:40:11,177] ?????????(BUFF?)?hit:0,crit:0,critInjure:0,dodge:0,ignoreCrit:0,ignoreCritInjure:0,critBoss:0,critInjureBoss:0
[2026-06-14 02:40:11,177] ?????????(BUFF?)?hit:60,crit:288,critInjure:610,dodge:15,ignoreCrit:0,ignoreCritInjure:0,critBoss:250,critInjureBoss:0
[2026-06-14 02:40:11,177] ?????????(BUFF?)?hit:0,crit:0,critInjure:0,dodge:0,ignoreCrit:0,ignoreCritInjure:0,critBoss:0,critInjureBoss:0
[2026-06-14 02:40:11,177] ?????????(BUFF?)?hit:60,crit:288,critInjure:610,dodge:15,ignoreCrit:0,ignoreCritInjure:0,critBoss:250,critInjureBoss:0
[2026-06-14 02:40:11,177] ?????????(BUFF?)?maxPAtk:8255,maxPDef:1642,maxMDef:1642,ignorePDef:0,ignoreMDef:0,injureAdd:0,injureIgnore:0,injureAddBoss:0
[2026-06-14 02:40:11,177] ?????????(BUFF?)?maxPAtk:537036,maxPDef:320573,maxMDef:292686,ignorePDef:923,ignoreMDef:1836,injureAdd:0,injureIgnore:1000,injureAddBoss:100
[2026-06-14 02:40:11,177] ?????????(BUFF?)?maxPAtk:8255,maxPDef:1642,maxMDef:1642,ignorePDef:0,ignoreMDef:0,injureAdd:0,injureIgnore:0,injureAddBoss:0
[2026-06-14 02:40:11,177] ?????????(BUFF?)?maxPAtk:537036,maxPDef:320573,maxMDef:292686,ignorePDef:923,ignoreMDef:1836,injureAdd:0,injureIgnore:1000,injureAddBoss:100
[2026-06-14 02:40:11,177] ?????203
[2026-06-14 02:40:11,177] ??????BUFF???203
[2026-06-14 02:40:11,177] (????,d1806f2b-c67b-4e48-8e65-e94548e56e23) ???203;????6949723/6949926
[2026-06-14 02:40:11,177] =========[Dark Scotti]?????END??(Boss Ranged Attack)


[2026-06-14 02:40:11,963] ????????[ebc35acd-9d47-43c8-b6d6-2e231c80d600]->[5844a815-8fc2-47a8-9349-30c7bd89d2b9],?????[1201]
[2026-06-14 02:40:11,963] ??????????[?????,ebc35acd-9d47-43c8-b6d6-2e231c80d600]->[Dark Scotti,5844a815-8fc2-47a8-9349-30c7bd89d2b9],?????[1201]

[2026-06-14 02:40:11,963] >>>>>[?????]?????BEGIN??(Fireball), ??=Single Target ATK, uses Magic's power to form a fireball, targeting Single target,deal|C:0x34E22C&T:100%+100|T:Magic Damage., ???Dark Scotti, ?????2
[2026-06-14 02:40:11,963] >>>>>[?????]?????(Dark Scotti), ????[10,10]; ????[15,10]
[2026-06-14 02:40:11,963] ?????????1
[2026-06-14 02:40:11,963] >>>>???(?????) -> (Dark Scotti) ?????100, ?????100, ?????1, ??XP???false
[2026-06-14 02:40:11,963] ?????????(BUFF?)?hit:0,crit:0,critInjure:250,dodge:0,ignoreCrit:0,ignoreCritInjure:0,critBoss:250,critInjureBoss:0
[2026-06-14 02:40:11,963] ?????????(BUFF?)?hit:0,crit:0,critInjure:0,dodge:0,ignoreCrit:0,ignoreCritInjure:0,critBoss:0,critInjureBoss:0
[2026-06-14 02:40:11,963] ?????????(BUFF?)?hit:0,crit:0,critInjure:250,dodge:0,ignoreCrit:0,ignoreCritInjure:0,critBoss:250,critInjureBoss:0
[2026-06-14 02:40:11,963] ?????????(BUFF?)?hit:0,crit:0,critInjure:0,dodge:0,ignoreCrit:0,ignoreCritInjure:0,critBoss:0,critInjureBoss:0
[2026-06-14 02:40:11,963] ?????????(BUFF?)?maxPAtk:155688,maxPDef:88198,maxMDef:65660,ignorePDef:0,ignoreMDef:35063,injureAdd:100,injureIgnore:0,injureAddBoss:100
[2026-06-14 02:40:11,963] ?????????(BUFF?)?maxPAtk:8255,maxPDef:1642,maxMDef:1642,ignorePDef:0,ignoreMDef:0,injureAdd:0,injureIgnore:0,injureAddBoss:0
[2026-06-14 02:40:11,963] ?????????(BUFF?)?maxPAtk:155688,maxPDef:88198,maxMDef:65660,ignorePDef:0,ignoreMDef:35063,injureAdd:100,injureIgnore:0,injureAddBoss:100
[2026-06-14 02:40:11,963] ?????????(BUFF?)?maxPAtk:8255,maxPDef:1642,maxMDef:1642,ignorePDef:0,ignoreMDef:0,injureAdd:0,injureIgnore:0,injureAddBoss:0
[2026-06-14 02:40:11,963] ?????158901
[2026-06-14 02:40:11,963] ??????BUFF???158901
[2026-06-14 02:40:11,963] (Dark Scotti,5844a815-8fc2-47a8-9349-30c7bd89d2b9) ???158901;????662099/821000
[2026-06-14 02:40:11,963] =========[?????]?????END??(Fireball)


[2026-06-14 02:40:12,032] ????????[d1806f2b-c67b-4e48-8e65-e94548e56e23]->[5844a815-8fc2-47a8-9349-30c7bd89d2b9],?????[9]
[2026-06-14 02:40:12,032] ??????????[????,d1806f2b-c67b-4e48-8e65-e94548e56e23]->[Dark Scotti,5844a815-8fc2-47a8-9349-30c7bd89d2b9],?????[9]

[2026-06-14 02:40:12,032] >>>>>[????]?????BEGIN??(Giant Rock Holy Shield), ??=Support Skill, applies Shield Reduction of|C:0x34E22C&T:20%|T: damage value, for|C:0x34E22C&T:5|T:s, upon breaking, targets surrounding enemies, dealing|C:0x34E22C&T:120%+{0}|T:Magic Damage, ???????, ?????0
[2026-06-14 02:40:12,032] [????]??BUFF?(Giant Rock Holy Shield[3201]), ????=5000, ??=2000
[2026-06-14 02:40:12,032] [????]?????1389985
[2026-06-14 02:40:12,032] =========[????]???????????(Giant Rock Holy Shield)

[2026-06-14 02:40:12,138] ????????[????],posX=11,posY=10
[2026-06-14 02:40:12,175] (????) ???1200;????6949926/6949926

[2026-06-14 02:40:12,179] >>>>>[Dark Scotti]?????BEGIN??(Boss Ranged Attack), ??=NormalATK, ???????, ?????6
[2026-06-14 02:40:12,179] >>>>>[Dark Scotti]?????(????), ????[15,10]; ????[11,10]
[2026-06-14 02:40:12,179] ?????????1
[2026-06-14 02:40:12,179] >>>>???(Dark Scotti) -> (????) ?????100, ?????0, ?????1, ??XP???false
[2026-06-14 02:40:12,179] ?????????(BUFF?)?hit:0,crit:0,critInjure:0,dodge:0,ignoreCrit:0,ignoreCritInjure:0,critBoss:0,critInjureBoss:0
[2026-06-14 02:40:12,179] ?????????(BUFF?)?hit:60,crit:288,critInjure:610,dodge:15,ignoreCrit:0,ignoreCritInjure:0,critBoss:250,critInjureBoss:0
[2026-06-14 02:40:12,179] ?????????(BUFF?)?hit:0,crit:0,critInjure:0,dodge:0,ignoreCrit:0,ignoreCritInjure:0,critBoss:0,critInjureBoss:0
[2026-06-14 02:40:12,179] ?????????(BUFF?)?hit:60,crit:288,critInjure:610,dodge:15,ignoreCrit:0,ignoreCritInjure:0,critBoss:250,critInjureBoss:0
[2026-06-14 02:40:12,179] ?????????(BUFF?)?maxPAtk:8255,maxPDef:1642,maxMDef:1642,ignorePDef:0,ignoreMDef:0,injureAdd:0,injureIgnore:0,injureAddBoss:0
[2026-06-14 02:40:12,179] ?????????(BUFF?)?maxPAtk:537036,maxPDef:320573,maxMDef:292686,ignorePDef:923,ignoreMDef:1836,injureAdd:0,injureIgnore:1000,injureAddBoss:100
[2026-06-14 02:40:12,179] ?????????(BUFF?)?maxPAtk:8255,maxPDef:1642,maxMDef:1642,ignorePDef:0,ignoreMDef:0,injureAdd:0,injureIgnore:0,injureAddBoss:0
[2026-06-14 02:40:12,179] ?????????(BUFF?)?maxPAtk:537036,maxPDef:320573,maxMDef:292686,ignorePDef:923,ignoreMDef:1836,injureAdd:0,injureIgnore:1000,injureAddBoss:100
[2026-06-14 02:40:12,179] ?????203
[2026-06-14 02:40:12,179] ??????BUFF???203
[2026-06-14 02:40:12,179] [????]??BUFF?(Giant Rock Holy Shield), ??=Absorb Max HP|C:0x34E22C&T:20%|T:damage, ?????4853
[2026-06-14 02:40:12,179] [????]?????203, ?????1389782
[2026-06-14 02:40:12,179] (????,d1806f2b-c67b-4e48-8e65-e94548e56e23) ???0;????6949926/6949926
[2026-06-14 02:40:12,179] =========[Dark Scotti]?????END??(Boss Ranged Attack)


[2026-06-14 02:40:12,280] ????????[bd0d352c-abdf-4576-a426-08b6080bd21e]->[5844a815-8fc2-47a8-9349-30c7bd89d2b9],?????[1201]
[2026-06-14 02:40:12,280] ??????????[Otherworld Elf Ruila,bd0d352c-abdf-4576-a426-08b6080bd21e]->[Dark Scotti,5844a815-8fc2-47a8-9349-30c7bd89d2b9],?????[1201]

[2026-06-14 02:40:12,280] >>>>>[Otherworld Elf Ruila]?????BEGIN??(Fireball), ??=Single Target ATK, uses Magic's power to form a fireball, targeting Single target,deal|C:0x34E22C&T:100%+100|T:Magic Damage., ???Dark Scotti, ?????2
[2026-06-14 02:40:12,280] >>>>>[Otherworld Elf Ruila]?????(Dark Scotti), ????[10,10]; ????[15,10]
[2026-06-14 02:40:12,280] ?????????1
[2026-06-14 02:40:12,280] >>>>???(Otherworld Elf Ruila) -> (Dark Scotti) ?????100, ?????100, ?????1, ??XP???false
[2026-06-14 02:40:12,280] ?????????(BUFF?)?hit:0,crit:0,critInjure:250,dodge:0,ignoreCrit:0,ignoreCritInjure:0,critBoss:250,critInjureBoss:0
[2026-06-14 02:40:12,280] ?????????(BUFF?)?hit:0,crit:0,critInjure:0,dodge:0,ignoreCrit:0,ignoreCritInjure:0,critBoss:0,critInjureBoss:0
[2026-06-14 02:40:12,280] ?????????(BUFF?)?hit:0,crit:0,critInjure:250,dodge:0,ignoreCrit:0,ignoreCritInjure:0,critBoss:250,critInjureBoss:0
[2026-06-14 02:40:12,280] ?????????(BUFF?)?hit:0,crit:0,critInjure:0,dodge:0,ignoreCrit:0,ignoreCritInjure:0,critBoss:0,critInjureBoss:0
[2026-06-14 02:40:12,280] ?????????(BUFF?)?maxPAtk:109807,maxPDef:68309,maxMDef:37615,ignorePDef:0,ignoreMDef:6887,injureAdd:0,injureIgnore:0,injureAddBoss:100
[2026-06-14 02:40:12,280] ?????????(BUFF?)?maxPAtk:8255,maxPDef:1642,maxMDef:1642,ignorePDef:0,ignoreMDef:0,injureAdd:0,injureIgnore:0,injureAddBoss:0
[2026-06-14 02:40:12,280] ?????????(BUFF?)?maxPAtk:109807,maxPDef:68309,maxMDef:37615,ignorePDef:0,ignoreMDef:6887,injureAdd:0,injureIgnore:0,injureAddBoss:100
[2026-06-14 02:40:12,280] ?????????(BUFF?)?maxPAtk:8255,maxPDef:1642,maxMDef:1642,ignorePDef:0,ignoreMDef:0,injureAdd:0,injureIgnore:0,injureAddBoss:0
[2026-06-14 02:40:12,280] ?????111005
[2026-06-14 02:40:12,280] ??????BUFF???111005
[2026-06-14 02:40:12,280] (Dark Scotti,5844a815-8fc2-47a8-9349-30c7bd89d2b9) ???111005;????551094/821000
[2026-06-14 02:40:12,280] =========[Otherworld Elf Ruila]?????END??(Fireball)


[2026-06-14 02:40:12,317] ????????[65b226f4-3d1c-4a60-838c-6aa6fda1c644]->[5844a815-8fc2-47a8-9349-30c7bd89d2b9],?????[1201]
[2026-06-14 02:40:12,317] ??????????[?????,65b226f4-3d1c-4a60-838c-6aa6fda1c644]->[Dark Scotti,5844a815-8fc2-47a8-9349-30c7bd89d2b9],?????[1201]

[2026-06-14 02:40:12,317] >>>>>[?????]?????BEGIN??(Fireball), ??=Single Target ATK, uses Magic's power to form a fireball, targeting Single target,deal|C:0x34E22C&T:100%+100|T:Magic Damage., ???Dark Scotti, ?????2
[2026-06-14 02:40:12,317] >>>>>[?????]?????(Dark Scotti), ????[10,10]; ????[15,10]
[2026-06-14 02:40:12,317] ?????????1
[2026-06-14 02:40:12,317] >>>>???(?????) -> (Dark Scotti) ?????100, ?????100, ?????1, ??XP???false
[2026-06-14 02:40:12,317] ?????????(BUFF?)?hit:0,crit:0,critInjure:250,dodge:0,ignoreCrit:0,ignoreCritInjure:0,critBoss:250,critInjureBoss:0
[2026-06-14 02:40:12,317] ?????????(BUFF?)?hit:0,crit:0,critInjure:0,dodge:0,ignoreCrit:0,ignoreCritInjure:0,critBoss:0,critInjureBoss:0
[2026-06-14 02:40:12,317] ?????????(BUFF?)?hit:0,crit:0,critInjure:250,dodge:0,ignoreCrit:0,ignoreCritInjure:0,critBoss:250,critInjureBoss:0
[2026-06-14 02:40:12,317] ?????????(BUFF?)?hit:0,crit:0,critInjure:0,dodge:0,ignoreCrit:0,ignoreCritInjure:0,critBoss:0,critInjureBoss:0
[2026-06-14 02:40:12,317] ?????????(BUFF?)?maxPAtk:109532,maxPDef:64692,maxMDef:38977,ignorePDef:0,ignoreMDef:5809,injureAdd:0,injureIgnore:0,injureAddBoss:100
[2026-06-14 02:40:12,317] ?????????(BUFF?)?maxPAtk:8255,maxPDef:1642,maxMDef:1642,ignorePDef:0,ignoreMDef:0,injureAdd:0,injureIgnore:0,injureAddBoss:0
[2026-06-14 02:40:12,317] ?????????(BUFF?)?maxPAtk:109532,maxPDef:64692,maxMDef:38977,ignorePDef:0,ignoreMDef:5809,injureAdd:0,injureIgnore:0,injureAddBoss:100
[2026-06-14 02:40:12,317] ?????????(BUFF?)?maxPAtk:8255,maxPDef:1642,maxMDef:1642,ignorePDef:0,ignoreMDef:0,injureAdd:0,injureIgnore:0,injureAddBoss:0
[2026-06-14 02:40:12,317] ?????110727
[2026-06-14 02:40:12,317] ??????BUFF???110727
[2026-06-14 02:40:12,317] (Dark Scotti,5844a815-8fc2-47a8-9349-30c7bd89d2b9) ???110727;????440367/821000
[2026-06-14 02:40:12,317] =========[?????]?????END??(Fireball)

[2026-06-14 02:40:12,458] ????????[????],posX=12,posY=9
[2026-06-14 02:40:12,810] ????????[????],posX=13,posY=9

[2026-06-14 02:40:12,877] ????????[ebc35acd-9d47-43c8-b6d6-2e231c80d600]->[5844a815-8fc2-47a8-9349-30c7bd89d2b9],?????[1201]
[2026-06-14 02:40:12,877] ??????????[?????,ebc35acd-9d47-43c8-b6d6-2e231c80d600]->[Dark Scotti,5844a815-8fc2-47a8-9349-30c7bd89d2b9],?????[1201]

[2026-06-14 02:40:12,877] >>>>>[?????]?????BEGIN??(Fireball), ??=Single Target ATK, uses Magic's power to form a fireball, targeting Single target,deal|C:0x34E22C&T:100%+100|T:Magic Damage., ???Dark Scotti, ?????2
[2026-06-14 02:40:12,877] >>>>>[?????]?????(Dark Scotti), ????[10,10]; ????[15,10]
[2026-06-14 02:40:12,877] ?????????1
[2026-06-14 02:40:12,877] >>>>???(?????) -> (Dark Scotti) ?????100, ?????100, ?????1, ??XP???false
[2026-06-14 02:40:12,877] ?????????(BUFF?)?hit:0,crit:0,critInjure:250,dodge:0,ignoreCrit:0,ignoreCritInjure:0,critBoss:250,critInjureBoss:0
[2026-06-14 02:40:12,877] ?????????(BUFF?)?hit:0,crit:0,critInjure:0,dodge:0,ignoreCrit:0,ignoreCritInjure:0,critBoss:0,critInjureBoss:0
[2026-06-14 02:40:12,877] ?????????(BUFF?)?hit:0,crit:0,critInjure:250,dodge:0,ignoreCrit:0,ignoreCritInjure:0,critBoss:250,critInjureBoss:0
[2026-06-14 02:40:12,877] ?????????(BUFF?)?hit:0,crit:0,critInjure:0,dodge:0,ignoreCrit:0,ignoreCritInjure:0,critBoss:0,critInjureBoss:0
[2026-06-14 02:40:12,877] ?????????(BUFF?)?maxPAtk:155688,maxPDef:88198,maxMDef:65660,ignorePDef:0,ignoreMDef:35063,injureAdd:100,injureIgnore:0,injureAddBoss:100
[2026-06-14 02:40:12,877] ?????????(BUFF?)?maxPAtk:8255,maxPDef:1642,maxMDef:1642,ignorePDef:0,ignoreMDef:0,injureAdd:0,injureIgnore:0,injureAddBoss:0
[2026-06-14 02:40:12,877] ?????????(BUFF?)?maxPAtk:155688,maxPDef:88198,maxMDef:65660,ignorePDef:0,ignoreMDef:35063,injureAdd:100,injureIgnore:0,injureAddBoss:100
[2026-06-14 02:40:12,877] ?????????(BUFF?)?maxPAtk:8255,maxPDef:1642,maxMDef:1642,ignorePDef:0,ignoreMDef:0,injureAdd:0,injureIgnore:0,injureAddBoss:0
[2026-06-14 02:40:12,877] ?????158901
[2026-06-14 02:40:12,877] ??????BUFF???158901
[2026-06-14 02:40:12,877] (Dark Scotti,5844a815-8fc2-47a8-9349-30c7bd89d2b9) ???158901;????281466/821000
[2026-06-14 02:40:12,877] =========[?????]?????END??(Fireball)

[2026-06-14 02:40:13,176] (????) ???1200;????6949926/6949926

[2026-06-14 02:40:13,180] >>>>>[Dark Scotti]?????BEGIN??(Boss Ranged Attack), ??=NormalATK, ???????, ?????6
[2026-06-14 02:40:13,180] >>>>>[Dark Scotti]?????(????), ????[15,10]; ????[13,9]
[2026-06-14 02:40:13,180] ?????????1
[2026-06-14 02:40:13,180] >>>>???(Dark Scotti) -> (????) ?????100, ?????0, ?????1, ??XP???false
[2026-06-14 02:40:13,180] ?????????(BUFF?)?hit:0,crit:0,critInjure:0,dodge:0,ignoreCrit:0,ignoreCritInjure:0,critBoss:0,critInjureBoss:0
[2026-06-14 02:40:13,180] ?????????(BUFF?)?hit:60,crit:288,critInjure:610,dodge:15,ignoreCrit:0,ignoreCritInjure:0,critBoss:250,critInjureBoss:0
[2026-06-14 02:40:13,180] ?????????(BUFF?)?hit:0,crit:0,critInjure:0,dodge:0,ignoreCrit:0,ignoreCritInjure:0,critBoss:0,critInjureBoss:0
[2026-06-14 02:40:13,180] ?????????(BUFF?)?hit:60,crit:288,critInjure:610,dodge:15,ignoreCrit:0,ignoreCritInjure:0,critBoss:250,critInjureBoss:0
[2026-06-14 02:40:13,180] ?????????(BUFF?)?maxPAtk:8255,maxPDef:1642,maxMDef:1642,ignorePDef:0,ignoreMDef:0,injureAdd:0,injureIgnore:0,injureAddBoss:0
[2026-06-14 02:40:13,180] ?????????(BUFF?)?maxPAtk:537036,maxPDef:320573,maxMDef:292686,ignorePDef:923,ignoreMDef:1836,injureAdd:0,injureIgnore:1000,injureAddBoss:100
[2026-06-14 02:40:13,180] ?????????(BUFF?)?maxPAtk:8255,maxPDef:1642,maxMDef:1642,ignorePDef:0,ignoreMDef:0,injureAdd:0,injureIgnore:0,injureAddBoss:0
[2026-06-14 02:40:13,180] ?????????(BUFF?)?maxPAtk:537036,maxPDef:320573,maxMDef:292686,ignorePDef:923,ignoreMDef:1836,injureAdd:0,injureIgnore:1000,injureAddBoss:100
[2026-06-14 02:40:13,180] ?????203
[2026-06-14 02:40:13,180] ??????BUFF???203
[2026-06-14 02:40:13,180] [????]??BUFF?(Giant Rock Holy Shield), ??=Absorb Max HP|C:0x34E22C&T:20%|T:damage, ?????3852
[2026-06-14 02:40:13,180] [????]?????203, ?????1389579
[2026-06-14 02:40:13,180] (????,d1806f2b-c67b-4e48-8e65-e94548e56e23) ???0;????6949926/6949926
[2026-06-14 02:40:13,180] =========[Dark Scotti]?????END??(Boss Ranged Attack)


[2026-06-14 02:40:13,196] ????????[bd0d352c-abdf-4576-a426-08b6080bd21e]->[5844a815-8fc2-47a8-9349-30c7bd89d2b9],?????[1201]
[2026-06-14 02:40:13,196] ??????????[Otherworld Elf Ruila,bd0d352c-abdf-4576-a426-08b6080bd21e]->[Dark Scotti,5844a815-8fc2-47a8-9349-30c7bd89d2b9],?????[1201]

[2026-06-14 02:40:13,196] >>>>>[Otherworld Elf Ruila]?????BEGIN??(Fireball), ??=Single Target ATK, uses Magic's power to form a fireball, targeting Single target,deal|C:0x34E22C&T:100%+100|T:Magic Damage., ???Dark Scotti, ?????2
[2026-06-14 02:40:13,196] >>>>>[Otherworld Elf Ruila]?????(Dark Scotti), ????[10,10]; ????[15,10]
[2026-06-14 02:40:13,196] ?????????1
[2026-06-14 02:40:13,196] >>>>???(Otherworld Elf Ruila) -> (Dark Scotti) ?????100, ?????100, ?????1, ??XP???false
[2026-06-14 02:40:13,196] ?????????(BUFF?)?hit:0,crit:0,critInjure:250,dodge:0,ignoreCrit:0,ignoreCritInjure:0,critBoss:250,critInjureBoss:0
[2026-06-14 02:40:13,196] ?????????(BUFF?)?hit:0,crit:0,critInjure:0,dodge:0,ignoreCrit:0,ignoreCritInjure:0,critBoss:0,critInjureBoss:0
[2026-06-14 02:40:13,196] ?????????(BUFF?)?hit:0,crit:0,critInjure:250,dodge:0,ignoreCrit:0,ignoreCritInjure:0,critBoss:250,critInjureBoss:0
[2026-06-14 02:40:13,196] ?????????(BUFF?)?hit:0,crit:0,critInjure:0,dodge:0,ignoreCrit:0,ignoreCritInjure:0,critBoss:0,critInjureBoss:0
[2026-06-14 02:40:13,196] ?????????(BUFF?)?maxPAtk:109807,maxPDef:68309,maxMDef:37615,ignorePDef:0,ignoreMDef:6887,injureAdd:0,injureIgnore:0,injureAddBoss:100
[2026-06-14 02:40:13,196] ?????????(BUFF?)?maxPAtk:8255,maxPDef:1642,maxMDef:1642,ignorePDef:0,ignoreMDef:0,injureAdd:0,injureIgnore:0,injureAddBoss:0
[2026-06-14 02:40:13,196] ?????????(BUFF?)?maxPAtk:109807,maxPDef:68309,maxMDef:37615,ignorePDef:0,ignoreMDef:6887,injureAdd:0,injureIgnore:0,injureAddBoss:100
[2026-06-14 02:40:13,196] ?????????(BUFF?)?maxPAtk:8255,maxPDef:1642,maxMDef:1642,ignorePDef:0,ignoreMDef:0,injureAdd:0,injureIgnore:0,injureAddBoss:0
[2026-06-14 02:40:13,196] ??~~
[2026-06-14 02:40:13,196] ?????169229
[2026-06-14 02:40:13,196] ??????BUFF???169229
[2026-06-14 02:40:13,196] (Dark Scotti,5844a815-8fc2-47a8-9349-30c7bd89d2b9) ???169229;????112237/821000
[2026-06-14 02:40:13,196] =========[Otherworld Elf Ruila]?????END??(Fireball)


[2026-06-14 02:40:13,231] ????????[65b226f4-3d1c-4a60-838c-6aa6fda1c644]->[5844a815-8fc2-47a8-9349-30c7bd89d2b9],?????[1201]
[2026-06-14 02:40:13,231] ??????????[?????,65b226f4-3d1c-4a60-838c-6aa6fda1c644]->[Dark Scotti,5844a815-8fc2-47a8-9349-30c7bd89d2b9],?????[1201]

[2026-06-14 02:40:13,231] >>>>>[?????]?????BEGIN??(Fireball), ??=Single Target ATK, uses Magic's power to form a fireball, targeting Single target,deal|C:0x34E22C&T:100%+100|T:Magic Damage., ???Dark Scotti, ?????2
[2026-06-14 02:40:13,231] >>>>>[?????]?????(Dark Scotti), ????[10,10]; ????[15,10]
[2026-06-14 02:40:13,231] ?????????1
[2026-06-14 02:40:13,231] >>>>???(?????) -> (Dark Scotti) ?????100, ?????100, ?????1, ??XP???false
[2026-06-14 02:40:13,231] ?????????(BUFF?)?hit:0,crit:0,critInjure:250,dodge:0,ignoreCrit:0,ignoreCritInjure:0,critBoss:250,critInjureBoss:0
[2026-06-14 02:40:13,231] ?????????(BUFF?)?hit:0,crit:0,critInjure:0,dodge:0,ignoreCrit:0,ignoreCritInjure:0,critBoss:0,critInjureBoss:0
[2026-06-14 02:40:13,231] ?????????(BUFF?)?hit:0,crit:0,critInjure:250,dodge:0,ignoreCrit:0,ignoreCritInjure:0,critBoss:250,critInjureBoss:0
[2026-06-14 02:40:13,231] ?????????(BUFF?)?hit:0,crit:0,critInjure:0,dodge:0,ignoreCrit:0,ignoreCritInjure:0,critBoss:0,critInjureBoss:0
[2026-06-14 02:40:13,231] ?????????(BUFF?)?maxPAtk:109532,maxPDef:64692,maxMDef:38977,ignorePDef:0,ignoreMDef:5809,injureAdd:0,injureIgnore:0,injureAddBoss:100
[2026-06-14 02:40:13,231] ?????????(BUFF?)?maxPAtk:8255,maxPDef:1642,maxMDef:1642,ignorePDef:0,ignoreMDef:0,injureAdd:0,injureIgnore:0,injureAddBoss:0
[2026-06-14 02:40:13,231] ?????????(BUFF?)?maxPAtk:109532,maxPDef:64692,maxMDef:38977,ignorePDef:0,ignoreMDef:5809,injureAdd:0,injureIgnore:0,injureAddBoss:100
[2026-06-14 02:40:13,231] ?????????(BUFF?)?maxPAtk:8255,maxPDef:1642,maxMDef:1642,ignorePDef:0,ignoreMDef:0,injureAdd:0,injureIgnore:0,injureAddBoss:0
[2026-06-14 02:40:13,231] ?????110727
[2026-06-14 02:40:13,231] ??????BUFF???110727
[2026-06-14 02:40:13,231] (Dark Scotti,5844a815-8fc2-47a8-9349-30c7bd89d2b9) ???110727;????1510/821000
[2026-06-14 02:40:13,231] =========[?????]?????END??(Fireball)


[2026-06-14 02:40:13,793] ????????[ebc35acd-9d47-43c8-b6d6-2e231c80d600]->[5844a815-8fc2-47a8-9349-30c7bd89d2b9],?????[1201]
[2026-06-14 02:40:13,793] ??????????[?????,ebc35acd-9d47-43c8-b6d6-2e231c80d600]->[Dark Scotti,5844a815-8fc2-47a8-9349-30c7bd89d2b9],?????[1201]

[2026-06-14 02:40:13,793] >>>>>[?????]?????BEGIN??(Fireball), ??=Single Target ATK, uses Magic's power to form a fireball, targeting Single target,deal|C:0x34E22C&T:100%+100|T:Magic Damage., ???Dark Scotti, ?????2
[2026-06-14 02:40:13,793] >>>>>[?????]?????(Dark Scotti), ????[10,10]; ????[15,10]
[2026-06-14 02:40:13,793] ?????????1
[2026-06-14 02:40:13,793] >>>>???(?????) -> (Dark Scotti) ?????100, ?????100, ?????1, ??XP???false
[2026-06-14 02:40:13,793] ?????????(BUFF?)?hit:0,crit:0,critInjure:250,dodge:0,ignoreCrit:0,ignoreCritInjure:0,critBoss:250,critInjureBoss:0
[2026-06-14 02:40:13,793] ?????????(BUFF?)?hit:0,crit:0,critInjure:0,dodge:0,ignoreCrit:0,ignoreCritInjure:0,critBoss:0,critInjureBoss:0
[2026-06-14 02:40:13,793] ?????????(BUFF?)?hit:0,crit:0,critInjure:250,dodge:0,ignoreCrit:0,ignoreCritInjure:0,critBoss:250,critInjureBoss:0
[2026-06-14 02:40:13,793] ?????????(BUFF?)?hit:0,crit:0,critInjure:0,dodge:0,ignoreCrit:0,ignoreCritInjure:0,critBoss:0,critInjureBoss:0
[2026-06-14 02:40:13,793] ?????????(BUFF?)?maxPAtk:155688,maxPDef:88198,maxMDef:65660,ignorePDef:0,ignoreMDef:35063,injureAdd:100,injureIgnore:0,injureAddBoss:100
[2026-06-14 02:40:13,793] ?????????(BUFF?)?maxPAtk:8255,maxPDef:1642,maxMDef:1642,ignorePDef:0,ignoreMDef:0,injureAdd:0,injureIgnore:0,injureAddBoss:0
[2026-06-14 02:40:13,793] ?????????(BUFF?)?maxPAtk:155688,maxPDef:88198,maxMDef:65660,ignorePDef:0,ignoreMDef:35063,injureAdd:100,injureIgnore:0,injureAddBoss:100
[2026-06-14 02:40:13,793] ?????????(BUFF?)?maxPAtk:8255,maxPDef:1642,maxMDef:1642,ignorePDef:0,ignoreMDef:0,injureAdd:0,injureIgnore:0,injureAddBoss:0
[2026-06-14 02:40:13,793] ?????158901
[2026-06-14 02:40:13,793] ??????BUFF???158901
[2026-06-14 02:40:13,793] (Dark Scotti,5844a815-8fc2-47a8-9349-30c7bd89d2b9) ???158901;????0/821000
[2026-06-14 02:40:13,793] ???(????,d1806f2b-c67b-4e48-8e65-e94548e56e23) ??????: objectId=5844a815-8fc2-47a8-9349-30c7bd89d2b9,status=0
[2026-06-14 02:40:13,795] (Dark Scotti,5844a815-8fc2-47a8-9349-30c7bd89d2b9) ?????1781376013795
[2026-06-14 02:40:13,795] =========[?????]?????END??(Fireball)

[2026-06-14 02:40:13,830] ?canControlObject??????????name=[????]
