[2026-06-14 02:39:07,634] ?Insect King Snosi?????????????
[2026-06-14 02:39:07,635] [????]??BUFF?(Giant Rock Holy Shield[3201])
[2026-06-14 02:39:07,635] (????) ???1200;????6949926/6949926

[2026-06-14 02:39:07,638] >>>>>[Insect King Snosi]?????BEGIN??(Boss Ranged Attack), ??=NormalATK, ???????, ?????6
[2026-06-14 02:39:07,638] >>>>>[Insect King Snosi]?????(????), ????[15,10]; ????[10,10]
[2026-06-14 02:39:07,638] ?????????1
[2026-06-14 02:39:07,638] >>>>???(Insect King Snosi) -> (????) ?????100, ?????0, ?????1, ??XP???false
[2026-06-14 02:39:07,638] ?????????(BUFF?)?hit:0,crit:0,critInjure:0,dodge:0,ignoreCrit:0,ignoreCritInjure:0,critBoss:0,critInjureBoss:0
[2026-06-14 02:39:07,638] ?????????(BUFF?)?hit:60,crit:288,critInjure:610,dodge:15,ignoreCrit:0,ignoreCritInjure:0,critBoss:250,critInjureBoss:0
[2026-06-14 02:39:07,638] ?????????(BUFF?)?hit:0,crit:0,critInjure:0,dodge:0,ignoreCrit:0,ignoreCritInjure:0,critBoss:0,critInjureBoss:0
[2026-06-14 02:39:07,638] ?????????(BUFF?)?hit:60,crit:288,critInjure:610,dodge:15,ignoreCrit:0,ignoreCritInjure:0,critBoss:250,critInjureBoss:0
[2026-06-14 02:39:07,638] ?????????(BUFF?)?maxPAtk:8146,maxPDef:1614,maxMDef:1614,ignorePDef:0,ignoreMDef:0,injureAdd:0,injureIgnore:0,injureAddBoss:0
[2026-06-14 02:39:07,638] ?????????(BUFF?)?maxPAtk:537036,maxPDef:320573,maxMDef:292686,ignorePDef:923,ignoreMDef:1836,injureAdd:0,injureIgnore:1000,injureAddBoss:100
[2026-06-14 02:39:07,638] ?????????(BUFF?)?maxPAtk:8146,maxPDef:1614,maxMDef:1614,ignorePDef:0,ignoreMDef:0,injureAdd:0,injureIgnore:0,injureAddBoss:0
[2026-06-14 02:39:07,638] ?????????(BUFF?)?maxPAtk:537036,maxPDef:320573,maxMDef:292686,ignorePDef:923,ignoreMDef:1836,injureAdd:0,injureIgnore:1000,injureAddBoss:100
[2026-06-14 02:39:07,638] ?????198
[2026-06-14 02:39:07,638] ??????BUFF???198
[2026-06-14 02:39:07,638] (????,d1806f2b-c67b-4e48-8e65-e94548e56e23) ???198;????6949728/6949926
[2026-06-14 02:39:07,638] =========[Insect King Snosi]?????END??(Boss Ranged Attack)


[2026-06-14 02:39:08,494] ????????[d1806f2b-c67b-4e48-8e65-e94548e56e23]->[ebf6c010-44e4-4e71-8bdf-a3ac6d7acd9d],?????[9]
[2026-06-14 02:39:08,494] ??????????[????,d1806f2b-c67b-4e48-8e65-e94548e56e23]->[Insect King Snosi,ebf6c010-44e4-4e71-8bdf-a3ac6d7acd9d],?????[9]

[2026-06-14 02:39:08,494] >>>>>[????]?????BEGIN??(Giant Rock Holy Shield), ??=Support Skill, applies Shield Reduction of|C:0x34E22C&T:20%|T: damage value, for|C:0x34E22C&T:5|T:s, upon breaking, targets surrounding enemies, dealing|C:0x34E22C&T:120%+{0}|T:Magic Damage, ???????, ?????0
[2026-06-14 02:39:08,494] [????]??BUFF?(Giant Rock Holy Shield[3201]), ????=5000, ??=2000
[2026-06-14 02:39:08,494] [????]?????1389985
[2026-06-14 02:39:08,494] =========[????]???????????(Giant Rock Holy Shield)

[2026-06-14 02:39:08,604] ????????[????],posX=11,posY=10
[2026-06-14 02:39:08,634] (????) ???1200;????6949926/6949926

[2026-06-14 02:39:08,639] >>>>>[Insect King Snosi]?????BEGIN??(Boss Ranged Attack), ??=NormalATK, ???????, ?????6
[2026-06-14 02:39:08,639] >>>>>[Insect King Snosi]?????(????), ????[15,10]; ????[11,10]
[2026-06-14 02:39:08,639] ?????????1
[2026-06-14 02:39:08,639] >>>>???(Insect King Snosi) -> (????) ?????100, ?????0, ?????1, ??XP???false
[2026-06-14 02:39:08,639] ?????????(BUFF?)?hit:0,crit:0,critInjure:0,dodge:0,ignoreCrit:0,ignoreCritInjure:0,critBoss:0,critInjureBoss:0
[2026-06-14 02:39:08,639] ?????????(BUFF?)?hit:60,crit:288,critInjure:610,dodge:15,ignoreCrit:0,ignoreCritInjure:0,critBoss:250,critInjureBoss:0
[2026-06-14 02:39:08,639] ?????????(BUFF?)?hit:0,crit:0,critInjure:0,dodge:0,ignoreCrit:0,ignoreCritInjure:0,critBoss:0,critInjureBoss:0
[2026-06-14 02:39:08,639] ?????????(BUFF?)?hit:60,crit:288,critInjure:610,dodge:15,ignoreCrit:0,ignoreCritInjure:0,critBoss:250,critInjureBoss:0
[2026-06-14 02:39:08,639] ?????????(BUFF?)?maxPAtk:8146,maxPDef:1614,maxMDef:1614,ignorePDef:0,ignoreMDef:0,injureAdd:0,injureIgnore:0,injureAddBoss:0
[2026-06-14 02:39:08,639] ?????????(BUFF?)?maxPAtk:537036,maxPDef:320573,maxMDef:292686,ignorePDef:923,ignoreMDef:1836,injureAdd:0,injureIgnore:1000,injureAddBoss:100
[2026-06-14 02:39:08,639] ?????????(BUFF?)?maxPAtk:8146,maxPDef:1614,maxMDef:1614,ignorePDef:0,ignoreMDef:0,injureAdd:0,injureIgnore:0,injureAddBoss:0
[2026-06-14 02:39:08,639] ?????????(BUFF?)?maxPAtk:537036,maxPDef:320573,maxMDef:292686,ignorePDef:923,ignoreMDef:1836,injureAdd:0,injureIgnore:1000,injureAddBoss:100
[2026-06-14 02:39:08,639] ?????198
[2026-06-14 02:39:08,639] ??????BUFF???198
[2026-06-14 02:39:08,639] [????]??BUFF?(Giant Rock Holy Shield), ??=Absorb Max HP|C:0x34E22C&T:20%|T:damage, ?????4855
[2026-06-14 02:39:08,639] [????]?????198, ?????1389787
[2026-06-14 02:39:08,639] (????,d1806f2b-c67b-4e48-8e65-e94548e56e23) ???0;????6949926/6949926
[2026-06-14 02:39:08,639] =========[Insect King Snosi]?????END??(Boss Ranged Attack)


[2026-06-14 02:39:08,743] ????????[bd0d352c-abdf-4576-a426-08b6080bd21e]->[ebf6c010-44e4-4e71-8bdf-a3ac6d7acd9d],?????[1201]
[2026-06-14 02:39:08,743] ??????????[Otherworld Elf Ruila,bd0d352c-abdf-4576-a426-08b6080bd21e]->[Insect King Snosi,ebf6c010-44e4-4e71-8bdf-a3ac6d7acd9d],?????[1201]

[2026-06-14 02:39:08,743] >>>>>[Otherworld Elf Ruila]?????BEGIN??(Fireball), ??=Single Target ATK, uses Magic's power to form a fireball, targeting Single target,deal|C:0x34E22C&T:100%+100|T:Magic Damage., ???Insect King Snosi, ?????2
[2026-06-14 02:39:08,743] >>>>>[Otherworld Elf Ruila]?????(Insect King Snosi), ????[10,10]; ????[15,10]
[2026-06-14 02:39:08,743] ?????????1
[2026-06-14 02:39:08,743] >>>>???(Otherworld Elf Ruila) -> (Insect King Snosi) ?????100, ?????100, ?????1, ??XP???false
[2026-06-14 02:39:08,743] ?????????(BUFF?)?hit:0,crit:0,critInjure:250,dodge:0,ignoreCrit:0,ignoreCritInjure:0,critBoss:250,critInjureBoss:0
[2026-06-14 02:39:08,743] ?????????(BUFF?)?hit:0,crit:0,critInjure:0,dodge:0,ignoreCrit:0,ignoreCritInjure:0,critBoss:0,critInjureBoss:0
[2026-06-14 02:39:08,743] ?????????(BUFF?)?hit:0,crit:0,critInjure:250,dodge:0,ignoreCrit:0,ignoreCritInjure:0,critBoss:250,critInjureBoss:0
[2026-06-14 02:39:08,743] ?????????(BUFF?)?hit:0,crit:0,critInjure:0,dodge:0,ignoreCrit:0,ignoreCritInjure:0,critBoss:0,critInjureBoss:0
[2026-06-14 02:39:08,743] ?????????(BUFF?)?maxPAtk:109807,maxPDef:68309,maxMDef:37615,ignorePDef:0,ignoreMDef:6887,injureAdd:0,injureIgnore:0,injureAddBoss:100
[2026-06-14 02:39:08,743] ?????????(BUFF?)?maxPAtk:8146,maxPDef:1614,maxMDef:1614,ignorePDef:0,ignoreMDef:0,injureAdd:0,injureIgnore:0,injureAddBoss:0
[2026-06-14 02:39:08,743] ?????????(BUFF?)?maxPAtk:109807,maxPDef:68309,maxMDef:37615,ignorePDef:0,ignoreMDef:6887,injureAdd:0,injureIgnore:0,injureAddBoss:100
[2026-06-14 02:39:08,743] ?????????(BUFF?)?maxPAtk:8146,maxPDef:1614,maxMDef:1614,ignorePDef:0,ignoreMDef:0,injureAdd:0,injureIgnore:0,injureAddBoss:0
[2026-06-14 02:39:08,743] ?????111005
[2026-06-14 02:39:08,743] ??????BUFF???111005
[2026-06-14 02:39:08,743] (Insect King Snosi,ebf6c010-44e4-4e71-8bdf-a3ac6d7acd9d) ???111005;????695995/807000
[2026-06-14 02:39:08,743] =========[Otherworld Elf Ruila]?????END??(Fireball)


[2026-06-14 02:39:08,778] ????????[65b226f4-3d1c-4a60-838c-6aa6fda1c644]->[ebf6c010-44e4-4e71-8bdf-a3ac6d7acd9d],?????[1201]
[2026-06-14 02:39:08,778] ??????????[?????,65b226f4-3d1c-4a60-838c-6aa6fda1c644]->[Insect King Snosi,ebf6c010-44e4-4e71-8bdf-a3ac6d7acd9d],?????[1201]

[2026-06-14 02:39:08,778] >>>>>[?????]?????BEGIN??(Fireball), ??=Single Target ATK, uses Magic's power to form a fireball, targeting Single target,deal|C:0x34E22C&T:100%+100|T:Magic Damage., ???Insect King Snosi, ?????2
[2026-06-14 02:39:08,778] >>>>>[?????]?????(Insect King Snosi), ????[10,10]; ????[15,10]
[2026-06-14 02:39:08,778] ?????????1
[2026-06-14 02:39:08,778] >>>>???(?????) -> (Insect King Snosi) ?????100, ?????100, ?????1, ??XP???false
[2026-06-14 02:39:08,778] ?????????(BUFF?)?hit:0,crit:0,critInjure:250,dodge:0,ignoreCrit:0,ignoreCritInjure:0,critBoss:250,critInjureBoss:0
[2026-06-14 02:39:08,778] ?????????(BUFF?)?hit:0,crit:0,critInjure:0,dodge:0,ignoreCrit:0,ignoreCritInjure:0,critBoss:0,critInjureBoss:0
[2026-06-14 02:39:08,778] ?????????(BUFF?)?hit:0,crit:0,critInjure:250,dodge:0,ignoreCrit:0,ignoreCritInjure:0,critBoss:250,critInjureBoss:0
[2026-06-14 02:39:08,778] ?????????(BUFF?)?hit:0,crit:0,critInjure:0,dodge:0,ignoreCrit:0,ignoreCritInjure:0,critBoss:0,critInjureBoss:0
[2026-06-14 02:39:08,778] ?????????(BUFF?)?maxPAtk:109532,maxPDef:64692,maxMDef:38977,ignorePDef:0,ignoreMDef:5809,injureAdd:0,injureIgnore:0,injureAddBoss:100
[2026-06-14 02:39:08,778] ?????????(BUFF?)?maxPAtk:8146,maxPDef:1614,maxMDef:1614,ignorePDef:0,ignoreMDef:0,injureAdd:0,injureIgnore:0,injureAddBoss:0
[2026-06-14 02:39:08,778] ?????????(BUFF?)?maxPAtk:109532,maxPDef:64692,maxMDef:38977,ignorePDef:0,ignoreMDef:5809,injureAdd:0,injureIgnore:0,injureAddBoss:100
[2026-06-14 02:39:08,778] ?????????(BUFF?)?maxPAtk:8146,maxPDef:1614,maxMDef:1614,ignorePDef:0,ignoreMDef:0,injureAdd:0,injureIgnore:0,injureAddBoss:0
[2026-06-14 02:39:08,778] ?????110727
[2026-06-14 02:39:08,778] ??????BUFF???110727
[2026-06-14 02:39:08,778] (Insect King Snosi,ebf6c010-44e4-4e71-8bdf-a3ac6d7acd9d) ???110727;????585268/807000
[2026-06-14 02:39:08,778] =========[?????]?????END??(Fireball)


[2026-06-14 02:39:08,815] ????????[ebc35acd-9d47-43c8-b6d6-2e231c80d600]->[ebf6c010-44e4-4e71-8bdf-a3ac6d7acd9d],?????[1201]
[2026-06-14 02:39:08,815] ??????????[?????,ebc35acd-9d47-43c8-b6d6-2e231c80d600]->[Insect King Snosi,ebf6c010-44e4-4e71-8bdf-a3ac6d7acd9d],?????[1201]

[2026-06-14 02:39:08,815] >>>>>[?????]?????BEGIN??(Fireball), ??=Single Target ATK, uses Magic's power to form a fireball, targeting Single target,deal|C:0x34E22C&T:100%+100|T:Magic Damage., ???Insect King Snosi, ?????2
[2026-06-14 02:39:08,815] >>>>>[?????]?????(Insect King Snosi), ????[10,10]; ????[15,10]
[2026-06-14 02:39:08,815] ?????????1
[2026-06-14 02:39:08,815] >>>>???(?????) -> (Insect King Snosi) ?????100, ?????100, ?????1, ??XP???false
[2026-06-14 02:39:08,815] ?????????(BUFF?)?hit:0,crit:0,critInjure:250,dodge:0,ignoreCrit:0,ignoreCritInjure:0,critBoss:250,critInjureBoss:0
[2026-06-14 02:39:08,815] ?????????(BUFF?)?hit:0,crit:0,critInjure:0,dodge:0,ignoreCrit:0,ignoreCritInjure:0,critBoss:0,critInjureBoss:0
[2026-06-14 02:39:08,815] ?????????(BUFF?)?hit:0,crit:0,critInjure:250,dodge:0,ignoreCrit:0,ignoreCritInjure:0,critBoss:250,critInjureBoss:0
[2026-06-14 02:39:08,815] ?????????(BUFF?)?hit:0,crit:0,critInjure:0,dodge:0,ignoreCrit:0,ignoreCritInjure:0,critBoss:0,critInjureBoss:0
[2026-06-14 02:39:08,815] ?????????(BUFF?)?maxPAtk:155688,maxPDef:88198,maxMDef:65660,ignorePDef:0,ignoreMDef:35063,injureAdd:100,injureIgnore:0,injureAddBoss:100
[2026-06-14 02:39:08,815] ?????????(BUFF?)?maxPAtk:8146,maxPDef:1614,maxMDef:1614,ignorePDef:0,ignoreMDef:0,injureAdd:0,injureIgnore:0,injureAddBoss:0
[2026-06-14 02:39:08,815] ?????????(BUFF?)?maxPAtk:155688,maxPDef:88198,maxMDef:65660,ignorePDef:0,ignoreMDef:35063,injureAdd:100,injureIgnore:0,injureAddBoss:100
[2026-06-14 02:39:08,815] ?????????(BUFF?)?maxPAtk:8146,maxPDef:1614,maxMDef:1614,ignorePDef:0,ignoreMDef:0,injureAdd:0,injureIgnore:0,injureAddBoss:0
[2026-06-14 02:39:08,815] ?????158901
[2026-06-14 02:39:08,815] ??????BUFF???158901
[2026-06-14 02:39:08,815] (Insect King Snosi,ebf6c010-44e4-4e71-8bdf-a3ac6d7acd9d) ???158901;????426367/807000
[2026-06-14 02:39:08,815] =========[?????]?????END??(Fireball)

[2026-06-14 02:39:08,921] ????????[????],posX=12,posY=10
[2026-06-14 02:39:09,240] ????????[????],posX=13,posY=9
[2026-06-14 02:39:09,635] (????) ???1200;????6949926/6949926

[2026-06-14 02:39:09,640] >>>>>[Insect King Snosi]?????BEGIN??(Boss Ranged Attack), ??=NormalATK, ???????, ?????6
[2026-06-14 02:39:09,640] >>>>>[Insect King Snosi]?????(????), ????[15,10]; ????[13,9]
[2026-06-14 02:39:09,640] ?????????1
[2026-06-14 02:39:09,640] >>>>???(Insect King Snosi) -> (????) ?????100, ?????0, ?????1, ??XP???false
[2026-06-14 02:39:09,640] ?????????(BUFF?)?hit:0,crit:0,critInjure:0,dodge:0,ignoreCrit:0,ignoreCritInjure:0,critBoss:0,critInjureBoss:0
[2026-06-14 02:39:09,640] ?????????(BUFF?)?hit:60,crit:288,critInjure:610,dodge:15,ignoreCrit:0,ignoreCritInjure:0,critBoss:250,critInjureBoss:0
[2026-06-14 02:39:09,640] ?????????(BUFF?)?hit:0,crit:0,critInjure:0,dodge:0,ignoreCrit:0,ignoreCritInjure:0,critBoss:0,critInjureBoss:0
[2026-06-14 02:39:09,640] ?????????(BUFF?)?hit:60,crit:288,critInjure:610,dodge:15,ignoreCrit:0,ignoreCritInjure:0,critBoss:250,critInjureBoss:0
[2026-06-14 02:39:09,640] ?????????(BUFF?)?maxPAtk:8146,maxPDef:1614,maxMDef:1614,ignorePDef:0,ignoreMDef:0,injureAdd:0,injureIgnore:0,injureAddBoss:0
[2026-06-14 02:39:09,640] ?????????(BUFF?)?maxPAtk:537036,maxPDef:320573,maxMDef:292686,ignorePDef:923,ignoreMDef:1836,injureAdd:0,injureIgnore:1000,injureAddBoss:100
[2026-06-14 02:39:09,640] ?????????(BUFF?)?maxPAtk:8146,maxPDef:1614,maxMDef:1614,ignorePDef:0,ignoreMDef:0,injureAdd:0,injureIgnore:0,injureAddBoss:0
[2026-06-14 02:39:09,640] ?????????(BUFF?)?maxPAtk:537036,maxPDef:320573,maxMDef:292686,ignorePDef:923,ignoreMDef:1836,injureAdd:0,injureIgnore:1000,injureAddBoss:100
[2026-06-14 02:39:09,640] ?????198
[2026-06-14 02:39:09,640] ??????BUFF???198
[2026-06-14 02:39:09,640] [????]??BUFF?(Giant Rock Holy Shield), ??=Absorb Max HP|C:0x34E22C&T:20%|T:damage, ?????3854
[2026-06-14 02:39:09,640] [????]?????198, ?????1389589
[2026-06-14 02:39:09,640] (????,d1806f2b-c67b-4e48-8e65-e94548e56e23) ???0;????6949926/6949926
[2026-06-14 02:39:09,640] =========[Insect King Snosi]?????END??(Boss Ranged Attack)


[2026-06-14 02:39:09,660] ????????[bd0d352c-abdf-4576-a426-08b6080bd21e]->[ebf6c010-44e4-4e71-8bdf-a3ac6d7acd9d],?????[1201]
[2026-06-14 02:39:09,660] ??????????[Otherworld Elf Ruila,bd0d352c-abdf-4576-a426-08b6080bd21e]->[Insect King Snosi,ebf6c010-44e4-4e71-8bdf-a3ac6d7acd9d],?????[1201]

[2026-06-14 02:39:09,660] >>>>>[Otherworld Elf Ruila]?????BEGIN??(Fireball), ??=Single Target ATK, uses Magic's power to form a fireball, targeting Single target,deal|C:0x34E22C&T:100%+100|T:Magic Damage., ???Insect King Snosi, ?????2
[2026-06-14 02:39:09,660] >>>>>[Otherworld Elf Ruila]?????(Insect King Snosi), ????[10,10]; ????[15,10]
[2026-06-14 02:39:09,660] ?????????1
[2026-06-14 02:39:09,660] >>>>???(Otherworld Elf Ruila) -> (Insect King Snosi) ?????100, ?????100, ?????1, ??XP???false
[2026-06-14 02:39:09,660] ?????????(BUFF?)?hit:0,crit:0,critInjure:250,dodge:0,ignoreCrit:0,ignoreCritInjure:0,critBoss:250,critInjureBoss:0
[2026-06-14 02:39:09,660] ?????????(BUFF?)?hit:0,crit:0,critInjure:0,dodge:0,ignoreCrit:0,ignoreCritInjure:0,critBoss:0,critInjureBoss:0
[2026-06-14 02:39:09,660] ?????????(BUFF?)?hit:0,crit:0,critInjure:250,dodge:0,ignoreCrit:0,ignoreCritInjure:0,critBoss:250,critInjureBoss:0
[2026-06-14 02:39:09,660] ?????????(BUFF?)?hit:0,crit:0,critInjure:0,dodge:0,ignoreCrit:0,ignoreCritInjure:0,critBoss:0,critInjureBoss:0
[2026-06-14 02:39:09,660] ?????????(BUFF?)?maxPAtk:109807,maxPDef:68309,maxMDef:37615,ignorePDef:0,ignoreMDef:6887,injureAdd:0,injureIgnore:0,injureAddBoss:100
[2026-06-14 02:39:09,660] ?????????(BUFF?)?maxPAtk:8146,maxPDef:1614,maxMDef:1614,ignorePDef:0,ignoreMDef:0,injureAdd:0,injureIgnore:0,injureAddBoss:0
[2026-06-14 02:39:09,660] ?????????(BUFF?)?maxPAtk:109807,maxPDef:68309,maxMDef:37615,ignorePDef:0,ignoreMDef:6887,injureAdd:0,injureIgnore:0,injureAddBoss:100
[2026-06-14 02:39:09,660] ?????????(BUFF?)?maxPAtk:8146,maxPDef:1614,maxMDef:1614,ignorePDef:0,ignoreMDef:0,injureAdd:0,injureIgnore:0,injureAddBoss:0
[2026-06-14 02:39:09,660] ?????111005
[2026-06-14 02:39:09,660] ??????BUFF???111005
[2026-06-14 02:39:09,660] (Insect King Snosi,ebf6c010-44e4-4e71-8bdf-a3ac6d7acd9d) ???111005;????315362/807000
[2026-06-14 02:39:09,660] =========[Otherworld Elf Ruila]?????END??(Fireball)


[2026-06-14 02:39:09,696] ????????[65b226f4-3d1c-4a60-838c-6aa6fda1c644]->[ebf6c010-44e4-4e71-8bdf-a3ac6d7acd9d],?????[1201]
[2026-06-14 02:39:09,696] ??????????[?????,65b226f4-3d1c-4a60-838c-6aa6fda1c644]->[Insect King Snosi,ebf6c010-44e4-4e71-8bdf-a3ac6d7acd9d],?????[1201]

[2026-06-14 02:39:09,696] >>>>>[?????]?????BEGIN??(Fireball), ??=Single Target ATK, uses Magic's power to form a fireball, targeting Single target,deal|C:0x34E22C&T:100%+100|T:Magic Damage., ???Insect King Snosi, ?????2
[2026-06-14 02:39:09,696] >>>>>[?????]?????(Insect King Snosi), ????[10,10]; ????[15,10]
[2026-06-14 02:39:09,696] ?????????1
[2026-06-14 02:39:09,696] >>>>???(?????) -> (Insect King Snosi) ?????100, ?????100, ?????1, ??XP???false
[2026-06-14 02:39:09,696] ?????????(BUFF?)?hit:0,crit:0,critInjure:250,dodge:0,ignoreCrit:0,ignoreCritInjure:0,critBoss:250,critInjureBoss:0
[2026-06-14 02:39:09,696] ?????????(BUFF?)?hit:0,crit:0,critInjure:0,dodge:0,ignoreCrit:0,ignoreCritInjure:0,critBoss:0,critInjureBoss:0
[2026-06-14 02:39:09,696] ?????????(BUFF?)?hit:0,crit:0,critInjure:250,dodge:0,ignoreCrit:0,ignoreCritInjure:0,critBoss:250,critInjureBoss:0
[2026-06-14 02:39:09,696] ?????????(BUFF?)?hit:0,crit:0,critInjure:0,dodge:0,ignoreCrit:0,ignoreCritInjure:0,critBoss:0,critInjureBoss:0
[2026-06-14 02:39:09,696] ?????????(BUFF?)?maxPAtk:109532,maxPDef:64692,maxMDef:38977,ignorePDef:0,ignoreMDef:5809,injureAdd:0,injureIgnore:0,injureAddBoss:100
[2026-06-14 02:39:09,696] ?????????(BUFF?)?maxPAtk:8146,maxPDef:1614,maxMDef:1614,ignorePDef:0,ignoreMDef:0,injureAdd:0,injureIgnore:0,injureAddBoss:0
[2026-06-14 02:39:09,696] ?????????(BUFF?)?maxPAtk:109532,maxPDef:64692,maxMDef:38977,ignorePDef:0,ignoreMDef:5809,injureAdd:0,injureIgnore:0,injureAddBoss:100
[2026-06-14 02:39:09,696] ?????????(BUFF?)?maxPAtk:8146,maxPDef:1614,maxMDef:1614,ignorePDef:0,ignoreMDef:0,injureAdd:0,injureIgnore:0,injureAddBoss:0
[2026-06-14 02:39:09,696] ?????110727
[2026-06-14 02:39:09,696] ??????BUFF???110727
[2026-06-14 02:39:09,696] (Insect King Snosi,ebf6c010-44e4-4e71-8bdf-a3ac6d7acd9d) ???110727;????204635/807000
[2026-06-14 02:39:09,696] =========[?????]?????END??(Fireball)


[2026-06-14 02:39:09,732] ????????[ebc35acd-9d47-43c8-b6d6-2e231c80d600]->[ebf6c010-44e4-4e71-8bdf-a3ac6d7acd9d],?????[1201]
[2026-06-14 02:39:09,732] ??????????[?????,ebc35acd-9d47-43c8-b6d6-2e231c80d600]->[Insect King Snosi,ebf6c010-44e4-4e71-8bdf-a3ac6d7acd9d],?????[1201]

[2026-06-14 02:39:09,732] >>>>>[?????]?????BEGIN??(Fireball), ??=Single Target ATK, uses Magic's power to form a fireball, targeting Single target,deal|C:0x34E22C&T:100%+100|T:Magic Damage., ???Insect King Snosi, ?????2
[2026-06-14 02:39:09,732] >>>>>[?????]?????(Insect King Snosi), ????[10,10]; ????[15,10]
[2026-06-14 02:39:09,732] ?????????1
[2026-06-14 02:39:09,732] >>>>???(?????) -> (Insect King Snosi) ?????100, ?????100, ?????1, ??XP???false
[2026-06-14 02:39:09,732] ?????????(BUFF?)?hit:0,crit:0,critInjure:250,dodge:0,ignoreCrit:0,ignoreCritInjure:0,critBoss:250,critInjureBoss:0
[2026-06-14 02:39:09,732] ?????????(BUFF?)?hit:0,crit:0,critInjure:0,dodge:0,ignoreCrit:0,ignoreCritInjure:0,critBoss:0,critInjureBoss:0
[2026-06-14 02:39:09,732] ?????????(BUFF?)?hit:0,crit:0,critInjure:250,dodge:0,ignoreCrit:0,ignoreCritInjure:0,critBoss:250,critInjureBoss:0
[2026-06-14 02:39:09,732] ?????????(BUFF?)?hit:0,crit:0,critInjure:0,dodge:0,ignoreCrit:0,ignoreCritInjure:0,critBoss:0,critInjureBoss:0
[2026-06-14 02:39:09,732] ?????????(BUFF?)?maxPAtk:155688,maxPDef:88198,maxMDef:65660,ignorePDef:0,ignoreMDef:35063,injureAdd:100,injureIgnore:0,injureAddBoss:100
[2026-06-14 02:39:09,732] ?????????(BUFF?)?maxPAtk:8146,maxPDef:1614,maxMDef:1614,ignorePDef:0,ignoreMDef:0,injureAdd:0,injureIgnore:0,injureAddBoss:0
[2026-06-14 02:39:09,732] ?????????(BUFF?)?maxPAtk:155688,maxPDef:88198,maxMDef:65660,ignorePDef:0,ignoreMDef:35063,injureAdd:100,injureIgnore:0,injureAddBoss:100
[2026-06-14 02:39:09,732] ?????????(BUFF?)?maxPAtk:8146,maxPDef:1614,maxMDef:1614,ignorePDef:0,ignoreMDef:0,injureAdd:0,injureIgnore:0,injureAddBoss:0
[2026-06-14 02:39:09,732] ?????158901
[2026-06-14 02:39:09,732] ??????BUFF???158901
[2026-06-14 02:39:09,732] (Insect King Snosi,ebf6c010-44e4-4e71-8bdf-a3ac6d7acd9d) ???158901;????45734/807000
[2026-06-14 02:39:09,732] =========[?????]?????END??(Fireball)


[2026-06-14 02:39:10,297] ????????[d1806f2b-c67b-4e48-8e65-e94548e56e23]->[ebf6c010-44e4-4e71-8bdf-a3ac6d7acd9d],?????[8]
[2026-06-14 02:39:10,297] ??????????[????,d1806f2b-c67b-4e48-8e65-e94548e56e23]->[Insect King Snosi,ebf6c010-44e4-4e71-8bdf-a3ac6d7acd9d],?????[8]

[2026-06-14 02:39:10,297] >>>>>[????]?????BEGIN??(Wind Bead), ??=AoE ATK, targets Ranged AoE, dealing|C:0x34E22C&T:80%+{0}|T:Magic Damage, ???Insect King Snosi, ?????2
[2026-06-14 02:39:10,297] >>>>>[????]?????(Insect King Snosi), ????[13,9]; ????[15,10]
[2026-06-14 02:39:10,297] ?????????1
[2026-06-14 02:39:10,297] >>>>???(????) -> (Insect King Snosi) ?????80, ?????8100, ?????1, ??XP???false
[2026-06-14 02:39:10,297] ?????????(BUFF?)?hit:60,crit:288,critInjure:610,dodge:15,ignoreCrit:0,ignoreCritInjure:0,critBoss:250,critInjureBoss:0
[2026-06-14 02:39:10,297] ?????????(BUFF?)?hit:0,crit:0,critInjure:0,dodge:0,ignoreCrit:0,ignoreCritInjure:0,critBoss:0,critInjureBoss:0
[2026-06-14 02:39:10,297] ?????????(BUFF?)?hit:60,crit:288,critInjure:610,dodge:15,ignoreCrit:0,ignoreCritInjure:0,critBoss:250,critInjureBoss:0
[2026-06-14 02:39:10,297] ?????????(BUFF?)?hit:0,crit:0,critInjure:0,dodge:0,ignoreCrit:0,ignoreCritInjure:0,critBoss:0,critInjureBoss:0
[2026-06-14 02:39:10,297] ?????????(BUFF?)?maxPAtk:537036,maxPDef:320573,maxMDef:292686,ignorePDef:923,ignoreMDef:1836,injureAdd:0,injureIgnore:1000,injureAddBoss:100
[2026-06-14 02:39:10,297] ?????????(BUFF?)?maxPAtk:8146,maxPDef:1614,maxMDef:1614,ignorePDef:0,ignoreMDef:0,injureAdd:0,injureIgnore:0,injureAddBoss:0
[2026-06-14 02:39:10,297] ?????????(BUFF?)?maxPAtk:537036,maxPDef:320573,maxMDef:292686,ignorePDef:923,ignoreMDef:1836,injureAdd:0,injureIgnore:1000,injureAddBoss:100
[2026-06-14 02:39:10,297] ?????????(BUFF?)?maxPAtk:8146,maxPDef:1614,maxMDef:1614,ignorePDef:0,ignoreMDef:0,injureAdd:0,injureIgnore:0,injureAddBoss:0
[2026-06-14 02:39:10,297] ?????442024
[2026-06-14 02:39:10,297] ??????BUFF???442024
[2026-06-14 02:39:10,297] (Insect King Snosi,ebf6c010-44e4-4e71-8bdf-a3ac6d7acd9d) ???442024;????0/807000
[2026-06-14 02:39:10,297] ???(????,d1806f2b-c67b-4e48-8e65-e94548e56e23) ??????: objectId=ebf6c010-44e4-4e71-8bdf-a3ac6d7acd9d,status=0
[2026-06-14 02:39:10,299] (Insect King Snosi,ebf6c010-44e4-4e71-8bdf-a3ac6d7acd9d) ?????1781375950298
[2026-06-14 02:39:10,299] =========[????]?????END??(Wind Bead)

